"cl-rfile"
"Time Step" "cl etc.."
("Time Step" "cl" "flow-time")
0 0 0
1 4.205744094810823 0.01
2 2.528344243416999 0.02
3 0.7897114749675189 0.03
4 1.462645973352231 0.04
5 1.759450028190147 0.05
6 2.188120195673754 0.06
7 2.690893518960857 0.07000000000000001
8 2.935483326295548 0.08
9 2.990370306491728 0.09
10 3.3795691345857 0.1
11 3.279602785321699 0.11
12 3.636199266503427 0.12
13 3.592543289746011 0.13
14 3.572788882689507 0.14
15 3.675564921721508 0.15
16 3.657245768526579 0.16
17 3.65696363990465 0.17
18 3.820593621981912 0.18
19 3.819628501869402 0.19
20 4.027887202321669 0.2
21 3.884461957765172 0.21
22 3.849050999619937 0.22
23 3.8591303493743 0.23
24 3.876023345854946 0.24
25 4.017767872140367 0.25
26 4.200467985677451 0.26
27 4.272856991752594 0.27
28 4.392112986585801 0.28
29 4.414375866481201 0.29
30 4.542725898231193 0.3
31 4.553603890331386 0.31
32 4.621708785041359 0.32
33 4.677310002293513 0.33
34 4.738468007502453 0.34
35 4.789316045558584 0.35
36 4.961662087965348 0.36
37 5.195262153679576 0.37
38 5.2927665449046 0.38
39 5.351365908593825 0.39
40 5.389041202793477 0.4
41 5.548256981102775 0.41
42 5.623064942630919 0.42
43 5.718522963596096 0.43
44 5.773533412104531 0.44
45 5.800008595688889 0.45
46 5.703752892898488 0.46
47 5.691917755279229 0.47
48 5.693474709953819 0.48
49 5.797638444210855 0.49
50 5.969796482505973 0.5
51 6.081371400079339 0.51
52 6.15449579432384 0.52
53 6.199792832968523 0.53
54 6.216009626960123 0.54
55 6.270145879513514 0.55
56 6.380291070138755 0.5600000000000001
57 6.47678257099719 0.5700000000000001
58 6.460841610775625 0.58
59 6.453126958509544 0.59
60 6.731369505468852 0.6
61 6.734879376952412 0.61
62 6.61133865259256 0.62
63 6.624408644777661 0.63
64 6.727711123567478 0.64
65 6.982622661261224 0.65
66 7.112248113983386 0.66
67 7.158888225024955 0.67
68 6.961169792952875 0.68
69 6.794278855688117 0.6900000000000001
70 6.746971502862053 0.7000000000000001
71 6.909975846650894 0.71
72 7.175376334652257 0.72
73 7.334808418771579 0.73
74 7.284876320509253 0.74
75 7.121889835101926 0.75
76 6.962084455416369 0.76
77 6.881695235912282 0.77
78 7.046127061302215 0.78
79 7.234869953710353 0.79
80 7.349742384141258 0.8
81 7.246599555210365 0.8100000000000001
82 7.081519352873898 0.8200000000000001
83 6.895239482414692 0.8300000000000001
84 6.938605881095583 0.84
85 7.116646637205922 0.85
86 7.284451162024207 0.86
87 7.206162649431648 0.87
88 7.165392204753711 0.88
89 7.050532492626554 0.89
90 7.068428561835164 0.9
91 7.141621830126972 0.91
92 7.241058379479574 0.92
93 7.325359679045172 0.93
94 7.198748111748772 0.9400000000000001
95 7.292401285286067 0.9500000000000001
96 7.37483455018334 0.96
97 7.419793967621753 0.97
98 7.420171497518464 0.98
99 7.402869194841892 0.99
100 7.329611814821858 1
101 7.40066883002044 1.01
102 7.508807544116477 1.02
103 7.627564010195426 1.03
104 7.692783185541018 1.04
105 7.719212037484475 1.05
106 7.706934241385818 1.06
107 7.735837837494623 1.07
108 7.753309545669856 1.08
109 7.730263457726057 1.09
110 7.780269415881211 1.1
111 7.804545958989058 1.11
112 7.833409341752179 1.12
113 7.933432407834304 1.13
114 7.964162593142805 1.14
115 7.952864507902627 1.15
116 7.88057140812029 1.16
117 7.863793009280224 1.17
118 7.861984355286364 1.18
119 7.85041035256118 1.19
120 7.814094490347503 1.2
121 7.774269953780055 1.21
122 7.782840127918797 1.22
123 7.802929552120703 1.23
124 7.810597814815258 1.24
125 7.816828585141005 1.25
126 7.804914768358476 1.26
127 7.745639251034314 1.27
128 7.68751531761579 1.28
129 7.651249827592976 1.29
130 7.587389606036445 1.3
131 7.592861309903978 1.31
132 7.604709734948393 1.32
133 7.592450984516894 1.33
134 7.576907857974682 1.34
135 7.518822895990742 1.35
136 7.529751459782057 1.36
137 7.486027495163966 1.37
138 7.40385427979808 1.38
139 7.367532687790794 1.39
140 7.363471088254608 1.4
141 7.389285929542487 1.41
142 7.381841386015577 1.42
143 7.352529428077046 1.43
144 7.287901746353066 1.44
145 7.266065636873671 1.45
146 7.258012016412818 1.46
147 7.23284550976148 1.47
148 7.194745876498422 1.48
149 7.213293765023179 1.49
150 7.237909540092817 1.5
151 7.175579729252076 1.51
152 7.084059734842723 1.52
153 7.072615391431371 1.53
154 7.079916188141385 1.54
155 7.066251562972967 1.55
156 7.035760249088399 1.56
157 7.048706718423588 1.57
158 7.031546392376756 1.58
159 7.026226193805377 1.59
160 6.910657487565102 1.6
161 6.899287607794388 1.61
162 6.926457359544409 1.62
163 6.957088091780613 1.63
164 6.924600563721421 1.64
165 6.873366145291323 1.65
166 6.844124806699407 1.66
167 6.877715543013439 1.67
168 6.863219202370111 1.68
169 6.815201291875153 1.69
170 6.784702232926692 1.7
171 6.751705253832343 1.71
172 6.752241611492959 1.72
173 6.759581878397102 1.73
174 6.746736322197841 1.74
175 6.728059887735288 1.75
176 6.714324710194036 1.76
177 6.712225358801164 1.77
178 6.684991565670281 1.78
179 6.68686155769588 1.79
180 6.669057006554774 1.8
181 6.663263253660856 1.81
182 6.648144576666246 1.82
183 6.621511869344263 1.83
184 6.62756709010388 1.84
185 6.606388780010503 1.85
186 6.587355734073134 1.86
187 6.572411354430828 1.87
188 6.560369052757435 1.88
189 6.580152836311292 1.89
190 6.558343732505576 1.9
191 6.545345964950918 1.91
192 6.533049365150439 1.92
193 6.529885968111291 1.93
194 6.534010550995924 1.94
195 6.505137742269786 1.95
196 6.50006337699442 1.96
197 6.487995173753392 1.97
198 6.522368040692218 1.98
199 6.490692510357848 1.99
200 6.484101954249774 2
201 6.47038853926736 2.01
202 6.446309668187364 2.02
203 6.463737553854449 2.03
204 6.458679836864815 2.04
205 6.472139132557949 2.05
206 6.467883976824601 2.06
207 6.446149834883593 2.07
208 6.437612495541978 2.08
209 6.424009967692959 2.09
210 6.43331252735948 2.1
211 6.440724682517641 2.11
212 6.433402105030539 2.12
213 6.430088716714446 2.13
214 6.401581810605198 2.14
215 6.417265481807678 2.15
216 6.411435741634397 2.16
217 6.404167776509025 2.17
218 6.401669971808735 2.18
219 6.374507559098466 2.19
220 6.37130447953535 2.2
221 6.364861060895718 2.21
222 6.392896053519963 2.22
223 6.379554884781036 2.23
224 6.362017319459484 2.24
225 6.366289212503778 2.25
226 6.352180934381896 2.26
227 6.349496628182231 2.27
228 6.33285621219722 2.28
229 6.327877119791573 2.29
230 6.350061920503511 2.3
231 6.328580826501189 2.31
232 6.331448496771895 2.32
233 6.30873015810762 2.33
234 6.308212253857044 2.34
235 6.285217380403155 2.35
236 6.294019276771174 2.36
237 6.284192628326652 2.37
238 6.284786791175123 2.38
239 6.296097867158642 2.39
240 6.272676952946245 2.4
241 6.273920495840539 2.41
242 6.280505476196287 2.42
243 6.273340700483372 2.43
244 6.298176102615007 2.44
245 6.291745581083086 2.45
246 6.307949849202616 2.46
247 6.304564592538742 2.47
248 6.293522431959293 2.48
249 6.304086689730881 2.49
250 6.284255461343479 2.5
251 6.322455442962186 2.51
252 6.351609270221224 2.52
253 6.363203674557464 2.53
254 6.38960723396367 2.54
255 6.390735742963149 2.55
256 6.412971194376168 2.56
257 6.412757064146899 2.57
258 6.420765180569234 2.58
259 6.439459826083906 2.59
260 6.461756998817904 2.6
261 6.486052900274351 2.61
262 6.50195743126107 2.62
263 6.51601988959032 2.63
264 6.537972940945958 2.64
265 6.525955300326842 2.65
266 6.549494989337302 2.66
267 6.557398266876516 2.67
268 6.602221229636691 2.68
269 6.6249923537672 2.69
270 6.652703699074974 2.7
271 6.671011257737869 2.71
272 6.670111711220589 2.72
273 6.717188843268196 2.73
274 6.7286134498278 2.74
275 6.738642225329701 2.75
276 6.761897111609239 2.76
277 6.759903016296249 2.77
278 6.805571610874178 2.78
279 6.833572198001057 2.79
280 6.833770394401748 2.8
281 6.861356285617839 2.81
282 6.882147210647994 2.82
283 6.90382605296937 2.83
284 6.90722441686027 2.84
285 6.933200881331886 2.85
286 6.94980928957557 2.86
287 6.966748955486013 2.87
288 6.980244652023579 2.88
289 6.998223434120872 2.89
290 7.017891381394914 2.9
291 7.046457867657363 2.91
292 7.037498785898897 2.92
293 7.042942084438253 2.93
294 7.049038436750143 2.94
295 7.057601971274216 2.95
296 7.050823553816246 2.96
297 7.063240037911021 2.97
298 7.088886820891087 2.98
299 7.104559997655888 2.99
300 7.125729162264081 3
301 7.106540786408484 3.01
302 7.117587385458582 3.02
303 7.127063109260955 3.03
304 7.122895322275729 3.04
305 7.090783452168654 3.05
306 7.125430186974248 3.06
307 7.096695855229911 3.07
308 7.103747213929597 3.08
309 7.104222474421541 3.09
310 7.111570281307204 3.1
311 7.090481080640989 3.11
312 7.083308780345198 3.12
313 7.073763951367227 3.13
314 7.047857870132121 3.14
315 7.08221976848789 3.15
316 7.106463242892502 3.16
317 7.087595607182219 3.17
318 7.069644655665452 3.18
319 7.061356714395382 3.19
320 7.053384559568504 3.2
321 7.021088020010374 3.21
322 6.991563245830823 3.22
323 6.984560767023799 3.23
324 6.956942976826731 3.24
325 6.956825165500803 3.25
326 6.960728352269831 3.26
327 6.954188796853854 3.27
328 7.008411414724198 3.28
329 7.01850863232852 3.29
330 7.025660885891977 3.3
331 7.017649973105792 3.31
332 7.014552592278971 3.32
333 7.004517054081784 3.33
334 7.007323432592543 3.34
335 6.992606486075784 3.35
336 7.019052270623468 3.36
337 6.975641969927741 3.37
338 6.989902523724931 3.38
339 6.983309174321981 3.39
340 6.940552126773324 3.4
341 6.936576919039928 3.41
342 6.996375735761452 3.42
343 6.961739401021668 3.43
344 6.976505256494273 3.44
345 6.950103166922506 3.45
346 6.940607828746235 3.46
347 6.996161246249892 3.47
348 6.935528912689239 3.48
349 6.946560754607721 3.49
350 6.933738588797684 3.5
351 6.960880097593531 3.51
352 6.989686569647221 3.52
353 6.958800787253451 3.53
354 6.991178983373803 3.54
355 6.977578917365277 3.55
356 6.979722265047192 3.56
357 6.964891363966704 3.57
358 6.972476364329564 3.58
359 7.003735114043178 3.59
360 7.058091296357611 3.6
361 7.08654739997698 3.61
362 7.065052488438994 3.62
363 7.027268884387463 3.63
364 7.033970907079187 3.64
365 7.101615528275596 3.65
366 7.147933554437978 3.66
367 7.139552629405848 3.67
368 7.118708604236625 3.68
369 7.13206719858932 3.69
370 7.178991735791953 3.7
371 7.203848039555995 3.71
372 7.243974962871631 3.72
373 7.265967130241661 3.73
374 7.2726355125112 3.74
375 7.303181482055995 3.75
376 7.339995974246897 3.76
377 7.34049624564401 3.77
378 7.353434916136575 3.78
379 7.361447576492202 3.79
380 7.386711935028461 3.8
381 7.40165105269651 3.81
382 7.435990945775583 3.82
383 7.497828954422787 3.83
384 7.512898454507923 3.84
385 7.553930210681529 3.85
386 7.550880522541383 3.86
387 7.585031693167159 3.87
388 7.615758386252979 3.88
389 7.668930427757426 3.89
390 7.684538687032475 3.9
391 7.684067201301881 3.91
392 7.690362922056279 3.92
393 7.719918701251094 3.93
394 7.786260509308923 3.94
395 7.85748770061797 3.95
396 7.864306755748562 3.96
397 7.852628842522702 3.97
398 7.814440912139097 3.98
399 7.776434561979353 3.99
400 7.784000772884419 4
401 7.8363876759725 4.01
402 7.861602044936171 4.02
403 7.871573411816224 4.03
404 7.890496560657897 4.04
405 7.924952457266732 4.05
406 7.969176355971147 4.06
407 7.986069299716312 4.07
408 7.991019295184399 4.08
409 7.956710701752645 4.09
410 7.857572623167358 4.1
411 7.847357790487197 4.11
412 7.85578597838009 4.12
413 7.88567461711384 4.13
414 7.880020888476073 4.14
415 7.872902811986227 4.15
416 7.870038870803746 4.16
417 7.864583546392875 4.17
418 7.925870452387339 4.18
419 7.927895369892765 4.19
420 7.925455112011562 4.2
421 7.867339614420405 4.21
422 7.764008544487545 4.22
423 7.751783373913737 4.23
424 7.755634349087026 4.24
425 7.804791961385403 4.25
426 7.826805721326988 4.26
427 7.786292212688446 4.27
428 7.721776572467088 4.28
429 7.662577916722512 4.29
430 7.671668652051999 4.3
431 7.693504462307106 4.31
432 7.719417479676319 4.32
433 7.732312599165114 4.33
434 7.731288989995346 4.34
435 7.637709852235595 4.350000000000001
436 7.575879554724766 4.36
437 7.573767913624094 4.37
438 7.560835295856713 4.38
439 7.623590769110364 4.39
440 7.650183607138613 4.4
441 7.599272149037892 4.41
442 7.570748217311508 4.42
443 7.501695128677544 4.43
444 7.50104010198363 4.44
445 7.490534892015061 4.45
446 7.511542020799539 4.46
447 7.53638171185449 4.47
448 7.512148268473056 4.48
449 7.521344260153685 4.49
450 7.477734521288225 4.5
451 7.414800460087439 4.51
452 7.441710012673807 4.52
453 7.446635443527929 4.53
454 7.471745202394306 4.54
455 7.463978093311487 4.55
456 7.494089306387094 4.56
457 7.453323062862523 4.57
458 7.459050763693379 4.58
459 7.426226821911547 4.59
460 7.39781267593794 4.600000000000001
461 7.364109635140956 4.61
462 7.355603067083597 4.62
463 7.37494202132858 4.63
464 7.386290318617063 4.64
465 7.40593228722429 4.65
466 7.429365131386497 4.66
467 7.397260197333773 4.67
468 7.39576359537439 4.68
469 7.320567686865482 4.69
470 7.296348936554835 4.7
471 7.306782362870072 4.71
472 7.302125746779343 4.72
473 7.323963369532001 4.73
474 7.335303900018218 4.74
475 7.347366471554839 4.75
476 7.338612413170995 4.76
477 7.30600921535278 4.77
478 7.301383839253577 4.78
479 7.227778920383495 4.79
480 7.213679408618864 4.8
481 7.156789883349467 4.81
482 7.173333870049987 4.82
483 7.205661299394368 4.83
484 7.229662082341355 4.84
485 7.241424635038759 4.850000000000001
486 7.283420187205688 4.86
487 7.239514653983242 4.87
488 7.183482075038967 4.88
489 7.167586406775178 4.89
490 7.084877417801564 4.9
491 7.053443351666201 4.91
492 7.068563221705229 4.92
493 7.033136622153354 4.93
494 7.039545134524234 4.94
495 7.035846597220005 4.95
496 7.056339197421282 4.96
497 7.041123523074566 4.97
498 7.036187070242693 4.98
499 6.981963549250034 4.99
500 6.845651985402355 5
501 6.873887084288696 5.01
502 6.931711792489974 5.02
503 6.937225927787673 5.03
504 6.976044121560822 5.04
505 6.910670416419748 5.05
506 6.893694041926585 5.06
507 6.8467195493799 5.07
508 6.750260453519245 5.08
509 6.754463155577285 5.09
510 6.708656759484666 5.100000000000001
511 6.733792233272442 5.11
512 6.755777291850524 5.12
513 6.756806253597979 5.13
514 6.773353764890969 5.14
515 6.718766596252708 5.15
516 6.700808355434652 5.16
517 6.697150971808384 5.17
518 6.680558698972789 5.18
519 6.676074115208622 5.19
520 6.666163325412432 5.2
521 6.625518380896008 5.21
522 6.584020224190994 5.22
523 6.554300283017528 5.23
524 6.544066182302845 5.24
525 6.531497374453913 5.25
526 6.514979812232686 5.26
527 6.495069076164886 5.27
528 6.477008846620619 5.28
529 6.452167432221058 5.29
530 6.440782224285293 5.3
531 6.413887505529625 5.31
532 6.417545246747054 5.32
533 6.396889057451738 5.33
534 6.387065618425261 5.34
535 6.376111931195106 5.350000000000001
536 6.361546140959697 5.36
537 6.33076191835736 5.37
538 6.335151883689348 5.38
539 6.355585640845645 5.39
540 6.303047866936227 5.4
541 6.264536444382289 5.41
542 6.269571391982629 5.42
543 6.279283942573111 5.43
544 6.278750145180487 5.44
545 6.280820922592176 5.45
546 6.241703875866157 5.46
547 6.237300708425317 5.47
548 6.208207307234931 5.48
549 6.219082222927688 5.49
550 6.223942299490623 5.5
551 6.226744277774975 5.51
552 6.224265217198467 5.52
553 6.194100284413165 5.53
554 6.163796235882381 5.54
555 6.147628016307171 5.55
556 6.124657555121974 5.56
557 6.1465506052698 5.57
558 6.165666042868888 5.58
559 6.184846084413227 5.59
560 6.19745660740832 5.600000000000001
561 6.201021877598079 5.61
562 6.185441491522188 5.62
563 6.165444051752968 5.63
564 6.14992813924766 5.64
565 6.120809347813605 5.65
566 6.123645475197361 5.66
567 6.131046398729447 5.67
568 6.161439201914787 5.68
569 6.158594691940297 5.69
570 6.143541406199423 5.7
571 6.122395769714292 5.71
572 6.082507870953504 5.72
573 6.097571820968566 5.73
574 6.133866966176731 5.74
575 6.151116312958475 5.75
576 6.182471769115775 5.76
577 6.144198273570526 5.77
578 6.171092886178761 5.78
579 6.133892613344349 5.79
580 6.150124050709807 5.8
581 6.164623823483557 5.81
582 6.159111076765857 5.82
583 6.174900083650432 5.83
584 6.174134886865287 5.84
585 6.190233624347934 5.850000000000001
586 6.198842561722821 5.86
587 6.200071217554028 5.87
588 6.22731439166831 5.88
589 6.192449709768503 5.89
590 6.231808087005583 5.9
591 6.231181733614449 5.91
592 6.245289024644146 5.92
593 6.249417512123519 5.93
594 6.252821357930633 5.94
595 6.24211803136481 5.95
596 6.234819465012644 5.96
597 6.24299682100567 5.97
598 6.272403372745373 5.98
599 6.263749576330873 5.99
600 6.289590701032606 6
601 6.279291627818973 6.01
602 6.301134334125424 6.02
603 6.296612226789927 6.03
604 6.296778537211899 6.04
605 6.299760432627892 6.05
606 6.309754985398467 6.06
607 6.342574338978869 6.07
608 6.332947659027563 6.08
609 6.328893155922132 6.09
610 6.345566017792312 6.100000000000001
611 6.357867502553038 6.11
612 6.367303073426013 6.12
613 6.376003544040718 6.13
614 6.388938495914539 6.140000000000001
615 6.391929256158514 6.15
616 6.411408747866822 6.16
617 6.408578256031913 6.17
618 6.404469412544276 6.18
619 6.428373228089815 6.19
620 6.419655453591843 6.2
621 6.435507060391518 6.21
622 6.446858223650356 6.22
623 6.454484381011263 6.23
624 6.487344299744736 6.24
625 6.492024291885878 6.25
626 6.502955804800569 6.26
627 6.506038941911967 6.27
628 6.519936440698806 6.28
629 6.556821720245629 6.29
630 6.547137368552892 6.3
631 6.567424449036746 6.31
632 6.558473054432575 6.32
633 6.562330213248196 6.33
634 6.564521836375872 6.34
635 6.582239705090345 6.350000000000001
636 6.613664699614247 6.36
637 6.604273052821954 6.37
638 6.629828826400345 6.38
639 6.641532012975923 6.390000000000001
640 6.650830881165983 6.4
641 6.664531314358854 6.41
642 6.675007302829047 6.42
643 6.688449610710395 6.43
644 6.688567944296058 6.44
645 6.68112934345614 6.45
646 6.67851462916718 6.46
647 6.688787418356066 6.47
648 6.695238985791383 6.48
649 6.689187741598 6.49
650 6.725798637795442 6.5
651 6.7424058722065 6.51
652 6.746846358551702 6.52
653 6.720825606383705 6.53
654 6.702809846558489 6.54
655 6.691942422057741 6.55
656 6.703510605797933 6.56
657 6.722833222448255 6.57
658 6.746779943395441 6.58
659 6.739906535735586 6.59
660 6.71887988973145 6.600000000000001
661 6.707645965939759 6.61
662 6.708482967905648 6.62
663 6.709739746090355 6.63
664 6.694060697026573 6.640000000000001
665 6.719577849253107 6.65
666 6.714916976466507 6.66
667 6.707902665133466 6.67
668 6.693524264316521 6.68
669 6.729715909889498 6.69
670 6.740598886556681 6.7
671 6.713267255384642 6.71
672 6.699315690397397 6.72
673 6.687979677928212 6.73
674 6.705879258996667 6.74
675 6.726484842921253 6.75
676 6.705346785048668 6.76
677 6.703974524730954 6.77
678 6.659060623759223 6.78
679 6.7020847511893 6.79
680 6.699360698319492 6.8
681 6.713018648652175 6.81
682 6.705272170998209 6.82
683 6.714015916391599 6.83
684 6.750292987035064 6.84
685 6.703925729365787 6.850000000000001
686 6.743618104233843 6.86
687 6.787273396486999 6.87
688 6.814242415177414 6.88
689 6.800971255098267 6.890000000000001
690 6.80120039430318 6.9
691 6.82782590426888 6.91
692 6.791303088934581 6.92
693 6.857243895556239 6.93
694 6.888056926245017 6.94
695 6.834227467611237 6.95
696 6.83955147443859 6.96
697 6.83638447843815 6.97
698 6.83522768639941 6.98
699 6.861997208439792 6.99
700 6.885974601308885 7
701 6.855202443923808 7.01
702 6.82563609352052 7.02
703 6.861169125312014 7.03
704 6.848131368844801 7.04
705 6.86807221308519 7.05
706 6.894742127542751 7.06
707 6.907975905885929 7.07
708 6.898787306302834 7.08
709 6.901956994372851 7.09
710 6.950378898711382 7.100000000000001
711 6.934733044401202 7.11
712 6.916905692777431 7.12
713 6.941911074981652 7.13
714 6.937918483569896 7.140000000000001
715 6.938092730168484 7.15
716 7.002298398530955 7.16
717 7.038956009708085 7.17
718 7.076744805136207 7.18
719 7.100086743239239 7.19
720 7.100001234988657 7.2
721 7.10629336210844 7.21
722 7.099775660517416 7.22
723 7.165068476657789 7.23
724 7.198748802155185 7.24
725 7.226042306626096 7.25
726 7.248395224015091 7.26
727 7.259425196212083 7.27
728 7.268627182887932 7.28
729 7.360711995968352 7.29
730 7.373620817274609 7.3
731 7.420561962852468 7.31
732 7.458522485099341 7.32
733 7.509419920941142 7.33
734 7.550798159720855 7.34
735 7.512886533755727 7.350000000000001
736 7.555207819661224 7.36
737 7.604415052793573 7.37
738 7.649508766915234 7.38
739 7.649693673149878 7.390000000000001
740 7.679027369995112 7.4
741 7.758187551199558 7.41
742 7.841878230773027 7.42
743 7.859549327901251 7.43
744 7.857291960327874 7.44
745 7.873659778723908 7.45
746 7.901970515978751 7.46
747 7.962613448723506 7.47
748 8.006143726724 7.48
749 8.024649381864448 7.49
750 8.015337907738731 7.5
751 8.044209033426794 7.51
752 8.112106757092905 7.52
753 8.127841233245569 7.53
754 8.110933736719979 7.54
755 8.113967992266915 7.55
756 8.066607733735637 7.56
757 8.009910835736198 7.57
758 8.070083886928352 7.58
759 8.110794153441367 7.59
760 8.151127135271134 7.600000000000001
761 8.134291816298241 7.61
762 8.147938044135291 7.62
763 8.16236286726267 7.63
764 8.182208282974441 7.640000000000001
765 8.188216043934728 7.65
766 8.176426976214023 7.66
767 8.119571951713827 7.67
768 8.06057444157724 7.68
769 8.091094450410706 7.69
770 8.097133416222961 7.7
771 8.10622257283422 7.71
772 8.101741488973152 7.72
773 8.126161952849831 7.73
774 8.121100183976147 7.74
775 8.083287621691639 7.75
776 8.129022772506241 7.76
777 8.103067968099046 7.77
778 8.048078754040839 7.78
779 8.058799752346465 7.79
780 8.000719785293633 7.8
781 8.007068230865411 7.81
782 8.040601037304931 7.82
783 8.05936899475323 7.83
784 8.091479220076497 7.84
785 8.04593509654323 7.850000000000001
786 7.996805077033581 7.86
787 7.962921816359937 7.87
788 7.944287746790288 7.88
789 7.989014984032892 7.890000000000001
790 8.026049437236791 7.9
791 8.015960203451598 7.91
792 8.0356160260362 7.92
793 8.008262700605739 7.930000000000001
794 7.952497162559617 7.94
795 7.941651412721545 7.95
796 7.951475960605952 7.96
797 7.971402920844606 7.97
798 7.988741427176074 7.98
799 7.995039877310489 7.99
800 8.018750148015714 8
801 8.009224738397092 8.01
802 7.985406485292541 8.02
803 7.970298019780889 8.029999999999999
804 7.947500839643755 8.040000000000001
805 7.972558942209803 8.050000000000001
806 7.96572471317408 8.06
807 7.977473250235302 8.07
808 7.962528637303106 8.08
809 7.946502137958687 8.09
810 7.958032540767705 8.1
811 7.940598165697581 8.109999999999999
812 7.956491544539756 8.120000000000001
813 7.9463710852697 8.130000000000001
814 7.975887942722126 8.140000000000001
815 7.995771299359647 8.15
816 7.943686318577342 8.16
817 7.944270216355976 8.17
818 7.922164206091208 8.18
819 7.925149387756765 8.19
820 7.938529314201142 8.199999999999999
821 7.9180208473414 8.210000000000001
822 7.928786766148134 8.220000000000001
823 7.930617927096551 8.23
824 7.993105064392616 8.24
825 7.973138693779113 8.25
826 7.920138091266423 8.26
827 7.878783419551029 8.27
828 7.912561628241138 8.279999999999999
829 7.868076931607698 8.290000000000001
830 7.822860716829901 8.300000000000001
831 7.857399703363602 8.31
832 7.805394669345334 8.32
833 7.877912311386645 8.33
834 7.917591048831726 8.34
835 7.878639154532278 8.35
836 7.89281988608617 8.359999999999999
837 7.837363727221515 8.370000000000001
838 7.790087547344542 8.380000000000001
839 7.777355805658584 8.390000000000001
840 7.730463183739802 8.4
841 7.713084088514171 8.41
842 7.731266441522353 8.42
843 7.793957341370791 8.43
844 7.799104867612884 8.44
845 7.814105875486614 8.449999999999999
846 7.801268728738711 8.460000000000001
847 7.814166876183929 8.470000000000001
848 7.774819722904807 8.48
849 7.701868003588448 8.49
850 7.713950661014006 8.5
851 7.659216426859662 8.51
852 7.654337320705006 8.52
853 7.641739380814842 8.529999999999999
854 7.637654946515378 8.540000000000001
855 7.642136145021635 8.550000000000001
856 7.635872981157987 8.56
857 7.620492871034277 8.57
858 7.640499910635022 8.58
859 7.619949457341864 8.59
860 7.600041621548945 8.6
861 7.563779364338783 8.609999999999999
862 7.552687662501601 8.620000000000001
863 7.549018476484029 8.630000000000001
864 7.52374604972186 8.640000000000001
865 7.4773818542929 8.65
866 7.38113191406796 8.66
867 7.337276299583876 8.67
868 7.335488168535732 8.68
869 7.348663945291993 8.69
870 7.371835737847719 8.700000000000001
871 7.344885308210351 8.710000000000001
872 7.372916343171083 8.720000000000001
873 7.324521752014562 8.73
874 7.334227516048112 8.74
875 7.28348602920313 8.75
876 7.230465305356255 8.76
877 7.215929758201514 8.77
878 7.165127527493748 8.779999999999999
879 7.193653272149989 8.790000000000001
880 7.22816724612192 8.800000000000001
881 7.211378931360244 8.81
882 7.146314983759121 8.82
883 7.026205407285429 8.83
884 6.998070585871278 8.84
885 7.022921262200391 8.85
886 7.018533015125273 8.859999999999999
887 7.05846818421057 8.870000000000001
888 6.90770065345087 8.880000000000001
889 6.876989847411544 8.890000000000001
890 6.829026871304886 8.9
891 6.868737562746464 8.91
892 6.775069315048381 8.92
893 6.776996948490247 8.93
894 6.813589230665815 8.94
895 6.821435853215538 8.950000000000001
896 6.773508114262141 8.960000000000001
897 6.777949064853594 8.970000000000001
898 6.669011170767692 8.98
899 6.669373311079899 8.99
900 6.566684773140097 9
901 6.564631747713879 9.01
902 6.569785550198989 9.02
903 6.578026855748861 9.029999999999999
904 6.529139766576567 9.040000000000001
905 6.494698710641122 9.050000000000001
906 6.446303397765752 9.06
907 6.427118194554355 9.07
908 6.424856157890333 9.08
909 6.364901592008022 9.09
910 6.361871285601879 9.1
911 6.311132916911936 9.109999999999999
912 6.294346214169093 9.120000000000001
913 6.281843828052628 9.130000000000001
914 6.269060415478379 9.140000000000001
915 6.242845880022817 9.15
916 6.195692804545486 9.16
917 6.173680230373101 9.17
918 6.134318081680117 9.18
919 6.121469464957938 9.19
920 6.118992959674991 9.200000000000001
921 6.110037197936947 9.210000000000001
922 6.111265844952974 9.220000000000001
923 6.076700655587968 9.23
924 6.062612730904097 9.24
925 6.037570079343454 9.25
926 6.037350156326746 9.26
927 6.052677175143565 9.27
928 6.010692087920834 9.279999999999999
929 6.029146425047544 9.290000000000001
930 5.99138559369951 9.300000000000001
931 5.997294409225255 9.31
932 5.97386493007801 9.32
933 5.978028954090262 9.33
934 6.007871749178011 9.34
935 5.976598654194925 9.35
936 5.995770306692004 9.359999999999999
937 6.003246195369823 9.370000000000001
938 6.004833199924316 9.380000000000001
939 6.001865943212442 9.390000000000001
940 5.963632715120359 9.4
941 5.981080881357919 9.41
942 5.960703283047155 9.42
943 5.970370755044834 9.43
944 6.019354373811526 9.44
945 6.019586131133545 9.450000000000001
946 6.026087622102985 9.460000000000001
947 6.018713023502322 9.470000000000001
948 6.045996387381201 9.48
949 6.016120870441449 9.49
950 6.020820249521252 9.5
951 6.027125627489843 9.51
952 6.03093879858903 9.52
953 6.040130815191015 9.529999999999999
954 6.026525354998541 9.540000000000001
955 6.039806619253974 9.550000000000001
956 6.027196456033112 9.56
957 6.04994642042628 9.57
958 6.064884366659273 9.58
959 6.024372046840049 9.59
960 6.064425362171382 9.6
961 6.048884636719575 9.609999999999999
962 6.080896717346407 9.620000000000001
963 6.091805027149655 9.630000000000001
964 6.10223535852393 9.640000000000001
965 6.149163719166634 9.65
966 6.065588862913359 9.66
967 6.057579453629853 9.67
968 6.097747744403046 9.68
969 6.128178937685915 9.69
970 6.132492938531608 9.700000000000001
971 6.109718395784337 9.710000000000001
972 6.093170230579081 9.720000000000001
973 6.083443435313377 9.73
974 6.141328056300456 9.74
975 6.166760250394438 9.75
976 6.176358644005599 9.76
977 6.211706248011442 9.77
978 6.175569671818736 9.779999999999999
979 6.159329781196701 9.790000000000001
980 6.163341202358819 9.800000000000001
981 6.179422900987495 9.81
982 6.247340558278672 9.82
983 6.234375546421846 9.83
984 6.239499080311603 9.84
985 6.231574331640416 9.85
986 6.246601568359233 9.859999999999999
987 6.271999684404618 9.870000000000001
988 6.26319950119072 9.880000000000001
989 6.297696927008019 9.890000000000001
990 6.306032455384242 9.9
991 6.300764397446019 9.91
992 6.31942119266375 9.92
993 6.316881009262865 9.93
994 6.323681185343287 9.94
995 6.334173168420229 9.950000000000001
996 6.370061857012539 9.960000000000001
997 6.389815674960028 9.970000000000001
998 6.36367138245434 9.98
999 6.382257098123659 9.99
1000 6.383935620284335 10
1001 6.402746452317652 10.01
1002 6.421064688770537 10.02
1003 6.438888920113774 10.03
1004 6.456217774830264 10.04
1005 6.47304991952098 10.05
1006 6.489384059006781 10.06
1007 6.505218936428072 10.07
1008 6.520553333342598 10.08
1009 6.535386069817791 10.09
1010 6.549716004522831 10.1
1011 6.563542034815288 10.11
1012 6.576863096827137 10.12
1013 6.589678165545373 10.13
1014 6.601986254892462 10.14
1015 6.613786417799814 10.15
1016 6.625077746283725 10.16
1017 6.635859371512923 10.17
1018 6.646130463875934 10.18
