"fd-rfile"
"Time Step" "fd etc.."
("Time Step" "fd" "flow-time")
0 0 0
1 179.6281536171434 0.01
2 2.101789720486479 0.02
3 0.8387202983002487 0.03
4 2.788024413044971 0.04
5 3.026358091851532 0.05
6 2.530964681282107 0.06
7 3.298391636278341 0.07000000000000001
8 2.991615157110475 0.08
9 2.58162918740015 0.09
10 2.747888832640799 0.1
11 2.820258473462075 0.11
12 2.407213121095019 0.12
13 2.244029143966958 0.13
14 2.149291427929805 0.14
15 2.222816201060964 0.15
16 1.966434755996162 0.16
17 1.981127054093851 0.17
18 1.795297599796722 0.18
19 1.868100938110953 0.19
20 1.857744974678614 0.2
21 2.037386759597934 0.21
22 2.012042851478854 0.22
23 2.016541087158997 0.23
24 2.133716656959951 0.24
25 2.339448307432471 0.25
26 2.363202192225242 0.26
27 2.573475396301096 0.27
28 2.642776848665799 0.28
29 2.725158552814357 0.29
30 2.696675102028634 0.3
31 2.831932215642131 0.31
32 2.897881507131588 0.32
33 2.864893382286019 0.33
34 2.875755238903167 0.34
35 2.834574315046066 0.35
36 2.780441510245045 0.36
37 2.778048189774762 0.37
38 2.832105944194267 0.38
39 2.830773563567261 0.39
40 2.707401169448441 0.4
41 2.624724982653886 0.41
42 2.697411037308849 0.42
43 2.605489051282131 0.43
44 2.613769286916459 0.44
45 2.644678475735291 0.45
46 2.687803462315946 0.46
47 2.63119946683955 0.47
48 2.688966226130155 0.48
49 2.83317537734623 0.49
50 2.944045955643908 0.5
51 3.154659112593138 0.51
52 3.394180535611599 0.52
53 3.552561396529667 0.53
54 3.7138707984353 0.54
55 3.849936864284411 0.55
56 3.966660704549274 0.5600000000000001
57 4.123416350030027 0.5700000000000001
58 4.295222044437141 0.58
59 4.376988719642397 0.59
60 4.353528121183484 0.6
61 4.507275306031996 0.61
62 4.462272399632851 0.62
63 4.404490028599657 0.63
64 4.309175073676107 0.64
65 4.28630862850205 0.65
66 4.282353189369414 0.66
67 4.20893338851101 0.67
68 4.105346213588014 0.68
69 3.896878028568176 0.6900000000000001
70 3.649025977081779 0.7000000000000001
71 3.510228956782357 0.71
72 3.45146656557219 0.72
73 3.356400469936599 0.73
74 3.22157662503309 0.74
75 3.076144516662773 0.75
76 2.876470772147689 0.76
77 2.65102178671795 0.77
78 2.507724298780318 0.78
79 2.438883043139783 0.79
80 2.371152975047533 0.8
81 2.276173263243922 0.8100000000000001
82 2.124068249496418 0.8200000000000001
83 1.938639222179976 0.8300000000000001
84 1.769094874948099 0.84
85 1.731274475332796 0.85
86 1.687619303793027 0.86
87 1.650574056759657 0.87
88 1.552294525725048 0.88
89 1.456740081067287 0.89
90 1.410325974582104 0.9
91 1.339872177938054 0.91
92 1.233231188043474 0.92
93 1.268413986187148 0.93
94 1.181643068185488 0.9400000000000001
95 1.078730711721431 0.9500000000000001
96 1.067233134201644 0.96
97 1.12961666807197 0.97
98 1.070759823690765 0.98
99 1.047075058581551 0.99
100 1.011628720678555 1
101 0.9655678805720015 1.01
102 0.9380584453774315 1.02
103 0.9705522785032248 1.03
104 0.9692248652217443 1.04
105 0.9644394396227094 1.05
106 0.9520848102443344 1.06
107 0.9257839343723407 1.07
108 0.9136734354006631 1.08
109 0.9615685069629618 1.09
110 0.9547480710200678 1.1
111 0.913138552253046 1.11
112 0.8820252438899973 1.12
113 0.8733458366899577 1.13
114 0.8515843963156239 1.14
115 0.8885738634028392 1.15
116 0.8569900805105187 1.16
117 0.8329340201442968 1.17
118 0.8009136811325194 1.18
119 0.7777470033676238 1.19
120 0.7493171970791759 1.2
121 0.6972744526706278 1.21
122 0.6969220747138594 1.22
123 0.6764704095046998 1.23
124 0.6666034865203647 1.24
125 0.6279996153370078 1.25
126 0.6026839823983378 1.26
127 0.6218652317473277 1.27
128 0.5623486275836108 1.28
129 0.530994858950253 1.29
130 0.4907771272495129 1.3
131 0.452575079987746 1.31
132 0.4613412887300838 1.32
133 0.4488441183206248 1.33
134 0.4589343227228814 1.34
135 0.4068243291455615 1.35
136 0.3944104236090968 1.36
137 0.3637777492398104 1.37
138 0.3481438874208036 1.38
139 0.370890719366387 1.39
140 0.3151706157074312 1.4
141 0.3395439017673149 1.41
142 0.3308888446907793 1.42
143 0.3236612308856572 1.43
144 0.325515881052049 1.44
145 0.3277129523412829 1.45
146 0.3291916470211012 1.46
147 0.310302465041727 1.47
148 0.3293447393810331 1.48
149 0.2914378689346905 1.49
150 0.3192354927178799 1.5
151 0.338198401461104 1.51
152 0.313543482713281 1.52
153 0.3307159887543246 1.53
154 0.3296426555605204 1.54
155 0.337559217988681 1.55
156 0.3244245689365212 1.56
157 0.326479725267485 1.57
158 0.3493095987629152 1.58
159 0.3213850233319911 1.59
160 0.3744837823668471 1.6
161 0.3618853387387841 1.61
162 0.3678916174003003 1.62
163 0.3684551507000084 1.63
164 0.3765564510667747 1.64
165 0.3689756452290044 1.65
166 0.3944408865708361 1.66
167 0.4064972597707431 1.67
168 0.4156156654290497 1.68
169 0.4234350996782438 1.69
170 0.4438000416695523 1.7
171 0.4371133925830429 1.71
172 0.4531173484929752 1.72
173 0.4530617916853091 1.73
174 0.4709745244146084 1.74
175 0.4777054456947205 1.75
176 0.4867294333996116 1.76
177 0.5046103606365447 1.77
178 0.5002701860519365 1.78
179 0.5140962677853299 1.79
180 0.5278258022090954 1.8
181 0.5322610372288797 1.81
182 0.5470422848494274 1.82
183 0.5666592834243321 1.83
184 0.5697006935059401 1.84
185 0.5873248898709562 1.85
186 0.5933035539926782 1.86
187 0.6107788261810398 1.87
188 0.6205734569301138 1.88
189 0.6273968283688902 1.89
190 0.6421756252427031 1.9
191 0.6492883922194868 1.91
192 0.6611828986839627 1.92
193 0.6822462168624742 1.93
194 0.6928048943780005 1.94
195 0.6962808406579322 1.95
196 0.7063081978424001 1.96
197 0.7279598329294085 1.97
198 0.731909807749628 1.98
199 0.7311089039987906 1.99
200 0.7616574475415154 2
201 0.7774314461519091 2.01
202 0.7833989169874208 2.02
203 0.7886088122143776 2.03
204 0.794297398764339 2.04
205 0.8027108480015275 2.05
206 0.8218126299942533 2.06
207 0.8295355399172627 2.07
208 0.8531816081954409 2.08
209 0.8571402972712019 2.09
210 0.846475706298528 2.1
211 0.8632307904941642 2.11
212 0.9052298279782891 2.12
213 0.9297277399817462 2.13
214 0.9250509059502594 2.14
215 0.9217379346751938 2.15
216 0.934202111260343 2.16
217 0.9439300719824324 2.17
218 0.961032878771511 2.18
219 0.9781378877318809 2.19
220 1.007125719815273 2.2
221 1.005389757850691 2.21
222 1.004929042595497 2.22
223 1.032478255784476 2.23
224 1.052605289308393 2.24
225 1.061011393695728 2.25
226 1.070980212533488 2.26
227 1.085310107952256 2.27
228 1.117918840449559 2.28
229 1.132125382767712 2.29
230 1.137847050506509 2.3
231 1.150039200476882 2.31
232 1.177755933359574 2.32
233 1.201600818706522 2.33
234 1.227892828772269 2.34
235 1.232697663894456 2.35
236 1.254585454656714 2.36
237 1.294892641633282 2.37
238 1.304824555543359 2.38
239 1.336382116294871 2.39
240 1.364676786750685 2.4
241 1.39104143108001 2.41
242 1.407222088683342 2.42
243 1.416646850804368 2.43
244 1.438718341353398 2.44
245 1.464134145409169 2.45
246 1.48658386968565 2.46
247 1.524326743804957 2.47
248 1.563633433918473 2.48
249 1.59611969089425 2.49
250 1.630749927071213 2.5
251 1.616368549464087 2.51
252 1.632175742288409 2.52
253 1.658437450537524 2.53
254 1.708541417564435 2.54
255 1.737874828200575 2.55
256 1.787244454826052 2.56
257 1.809565037976723 2.57
258 1.86577728309616 2.58
259 1.897178258115579 2.59
260 1.906348387294607 2.6
261 1.943853469037876 2.61
262 1.963998027911387 2.62
263 2.034340391022952 2.63
264 2.060010957370739 2.64
265 2.114987544782023 2.65
266 2.142964324446481 2.66
267 2.168404005237555 2.67
268 2.195607312692695 2.68
269 2.202826727279641 2.69
270 2.258392050597693 2.7
271 2.266214396538328 2.71
272 2.330796129789372 2.72
273 2.334959136642343 2.73
274 2.364362305679956 2.74
275 2.40256615353256 2.75
276 2.410887601778033 2.76
277 2.455678209670534 2.77
278 2.481599259740267 2.78
279 2.486972994154357 2.79
280 2.519263264544121 2.8
281 2.525602074877503 2.81
282 2.533455060276548 2.82
283 2.563448063731636 2.83
284 2.571648333036178 2.84
285 2.618957780700472 2.85
286 2.599286807125078 2.86
287 2.632735509732703 2.87
288 2.626249017135744 2.88
289 2.62389573628805 2.89
290 2.588684604102481 2.9
291 2.588222616609507 2.91
292 2.573732390433219 2.92
293 2.563347549867133 2.93
294 2.591838611122027 2.94
295 2.576321199495359 2.95
296 2.562440392858023 2.96
297 2.553237945256594 2.97
298 2.516414858607304 2.98
299 2.519969942344872 2.99
300 2.492285942489199 3
301 2.525929504215111 3.01
302 2.543019987195481 3.02
303 2.488802638087125 3.03
304 2.484851041461031 3.04
305 2.44836557464069 3.05
306 2.473635714860339 3.06
307 2.461951843491402 3.07
308 2.453992245848406 3.08
309 2.451512398632805 3.09
310 2.423152243551315 3.1
311 2.447595873741561 3.11
312 2.417951197860734 3.12
313 2.417895677033339 3.13
314 2.404866536010959 3.14
315 2.421190840193022 3.15
316 2.423183248582402 3.16
317 2.430283271554781 3.17
318 2.451903237708779 3.18
319 2.458021847409226 3.19
320 2.373329215753478 3.2
321 2.387663472542156 3.21
322 2.440426414337632 3.22
323 2.441209082913355 3.23
324 2.524388831556543 3.24
325 2.540222825376858 3.25
326 2.508532220322531 3.26
327 2.57804689098392 3.27
328 2.572430484017438 3.28
329 2.570115808314382 3.29
330 2.623822731733326 3.3
331 2.611284052961145 3.31
332 2.682802772979366 3.32
333 2.736950703053324 3.33
334 2.685457545439608 3.34
335 2.725496106117836 3.35
336 2.724063177896643 3.36
337 2.793101814470631 3.37
338 2.797060449381926 3.38
339 2.814511204586283 3.39
340 2.829035719767141 3.4
341 2.847298916651964 3.41
342 2.841277256124776 3.42
343 2.890166199552976 3.43
344 2.82401119630896 3.44
345 2.916972169343798 3.45
346 3.036770407165328 3.46
347 2.987137615796871 3.47
348 3.045233452687953 3.48
349 3.088945823451679 3.49
350 3.067354202061534 3.5
351 3.045539751824232 3.51
352 3.049981124553466 3.52
353 3.108610241920087 3.53
354 3.129013759922127 3.54
355 3.195230481815359 3.55
356 3.248932992402982 3.56
357 3.241218444296715 3.57
358 3.251026295901299 3.58
359 3.279044483034236 3.59
360 3.410202718837196 3.6
361 3.467299879243696 3.61
362 3.416385041552839 3.62
363 3.384939303604291 3.63
364 3.339201610152114 3.64
365 3.377253234130566 3.65
366 3.428467578253289 3.66
367 3.437248400806463 3.67
368 3.497933210578979 3.68
369 3.468394990686483 3.69
370 3.464714137118164 3.7
371 3.489729018733599 3.71
372 3.520605580271735 3.72
373 3.543586324345441 3.73
374 3.521638766349594 3.74
375 3.527074617740352 3.75
376 3.523894887712221 3.76
377 3.546962695294138 3.77
378 3.544933072626922 3.78
379 3.519052837658141 3.79
380 3.55754527161265 3.8
381 3.574454553034223 3.81
382 3.504311288614514 3.82
383 3.503957896703915 3.83
384 3.460458253524517 3.84
385 3.484108689888974 3.85
386 3.464161139077858 3.86
387 3.474721099466648 3.87
388 3.449396734408785 3.88
389 3.430591442880671 3.89
390 3.46492307417507 3.9
391 3.43488727006065 3.91
392 3.385569481134346 3.92
393 3.369297232854685 3.93
394 3.342878055229559 3.94
395 3.351607508961297 3.95
396 3.370831372278118 3.96
397 3.358235245701932 3.97
398 3.310497840845581 3.98
399 3.282491189976703 3.99
400 3.233481650265833 4
401 3.201659981489122 4.01
402 3.20416443514489 4.02
403 3.230814605282438 4.03
404 3.269988887987412 4.04
405 3.184057379167656 4.05
406 3.11563905009565 4.06
407 3.165073667772847 4.07
408 3.137282562919258 4.08
409 3.163024572080711 4.09
410 3.066480404718823 4.1
411 3.052809556341418 4.11
412 2.997448163024953 4.12
413 2.957040800129265 4.13
414 2.890532886831525 4.14
415 2.850830341259897 4.15
416 2.810423953687293 4.16
417 2.782609086463931 4.17
418 2.77248523627471 4.18
419 2.747720680945855 4.19
420 2.739220400706058 4.2
421 2.65912403951279 4.21
422 2.511178941359836 4.22
423 2.443451910789131 4.23
424 2.380876212765568 4.24
425 2.360302753318251 4.25
426 2.30735188765144 4.26
427 2.239324548041148 4.27
428 2.212763893115564 4.28
429 2.129187780963067 4.29
430 2.090984838001184 4.3
431 2.026922189352636 4.31
432 1.975936154230111 4.32
433 1.961085710932315 4.33
434 1.957892394596256 4.34
435 1.848251202727382 4.350000000000001
436 1.785626905460868 4.36
437 1.742654427165992 4.37
438 1.662655869090145 4.38
439 1.665753360813227 4.39
440 1.640686062929816 4.4
441 1.576218543110902 4.41
442 1.583992983729459 4.42
443 1.51326272650525 4.43
444 1.526453466868192 4.44
445 1.419471748496723 4.45
446 1.432929613163453 4.46
447 1.403318498044281 4.47
448 1.353091596719946 4.48
449 1.388471324122051 4.49
450 1.329700587805805 4.5
451 1.273156397360353 4.51
452 1.296016984087336 4.52
453 1.236722160343409 4.53
454 1.249299849011774 4.54
455 1.234958802005115 4.55
456 1.245194387274598 4.56
457 1.131033522422717 4.57
458 1.171333633370895 4.58
459 1.175862870035312 4.59
460 1.164399125631245 4.600000000000001
461 1.140056977415279 4.61
462 1.117978858736315 4.62
463 1.105398826347203 4.63
464 1.084600349589332 4.64
465 1.066524594856717 4.65
466 1.072263400722511 4.66
467 1.089540954967565 4.67
468 1.062497637860119 4.68
469 1.013887459246184 4.69
470 1.02100318901139 4.7
471 0.9896230518354007 4.71
472 0.9874504649431891 4.72
473 0.9503156889318864 4.73
474 0.9699732187776886 4.74
475 0.9585917108565088 4.75
476 0.9243283694215554 4.76
477 0.9343580605490138 4.77
478 0.9171757512982628 4.78
479 0.9028032819424618 4.79
480 0.8836663568738848 4.8
481 0.8409009929664459 4.81
482 0.8230575927783036 4.82
483 0.758701534880557 4.83
484 0.8318283468120325 4.84
485 0.8241147058264536 4.850000000000001
486 0.9025593424372937 4.86
487 0.8559479692780514 4.87
488 0.7900277755082926 4.88
489 0.8325632495664247 4.89
490 0.8038647525567225 4.9
491 0.8091718723654314 4.91
492 0.8014178255624409 4.92
493 0.7732464077282242 4.93
494 0.7603085155789918 4.94
495 0.775173264211987 4.95
496 0.7414182327554295 4.96
497 0.7250612572895515 4.97
498 0.7309829560240315 4.98
499 0.7148967739220188 4.99
500 0.6961522283636269 5
501 0.7078191501348217 5.01
502 0.70657234365585 5.02
503 0.6884157911559515 5.03
504 0.712098236049361 5.04
505 0.7048818867741513 5.05
506 0.703235592494604 5.06
507 0.6949555099406414 5.07
508 0.6722752252969585 5.08
509 0.6586563093592961 5.09
510 0.6322385532059014 5.100000000000001
511 0.6477472763004901 5.11
512 0.6482940064395788 5.12
513 0.6604532242480332 5.13
514 0.6508931110317164 5.14
515 0.6248657548228289 5.15
516 0.6304774831063688 5.16
517 0.6322541878782252 5.17
518 0.6431475484399827 5.18
519 0.6480224175043475 5.19
520 0.6241646848236669 5.2
521 0.6037871670526845 5.21
522 0.6071726091991645 5.22
523 0.606025939280682 5.23
524 0.613298743085001 5.24
525 0.6092740787271804 5.25
526 0.6125272592461584 5.26
527 0.6219055139875004 5.27
528 0.605846132629644 5.28
529 0.6183626532857335 5.29
530 0.6217246991957476 5.3
531 0.638360091056973 5.31
532 0.6351186526612047 5.32
533 0.6554042608388442 5.33
534 0.6363439845232065 5.34
535 0.6421056033234795 5.350000000000001
536 0.6466517829380284 5.36
537 0.6314205283533151 5.37
538 0.6420302013088315 5.38
539 0.6482001818828544 5.39
540 0.6427801694975367 5.4
541 0.6402149275892873 5.41
542 0.6470358954774106 5.42
543 0.6608242978996534 5.43
544 0.6932229729569924 5.44
545 0.6886341301964508 5.45
546 0.6841540952762662 5.46
547 0.6953221917890836 5.47
548 0.721705716566783 5.48
549 0.7246173629745042 5.49
550 0.7327575866683076 5.5
551 0.7397334401656439 5.51
552 0.7553093113400465 5.52
553 0.7565824263201539 5.53
554 0.7689851534247387 5.54
555 0.7738565194357867 5.55
556 0.7977603685379308 5.56
557 0.7977109249077918 5.57
558 0.8000632725748642 5.58
559 0.8166976128366096 5.59
560 0.8438518744944468 5.600000000000001
561 0.8622597694821857 5.61
562 0.8634923241428039 5.62
563 0.8678906196351535 5.63
564 0.8859037665357936 5.64
565 0.8734845886701622 5.65
566 0.9013715231932456 5.66
567 0.9067978879913469 5.67
568 0.9275934889898123 5.68
569 0.9311294740497876 5.69
570 0.9553297268896142 5.7
571 0.9936905429546317 5.71
572 0.9886250948700493 5.72
573 1.002047786538647 5.73
574 1.031277901881361 5.74
575 1.026542130850473 5.75
576 1.036318951002724 5.76
577 1.042769264472355 5.77
578 1.064549226945057 5.78
579 1.088690098617447 5.79
580 1.101985477364066 5.8
581 1.132575862346051 5.81
582 1.127762346933985 5.82
583 1.154567588730283 5.83
584 1.160827762585087 5.84
585 1.165206543952188 5.850000000000001
586 1.190865800222532 5.86
587 1.207180860845241 5.87
588 1.228622237780407 5.88
589 1.23121979316399 5.89
590 1.255706196273652 5.9
591 1.272486617366491 5.91
592 1.263353632871254 5.92
593 1.298236312437822 5.93
594 1.299922910231511 5.94
595 1.348148706869302 5.95
596 1.359026384214898 5.96
597 1.392643064307798 5.97
598 1.405681354368811 5.98
599 1.406593342684978 5.99
600 1.423950312571345 6
601 1.44321563219505 6.01
602 1.458091899044605 6.02
603 1.47961215712147 6.03
604 1.502779737104218 6.04
605 1.526081000552712 6.05
606 1.539153452958433 6.06
607 1.54018992001879 6.07
608 1.566778602694964 6.08
609 1.584666838949582 6.09
610 1.60982795396117 6.100000000000001
611 1.622932854687547 6.11
612 1.633578599653528 6.12
613 1.664474050254144 6.13
614 1.689216600054225 6.140000000000001
615 1.716939092750321 6.15
616 1.728372822026293 6.16
617 1.762582469686019 6.17
618 1.79389096641266 6.18
619 1.809956560503397 6.19
620 1.820095574716734 6.2
621 1.851102040124332 6.21
622 1.859919380988815 6.22
623 1.872600540937325 6.23
624 1.870090284147413 6.24
625 1.873933542935805 6.25
626 1.909642507437274 6.26
627 1.918704944999879 6.27
628 1.964745662186736 6.28
629 1.930577253739741 6.29
630 1.93859527397316 6.3
631 1.951712405803761 6.31
632 1.977650512059832 6.32
633 2.015047554509621 6.33
634 2.019888735385455 6.34
635 2.028598758631881 6.350000000000001
636 2.046804514020764 6.36
637 2.028559032206228 6.37
638 2.07122620016524 6.38
639 2.043601238086503 6.390000000000001
640 2.060761752022137 6.4
641 2.070980783862267 6.41
642 2.077098187727492 6.42
643 2.121191467366342 6.43
644 2.109333420710979 6.44
645 2.112531087822586 6.45
646 2.169187683675703 6.46
647 2.166035050192499 6.47
648 2.1780609558666 6.48
649 2.179173831677203 6.49
650 2.195034648784672 6.5
651 2.182220585059868 6.51
652 2.194569128229562 6.52
653 2.211773871280247 6.53
654 2.222482616485176 6.54
655 2.26719635924669 6.55
656 2.250052483510226 6.56
657 2.260223231141221 6.57
658 2.269028682531724 6.58
659 2.300034547989035 6.59
660 2.318099570630431 6.600000000000001
661 2.308185510149267 6.61
662 2.322102949999096 6.62
663 2.322615511844951 6.63
664 2.373017062629296 6.640000000000001
665 2.37060554107109 6.65
666 2.383537683933544 6.66
667 2.388644206454701 6.67
668 2.398389243191929 6.68
669 2.404252234470793 6.69
670 2.386830478371858 6.7
671 2.376244699778263 6.71
672 2.423654030190729 6.72
673 2.420257666839557 6.73
674 2.462403975947982 6.74
675 2.45184618655674 6.75
676 2.535126751720218 6.76
677 2.470849078867134 6.77
678 2.533488151417351 6.78
679 2.486031165305031 6.79
680 2.466617784124128 6.8
681 2.502946516399346 6.81
682 2.54467770914718 6.82
683 2.570192187455399 6.83
684 2.577234047209503 6.84
685 2.571537007823389 6.850000000000001
686 2.61653107862516 6.86
687 2.578829059236953 6.87
688 2.60403421094779 6.88
689 2.616587356490376 6.890000000000001
690 2.68384457232603 6.9
691 2.745122785117064 6.91
692 2.753005393270577 6.92
693 2.736114681824243 6.93
694 2.719035360421346 6.94
695 2.765575161191808 6.95
696 2.782077291846095 6.96
697 2.830701839912978 6.97
698 2.834544075209655 6.98
699 2.858960390650448 6.99
700 2.756639690488167 7
701 2.806917224070811 7.01
702 2.874405145629999 7.02
703 3.031700515572327 7.03
704 3.035893069107082 7.04
705 3.014220284406265 7.05
706 3.045116491065255 7.06
707 3.058763584449036 7.07
708 3.162736409200298 7.08
709 3.183739764782048 7.09
710 3.19428450083294 7.100000000000001
711 3.151243324331062 7.11
712 3.302317364531819 7.12
713 3.345085941807771 7.13
714 3.368971352779284 7.140000000000001
715 3.34589267129097 7.15
716 3.348410053061347 7.16
717 3.357845663928838 7.17
718 3.356949643291242 7.18
719 3.422483980358988 7.19
720 3.658252426247747 7.2
721 3.660405712989145 7.21
722 3.598413968812945 7.22
723 3.495343887006768 7.23
724 3.529753584606695 7.24
725 3.547346247474217 7.25
726 3.584420586144129 7.26
727 3.563292567583034 7.27
728 3.668855475962729 7.28
729 3.627610744171054 7.29
730 3.59087964979252 7.3
731 3.603992125747245 7.31
732 3.634287913223157 7.32
733 3.676189891327055 7.33
734 3.685306583530161 7.34
735 3.737740089609617 7.350000000000001
736 3.701808622214685 7.36
737 3.686798377657321 7.37
738 3.702437908453189 7.38
739 3.706558263191224 7.390000000000001
740 3.683375156216688 7.4
741 3.694617510415494 7.41
742 3.689181240518217 7.42
743 3.743163267406306 7.43
744 3.715252137444211 7.44
745 3.708512893549106 7.45
746 3.718158166010672 7.46
747 3.708509345616576 7.47
748 3.713253525486957 7.48
749 3.72556009323965 7.49
750 3.722703317131043 7.5
751 3.684197790089004 7.51
752 3.657635642546825 7.52
753 3.690909450210861 7.53
754 3.630627690336138 7.54
755 3.606271761651315 7.55
756 3.49872568928314 7.56
757 3.487099960802788 7.57
758 3.476436157931112 7.58
759 3.430650897196072 7.59
760 3.375556644803115 7.600000000000001
761 3.303421612163186 7.61
762 3.253884511275936 7.62
763 3.204509700375225 7.63
764 3.137720078574708 7.640000000000001
765 3.119408252567716 7.65
766 2.987300580942815 7.66
767 2.882046555878182 7.67
768 2.806541020482021 7.68
769 2.795528911438481 7.69
770 2.726107722104961 7.7
771 2.560910429124374 7.71
772 2.489032518000407 7.72
773 2.435051338414939 7.73
774 2.417316364229021 7.74
775 2.365758435405466 7.75
776 2.264785931722721 7.76
777 2.251263529623006 7.77
778 2.122442012027419 7.78
779 2.112425537385542 7.79
780 1.982507400702325 7.8
781 1.917520958218656 7.81
782 1.846742655314286 7.82
783 1.854326421072284 7.83
784 1.805778510786688 7.84
785 1.765377838034682 7.850000000000001
786 1.732358659421094 7.86
787 1.688715572636606 7.87
788 1.58010703304464 7.88
789 1.550491552008741 7.890000000000001
790 1.531323846272359 7.9
791 1.510052838654874 7.91
792 1.513759925129575 7.92
793 1.508662223766355 7.930000000000001
794 1.457935896476108 7.94
795 1.426456727137502 7.95
796 1.377833236288183 7.96
797 1.34649229701137 7.97
798 1.33339808803902 7.98
799 1.27151159536168 7.99
800 1.30844203535386 8
801 1.297442836580195 8.01
802 1.288936700200815 8.02
803 1.255123973864031 8.029999999999999
804 1.210786659939992 8.040000000000001
805 1.191904991318812 8.050000000000001
806 1.177792104930501 8.06
807 1.201896711746529 8.07
808 1.161939416502294 8.08
809 1.141795492600125 8.09
810 1.125618759936512 8.1
811 1.0800843894516 8.109999999999999
812 1.086673236778576 8.120000000000001
813 1.07304909364839 8.130000000000001
814 1.070732712909749 8.140000000000001
815 1.058143011072346 8.15
816 1.022682043143911 8.16
817 1.009786958799969 8.17
818 0.9902243722749597 8.18
819 0.9757199079042052 8.19
820 0.9150396674404001 8.199999999999999
821 0.9025749372966279 8.210000000000001
822 0.9261498260365769 8.220000000000001
823 0.9346395473931024 8.23
824 0.8828129114382801 8.24
825 0.8855480903520127 8.25
826 0.8913503780103417 8.26
827 0.829041994900205 8.27
828 0.8826703222919439 8.279999999999999
829 0.8367429305528122 8.290000000000001
830 0.8469823483883863 8.300000000000001
831 0.8563763140576431 8.31
832 0.7963598135786571 8.32
833 0.8230690962369531 8.33
834 0.804805312044228 8.34
835 0.7862209997737882 8.35
836 0.8115075280571565 8.359999999999999
837 0.7866852876775663 8.370000000000001
838 0.7637477474889627 8.380000000000001
839 0.7748181715802546 8.390000000000001
840 0.7083150556538881 8.4
841 0.6671573188460167 8.41
842 0.6925858607531902 8.42
843 0.7204293069416081 8.43
844 0.7384698239195316 8.44
845 0.7449892124326709 8.449999999999999
846 0.7272851613811242 8.460000000000001
847 0.7156787725103763 8.470000000000001
848 0.7387716805359898 8.48
849 0.7224199751544378 8.49
850 0.7163239918037529 8.5
851 0.7140698987322711 8.51
852 0.6932514570841416 8.52
853 0.7007899637497572 8.529999999999999
854 0.6729593585316015 8.540000000000001
855 0.6850606142874827 8.550000000000001
856 0.668207175813617 8.56
857 0.656068967306338 8.57
858 0.6662924451879731 8.58
859 0.6740068930993881 8.59
860 0.7217423924361299 8.6
861 0.7032322466765049 8.609999999999999
862 0.6910155446931977 8.620000000000001
863 0.658384141182863 8.630000000000001
864 0.6733619704460003 8.640000000000001
865 0.6541115821946819 8.65
866 0.6346625889586562 8.66
867 0.6517539195816439 8.67
868 0.6538328924337679 8.68
869 0.6699540269281883 8.69
870 0.6503488262494898 8.700000000000001
871 0.6424677306294488 8.710000000000001
872 0.6449931633596949 8.720000000000001
873 0.6460093127909442 8.73
874 0.664715562240083 8.74
875 0.6449389098502442 8.75
876 0.6391402927019627 8.76
877 0.6461582767160806 8.77
878 0.6375602923716589 8.779999999999999
879 0.6586463061161405 8.790000000000001
880 0.6233019999880777 8.800000000000001
881 0.6423509366868961 8.81
882 0.6810766641427176 8.82
883 0.6873250458047633 8.83
884 0.6725934963637603 8.84
885 0.6658026075036162 8.85
886 0.6482824621500489 8.859999999999999
887 0.6809750490840025 8.870000000000001
888 0.6725517937565975 8.880000000000001
889 0.7025725619547456 8.890000000000001
890 0.7194069484646509 8.9
891 0.6741180997746973 8.91
892 0.6907966989587536 8.92
893 0.7256013821484952 8.93
894 0.7110976378914552 8.94
895 0.6582588503339086 8.950000000000001
896 0.6888574515962546 8.960000000000001
897 0.6926432969206358 8.970000000000001
898 0.7214967360691148 8.98
899 0.7280194787218632 8.99
900 0.7472540028417828 9
901 0.7413556097820025 9.01
902 0.7299837318194808 9.02
903 0.7294318178650988 9.029999999999999
904 0.73756352594174 9.040000000000001
905 0.7624005260184503 9.050000000000001
906 0.7783388120447066 9.06
907 0.7723560225729953 9.07
908 0.7770019020222749 9.08
909 0.7851868987720717 9.09
910 0.7839996751721031 9.1
911 0.8061264526561334 9.109999999999999
912 0.8080113941323325 9.120000000000001
913 0.8258074241020115 9.130000000000001
914 0.8388718326747199 9.140000000000001
915 0.8509186408783777 9.15
916 0.872437450209685 9.16
917 0.8815238251073136 9.17
918 0.8897589906471908 9.18
919 0.9143748244640723 9.19
920 0.9253278067625185 9.200000000000001
921 0.9373028210874168 9.210000000000001
922 0.9427759529450249 9.220000000000001
923 0.9502020835416625 9.23
924 0.9689797181793479 9.24
925 1.00994959180139 9.25
926 1.020519262378403 9.26
927 1.023199062547197 9.27
928 1.068774855091858 9.279999999999999
929 1.080852133497225 9.290000000000001
930 1.099894943609363 9.300000000000001
931 1.126619359811073 9.31
932 1.154229065403388 9.32
933 1.155415064581241 9.33
934 1.163222415486255 9.34
935 1.166944303229273 9.35
936 1.197509278965345 9.359999999999999
937 1.223863024889713 9.370000000000001
938 1.241757241082119 9.380000000000001
939 1.259874595399852 9.390000000000001
940 1.2765321846469 9.4
941 1.291941923401638 9.41
942 1.309454518389789 9.42
943 1.341420991365435 9.43
944 1.345804288521254 9.44
945 1.350270648216843 9.450000000000001
946 1.373327625019657 9.460000000000001
947 1.394224175588896 9.470000000000001
948 1.425598489957261 9.48
949 1.4365841958305 9.49
950 1.444677824279413 9.5
951 1.462288648582625 9.51
952 1.47855776509011 9.52
953 1.521799252596066 9.529999999999999
954 1.54408907076184 9.540000000000001
955 1.577308943672483 9.550000000000001
956 1.618223517091501 9.56
957 1.614430141791755 9.57
958 1.643647007730394 9.58
959 1.67777074096342 9.59
960 1.663161794241399 9.6
961 1.709572932191235 9.609999999999999
962 1.71917140906412 9.620000000000001
963 1.75307399282592 9.630000000000001
964 1.760121635248331 9.640000000000001
965 1.756083311117117 9.65
966 1.898743577770579 9.66
967 1.937867101941412 9.67
968 1.931728792060348 9.68
969 1.908912403397803 9.69
970 1.945957273106002 9.700000000000001
971 1.993368522658218 9.710000000000001
972 2.057581875226242 9.720000000000001
973 2.102844697056806 9.73
974 2.044402930325484 9.74
975 2.073542916666085 9.75
976 2.084882016664783 9.76
977 2.172067144813294 9.77
978 2.154166193746662 9.779999999999999
979 2.2034134017358 9.790000000000001
980 2.275001189225938 9.800000000000001
981 2.280931187696009 9.81
982 2.249129129894478 9.82
983 2.275120819285716 9.83
984 2.314121357567838 9.84
985 2.313578881432877 9.85
986 2.338720488417622 9.859999999999999
987 2.357446483844121 9.870000000000001
988 2.389864599620309 9.880000000000001
989 2.392676972488491 9.890000000000001
990 2.373477752881151 9.9
991 2.417588493118557 9.91
992 2.449962566038609 9.92
993 2.442328318047387 9.93
994 2.470302455475574 9.94
995 2.47285868721856 9.950000000000001
996 2.460611393960319 9.960000000000001
997 2.47289466927207 9.970000000000001
998 2.494686908157084 9.98
999 2.530142727786262 9.99
1000 2.514747396063044 10
1001 2.450140567745382 10.01
1002 2.38534611003373 10.02
1003 2.320369008651719 10.03
1004 2.255214263377442 10.04
1005 2.189886887657755 10.05
1006 2.124391908223383 10.06
1007 2.058734364700853 10.07
1008 1.992919309226459 10.08
1009 1.926951806055164 10.09
1010 1.860836931173852 10.1
1011 1.794579771907862 10.11
1012 1.72818542653156 10.12
1013 1.661659003875107 10.13
1014 1.595005622931984 10.14
1015 1.528230412464171 10.15
1016 1.461338510607972 10.16
1017 1.394335064479433 10.17
1018 1.32722522977712 10.18
