"cl-rfile"
"Time Step" "cl etc.."
("Time Step" "cl" "flow-time")
0 0 0
1 14.42426772021486 0.01
2 6.945114685911592 0.02
3 7.092580682694759 0.03
4 6.915567113048747 0.04
5 7.013308510915232 0.05
6 7.028325981404422 0.06
7 7.031760097607604 0.07000000000000001
8 7.19962553818424 0.08
9 7.170106342729772 0.09
10 7.1246611014479 0.1
11 7.086685869369247 0.11
12 7.078112989312251 0.12
13 7.094823844000278 0.13
14 7.145839730413308 0.14
15 7.180493772490251 0.15
16 7.163354835302648 0.16
17 7.108503597403954 0.17
18 7.131378442374508 0.18
19 7.080280331879706 0.19
20 7.097104948480909 0.2
21 7.136323205865211 0.21
22 7.205508685269916 0.22
23 7.197951672373658 0.23
24 7.278570817125926 0.24
25 7.244602602853917 0.25
26 7.113662084504304 0.26
27 7.024087872499122 0.27
28 7.079856604436226 0.28
29 7.144864128356185 0.29
30 7.224548816697081 0.3
31 7.245451003627359 0.31
32 7.289104921951687 0.32
33 7.401657730318433 0.33
34 7.42742801546714 0.34
35 7.328800046253992 0.35
36 7.201852179335629 0.36
37 7.115524403278942 0.37
38 7.154484624468553 0.38
39 7.213335529515197 0.39
40 7.263264372049809 0.4
41 7.348725893171349 0.41
42 7.361370738173549 0.42
43 7.396109996464084 0.43
44 7.251820066510911 0.44
45 7.144226377303184 0.45
46 7.152019551902704 0.46
47 7.179493645372201 0.47
48 7.246327514789051 0.48
49 7.324090032609374 0.49
50 7.253391463677884 0.5
51 7.210612375116749 0.51
52 7.144700363857826 0.52
53 7.146073872607215 0.53
54 7.238085531818877 0.54
55 7.275529815902161 0.55
56 7.34134457460828 0.5600000000000001
57 7.248410566520637 0.5700000000000001
58 7.172599462033443 0.58
59 7.237939627413149 0.59
60 7.111906944498916 0.6
61 7.17961705299858 0.61
62 7.210138763862523 0.62
63 7.225475706622791 0.63
64 7.222750167894027 0.64
65 7.284194875437505 0.65
66 7.284741103946555 0.66
67 7.253037158686555 0.67
68 7.221133647800896 0.68
69 7.236325663225932 0.6900000000000001
70 7.237464358077299 0.7000000000000001
71 7.262042629858343 0.71
72 7.303378785777294 0.72
73 7.289778619784316 0.73
74 7.305295982226321 0.74
75 7.274157389620552 0.75
76 7.275240013778354 0.76
77 7.258157209122729 0.77
78 7.243760587852667 0.78
79 7.30703494532265 0.79
80 7.390064008145151 0.8
81 7.362724284233519 0.8100000000000001
82 7.340546992616703 0.8200000000000001
83 7.319296110509689 0.8300000000000001
84 7.325742358967327 0.84
85 7.270533843238711 0.85
86 7.322769348553813 0.86
87 7.344993661685319 0.87
88 7.373323643480479 0.88
89 7.358150340960032 0.89
90 7.412381413555534 0.9
91 7.319967091952902 0.91
92 7.292107806348316 0.92
93 7.268054549818624 0.93
94 7.299840430688691 0.9400000000000001
95 7.327629024692723 0.9500000000000001
96 7.314816995771396 0.96
97 7.285656949085309 0.97
98 7.314206594944559 0.98
99 7.296072543085474 0.99
100 7.211118836011479 1
101 7.136766137125182 1.01
102 7.212307667434271 1.02
103 7.20760788401082 1.03
104 7.247845546168016 1.04
105 7.207013910906613 1.05
106 7.210535428804542 1.06
107 7.158116820853453 1.07
108 7.153243993460655 1.08
109 7.134971040691616 1.09
110 7.153995624648966 1.1
111 7.154357763643354 1.11
112 7.125658038498352 1.12
113 7.128134325103931 1.13
114 7.085143427489198 1.14
115 7.116633546384853 1.15
116 7.05077374573208 1.16
117 7.065679010501629 1.17
118 7.043586454555117 1.18
119 7.041822450349801 1.19
120 7.033400501591456 1.2
121 6.982495791914078 1.21
122 7.041101229864695 1.22
123 7.019393610824188 1.23
124 6.975016647734399 1.24
125 6.946294486693027 1.25
126 6.95129858805605 1.26
127 6.934459233168584 1.27
128 6.911564233440004 1.28
129 6.963959694945556 1.29
130 6.913181323062692 1.3
131 6.961848419387128 1.31
132 6.920140089738315 1.32
133 6.936691061376614 1.33
134 6.876099158288759 1.34
135 6.840244280171029 1.35
136 6.820891128892999 1.36
137 6.793438982949931 1.37
138 6.83966089884091 1.38
139 6.839614742849621 1.39
140 6.924099239569388 1.4
141 6.867151847068425 1.41
142 6.826783131134788 1.42
143 6.812079927996374 1.43
144 6.711890314018649 1.44
145 6.753949851266791 1.45
146 6.675789048248297 1.46
147 6.781184128985743 1.47
148 6.749481054957663 1.48
149 6.746272925078499 1.49
150 6.768848025261621 1.5
151 6.686572810628884 1.51
152 6.639847005113912 1.52
153 6.584568860789166 1.53
154 6.671454756834533 1.54
155 6.652356555178772 1.55
156 6.529587977979299 1.56
157 6.453169744993616 1.57
158 6.513475661210718 1.58
159 6.554321213762528 1.59
160 6.365373503581707 1.6
161 6.339430493465366 1.61
162 6.381901720663548 1.62
163 6.450153142539031 1.63
164 6.455604394809385 1.64
165 6.454510285290499 1.65
166 6.392508457077091 1.66
167 6.394185349116941 1.67
168 6.332562991140672 1.68
169 6.324067377855413 1.69
170 6.290458875321577 1.7
171 6.25095089288257 1.71
172 6.207286508001943 1.72
173 6.18992911855819 1.73
174 6.189980965281775 1.74
175 6.152221619458521 1.75
176 6.127677116452732 1.76
177 6.090917194843549 1.77
178 6.045526716715195 1.78
179 6.02197940623168 1.79
180 5.959637463744459 1.8
181 5.916726207002265 1.81
182 5.83568973104267 1.82
183 5.83566357999614 1.83
184 5.803366425743909 1.84
185 5.783344097168832 1.85
186 5.73945979116467 1.86
187 5.710057419890894 1.87
188 5.665380175237389 1.88
189 5.644619809966311 1.89
190 5.645050462235951 1.9
191 5.591700449911462 1.91
192 5.590824357878662 1.92
193 5.511792196716494 1.93
194 5.500817105409537 1.94
195 5.508971824637217 1.95
196 5.526700771534228 1.96
197 5.540527887380984 1.97
198 5.597708138021607 1.98
199 5.603423527704268 1.99
200 5.628792426884622 2
201 5.648007340088418 2.01
202 5.691825952982777 2.02
203 5.713171975068156 2.03
204 5.741374118375567 2.04
205 5.886661380035238 2.05
206 5.842712022288761 2.06
207 5.938070155406242 2.07
208 5.905157708225214 2.08
209 5.951320174715867 2.09
210 6.053149311314831 2.1
211 6.041564772669455 2.11
212 6.085449546177434 2.12
213 6.129808448448022 2.13
214 6.202261371712334 2.14
215 6.195460511090038 2.15
216 6.202699027763195 2.16
217 6.21516350164238 2.17
218 6.27527187310239 2.18
219 6.271709667517425 2.19
220 6.307736194162005 2.2
221 6.311380364980966 2.21
222 6.334186711530314 2.22
223 6.348581530112273 2.23
224 6.37035107050344 2.24
225 6.39287229357344 2.25
226 6.415458523675008 2.26
227 6.424296874273555 2.27
228 6.467524639881563 2.28
229 6.433783392176711 2.29
230 6.437825137020247 2.3
231 6.457653443488088 2.31
232 6.45666927021416 2.32
233 6.459890409433836 2.33
234 6.427220454915433 2.34
235 6.394362756775822 2.35
236 6.468437565777277 2.36
237 6.492983821979121 2.37
238 6.479721997717786 2.38
239 6.409908155065259 2.39
240 6.370422326025801 2.4
241 6.335741469515865 2.41
242 6.367192000899152 2.42
243 6.381871569189279 2.43
244 6.366986585234699 2.44
245 6.299497053215227 2.45
246 6.387743406570273 2.46
247 6.409041890712156 2.47
248 6.42400895936325 2.48
249 6.470601167627239 2.49
250 6.454100073633602 2.5
251 6.468086008661318 2.51
252 6.48658757386693 2.52
253 6.473143376336187 2.53
254 6.478592595075098 2.54
255 6.427930418402376 2.55
256 6.445892665891981 2.56
257 6.498411665935053 2.57
258 6.480963810239642 2.58
259 6.486424295733805 2.59
260 6.531938871248733 2.6
261 6.532540308090862 2.61
262 6.549760940337815 2.62
263 6.532290793742143 2.63
264 6.574281768949096 2.64
265 6.591105116549436 2.65
266 6.648635895461127 2.66
267 6.640270761699719 2.67
268 6.6467108618991 2.68
269 6.682473652803345 2.69
270 6.675464506755992 2.7
271 6.657050117794705 2.71
272 6.736124847013831 2.72
273 6.804064886544335 2.73
274 6.788478508782372 2.74
275 6.736569598713371 2.75
276 6.793004796627035 2.76
277 6.853930933434976 2.77
278 6.854255348774374 2.78
279 6.878430359407498 2.79
280 6.91230107577339 2.8
281 6.930233924629504 2.81
282 6.90570851134304 2.82
283 6.897095264387803 2.83
284 6.953226385399615 2.84
285 7.082151353577983 2.85
286 7.090784457097265 2.86
287 7.058043279230424 2.87
288 7.051997208018549 2.88
289 7.121679538364427 2.89
290 7.097157057656233 2.9
291 7.114920566093087 2.91
292 7.14468784484778 2.92
293 7.179607900044507 2.93
294 7.192610496876718 2.94
295 7.22446877467068 2.95
296 7.335191439857049 2.96
297 7.329775325090679 2.97
298 7.264937921388338 2.98
299 7.157551710966337 2.99
300 7.102368720148126 3
301 7.203507328133217 3.01
302 7.267233413290295 3.02
303 7.305125698966876 3.03
304 7.348382100362552 3.04
305 7.448607855612679 3.05
306 7.476114228620306 3.06
307 7.363818055261398 3.07
308 7.241203539860781 3.08
309 7.200211005572052 3.09
310 7.258424402515018 3.1
311 7.294294444996466 3.11
312 7.317844419257503 3.12
313 7.368905785814869 3.13
314 7.452170929340567 3.14
315 7.441575278666257 3.15
316 7.328958286002181 3.16
317 7.251111507491028 3.17
318 7.215044282792756 3.18
319 7.317051015569985 3.19
320 7.344087897946171 3.2
321 7.320765372251049 3.21
322 7.250279845005995 3.22
323 7.181088095520727 3.23
324 7.273711591209668 3.24
325 7.344337265796791 3.25
326 7.364102813359811 3.26
327 7.284365850163124 3.27
328 7.21669803326701 3.28
329 7.189456854569363 3.29
330 7.296093397766834 3.3
331 7.301213845568922 3.31
332 7.269033689447315 3.32
333 7.227070444805658 3.33
334 7.198338728181501 3.34
335 7.186440724881667 3.35
336 7.18774228218643 3.36
337 7.18758636347735 3.37
338 7.159506652009242 3.38
339 7.129831529140005 3.39
340 7.17079870135393 3.4
341 7.168985973157141 3.41
342 7.222792173176299 3.42
343 7.156054813155724 3.43
344 7.101948928934823 3.44
345 7.046736099328899 3.45
346 7.010686619926121 3.46
347 7.012663985364362 3.47
348 7.037135860499386 3.48
349 7.056707574146635 3.49
350 7.012693159220054 3.5
351 6.97907083919974 3.51
352 6.928681703487926 3.52
353 6.891173964367989 3.53
354 6.855062251872002 3.54
355 6.890451013580047 3.55
356 6.926721648844923 3.56
357 6.881823231922401 3.57
358 6.910537686372946 3.58
359 6.813041933221267 3.59
360 6.750415723274439 3.6
361 6.651388924018739 3.61
362 6.643483697607402 3.62
363 6.667805442433552 3.63
364 6.707558436078576 3.64
365 6.726562862738589 3.65
366 6.702958616003413 3.66
367 6.662653640059758 3.67
368 6.611663996238376 3.68
369 6.538369981610768 3.69
370 6.501489278452457 3.7
371 6.434037029812768 3.71
372 6.441825467847929 3.72
373 6.468641858241719 3.73
374 6.445496812183639 3.74
375 6.417397091648339 3.75
376 6.4264404172984 3.76
377 6.390204221524225 3.77
378 6.359673017141713 3.78
379 6.294322453067427 3.79
380 6.275931144191055 3.8
381 6.183751269637167 3.81
382 6.181487979125975 3.82
383 6.161047043860925 3.83
384 6.117526436523827 3.84
385 6.103940526860387 3.85
386 6.079238887127698 3.86
387 6.071760023101452 3.87
388 6.064873852246041 3.88
389 6.048518639799696 3.89
390 6.013626571185978 3.9
391 5.985822737445133 3.91
392 5.933423789773152 3.92
393 5.886982700364747 3.93
394 5.884468882637204 3.94
395 5.867837196771567 3.95
396 5.815007025947971 3.96
397 5.783443338858151 3.97
398 5.763659031205094 3.98
399 5.745924777838581 3.99
400 5.712934001143426 4
401 5.67521812621243 4.01
402 5.633714974234593 4.02
403 5.620961830908537 4.03
404 5.597978276325068 4.04
405 5.595924483351911 4.05
406 5.602017738237811 4.06
407 5.556481228394694 4.07
408 5.526555308990558 4.08
409 5.536786496452476 4.09
410 5.52451552326702 4.1
411 5.476766727497245 4.11
412 5.486417963812157 4.12
413 5.446172034960326 4.13
414 5.452308816816776 4.14
415 5.433564514543642 4.15
416 5.43948825369043 4.16
417 5.411562048225964 4.17
418 5.397032849980865 4.18
419 5.406099210286585 4.19
420 5.393202944082593 4.2
421 5.388910738755474 4.21
422 5.372608025705541 4.22
423 5.361354507728366 4.23
424 5.362384569934962 4.24
425 5.340514402043635 4.25
426 5.360750308187114 4.26
427 5.344578980033643 4.27
428 5.349139532561022 4.28
429 5.324258065968104 4.29
430 5.352253468309899 4.3
431 5.36413958832614 4.31
432 5.3839021154874 4.32
433 5.372051540315194 4.33
434 5.361073299928849 4.34
435 5.362283052937587 4.350000000000001
436 5.346398424378332 4.36
437 5.372515530483009 4.37
438 5.37219037472974 4.38
439 5.347740086639506 4.39
440 5.335414376580294 4.4
441 5.369687635416433 4.41
442 5.353729607991411 4.42
443 5.400390053870459 4.43
444 5.432280438540225 4.44
445 5.469754968168284 4.45
446 5.441683586976277 4.46
447 5.430072596687217 4.47
448 5.42531387601157 4.48
449 5.414267028646765 4.49
450 5.492541511720064 4.5
451 5.498349678317497 4.51
452 5.536728645049555 4.52
453 5.538514781401918 4.53
454 5.551480187329685 4.54
455 5.568040040835831 4.55
456 5.554522918636108 4.56
457 5.582531277729378 4.57
458 5.59386067403952 4.58
459 5.644536076322614 4.59
460 5.677873733423629 4.600000000000001
461 5.694679609365465 4.61
462 5.730182641384469 4.62
463 5.735448055779271 4.63
464 5.743183764708124 4.64
465 5.728962247865788 4.65
466 5.795793324670034 4.66
467 5.806208266901981 4.67
468 5.858946918563644 4.68
469 5.88574088214676 4.69
470 5.913365629539512 4.7
471 5.926338557191885 4.71
472 5.955234945822419 4.72
473 5.978931507517088 4.73
474 6.001383573577954 4.74
475 6.032587011272119 4.75
476 6.026611922008628 4.76
477 6.051956363297371 4.77
478 6.053756001531314 4.78
479 6.09700971606854 4.79
480 6.197066782975083 4.8
481 6.195283683590274 4.81
482 6.205832219309013 4.82
483 6.135696412707273 4.83
484 6.111825228678345 4.84
485 6.187830095660298 4.850000000000001
486 6.241898479648844 4.86
487 6.251619148310197 4.87
488 6.215629579845499 4.88
489 6.292293437277642 4.89
490 6.296267816044298 4.9
491 6.295653031707303 4.91
492 6.317655809751297 4.92
493 6.308252845587803 4.93
494 6.341490031406272 4.94
495 6.271911937411724 4.95
496 6.268293672835206 4.96
497 6.240436024981235 4.97
498 6.268120597201637 4.98
499 6.252413751867179 4.99
500 6.272160924400735 5
501 6.268315484637487 5.01
502 6.257784711901031 5.02
503 6.227553731283828 5.03
504 6.247655538653387 5.04
505 6.288813435569915 5.05
506 6.268588335070097 5.06
507 6.249245363578294 5.07
508 6.220259275004018 5.08
509 6.237437392265677 5.09
510 6.232740819221569 5.100000000000001
511 6.208682065461141 5.11
512 6.234729659994625 5.12
513 6.266283284009608 5.13
514 6.270890317008483 5.14
515 6.283812832787721 5.15
516 6.31279493573354 5.16
517 6.307703710456003 5.17
518 6.342842738379495 5.18
519 6.346328403643921 5.19
520 6.370803296029687 5.2
521 6.327861977208613 5.21
522 6.362223964547432 5.22
523 6.323313959548557 5.23
524 6.370360220058009 5.24
525 6.424834542375882 5.25
526 6.436819496856966 5.26
527 6.465794901335598 5.27
528 6.458956388249965 5.28
529 6.506270014166373 5.29
530 6.551701955147558 5.3
531 6.565466199402973 5.31
532 6.571383012414758 5.32
533 6.586573620154557 5.33
534 6.618078581452896 5.34
535 6.613726965712988 5.350000000000001
536 6.632524108540817 5.36
537 6.639514536498087 5.37
538 6.703985814124091 5.38
539 6.650300313575459 5.39
540 6.729416562809457 5.4
541 6.812227086430517 5.41
542 6.826258706421653 5.42
543 6.849561872074307 5.43
544 6.850654777101678 5.44
545 6.923284053620197 5.45
546 6.895902720771548 5.46
547 6.979542362835485 5.47
548 7.013254471119003 5.48
549 7.055062531586993 5.49
550 7.112182679059444 5.5
551 7.108796881108115 5.51
552 7.119456954288338 5.52
553 7.15222778019652 5.53
554 7.239942379233115 5.54
555 7.243238844476774 5.55
556 7.243436392935508 5.56
557 7.323219002882129 5.57
558 7.378103275429388 5.58
559 7.408172262055645 5.59
560 7.464020665851613 5.600000000000001
561 7.509392884717735 5.61
562 7.550750841941936 5.62
563 7.584215715460305 5.63
564 7.595806044455097 5.64
565 7.589746008850184 5.65
566 7.662268762195573 5.66
567 7.669743917650636 5.67
568 7.646354504341359 5.68
569 7.606079449482726 5.69
570 7.65546361213822 5.7
571 7.696918512773549 5.71
572 7.729866847905029 5.72
573 7.738637951113689 5.73
574 7.767740383641919 5.74
575 7.805694783001342 5.75
576 7.761559391152217 5.76
577 7.758992382388652 5.77
578 7.744832902157505 5.78
579 7.731631523084353 5.79
580 7.717613652154604 5.8
581 7.749305779387919 5.81
582 7.79161988287836 5.82
583 7.77713432978374 5.83
584 7.801600772716272 5.84
585 7.789289743489187 5.850000000000001
586 7.756761426537469 5.86
587 7.706553619295855 5.87
588 7.731943394330171 5.88
589 7.738398946881113 5.89
590 7.752687112851483 5.9
591 7.765320749843193 5.91
592 7.73711777122692 5.92
593 7.751132304721573 5.93
594 7.770993326646171 5.94
595 7.765819144408733 5.95
596 7.753275851062889 5.96
597 7.740862193271902 5.97
598 7.762273367541654 5.98
599 7.751258066827154 5.99
600 7.769181325277991 6
601 7.748588320007763 6.01
602 7.734662305655331 6.02
603 7.725875745685795 6.03
604 7.732521740849098 6.04
605 7.737507974380526 6.05
606 7.747383535005741 6.06
607 7.71268465189083 6.07
608 7.693147657515351 6.08
609 7.736397085877114 6.09
610 7.72656470246555 6.100000000000001
611 7.751348670076148 6.11
612 7.720345790489295 6.12
613 7.72629997940078 6.13
614 7.719232688158051 6.140000000000001
615 7.694311523667646 6.15
616 7.673143778327095 6.16
617 7.672087677566278 6.17
618 7.662952611148267 6.18
619 7.634908700798223 6.19
620 7.627993274343214 6.2
621 7.625300547213056 6.21
622 7.601031151304552 6.22
623 7.578544190079715 6.23
624 7.570014385081635 6.24
625 7.568979161247466 6.25
626 7.561177844523391 6.26
627 7.572871336400543 6.27
628 7.519599318438341 6.28
629 7.553455778363314 6.29
630 7.507822642831214 6.3
631 7.479980760048046 6.31
632 7.436608876892381 6.32
633 7.395209292175962 6.33
634 7.408956900818818 6.34
635 7.392237151897699 6.350000000000001
636 7.424597871722905 6.36
637 7.37676260803357 6.37
638 7.347795523652269 6.38
639 7.272350591300853 6.390000000000001
640 7.297629886266825 6.4
641 7.261293754532246 6.41
642 7.228499268363875 6.42
643 7.235434034699718 6.43
644 7.175950870562564 6.44
645 7.161670188892915 6.45
646 7.152043443702292 6.46
647 7.143314694655172 6.47
648 7.099542479482239 6.48
649 7.09116712245218 6.49
650 7.03288335140558 6.5
651 6.950979577432285 6.51
652 6.929121551855178 6.52
653 6.893530037858667 6.53
654 6.905175564747769 6.54
655 6.87490073443811 6.55
656 6.822061172632386 6.56
657 6.771189976277915 6.57
658 6.745852034121492 6.58
659 6.75032612046352 6.59
660 6.694549483604467 6.600000000000001
661 6.679876172894063 6.61
662 6.636113320552092 6.62
663 6.623234997025951 6.63
664 6.577433118827542 6.640000000000001
665 6.546390939327404 6.65
666 6.528494513409353 6.66
667 6.49527268437377 6.67
668 6.458569093117127 6.68
669 6.38633923895302 6.69
670 6.359402440834055 6.7
671 6.297866959990208 6.71
672 6.292497008237546 6.72
673 6.260107930900241 6.73
674 6.223398248550393 6.74
675 6.198351484165308 6.75
676 6.160288645754028 6.76
677 6.167096037836487 6.77
678 6.131105660916766 6.78
679 6.132758279583024 6.79
680 6.078598916030955 6.8
681 6.081723182978839 6.81
682 6.018205434797066 6.82
683 5.948067377525864 6.83
684 5.941298023645418 6.84
685 5.901596958483231 6.850000000000001
686 5.895488561927304 6.86
687 5.854021821166822 6.87
688 5.834335582917042 6.88
689 5.805134063957097 6.890000000000001
690 5.77182576888676 6.9
691 5.733120061077509 6.91
692 5.696536270281709 6.92
693 5.677930280671961 6.93
694 5.640641814308638 6.94
695 5.672017695445867 6.95
696 5.617094710465918 6.96
697 5.616861984626928 6.97
698 5.546792376050749 6.98
699 5.525276154726192 6.99
700 5.583308575039893 7
701 5.586040678753339 7.01
702 5.466181389121863 7.02
703 5.514318487800285 7.03
704 5.538994086615487 7.04
705 5.454118259535099 7.05
706 5.528459601966765 7.06
707 5.442804131518295 7.07
708 5.476115525702584 7.08
709 5.43713465346906 7.09
710 5.518985061042244 7.100000000000001
711 5.50140657591226 7.11
712 5.54358609638157 7.12
713 5.523638240089351 7.13
714 5.466330857111601 7.140000000000001
715 5.458097133547541 7.15
716 5.572133824213317 7.16
717 5.525690496227997 7.17
718 5.494997619794208 7.18
719 5.468934343680719 7.19
720 5.435955448428443 7.2
721 5.491457819127064 7.21
722 5.603201460874351 7.22
723 5.630237136868508 7.23
724 5.688280863775054 7.24
725 5.674894601730259 7.25
726 5.672520780407398 7.26
727 5.679147361224726 7.27
728 5.70037375076036 7.28
729 5.740267654059297 7.29
730 5.749617834653764 7.3
731 5.7909606378285 7.31
732 5.760782218594112 7.32
733 5.817823130256293 7.33
734 5.835043892734384 7.34
735 5.875206573704491 7.350000000000001
736 5.888003700681857 7.36
737 5.912910618682685 7.37
738 5.94525193608711 7.38
739 5.926605660335623 7.390000000000001
740 5.98283308777168 7.4
741 5.963692828364399 7.41
742 6.019100198331937 7.42
743 6.021520314245832 7.43
744 6.072283033306267 7.44
745 6.049703054330724 7.45
746 6.092597272536626 7.46
747 6.104345941121777 7.47
748 6.119109108455715 7.48
749 6.147295924217775 7.49
750 6.160003273808145 7.5
751 6.173086888904233 7.51
752 6.194262886053614 7.52
753 6.206874683680368 7.53
754 6.244815586910933 7.54
755 6.294173933271833 7.55
756 6.276115922175669 7.56
757 6.284986320235014 7.57
758 6.284793112047026 7.58
759 6.303389891974996 7.59
760 6.297169592422628 7.600000000000001
761 6.297756187800794 7.61
762 6.347361362985418 7.62
763 6.360441368861135 7.63
764 6.389302491273655 7.640000000000001
765 6.373723572919989 7.65
766 6.356956591832961 7.66
767 6.428367325699329 7.67
768 6.398967348774918 7.68
769 6.375839858302023 7.69
770 6.373151784129905 7.7
771 6.340148298420076 7.71
772 6.345223516313403 7.72
773 6.380517899227449 7.73
774 6.434021545184057 7.74
775 6.425721179462046 7.75
776 6.376200886862957 7.76
777 6.318791642159623 7.77
778 6.332044625018447 7.78
779 6.350434322116729 7.79
780 6.321004850194043 7.8
781 6.310248637525647 7.81
782 6.31529290727237 7.82
783 6.387720826800229 7.83
784 6.407782206309477 7.84
785 6.480061233945399 7.850000000000001
786 6.486275545441763 7.86
787 6.490222448993496 7.87
788 6.490732336336401 7.88
789 6.556785697586786 7.890000000000001
790 6.543245502795863 7.9
791 6.539869962094074 7.91
792 6.520712406460155 7.92
793 6.509109672103962 7.930000000000001
794 6.549556951859658 7.94
795 6.557147122625941 7.95
796 6.519921991506297 7.96
797 6.599726495991836 7.97
798 6.589381656720966 7.98
799 6.648079019132515 7.99
800 6.572596324894506 8
801 6.611624987911356 8.01
802 6.598416093002636 8.02
803 6.661286334563435 8.029999999999999
804 6.678153272212281 8.040000000000001
805 6.718381238180386 8.050000000000001
806 6.640622532196586 8.06
807 6.664417202604557 8.07
808 6.69122143730049 8.08
809 6.723958242869778 8.09
810 6.717213256227264 8.1
811 6.710389223329257 8.109999999999999
812 6.696085728898575 8.120000000000001
813 6.747158732253976 8.130000000000001
814 6.766304557746833 8.140000000000001
815 6.787494128254365 8.15
816 6.800389276629814 8.16
817 6.764195466192808 8.17
818 6.811594959432121 8.18
819 6.815478861418483 8.19
820 6.770909161811391 8.199999999999999
821 6.800105156983852 8.210000000000001
822 6.960002574170002 8.220000000000001
823 6.954726790964844 8.23
824 6.936637239169944 8.24
825 6.930955536362183 8.25
826 6.971567383956117 8.26
827 6.966867874275177 8.27
828 6.9699737655276 8.279999999999999
829 6.99783459224303 8.290000000000001
830 7.051804013796897 8.300000000000001
831 7.118630613576358 8.31
832 7.103248456090211 8.32
833 7.12293050212759 8.33
834 7.185499865856657 8.34
835 7.272326535018833 8.35
836 7.218939521547528 8.359999999999999
837 7.118561007245447 8.370000000000001
838 7.065962715625718 8.380000000000001
839 7.135246502834199 8.390000000000001
840 7.197258442111339 8.4
841 7.243059103388889 8.41
842 7.274641202651337 8.42
843 7.32604310897912 8.43
844 7.389365358078344 8.44
845 7.370934265282458 8.449999999999999
846 7.288496604700786 8.460000000000001
847 7.257228675032306 8.470000000000001
848 7.248042370659141 8.48
849 7.270982654995043 8.49
850 7.26622816456053 8.5
851 7.34554524951692 8.51
852 7.390097173391556 8.52
853 7.407528595632471 8.529999999999999
854 7.390656989113245 8.540000000000001
855 7.308774498181724 8.550000000000001
856 7.291073374354227 8.56
857 7.277089048662181 8.57
858 7.334306323622123 8.58
859 7.287984945757305 8.59
860 7.307535943972858 8.6
861 7.289795263200884 8.609999999999999
862 7.279793076394845 8.620000000000001
863 7.327187015494598 8.630000000000001
864 7.310981706847324 8.640000000000001
865 7.317773905953309 8.65
866 7.275191799720894 8.66
867 7.288864740813917 8.67
868 7.269316108513152 8.68
869 7.283769600673709 8.69
870 7.262161870175282 8.700000000000001
871 7.240039569055863 8.710000000000001
872 7.219626895493167 8.720000000000001
873 7.193634202593223 8.73
874 7.259619562389993 8.74
875 7.214068726083648 8.75
876 7.223697944226392 8.76
877 7.189610847697415 8.77
878 7.185136836724205 8.779999999999999
879 7.194985787701897 8.790000000000001
880 7.245167494026994 8.800000000000001
881 7.255915660034152 8.81
882 7.201990428417163 8.82
883 7.152020721091846 8.83
884 7.093108767927715 8.84
885 7.114831577852696 8.85
886 7.053952745127575 8.859999999999999
887 7.094626160903 8.870000000000001
888 7.140268895294737 8.880000000000001
889 7.129719476534311 8.890000000000001
890 7.072249320260738 8.9
891 6.99523026242512 8.91
892 7.0413923249968 8.92
893 7.027760947127213 8.93
894 7.044836299612632 8.94
895 7.048949550732297 8.950000000000001
896 6.978345212391348 8.960000000000001
897 6.90628015193207 8.970000000000001
898 6.8015245546894 8.98
899 6.887427833237175 8.99
900 6.825955573345451 9
901 6.831024494095298 9.01
902 6.805477152320139 9.02
903 6.826896608497736 9.029999999999999
904 6.85797229943723 9.040000000000001
905 6.841416562637634 9.050000000000001
906 6.830725614043837 9.06
907 6.763123846271046 9.07
908 6.671427489926579 9.08
909 6.629560329031118 9.09
910 6.549596003022848 9.1
911 6.522534805082073 9.109999999999999
912 6.512155167188597 9.120000000000001
913 6.550054787673801 9.130000000000001
914 6.518954223981027 9.140000000000001
915 6.56189977275898 9.15
916 6.537063923274579 9.16
917 6.521313967683203 9.17
918 6.44403290307649 9.18
919 6.391153890378495 9.19
920 6.321177185549374 9.200000000000001
921 6.315423141399613 9.210000000000001
922 6.272441375055335 9.220000000000001
923 6.249663039844112 9.23
924 6.228540820145919 9.24
925 6.19372917269726 9.25
926 6.172192797355409 9.26
927 6.15525738246991 9.27
928 6.181576977905864 9.279999999999999
929 6.119754994900345 9.290000000000001
930 6.079950782901785 9.300000000000001
931 6.058567256813117 9.31
932 6.035004021071268 9.32
933 6.024869575483857 9.33
934 5.958533000616279 9.34
935 5.943931369242055 9.35
936 5.932271724279365 9.359999999999999
937 5.907039942701906 9.370000000000001
938 5.84456254286742 9.380000000000001
939 5.796148754630948 9.390000000000001
940 5.7746219977236 9.4
941 5.775692471921238 9.41
942 5.770502840649299 9.42
943 5.711884727611179 9.43
944 5.70723983873346 9.44
945 5.682079525449057 9.450000000000001
946 5.700503969040413 9.460000000000001
947 5.690015491016835 9.470000000000001
948 5.647930996941488 9.48
949 5.61143267043108 9.49
950 5.560147425380673 9.5
951 5.572532806069014 9.51
952 5.573073618443972 9.52
953 5.558835338884505 9.529999999999999
954 5.521153313585567 9.540000000000001
955 5.524066523115459 9.550000000000001
956 5.502204452699778 9.56
957 5.474119738111054 9.57
958 5.471705272546908 9.58
959 5.453335724171809 9.59
960 5.539786925713448 9.6
961 5.542517334550957 9.609999999999999
962 5.465325449561564 9.620000000000001
963 5.407186152004981 9.630000000000001
964 5.378121587716122 9.640000000000001
965 5.393535567603418 9.65
966 5.383836046797084 9.66
967 5.418635445429518 9.67
968 5.377099331096204 9.68
969 5.403853570074507 9.69
970 5.356436956474917 9.700000000000001
971 5.376572857369067 9.710000000000001
972 5.397877764885556 9.720000000000001
973 5.408160798154056 9.73
974 5.492157570475642 9.74
975 5.465620857159794 9.75
976 5.413371582908751 9.76
977 5.364835841587007 9.77
978 5.415128625853628 9.779999999999999
979 5.416698742562294 9.790000000000001
980 5.400383043640579 9.800000000000001
981 5.402139135675148 9.81
982 5.441262228410245 9.82
983 5.461178085250041 9.83
984 5.454686718351168 9.84
985 5.450803388605193 9.85
986 5.47137994182208 9.859999999999999
987 5.50443414056379 9.870000000000001
988 5.470292562240454 9.880000000000001
989 5.506976234506954 9.890000000000001
990 5.529033462786858 9.9
991 5.539924044632905 9.91
992 5.547232575185277 9.92
993 5.559465797134842 9.93
994 5.607982885002395 9.94
995 5.625042034666767 9.950000000000001
996 5.673911151034655 9.960000000000001
997 5.653418063606789 9.970000000000001
998 5.657807865338934 9.98
999 5.672539608580539 9.99
1000 5.70119143139564 10
1001 5.747585249451969 10.01
1002 5.779381060772804 10.02
1003 5.810645036671095 10.03
1004 5.802633155505476 10.04
1005 5.85246190562332 10.05
1006 5.865909693131403 10.06
1007 5.9281399574903 10.07
1008 5.922808112238351 10.08
1009 5.986622624315274 10.09
1010 5.960464997864552 10.1
1011 6.002043131138732 10.11
1012 6.013086744651336 10.12
1013 6.030927124571543 10.13
1014 6.072680038627903 10.14
1015 6.093445715266905 10.15
1016 6.139555098808713 10.16
1017 6.133030724797824 10.17
1018 6.155816488530964 10.18
1019 6.182111797226024 10.19
1020 6.243281992510266 10.2
1021 6.263702175728418 10.21
1022 6.248378852128904 10.22
1023 6.294902680977855 10.23
1024 6.274187523701863 10.24
1025 6.277103365365216 10.25
1026 6.326933764899794 10.26
1027 6.297913729896848 10.27
1028 6.324851564350915 10.28
1029 6.36528820268077 10.29
1030 6.375722846647213 10.3
1031 6.422372980391192 10.31
1032 6.389198522563982 10.32
1033 6.40225395480766 10.33
1034 6.361507542913693 10.34
1035 6.36968288027007 10.35
1036 6.355153992156912 10.36
1037 6.35491910291172 10.37
1038 6.33673254603581 10.38
1039 6.371298428051354 10.39
1040 6.34045336875467 10.4
1041 6.361536979439325 10.41
1042 6.371460924744829 10.42
1043 6.348385748645684 10.43
1044 6.35988341337873 10.44
1045 6.321226661948199 10.45
1046 6.268622479534767 10.46
1047 6.297023479446144 10.47
1048 6.304049603445352 10.48
1049 6.335986672917274 10.49
1050 6.313610431216242 10.5
1051 6.327531232060643 10.51
1052 6.370519809661852 10.52
1053 6.399796347254455 10.53
1054 6.398150842914343 10.54
1055 6.442291960354633 10.55
1056 6.444292972333266 10.56
1057 6.464040268442847 10.57
1058 6.443759763732473 10.58
1059 6.467461032481173 10.59
1060 6.400441734723652 10.6
1061 6.468952836341365 10.61
1062 6.511787052096752 10.62
1063 6.518849892175917 10.63
1064 6.550690223744907 10.64
1065 6.51378269799794 10.65
1066 6.564240836550068 10.66
1067 6.592491416730065 10.67
1068 6.618054926026709 10.68
1069 6.613309959637768 10.69
1070 6.650902184417074 10.7
1071 6.631369331238974 10.71
1072 6.647867864972073 10.72
1073 6.631898611649541 10.73
1074 6.639436760968147 10.74
1075 6.610876545793831 10.75
1076 6.646692495115506 10.76
1077 6.697398413986865 10.77
1078 6.723134367398115 10.78
1079 6.768264794459115 10.79
1080 6.768643443865249 10.8
1081 6.769218958121201 10.81
1082 6.797625410021178 10.82
1083 6.806382362800361 10.83
1084 6.828368827412931 10.84
1085 6.843215885321929 10.85
1086 6.846341615062537 10.86
1087 6.884150703468178 10.87
1088 6.945779818311845 10.88
1089 6.954485106676072 10.89
1090 6.96951260911819 10.9
1091 7.071852453172164 10.91
1092 7.072606090791074 10.92
1093 7.043411187676574 10.93
1094 7.071139679898401 10.94
1095 7.129664151103768 10.95
1096 7.173661191059365 10.96
1097 7.17651209758381 10.97
1098 7.209571121511321 10.98
1099 7.247729812929396 10.99
1100 7.303285629712736 11
1101 7.326008144815774 11.01
1102 7.336408310911112 11.02
1103 7.439355050664068 11.03
1104 7.440076402546057 11.04
1105 7.402321091620149 11.05
1106 7.373412382439736 11.06
1107 7.411963217712671 11.07
1108 7.440842170647917 11.08
1109 7.456910180858316 11.09
1110 7.50199755947467 11.1
1111 7.54445999770337 11.11
1112 7.59858187220875 11.12
1113 7.608149878818604 11.13
1114 7.543766833466585 11.14
1115 7.482595623521524 11.15
1116 7.465191287928221 11.16
1117 7.452085701584177 11.17
1118 7.528262837278533 11.18
1119 7.561123660256825 11.19
1120 7.553481899252411 11.2
1121 7.55746766420808 11.21
1122 7.556278001151463 11.22
1123 7.513833520847737 11.23
1124 7.502261114937833 11.24
1125 7.492962495998799 11.25
1126 7.452111676606845 11.26
1127 7.465659109288104 11.27
1128 7.463249985943412 11.28
1129 7.458089716157302 11.29
1130 7.448918625424349 11.3
1131 7.489038183391805 11.31
1132 7.483286951268449 11.32
1133 7.491702568968277 11.33
1134 7.477000382149416 11.34
1135 7.470232822112302 11.35
1136 7.469233649587941 11.36
1137 7.480359780091447 11.37
1138 7.489735463325405 11.38
1139 7.472899497746185 11.39
1140 7.441518758098174 11.4
1141 7.433409867362804 11.41
1142 7.419658225636036 11.42
1143 7.459817557981435 11.43
1144 7.455755497725421 11.44
1145 7.473000602350147 11.45
1146 7.468285250248506 11.46
1147 7.437398143708379 11.47
1148 7.467144831440508 11.48
1149 7.459130653954077 11.49
1150 7.460355624115023 11.5
1151 7.414814411497716 11.51
1152 7.381115352833106 11.52
1153 7.309417768974519 11.53
1154 7.330354682388226 11.54
1155 7.349833413360763 11.55
1156 7.361939117600585 11.56
1157 7.386403332825904 11.57
1158 7.349056948816691 11.58
1159 7.348629742195834 11.59
1160 7.246062589590109 11.6
1161 7.269151406307032 11.61
1162 7.240081276864313 11.62
1163 7.245894117028604 11.63
1164 7.268351231881796 11.64
1165 7.236231755520322 11.65
1166 7.235517824207849 11.66
1167 7.178002855146453 11.67
1168 7.160423272372403 11.68
1169 7.125177414651667 11.69
1170 7.123242448089449 11.7
1171 7.098812458578416 11.71
1172 7.066207197140669 11.72
1173 7.088638796479772 11.73
1174 7.048521386648264 11.74
1175 7.080949775411971 11.75
1176 7.022012468813529 11.76
1177 6.963018365566106 11.77
1178 6.894152265713158 11.78
1179 6.866415817672806 11.79
1180 6.861273363237316 11.8
1181 6.875718744413772 11.81
1182 6.891981656521736 11.82
1183 6.844129957043676 11.83
1184 6.80043141047549 11.84
1185 6.760075331357867 11.85
1186 6.743787963177817 11.86
1187 6.64839835803764 11.87
1188 6.600007319128474 11.88
1189 6.583134663883979 11.89
1190 6.565784660307732 11.9
1191 6.583878112549139 11.91
1192 6.531260736360623 11.92
1193 6.50174598204127 11.93
1194 6.429492316354947 11.94
1195 6.403986423065955 11.95
1196 6.362647022224284 11.96
1197 6.34249241974815 11.97
1198 6.33735203788108 11.98
1199 6.305374683322375 11.99
1200 6.295816921707388 12
1201 6.225043674428047 12.01
1202 6.233547942512426 12.02
1203 6.189554194552242 12.03
1204 6.144705410144391 12.04
1205 6.105081249692508 12.05
1206 6.046373745842245 12.06
1207 6.019005834771611 12.07
1208 5.988365656298007 12.08
1209 5.970288060951223 12.09
1210 5.91723287289707 12.1
1211 5.91725055631314 12.11
1212 5.874117887951498 12.12
1213 5.873532312768473 12.13
1214 5.853549992339424 12.14
1215 5.819936604414064 12.15
1216 5.830001590600668 12.16
1217 5.789832813604381 12.17
1218 5.768647009274203 12.18
1219 5.711833642989964 12.19
1220 5.691890140470498 12.2
1221 5.64396122897143 12.21
1222 5.630962337130224 12.22
1223 5.627967583598154 12.23
1224 5.586462482063824 12.24
1225 5.596384222455281 12.25
1226 5.543670651201304 12.26
1227 5.554836265394402 12.27
1228 5.501388216654155 12.28
1229 5.499294832927091 12.29
1230 5.490335341235741 12.3
1231 5.445556874516414 12.31
1232 5.448189692846466 12.32
1233 5.422483236085863 12.33
1234 5.44871759544501 12.34
1235 5.398834569581011 12.35
1236 5.422526730105494 12.36
1237 5.386317969607009 12.37
1238 5.392148979131902 12.38
1239 5.40729868929807 12.39
1240 5.402659146332437 12.4
1241 5.375614723896105 12.41
1242 5.350493211173583 12.42
1243 5.386476554228222 12.43
1244 5.397070679780898 12.44
1245 5.377185246634681 12.45
1246 5.321877461416407 12.46
1247 5.380067211353891 12.47
1248 5.410285960580036 12.48
1249 5.451113948822843 12.49
1250 5.415021576320279 12.5
1251 5.428696418480065 12.51
1252 5.409372136985672 12.52
1253 5.41022626683869 12.53
1254 5.46703695824279 12.54
1255 5.454447799919612 12.55
1256 5.438866723385475 12.56
1257 5.470033699486308 12.57
1258 5.47779026181445 12.58
1259 5.511360201176626 12.59
1260 5.56085224583457 12.6
1261 5.590225929147572 12.61
1262 5.563977939045111 12.62
1263 5.580981741140403 12.63
1264 5.572604061313163 12.64
1265 5.590113612004226 12.65
1266 5.63174159611992 12.66
1267 5.664502226629298 12.67
1268 5.655849997924031 12.68
1269 5.626657123417148 12.69
1270 5.728012521552099 12.7
1271 5.714093349298608 12.71
1272 5.710105588317485 12.72
1273 5.750161802094001 12.73
1274 5.801583987999313 12.74
1275 5.815588146274503 12.75
1276 5.789965748258414 12.76
1277 5.837934734051236 12.77
1278 5.848704446917137 12.78
1279 5.918627433163834 12.79
1280 5.909218112277995 12.8
1281 5.951616097573525 12.81
1282 5.937116791371684 12.82
1283 5.97253570333502 12.83
1284 5.975610302890802 12.84
1285 6.033109726423331 12.85
1286 6.071257956573809 12.86
1287 6.053133808491213 12.87
1288 6.104052548193213 12.88
1289 6.096499907699291 12.89
1290 6.099913842241122 12.9
1291 6.129738879475721 12.91
1292 6.168793969375233 12.92
1293 6.219862157720791 12.93
1294 6.222794618525924 12.94
1295 6.219847783384727 12.95
1296 6.244334157303569 12.96
1297 6.245097174412483 12.97
1298 6.260272257377443 12.98
1299 6.291964150366248 12.99
1300 6.316560730943876 13
1301 6.330450023315758 13.01
1302 6.313084705599125 13.02
1303 6.310435668117553 13.03
1304 6.404833120508354 13.04
1305 6.355807769754753 13.05
1306 6.329696570150205 13.06
1307 6.350323122938772 13.07
1308 6.333277842500931 13.08
1309 6.303821108392082 13.09
1310 6.269776904916231 13.1
1311 6.389899600862995 13.11
1312 6.391397075749119 13.12
1313 6.368855541168569 13.13
1314 6.352402638915003 13.14
1315 6.310621626406494 13.15
1316 6.322390476514603 13.16
1317 6.315358779771287 13.17
1318 6.323455455170447 13.18
1319 6.314567565249216 13.19
1320 6.421271381419741 13.2
1321 6.413332424937366 13.21
1322 6.44576242452291 13.22
1323 6.447389779224633 13.23
1324 6.480892415744545 13.24
1325 6.459558486165362 13.25
1326 6.500889474325631 13.26
1327 6.5474787991533 13.27
1328 6.531775560928514 13.28
1329 6.538367759255085 13.29
1330 6.521137607917352 13.3
1331 6.534954601724056 13.31
1332 6.561916200443275 13.32
1333 6.514328835120396 13.33
1334 6.545383677948585 13.34
1335 6.540915860330331 13.35
1336 6.596403036662724 13.36
1337 6.569550310471726 13.37
1338 6.617644512909074 13.38
1339 6.580555817259766 13.39
1340 6.644026595630962 13.4
1341 6.585130277925305 13.41
1342 6.6397853783179 13.42
1343 6.616243972030418 13.43
1344 6.615813051834387 13.44
1345 6.629867069219459 13.45
1346 6.681298514559758 13.46
1347 6.697573412861454 13.47
1348 6.665142937099176 13.48
1349 6.684310613315677 13.49
1350 6.725556119793149 13.5
1351 6.759323884269705 13.51
1352 6.750821090997501 13.52
1353 6.741821242577294 13.53
1354 6.765649466471127 13.54
1355 6.800263822690071 13.55
1356 6.80745414734301 13.56
1357 6.813601650162791 13.57
1358 6.847315817723546 13.58
1359 6.928818752328817 13.59
1360 6.982644444318104 13.6
1361 6.998221973560737 13.61
1362 6.97353617417325 13.62
1363 7.014582164255717 13.63
1364 7.048758756933033 13.64
1365 7.075719122648086 13.65
1366 7.090395534925591 13.66
1367 7.137760027117614 13.67
1368 7.192775857118603 13.68
1369 7.22632621085846 13.69
1370 7.239123777428671 13.7
1371 7.292780366005567 13.71
1372 7.417702754972376 13.72
1373 7.407613260151257 13.73
1374 7.323183324084074 13.74
1375 7.256919389747691 13.75
1376 7.292494696943596 13.76
1377 7.366720501940009 13.77
1378 7.398916958968755 13.78
1379 7.428348143973966 13.79
1380 7.477760050165145 13.8
1381 7.534547789296506 13.81
1382 7.521055347956145 13.82
1383 7.482491521968213 13.83
1384 7.370106052473256 13.84
1385 7.381241158964735 13.85
1386 7.406687384102346 13.86
1387 7.426992721855767 13.87
1388 7.450728006792939 13.88
1389 7.456072872900059 13.89
1390 7.544068381015837 13.9
1391 7.504927438794906 13.91
1392 7.398473796140721 13.92
1393 7.330995378921083 13.93
1394 7.359283801604853 13.94
1395 7.433635451571718 13.95
1396 7.431560767881368 13.96
1397 7.404392814457765 13.97
1398 7.352284182360725 13.98
1399 7.359864907912081 13.99
1400 7.370464614867984 14
1401 7.414493447212572 14.01
1402 7.430651143506727 14.02
1403 7.39564675381339 14.03
1404 7.384977414670144 14.04
1405 7.389177466871335 14.05
1406 7.403042966390538 14.06
1407 7.376574252806578 14.07
1408 7.377035089795701 14.08
1409 7.376217360067419 14.09
1410 7.378980988353182 14.1
1411 7.41217174137046 14.11
1412 7.351793656406369 14.12
1413 7.408211461758514 14.13
1414 7.354757694372045 14.14
1415 7.371660170048034 14.15
1416 7.362903310737033 14.16
1417 7.359688197383639 14.17
1418 7.342931125162345 14.18
1419 7.395008205045282 14.19
1420 7.358660156198737 14.2
1421 7.30147629516782 14.21
1422 7.243440440306247 14.22
1423 7.224157149396877 14.23
1424 7.227782145747598 14.24
1425 7.260458711430517 14.25
1426 7.25477445633574 14.26
1427 7.281060616689485 14.27
1428 7.22746032283931 14.28
1429 7.250057312437475 14.29
1430 7.201391840084052 14.3
1431 7.209285804937826 14.31
1432 7.188045445556462 14.32
1433 7.210881157026837 14.33
1434 7.202084167707904 14.34
1435 7.163870074159142 14.35
1436 7.15217304998533 14.36
1437 7.053872847687523 14.37
1438 7.06198860507967 14.38
1439 7.037977383482333 14.39
1440 7.024234118530725 14.4
1441 6.980520065281022 14.41
1442 6.985684797936524 14.42
1443 6.974997621753572 14.43
1444 6.961459241365501 14.44
1445 6.941677041782474 14.45
1446 6.912410032354453 14.46
1447 6.908213832737847 14.47
1448 6.834569309923083 14.48
1449 6.781193293336702 14.49
1450 6.795654883069847 14.5
1451 6.822969815197704 14.51
1452 6.81987134137726 14.52
1453 6.765786418283742 14.53
1454 6.76437089534523 14.54
1455 6.705118879915025 14.55
1456 6.670281791569621 14.56
1457 6.616579356604314 14.57
1458 6.57640096264343 14.58
1459 6.559622788528319 14.59
1460 6.653032755912108 14.6
1461 6.577324469214274 14.61
1462 6.535282744829298 14.62
1463 6.496243704185621 14.63
1464 6.383240541387293 14.64
1465 6.358196633628233 14.65
1466 6.395138832052747 14.66
1467 6.401045210186484 14.67
1468 6.358867993750219 14.68
1469 6.318060068291498 14.69
1470 6.333200354940497 14.7
1471 6.237140064545467 14.71
1472 6.172858925480448 14.72
1473 6.197216963828065 14.73
1474 6.190388989727733 14.74
1475 6.143006338701313 14.75
1476 6.096484998209556 14.76
1477 6.041762448432907 14.77
1478 6.031141575492007 14.78
1479 6.025524812012139 14.79
1480 5.88915668268046 14.8
1481 5.914909819959369 14.81
1482 5.917718654360925 14.82
1483 5.94446998569467 14.83
1484 5.929685802898573 14.84
1485 5.927605012741859 14.85
1486 5.882193527893747 14.86
1487 5.826832753209613 14.87
1488 5.799391107763623 14.88
1489 5.800097434989458 14.89
1490 5.759485772004441 14.9
1491 5.712170967954355 14.91
1492 5.701579515362081 14.92
1493 5.682083805441976 14.93
1494 5.688561320871965 14.94
1495 5.729987305040526 14.95
1496 5.708702921320548 14.96
1497 5.649793501717483 14.97
1498 5.592771260469726 14.98
1499 5.592289650974486 14.99
1500 5.558778865440811 15
1501 5.580563457720239 15.01
1502 5.539433023160697 15.02
1503 5.51551164469801 15.03
1504 5.502257228583738 15.04
1505 5.500778647282706 15.05
1506 5.516193699198171 15.06
1507 5.501253650943585 15.07
1508 5.528922006583376 15.08
1509 5.448488347247948 15.09
1510 5.472262338483547 15.1
1511 5.446124515346236 15.11
1512 5.461867090514704 15.12
1513 5.480355994053861 15.13
1514 5.47426964620089 15.14
1515 5.486255584821222 15.15
1516 5.472323773223649 15.16
1517 5.515450533865611 15.17
1518 5.47542320420556 15.18
1519 5.507745485590019 15.19
1520 5.477381146200288 15.2
1521 5.47232191476411 15.21
1522 5.471673469359836 15.22
1523 5.472510837922116 15.23
1524 5.500802529710285 15.24
1525 5.526811076120341 15.25
1526 5.557420657997008 15.26
1527 5.537843725918109 15.27
1528 5.562774829596044 15.28
1529 5.56770073312567 15.29
1530 5.545109626706116 15.3
1531 5.587702015741488 15.31
1532 5.603779460248822 15.32
1533 5.650018431986467 15.33
1534 5.656355544767084 15.34
1535 5.688972789912312 15.35
1536 5.662425617288663 15.36
1537 5.702268504190837 15.37
1538 5.716491047108924 15.38
1539 5.735809246520843 15.39
1540 5.793410276884991 15.4
1541 5.820231859799377 15.41
1542 5.851227304794472 15.42
1543 5.849086055013865 15.43
1544 5.87435587309245 15.44
1545 5.855167516487046 15.45
1546 5.914068164661115 15.46
1547 5.925244836534277 15.47
1548 5.942566196817022 15.48
1549 5.978486785752771 15.49
1550 6.016179407053021 15.5
1551 5.993242410475069 15.51
1552 6.03437765939066 15.52
1553 6.035271253510015 15.53
1554 6.085282022742108 15.54
1555 6.151871526888302 15.55
1556 6.166921415110166 15.56
1557 6.166361236533978 15.57
1558 6.150094120698692 15.58
1559 6.163611867472778 15.59
1560 6.215034230223183 15.6
1561 6.240314674617493 15.61
1562 6.2340872187118 15.62
1563 6.256700984424255 15.63
1564 6.248492488494537 15.64
1565 6.294418314106957 15.65
1566 6.297992323651265 15.66
1567 6.33540082646229 15.67
1568 6.375184534650252 15.68
1569 6.390670271616286 15.69
1570 6.357609907424977 15.7
1571 6.365467493484346 15.71
1572 6.361566855411023 15.72
1573 6.382439600295342 15.73
1574 6.405781935558042 15.74
1575 6.385934956989208 15.75
1576 6.407626188273208 15.76
1577 6.383860210710936 15.77
1578 6.392733125412536 15.78
1579 6.339515762821974 15.79
1580 6.350891278147873 15.8
1581 6.377055678395202 15.81
1582 6.361572628754802 15.82
1583 6.289814369183527 15.83
1584 6.319223077724249 15.84
1585 6.324809172694286 15.85
1586 6.355751206540764 15.86
1587 6.324538628407841 15.87
1588 6.346621884141628 15.88
1589 6.366067449409295 15.89
1590 6.372261739832084 15.9
1591 6.379812670777459 15.91
1592 6.396583918670872 15.92
1593 6.400643194087126 15.93
1594 6.435440986574603 15.94
1595 6.44109322375261 15.95
1596 6.50021881275604 15.96
1597 6.444170698712988 15.97
1598 6.482293115326212 15.98
1599 6.472659911139414 15.99
1600 6.45170398561842 16
1601 6.514679540400586 16.01
1602 6.518750305334512 16.02
1603 6.566773497014482 16.03
1604 6.536619834218062 16.04
1605 6.560563852026553 16.05
1606 6.553129251912362 16.06
1607 6.55642527993953 16.07
1608 6.591082460752629 16.08
1609 6.596140728536585 16.09
1610 6.595257621411212 16.1
1611 6.617728006734987 16.11
1612 6.579138954804851 16.12
1613 6.609678262323079 16.13
1614 6.615213475451411 16.14
1615 6.666093033654796 16.15
1616 6.695233228042522 16.16
1617 6.711433698598003 16.17
1618 6.707126922312998 16.18
1619 6.711280658389451 16.19
1620 6.75413264095486 16.2
1621 6.733823838632789 16.21
1622 6.749071882933395 16.22
1623 6.786435639329437 16.23
1624 6.82007486772939 16.24
1625 6.842805467123983 16.25
1626 6.790780824095829 16.26
1627 6.8650349779984 16.27
1628 6.973345296748356 16.28
1629 7.016083365812467 16.29
1630 6.978651267256864 16.3
1631 6.932089843002024 16.31
1632 7.011796964702573 16.32
1633 7.068615187954657 16.33
1634 7.042511220278068 16.34
1635 7.074158930568407 16.35
1636 7.142405508022649 16.36
1637 7.182941406313486 16.37
1638 7.22730309979324 16.38
1639 7.227646540869364 16.39
1640 7.233011723867975 16.4
1641 7.277859761982243 16.41
1642 7.32424750841338 16.42
1643 7.292457707765285 16.43
1644 7.315710007338111 16.44
1645 7.364836840285525 16.45
1646 7.358078891289168 16.46
1647 7.405026901643266 16.47
1648 7.435169244501164 16.48
1649 7.496006563120198 16.49
1650 7.537371099055773 16.5
1651 7.491461820801144 16.51
1652 7.407087474054278 16.52
1653 7.389339207553765 16.53
1654 7.370204069618214 16.54
1655 7.423394814315627 16.55
1656 7.444110580774312 16.56
1657 7.439278658642085 16.57
1658 7.462242022983937 16.58
1659 7.441444741297044 16.59
1660 7.463021242477287 16.6
1661 7.440330794766266 16.61
1662 7.397595581908058 16.62
1663 7.390068111585531 16.63
1664 7.354657663592572 16.64
1665 7.336006671970481 16.65
1666 7.335475584714082 16.66
1667 7.362768958377297 16.67
1668 7.436770331792624 16.68
1669 7.429794356473344 16.69
1670 7.39528828754348 16.7
1671 7.35666810302506 16.71
1672 7.359312493548586 16.72
1673 7.29901810916124 16.73
1674 7.357750739622773 16.74
1675 7.328361231137798 16.75
1676 7.392335240889961 16.76
1677 7.265878832962986 16.77
1678 7.316255912328884 16.78
1679 7.332628616654625 16.79
1680 7.282806491689116 16.8
1681 7.259258849607886 16.81
1682 7.302919756498699 16.82
1683 7.308240376578551 16.83
1684 7.288195225850375 16.84
1685 7.334766126787851 16.85
1686 7.33863352264097 16.86
1687 7.356220795129495 16.87
1688 7.259375225350428 16.88
1689 7.252257241541288 16.89
1690 7.151395671343092 16.9
1691 7.177052567540656 16.91
1692 7.219976091340931 16.92
1693 7.263608188088855 16.93
1694 7.258827641005476 16.94
1695 7.223027801013931 16.95
1696 7.183512743146262 16.96
1697 7.142703717127535 16.97
1698 7.160061439269824 16.98
1699 7.112132289823686 16.99
1700 7.187688824408239 17
1701 7.128306796192414 17.01
1702 7.118808691511661 17.02
1703 7.063658504323448 17.03
1704 6.927055206370829 17.04
1705 6.969400515335246 17.05
1706 6.954050674346032 17.06
1707 6.979734193125627 17.07
1708 7.001541703285903 17.08
1709 6.994876385788341 17.09
1710 7.027126284225273 17.1
1711 6.989431002079609 17.11
1712 6.915758845781269 17.12
1713 6.88646456225746 17.13
1714 6.829658615713231 17.14
1715 6.779258232646384 17.15
1716 6.7679362357268 17.16
1717 6.706001756999441 17.17
1718 6.806954002397445 17.18
1719 6.788979946140332 17.19
1720 6.797836435676357 17.2
1721 6.8099858394353 17.21
1722 6.664988408357788 17.22
1723 6.666725207583722 17.23
1724 6.510829316168311 17.24
1725 6.53629298747209 17.25
1726 6.452052049836061 17.26
1727 6.467475519264119 17.27
1728 6.490953186953265 17.28
1729 6.48590002567127 17.29
1730 6.413057729185989 17.3
1731 6.342543874986124 17.31
1732 6.373087052052858 17.32
1733 6.293756484385217 17.33
1734 6.324691780595222 17.34
1735 6.285391138534188 17.35
1736 6.293851373979729 17.36
1737 6.280174532916464 17.37
1738 6.183103311254187 17.38
1739 6.195457451920842 17.39
1740 6.131462646329716 17.4
1741 6.121103275937218 17.41
1742 6.044373513268066 17.42
1743 6.022704350978245 17.43
1744 6.030536851763635 17.44
1745 5.977900134428292 17.45
1746 5.973943727183578 17.46
1747 5.962175949905824 17.47
1748 5.962189223074104 17.48
1749 5.90313479323698 17.49
1750 5.885369315238695 17.5
1751 5.852045607538793 17.51
1752 5.80554519519401 17.52
1753 5.734765437222501 17.53
1754 5.745613878551303 17.54
1755 5.79368940411999 17.55
1756 5.694235656113132 17.56
1757 5.734057250548363 17.57
1758 5.69628184988972 17.58
1759 5.738464012538 17.59
1760 5.700298038486377 17.6
1761 5.663291464097913 17.61
1762 5.693031226475445 17.62
1763 5.566673626582042 17.63
1764 5.588970865211706 17.64
1765 5.486099334041127 17.65
1766 5.527492135018115 17.66
1767 5.523635299613678 17.67
1768 5.475075346998853 17.68
1769 5.489337560661063 17.69
1770 5.510080282434877 17.7
1771 5.521918855561477 17.71
1772 5.482030118359223 17.72
1773 5.476111210998776 17.73
1774 5.399123501043301 17.74
1775 5.476805596181106 17.75
1776 5.426962940918026 17.76
1777 5.451690954166018 17.77
1778 5.481716910524725 17.78
1779 5.448327632843659 17.79
1780 5.297849564020255 17.8
1781 5.288257520511626 17.81
1782 5.393471797430228 17.82
1783 5.413775347817242 17.83
1784 5.490619022973583 17.84
1785 5.443629834250809 17.85
1786 5.4542139067128 17.86
1787 5.462217629245241 17.87
1788 5.427232855459105 17.88
1789 5.453025340848053 17.89
1790 5.445583790562282 17.9
1791 5.481243638481741 17.91
1792 5.467499553701256 17.92
1793 5.503210439502831 17.93
1794 5.479760578979017 17.94
1795 5.521549020978099 17.95
1796 5.552615345269416 17.96
1797 5.540253005786745 17.97
1798 5.555482007524255 17.98
1799 5.555296193421751 17.99
1800 5.564817193391079 18
1801 5.57740398647667 18.01
1802 5.63379340476385 18.02
1803 5.64101686903386 18.03
1804 5.660669881685709 18.04
1805 5.646691796232327 18.05
1806 5.683554086649006 18.06
1807 5.723795666713638 18.07
1808 5.725409467837515 18.08
1809 5.755522329329071 18.09
1810 5.754155315634797 18.1
1811 5.797104701591609 18.11
1812 5.798911145277436 18.12
1813 5.822546369827328 18.13
1814 5.830149577467301 18.14
1815 5.880910113505943 18.15
1816 5.913747452032037 18.16
1817 5.920700716717634 18.17
1818 5.950122940092121 18.18
1819 5.966977187041443 18.19
1820 5.983151200484251 18.2
1821 6.011699950011457 18.21
1822 6.036586832446349 18.22
1823 6.054364110117914 18.23
1824 6.097543134807333 18.24
1825 6.095118220365578 18.25
1826 6.093200428709626 18.26
1827 6.094370705957219 18.27
1828 6.123004456313832 18.28
1829 6.162035848172741 18.29
1830 6.196126449632829 18.3
1831 6.206386760100527 18.31
1832 6.209101201489625 18.32
1833 6.228540057254716 18.33
1834 6.244846592485295 18.34
1835 6.261714005212594 18.35
1836 6.294562363473896 18.36
1837 6.326659677985849 18.37
1838 6.321873557639629 18.38
1839 6.341716611189946 18.39
1840 6.371993065969752 18.4
1841 6.384625770818906 18.41
1842 6.338146130465721 18.42
1843 6.32862663365998 18.43
1844 6.32755961094439 18.44
1845 6.306446733994426 18.45
1846 6.308600839973955 18.46
1847 6.28520279611003 18.47
1848 6.376157714342723 18.48
1849 6.390762219478858 18.49
1850 6.441587712774191 18.5
1851 6.384253710191045 18.51
1852 6.312188904476749 18.52
1853 6.299940725004886 18.53
1854 6.31374954659766 18.54
1855 6.314548093734599 18.55
1856 6.308261887951056 18.56
1857 6.375921710776326 18.57
1858 6.407873159066762 18.58
1859 6.441331598570693 18.59
1860 6.43455173875522 18.6
1861 6.457099719505417 18.61
1862 6.439410831859885 18.62
1863 6.449034735214648 18.63
1864 6.505624080132836 18.64
1865 6.50997258085508 18.65
1866 6.518641616725273 18.66
1867 6.504773588301318 18.67
1868 6.529362711714768 18.68
1869 6.503754371916179 18.69
1870 6.50521012657294 18.7
1871 6.5307811061987 18.71
1872 6.551346504151934 18.72
1873 6.585740619827495 18.73
1874 6.554213111886304 18.74
1875 6.580168047789352 18.75
1876 6.530202860024328 18.76
1877 6.585306686202829 18.77
1878 6.542983418917816 18.78
1879 6.582587098539711 18.79
1880 6.582872262329893 18.8
1881 6.582166473436036 18.81
1882 6.587012755344467 18.82
1883 6.655975615503612 18.83
1884 6.687371905117647 18.84
1885 6.668669507873449 18.85
1886 6.682066351428835 18.86
1887 6.69181022143306 18.87
1888 6.724545290360098 18.88
1889 6.723382991968095 18.89
1890 6.712236096109469 18.9
1891 6.738452395433693 18.91
1892 6.789927696440044 18.92
1893 6.823598503395342 18.93
1894 6.836979770393567 18.94
1895 6.829587688311848 18.95
1896 6.878060142479164 18.96
1897 6.941696500190814 18.97
1898 7.00863076308817 18.98
1899 7.016694272640629 18.99
1900 7.014917031575834 19
1901 7.030967083491335 19.01
1902 7.095622877131331 19.02
1903 7.09108186856989 19.03
1904 7.125002753174736 19.04
1905 7.182596180939655 19.05
1906 7.214952292815821 19.06
1907 7.245146721990415 19.07
1908 7.263057552835644 19.08
1909 7.394767659789236 19.09
1910 7.427310984399129 19.1
1911 7.413036199426841 19.11
1912 7.315085326153722 19.12
1913 7.266941960911095 19.13
1914 7.332761761323833 19.14
1915 7.385826528719118 19.15
1916 7.409496647353868 19.16
1917 7.470420120822741 19.17
1918 7.534491910012521 19.18
1919 7.57730106670451 19.19
1920 7.542462283791785 19.2
1921 7.411145811496483 19.21
1922 7.39348349514916 19.22
1923 7.373932068011844 19.23
1924 7.456952930814139 19.24
1925 7.445255747487662 19.25
1926 7.383656045574337 19.26
1927 7.534458190285158 19.27
1928 7.535782815365717 19.28
1929 7.451681623455541 19.29
1930 7.373293551504344 19.3
1931 7.379255899214469 19.31
1932 7.395636657787602 19.32
1933 7.436856284152467 19.33
1934 7.411595969934223 19.34
1935 7.363518782737842 19.35
1936 7.381555196866651 19.36
1937 7.408524496041935 19.37
1938 7.430192307313133 19.38
1939 7.415707281768817 19.39
1940 7.342556993818832 19.4
1941 7.336441616285606 19.41
1942 7.377452174410526 19.42
1943 7.415617115654018 19.43
1944 7.356281966513819 19.44
1945 7.446348912179699 19.45
1946 7.320982963674913 19.46
1947 7.390709058559148 19.47
1948 7.368353900782918 19.48
1949 7.391287480200472 19.49
1950 7.404463993452166 19.5
1951 7.324518715937588 19.51
1952 7.394730044253952 19.52
1953 7.387821103047232 19.53
1954 7.430714446284068 19.54
1955 7.36591095207962 19.55
1956 7.418120214636792 19.56
1957 7.312075630227371 19.57
1958 7.266153742789274 19.58
1959 7.295491477358599 19.59
1960 7.227260772274254 19.6
1961 7.212732623398709 19.61
1962 7.230309109284082 19.62
1963 7.262403440263703 19.63
1964 7.227915078511373 19.64
1965 7.243726932959019 19.65
1966 7.249670605952518 19.66
1967 7.211073765364912 19.67
1968 7.245461957102224 19.68
1969 7.210737623118176 19.69
1970 7.21123161297303 19.7
1971 7.168243231076412 19.71
1972 7.107199940433225 19.72
1973 7.06466236144087 19.73
1974 7.054003528542064 19.74
1975 7.052192011417543 19.75
1976 7.050410783762041 19.76
1977 7.023908195788019 19.77
1978 7.015629754747721 19.78
1979 6.989913965107174 19.79
1980 6.940969709517296 19.8
1981 6.930761448522618 19.81
1982 6.915251202465195 19.82
1983 6.903388537271635 19.83
1984 6.874123868597039 19.84
1985 6.802927047864634 19.85
1986 6.80884170233255 19.86
1987 6.758879357094986 19.87
1988 6.796859311397305 19.88
1989 6.74153622591558 19.89
1990 6.7553981901595 19.9
1991 6.736554221300374 19.91
1992 6.678807478800952 19.92
1993 6.655723146428128 19.93
1994 6.588681930651786 19.94
1995 6.545664108262917 19.95
1996 6.50600840863447 19.96
1997 6.502587892538343 19.97
1998 6.479621723115491 19.98
1999 6.448020373948065 19.99
2000 6.401319667443005 20
