"report-file-0"
"Time Step" "cm etc.."
("Time Step" "cm" "flow-time")
0 0 0
1 0.413259229247134 0.01
2 -0.03838499404634007 0.02
3 -0.04793802091256688 0.03
4 -0.07515704801533432 0.04
5 -0.1119728035816838 0.05
6 -0.0936343821216177 0.06
7 -0.1074437225188292 0.07000000000000001
8 -0.1132698737841874 0.08
9 -0.1119055428999284 0.09
10 -0.119932625417819 0.1
11 -0.1214009546808046 0.11
12 -0.1289310888922607 0.12
13 -0.134788305256888 0.13
14 -0.1312266578927233 0.14
15 -0.1232770948430212 0.15
16 -0.1243558059867414 0.16
17 -0.1338331112810568 0.17
18 -0.1443974015663519 0.18
19 -0.147309791605428 0.19
20 -0.1517929776001691 0.2
21 -0.1465950835129713 0.21
22 -0.1501574654036432 0.22
23 -0.1505491610925029 0.23
24 -0.1498246751832075 0.24
25 -0.1422577274193177 0.25
26 -0.1479970662475696 0.26
27 -0.168482489972465 0.27
28 -0.1721863438189743 0.28
29 -0.1668609532023098 0.29
30 -0.1582066497888315 0.3
31 -0.1531888628162169 0.31
32 -0.1521910834575335 0.32
33 -0.139514948678424 0.33
34 -0.1376144071056542 0.34
35 -0.1403967079719826 0.35
36 -0.1583914796203214 0.36
37 -0.1720775198489312 0.37
38 -0.1700830744683742 0.38
39 -0.1645348073052612 0.39
40 -0.1539950494883185 0.4
41 -0.135945518439427 0.41
42 -0.1343507566934959 0.42
43 -0.1347000151000681 0.43
44 -0.1436920873994075 0.44
45 -0.153990190414958 0.45
46 -0.1569348142574572 0.46
47 -0.1544046930207604 0.47
48 -0.1417642374019926 0.48
49 -0.1324828988553055 0.49
50 -0.1358603710566971 0.5
51 -0.1387427360379905 0.51
52 -0.1351329450865873 0.52
53 -0.1306010672265116 0.53
54 -0.1272400299194602 0.54
55 -0.1067415155092458 0.55
56 -0.1354071273264182 0.5600000000000001
57 -0.1300694738417234 0.5700000000000001
58 -0.1250005270574963 0.58
59 -0.1039036656941667 0.59
60 -0.05453691337300404 0.6
61 -0.05522229554746657 0.61
62 -0.06438410327094406 0.62
63 -0.07910740768802722 0.63
64 -0.07284026175856452 0.64
65 -0.06320776134646734 0.65
66 -0.05340140750499018 0.66
67 -0.04661154067437693 0.67
68 -0.04067289334171639 0.68
69 -0.03232306314719435 0.6900000000000001
70 -0.02189419518047239 0.7000000000000001
71 -0.01450818343423589 0.71
72 -0.00779906150371603 0.72
73 0.0001687866219108134 0.73
74 0.005604667775733153 0.74
75 0.01228525848893177 0.75
76 0.01531440298584075 0.76
77 0.01702583192435804 0.77
78 0.02280481295160998 0.78
79 0.03409721567439434 0.79
80 0.04089752421913433 0.8
81 0.04746031203297241 0.8100000000000001
82 0.05747623050616603 0.8200000000000001
83 0.06608563719355502 0.8300000000000001
84 0.05869524175559002 0.84
85 0.06651931812339 0.85
86 0.08066414779590039 0.86
87 0.09097206484654695 0.87
88 0.09485010593909325 0.88
89 0.1119957052466549 0.89
90 0.1137974700752007 0.9
91 0.1142548642776617 0.91
92 0.1152356589885426 0.92
93 0.1120159468971825 0.93
94 0.1124123607610039 0.9400000000000001
95 0.1323650552622436 0.9500000000000001
96 0.1476158215937514 0.96
97 0.1560004787686871 0.97
98 0.1507406042695256 0.98
99 0.1634528482128112 0.99
100 0.1701741463417481 1
101 0.1790147496853464 1.01
102 0.1841764769493347 1.02
103 0.1837447386191087 1.03
104 0.1931458070482606 1.04
105 0.1991376042526512 1.05
106 0.2052359477639129 1.06
107 0.2171345298506001 1.07
108 0.2189412185861274 1.08
109 0.2256331749254345 1.09
110 0.2289726405961612 1.1
111 0.2334264025452353 1.11
112 0.2409959117955444 1.12
113 0.2455853545630473 1.13
114 0.2489269175985633 1.14
115 0.2577329005737807 1.15
116 0.2688900483191079 1.16
117 0.2723538209041427 1.17
118 0.2822719382562747 1.18
119 0.282142520513139 1.19
120 0.2879429184598682 1.2
121 0.291368003375761 1.21
122 0.2910645533003432 1.22
123 0.2965721918114936 1.23
124 0.3003541278945023 1.24
125 0.3098868981037597 1.25
126 0.3148721837487506 1.26
127 0.3258370333078461 1.27
128 0.3300707028636007 1.28
129 0.3266705204226681 1.29
130 0.3333879106567447 1.3
131 0.3321398527744284 1.31
132 0.3377561248231286 1.32
133 0.3407318770730966 1.33
134 0.3487150186352728 1.34
135 0.3454627067338876 1.35
136 0.3570967269727833 1.36
137 0.3558574321422206 1.37
138 0.3591572019363783 1.38
139 0.3501822016204253 1.39
140 0.3550139432758946 1.4
141 0.3626858207827687 1.41
142 0.36111045700342 1.42
143 0.370719284285866 1.43
144 0.373569534314922 1.44
145 0.3733684996137469 1.45
146 0.3756164311553403 1.46
147 0.3836891725982052 1.47
148 0.3873361718884881 1.48
149 0.3848225998393856 1.49
150 0.3838476225106346 1.5
151 0.3845252813313617 1.51
152 0.3781024236999855 1.52
153 0.3819873184804416 1.53
154 0.386009748211753 1.54
155 0.3755353854005699 1.55
156 0.3608760368538365 1.56
157 0.3592404343699958 1.57
158 0.3836755289780266 1.58
159 0.3753139105565366 1.59
160 0.3684027902842347 1.6
161 0.3773019981917263 1.61
162 0.3798721751779663 1.62
163 0.3749263431117629 1.63
164 0.3719029575851079 1.64
165 0.3651853262512786 1.65
166 0.3603281485994136 1.66
167 0.3540433277200798 1.67
168 0.345053713960053 1.68
169 0.344750438111548 1.69
170 0.3365688918591382 1.7
171 0.3296030699891923 1.71
172 0.3220520696938809 1.72
173 0.3225195134438925 1.73
174 0.3124292571288301 1.74
175 0.3141725588686131 1.75
176 0.3091619764340521 1.76
177 0.299488548644282 1.77
178 0.2842660773180152 1.78
179 0.2770476814357132 1.79
180 0.266549544999152 1.8
181 0.2546784409930803 1.81
182 0.2478197782521152 1.82
183 0.2417619697541874 1.83
184 0.2343886156065374 1.84
185 0.2224371811186701 1.85
186 0.2155909155976345 1.86
187 0.2053292350212209 1.87
188 0.2028847786333286 1.88
189 0.2004749128751416 1.89
190 0.1917711974573065 1.9
191 0.1852184327165244 1.91
192 0.176164565882576 1.92
193 0.1676197990337683 1.93
194 0.1596282413460806 1.94
195 0.1589758809888991 1.95
196 0.1597665767453165 1.96
197 0.1573062713298213 1.97
198 0.1622559687205279 1.98
199 0.1616314674949238 1.99
200 0.1703748595140631 2
201 0.1711943008512617 2.01
202 0.1834018285728672 2.02
203 0.1858487676097288 2.03
204 0.1902357581707023 2.04
205 0.1905150533601604 2.05
206 0.1912570938960337 2.06
207 0.1946795183474398 2.07
208 0.1989809257997527 2.08
209 0.2046943733465074 2.09
210 0.2055207520497939 2.1
211 0.2061312793080749 2.11
212 0.2020068116844166 2.12
213 0.2010695202560698 2.13
214 0.2032050715988171 2.14
215 0.2037479211508988 2.15
216 0.2003357009944305 2.16
217 0.1979784401183472 2.17
218 0.1973343678214568 2.18
219 0.1986659897236884 2.19
220 0.2017052277250098 2.2
221 0.1973958785870639 2.21
222 0.1881282417407201 2.22
223 0.1777735220751599 2.23
224 0.1736346035935239 2.24
225 0.1675771646087122 2.25
226 0.1676368414511218 2.26
227 0.1659211084982525 2.27
228 0.1579119745448292 2.28
229 0.1570158079203032 2.29
230 0.1515933514887109 2.3
231 0.1478300095469096 2.31
232 0.140714990874216 2.32
233 0.1371057585319399 2.33
234 0.1304488898443413 2.34
235 0.1251721653998622 2.35
236 0.1165922887716614 2.36
237 0.1203009827127974 2.37
238 0.1182507415984019 2.38
239 0.1208777799947976 2.39
240 0.1198404591456547 2.4
241 0.1136130022063378 2.41
242 0.1066918340330072 2.42
243 0.1049428856600777 2.43
244 0.1080613491666116 2.44
245 0.1077605105882598 2.45
246 0.1019123063657327 2.46
247 0.105684739667992 2.47
248 0.1156229341513716 2.48
249 0.116232669985301 2.49
250 0.1180160181686672 2.5
251 0.1174721487272209 2.51
252 0.1189175746328556 2.52
253 0.1185659991165437 2.53
254 0.1122625325495186 2.54
255 0.1158101683191933 2.55
256 0.1108132022530267 2.56
257 0.1135841100128138 2.57
258 0.1111617368151863 2.58
259 0.1107464980087247 2.59
260 0.1148088293806429 2.6
261 0.1128480149140643 2.61
262 0.112815950340619 2.62
263 0.1063476996902491 2.63
264 0.1138758051262277 2.64
265 0.1152363816578247 2.65
266 0.1188710121969878 2.66
267 0.1184111906739337 2.67
268 0.1193011000234734 2.68
269 0.1126927930655586 2.69
270 0.113209322496636 2.7
271 0.1080328273619453 2.71
272 0.1097753433635882 2.72
273 0.1171444400837551 2.73
274 0.1117316017224915 2.74
275 0.1028713874338266 2.75
276 0.0995290545853024 2.76
277 0.1077999378076684 2.77
278 0.1096624696101778 2.78
279 0.1004133972801101 2.79
280 0.0987430667566062 2.8
281 0.09771182821307939 2.81
282 0.08759710033336562 2.82
283 0.08015256725159493 2.83
284 0.08934874419174564 2.84
285 0.0908768241780968 2.85
286 0.0952434283841764 2.86
287 0.09570044667500013 2.87
288 0.08424607226895031 2.88
289 0.08766221865301232 2.89
290 0.08305596700913252 2.9
291 0.07803590448888809 2.91
292 0.07892664507104723 2.92
293 0.08081339330847484 2.93
294 0.07504373054112937 2.94
295 0.07764858921962547 2.95
296 0.08416797018329288 2.96
297 0.08951097533467316 2.97
298 0.07551308718008708 2.98
299 0.06063170224176207 2.99
300 0.05589708536617954 3
301 0.0577683844268978 3.01
302 0.0636976702844128 3.02
303 0.06635546109564772 3.03
304 0.07274119618238623 3.04
305 0.08806378839677982 3.05
306 0.09329467978418217 3.06
307 0.08417386880663699 3.07
308 0.05538444311003984 3.08
309 0.04727774811115366 3.09
310 0.0508978795095883 3.1
311 0.05942371348905943 3.11
312 0.05956467377999585 3.12
313 0.06509503729407456 3.13
314 0.06877255726159556 3.14
315 0.07201170212343606 3.15
316 0.05849099603843685 3.16
317 0.04520078639412597 3.17
318 0.03856981758452418 3.18
319 0.04941744061391506 3.19
320 0.05691513315166096 3.2
321 0.05421642737933225 3.21
322 0.05527013173635259 3.22
323 0.03085515713917299 3.23
324 0.03820535956064314 3.24
325 0.05126503462147958 3.25
326 0.05160669121196978 3.26
327 0.05062273842740205 3.27
328 0.03145611306134786 3.28
329 0.04529159101629036 3.29
330 0.04816489535169366 3.3
331 0.05904136942550402 3.31
332 0.05645888024885898 3.32
333 0.04981799877677954 3.33
334 0.0475922066710092 3.34
335 0.05231036646060628 3.35
336 0.06040962314194593 3.36
337 0.05913544071469297 3.37
338 0.06929398336953255 3.38
339 0.05881661636076233 3.39
340 0.05801001182856817 3.4
341 0.06721869502917091 3.41
342 0.08669402502455326 3.42
343 0.08848139361839552 3.43
344 0.08389089349727392 3.44
345 0.06867499098038179 3.45
346 0.08109788089920812 3.46
347 0.08817077660763903 3.47
348 0.09773987703372601 3.48
349 0.1031682238152764 3.49
350 0.1031460085610293 3.5
351 0.1085403399747198 3.51
352 0.1097760115852016 3.52
353 0.1065216159946393 3.53
354 0.1095953241729662 3.54
355 0.1171618483261211 3.55
356 0.1255697941338901 3.56
357 0.1290880948490278 3.57
358 0.1335165486140795 3.58
359 0.135019072674334 3.59
360 0.1327741583763676 3.6
361 0.1247628008847139 3.61
362 0.1292766472373395 3.62
363 0.1362297757799902 3.63
364 0.1430831470688573 3.64
365 0.1538556201879271 3.65
366 0.1552459190995112 3.66
367 0.1573906120218509 3.67
368 0.1556527638161348 3.68
369 0.1551557413820587 3.69
370 0.1551000257879302 3.7
371 0.1560829240306818 3.71
372 0.1632952308846007 3.72
373 0.1731209849250671 3.73
374 0.1766062891558485 3.74
375 0.175963842748521 3.75
376 0.1804060273368396 3.76
377 0.1786476044778771 3.77
378 0.1797998553315353 3.78
379 0.1839443194708586 3.79
380 0.1873022000483662 3.8
381 0.1904386763128147 3.81
382 0.1911910853520825 3.82
383 0.1938606551714787 3.83
384 0.1907694598904869 3.84
385 0.1994593497874962 3.85
386 0.2024230166906893 3.86
387 0.2077686760765574 3.87
388 0.212456618510225 3.88
389 0.2116434372129577 3.89
390 0.2121441582907458 3.9
391 0.2171929469937022 3.91
392 0.2216120238665071 3.92
393 0.2193364021393467 3.93
394 0.2276536760965826 3.94
395 0.2273781095717944 3.95
396 0.2288693364404792 3.96
397 0.2305891474951705 3.97
398 0.2314248197234549 3.98
399 0.235249242369239 3.99
400 0.2367352599813303 4
401 0.2406462769250559 4.01
402 0.241203963445195 4.02
403 0.2441326963549391 4.03
404 0.245856472159068 4.04
405 0.2509738475249137 4.05
406 0.252725784960005 4.06
407 0.2545664978456906 4.07
408 0.2578756342189994 4.08
409 0.2559480596040151 4.09
410 0.2612020010343557 4.1
411 0.2616531209812066 4.11
412 0.2641804367622869 4.12
413 0.2645895166473103 4.13
414 0.2658057187202671 4.14
415 0.2672119534207575 4.15
416 0.2666936992804272 4.16
417 0.2706242952083295 4.17
418 0.271701394152624 4.18
419 0.2718450500812878 4.19
420 0.2749393722019184 4.2
421 0.2763048482260545 4.21
422 0.2700290773209887 4.22
423 0.2733788597376995 4.23
424 0.2734307670804578 4.24
425 0.2718256413854524 4.25
426 0.2805784861110839 4.26
427 0.2770489338278447 4.27
428 0.2801125937278365 4.28
429 0.281687334915194 4.29
430 0.2845819310789784 4.3
431 0.2842907257444311 4.31
432 0.2849430724623462 4.32
433 0.2869063213135324 4.33
434 0.2870258277915206 4.34
435 0.28739701107219 4.350000000000001
436 0.2898142600486157 4.36
437 0.2926971527407764 4.37
438 0.2938614569056519 4.38
439 0.2844931878683142 4.39
440 0.277828201917252 4.4
441 0.2842880966424779 4.41
442 0.2924797821538177 4.42
443 0.2952128305285245 4.43
444 0.2960331727603668 4.44
445 0.2988741527408355 4.45
446 0.2967241953583303 4.46
447 0.2961894443692835 4.47
448 0.2912041800537649 4.48
449 0.2907451610967424 4.49
450 0.2940319750640842 4.5
451 0.2945765917986168 4.51
452 0.2942081026848246 4.52
453 0.2936433302563163 4.53
454 0.2941223883213043 4.54
455 0.2919803303933723 4.55
456 0.2905326387810784 4.56
457 0.2845453528875094 4.57
458 0.2882975872586774 4.58
459 0.2829247858100045 4.59
460 0.2797921771636254 4.600000000000001
461 0.2742457113832695 4.61
462 0.2723249027281555 4.62
463 0.2744004103752177 4.63
464 0.2689519308755624 4.64
465 0.2664793971594961 4.65
466 0.2632374187344901 4.66
467 0.261409847191199 4.67
468 0.2544876694397933 4.68
469 0.2515825615660817 4.69
470 0.2474196629661304 4.7
471 0.2381584990899821 4.71
472 0.2342485917189883 4.72
473 0.2261857702926389 4.73
474 0.2306135511891883 4.74
475 0.223651196335356 4.75
476 0.2175206934866184 4.76
477 0.2124358151357772 4.77
478 0.2073543139069958 4.78
479 0.199990758154975 4.79
480 0.1948924535241562 4.8
481 0.1944186477333886 4.81
482 0.1893452354031167 4.82
483 0.1729230085033329 4.83
484 0.1719245744315062 4.84
485 0.1767177744630704 4.850000000000001
486 0.1720779363791464 4.86
487 0.1494680588391063 4.87
488 0.1485334751850419 4.88
489 0.1511750998766763 4.89
490 0.1432128701051326 4.9
491 0.1427475916139487 4.91
492 0.1385720868462248 4.92
493 0.1269089362215663 4.93
494 0.1246472523728496 4.94
495 0.1145944965673012 4.95
496 0.10819164071673 4.96
497 0.102146424925707 4.97
498 0.09930736687807726 4.98
499 0.1054869128007956 4.99
500 0.1009957485501673 5
501 0.09331173808209511 5.01
502 0.08920287891165982 5.02
503 0.0833864281035276 5.03
504 0.08210942836188219 5.04
505 0.07800381450142034 5.05
506 0.08955565266314826 5.06
507 0.07894427376109324 5.07
508 0.08380430392088299 5.08
509 0.08681005321317159 5.09
510 0.08158010209693596 5.100000000000001
511 0.0834198003011911 5.11
512 0.07166260628897339 5.12
513 0.07178993261846697 5.13
514 0.0745945892421168 5.14
515 0.07638694503972304 5.15
516 0.07842269104127418 5.16
517 0.07693407713957573 5.17
518 0.07919315314713697 5.18
519 0.0741333709875589 5.19
520 0.08690831823737713 5.2
521 0.08133295142713368 5.21
522 0.07959890252400548 5.22
523 0.0768249658535636 5.23
524 0.07326049862541964 5.24
525 0.06948794732960281 5.25
526 0.07390005488634421 5.26
527 0.08557718827800309 5.27
528 0.07892002204042053 5.28
529 0.07757660961622991 5.29
530 0.07657634201512845 5.3
531 0.08198189781089725 5.31
532 0.08130494561567701 5.32
533 0.08434338750715083 5.33
534 0.08672882228851513 5.34
535 0.0870330770408658 5.350000000000001
536 0.08613084542116382 5.36
537 0.07571529800009848 5.37
538 0.07762388915805067 5.38
539 0.07986899943628901 5.39
540 0.08038780412277274 5.4
541 0.08534640030425372 5.41
542 0.09040296155617564 5.42
543 0.08822158033307394 5.43
544 0.09239934563939797 5.44
545 0.0893681934782634 5.45
546 0.07532767650563871 5.46
547 0.08205100812553774 5.47
548 0.09044503688170157 5.48
549 0.09748464249158843 5.49
550 0.098101193152156 5.5
551 0.0909427556105406 5.51
552 0.08798046114860518 5.52
553 0.07712743317028907 5.53
554 0.0907001825557459 5.54
555 0.09135652762926573 5.55
556 0.0887244971121055 5.56
557 0.08743276325891469 5.57
558 0.09138940180577021 5.58
559 0.09542438799388107 5.59
560 0.09324967179950765 5.600000000000001
561 0.09023599125595834 5.61
562 0.09698595927908983 5.62
563 0.09932582463789702 5.63
564 0.101224699125473 5.64
565 0.1028894805166212 5.65
566 0.1049980492121783 5.66
567 0.1127102662351823 5.67
568 0.1020356723075721 5.68
569 0.1021384450320582 5.69
570 0.1021029919670954 5.7
571 0.1030426468410292 5.71
572 0.1052615664356775 5.72
573 0.1035255900347501 5.73
574 0.1036879204641772 5.74
575 0.105729948474768 5.75
576 0.09566328507415685 5.76
577 0.08220912910500633 5.77
578 0.07517984737371856 5.78
579 0.06578148160671853 5.79
580 0.06187938282845275 5.8
581 0.05863196732915062 5.81
582 0.05717013867639638 5.82
583 0.05227729515587108 5.83
584 0.03961531665098729 5.84
585 0.02960946637690139 5.850000000000001
586 0.01530379473526343 5.86
587 0.0003849448579383608 5.87
588 -0.00197016985214027 5.88
589 -0.003796309318701768 5.89
590 -0.003798103779438577 5.9
591 -0.00169922671763537 5.91
592 -0.003978148767619026 5.92
593 -0.003917536502380779 5.93
594 -0.01145133040014724 5.94
595 -0.008075108050266254 5.95
596 -0.00887537155706257 5.96
597 -0.007824296812226829 5.97
598 -0.008849496134628767 5.98
599 -0.000871806260920496 5.99
600 0.005001186631096814 6
601 0.009244250817894262 6.01
602 0.0060703942771062 6.02
603 0.008314623230730197 6.03
604 0.0175445149263386 6.04
605 0.02487834679332405 6.05
606 0.03093331266736642 6.06
607 0.03377587216913093 6.07
608 0.03744342105076195 6.08
609 0.04551246182207864 6.09
610 0.05082585793288914 6.100000000000001
611 0.05986770509573949 6.11
612 0.06439910690342378 6.12
613 0.06570939566378819 6.13
614 0.07220129178567515 6.140000000000001
615 0.07583865390837335 6.15
616 0.07487057451084889 6.16
617 0.07785099693573248 6.17
618 0.07866806060641732 6.18
619 0.08950114969995443 6.19
620 0.09908721275892804 6.2
621 0.09905439199171619 6.21
622 0.1085135119891283 6.22
623 0.1078212353019356 6.23
624 0.1111266734313438 6.24
625 0.1202139159829537 6.25
626 0.1274928834343002 6.26
627 0.1307340397957135 6.27
628 0.134840379606777 6.28
629 0.1353708737954786 6.29
630 0.1391667709809755 6.3
631 0.1372211696610557 6.31
632 0.1385149722923618 6.32
633 0.1463758348915177 6.33
634 0.1536385377922829 6.34
635 0.1554442031173912 6.350000000000001
636 0.1606955353097204 6.36
637 0.1636080615956929 6.37
638 0.166098599085416 6.38
639 0.1710822911832671 6.390000000000001
640 0.1710569935684827 6.4
641 0.1774610566305366 6.41
642 0.1785218360523582 6.42
643 0.1809442245291965 6.43
644 0.1810106716309539 6.44
645 0.1856764256715709 6.45
646 0.1919967675363546 6.46
647 0.1986832310719936 6.47
648 0.2044424371652308 6.48
649 0.1955573040476111 6.49
650 0.1948054628273996 6.5
651 0.1903062511711407 6.51
652 0.1927817682364737 6.52
653 0.1952126175781954 6.53
654 0.1984135882361867 6.54
655 0.2041266319710385 6.55
656 0.2036910099329345 6.56
657 0.2096556941839908 6.57
658 0.2094903002354968 6.58
659 0.2110078669272208 6.59
660 0.2101829566312128 6.600000000000001
661 0.2073813660419019 6.61
662 0.2125245322597108 6.62
663 0.2163981761030752 6.63
664 0.21973942659142 6.640000000000001
665 0.2168865823485843 6.65
666 0.2186025481466689 6.66
667 0.2191938418947142 6.67
668 0.2202644565210352 6.68
669 0.2177299312942967 6.69
670 0.2189889073361074 6.7
671 0.2183071512525129 6.71
672 0.2180975995893951 6.72
673 0.2209764398371692 6.73
674 0.2190760978850116 6.74
675 0.2236575885498122 6.75
676 0.2259115174885865 6.76
677 0.2288435130619972 6.77
678 0.2280855013301321 6.78
679 0.2241695353739875 6.79
680 0.2285347128425397 6.8
681 0.2263344355426153 6.81
682 0.2259376612334963 6.82
683 0.2227204114581067 6.83
684 0.2259541577770687 6.84
685 0.2280954244962105 6.850000000000001
686 0.2245320965722447 6.86
687 0.223780726884116 6.87
688 0.2287234877142011 6.88
689 0.23004617905678 6.890000000000001
690 0.230188010745969 6.9
691 0.2293669065643464 6.91
692 0.2268129160937394 6.92
693 0.2234678880908394 6.93
694 0.2243096541788599 6.94
695 0.2288767301562894 6.95
696 0.2344444883130274 6.96
697 0.2277367936962074 6.97
698 0.2270896012929386 6.98
699 0.2332256039672247 6.99
700 0.2363308085870421 7
701 0.2322600784647577 7.01
702 0.2339062185957552 7.02
703 0.2434933153775888 7.03
704 0.2349850761734129 7.04
705 0.2440886907124488 7.05
706 0.2431399975472182 7.06
707 0.2560947681994659 7.07
708 0.2462020603747358 7.08
709 0.2526813186713995 7.09
710 0.2565075073107105 7.100000000000001
711 0.2573716434601919 7.11
712 0.2687642595070425 7.12
713 0.2676644950215427 7.13
714 0.2665118941732413 7.140000000000001
715 0.2719292375562632 7.15
716 0.2810590436498335 7.16
717 0.2832306073003129 7.17
718 0.2803150273642979 7.18
719 0.2765159718116629 7.19
720 0.2824343902114128 7.2
721 0.293986206060922 7.21
722 0.2967389413811396 7.22
723 0.2976103681313889 7.23
724 0.2972374604167712 7.24
725 0.2957217004100315 7.25
726 0.2936413865108266 7.26
727 0.2962255813611198 7.27
728 0.2976776160564161 7.28
729 0.2953786556401655 7.29
730 0.3004384923517593 7.3
731 0.3010453772059956 7.31
732 0.3010548991127842 7.32
733 0.2983195712113571 7.33
734 0.2914158608883559 7.34
735 0.2924794098771986 7.350000000000001
736 0.2932686996078306 7.36
737 0.2933360193097497 7.37
738 0.2885800306398828 7.38
739 0.2837142261064615 7.390000000000001
740 0.2820202349682724 7.4
741 0.2844133836805253 7.41
742 0.2841040952089707 7.42
743 0.2856235618689307 7.43
744 0.2816130258915108 7.44
745 0.2751545148636571 7.45
746 0.2701929550497971 7.46
747 0.2656271058415841 7.47
748 0.2610766467975124 7.48
749 0.2575165507772501 7.49
750 0.2470784132477738 7.5
751 0.2437009602246108 7.51
752 0.2419411256633233 7.52
753 0.2370838329946525 7.53
754 0.2352904720613588 7.54
755 0.2367706724832939 7.55
756 0.2337751428587894 7.56
757 0.225117611343153 7.57
758 0.2174985772860097 7.58
759 0.2076461589216507 7.59
760 0.2004260077459828 7.600000000000001
761 0.191353633760929 7.61
762 0.1881654619968857 7.62
763 0.18261814090472 7.63
764 0.1758129702910434 7.640000000000001
765 0.1666065278330124 7.65
766 0.1605258303028733 7.66
767 0.1477251190449809 7.67
768 0.1434217999898017 7.68
769 0.1381129538121526 7.69
770 0.1301774712817095 7.7
771 0.1228899247642408 7.71
772 0.1110550548992912 7.72
773 0.1050474049711434 7.73
774 0.1015263808326286 7.74
775 0.09759819910972568 7.75
776 0.09399009767335539 7.76
777 0.0839852441611238 7.77
778 0.08298984828361473 7.78
779 0.06904860156088645 7.79
780 0.06588252066355574 7.8
781 0.06020123647509611 7.81
782 0.05905076704112511 7.82
783 0.05634717573511288 7.83
784 0.05787018608459749 7.84
785 0.06387238181497519 7.850000000000001
786 0.06753102686013124 7.86
787 0.07007013243712658 7.87
788 0.0666148882196459 7.88
789 0.06720393392414287 7.890000000000001
790 0.07389700817803002 7.9
791 0.07738604910693953 7.91
792 0.07887680116904609 7.92
793 0.0674265521277925 7.930000000000001
794 0.06822393050459162 7.94
795 0.06601869019017011 7.95
796 0.0747766899122195 7.96
797 0.07510727280861577 7.97
798 0.08014067677160001 7.98
799 0.08561926772304403 7.99
800 0.08557400932591867 8
801 0.08906349146991555 8.01
802 0.08526772665518796 8.02
803 0.09042603668637389 8.029999999999999
804 0.08601699360343544 8.040000000000001
805 0.09617385772382245 8.050000000000001
806 0.09427253482555022 8.06
807 0.08978066245922582 8.07
808 0.09183715559849497 8.08
809 0.09750143623187142 8.09
810 0.1024437975474981 8.1
811 0.1003737905731054 8.109999999999999
812 0.09576929892192727 8.120000000000001
813 0.09781321402067665 8.130000000000001
814 0.1077760385586055 8.140000000000001
815 0.1131106989926193 8.15
816 0.1099534832676583 8.16
817 0.1038652365073252 8.17
818 0.1011587018770925 8.18
819 0.1002082503992907 8.19
820 0.09921804021419725 8.199999999999999
821 0.1071745497953545 8.210000000000001
822 0.1072842468547511 8.220000000000001
823 0.1172271602457644 8.23
824 0.1072642236516484 8.24
825 0.1018305072412625 8.25
826 0.09915138329813332 8.26
827 0.101452611518424 8.27
828 0.1021536928677267 8.279999999999999
829 0.08929204292421369 8.290000000000001
830 0.0873146175749895 8.300000000000001
831 0.08898747371365988 8.31
832 0.09673364892586755 8.32
833 0.09671662707824689 8.33
834 0.1031839506442801 8.34
835 0.1060024406722841 8.35
836 0.09306132512547689 8.359999999999999
837 0.08790898035003349 8.370000000000001
838 0.07102710979066559 8.380000000000001
839 0.07953478764942842 8.390000000000001
840 0.0880949731635214 8.4
841 0.09630153563913553 8.41
842 0.09954843339931195 8.42
843 0.102741628705941 8.43
844 0.1080262316309271 8.44
845 0.09529118355556632 8.449999999999999
846 0.08014683898935329 8.460000000000001
847 0.06379486718194492 8.470000000000001
848 0.06561615209025731 8.48
849 0.07242789438542707 8.49
850 0.07697385195268039 8.5
851 0.07965709078247082 8.51
852 0.08695091606212584 8.52
853 0.08205238627340461 8.529999999999999
854 0.07230651938365557 8.540000000000001
855 0.05349306199575766 8.550000000000001
856 0.04945826127561521 8.56
857 0.05347002578094775 8.57
858 0.06125257080573515 8.58
859 0.06350100344873032 8.59
860 0.04498110549491526 8.6
861 0.02900005243697977 8.609999999999999
862 0.0376184104864512 8.620000000000001
863 0.0480097167994133 8.630000000000001
864 0.05219237360118655 8.640000000000001
865 0.04702249942152585 8.65
866 0.03936566781377079 8.66
867 0.03733945273121818 8.67
868 0.0390842791580392 8.68
869 0.04137870303399886 8.69
870 0.03768591568424001 8.700000000000001
871 0.03238781051131107 8.710000000000001
872 0.03378807452929056 8.720000000000001
873 0.04179211579374033 8.73
874 0.05094214330735563 8.74
875 0.05634006986047164 8.75
876 0.04797082609967491 8.76
877 0.04182388810068623 8.77
878 0.04689053658973331 8.779999999999999
879 0.05645297886561925 8.790000000000001
880 0.05566697476335113 8.800000000000001
881 0.06230865278439501 8.81
882 0.06009442154508814 8.82
883 0.06427851525400119 8.83
884 0.06992441852659388 8.84
885 0.06657139370611363 8.85
886 0.08198164604214989 8.859999999999999
887 0.08445753547682418 8.870000000000001
888 0.08783231006259902 8.880000000000001
889 0.09041399691346359 8.890000000000001
890 0.09581278633392466 8.9
891 0.09028718538496887 8.91
892 0.1016638851899073 8.92
893 0.1097036526026877 8.93
894 0.1259438365668189 8.94
895 0.1212980394367622 8.950000000000001
896 0.1233240874483898 8.960000000000001
897 0.1185780543157076 8.970000000000001
898 0.1170317250547445 8.98
899 0.1265705395106591 8.99
900 0.1229557347077257 9
901 0.1329894684551773 9.01
902 0.1433694458320278 9.02
903 0.1465712944305497 9.029999999999999
904 0.1536270419470179 9.040000000000001
905 0.158197422067427 9.050000000000001
906 0.1543220337993629 9.06
907 0.1527896922308477 9.07
908 0.1581470281814874 9.08
909 0.154871106945905 9.09
910 0.1544770116676089 9.1
911 0.161263472638557 9.109999999999999
912 0.1680169181297116 9.120000000000001
913 0.1744722069636071 9.130000000000001
914 0.1738859583195807 9.140000000000001
915 0.1792519020522138 9.15
916 0.1809465349260905 9.16
917 0.1813189363207624 9.17
918 0.1821245596995018 9.18
919 0.1807586529279662 9.19
920 0.1875198062279185 9.200000000000001
921 0.1867419122209245 9.210000000000001
922 0.1927569713110683 9.220000000000001
923 0.1895522492336946 9.23
924 0.1967157846977296 9.24
925 0.1960304876705674 9.25
926 0.1956732047305166 9.26
927 0.2004165437754387 9.27
928 0.2054958030121271 9.279999999999999
929 0.2114574550163185 9.290000000000001
930 0.2088783807686372 9.300000000000001
931 0.2151598852042118 9.31
932 0.2134632196164145 9.32
933 0.2195864932900738 9.33
934 0.2166323140932965 9.34
935 0.2188215438506116 9.35
936 0.22151090394068 9.359999999999999
937 0.2226537781332298 9.370000000000001
938 0.2274537198537595 9.380000000000001
939 0.2277545655088351 9.390000000000001
940 0.232102957028867 9.4
941 0.2305530995780634 9.41
942 0.2368280792917085 9.42
943 0.2355356707180135 9.43
944 0.2411054925330027 9.44
945 0.2420852685009341 9.450000000000001
946 0.2453457805601804 9.460000000000001
947 0.2493951575160391 9.470000000000001
948 0.2506737314452944 9.48
949 0.2560158714341284 9.49
950 0.2548284764192574 9.5
951 0.2549221134639481 9.51
952 0.2558148187095609 9.52
953 0.2576674572651359 9.529999999999999
954 0.2649437349812602 9.540000000000001
955 0.2647378556812886 9.550000000000001
956 0.2643003957550238 9.56
957 0.2645182100464765 9.57
958 0.2678855881642453 9.58
959 0.2683410728495129 9.59
960 0.2712237521269398 9.6
961 0.2774671445609174 9.609999999999999
962 0.2759424403811253 9.620000000000001
963 0.2766714765005653 9.630000000000001
964 0.2703796301232356 9.640000000000001
965 0.2718811403241397 9.65
966 0.2779054146108551 9.66
967 0.2895369380326199 9.67
968 0.2864697480795913 9.68
969 0.2861521982506731 9.69
970 0.2831035195214854 9.700000000000001
971 0.2867606671914749 9.710000000000001
972 0.2919487821728163 9.720000000000001
973 0.2952962621718981 9.73
974 0.2981172365741823 9.74
975 0.2926095649564537 9.75
976 0.287504941478641 9.76
977 0.2913127967918993 9.77
978 0.2942802996566656 9.779999999999999
979 0.3011606487388264 9.790000000000001
980 0.3003242878053826 9.800000000000001
981 0.304338705382047 9.81
982 0.307169258433066 9.82
983 0.3047790478059054 9.83
984 0.3049964204564307 9.84
985 0.3031740430667369 9.85
986 0.3084045317760867 9.859999999999999
987 0.3107939429274392 9.870000000000001
988 0.3088311214833926 9.880000000000001
989 0.3089754781887798 9.890000000000001
990 0.3122399707599754 9.9
991 0.3110243403607084 9.91
992 0.3130650265503368 9.92
993 0.3112443820610986 9.93
994 0.3098862190938838 9.94
995 0.3127063386380571 9.950000000000001
996 0.3080341766909896 9.960000000000001
997 0.3072313289323383 9.970000000000001
998 0.302605320785908 9.98
999 0.3024415067074355 9.99
1000 0.2978541914466858 10
1001 0.2895320175015365 10.01
1002 0.2925028646042396 10.02
1003 0.2903613878598896 10.03
1004 0.2929822247797026 10.04
1005 0.287210496745381 10.05
1006 0.2814863879636484 10.06
1007 0.2745369313356328 10.07
1008 0.2703502013449074 10.08
1009 0.2660172800554003 10.09
1010 0.2600027632647604 10.1
1011 0.2575935247792048 10.11
1012 0.2539159213824039 10.12
1013 0.2520744135366507 10.13
1014 0.2443083928671368 10.14
1015 0.2389166134634444 10.15
1016 0.2314395552257305 10.16
1017 0.2233260457369693 10.17
1018 0.2196878825665361 10.18
1019 0.2102756746031136 10.19
1020 0.2124478919920631 10.2
1021 0.2188057226588874 10.21
1022 0.2038201728421941 10.22
1023 0.1926136315822364 10.23
1024 0.1842974989482171 10.24
1025 0.1822262948482335 10.25
1026 0.1755228382202677 10.26
1027 0.1605160140627462 10.27
1028 0.1492613103931658 10.28
1029 0.1601282365280693 10.29
1030 0.1556662714704323 10.3
1031 0.1504844383852926 10.31
1032 0.1343635737755298 10.32
1033 0.1355430009286752 10.33
1034 0.1284306226323807 10.34
1035 0.1207990719184506 10.35
1036 0.112580676914216 10.36
1037 0.1100665360667689 10.37
1038 0.1041198896888547 10.38
1039 0.09892287193185158 10.39
1040 0.0812335296618464 10.4
1041 0.08275948915265949 10.41
1042 0.08080795458481241 10.42
1043 0.08460262303418983 10.43
1044 0.0788517932668234 10.44
1045 0.08688051150350264 10.45
1046 0.07586425295272312 10.46
1047 0.07396763768037902 10.47
1048 0.06684493349359111 10.48
1049 0.06861961252403663 10.49
1050 0.0731354345555232 10.5
1051 0.06363835231020808 10.51
1052 0.07507029536155767 10.52
1053 0.07206600916358978 10.53
1054 0.07473074750065063 10.54
1055 0.07559610713830983 10.55
1056 0.08013608809283305 10.56
1057 0.07897331430501199 10.57
1058 0.0777810352367545 10.58
1059 0.07700375557616973 10.59
1060 0.06960952631180906 10.6
1061 0.0707085107172163 10.61
1062 0.07398004011851046 10.62
1063 0.07768816078654692 10.63
1064 0.08150868832571698 10.64
1065 0.08179107391029555 10.65
1066 0.0772264244722823 10.66
1067 0.07780947814997338 10.67
1068 0.08281361702327178 10.68
1069 0.07551975401995224 10.69
1070 0.08412199987618539 10.7
1071 0.08591274839748343 10.71
1072 0.08867629777850841 10.72
1073 0.08697508184860768 10.73
1074 0.09059343906615186 10.74
1075 0.08657540043553219 10.75
1076 0.08211157741031722 10.76
1077 0.08175576353808565 10.77
1078 0.09043597600087712 10.78
1079 0.1016953649617909 10.79
1080 0.1018956661485574 10.8
1081 0.1024313508794165 10.81
1082 0.1015577306271087 10.82
1083 0.09989835101235024 10.83
1084 0.09251755856800871 10.84
1085 0.08725355951163596 10.85
1086 0.09676803842952469 10.86
1087 0.09670438222407533 10.87
1088 0.1016842576329706 10.88
1089 0.1012953940547664 10.89
1090 0.09574568012838203 10.9
1091 0.09984580202938068 10.91
1092 0.1084587727662165 10.92
1093 0.1068426597866657 10.93
1094 0.09371025275031566 10.94
1095 0.09667243665732941 10.95
1096 0.09653918681808112 10.96
1097 0.09591948930086043 10.97
1098 0.09351182167040763 10.98
1099 0.09858402308078426 10.99
1100 0.101273651351809 11
1101 0.103089520383704 11.01
1102 0.1022895311159365 11.02
1103 0.1095004333844983 11.03
1104 0.1126162475881691 11.04
1105 0.102416487272489 11.05
1106 0.09900174856683056 11.06
1107 0.09838072433564536 11.07
1108 0.10967186888542 11.08
1109 0.1093371527496357 11.09
1110 0.1103775534027235 11.1
1111 0.1148920256707052 11.11
1112 0.1190034273272975 11.12
1113 0.117520878914689 11.13
1114 0.1089785768086089 11.14
1115 0.1029622912935317 11.15
1116 0.08871313885046148 11.16
1117 0.08722161266068075 11.17
1118 0.08919693303321757 11.18
1119 0.09142236777653036 11.19
1120 0.08306414407459678 11.2
1121 0.07612394711261873 11.21
1122 0.07127197862451795 11.22
1123 0.05603256829809187 11.23
1124 0.04628590614404008 11.24
1125 0.0349214685548676 11.25
1126 0.02740804948223391 11.26
1127 0.02557447410229013 11.27
1128 0.01757677104904706 11.28
1129 0.01053345239801936 11.29
1130 0.008299750547225431 11.3
1131 -0.0004380921394539384 11.31
1132 0.003389894526047975 11.32
1133 0.0001612394151297066 11.33
1134 -0.0003277786532307982 11.34
1135 -0.002011535075818688 11.35
1136 0.004126892814310045 11.36
1137 0.006459764597368618 11.37
1138 0.00751895855584605 11.38
1139 0.007602768022210589 11.39
1140 0.007336679640842077 11.4
1141 0.01176102443170143 11.41
1142 0.01671546117533223 11.42
1143 0.02609055800402836 11.43
1144 0.03256810228245743 11.44
1145 0.03899810410642854 11.45
1146 0.04281752238004334 11.46
1147 0.0473965016791001 11.47
1148 0.05622930366110998 11.48
1149 0.05892568642746659 11.49
1150 0.06819010910828321 11.5
1151 0.07126505177971795 11.51
1152 0.06641373906068933 11.52
1153 0.06992229385677895 11.53
1154 0.07396355169324484 11.54
1155 0.08114716059620829 11.55
1156 0.08991838443218816 11.56
1157 0.09371541014332482 11.57
1158 0.09948291145137665 11.58
1159 0.09792646214418536 11.59
1160 0.105722594379423 11.6
1161 0.1080526937635047 11.61
1162 0.1134053142774005 11.62
1163 0.1214331689044343 11.63
1164 0.1266003637829 11.64
1165 0.1255222644702233 11.65
1166 0.127813847853683 11.66
1167 0.1329818246296773 11.67
1168 0.1295891887552739 11.68
1169 0.1364286845836861 11.69
1170 0.1430294228877469 11.7
1171 0.1486990982374644 11.71
1172 0.1511842175838217 11.72
1173 0.1590237699743776 11.73
1174 0.1605593016845238 11.74
1175 0.1640328851207637 11.75
1176 0.166097638831063 11.76
1177 0.1682160679754868 11.77
1178 0.1698583758067225 11.78
1179 0.1688016401542052 11.79
1180 0.1754135732012594 11.8
1181 0.1812536810002335 11.81
1182 0.1843328914851331 11.82
1183 0.1891111098348778 11.83
1184 0.1867804413735052 11.84
1185 0.1890907173237216 11.85
1186 0.1898882023653714 11.86
1187 0.1893172487722018 11.87
1188 0.1875598572868877 11.88
1189 0.1929669903052676 11.89
1190 0.1930463733146536 11.9
1191 0.1960476451320413 11.91
1192 0.1957707087708796 11.92
1193 0.1965585144315258 11.93
1194 0.2035807069900266 11.94
1195 0.2020890534460267 11.95
1196 0.2100668214523281 11.96
1197 0.2056706838001366 11.97
1198 0.2064166609532422 11.98
1199 0.2068425744651723 11.99
1200 0.207408546904462 12
1201 0.2106943120810563 12.01
1202 0.2141378175572739 12.02
1203 0.2203627124158954 12.03
1204 0.2205593276401288 12.04
1205 0.22083002936521 12.05
1206 0.2160097335281139 12.06
1207 0.218051188965924 12.07
1208 0.2187806721526003 12.08
1209 0.2217061109770294 12.09
1210 0.2247581242029435 12.1
1211 0.2272730459758299 12.11
1212 0.2319735162006041 12.12
1213 0.2314037234039753 12.13
1214 0.2324213427404579 12.14
1215 0.2330102976536862 12.15
1216 0.2378565399448002 12.16
1217 0.2373830180042783 12.17
1218 0.2372015612971362 12.18
1219 0.236442040398335 12.19
1220 0.2394139794521503 12.2
1221 0.2408402096176085 12.21
1222 0.2454755541414188 12.22
1223 0.2478365230475389 12.23
1224 0.2451996015864617 12.24
1225 0.250095233061234 12.25
1226 0.2508203160169639 12.26
1227 0.2499116663316754 12.27
1228 0.2490626813683536 12.28
1229 0.2527876074581504 12.29
1230 0.2570187403262505 12.3
1231 0.2561400422626793 12.31
1232 0.2592340390163698 12.32
1233 0.26151817787763 12.33
1234 0.262591151672098 12.34
1235 0.2650434734835678 12.35
1236 0.2647440128959186 12.36
1237 0.2670675999973111 12.37
1238 0.271420535275942 12.38
1239 0.2755076002062148 12.39
1240 0.2876832056032511 12.4
1241 0.2806717478421781 12.41
1242 0.2847332906365652 12.42
1243 0.2796787647555186 12.43
1244 0.2752338916737602 12.44
1245 0.2729503506789744 12.45
1246 0.276905763174975 12.46
1247 0.2868461633508975 12.47
1248 0.2958064927679009 12.48
1249 0.2980228212548086 12.49
1250 0.2917021002735154 12.5
1251 0.2964784081585061 12.51
1252 0.2965916773152455 12.52
1253 0.3022117117703151 12.53
1254 0.2994251611731937 12.54
1255 0.3022934731721082 12.55
1256 0.3033084402640919 12.56
1257 0.3037821477318126 12.57
1258 0.3071071607170688 12.58
1259 0.3032037040154967 12.59
1260 0.3078700484177953 12.6
1261 0.3093968762065871 12.61
1262 0.3151036467963984 12.62
1263 0.3114265867808931 12.63
1264 0.3129707644622123 12.64
1265 0.309347553167293 12.65
1266 0.3120643336471996 12.66
1267 0.3141647762410392 12.67
1268 0.3089265319324593 12.68
1269 0.3094276588485311 12.69
1270 0.3098602375887634 12.7
1271 0.3034591869374696 12.71
1272 0.2931454106936156 12.72
1273 0.2988736487190919 12.73
1274 0.3001351337137146 12.74
1275 0.292400920175154 12.75
1276 0.2874511414398509 12.76
1277 0.2858138922793445 12.77
1278 0.2831568127940871 12.78
1279 0.276767829654286 12.79
1280 0.2717340389341349 12.8
1281 0.2707168499454768 12.81
1282 0.2687564449549746 12.82
1283 0.2647510692223823 12.83
1284 0.2570159568749691 12.84
1285 0.2511134596245798 12.85
1286 0.2425108569023986 12.86
1287 0.2323487508117295 12.87
1288 0.2323084509579502 12.88
1289 0.2308533763884238 12.89
1290 0.2240068704484404 12.9
1291 0.2162596839361595 12.91
1292 0.2091921028392212 12.92
1293 0.2083138920183874 12.93
1294 0.2054862118047181 12.94
1295 0.1968102970886866 12.95
1296 0.187170886573893 12.96
1297 0.1800075296039161 12.97
1298 0.165572134761815 12.98
1299 0.1596390658906868 12.99
1300 0.159719231440657 13
1301 0.1559597061427159 13.01
1302 0.1469693373242593 13.02
1303 0.1356204286639684 13.03
1304 0.1312052169441097 13.04
1305 0.1329164468465658 13.05
1306 0.1240359290635125 13.06
1307 0.1110370385936635 13.07
1308 0.1033981124884425 13.08
1309 0.09010066682969417 13.09
1310 0.082250487610766 13.1
1311 0.07502821682501018 13.11
1312 0.08145067994230945 13.12
1313 0.08470912781072606 13.13
1314 0.0800591580153223 13.14
1315 0.07325724161141385 13.15
1316 0.0582865363874359 13.16
1317 0.0605783231449691 13.17
1318 0.05462781527473489 13.18
1319 0.05270554724839394 13.19
1320 0.05452513342031835 13.2
1321 0.05982194542388065 13.21
1322 0.06712370788358039 13.22
1323 0.07327192931789393 13.23
1324 0.07848225670621096 13.24
1325 0.07550124791089892 13.25
1326 0.08035549790050686 13.26
1327 0.07746940198519391 13.27
1328 0.08143845513438031 13.28
1329 0.08024571503951111 13.29
1330 0.08188332387023618 13.3
1331 0.08205577346348886 13.31
1332 0.08218191116476717 13.32
1333 0.08833682632745703 13.33
1334 0.08791500428014332 13.34
1335 0.09403274720970077 13.35
1336 0.09072470610116606 13.36
1337 0.1021498385754595 13.37
1338 0.1054359302187513 13.38
1339 0.1059626071627547 13.39
1340 0.1072647139378867 13.4
1341 0.1008420014805303 13.41
1342 0.1028238628789867 13.42
1343 0.09633949880165543 13.43
1344 0.09077707312387119 13.44
1345 0.09923109893866938 13.45
1346 0.1058314128621584 13.46
1347 0.1119403860996895 13.47
1348 0.1124092278080326 13.48
1349 0.1072626009483512 13.49
1350 0.1080039520209219 13.5
1351 0.1143575053105194 13.51
1352 0.1138963530627271 13.52
1353 0.1083720782013939 13.53
1354 0.1023779309158469 13.54
1355 0.1064359699339121 13.55
1356 0.102669167133161 13.56
1357 0.0987825344636776 13.57
1358 0.09697393512508627 13.58
1359 0.1003016729173024 13.59
1360 0.1061431538337364 13.6
1361 0.107877177224265 13.61
1362 0.1003136317759143 13.62
1363 0.0945943272935412 13.63
1364 0.09221723134734608 13.64
1365 0.08915504459806678 13.65
1366 0.08537284143594219 13.66
1367 0.08740385707219921 13.67
1368 0.09513851717351117 13.68
1369 0.0952225672812108 13.69
1370 0.09598090427978642 13.7
1371 0.09672980563597161 13.71
1372 0.1056412276323692 13.72
1373 0.1139765623984237 13.73
1374 0.09848784119004132 13.74
1375 0.08212138083434867 13.75
1376 0.08877192421860276 13.76
1377 0.08542494470606207 13.77
1378 0.1019979634758307 13.78
1379 0.1012850579258819 13.79
1380 0.1121617755023956 13.8
1381 0.1164378233907453 13.81
1382 0.1105810399484046 13.82
1383 0.09884174857391494 13.83
1384 0.08049828680813002 13.84
1385 0.0799490055652948 13.85
1386 0.0777122909669002 13.86
1387 0.07615704026554423 13.87
1388 0.07639016673986899 13.88
1389 0.07878065726588032 13.89
1390 0.07868356305338897 13.9
1391 0.07184186948242428 13.91
1392 0.04661011379883481 13.92
1393 0.03169716981386143 13.93
1394 0.0252237747889184 13.94
1395 0.03087998737936628 13.95
1396 0.03415657936541489 13.96
1397 0.02726174051183203 13.97
1398 0.01113142176847826 13.98
1399 0.002289900308424041 13.99
1400 0.003822939640908854 14
1401 0.002629892107605992 14.01
1402 0.001551931354160923 14.02
1403 -0.001771124115707079 14.03
1404 0.002332738142712708 14.04
1405 0.01520211362086098 14.05
1406 0.01965910012163796 14.06
1407 0.0160379178565506 14.07
1408 0.01438119091332482 14.08
1409 0.009528547599975517 14.09
1410 0.02062415278119086 14.1
1411 0.03291269428439665 14.11
1412 0.03585874050201282 14.12
1413 0.04425559715981197 14.13
1414 0.0385939148005992 14.14
1415 0.04648449937913947 14.15
1416 0.0504732928364737 14.16
1417 0.05651893818889813 14.17
1418 0.06876169629458677 14.18
1419 0.07338364451890769 14.19
1420 0.07723977963109352 14.2
1421 0.0718326796773297 14.21
1422 0.06905488900187441 14.22
1423 0.07581256017851375 14.23
1424 0.08176557827261674 14.24
1425 0.09084584944401704 14.25
1426 0.09570687200145458 14.26
1427 0.09901034183895738 14.27
1428 0.1034770798675584 14.28
1429 0.111159905658406 14.29
1430 0.1073968164298442 14.3
1431 0.1134318308084103 14.31
1432 0.121182275318835 14.32
1433 0.1243720074442055 14.33
1434 0.1320705835919253 14.34
1435 0.1311657655388651 14.35
1436 0.1385850217871363 14.36
1437 0.1345903267281077 14.37
1438 0.138197172535107 14.38
1439 0.1403804819391526 14.39
1440 0.1498824599224226 14.4
1441 0.1587469522113955 14.41
1442 0.1603708215102966 14.42
1443 0.1647199973201634 14.43
1444 0.1656328247284692 14.44
1445 0.1683329666668545 14.45
1446 0.1648050700764183 14.46
1447 0.1683095096502451 14.47
1448 0.1716637925924154 14.48
1449 0.1788007346380905 14.49
1450 0.1844627448720232 14.5
1451 0.1842103996777715 14.51
1452 0.1912349910231131 14.52
1453 0.1888772063343717 14.53
1454 0.188983914472938 14.54
1455 0.1890796953113416 14.55
1456 0.1866265199379249 14.56
1457 0.192182183330094 14.57
1458 0.1935616657296346 14.58
1459 0.1993903936593664 14.59
1460 0.1998558496719515 14.6
1461 0.1991266652497814 14.61
1462 0.1960485825510989 14.62
1463 0.2127172770215458 14.63
1464 0.2074848009968418 14.64
1465 0.2033039981229678 14.65
1466 0.206952527044925 14.66
1467 0.2082182863060804 14.67
1468 0.2127028113828618 14.68
1469 0.2128871661400783 14.69
1470 0.2106952612034386 14.7
1471 0.211417964088297 14.71
1472 0.226083447453178 14.72
1473 0.2232659008698806 14.73
1474 0.2119981934002649 14.74
1475 0.2163979873979279 14.75
1476 0.2127723228026533 14.76
1477 0.2223734288820532 14.77
1478 0.2215317113346927 14.78
1479 0.2309199565966185 14.79
1480 0.229696030124291 14.8
1481 0.2348882662820138 14.81
1482 0.2344682596182825 14.82
1483 0.2363131726038932 14.83
1484 0.2337534001853108 14.84
1485 0.2352287824527246 14.85
1486 0.2362566850256149 14.86
1487 0.2356448711828907 14.87
1488 0.2399733551995097 14.88
1489 0.240327984547286 14.89
1490 0.2437805390018801 14.9
1491 0.2418990987234025 14.91
1492 0.2428765223827045 14.92
1493 0.2452800691787274 14.93
1494 0.2468662793536975 14.94
1495 0.2469959148616896 14.95
1496 0.2453441671070508 14.96
1497 0.249243067942645 14.97
1498 0.2474317408018565 14.98
1499 0.2503096383589938 14.99
1500 0.2558327076613391 15
1501 0.2560398417116867 15.01
1502 0.256032071563336 15.02
1503 0.2516664194268833 15.03
1504 0.2545348955376463 15.04
1505 0.255305944059339 15.05
1506 0.2637438206100076 15.06
1507 0.2607792672445446 15.07
1508 0.2601937083208747 15.08
1509 0.2621962063062184 15.09
1510 0.2693887829269109 15.1
1511 0.2693529855135883 15.11
1512 0.2688697774476886 15.12
1513 0.2698800827656092 15.13
1514 0.2686273682728135 15.14
1515 0.2705104565948541 15.15
1516 0.2735386578079732 15.16
1517 0.2794652754560926 15.17
1518 0.2846547945919225 15.18
1519 0.2824965611154613 15.19
1520 0.2812948054144642 15.2
1521 0.2800135668745586 15.21
1522 0.277670476809593 15.22
1523 0.2835221472016561 15.23
1524 0.2880099388169531 15.24
1525 0.2918259575691958 15.25
1526 0.2978363932181863 15.26
1527 0.299951768737034 15.27
1528 0.2953548538358408 15.28
1529 0.296968297840461 15.29
1530 0.2942200059451778 15.3
1531 0.2981793277418081 15.31
1532 0.2974938282521151 15.32
1533 0.297473958324638 15.33
1534 0.30254852857007 15.34
1535 0.3031013581334016 15.35
1536 0.3008125025876145 15.36
1537 0.2949343359455458 15.37
1538 0.2937850600533008 15.38
1539 0.294189527384657 15.39
1540 0.2996103660102902 15.4
1541 0.3019081591459927 15.41
1542 0.2891514019850479 15.42
1543 0.2875705917051375 15.43
1544 0.285383273663733 15.44
1545 0.2777281943630332 15.45
1546 0.27140411129325 15.46
1547 0.2674651022762963 15.47
1548 0.2651289003568832 15.48
1549 0.2627784019226231 15.49
1550 0.2599771411008845 15.5
1551 0.2616401730196268 15.51
1552 0.2599211923035589 15.52
1553 0.2473928247786247 15.53
1554 0.2424737660374534 15.54
1555 0.2303307057760939 15.55
1556 0.2294417413961752 15.56
1557 0.2342165231985588 15.57
1558 0.2310063663773416 15.58
1559 0.2213660447721177 15.59
1560 0.2116208093839876 15.6
1561 0.2052457419080594 15.61
1562 0.1986919375255853 15.62
1563 0.1938145274031625 15.63
1564 0.1882912564935286 15.64
1565 0.1808832765254318 15.65
1566 0.1767848515737103 15.66
1567 0.1765164144566407 15.67
1568 0.1739741032579476 15.68
1569 0.1718657267637744 15.69
1570 0.1584478597519076 15.7
1571 0.152787185979157 15.71
1572 0.1383070502321062 15.72
1573 0.1336694169893487 15.73
1574 0.1284552171619625 15.74
1575 0.1234498131552268 15.75
1576 0.1125844627932806 15.76
1577 0.1074461974539316 15.77
1578 0.1092892399634062 15.78
1579 0.09923964400416989 15.79
1580 0.09464228424335458 15.8
1581 0.09290897010758632 15.81
1582 0.0886138027225792 15.82
1583 0.06607718071250215 15.83
1584 0.07768047212693972 15.84
1585 0.07689071117262383 15.85
1586 0.07456787671395119 15.86
1587 0.06721077729922603 15.87
1588 0.06396091058558927 15.88
1589 0.06844443804744092 15.89
1590 0.07420939187899316 15.9
1591 0.08134881360360444 15.91
1592 0.0784446343191319 15.92
1593 0.0797941145739217 15.93
1594 0.07619285636937048 15.94
1595 0.07847908384409819 15.95
1596 0.08011718520315132 15.96
1597 0.08487424320035514 15.97
1598 0.08472756019813966 15.98
1599 0.08653887772793892 15.99
1600 0.08156075582733818 16
1601 0.08112391681815939 16.01
1602 0.09119945163899429 16.02
1603 0.09445668219691027 16.03
1604 0.09470343075507436 16.04
1605 0.09525556849382089 16.05
1606 0.09077037087273915 16.06
1607 0.09468181862029121 16.07
1608 0.09028306089699582 16.08
1609 0.1010896228654388 16.09
1610 0.09645994649807374 16.1
1611 0.1070425104639268 16.11
1612 0.1053860427581849 16.12
1613 0.1043601314357057 16.13
1614 0.1054994116694783 16.14
1615 0.1107353615786342 16.15
1616 0.1113108177962769 16.16
1617 0.1119816399452734 16.17
1618 0.1105536092928864 16.18
1619 0.1097424686577277 16.19
1620 0.1223664412490368 16.2
1621 0.1196136400771466 16.21
1622 0.1105314372578629 16.22
1623 0.1155595373549403 16.23
1624 0.1124118450133138 16.24
1625 0.1157486122130614 16.25
1626 0.1076048609224828 16.26
1627 0.1081191938129119 16.27
1628 0.1227795339977742 16.28
1629 0.1284286869191794 16.29
1630 0.1244696303915293 16.3
1631 0.1075401890652313 16.31
1632 0.1098666551347812 16.32
1633 0.1113511511488752 16.33
1634 0.1065706473327175 16.34
1635 0.1023480652686465 16.35
1636 0.1081324221907354 16.36
1637 0.112392670042896 16.37
1638 0.1162601931731048 16.38
1639 0.1104639302741228 16.39
1640 0.1029464101005425 16.4
1641 0.1039098833745057 16.41
1642 0.1106700917794554 16.42
1643 0.1152649469604513 16.43
1644 0.1035431648493004 16.44
1645 0.1063341680666123 16.45
1646 0.1038746745292565 16.46
1647 0.1128140359870892 16.47
1648 0.1167588569603469 16.48
1649 0.1111817476306481 16.49
1650 0.1146084805551294 16.5
1651 0.105345048716966 16.51
1652 0.102861537458344 16.52
1653 0.1013571961796364 16.53
1654 0.09219004870537822 16.54
1655 0.08254158825382805 16.55
1656 0.09340988396658297 16.56
1657 0.08391286849491286 16.57
1658 0.09866620040771129 16.58
1659 0.08676817340379592 16.59
1660 0.06472928950329727 16.6
1661 0.05989896689280926 16.61
1662 0.04823182488628829 16.62
1663 0.0517925381034537 16.63
1664 0.05215454162211068 16.64
1665 0.04152393792687316 16.65
1666 0.03267883992873451 16.66
1667 0.02749624720501599 16.67
1668 0.002457180939467735 16.68
1669 -0.0114187244366346 16.69
1670 -0.008304334417690755 16.7
1671 -0.003669345744401823 16.71
1672 0.01447279442805345 16.72
1673 0.03164491816778392 16.73
1674 0.01439456079477797 16.74
1675 0.008705921724057096 16.75
1676 0.01976438181111954 16.76
1677 0.02843100212313085 16.77
1678 0.01688564775575422 16.78
1679 0.01519293352464174 16.79
1680 0.06762550726950757 16.8
1681 0.07036724535796265 16.81
1682 0.05700041221995977 16.82
1683 0.05104952696482233 16.83
1684 0.04222851388228022 16.84
1685 0.05301872601852405 16.85
1686 0.06081981421263874 16.86
1687 0.06975769944356046 16.87
1688 0.07476244736883364 16.88
1689 0.07492022529202233 16.89
1690 0.07961604299718851 16.9
1691 0.08072769954371671 16.91
1692 0.09042069015647498 16.92
1693 0.09520405921566864 16.93
1694 0.09924882666834217 16.94
1695 0.1016121319864036 16.95
1696 0.09938976633217199 16.96
1697 0.1091899105652676 16.97
1698 0.1132078534183032 16.98
1699 0.1195656135737024 16.99
1700 0.1265698032529853 17
1701 0.1278858535695072 17.01
1702 0.1324588302838282 17.02
1703 0.1310418991050117 17.03
1704 0.131231225115447 17.04
1705 0.1265867736801798 17.05
1706 0.1363033596466343 17.06
1707 0.147251263994373 17.07
1708 0.1498763589785647 17.08
1709 0.1569809685841295 17.09
1710 0.1620638354738724 17.1
1711 0.1688883533644187 17.11
1712 0.166913812173363 17.12
1713 0.1515397028778208 17.13
1714 0.1611827656190617 17.14
1715 0.1702857067772829 17.15
1716 0.1654186705626391 17.16
1717 0.1780760413758634 17.17
1718 0.1797309713803305 17.18
1719 0.1808662879784319 17.19
1720 0.1865445754649401 17.2
1721 0.1715446674921777 17.21
1722 0.1809725004464896 17.22
1723 0.1745197492859983 17.23
1724 0.1896207324507264 17.24
1725 0.1840371438637581 17.25
1726 0.2021186179923929 17.26
1727 0.1940951920066816 17.27
1728 0.1941979147432358 17.28
1729 0.1918095436933148 17.29
1730 0.1997547219208293 17.3
1731 0.2028148457274009 17.31
1732 0.2048675027971128 17.32
1733 0.2000951814716044 17.33
1734 0.1961664528790706 17.34
1735 0.2048532017881985 17.35
1736 0.2059871132291085 17.36
1737 0.2096955646125885 17.37
1738 0.2115772327364148 17.38
1739 0.2127607208910115 17.39
1740 0.2045753953342941 17.4
1741 0.2110910312820527 17.41
1742 0.2202272078673881 17.42
1743 0.2236736399956751 17.43
1744 0.2227506688933228 17.44
1745 0.2211271146421757 17.45
1746 0.2311379047062141 17.46
1747 0.2278939196997349 17.47
1748 0.213783394616737 17.48
1749 0.2198684036153381 17.49
1750 0.2310353973267659 17.5
1751 0.2300058769247971 17.51
1752 0.2284800419727566 17.52
1753 0.2369571588081385 17.53
1754 0.2403551838270034 17.54
1755 0.2509218320785989 17.55
1756 0.2390035691236338 17.56
1757 0.2393685659585564 17.57
1758 0.2363139544012242 17.58
1759 0.2559052909147296 17.59
1760 0.2662310988422087 17.6
1761 0.2544590621550499 17.61
1762 0.2390039603955402 17.62
1763 0.2350933495670823 17.63
1764 0.241701381040008 17.64
1765 0.2469199903322623 17.65
1766 0.2462413128903162 17.66
1767 0.2484002961471038 17.67
1768 0.2502012552015904 17.68
1769 0.254203001079236 17.69
1770 0.2551095872972068 17.7
1771 0.2579511407604568 17.71
1772 0.2591411567335229 17.72
1773 0.2675066396705383 17.73
1774 0.265276246727928 17.74
1775 0.2668621349705284 17.75
1776 0.2660022433209617 17.76
1777 0.2651749879261945 17.77
1778 0.2653311135600909 17.78
1779 0.266107353117874 17.79
1780 0.2713866394580124 17.8
1781 0.2816148457595051 17.81
1782 0.2813002567398981 17.82
1783 0.2819703916707942 17.83
1784 0.2806468625067594 17.84
1785 0.2802426904430568 17.85
1786 0.2796442032655301 17.86
1787 0.2829661188647035 17.87
1788 0.2839293438606223 17.88
1789 0.2868444985376462 17.89
1790 0.2927506134669365 17.9
1791 0.2934522920209431 17.91
1792 0.2966789211857968 17.92
1793 0.2961376630934658 17.93
1794 0.2972007728498847 17.94
1795 0.2991732892468359 17.95
1796 0.29834426756662 17.96
1797 0.3074600153595346 17.97
1798 0.303384628376889 17.98
1799 0.3053203450065878 17.99
1800 0.3009083184731642 18
1801 0.3074515951480122 18.01
1802 0.3033511589402601 18.02
1803 0.3044309611689391 18.03
1804 0.3014784644493217 18.04
1805 0.3027806002772617 18.05
1806 0.3020108301469741 18.06
1807 0.2950792100660071 18.07
1808 0.3014505676463376 18.08
1809 0.2962586227260149 18.09
1810 0.2964289325714611 18.1
1811 0.290420933577677 18.11
1812 0.2880615768879965 18.12
1813 0.2856891665307646 18.13
1814 0.2800021754503547 18.14
1815 0.2765859432534853 18.15
1816 0.2720455069438384 18.16
1817 0.267460330492515 18.17
1818 0.2643752413413423 18.18
1819 0.2609178605271613 18.19
1820 0.2561095120352526 18.2
1821 0.2572272539601594 18.21
1822 0.2500751299315453 18.22
1823 0.2472516080737439 18.23
1824 0.2420518481872626 18.24
1825 0.2325552637488185 18.25
1826 0.225523936340685 18.26
1827 0.2161874531743634 18.27
1828 0.2147023316405496 18.28
1829 0.214756911354477 18.29
1830 0.2069356065227046 18.3
1831 0.2030835877438658 18.31
1832 0.1951246604643152 18.32
1833 0.186728139656249 18.33
1834 0.1781961188110152 18.34
1835 0.1718944917550092 18.35
1836 0.161963944931439 18.36
1837 0.1592992519330801 18.37
1838 0.1598647271230007 18.38
1839 0.1534002833359829 18.39
1840 0.1453932358474494 18.4
1841 0.135218908411522 18.41
1842 0.127646299132057 18.42
1843 0.1198073207215188 18.43
1844 0.1144314605051491 18.44
1845 0.1067423027978456 18.45
1846 0.09239209816168122 18.46
1847 0.0900873050897137 18.47
1848 0.08588136770977571 18.48
1849 0.09016449719333554 18.49
1850 0.08744733557111445 18.5
1851 0.08355029646869158 18.51
1852 0.07629275838130319 18.52
1853 0.06314149552062327 18.53
1854 0.05978047314074883 18.54
1855 0.05549515844606073 18.55
1856 0.06061648606534344 18.56
1857 0.06020457220065726 18.57
1858 0.06685969674511351 18.58
1859 0.07161678280063631 18.59
1860 0.07718478859024708 18.6
1861 0.07868587921101487 18.61
1862 0.07846902720226943 18.62
1863 0.0832926872151934 18.63
1864 0.08233900304951787 18.64
1865 0.09254925277497048 18.65
1866 0.08776011512174538 18.66
1867 0.09235792234406337 18.67
1868 0.09168437116734265 18.68
1869 0.09758481578459134 18.69
1870 0.10286096241434 18.7
1871 0.0989866530569011 18.71
1872 0.1041518061150122 18.72
1873 0.09870374244787833 18.73
1874 0.1088125864090584 18.74
1875 0.1049991147661495 18.75
1876 0.1130536049572604 18.76
1877 0.1200650356781469 18.77
1878 0.1167863725858345 18.78
1879 0.1115346265972326 18.79
1880 0.1058399450109835 18.8
1881 0.1023087543094754 18.81
1882 0.1127240905527092 18.82
1883 0.1293010247427257 18.83
1884 0.1369773206644128 18.84
1885 0.1331880541768831 18.85
1886 0.1260457056049857 18.86
1887 0.1224894449451533 18.87
1888 0.1210002219118748 18.88
1889 0.1249115252962555 18.89
1890 0.125968675724755 18.9
1891 0.1172313913511693 18.91
1892 0.122750721859066 18.92
1893 0.1166480984798405 18.93
1894 0.1184142313901359 18.94
1895 0.1129651294741277 18.95
1896 0.1160086864163287 18.96
1897 0.1140348823488118 18.97
1898 0.115224238749851 18.98
1899 0.1211640830921365 18.99
1900 0.1165675004530428 19
1901 0.109094011826063 19.01
1902 0.1068199220377222 19.02
1903 0.1037517484718544 19.03
1904 0.0972951355704828 19.04
1905 0.09630461891257766 19.05
1906 0.1041610048768756 19.06
1907 0.1107749271903869 19.07
1908 0.1114635496273463 19.08
1909 0.1159358818139145 19.09
1910 0.1181294790788663 19.1
1911 0.1135528678354121 19.11
1912 0.1044581089251612 19.12
1913 0.0988379950517473 19.13
1914 0.1026588538779263 19.14
1915 0.1106998665639255 19.15
1916 0.1094986147249094 19.16
1917 0.1138997325468884 19.17
1918 0.1169441184667411 19.18
1919 0.1200370604927767 19.19
1920 0.113001439896846 19.2
1921 0.09560593263662395 19.21
1922 0.08583460632638708 19.22
1923 0.08334094702901211 19.23
1924 0.08517158495202722 19.24
1925 0.0826930920319035 19.25
1926 0.0738178491056251 19.26
1927 0.08310380360993931 19.27
1928 0.07850540258545044 19.28
1929 0.06086324723988869 19.29
1930 0.04620060283041569 19.3
1931 0.03649310009234528 19.31
1932 0.04071886478164041 19.32
1933 0.03625464778746139 19.33
1934 0.02935076709431798 19.34
1935 0.01589280113523655 19.35
1936 0.005901714274221947 19.36
1937 0.01227992051646338 19.37
1938 0.01824157052792548 19.38
1939 0.01260369965708425 19.39
1940 -0.003336901071404356 19.4
1941 -0.00263356705419053 19.41
1942 0.01022557002584482 19.42
1943 0.01464404765134849 19.43
1944 0.02162313867365413 19.44
1945 0.02824252425236497 19.45
1946 0.01746063033184562 19.46
1947 0.02084073441282601 19.47
1948 0.03213116382254975 19.48
1949 0.03881510881027562 19.49
1950 0.04228097492513912 19.5
1951 0.04755022818983509 19.51
1952 0.04965686515428618 19.52
1953 0.04855720796854899 19.53
1954 0.06424639155868551 19.54
1955 0.06946266905500911 19.55
1956 0.0611549703166047 19.56
1957 0.0632651865534347 19.57
1958 0.0688753973441094 19.58
1959 0.06895912651769444 19.59
1960 0.09022602963592059 19.6
1961 0.09505362463379216 19.61
1962 0.1026562449516595 19.62
1963 0.09247211492835761 19.63
1964 0.09638284733789117 19.64
1965 0.1025312847948989 19.65
1966 0.1054797497594254 19.66
1967 0.1116519621638399 19.67
1968 0.1175942851509417 19.68
1969 0.1271107923476354 19.69
1970 0.1275845467043132 19.7
1971 0.1279493368360506 19.71
1972 0.1236028965387874 19.72
1973 0.1284061924978453 19.73
1974 0.132179514332664 19.74
1975 0.1441729760568152 19.75
1976 0.1413495447654265 19.76
1977 0.1484457343328585 19.77
1978 0.1496177085005315 19.78
1979 0.1599555892075814 19.79
1980 0.1599981980113188 19.8
1981 0.1537228977890772 19.81
1982 0.1669794100420262 19.82
1983 0.1697653382682716 19.83
1984 0.1709839045433902 19.84
1985 0.1703864863170944 19.85
1986 0.1751003378656781 19.86
1987 0.1765717863597487 19.87
1988 0.1792009179726663 19.88
1989 0.1831894848127273 19.89
1990 0.1846364322399903 19.9
1991 0.1856102396388369 19.91
1992 0.186999727235669 19.92
1993 0.1895968057746553 19.93
1994 0.1901618317087675 19.94
1995 0.1896443688428062 19.95
1996 0.1859142142449229 19.96
1997 0.1862722616634125 19.97
1998 0.1929055204841719 19.98
1999 0.1928940668325284 19.99
2000 0.2039840031493234 20
