"fd-rfile"
"Time Step" "fd etc.."
("Time Step" "fd" "flow-time")
0 0 0
1 174.7691162012374 0.01
2 1.296283587927523 0.02
3 0.4584188882458771 0.03
4 0.991697697388941 0.04
5 1.52049224197177 0.05
6 1.605708615755556 0.06
7 1.691361091674597 0.07000000000000001
8 1.843158102675514 0.08
9 1.984198874895491 0.09
10 1.882438540124443 0.1
11 1.955658762671868 0.11
12 2.013544206085508 0.12
13 2.018557403964817 0.13
14 2.066649976968864 0.14
15 2.078122778737518 0.15
16 2.158371434862365 0.16
17 2.170262077386894 0.17
18 2.123673074258643 0.18
19 2.178557696072798 0.19
20 2.149101736772187 0.2
21 2.143821940283142 0.21
22 2.140290002824751 0.22
23 2.183691892703585 0.23
24 2.16937092546733 0.24
25 2.262837487710743 0.25
26 2.197308730454552 0.26
27 2.101174312774661 0.27
28 2.113273777935904 0.28
29 2.139229035550599 0.29
30 2.09469545457074 0.3
31 2.075596508642148 0.31
32 2.008706476095584 0.32
33 2.032120357548191 0.33
34 2.032699861904304 0.34
35 2.083609049332921 0.35
36 1.97813512009903 0.36
37 1.878466684741095 0.37
38 1.779622901699971 0.38
39 1.756045919247318 0.39
40 1.797955768120865 0.4
41 1.827177560322718 0.41
42 1.784797872765343 0.42
43 1.739188235012728 0.43
44 1.711582733816748 0.44
45 1.608935116577614 0.45
46 1.538777810171409 0.46
47 1.537439165596213 0.47
48 1.515823376125991 0.48
49 1.538061303723456 0.49
50 1.537976279271274 0.5
51 1.495480860634748 0.51
52 1.398762987241915 0.52
53 1.314445863473489 0.53
54 1.247634797206783 0.54
55 1.334917160402964 0.55
56 1.442916141481504 0.5600000000000001
57 1.38287442928194 0.5700000000000001
58 1.281717343384732 0.58
59 1.274759821928293 0.59
60 1.107766459973576 0.6
61 1.161562761998268 0.61
62 1.193505069573407 0.62
63 1.176175809164445 0.63
64 1.155552369611203 0.64
65 1.158424172767693 0.65
66 1.139255221558369 0.66
67 1.116638519569759 0.67
68 1.102451323533904 0.68
69 1.058353639639369 0.6900000000000001
70 1.060885771655521 0.7000000000000001
71 1.025230924824216 0.71
72 1.032822399133568 0.72
73 1.028502297706923 0.73
74 1.021318776444721 0.74
75 1.001407363106884 0.75
76 0.9963566085565979 0.76
77 0.9689358357122402 0.77
78 0.9332305955695105 0.78
79 0.927514882468733 0.79
80 0.9277505342985388 0.8
81 0.8805853441311069 0.8100000000000001
82 0.929163772278897 0.8200000000000001
83 0.8752070595289589 0.8300000000000001
84 0.9290244907635251 0.84
85 0.8277114991616936 0.85
86 0.8504664330837869 0.86
87 0.8204837392953871 0.87
88 0.8228306922483789 0.88
89 0.7922025930530486 0.89
90 0.8418935120793727 0.9
91 0.7764274396547677 0.91
92 0.7536506790251798 0.92
93 0.7529575741329947 0.93
94 0.7027190924967471 0.9400000000000001
95 0.7468925598170352 0.9500000000000001
96 0.72808165950159 0.96
97 0.7044723269365112 0.97
98 0.6300286107941624 0.98
99 0.6604727046424815 0.99
100 0.6762071792863821 1
101 0.6659319632511073 1.01
102 0.6515867199705851 1.02
103 0.6189916494372002 1.03
104 0.6015073197128185 1.04
105 0.5595955411464681 1.05
106 0.603142523508119 1.06
107 0.5576302254075021 1.07
108 0.5640029517448544 1.08
109 0.5653529146959018 1.09
110 0.5467957578943246 1.1
111 0.5701406764939611 1.11
112 0.5454873614932986 1.12
113 0.5455968435151017 1.13
114 0.5361958175131245 1.14
115 0.5472850019676445 1.15
116 0.5262969189221045 1.16
117 0.5224745509281491 1.17
118 0.5223185858367863 1.18
119 0.5017023342685661 1.19
120 0.5231285883700284 1.2
121 0.504519157769872 1.21
122 0.5357728465753601 1.22
123 0.5339067431293445 1.23
124 0.5250619562492509 1.24
125 0.5494263198717518 1.25
126 0.5756987447965035 1.26
127 0.6067855568231676 1.27
128 0.6114550793339713 1.28
129 0.6465214629560613 1.29
130 0.5919856810838272 1.3
131 0.6588246081640271 1.31
132 0.6596228827197189 1.32
133 0.6675625753817881 1.33
134 0.6546384273353484 1.34
135 0.706409978363037 1.35
136 0.674817369097892 1.36
137 0.7421144469737999 1.37
138 0.7410624819337893 1.38
139 0.778328051429056 1.39
140 0.7382292612477748 1.4
141 0.7608473406470756 1.41
142 0.7847945156100802 1.42
143 0.8377957985814933 1.43
144 0.8802669586736797 1.44
145 0.9006638233166222 1.45
146 0.8917191456187225 1.46
147 0.8968442984164305 1.47
148 0.9068081916096533 1.48
149 0.9417085215238414 1.49
150 0.9790370541976153 1.5
151 1.013515936310448 1.51
152 1.059064039112118 1.52
153 1.108668070075032 1.53
154 1.058584630530069 1.54
155 1.079333213122787 1.55
156 1.202030891535676 1.56
157 1.243175372614431 1.57
158 1.2169283997194 1.58
159 1.24325117481249 1.59
160 1.428409091984535 1.6
161 1.441403334346803 1.61
162 1.410782042902385 1.62
163 1.357262338871079 1.63
164 1.345856598139641 1.64
165 1.384129233145185 1.65
166 1.40337537522898 1.66
167 1.452826026693046 1.67
168 1.489106545360116 1.68
169 1.520925087618086 1.69
170 1.543831294887235 1.7
171 1.584427112589082 1.71
172 1.634665178921956 1.72
173 1.618933681469628 1.73
174 1.644525437953912 1.74
175 1.667664276813158 1.75
176 1.698542921673315 1.76
177 1.715044397378915 1.77
178 1.752745661079789 1.78
179 1.77530256126543 1.79
180 1.816995922521176 1.8
181 1.862962069543854 1.81
182 1.908986633114887 1.82
183 1.919186020753932 1.83
184 1.928258543356743 1.84
185 1.983810893579451 1.85
186 2.002574045016944 1.86
187 2.027531151304948 1.87
188 2.037665464598325 1.88
189 2.073033299122546 1.89
190 2.081630039594381 1.9
191 2.119340512603944 1.91
192 2.158733702224142 1.92
193 2.224122786673668 1.93
194 2.275262140681292 1.94
195 2.25288893508898 1.95
196 2.258214944777201 1.96
197 2.251064016467748 1.97
198 2.243396141139268 1.98
199 2.284895437175249 1.99
200 2.331770081177266 2
201 2.386440719809103 2.01
202 2.35164214439468 2.02
203 2.438810175859589 2.03
204 2.418790335359827 2.04
205 2.276137162973563 2.05
206 2.408545024997003 2.06
207 2.356532654675162 2.07
208 2.454829111824853 2.08
209 2.403060525183256 2.09
210 2.308056871185941 2.1
211 2.381848419885967 2.11
212 2.37627385576245 2.12
213 2.3245727888805 2.13
214 2.25256296779672 2.14
215 2.355262383595255 2.15
216 2.357392212139406 2.16
217 2.365480235638334 2.17
218 2.317913275863174 2.18
219 2.33165150164383 2.19
220 2.310598134699404 2.2
221 2.328739042492641 2.21
222 2.291498324438646 2.22
223 2.286372581925622 2.23
224 2.298768211370105 2.24
225 2.299017036649109 2.25
226 2.309358872151911 2.26
227 2.314586301603816 2.27
228 2.277317967569186 2.28
229 2.351020103265401 2.29
230 2.309551599049383 2.3
231 2.343579684390318 2.31
232 2.374004069414242 2.32
233 2.382477302375364 2.33
234 2.368698559985313 2.34
235 2.402020349399883 2.35
236 2.385854474039515 2.36
237 2.404575933220328 2.37
238 2.408842927951842 2.38
239 2.386698413636824 2.39
240 2.480198003142886 2.4
241 2.484154491241343 2.41
242 2.506035049326041 2.42
243 2.563258966327527 2.43
244 2.586276721469754 2.44
245 2.55996783219478 2.45
246 2.623563672491898 2.46
247 2.69944145906026 2.47
248 2.741302505913183 2.48
249 2.742442393822418 2.49
250 2.828543323092575 2.5
251 2.867524818991704 2.51
252 2.923950052972011 2.52
253 2.971490354543565 2.53
254 2.961918258341792 2.54
255 3.005093832833853 2.55
256 2.999930172091048 2.56
257 3.011841837627924 2.57
258 3.028065116601316 2.58
259 3.078742248240155 2.59
260 3.124246969050729 2.6
261 3.162552066439156 2.61
262 3.100681235492848 2.62
263 3.149369363278654 2.63
264 3.120940936930344 2.64
265 3.16541173575243 2.65
266 3.171157491922348 2.66
267 3.208273391726153 2.67
268 3.218203526016298 2.68
269 3.266930771302775 2.69
270 3.179802422118587 2.7
271 3.200732830806143 2.71
272 3.221827614203497 2.72
273 3.291715397773809 2.73
274 3.249779838038575 2.74
275 3.186567849485503 2.75
276 3.196310655471009 2.76
277 3.213438897649184 2.77
278 3.225709518863953 2.78
279 3.190908450919556 2.79
280 3.223508204739078 2.8
281 3.227387252605719 2.81
282 3.189308943746859 2.82
283 3.162949312623061 2.83
284 3.140298172813752 2.84
285 3.139571387415123 2.85
286 3.22576907076751 2.86
287 3.180883586088227 2.87
288 3.053736189153411 2.88
289 3.149465346199353 2.89
290 3.10065324790971 2.9
291 3.125326420896116 2.91
292 3.056920040423716 2.92
293 3.072073195185376 2.93
294 3.044432559754888 2.94
295 3.008879403592035 2.95
296 3.002513088314017 2.96
297 3.010456513470814 2.97
298 3.010032330753266 2.98
299 2.927392722391541 2.99
300 2.825541834698768 3
301 2.779277476067613 3.01
302 2.820026066695766 3.02
303 2.830664198833225 3.03
304 2.774218037161327 3.04
305 2.791685180493939 3.05
306 2.798637424591604 3.06
307 2.788590045754173 3.07
308 2.70239412200411 3.08
309 2.610864252432084 3.09
310 2.55618215176835 3.1
311 2.510262141562519 3.11
312 2.500251561373872 3.12
313 2.482246646316333 3.13
314 2.469384714545313 3.14
315 2.445678756460785 3.15
316 2.375529381560158 3.16
317 2.280338281409492 3.17
318 2.179691876097232 3.18
319 2.149461939438042 3.19
320 2.05956671777837 3.2
321 2.024105470822864 3.21
322 2.047911991742458 3.22
323 1.926114852954903 3.23
324 1.983778724161752 3.24
325 1.974151421298096 3.25
326 1.956668263489975 3.26
327 1.876798942926721 3.27
328 1.759194574441034 3.28
329 1.652775331293172 3.29
330 1.650827262058561 3.3
331 1.720873256680425 3.31
332 1.635271113448515 3.32
333 1.669513248136443 3.33
334 1.598153168490422 3.34
335 1.522916959654445 3.35
336 1.433355520824011 3.36
337 1.445099195877149 3.37
338 1.433790081206117 3.38
339 1.423387132373748 3.39
340 1.425555551254448 3.4
341 1.380008281993797 3.41
342 1.394369557583468 3.42
343 1.322955223143657 3.43
344 1.294446854224888 3.44
345 1.243074167105956 3.45
346 1.220044345447391 3.46
347 1.205256984652815 3.47
348 1.220826927231524 3.48
349 1.157263461685731 3.49
350 1.139271147152154 3.5
351 1.16144573597906 3.51
352 1.085193096516549 3.52
353 1.093170217417027 3.53
354 1.06193601749552 3.54
355 1.039340137373163 3.55
356 1.036694059435003 3.56
357 1.020914250337642 3.57
358 1.039517673478621 3.58
359 1.014725548639887 3.59
360 0.9908563117346636 3.6
361 0.9713433367171205 3.61
362 0.9192149250807141 3.62
363 0.9024503416853324 3.63
364 0.9063368223184091 3.64
365 0.9046135383674364 3.65
366 0.9070780636606919 3.66
367 0.8933093283851808 3.67
368 0.903110500714003 3.68
369 0.8849987406691787 3.69
370 0.8613326854104253 3.7
371 0.8714328666500349 3.71
372 0.8474341980593867 3.72
373 0.8199391603432707 3.73
374 0.846908841964444 3.74
375 0.836014522839843 3.75
376 0.8448196648214105 3.76
377 0.8461492707382531 3.77
378 0.8435487448157332 3.78
379 0.8379846242510037 3.79
380 0.8482102192822658 3.8
381 0.8342191728132107 3.81
382 0.8389009108182891 3.82
383 0.8242383143333608 3.83
384 0.8423157298537646 3.84
385 0.8199876889292159 3.85
386 0.8344464637738335 3.86
387 0.8443511572487636 3.87
388 0.8437016521676547 3.88
389 0.8668456790252151 3.89
390 0.8723008561362545 3.9
391 0.8629862477677218 3.91
392 0.8696778620745222 3.92
393 0.8878549318228947 3.93
394 0.8824057706011428 3.94
395 0.890349995946647 3.95
396 0.9082667367760399 3.96
397 0.9370097516247535 3.97
398 0.9451266414163898 3.98
399 0.9752500208878133 3.99
400 0.9840245149113368 4
401 0.9904857032657661 4.01
402 1.0125058665671 4.02
403 1.021331103050946 4.03
404 1.041933893822421 4.04
405 1.050227945321744 4.05
406 1.058157057161367 4.06
407 1.088671665976563 4.07
408 1.105729513129626 4.08
409 1.094102430255979 4.09
410 1.138215501292416 4.1
411 1.170188235274709 4.11
412 1.179294537480255 4.12
413 1.190187706834922 4.13
414 1.222868183053854 4.14
415 1.222756480685953 4.15
416 1.241614243989068 4.16
417 1.25980098278681 4.17
418 1.275698044951455 4.18
419 1.292148273286431 4.19
420 1.316656677274815 4.2
421 1.34364174014685 4.21
422 1.363097821850647 4.22
423 1.380672840844469 4.23
424 1.388576305039266 4.24
425 1.414871207308875 4.25
426 1.433897992289197 4.26
427 1.468788737701194 4.27
428 1.478263928895513 4.28
429 1.483178759891666 4.29
430 1.502688601551133 4.3
431 1.517406664831642 4.31
432 1.536997076664471 4.32
433 1.559504991181627 4.33
434 1.592954384333269 4.34
435 1.61178886061283 4.350000000000001
436 1.64546869650229 4.36
437 1.663442537580338 4.37
438 1.688985196962065 4.38
439 1.72343398205366 4.39
440 1.701755773535067 4.4
441 1.744594422980407 4.41
442 1.747478960478444 4.42
443 1.785496249042067 4.43
444 1.788345542775192 4.44
445 1.7872004436886 4.45
446 1.842697505339069 4.46
447 1.881903734928364 4.47
448 1.954527697556959 4.48
449 1.951381549952322 4.49
450 1.929070985445978 4.5
451 1.942581215592748 4.51
452 1.962674069726481 4.52
453 1.985971825582815 4.53
454 2.017055462064531 4.54
455 2.022258726569073 4.55
456 2.075460225730624 4.56
457 2.079222791820858 4.57
458 2.073151828482128 4.58
459 2.0584735111885 4.59
460 2.082041441929238 4.600000000000001
461 2.128643557165407 4.61
462 2.116290139681398 4.62
463 2.131743383326137 4.63
464 2.166284393702825 4.64
465 2.196911824117008 4.65
466 2.199370747505832 4.66
467 2.178209028998077 4.67
468 2.176301940013325 4.68
469 2.158241573731998 4.69
470 2.184126614220533 4.7
471 2.214630044877321 4.71
472 2.180875488789508 4.72
473 2.212427614311381 4.73
474 2.166133453858398 4.74
475 2.174296305275225 4.75
476 2.170998694842347 4.76
477 2.207989389804671 4.77
478 2.19639032543455 4.78
479 2.168642806013721 4.79
480 1.984359676713009 4.8
481 1.977913660629433 4.81
482 2.062132954556426 4.82
483 2.290864832207024 4.83
484 2.361564989432621 4.84
485 2.125367524888689 4.850000000000001
486 2.061119600443948 4.86
487 2.140465718990963 4.87
488 2.223856006701617 4.88
489 2.113871986859313 4.89
490 2.144132400628816 4.9
491 2.101427837085916 4.91
492 2.036790388137568 4.92
493 2.052971556667085 4.93
494 2.055386355006624 4.94
495 2.237627882857978 4.95
496 2.299580427449237 4.96
497 2.233225638263297 4.97
498 2.199168686323963 4.98
499 2.194122727729421 4.99
500 2.25613041606823 5
501 2.292597897460266 5.01
502 2.242225579041963 5.02
503 2.206913559081522 5.03
504 2.249486847562662 5.04
505 2.318660801042395 5.05
506 2.345874612816133 5.06
507 2.441126240639717 5.07
508 2.413312142935744 5.08
509 2.404971832768267 5.09
510 2.434154113359074 5.100000000000001
511 2.458557740593895 5.11
512 2.509896743331133 5.12
513 2.550378352690223 5.13
514 2.575492750149139 5.14
515 2.57891805467905 5.15
516 2.622429026589166 5.16
517 2.638881223478888 5.17
518 2.721330932582342 5.18
519 2.698719498280892 5.19
520 2.73557014659327 5.2
521 2.729569782773777 5.21
522 2.777083226529377 5.22
523 2.851842032533666 5.23
524 2.723776603343889 5.24
525 2.763381535185853 5.25
526 2.875057442006133 5.26
527 2.887950807684514 5.27
528 2.882075751554268 5.28
529 2.869557142418195 5.29
530 2.865803160715699 5.3
531 2.915597649628764 5.31
532 2.925587970988161 5.32
533 2.947098061718675 5.33
534 2.977382829364891 5.34
535 2.961113361597426 5.350000000000001
536 3.053341582488067 5.36
537 3.02266191421041 5.37
538 3.061449019441993 5.38
539 2.95483900350281 5.39
540 3.008256756819344 5.4
541 3.0824230669316 5.41
542 3.033963599643974 5.42
543 3.134681136680895 5.43
544 3.054791355830992 5.44
545 3.130856366650554 5.45
546 3.210665682181276 5.46
547 3.112161047113602 5.47
548 3.040521384050322 5.48
549 3.05971842511712 5.49
550 3.117368640801216 5.5
551 3.130436127704356 5.51
552 3.139023611017643 5.52
553 3.069696776445908 5.53
554 3.060580071492173 5.54
555 3.090794959467655 5.55
556 3.146694481690195 5.56
557 3.08193921276304 5.57
558 3.080631267897312 5.58
559 3.113294421892653 5.59
560 3.209549947454756 5.600000000000001
561 3.198229442679196 5.61
562 3.195850032659804 5.62
563 3.146014853375142 5.63
564 3.112353526511589 5.64
565 3.052440397339672 5.65
566 3.055802635616319 5.66
567 3.039953518110182 5.67
568 3.055501796043943 5.68
569 3.006998505531285 5.69
570 2.996204522301633 5.7
571 3.031237229261814 5.71
572 2.996984703526493 5.72
573 2.969338143206376 5.73
574 2.962920785172603 5.74
575 2.912642287058204 5.75
576 2.838347560911915 5.76
577 2.783477746734147 5.77
578 2.739560150111076 5.78
579 2.648625777832063 5.79
580 2.519300751080868 5.8
581 2.489789182013732 5.81
582 2.404753267980575 5.82
583 2.287137576178015 5.83
584 2.263956380018507 5.84
585 2.165106957508323 5.850000000000001
586 2.067285524124165 5.86
587 1.937914064973075 5.87
588 1.859452237720541 5.88
589 1.755755602651333 5.89
590 1.701534254882053 5.9
591 1.655337502036006 5.91
592 1.602418276932079 5.92
593 1.551366066763967 5.93
594 1.506931211562667 5.94
595 1.464011537195378 5.95
596 1.434870733987855 5.96
597 1.351622598048445 5.97
598 1.351297503550491 5.98
599 1.293757217568161 5.99
600 1.277619175052257 6
601 1.244649537663895 6.01
602 1.22699226904639 6.02
603 1.186235917447056 6.03
604 1.164912859003402 6.04
605 1.1467261006082 6.05
606 1.129166724814128 6.06
607 1.104891573192069 6.07
608 1.043688833177308 6.08
609 1.051092826845179 6.09
610 1.066498152436787 6.100000000000001
611 1.071835485868247 6.11
612 1.033071550919866 6.12
613 1.046850249300673 6.13
614 1.026080777030509 6.140000000000001
615 0.9970832024697982 6.15
616 0.9939533518462136 6.16
617 0.9555375760052498 6.17
618 0.9511751840135191 6.18
619 0.9245347240400371 6.19
620 0.915514097799367 6.2
621 0.9248784756187224 6.21
622 0.8955809583124942 6.22
623 0.8873313254847158 6.23
624 0.8854328251747982 6.24
625 0.8609918708343418 6.25
626 0.8285742285036318 6.26
627 0.8565094355759256 6.27
628 0.8268877814069134 6.28
629 0.8557370922854788 6.29
630 0.8257734364354012 6.3
631 0.8119286014791954 6.31
632 0.800085291918585 6.32
633 0.8066643932879182 6.33
634 0.8292935340207106 6.34
635 0.7722644414709542 6.350000000000001
636 0.802537165478991 6.36
637 0.7878230402960095 6.37
638 0.7994435655087012 6.38
639 0.776083748089463 6.390000000000001
640 0.7719693882953148 6.4
641 0.760931962832423 6.41
642 0.7654301140498914 6.42
643 0.7694805585962581 6.43
644 0.7533712083102549 6.44
645 0.7624434035776265 6.45
646 0.7536908640138246 6.46
647 0.7510147519464812 6.47
648 0.7681795735187893 6.48
649 0.7474919861586629 6.49
650 0.7727811580250554 6.5
651 0.7498457181823531 6.51
652 0.7701492154084562 6.52
653 0.7504172738945136 6.53
654 0.7488758664855057 6.54
655 0.747484849342495 6.55
656 0.754299974785974 6.56
657 0.7605468798393967 6.57
658 0.7697589263025013 6.58
659 0.7727793899816359 6.59
660 0.783887773321652 6.600000000000001
661 0.7718241927062308 6.61
662 0.7783254520799865 6.62
663 0.7970204739331149 6.63
664 0.8099390428523338 6.640000000000001
665 0.8225115819713672 6.65
666 0.8137831306860696 6.66
667 0.8328125471735425 6.67
668 0.8613871002984486 6.68
669 0.8686518167887087 6.69
670 0.8793505286719498 6.7
671 0.8773189435271028 6.71
672 0.8801707934345533 6.72
673 0.8970126236048285 6.73
674 0.9150345138060325 6.74
675 0.9250564734416611 6.75
676 0.9389841910129455 6.76
677 0.9462753913670516 6.77
678 0.9554193991542774 6.78
679 0.982289926896456 6.79
680 1.002713148792889 6.8
681 1.004386993765721 6.81
682 1.01755290896109 6.82
683 1.030503310257324 6.83
684 1.028261734292393 6.84
685 1.068205449045006 6.850000000000001
686 1.090662131351945 6.86
687 1.108984105389863 6.87
688 1.12042632333428 6.88
689 1.143622831098138 6.890000000000001
690 1.171517969337166 6.9
691 1.192820709513064 6.91
692 1.21419818255383 6.92
693 1.229225216809531 6.93
694 1.268883167670595 6.94
695 1.281117751195255 6.95
696 1.324200341035062 6.96
697 1.35763359591952 6.97
698 1.394967187842894 6.98
699 1.42623651899442 6.99
700 1.343613793453902 7
701 1.385682085886426 7.01
702 1.526308764446098 7.02
703 1.478705470520176 7.03
704 1.505474277849214 7.04
705 1.565936919555903 7.05
706 1.558439012923436 7.06
707 1.619067934014614 7.07
708 1.684258962293417 7.08
709 1.690543684740923 7.09
710 1.66522803334213 7.100000000000001
711 1.721820338375504 7.11
712 1.72785107776838 7.12
713 1.79136561113644 7.13
714 1.836806677324309 7.140000000000001
715 1.903087742552867 7.15
716 1.807901857914545 7.16
717 1.943283322805741 7.17
718 1.97875602783162 7.18
719 2.047020384557639 7.19
720 2.135823424470649 7.2
721 2.101303703936993 7.21
722 2.068403939576958 7.22
723 2.036622177235309 7.23
724 2.060121542185574 7.24
725 2.077274419261897 7.25
726 2.155049065193263 7.26
727 2.18642644821611 7.27
728 2.19278934327661 7.28
729 2.182902140960146 7.29
730 2.199883961005645 7.3
731 2.251494064728098 7.31
732 2.237580476644724 7.32
733 2.2651579744376 7.33
734 2.265950142924817 7.34
735 2.285423728734822 7.350000000000001
736 2.311016933478166 7.36
737 2.315163284370102 7.37
738 2.341872315778827 7.38
739 2.346336295525407 7.390000000000001
740 2.37975575126061 7.4
741 2.398257986402045 7.41
742 2.39217670125989 7.42
743 2.410691992601137 7.43
744 2.391734188931632 7.44
745 2.408029572847539 7.45
746 2.407993526591113 7.46
747 2.407458501503646 7.47
748 2.394694339454815 7.48
749 2.425350043225176 7.49
750 2.39358673862582 7.5
751 2.426587573720906 7.51
752 2.422694769537685 7.52
753 2.44285592022525 7.53
754 2.444384220717027 7.54
755 2.435618960307833 7.55
756 2.445737062634564 7.56
757 2.397983535371259 7.57
758 2.427049786624283 7.58
759 2.43991382260904 7.59
760 2.438017681693238 7.600000000000001
761 2.394298484848376 7.61
762 2.404075581024369 7.62
763 2.396765842091197 7.63
764 2.397447105182678 7.640000000000001
765 2.392196661794753 7.65
766 2.373510039547742 7.66
767 2.404274601834891 7.67
768 2.396392262040085 7.68
769 2.413311859900849 7.69
770 2.402544380898294 7.7
771 2.358203059139252 7.71
772 2.375369712770884 7.72
773 2.384432236603574 7.73
774 2.425278857217013 7.74
775 2.404773658057091 7.75
776 2.430125496488951 7.76
777 2.413068327938237 7.77
778 2.385960614700822 7.78
779 2.358013709033431 7.79
780 2.383647447584368 7.8
781 2.397086867072537 7.81
782 2.392687062748468 7.82
783 2.471157239028877 7.83
784 2.463234279913534 7.84
785 2.492575917395578 7.850000000000001
786 2.440178432578337 7.86
787 2.510385125652968 7.87
788 2.489079030169363 7.88
789 2.557625166655406 7.890000000000001
790 2.626188719614327 7.9
791 2.54676966096225 7.91
792 2.553416319000212 7.92
793 2.574394374044067 7.930000000000001
794 2.524993235238135 7.94
795 2.499659628390754 7.95
796 2.623144846910987 7.96
797 2.612061747881196 7.97
798 2.651817867222251 7.98
799 2.652972625929194 7.99
800 2.68254751353539 8
801 2.696711045316738 8.01
802 2.721709665223265 8.02
803 2.712370048359306 8.029999999999999
804 2.768851931290611 8.040000000000001
805 2.717424939170312 8.050000000000001
806 2.782383146958634 8.06
807 2.805950097547617 8.07
808 2.785885819107927 8.08
809 2.845299454072722 8.09
810 2.854935209292672 8.1
811 2.83933061781281 8.109999999999999
812 2.788357124758812 8.120000000000001
813 2.869018941638165 8.130000000000001
814 2.878702682177047 8.140000000000001
815 2.870480386270929 8.15
816 2.813871157624025 8.16
817 2.840838171868813 8.17
818 2.831489192678989 8.18
819 2.855367347793434 8.19
820 2.746879514160025 8.199999999999999
821 2.783573354193882 8.210000000000001
822 2.977339854937218 8.220000000000001
823 2.888602110674881 8.23
824 2.906313226226788 8.24
825 2.782718431101656 8.25
826 2.825523442006803 8.26
827 2.811071563549902 8.27
828 2.896144763325083 8.279999999999999
829 2.742238160376409 8.290000000000001
830 2.747492923860738 8.300000000000001
831 2.794196874866345 8.31
832 2.813679368991473 8.32
833 2.783273927347278 8.33
834 2.77071041135407 8.34
835 2.819965523569706 8.35
836 2.809000512220587 8.359999999999999
837 2.644163350452316 8.370000000000001
838 2.475853050088045 8.380000000000001
839 2.566207338231068 8.390000000000001
840 2.730856969383483 8.4
841 2.693628869659894 8.41
842 2.61619533958908 8.42
843 2.516552270130703 8.43
844 2.580516906203278 8.44
845 2.648733490677794 8.449999999999999
846 2.589510679519011 8.460000000000001
847 2.55237273458446 8.470000000000001
848 2.459763819869969 8.48
849 2.377281864379102 8.49
850 2.322896103535157 8.5
851 2.348537731463267 8.51
852 2.319668059265882 8.52
853 2.307801630919782 8.529999999999999
854 2.30226636753538 8.540000000000001
855 2.242732592734638 8.550000000000001
856 2.185386261936165 8.56
857 2.052056714990808 8.57
858 2.037416301178093 8.58
859 1.955467849346849 8.59
860 2.011443030901058 8.6
861 1.978699312445121 8.609999999999999
862 1.914535286018647 8.620000000000001
863 1.85877905613009 8.630000000000001
864 1.819180019252202 8.640000000000001
865 1.779714194759743 8.65
866 1.698655238292157 8.66
867 1.652067048013799 8.67
868 1.569333389013663 8.68
869 1.577649566894004 8.69
870 1.541641023635069 8.700000000000001
871 1.502975899334436 8.710000000000001
872 1.4622249128125 8.720000000000001
873 1.339637242419247 8.73
874 1.36310434100571 8.74
875 1.303561196420645 8.75
876 1.312742940475493 8.76
877 1.324494989545639 8.77
878 1.281652886109593 8.779999999999999
879 1.234553471485506 8.790000000000001
880 1.221940112576413 8.800000000000001
881 1.173174303102927 8.81
882 1.20613281777735 8.82
883 1.107238430288755 8.83
884 1.109626805357778 8.84
885 1.119125002196725 8.85
886 1.024155944215564 8.859999999999999
887 1.069500562477021 8.870000000000001
888 1.075945773392 8.880000000000001
889 1.052953635351016 8.890000000000001
890 1.06686941783673 8.9
891 0.9808112965202049 8.91
892 0.9850194537470048 8.92
893 1.04071458455915 8.93
894 0.991764350580821 8.94
895 1.016578318014683 8.950000000000001
896 0.9733075554197969 8.960000000000001
897 0.9733755537854474 8.970000000000001
898 0.9140859541219055 8.98
899 0.9470044775235644 8.99
900 0.8973129717192613 9
901 0.8894988208443709 9.01
902 0.8986325916056095 9.02
903 0.9101918468446866 9.029999999999999
904 0.90260503074065 9.040000000000001
905 0.8947639952715279 9.050000000000001
906 0.8929952805479399 9.06
907 0.884843653972855 9.07
908 0.8716110317989415 9.08
909 0.863578289390039 9.09
910 0.8393014614110871 9.1
911 0.8017509015845661 9.109999999999999
912 0.7955362984137742 9.120000000000001
913 0.8174522360276785 9.130000000000001
914 0.8173549071784031 9.140000000000001
915 0.8309781328910667 9.15
916 0.829007203117494 9.16
917 0.8353737699759 9.17
918 0.8301549171606786 9.18
919 0.8456848272113625 9.19
920 0.8081261806191355 9.200000000000001
921 0.816941870625007 9.210000000000001
922 0.8097810417974983 9.220000000000001
923 0.8114382353069991 9.23
924 0.8093439901089186 9.24
925 0.8038460018028137 9.25
926 0.8050181960535896 9.26
927 0.8296789792745964 9.27
928 0.8247345991483371 9.279999999999999
929 0.8315723298252311 9.290000000000001
930 0.8328541006368632 9.300000000000001
931 0.8443403778803718 9.31
932 0.8580192719236492 9.32
933 0.8624709054078079 9.33
934 0.871543022105462 9.34
935 0.8922353718657201 9.35
936 0.9077529996534677 9.359999999999999
937 0.937510332937303 9.370000000000001
938 0.9175270878287085 9.380000000000001
939 0.948521438678791 9.390000000000001
940 0.9483130686998293 9.4
941 0.9748273153536169 9.41
942 0.9815039135130822 9.42
943 1.003703343197856 9.43
944 1.013569653096984 9.44
945 1.03248390601788 9.450000000000001
946 1.038698368100659 9.460000000000001
947 1.06487967115926 9.470000000000001
948 1.085386112749183 9.48
949 1.123630801011427 9.49
950 1.147846965074111 9.5
951 1.173366802785177 9.51
952 1.166967353624091 9.52
953 1.196568037810855 9.529999999999999
954 1.207648662924969 9.540000000000001
955 1.232938073284396 9.550000000000001
956 1.24900910528595 9.56
957 1.278178102725362 9.57
958 1.316459337621675 9.58
959 1.343623310950387 9.59
960 1.29978415560338 9.6
961 1.29465405310539 9.609999999999999
962 1.396203479405817 9.620000000000001
963 1.438286547454332 9.630000000000001
964 1.485099681515397 9.640000000000001
965 1.479789025607746 9.65
966 1.475253157702171 9.66
967 1.50143759262279 9.67
968 1.553671261535637 9.68
969 1.587665088958031 9.69
970 1.592945521721306 9.700000000000001
971 1.639498515825224 9.710000000000001
972 1.606616559400934 9.720000000000001
973 1.659676393180959 9.73
974 1.600509027732235 9.74
975 1.624331779047848 9.75
976 1.706645786802003 9.76
977 1.781422130594984 9.77
978 1.8116856854088 9.779999999999999
979 1.763315769263415 9.790000000000001
980 1.869879207104618 9.800000000000001
981 1.857424748452872 9.81
982 1.862366498202471 9.82
983 1.852902846122438 9.83
984 1.903840509556093 9.84
985 1.953981653821281 9.85
986 2.014298815946897 9.859999999999999
987 2.003861849540665 9.870000000000001
988 2.028955890545662 9.880000000000001
989 2.049925376540517 9.890000000000001
990 2.055220447947688 9.9
991 2.076714679792684 9.91
992 2.121268704071822 9.92
993 2.173050839484597 9.93
994 2.150049242512163 9.94
995 2.157044248996659 9.950000000000001
996 2.167203205683255 9.960000000000001
997 2.206371571522191 9.970000000000001
998 2.262950512922259 9.98
999 2.27630968468916 9.99
1000 2.301406672574874 10
1001 2.276030944839383 10.01
1002 2.293818808759838 10.02
1003 2.323502308556529 10.03
1004 2.348259053714857 10.04
1005 2.355376418055431 10.05
1006 2.352243092398365 10.06
1007 2.337023985867892 10.07
1008 2.349188395174773 10.08
1009 2.323663506096299 10.09
1010 2.399074210533434 10.1
1011 2.358456922817106 10.11
1012 2.383778362780511 10.12
1013 2.350810153319076 10.13
1014 2.367791881504866 10.14
1015 2.317854870346448 10.15
1016 2.350481824484655 10.16
1017 2.35800720354787 10.17
1018 2.334761842957574 10.18
1019 2.323614782394006 10.19
1020 2.238073401097458 10.2
1021 2.245615479169043 10.21
1022 2.298533519372955 10.22
1023 2.23025279041979 10.23
1024 2.322820078403285 10.24
1025 2.39394757874191 10.25
1026 2.312845315036492 10.26
1027 2.275067982135541 10.27
1028 2.282955041098127 10.28
1029 2.272819209457218 10.29
1030 2.238106592160919 10.3
1031 2.209867275666307 10.31
1032 2.332272130175149 10.32
1033 2.251810270094431 10.33
1034 2.216148539374377 10.34
1035 2.263987175842364 10.35
1036 2.326768327385334 10.36
1037 2.380933683596881 10.37
1038 2.332499812984428 10.38
1039 2.201367769467193 10.39
1040 2.2564318715549 10.4
1041 2.271210219313802 10.41
1042 2.298264965988698 10.42
1043 2.314559734922274 10.43
1044 2.317991588724416 10.44
1045 2.323252524791657 10.45
1046 2.425941501692218 10.46
1047 2.398225239939822 10.47
1048 2.465894494114493 10.48
1049 2.416212507809792 10.49
1050 2.435260454058204 10.5
1051 2.442510814687034 10.51
1052 2.47704529220406 10.52
1053 2.481400012533171 10.53
1054 2.504095314229514 10.54
1055 2.576645533367811 10.55
1056 2.623859139478593 10.56
1057 2.680501774587244 10.57
1058 2.609229107262487 10.58
1059 2.655082113741736 10.59
1060 2.676978468672979 10.6
1061 2.658315103562355 10.61
1062 2.586829384739541 10.62
1063 2.635418656489975 10.63
1064 2.648812850126338 10.64
1065 2.709966839090738 10.65
1066 2.720298782952736 10.66
1067 2.64611327986122 10.67
1068 2.70817309550254 10.68
1069 2.699669651487989 10.69
1070 2.760838664615483 10.7
1071 2.780387332480091 10.71
1072 2.780584065148732 10.72
1073 2.847363412841919 10.73
1074 2.754574663309583 10.74
1075 2.755515046110387 10.75
1076 2.793091698347273 10.76
1077 2.859675701775518 10.77
1078 2.919921775283461 10.78
1079 2.905983501229046 10.79
1080 2.963909867074308 10.8
1081 2.953173762338401 10.81
1082 3.01155931240869 10.82
1083 2.949509649762063 10.83
1084 2.901526189696707 10.84
1085 2.886572080016054 10.85
1086 2.967921447915268 10.86
1087 2.984626513458946 10.87
1088 3.05898575300414 10.88
1089 2.995148689085915 10.89
1090 2.907812478937026 10.9
1091 2.943106656123583 10.91
1092 3.002203221340733 10.92
1093 3.012034182911883 10.93
1094 2.93882921497375 10.94
1095 2.938161188566208 10.95
1096 2.916539615342826 10.96
1097 2.991800721120958 10.97
1098 2.927305913467339 10.98
1099 2.9234528196327 10.99
1100 2.953279376380959 11
1101 2.922523690279391 11.01
1102 2.941146774839029 11.02
1103 2.9477236764159 11.03
1104 2.90128324343913 11.04
1105 2.896637750621427 11.05
1106 2.890214855940511 11.06
1107 2.84377026328971 11.07
1108 2.836099502989419 11.08
1109 2.845816500012646 11.09
1110 2.882729956725773 11.1
1111 2.89673586630691 11.11
1112 2.864887682435412 11.12
1113 2.906026551927663 11.13
1114 2.83216994953353 11.14
1115 2.772560136225267 11.15
1116 2.68915262627075 11.16
1117 2.601918133203167 11.17
1118 2.649290923807584 11.18
1119 2.598380464731712 11.19
1120 2.523247402102665 11.2
1121 2.408732647042638 11.21
1122 2.379767929283545 11.22
1123 2.295928213936285 11.23
1124 2.216878345663891 11.24
1125 2.149031142475616 11.25
1126 2.001487440696911 11.26
1127 1.947037252508059 11.27
1128 1.831990265312047 11.28
1129 1.810034482124867 11.29
1130 1.737697706347642 11.3
1131 1.672653232011676 11.31
1132 1.609114073818042 11.32
1133 1.589071333269906 11.33
1134 1.535780524074722 11.34
1135 1.471941224196044 11.35
1136 1.420751636324721 11.36
1137 1.397770055189115 11.37
1138 1.370819829822938 11.38
1139 1.363738915205263 11.39
1140 1.290423654953043 11.4
1141 1.260518136319448 11.41
1142 1.236261777034578 11.42
1143 1.255505631946654 11.43
1144 1.244676366782689 11.44
1145 1.239501530076611 11.45
1146 1.18746591218797 11.46
1147 1.153917449442171 11.47
1148 1.166362222194878 11.48
1149 1.121827912609768 11.49
1150 1.144155373028959 11.5
1151 1.129353392155547 11.51
1152 1.119930567101489 11.52
1153 1.08296754652058 11.53
1154 1.072533048136606 11.54
1155 1.089527262798094 11.55
1156 1.034134261738559 11.56
1157 1.048603294465835 11.57
1158 1.004007222022258 11.58
1159 1.011911523192264 11.59
1160 0.973292524677935 11.6
1161 0.9846276683983476 11.61
1162 0.954661104441581 11.62
1163 0.9358554391778565 11.63
1164 0.9411972220548673 11.64
1165 0.9388294710978676 11.65
1166 0.9551095473490381 11.66
1167 0.9173955335736373 11.67
1168 0.8942601315413824 11.68
1169 0.881021672146482 11.69
1170 0.9133963377136285 11.7
1171 0.9345144287354381 11.71
1172 0.8613944017832533 11.72
1173 0.8857163580220053 11.73
1174 0.8665718722649085 11.74
1175 0.906586142614095 11.75
1176 0.8760077901716088 11.76
1177 0.8761427004637643 11.77
1178 0.8152667653205371 11.78
1179 0.828127001168727 11.79
1180 0.8408215683916819 11.8
1181 0.8313038937896587 11.81
1182 0.8389416477553588 11.82
1183 0.818946216292022 11.83
1184 0.8263991890562347 11.84
1185 0.821506637311167 11.85
1186 0.8097311044127242 11.86
1187 0.8056185324981964 11.87
1188 0.797469462970033 11.88
1189 0.8352591949350137 11.89
1190 0.8076383566679042 11.9
1191 0.8078803672924637 11.91
1192 0.7940733857967157 11.92
1193 0.7984919091300551 11.93
1194 0.7900186742464744 11.94
1195 0.8030160105834245 11.95
1196 0.8079339234657188 11.96
1197 0.8105618479768564 11.97
1198 0.8074259603766177 11.98
1199 0.8247664518361378 11.99
1200 0.838426401716878 12
1201 0.849399009216901 12.01
1202 0.8581957565362993 12.02
1203 0.8331925648524132 12.03
1204 0.8570567418749394 12.04
1205 0.8857573799824405 12.05
1206 0.8868081738075293 12.06
1207 0.9150758345409098 12.07
1208 0.922067126828235 12.08
1209 0.9150277953990646 12.09
1210 0.9395198235197966 12.1
1211 0.9466721540626037 12.11
1212 0.9579831231670065 12.12
1213 0.9720674494631028 12.13
1214 0.9904596926582536 12.14
1215 1.00377749386036 12.15
1216 1.042244359559565 12.16
1217 1.041998337506903 12.17
1218 1.0563525959127 12.18
1219 1.085114013947756 12.19
1220 1.101970726477811 12.2
1221 1.108316964407847 12.21
1222 1.146734236358476 12.22
1223 1.163356085966939 12.23
1224 1.185005047558932 12.24
1225 1.194919150353503 12.25
1226 1.223785736145081 12.26
1227 1.25766242425101 12.27
1228 1.28600164525865 12.28
1229 1.296973575866544 12.29
1230 1.296990249542177 12.3
1231 1.344018702748432 12.31
1232 1.367986314164539 12.32
1233 1.411641518712799 12.33
1234 1.421081765282154 12.34
1235 1.427923710814837 12.35
1236 1.46442353013439 12.36
1237 1.511280719174685 12.37
1238 1.522924646678112 12.38
1239 1.518409989460312 12.39
1240 1.543040627173703 12.4
1241 1.594122858889619 12.41
1242 1.613934415560571 12.42
1243 1.614446876434812 12.43
1244 1.642284515757158 12.44
1245 1.697650960819595 12.45
1246 1.751609136024893 12.46
1247 1.75924865529341 12.47
1248 1.752373217420924 12.48
1249 1.759331068925517 12.49
1250 1.833452232840014 12.5
1251 1.820991646128167 12.51
1252 1.891823043848643 12.52
1253 1.881451401013947 12.53
1254 1.933185945486342 12.54
1255 1.965441077188626 12.55
1256 2.014016744248254 12.56
1257 2.023902523461989 12.57
1258 2.053755773699872 12.58
1259 2.028771464937578 12.59
1260 2.037322710852566 12.6
1261 2.072110577626463 12.61
1262 2.107059897605577 12.62
1263 2.190256047981479 12.63
1264 2.220767774303568 12.64
1265 2.252322441055936 12.65
1266 2.217299362003214 12.66
1267 2.223372240036507 12.67
1268 2.298996612805648 12.68
1269 2.327009826269387 12.69
1270 2.313577280311915 12.7
1271 2.304204963726973 12.71
1272 2.367286294808859 12.72
1273 2.340277079803434 12.73
1274 2.336129678581464 12.74
1275 2.378709824296027 12.75
1276 2.43483184399216 12.76
1277 2.428063960123936 12.77
1278 2.424598081149964 12.78
1279 2.397570900129304 12.79
1280 2.395629302413272 12.8
1281 2.380567724385512 12.81
1282 2.42614668825078 12.82
1283 2.422975641270001 12.83
1284 2.442068572471102 12.84
1285 2.402279613763216 12.85
1286 2.358488706268449 12.86
1287 2.37795529752796 12.87
1288 2.405136820675771 12.88
1289 2.366982445735847 12.89
1290 2.421474984454385 12.9
1291 2.390583143921253 12.91
1292 2.382030041185224 12.92
1293 2.357021947759693 12.93
1294 2.355736935885339 12.94
1295 2.372464430792179 12.95
1296 2.332583007903926 12.96
1297 2.329228242065458 12.97
1298 2.321501947951084 12.98
1299 2.347262019595949 12.99
1300 2.323790282290597 13
1301 2.318231270110071 13.01
1302 2.317040177478185 13.02
1303 2.291835309163857 13.03
1304 2.294340093477292 13.04
1305 2.275373672170176 13.05
1306 2.288773807877654 13.06
1307 2.260159334190079 13.07
1308 2.245236638555481 13.08
1309 2.282454273432692 13.09
1310 2.309988374131212 13.1
1311 2.37635390636158 13.11
1312 2.372700202078486 13.12
1313 2.372415055978286 13.13
1314 2.359003182153624 13.14
1315 2.334918238559323 13.15
1316 2.33809851718749 13.16
1317 2.338426281949885 13.17
1318 2.382170499087253 13.18
1319 2.389523320870508 13.19
1320 2.417881315139737 13.2
1321 2.509872563089869 13.21
1322 2.528200873932545 13.22
1323 2.527714421770118 13.23
1324 2.585398000199354 13.24
1325 2.578476712758242 13.25
1326 2.611913052628336 13.26
1327 2.629372895902077 13.27
1328 2.657998341502538 13.28
1329 2.600841640950922 13.29
1330 2.603789944728684 13.3
1331 2.647340566985194 13.31
1332 2.66164129444487 13.32
1333 2.684563070174605 13.33
1334 2.69305295237405 13.34
1335 2.706230750144218 13.35
1336 2.713073298598009 13.36
1337 2.780636641534427 13.37
1338 2.79824369839029 13.38
1339 2.761670650885371 13.39
1340 2.794944436792853 13.4
1341 2.793357634324797 13.41
1342 2.825669521971796 13.42
1343 2.847657479431657 13.43
1344 2.910283566195706 13.44
1345 2.894460925295185 13.45
1346 2.900621210405045 13.46
1347 2.920444534860505 13.47
1348 2.908258737466584 13.48
1349 2.871550276497771 13.49
1350 2.949137989595906 13.5
1351 2.955777787895255 13.51
1352 2.9816603694533 13.52
1353 2.929024012628342 13.53
1354 2.983087128305219 13.54
1355 2.957786294762224 13.55
1356 2.988905130615272 13.56
1357 2.920907665139721 13.57
1358 2.906507427510982 13.58
1359 2.925970152255597 13.59
1360 3.014008474881715 13.6
1361 2.967337283165315 13.61
1362 2.942997251380032 13.62
1363 2.910597276648172 13.63
1364 2.891920647758299 13.64
1365 2.929401479397187 13.65
1366 2.84829208672994 13.66
1367 2.889709803568976 13.67
1368 2.886540520714805 13.68
1369 2.899671763173163 13.69
1370 2.89309629715119 13.7
1371 2.888469151079915 13.71
1372 2.91975442860751 13.72
1373 2.926046068206898 13.73
1374 2.866004656002368 13.74
1375 2.824553283889274 13.75
1376 2.780532256538528 13.76
1377 2.861971454486502 13.77
1378 2.823643287291511 13.78
1379 2.796426669916936 13.79
1380 2.740748847375063 13.8
1381 2.8024929368651 13.81
1382 2.786615207725138 13.82
1383 2.831542197441381 13.83
1384 2.729613173722762 13.84
1385 2.6665253079113 13.85
1386 2.590318072854791 13.86
1387 2.52738298217454 13.87
1388 2.515513047505454 13.88
1389 2.423417277592088 13.89
1390 2.446344642599741 13.9
1391 2.373993537930601 13.91
1392 2.281995584513601 13.92
1393 2.166640486919257 13.93
1394 2.08135398941493 13.94
1395 2.036714008243576 13.95
1396 1.931220202415383 13.96
1397 1.863073764121255 13.97
1398 1.80426505635248 13.98
1399 1.778890457770484 13.99
1400 1.607402327852892 14
1401 1.627033180050638 14.01
1402 1.560899884379266 14.02
1403 1.513241123484799 14.03
1404 1.447911587652415 14.04
1405 1.406981797198676 14.05
1406 1.387622631522611 14.06
1407 1.303751856008051 14.07
1408 1.365257670133941 14.08
1409 1.336411579257843 14.09
1410 1.260489456723164 14.1
1411 1.307330512774364 14.11
1412 1.188485203944125 14.12
1413 1.285090252678825 14.13
1414 1.200147972324966 14.14
1415 1.204697697047147 14.15
1416 1.204807907999478 14.16
1417 1.190615451833291 14.17
1418 1.108062736972923 14.18
1419 1.16250233580684 14.19
1420 1.176334542317002 14.2
1421 1.132068607143102 14.21
1422 1.057786446999512 14.22
1423 0.9921291699091087 14.23
1424 1.008369466997625 14.24
1425 1.000268293630957 14.25
1426 1.002801046706234 14.26
1427 0.9939155172225078 14.27
1428 0.9449704289816848 14.28
1429 0.9502673341443435 14.29
1430 0.9258019258374346 14.3
1431 0.9334448616428553 14.31
1432 0.909486118399199 14.32
1433 0.9304006178299258 14.33
1434 0.8918030010666083 14.34
1435 0.9089292117875155 14.35
1436 0.8759011821436991 14.36
1437 0.8283897942173047 14.37
1438 0.855859326613067 14.38
1439 0.8632528752734392 14.39
1440 0.8392132650610635 14.4
1441 0.7983733815788029 14.41
1442 0.7994123769187256 14.42
1443 0.8150004605434894 14.43
1444 0.8219380948736444 14.44
1445 0.8008975232492122 14.45
1446 0.8124144982362405 14.46
1447 0.8206433283572392 14.47
1448 0.7873785014218726 14.48
1449 0.7569111182818143 14.49
1450 0.7548219617053528 14.5
1451 0.7778033346165391 14.51
1452 0.7780106300766187 14.52
1453 0.7648824584546062 14.53
1454 0.7813597094562305 14.54
1455 0.7844257728404499 14.55
1456 0.7851872641272508 14.56
1457 0.7551110782422763 14.57
1458 0.7484996973521515 14.58
1459 0.7361732497690461 14.59
1460 0.7673062138311044 14.6
1461 0.7542278758011958 14.61
1462 0.722130525096 14.62
1463 0.7600787082251629 14.63
1464 0.7757476931014767 14.64
1465 0.7734042847302259 14.65
1466 0.7778085695229252 14.66
1467 0.7481817992563815 14.67
1468 0.7942403904704327 14.68
1469 0.792298907585243 14.69
1470 0.7800396973337362 14.7
1471 0.7834922633474435 14.71
1472 0.8152399032729344 14.72
1473 0.8184520514270353 14.73
1474 0.8473065233248723 14.74
1475 0.8509225932865037 14.75
1476 0.8884069120081393 14.76
1477 0.8605586156775468 14.77
1478 0.9025539414508933 14.78
1479 0.8938564162800922 14.79
1480 0.9676924081476547 14.8
1481 0.9587675569983547 14.81
1482 0.9581283551608895 14.82
1483 0.961418371714518 14.83
1484 0.9510559902873134 14.84
1485 0.9878264900953289 14.85
1486 1.0074533243094 14.86
1487 1.036181806355885 14.87
1488 1.064517647553598 14.88
1489 1.079766417829536 14.89
1490 1.077152966069431 14.9
1491 1.103981849969646 14.91
1492 1.129836254894588 14.92
1493 1.152054596999697 14.93
1494 1.170954886494326 14.94
1495 1.182198444914123 14.95
1496 1.210473953106849 14.96
1497 1.251613493248852 14.97
1498 1.272329090113551 14.98
1499 1.293745399832277 14.99
1500 1.321678196648924 15
1501 1.356585552052734 15.01
1502 1.380022821699425 15.02
1503 1.406038450040462 15.03
1504 1.451876032565875 15.04
1505 1.484879643192098 15.05
1506 1.489251795082305 15.06
1507 1.513237011901009 15.07
1508 1.533555541745742 15.08
1509 1.565409045204468 15.09
1510 1.604906116202464 15.1
1511 1.616967460545306 15.11
1512 1.646465573989811 15.12
1513 1.647674039082389 15.13
1514 1.698201340498477 15.14
1515 1.72854666968005 15.15
1516 1.749107648661115 15.16
1517 1.77016482949937 15.17
1518 1.784358868140965 15.18
1519 1.811078827324183 15.19
1520 1.83460196236956 15.2
1521 1.870750044613708 15.21
1522 1.906329967108763 15.22
1523 1.979460249745643 15.23
1524 1.985264222209623 15.24
1525 1.984073109228486 15.25
1526 2.014848519143798 15.26
1527 2.048042988005593 15.27
1528 2.073868380151023 15.28
1529 2.089363202764923 15.29
1530 2.16134959363817 15.3
1531 2.142880556216117 15.31
1532 2.187824119984109 15.32
1533 2.190834781213938 15.33
1534 2.229941907603455 15.34
1535 2.233388016849755 15.35
1536 2.274209611750325 15.36
1537 2.284657206299813 15.37
1538 2.313505052654453 15.38
1539 2.358530738205988 15.39
1540 2.322553113531895 15.4
1541 2.336810259635135 15.41
1542 2.385192341331254 15.42
1543 2.423028373443513 15.43
1544 2.448322830363263 15.44
1545 2.477973101045908 15.45
1546 2.455207222348797 15.46
1547 2.471581870971169 15.47
1548 2.45163997435744 15.48
1549 2.458575846559496 15.49
1550 2.498588823832423 15.5
1551 2.555069184688249 15.51
1552 2.513538921524884 15.52
1553 2.587301694106026 15.53
1554 2.466442771484648 15.54
1555 2.491127662858035 15.55
1556 2.441868129128786 15.56
1557 2.506666176360533 15.57
1558 2.538392523991756 15.58
1559 2.554009820689334 15.59
1560 2.568274465060893 15.6
1561 2.54633091423309 15.61
1562 2.56001476899934 15.62
1563 2.482777968069332 15.63
1564 2.511489067734729 15.64
1565 2.471600250174297 15.65
1566 2.476460420004687 15.66
1567 2.501486969772576 15.67
1568 2.50691275685216 15.68
1569 2.524591655301532 15.69
1570 2.463901089700637 15.7
1571 2.452811664058084 15.71
1572 2.44590190715452 15.72
1573 2.436716190622184 15.73
1574 2.450958359286326 15.74
1575 2.479128885857674 15.75
1576 2.480796282147867 15.76
1577 2.472583279641313 15.77
1578 2.479405231238392 15.78
1579 2.482870187884543 15.79
1580 2.521163871304747 15.8
1581 2.482514694838334 15.81
1582 2.435677188287704 15.82
1583 2.582408243416402 15.83
1584 2.557069350049923 15.84
1585 2.601389735858397 15.85
1586 2.56126767553834 15.86
1587 2.58589434736326 15.87
1588 2.581862362649458 15.88
1589 2.635431078285203 15.89
1590 2.660393049175463 15.9
1591 2.690694593191282 15.91
1592 2.738774062402961 15.92
1593 2.787965899067653 15.93
1594 2.759559460699061 15.94
1595 2.768732345688401 15.95
1596 2.782190321334756 15.96
1597 2.804576416302262 15.97
1598 2.815146700667157 15.98
1599 2.814228828709865 15.99
1600 2.855824092261232 16
1601 2.792143489667085 16.01
1602 2.865026478935078 16.02
1603 2.847925280905122 16.03
1604 2.850090379428074 16.04
1605 2.923403689108448 16.05
1606 2.834605949746927 16.06
1607 2.976691784135168 16.07
1608 2.909825249662112 16.08
1609 2.980869750939718 16.09
1610 2.995772892746662 16.1
1611 3.051964190470442 16.11
1612 3.027550007852362 16.12
1613 3.005675015407367 16.13
1614 3.120054055005046 16.14
1615 3.112173846964794 16.15
1616 3.1618096190457 16.16
1617 3.145967074391288 16.17
1618 3.128266130403704 16.18
1619 3.106562558318637 16.19
1620 3.104673697123803 16.2
1621 3.127459171402863 16.21
1622 3.100267358690793 16.22
1623 3.135513787395413 16.23
1624 3.136796133484709 16.24
1625 3.211218171649407 16.25
1626 3.169434165115209 16.26
1627 3.099495999317241 16.27
1628 3.187371476391994 16.28
1629 3.16712631795021 16.29
1630 3.188778772979906 16.3
1631 3.123719370775783 16.31
1632 3.136379323561987 16.32
1633 3.081881352218538 16.33
1634 3.147706866164644 16.34
1635 3.10821809645109 16.35
1636 3.162286087132671 16.36
1637 3.064784113742841 16.37
1638 3.024148846162505 16.38
1639 3.024222788643812 16.39
1640 2.89948469742991 16.4
1641 2.989157373242162 16.41
1642 2.954736848341537 16.42
1643 2.948426741848191 16.43
1644 2.991115392300666 16.44
1645 2.94171906719875 16.45
1646 2.871085144147429 16.46
1647 2.84131386537529 16.47
1648 2.861436809034125 16.48
1649 2.938488331601544 16.49
1650 2.904098834604872 16.5
1651 2.827001777568547 16.51
1652 2.815074801622516 16.52
1653 2.673538407792399 16.53
1654 2.676461001900357 16.54
1655 2.592562227134217 16.55
1656 2.61768343119225 16.56
1657 2.571832991878549 16.57
1658 2.47249117415019 16.58
1659 2.449038181824784 16.59
1660 2.4112370942274 16.6
1661 2.343620923466315 16.61
1662 2.257260365214388 16.62
1663 2.100981062752619 16.63
1664 2.037708475511863 16.64
1665 1.883109309033496 16.65
1666 1.851673391693612 16.66
1667 1.863563186932338 16.67
1668 1.818517564380386 16.68
1669 1.843362889353392 16.69
1670 1.672876940965548 16.7
1671 1.640871048539126 16.71
1672 1.524814188315848 16.72
1673 1.382372355661115 16.73
1674 1.438057510529155 16.74
1675 1.40986832482256 16.75
1676 1.439132982443706 16.76
1677 1.194548386567138 16.77
1678 1.248900373034369 16.78
1679 1.226183507637133 16.79
1680 1.243757145569803 16.8
1681 1.202815816041411 16.81
1682 1.207459724169267 16.82
1683 1.172587188291804 16.83
1684 1.158913406243431 16.84
1685 1.157232886434958 16.85
1686 1.122194879776274 16.86
1687 1.109781235784627 16.87
1688 1.064563802158556 16.88
1689 1.059834293179003 16.89
1690 1.042249611117099 16.9
1691 1.045964177772042 16.91
1692 1.024352848975872 16.92
1693 1.022220418616274 16.93
1694 1.024616182856029 16.94
1695 0.9868002162006048 16.95
1696 0.9715006071970493 16.96
1697 0.9105708103898472 16.97
1698 0.9439960826643247 16.98
1699 0.9083456359871828 16.99
1700 0.8886786595145613 17
1701 0.8267377130360682 17.01
1702 0.8937980621726495 17.02
1703 0.8713868619946407 17.03
1704 0.8402025573044742 17.04
1705 0.8153920590011285 17.05
1706 0.8434162188828105 17.06
1707 0.8302318776501393 17.07
1708 0.8688628143001954 17.08
1709 0.8662994026256681 17.09
1710 0.8875396092271506 17.1
1711 0.8209852812417973 17.11
1712 0.818503286034484 17.12
1713 0.8130670080049035 17.13
1714 0.7814703754466816 17.14
1715 0.7843380970185293 17.15
1716 0.8008997394568698 17.16
1717 0.770064262493939 17.17
1718 0.7813274071036957 17.18
1719 0.7517092049707457 17.19
1720 0.7909725575593614 17.2
1721 0.8381844070362708 17.21
1722 0.7765791346833661 17.22
1723 0.7921832706858412 17.23
1724 0.7786055384829133 17.24
1725 0.7835590533537562 17.25
1726 0.7395437207815876 17.26
1727 0.7488445082634126 17.27
1728 0.7782890186989773 17.28
1729 0.7845627746141036 17.29
1730 0.7749877061824562 17.3
1731 0.6946629689750921 17.31
1732 0.7143140865901617 17.32
1733 0.7997058779484609 17.33
1734 0.7824510969620232 17.34
1735 0.7613324160785925 17.35
1736 0.7944225688093147 17.36
1737 0.8012040596280531 17.37
1738 0.8187400477343652 17.38
1739 0.8215759828400246 17.39
1740 0.8227049210601527 17.4
1741 0.863228417137566 17.41
1742 0.878374476306081 17.42
1743 0.8209913376435012 17.43
1744 0.8735678109745185 17.44
1745 0.8872200607374623 17.45
1746 0.9019766074440627 17.46
1747 0.8933306038166726 17.47
1748 0.9311322901569887 17.48
1749 0.9305232955820324 17.49
1750 0.9418464929255014 17.5
1751 0.9657493864728431 17.51
1752 0.9505382000564212 17.52
1753 1.027676264472547 17.53
1754 1.051040120442482 17.54
1755 1.031763029467437 17.55
1756 1.071210032819773 17.56
1757 1.082893728985041 17.57
1758 1.087795293338341 17.58
1759 1.103354162524709 17.59
1760 1.127643348658361 17.6
1761 1.164268019370115 17.61
1762 1.157669797024427 17.62
1763 1.199100996175561 17.63
1764 1.216764780485735 17.64
1765 1.293805826317242 17.65
1766 1.267381844699107 17.66
1767 1.264636003018149 17.67
1768 1.341635220997025 17.68
1769 1.358355006898641 17.69
1770 1.362301729294783 17.7
1771 1.381440579552337 17.71
1772 1.394960983423433 17.72
1773 1.468664118559877 17.73
1774 1.479196765120345 17.74
1775 1.466596507859538 17.75
1776 1.530581245415392 17.76
1777 1.523709271564614 17.77
1778 1.532885251604456 17.78
1779 1.537962730187766 17.79
1780 1.750414345208168 17.8
1781 1.757899545277154 17.81
1782 1.708063223309233 17.82
1783 1.694025682977546 17.83
1784 1.6958208655227 17.84
1785 1.733589149782401 17.85
1786 1.755940150061788 17.86
1787 1.783003925724183 17.87
1788 1.838419909854281 17.88
1789 1.862454342850719 17.89
1790 1.888015208059439 17.9
1791 1.921659046868669 17.91
1792 1.951450017994809 17.92
1793 1.996558646388677 17.93
1794 2.0021102735883 17.94
1795 2.026155213590909 17.95
1796 2.026098414958915 17.96
1797 2.089508593582469 17.97
1798 2.105888461610161 17.98
1799 2.163638098347485 17.99
1800 2.16279327322683 18
1801 2.174584342145948 18.01
1802 2.211743155390104 18.02
1803 2.227922841484248 18.03
1804 2.275923225436879 18.04
1805 2.305150306216064 18.05
1806 2.314111359424639 18.06
1807 2.328292045696812 18.07
1808 2.319303875360222 18.08
1809 2.371979428314245 18.09
1810 2.389910637593144 18.1
1811 2.406005982817847 18.11
1812 2.443633892367879 18.12
1813 2.459852856112212 18.13
1814 2.478961171441413 18.14
1815 2.438992373949493 18.15
1816 2.447011606735505 18.16
1817 2.450625625935331 18.17
1818 2.474199872008657 18.18
1819 2.472556470677354 18.19
1820 2.471205641166439 18.2
1821 2.461478741944443 18.21
1822 2.44372610548435 18.22
1823 2.443795207320135 18.23
1824 2.440411624476733 18.24
1825 2.474182431096947 18.25
1826 2.466216330900701 18.26
1827 2.512215655088612 18.27
1828 2.505831640778422 18.28
1829 2.481689275119626 18.29
1830 2.485047879684597 18.3
1831 2.467249070626417 18.31
1832 2.443048114419662 18.32
1833 2.435924001051263 18.33
1834 2.455976059358818 18.34
1835 2.430387074630412 18.35
1836 2.469321286435044 18.36
1837 2.41547947103405 18.37
1838 2.424240594135741 18.38
1839 2.397863156738622 18.39
1840 2.446875089373765 18.4
1841 2.460991586686721 18.41
1842 2.414104592394735 18.42
1843 2.438840533082987 18.43
1844 2.368939993660246 18.44
1845 2.397139466797794 18.45
1846 2.380389615466626 18.46
1847 2.402299510041614 18.47
1848 2.461005110528947 18.48
1849 2.467478791621153 18.49
1850 2.484684357848592 18.5
1851 2.506985435675187 18.51
1852 2.493241298542543 18.52
1853 2.480365378249985 18.53
1854 2.493625474527808 18.54
1855 2.498360312469739 18.55
1856 2.506579023523332 18.56
1857 2.562849573599363 18.57
1858 2.658399797566267 18.58
1859 2.661007018870187 18.59
1860 2.707858838920951 18.6
1861 2.733667466196608 18.61
1862 2.734567436545368 18.62
1863 2.810566103761476 18.63
1864 2.804958545480996 18.64
1865 2.829225749805218 18.65
1866 2.810008666439524 18.66
1867 2.809843805025038 18.67
1868 2.803300404241495 18.68
1869 2.795417126975589 18.69
1870 2.815168759381959 18.7
1871 2.887521117036592 18.71
1872 2.944559068230619 18.72
1873 2.955453327203378 18.73
1874 2.927423795423785 18.74
1875 2.926474832235081 18.75
1876 2.987059484079006 18.76
1877 2.975584671401959 18.77
1878 2.990214246023908 18.78
1879 3.021310039841862 18.79
1880 3.035455032964645 18.8
1881 3.092456956655431 18.81
1882 3.037801353461573 18.82
1883 3.095711325072732 18.83
1884 3.127138871834778 18.84
1885 3.113254829772488 18.85
1886 3.122230995577828 18.86
1887 3.071860395773899 18.87
1888 3.132309748887609 18.88
1889 3.077516584946343 18.89
1890 3.099246502211229 18.9
1891 3.087779737694079 18.91
1892 3.098410663468585 18.92
1893 3.117182302568766 18.93
1894 3.104778707210244 18.94
1895 3.076868314418529 18.95
1896 2.985222765938021 18.96
1897 3.127324996428464 18.97
1898 3.120201366978826 18.98
1899 3.117918876503806 18.99
1900 3.035732047665738 19
1901 2.988069296736265 19.01
1902 3.039152598982049 19.02
1903 2.974135755298273 19.03
1904 2.982821151146108 19.04
1905 2.951549810708578 19.05
1906 2.956744452825624 19.06
1907 2.986734046841298 19.07
1908 2.941066960413534 19.08
1909 2.980580903230811 19.09
1910 2.966795384262661 19.1
1911 2.965786929071232 19.11
1912 2.886284882604528 19.12
1913 2.793898111474108 19.13
1914 2.7803548101961 19.14
1915 2.881530989815722 19.15
1916 2.788003627626395 19.16
1917 2.776481338170972 19.17
1918 2.757868447403827 19.18
1919 2.811520698715333 19.19
1920 2.808343958713176 19.2
1921 2.705412782192746 19.21
1922 2.641335829825696 19.22
1923 2.560279694183035 19.23
1924 2.568439078394734 19.24
1925 2.519073024156612 19.25
1926 2.394021961779162 19.26
1927 2.370426368581593 19.27
1928 2.329304036880282 19.28
1929 2.24929363629724 19.29
1930 2.123731226676682 19.3
1931 2.063323540485054 19.31
1932 1.958293137171027 19.32
1933 1.910556605839625 19.33
1934 1.818414863787704 19.34
1935 1.7769477673837 19.35
1936 1.756401207880311 19.36
1937 1.658719510057882 19.37
1938 1.594069870286758 19.38
1939 1.561493818077868 19.39
1940 1.386977760516029 19.4
1941 1.340751835873233 19.41
1942 1.319578001640995 19.42
1943 1.324930866331679 19.43
1944 1.253158107186031 19.44
1945 1.360377104328581 19.45
1946 1.241996194613631 19.46
1947 1.261342417483022 19.47
1948 1.160499969637611 19.48
1949 1.191048114586764 19.49
1950 1.173488303246126 19.5
1951 1.138412379447717 19.51
1952 1.248004228048825 19.52
1953 1.180167485172893 19.53
1954 1.134610278921526 19.54
1955 1.076542419099842 19.55
1956 1.065336827200596 19.56
1957 1.060792157000758 19.57
1958 1.038704201667063 19.58
1959 1.017832603579381 19.59
1960 0.9721255285589209 19.6
1961 0.985583810064981 19.61
1962 0.9207666855833803 19.62
1963 0.9785604003214387 19.63
1964 0.9435059298768083 19.64
1965 0.9416723876656016 19.65
1966 0.9295361184932112 19.66
1967 0.8889574523593141 19.67
1968 0.9225258182296168 19.68
1969 0.882203101360444 19.69
1970 0.8891351538558573 19.7
1971 0.8491034754890268 19.71
1972 0.8662908963557372 19.72
1973 0.8388240569669465 19.73
1974 0.8040057494916435 19.74
1975 0.7912152849564866 19.75
1976 0.8205656940324854 19.76
1977 0.8574591147353707 19.77
1978 0.8220900364679712 19.78
1979 0.8105618327584062 19.79
1980 0.8121868217213253 19.8
1981 0.8074626415433642 19.81
1982 0.7901722244890554 19.82
1983 0.789175733304833 19.83
1984 0.7641819373522514 19.84
1985 0.7509011901598801 19.85
1986 0.7436363135104623 19.86
1987 0.7553963273164638 19.87
1988 0.7696500879662583 19.88
1989 0.7694692979811665 19.89
1990 0.760757163890194 19.9
1991 0.7612370183895656 19.91
1992 0.7591809265126772 19.92
1993 0.7780220259738838 19.93
1994 0.7513916612474312 19.94
1995 0.73061114198928 19.95
1996 0.7472372939245995 19.96
1997 0.740029112958426 19.97
1998 0.7574592405962917 19.98
1999 0.743309181171117 19.99
2000 0.7551796341046179 20
