"fl-rfile"
"Time Step" "fl etc.."
("Time Step" "fl" "flow-time")
0 0 0
1 16.61924256560363 0.01
2 8.001969170978583 0.02
3 8.171875416359994 0.03
4 7.967925274251384 0.04
5 8.080540211200162 0.05
6 8.097842925599444 0.06
7 8.101799619366238 0.07000000000000001
8 8.295209540024828 0.08
9 8.261198338963181 0.09
10 8.208837588111519 0.1
11 8.165083575385054 0.11
12 8.155206139946626 0.12
13 8.174459924812922 0.13
14 8.233239019006328 0.14
15 8.273166448413939 0.15
16 8.253419438724274 0.16
17 8.190221358562152 0.17
18 8.216577122652932 0.18
19 8.157703292145266 0.19
20 8.177088150343426 0.2
21 8.222274342468559 0.21
22 8.301987939480695 0.22
23 8.293280958105253 0.23
24 8.386168108292555 0.24
25 8.347030870724803 0.25
26 8.196164824813275 0.26
27 8.092959893664457 0.27
28 8.15721508509715 0.28
29 8.232114957282759 0.29
30 8.323925452622216 0.3
31 8.348008374645289 0.31
32 8.398305212699281 0.32
33 8.527985447423807 0.33
34 8.557677257654902 0.34
35 8.444040837706245 0.35
36 8.297775014412803 0.36
37 8.198310537029002 0.37
38 8.243199426983001 0.38
39 8.311005813078065 0.39
40 8.368532445361772 0.4
41 8.466998847753477 0.41
42 8.48156788864846 0.42
43 8.521593501821908 0.43
44 8.355346632852255 0.44
45 8.231380158147587 0.45
46 8.240359238509775 0.46
47 8.272014129593066 0.47
48 8.349018266578121 0.48
49 8.438614090174548 0.49
50 8.357157153233004 0.5
51 8.307868269850967 0.51
52 8.231926272354368 0.52
53 8.233508791170218 0.53
54 8.33952208161679 0.54
55 8.382664350738942 0.55
56 8.458494296532361 0.5600000000000001
57 8.351418301205557 0.5700000000000001
58 8.264070842112483 0.58
59 8.339353974593459 0.59
60 8.194142601012945 0.6
61 8.272156316449067 0.61
62 8.307322588054951 0.62
63 8.324993389574427 0.63
64 8.321853099187845 0.64
65 8.392647992824388 0.65
66 8.393277342214196 0.66
67 8.35674893281535 0.67
68 8.31999058941882 0.68
69 8.337494409668581 0.6900000000000001
70 8.338806382401627 0.7000000000000001
71 8.36712478777898 0.71
72 8.414751164054838 0.72
73 8.399081428720335 0.73
74 8.416960104810119 0.74
75 8.381083079112548 0.75
76 8.382330448742319 0.76
77 8.362648113404438 0.77
78 8.346060724314524 0.78
79 8.418963690022977 0.79
80 8.514627481198183 0.8
81 8.48312740700535 0.8100000000000001
82 8.457575344607655 0.8200000000000001
83 8.43309066564024 0.8300000000000001
84 8.440517854932178 0.84
85 8.376908129129948 0.85
86 8.437092434510799 0.86
87 8.462698673797997 0.87
88 8.495339695752483 0.88
89 8.477857435994144 0.89
90 8.540340978835935 0.9
91 8.433863751912492 0.91
92 8.401765053098257 0.92
93 8.37405155578155 0.93
94 8.410674369125529 0.9400000000000001
95 8.442691619031594 0.9500000000000001
96 8.427929953446126 0.96
97 8.394332553668166 0.97
98 8.427226666485552 0.98
99 8.406333113177402 0.99
100 8.308451800094774 1
101 8.22278467562322 1.01
102 8.309821538799591 1.02
103 8.304406578245947 1.03
104 8.350767300373011 1.04
105 8.303722218853309 1.05
106 8.307779614436919 1.06
107 8.247384343260029 1.07
108 8.24177000622802 1.08
109 8.220716415130783 1.09
110 8.242636014907331 1.1
111 8.24305326144677 1.11
112 8.209986231424685 1.12
113 8.212839340404518 1.13
114 8.163306416485547 1.14
115 8.199588461057775 1.15
116 8.123706619178426 1.16
117 8.140880053249019 1.17
118 8.115425620948466 1.18
119 8.113393184061994 1.19
120 8.103689647493976 1.2
121 8.045038648062347 1.21
122 8.112562213754334 1.22
123 8.087551295116826 1.23
124 8.036421384869776 1.24
125 8.003328504828044 1.25
126 8.009094092099998 1.26
127 7.989692252855788 1.27
128 7.96331326700991 1.28
129 8.023681869492043 1.29
130 7.965176432975146 1.3
131 8.021249316151454 1.31
132 7.973194131591316 1.32
133 7.992263703627047 1.33
134 7.922451387711878 1.34
135 7.881140388210419 1.35
136 7.858842222248922 1.36
137 7.827212618498931 1.37
138 7.880468232367117 1.38
139 7.880415052709754 1.39
140 7.977755754591695 1.4
141 7.912142543036714 1.41
142 7.865630824370897 1.42
143 7.848690200126507 1.43
144 7.733254496245575 1.44
145 7.78171433249392 1.45
146 7.691659615701173 1.46
147 7.813092914498188 1.47
148 7.77656550890868 1.48
149 7.772869190337925 1.49
150 7.798879596769877 1.5
151 7.704084368641778 1.51
152 7.650248187076857 1.52
153 7.586558237130771 1.53
154 7.686665764938518 1.54
155 7.66466134488473 1.55
156 7.523210783685516 1.56
157 7.435163807918142 1.57
158 7.504646617665801 1.58
159 7.551707734302822 1.59
160 7.334007405341951 1.6
161 7.304116586177444 1.61
162 7.353050760206691 1.62
163 7.431688161951971 1.63
164 7.437968944139641 1.64
165 7.436708341394295 1.65
166 7.365271548721249 1.66
167 7.367203617378538 1.67
168 7.296204039823775 1.68
169 7.286415629024008 1.69
170 7.247692841378174 1.7
171 7.202172836053309 1.71
172 7.151863938722457 1.72
173 7.1318652343815 1.73
174 7.131924970743317 1.74
175 7.088419696193004 1.75
176 7.060140198265098 1.76
177 7.01778643266912 1.77
178 6.965488778409235 1.78
179 6.938358218142063 1.79
180 6.866529555203837 1.8
181 6.817088391296848 1.81
182 6.72372040362793 1.82
183 6.723690273114959 1.83
184 6.686478384712173 1.84
185 6.663409211165769 1.85
186 6.612846926795227 1.86
187 6.578970327325432 1.87
188 6.527494440960758 1.88
189 6.503574921933316 1.89
190 6.504071107574724 1.9
191 6.442602698023779 1.91
192 6.441593288999674 1.92
193 6.350534617439022 1.93
194 6.337889420597983 1.94
195 6.347285062687271 1.95
196 6.367711865255641 1.96
197 6.383643085938538 1.97
198 6.449524590205597 1.98
199 6.456109704218696 1.99
200 6.485339048631777 2
201 6.507477940505184 2.01
202 6.557964535090437 2.02
203 6.582558831711157 2.03
204 6.615052561693645 2.04
205 6.782448528688248 2.05
206 6.731811293498307 2.06
207 6.841680298679177 2.07
208 6.803759486771161 2.08
209 6.856946604683536 2.09
210 6.974271321210564 2.1
211 6.96092393599195 2.11
212 7.01148675900747 2.12
213 7.062595860077856 2.13
214 7.146074115589516 2.14
215 7.138238351963304 2.15
216 7.146578370794054 2.16
217 7.160939593066744 2.17
218 7.230194797205623 2.18
219 7.22609052239366 2.19
220 7.267599290583214 2.2
221 7.271798003472183 2.21
222 7.298074845575415 2.22
223 7.314660157657924 2.23
224 7.339742420364091 2.24
225 7.365690751075525 2.25
226 7.391713981091871 2.26
227 7.401897284350396 2.27
228 7.451703121023944 2.28
229 7.412827388061279 2.29
230 7.417484174752007 2.3
231 7.440329801389424 2.31
232 7.439195864146769 2.32
233 7.442907171720071 2.33
234 7.405265753155185 2.34
235 7.36740802157937 2.35
236 7.452754969006772 2.36
237 7.481036486918714 2.37
238 7.465756579575297 2.38
239 7.385318999797628 2.39
240 7.339824519007379 2.4
241 7.299866194751254 2.41
242 7.336102627685971 2.42
243 7.353016020511456 2.43
244 7.335865953435289 2.44
245 7.258106380122686 2.45
246 7.3597813892382 2.46
247 7.384320913954422 2.47
248 7.401565556749007 2.48
249 7.455247811254113 2.49
250 7.436235706861891 2.5
251 7.452349914615167 2.51
252 7.473666906642738 2.52
253 7.458176873859293 2.53
254 7.464455313068243 2.54
255 7.406083753460718 2.55
256 7.426779358523206 2.56
257 7.487290298693536 2.57
258 7.467187361638 2.58
259 7.473478782090928 2.59
260 7.525919417929446 2.6
261 7.526612376834612 2.61
262 7.546453513313526 2.62
263 7.526324893298852 2.63
264 7.574705734258464 2.64
265 7.594089130348907 2.65
266 7.660374503600929 2.66
267 7.650736427701953 2.67
268 7.658156533140673 2.68
269 7.69936143230014 2.69
270 7.691285687964402 2.7
271 7.670069137995899 2.71
272 7.761176855295151 2.72
273 7.839455490909475 2.73
274 7.821497297275688 2.74
275 7.761689285909966 2.75
276 7.826712361019048 2.76
277 7.896909771787934 2.77
278 7.897283554174815 2.78
279 7.925137333204089 2.79
280 7.964162236379356 2.8
281 7.984823969148942 2.81
282 7.956566465867981 2.82
283 7.946642520805183 2.83
284 8.011315246912948 2.84
285 8.159859031629052 2.85
286 8.169805854876088 2.86
287 8.13208237473782 2.87
288 8.125116258607138 2.88
289 8.205402313540221 2.89
290 8.177148189094883 2.9
291 8.197614812514143 2.91
292 8.231911848297033 2.92
293 8.272145770668381 2.93
294 8.287127003333275 2.94
295 8.323833230411841 2.95
296 8.451404824750979 2.96
297 8.445164527024163 2.97
298 8.370460662650997 2.98
299 8.246733239268314 2.99
300 8.18315292256232 3
301 8.299682031107364 3.01
302 8.373105464970671 3.02
303 8.416763909145391 3.03
304 8.466602739181967 3.04
305 8.58208008403798 3.05
306 8.613772166712863 3.06
307 8.484387619750713 3.07
308 8.343114564297716 3.08
309 8.295884099366143 3.09
310 8.362955966245533 3.1
311 8.404284437707711 3.11
312 8.431418067105714 3.12
313 8.490249562264307 3.13
314 8.58618535910022 3.14
315 8.573977343267988 3.15
316 8.4442231571702 3.16
317 8.354530250734848 3.17
318 8.312974591372766 3.18
319 8.43050392930745 3.19
320 8.461655077853994 3.2
321 8.434783508406726 3.21
322 8.353572032207602 3.22
323 8.273851210981952 3.23
324 8.380569442505857 3.24
325 8.461942392598695 3.25
326 8.484715710160698 3.26
327 8.392844985177328 3.27
328 8.314879996957835 3.28
329 8.283493463836665 3.29
330 8.406357141364818 3.3
331 8.41225677978793 3.31
332 8.3751796933973 3.32
333 8.326830802828518 3.33
334 8.293726913108427 3.34
335 8.280018362579435 3.35
336 8.281517980929596 3.36
337 8.281338335702749 3.37
338 8.248985668301364 3.38
339 8.214794811982413 3.39
340 8.26199605543243 3.4
341 8.259907480109765 3.41
342 8.321901496513009 3.42
343 8.245008554986725 3.43
344 8.182669250729813 3.44
345 8.11905455459739 3.45
346 8.077519340874279 3.46
347 8.0797976066758 3.47
348 8.107993424778522 3.48
349 8.130543412260543 3.49
350 8.079831219985932 3.5
351 8.04109251221411 3.51
352 7.983035542854608 3.52
353 7.939820162593189 3.53
354 7.898213245620268 3.54
355 7.938987198678428 3.55
356 7.980777222072872 3.56
357 7.929046507133266 3.57
358 7.962130507854063 3.58
359 7.849798595955813 3.59
360 7.777642407908073 3.6
361 7.663546467008461 3.61
362 7.654438283645925 3.62
363 7.682461125756519 3.63
364 7.728263426220595 3.64
365 7.75015980131632 3.65
366 7.722963640673761 3.66
367 7.676525361462561 3.67
368 7.61777650325788 3.68
369 7.533329165526062 3.69
370 7.490836238767707 3.7
371 7.413119622334739 3.71
372 7.422093245358395 3.72
373 7.452990349137449 3.73
374 7.426323266822259 3.74
375 7.393947545526726 3.75
376 7.404367015373883 3.76
377 7.362616672208682 3.77
378 7.327439462433111 3.78
379 7.252144348863672 3.79
380 7.23095439113105 3.8
381 7.12474728761681 3.81
382 7.122139586849497 3.82
383 7.098588106245628 3.83
384 7.048444865426268 3.84
385 7.032791555840601 3.85
386 7.00433100931938 3.86
387 6.995714068911851 3.87
388 6.987780013193107 3.88
389 6.968935989487359 3.89
390 6.928734312483375 3.9
391 6.896699503773797 3.91
392 6.836326884627066 3.92
393 6.782818745090283 3.93
394 6.779922393789121 3.94
395 6.760759825051674 3.95
396 6.699890362509106 3.96
397 6.663523554697061 3.97
398 6.640728622277866 3.98
399 6.620295705742011 3.99
400 6.582284644732928 4
401 6.538829456143095 4.01
402 6.491010671624131 4.02
403 6.476316852393876 4.03
404 6.449835836091943 4.04
405 6.447469512597226 4.05
406 6.454489992452915 4.06
407 6.402024084487745 4.07
408 6.367544267333558 4.08
409 6.379332358726613 4.09
410 6.365194082604678 4.1
411 6.310179239944677 4.11
412 6.321299127656598 4.12
413 6.274928880872476 4.13
414 6.281999511300502 4.14
415 6.260402844333233 4.15
416 6.267228012839906 4.16
417 6.235052210812853 4.17
418 6.218312070196865 4.18
419 6.228758079937571 4.19
420 6.213899358483424 4.2
421 6.208953998146496 4.21
422 6.190170462794157 4.22
423 6.177204470439693 4.23
424 6.178391279642152 4.24
425 6.153193076711749 4.25
426 6.176508328428961 4.26
427 6.15787617112271 4.27
428 6.163130713686384 4.28
429 6.134462975627407 4.29
430 6.166718504383844 4.3
431 6.180413363321948 4.31
432 6.203183200860531 4.32
433 6.189529295709229 4.33
434 6.176880470585963 4.34
435 6.178274314563811 4.350000000000001
436 6.159972484605344 4.36
437 6.190063892355419 4.37
438 6.189689256884142 4.38
439 6.16151831077774 4.39
440 6.147316968342848 4.4
441 6.186805669825644 4.41
442 6.16841927172286 4.42
443 6.22218014772188 4.43
444 6.25892336745528 4.44
445 6.302100484658103 4.45
446 6.269757415170583 4.46
447 6.256379553099269 4.47
448 6.250896686672733 4.48
449 6.238168814485253 4.49
450 6.328354510294912 4.5
451 6.335046519304764 4.51
452 6.37926570393924 4.52
453 6.381323640873783 4.53
454 6.396262023206572 4.54
455 6.415341828684932 4.55
456 6.399767774113602 4.56
457 6.432038231280952 4.57
458 6.445091648553307 4.58
459 6.503478446343534 4.59
460 6.541889173368117 4.600000000000001
461 6.561252439096565 4.61
462 6.602158051248463 4.62
463 6.608224716172672 4.63
464 6.617137586177527 4.64
465 6.600751947569172 4.65
466 6.677752866983174 4.66
467 6.689752675543086 4.67
468 6.75051669223696 4.68
469 6.781387956464654 4.69
470 6.81321642683409 4.7
471 6.828163475490062 4.71
472 6.861457095744196 4.72
473 6.888759619131402 4.73
474 6.914628269048483 4.74
475 6.950580007464518 4.75
476 6.943695674772751 4.76
477 6.972896839479159 4.77
478 6.974970332908451 4.78
479 7.02480606722099 4.79
480 7.140089054030242 4.8
481 7.138034616205771 4.81
482 7.150188347488501 4.82
483 7.069379809747965 4.83
484 7.041876091333966 4.84
485 7.129446798217706 4.850000000000001
486 7.191742895743443 4.86
487 7.202942781485752 4.87
488 7.161476595489495 4.88
489 7.24980657295477 4.89
490 7.254385742313784 4.9
491 7.253677404793972 4.91
492 7.279028397476797 4.92
493 7.268194562075241 4.93
494 7.306489528865204 4.94
495 7.226323572174922 4.95
496 7.222154707742423 4.96
497 7.190057895899178 4.97
498 7.221955294781413 4.98
499 7.203858301740445 4.99
500 7.226610448101405 5
501 7.222179838698109 5.01
502 7.210046573432577 5.02
503 7.175215273180902 5.03
504 7.198376019997432 5.04
505 7.245797011177961 5.05
506 7.222494209424696 5.06
507 7.20020777233151 5.07
508 7.166810802281597 5.08
509 7.186602954169611 5.09
510 7.181191692526311 5.100000000000001
511 7.153471861452299 5.11
512 7.183483179891415 5.12
513 7.219838393306787 5.13
514 7.225146489384951 5.14
515 7.240035454874132 5.15
516 7.273427832793105 5.16
517 7.267561863755041 5.17
518 7.308048080449536 5.18
519 7.312064167619827 5.19
520 7.340263462115455 5.2
521 7.290787661512128 5.21
522 7.330378593523165 5.22
523 7.285547561276106 5.23
524 7.339752962227962 5.24
525 7.402516770676196 5.25
526 7.416325503952806 5.26
527 7.449710164083038 5.27
528 7.441831018329323 5.28
529 7.496344470312818 5.29
530 7.548689896925661 5.3
531 7.564548678698851 5.31
532 7.571365867104219 5.32
533 7.588868065457961 5.33
534 7.625167211036302 5.34
535 7.620153399663923 5.350000000000001
536 7.641810948057746 5.36
537 7.649865125927477 5.37
538 7.72414714995559 5.38
539 7.662292200146029 5.39
540 7.753447755658763 5.4
541 7.848859752006716 5.41
542 7.865026596712063 5.42
543 7.891875860053531 5.43
544 7.893135075017047 5.44
545 7.976816519873617 5.45
546 7.945268505013667 5.46
547 8.041635788713815 5.47
548 8.080477948040663 5.48
549 8.128648039693996 5.49
550 8.194460294752 5.5
551 8.190559271939424 5.51
552 8.202841513602264 5.52
553 8.240599153394266 5.53
554 8.341661489882298 5.54
555 8.345459586018345 5.55
556 8.345687195892056 5.56
557 8.437610513798976 5.57
558 8.500846655570061 5.58
559 8.535491310823049 5.59
560 8.599838297969315 5.600000000000001
561 8.652114914411964 5.61
562 8.69976640954912 5.62
563 8.738323711813386 5.63
564 8.751677768512545 5.64
565 8.744695562994195 5.65
566 8.828254274795095 5.66
567 8.836866942289417 5.67
568 8.809918306781961 5.68
569 8.763514501817875 5.69
570 8.820413569000376 5.7
571 8.868176759656217 5.71
572 8.906138920668765 5.72
573 8.916244743343448 5.73
574 8.949775761681241 5.74
575 8.993505771524447 5.75
576 8.942654192983611 5.76
577 8.939696556441 5.77
578 8.923382394701299 5.78
579 8.90817213063294 5.79
580 8.892021127216085 5.8
581 8.928535920211246 5.81
582 8.977289060647495 5.82
583 8.960599206767494 5.83
584 8.988788766036654 5.84
585 8.974604338450744 5.850000000000001
586 8.937126110775186 5.86
587 8.879278063066943 5.87
588 8.908531460061928 5.88
589 8.915969369272997 5.89
590 8.932431799164421 5.9
591 8.946987926499521 5.91
592 8.914493234097252 5.92
593 8.930640392213638 5.93
594 8.953523712696043 5.94
595 8.947562162941798 5.95
596 8.933110127058272 5.96
597 8.918807453677795 5.97
598 8.943476816844477 5.98
599 8.930785291835495 5.99
600 8.951435974805211 6
601 8.927709283344747 6.01
602 8.911664114537267 6.02
603 8.901540483009942 6.03
604 8.909197814934942 6.04
605 8.914942815385219 6.05
606 8.926321163366916 6.06
607 8.886342069354813 6.07
608 8.863832084458048 6.08
609 8.913662880357691 6.09
610 8.9023342799681 6.100000000000001
611 8.930889682394618 6.11
612 8.895169021486195 6.12
613 8.90202927337009 6.13
614 8.893886535747432 6.140000000000001
615 8.865173058868262 6.15
616 8.840784167785179 6.16
617 8.839567357680279 6.17
618 8.8290421866561 6.18
619 8.796730768313369 6.19
620 8.788763005101421 6.2
621 8.785660519331808 6.21
622 8.757697992197148 6.22
623 8.73178913703668 6.23
624 8.721961331490492 6.24
625 8.720768575203417 6.25
626 8.711780113710374 6.26
627 8.725253031831059 6.27
628 8.663874485228497 6.28
629 8.702882962526601 6.29
630 8.650305725113419 6.3
631 8.618227077348992 6.31
632 8.568255192420592 6.32
633 8.520555735237529 6.33
634 8.536395349917754 6.34
635 8.517131317361935 6.350000000000001
636 8.554416444260884 6.36
637 8.499301975654028 6.37
638 8.465926901709965 6.38
639 8.37900133603036 6.390000000000001
640 8.408127440944382 6.4
641 8.366261954327936 6.41
642 8.328477053838141 6.42
643 8.33646709992621 6.43
644 8.267932242383349 6.44
645 8.251478435696342 6.45
646 8.240386765980867 6.46
647 8.230329742600395 6.47
648 8.17989660618729 6.48
649 8.170246751320756 6.49
650 8.103093801344373 6.5
651 8.008726536877079 6.51
652 7.983542323985494 6.52
653 7.942534765344847 6.53
654 7.955952419532104 6.54
655 7.921070596876831 6.55
656 7.86019031430423 6.56
657 7.801577927996913 6.57
658 7.772384251411121 6.58
659 7.777539170026047 6.59
660 7.713274870760782 6.600000000000001
661 7.696368687745687 6.61
662 7.645946338927617 6.62
663 7.631108290530934 6.63
664 7.578336632481851 6.640000000000001
665 7.542570691299631 6.65
666 7.521950924032512 6.66
667 7.483673650903312 6.67
668 7.441384787582504 6.68
669 7.358163546122241 6.69
670 7.327127711890436 6.7
671 7.256228231766275 6.71
672 7.250041121787859 6.72
673 7.212723322147299 6.73
674 7.170427440837265 6.74
675 7.141569251231155 6.75
676 7.097714300909765 6.76
677 7.105557589903841 6.77
678 7.064090472428055 6.78
679 7.065994573975233 6.79
680 7.003593652311174 6.8
681 7.007193346330566 6.81
682 6.93400995257156 6.82
683 6.853198821671881 6.83
684 6.84539935924275 6.84
685 6.799656889341241 6.850000000000001
686 6.79261896367188 6.86
687 6.744842131151111 6.87
688 6.722160191587631 6.88
689 6.688515008602066 6.890000000000001
690 6.650138111697633 6.9
691 6.605542465025475 6.91
692 6.563391632484241 6.92
693 6.541954325544621 6.93
694 6.498991585292446 6.94
695 6.535142008277065 6.95
696 6.471861263111086 6.96
697 6.471593122832184 6.97
698 6.390860856626917 6.98
699 6.366070461147298 6.99
700 6.432933811756828 7
701 6.436081666137299 7.01
702 6.297983105658226 7.02
703 6.353445340196477 7.03
704 6.381875883092367 7.04
705 6.284084301185692 7.05
706 6.369738341064124 7.06
707 6.271048475618891 7.07
708 6.309428943236757 7.08
709 6.26451625972078 7.09
710 6.358822036896968 7.100000000000001
711 6.338568592217649 7.11
712 6.387166669816964 7.12
713 6.364183301176379 7.13
714 6.298155318544552 7.140000000000001
715 6.288668649842649 7.15
716 6.42005857273608 7.16
717 6.366547853972852 7.17
718 6.331184370128582 7.18
719 6.301154983806438 7.19
720 6.263157612267423 7.2
721 6.327105909643637 7.21
722 6.455853844955421 7.22
723 6.487003603541938 7.23
724 6.553879981295219 7.24
725 6.538456700177287 7.25
726 6.535721648863954 7.26
727 6.543356612116155 7.27
728 6.567813071419828 7.28
729 6.613777724092253 7.29
730 6.624550743724568 7.3
731 6.672184778784805 7.31
732 6.637414038305558 7.32
733 6.703135000053128 7.33
734 6.722976286580759 7.34
735 6.769250617456615 7.350000000000001
736 6.783995113434156 7.36
737 6.812692175901822 7.37
738 6.849954947867852 7.38
739 6.82847122434927 7.390000000000001
740 6.893254912057043 7.4
741 6.871202034224474 7.41
742 6.935040874384253 7.42
743 6.937829265045744 7.43
744 6.996316666813296 7.44
745 6.97030063917157 7.45
746 7.019722171748005 7.46
747 7.033258662946507 7.47
748 7.050268376279508 7.48
749 7.082744446287911 7.49
750 7.097385503241694 7.5
751 7.1124600829108 7.51
752 7.136858481499927 7.52
753 7.151389446122387 7.53
754 7.195103906098971 7.54
755 7.251973228460428 7.55
756 7.231167287217469 7.56
757 7.241387514674501 7.57
758 7.241164905540774 7.58
759 7.262591601339615 7.59
760 7.255424744130867 7.600000000000001
761 7.25610060311149 7.61
762 7.313254314821039 7.62
763 7.328324736046196 7.63
764 7.361577723538728 7.640000000000001
765 7.343628124428996 7.65
766 7.324309672277162 7.66
767 7.4065871459717 7.67
768 7.37271330520506 7.68
769 7.346066449949867 7.69
770 7.342969325189893 7.7
771 7.304943621205393 7.71
772 7.310791146977829 7.72
773 7.351456359398269 7.73
774 7.413101781373548 7.74
775 7.403538329419312 7.75
776 7.346482417078573 7.76
777 7.280337072182092 7.77
778 7.29560679270592 7.78
779 7.316794893392378 7.79
780 7.282887069303999 7.8
781 7.270494058380278 7.81
782 7.276305926553638 7.82
783 7.359755373451283 7.83
784 7.382869540404631 7.84
785 7.466147438179913 7.850000000000001
786 7.473307396116049 7.86
787 7.477854909291872 7.87
788 7.478442387394556 7.88
789 7.554547244444259 7.890000000000001
790 7.538946606271098 7.9
791 7.535057401577921 7.91
792 7.512984595511104 7.92
793 7.499616245697436 7.930000000000001
794 7.546218483427444 7.94
795 7.554963668384212 7.95
796 7.512073901249153 7.96
797 7.604022445438628 7.97
798 7.592103407572751 7.98
799 7.659732886087737 7.99
800 7.572763812206177 8
801 7.617731558941717 8.01
802 7.60251263533536 8.02
803 7.674949989863432 8.029999999999999
804 7.694383609202889 8.040000000000001
805 7.740733159648894 8.050000000000001
806 7.651141727945144 8.06
807 7.678557289479992 8.07
808 7.709440387799969 8.08
809 7.747158830297854 8.09
810 7.739387443126731 8.1
811 7.731524981044952 8.109999999999999
812 7.715044890125251 8.120000000000001
813 7.773889792880886 8.130000000000001
814 7.795949083803404 8.140000000000001
815 7.820363121240612 8.15
816 7.835220554763611 8.16
817 7.79351904681232 8.17
818 7.848131432751805 8.18
819 7.852606357265437 8.19
820 7.801254381330585 8.199999999999999
821 7.834893199960893 8.210000000000001
822 8.019122584313346 8.220000000000001
823 8.013043972732449 8.23
824 7.992201691168223 8.24
825 7.985655390241243 8.25
826 8.032447238485645 8.26
827 8.027032593330558 8.27
828 8.030611115381564 8.279999999999999
829 8.062711589821113 8.290000000000001
830 8.124893665565036 8.300000000000001
831 8.201889426674832 8.31
832 8.184166529997981 8.32
833 8.206843639410209 8.33
834 8.278934330817131 8.34
835 8.378973619047157 8.35
836 8.317462577797603 8.359999999999999
837 8.201809228184347 8.370000000000001
838 8.141206930451091 8.380000000000001
839 8.221033794997409 8.390000000000001
840 8.292482237358609 8.4
841 8.345252493305113 8.41
842 8.381640515113528 8.42
843 8.440864370782725 8.43
844 8.513822515902616 8.44
845 8.492586720237599 8.449999999999999
846 8.397604326377309 8.460000000000001
847 8.361578282091093 8.470000000000001
848 8.350994076111254 8.48
849 8.377425237629975 8.49
850 8.371947245170345 8.5
851 8.463334198051111 8.51
852 8.514665693278369 8.52
853 8.534749696161873 8.529999999999999
854 8.515310697479014 8.540000000000001
855 8.420967954744167 8.550000000000001
856 8.400573209147433 8.56
857 8.384460855626235 8.57
858 8.450385018290623 8.58
859 8.39701480708541 8.59
860 8.419540926819627 8.6
861 8.399100604804863 8.609999999999999
862 8.387576361637697 8.620000000000001
863 8.442182348251103 8.630000000000001
864 8.42351103955915 8.640000000000001
865 8.431336823625681 8.65
866 8.382274897838002 8.66
867 8.398028482631197 8.67
868 8.375505088838603 8.68
869 8.392158002996576 8.69
870 8.367262173176231 8.700000000000001
871 8.341773469309643 8.710000000000001
872 8.318254551058043 8.720000000000001
873 8.288306488763551 8.73
874 8.364332996418028 8.74
875 8.311850581897925 8.75
876 8.322945100880482 8.76
877 8.283670890462279 8.77
878 8.27851605868522 8.779999999999999
879 8.28986374776656 8.790000000000001
880 8.347681722720248 8.800000000000001
881 8.360065462503307 8.81
882 8.297934301183199 8.82
883 8.240360585617188 8.83
884 8.172483861568585 8.84
885 8.197512282723292 8.85
886 8.127369374411096 8.859999999999999
887 8.174232159812403 8.870000000000001
888 8.226820456766337 8.880000000000001
889 8.214665708067383 8.890000000000001
890 8.148450182543328 8.9
891 8.05971095299128 8.91
892 8.112897605519375 8.92
893 8.097191908723373 8.93
894 8.116865657876728 8.94
895 8.121604832122305 8.950000000000001
896 8.040256465062553 8.960000000000001
897 7.957225094353928 8.970000000000001
898 7.836528590763609 8.98
899 7.935503973851191 8.99
900 7.864677335160573 9
901 7.870517605538353 9.01
902 7.841082664499874 9.02
903 7.865761569851855 9.029999999999999
904 7.901566121988211 9.040000000000001
905 7.882491059665345 9.050000000000001
906 7.870173244204413 9.06
907 7.792284355959145 9.07
908 7.686634348760858 9.08
909 7.638396163228592 9.09
910 7.546263477098258 9.1
911 7.515084312830302 9.109999999999999
912 7.503125180953329 9.120000000000001
913 7.546792076091806 9.130000000000001
914 7.51095886625663 9.140000000000001
915 7.560439540499352 9.15
916 7.531824361211904 9.16
917 7.513677697724527 9.17
918 7.424636591212958 9.18
919 7.363710854412746 9.19
920 7.283085629336884 9.200000000000001
921 7.276455978715241 9.210000000000001
922 7.226933575593689 9.220000000000001
923 7.200689007379983 9.23
924 7.176352569683649 9.24
925 7.136243551723124 9.25
926 7.111429935341856 9.26
927 7.091917418423107 9.27
928 7.122242128783667 9.279999999999999
929 7.051012548788043 9.290000000000001
930 7.005151235952751 9.300000000000001
931 6.980513728256091 9.31
932 6.953364819346456 9.32
933 6.941688191267162 9.33
934 6.865257023316047 9.34
935 6.848433427250808 9.35
936 6.834999506609401 9.359999999999999
937 6.805928145308305 9.370000000000001
938 6.733943412158742 9.380000000000001
939 6.678162383559688 9.390000000000001
940 6.653359849272793 9.4
941 6.654593220054302 9.41
942 6.648613870349531 9.42
943 6.581075700772075 9.43
944 6.575723988196684 9.44
945 6.546734970687387 9.450000000000001
946 6.567963105322736 9.460000000000001
947 6.555878570856314 9.470000000000001
948 6.507389980041494 9.48
949 6.465337617087568 9.49
950 6.406248175317526 9.5
951 6.420518268601945 9.51
952 6.421141377671758 9.52
953 6.404736425524064 9.529999999999999
954 6.36132023754465 9.540000000000001
955 6.364676757040876 9.550000000000001
956 6.33948788379809 9.56
957 6.307129451939423 9.57
958 6.304347571454731 9.58
959 6.283182685570193 9.59
960 6.382789370386147 9.6
961 6.38593527197741 9.609999999999999
962 6.2969969157559 9.620000000000001
963 6.230010424141319 9.630000000000001
964 6.196523036542211 9.640000000000001
965 6.21428259811006 9.65
966 6.203107078341756 9.66
967 6.243201983554798 9.67
968 6.195345220720968 9.68
969 6.226170715357026 9.69
970 6.171538603811655 9.700000000000001
971 6.194738632244837 9.710000000000001
972 6.219285557795732 9.720000000000001
973 6.231133384494059 9.73
974 6.327912143805621 9.74
975 6.29733727622521 9.75
976 6.237137106656957 9.76
977 6.181215567083963 9.77
978 6.239161522971565 9.779999999999999
979 6.240970568043646 9.790000000000001
980 6.222172070728782 9.800000000000001
981 6.224195391430818 9.81
982 6.269271937477587 9.82
983 6.292218437233588 9.83
984 6.284739263720779 9.84
985 6.280264998526704 9.85
986 6.303972734386059 9.859999999999999
987 6.342056868524133 9.870000000000001
988 6.302719885688403 9.880000000000001
989 6.344985798899351 9.890000000000001
990 6.37039952763893 9.9
991 6.382947355015037 9.91
992 6.391368041902163 9.92
993 6.405462822093587 9.93
994 6.461362869672262 9.94
995 6.481017950383071 9.950000000000001
996 6.537323595469403 9.960000000000001
997 6.513712026585076 9.970000000000001
998 6.518769834802209 9.98
999 6.535743342164618 9.99
1000 6.568755180446261 10
1001 6.622208855237811 10.01
1002 6.658843110172676 10.02
1003 6.694864599034168 10.03
1004 6.685633531011796 10.04
1005 6.743044839579561 10.05
1006 6.758539008635665 10.06
1007 6.830238999121335 10.07
1008 6.824095794399738 10.08
1009 6.897621111315876 10.09
1010 6.867483017143112 10.1
1011 6.915388193039162 10.11
1012 6.928112339271522 10.12
1013 6.948667531889095 10.13
1014 6.99677408537125 10.14
1015 7.020699724010001 10.15
1016 7.073825681215983 10.16
1017 7.066308477821059 10.17
1018 7.092561604972387 10.18
1019 7.122858332821398 10.19
1020 7.193336941020652 10.2
1021 7.216864511689693 10.21
1022 7.199209401790793 10.22
1023 7.252812871423969 10.23
1024 7.228945439798871 10.24
1025 7.232304991966516 10.25
1026 7.28971820094665 10.26
1027 7.256282118759937 10.27
1028 7.287319147028402 10.28
1029 7.333909124001696 10.29
1030 7.345931632355517 10.3
1031 7.399680626997546 10.31
1032 7.361457933665245 10.32
1033 7.376500041830807 10.33
1034 7.329553152319403 10.34
1035 7.33897255004667 10.35
1036 7.322232766756132 10.36
1037 7.321962133860403 10.37
1038 7.301008085723158 10.38
1039 7.340833939544859 10.39
1040 7.305295114812453 10.4
1041 7.329587068270581 10.41
1042 7.341021163743505 10.42
1043 7.314434583663722 10.43
1044 7.327681875161834 10.44
1045 7.283142634676031 10.45
1046 7.2225335497331 10.46
1047 7.255256396798076 10.47
1048 7.263351702660654 10.48
1049 7.300148711332682 10.49
1050 7.274367424147139 10.5
1051 7.290406586094773 10.51
1052 7.33993683695829 10.52
1053 7.37366845433881 10.53
1054 7.37177254972157 10.54
1055 7.422630725130286 10.55
1056 7.424936235822034 10.56
1057 7.447688524563874 10.57
1058 7.424321887610635 10.58
1059 7.451629834335389 10.59
1060 7.374412051941644 10.6
1061 7.453348649508104 10.61
1062 7.502701048919586 10.62
1063 7.51083865803462 10.63
1064 7.547524207968826 10.64
1065 7.505000376965225 10.65
1066 7.563136849490027 10.66
1067 7.595686387098262 10.67
1068 7.625139955908109 10.68
1069 7.619672936790534 10.69
1070 7.662985659093407 10.7
1071 7.640480445569796 10.71
1072 7.659489600100595 10.72
1073 7.641090267828996 10.73
1074 7.649775515111676 10.74
1075 7.616869224621615 10.75
1076 7.658135371440292 10.76
1077 7.716557329600009 10.77
1078 7.746209583752171 10.78
1079 7.798207614360331 10.79
1080 7.79864388373982 10.8
1081 7.79930697535772 10.81
1082 7.832036104053262 10.82
1083 7.842125622994236 10.83
1084 7.867457819792294 10.84
1085 7.884564189527057 10.85
1086 7.888165568935793 10.86
1087 7.931728155514597 10.87
1088 8.00273551814521 10.88
1089 8.012765510775328 10.89
1090 8.030079783713481 10.9
1091 8.147992923253691 10.91
1092 8.148861243686877 10.92
1093 8.115223683295566 10.93
1094 8.147171685589448 10.94
1095 8.214601963635562 10.95
1096 8.265294136948865 10.96
1097 8.268578872644337 10.97
1098 8.306668566228117 10.98
1099 8.350633955734459 10.99
1100 8.414643832212182 11
1101 8.440824086040164 11.01
1102 8.452806869943901 11.02
1103 8.571419257933256 11.03
1104 8.572250379632774 11.04
1105 8.528749753979653 11.05
1106 8.495441938328501 11.06
1107 8.539859145145154 11.07
1108 8.573132676473117 11.08
1109 8.591645793701174 11.09
1110 8.643594225081317 11.1
1111 8.692518272702864 11.11
1112 8.754876000523563 11.12
1113 8.765899993269873 11.13
1114 8.691719628029015 11.14
1115 8.62123985076561 11.15
1116 8.601187056368783 11.16
1117 8.58608716203509 11.17
1118 8.673856352167578 11.18
1119 8.711717684096145 11.19
1120 8.70291305829301 11.2
1121 8.707505346504281 11.21
1122 8.70613464961396 11.22
1123 8.657231292617194 11.23
1124 8.64389788640103 11.24
1125 8.633184274682886 11.25
1126 8.586117089738233 11.26
1127 8.601726067208576 11.27
1128 8.598950341881475 11.28
1129 8.593004821669094 11.29
1130 8.582438144424987 11.3
1131 8.628662790169153 11.31
1132 8.622036379486607 11.32
1133 8.631732621584002 11.33
1134 8.614793168314907 11.34
1135 8.606995772702479 11.35
1136 8.60584455373807 11.36
1137 8.618663773766494 11.37
1138 8.629466176835111 11.38
1139 8.610068242658176 11.39
1140 8.573912221831728 11.4
1141 8.564569382064533 11.41
1142 8.548725120576504 11.42
1143 8.594995593259531 11.43
1144 8.590315399712084 11.44
1145 8.610184732588227 11.45
1146 8.604751834233907 11.46
1147 8.569164563829837 11.47
1148 8.603437875205683 11.48
1149 8.594204161425944 11.49
1150 8.595615538185948 11.5
1151 8.543144211814347 11.51
1152 8.5043170878977 11.52
1153 8.421709113570959 11.53
1154 8.445832046488364 11.54
1155 8.468274901902719 11.55
1156 8.482222759713698 11.56
1157 8.510409752280186 11.57
1158 8.46738028091732 11.58
1159 8.4668880652572 11.59
1160 8.348713027086703 11.6
1161 8.37531532350925 11.61
1162 8.341821523893691 11.62
1163 8.348518917658094 11.63
1164 8.374393384654139 11.64
1165 8.337386211805883 11.65
1166 8.336563639881449 11.66
1167 8.270296482301939 11.67
1168 8.250041772947466 11.68
1169 8.209432469913471 11.69
1170 8.207203054924955 11.7
1171 8.179055496280434 11.71
1172 8.141488615294897 11.72
1173 8.167333684020884 11.73
1174 8.12111151329958 11.74
1175 8.158474606479032 11.75
1176 8.090568670904213 11.76
1177 8.022597295800356 11.77
1178 7.943251679079773 11.78
1179 7.911294510311693 11.79
1180 7.905369516453863 11.8
1181 7.922013085360151 11.81
1182 7.940750763167292 11.82
1183 7.885617357698969 11.83
1184 7.835269100215975 11.84
1185 7.788771941340275 11.85
1186 7.770006085922867 11.86
1187 7.660100819547365 11.87
1188 7.604346002094421 11.88
1189 7.584905795099297 11.89
1190 7.564915600550727 11.9
1191 7.585762376101606 11.91
1192 7.525138089655712 11.92
1193 7.491132005547187 11.93
1194 7.407883329109201 11.94
1195 7.378496143870806 11.95
1196 7.330866028884683 11.96
1197 7.307644453005669 11.97
1198 7.301721847103884 11.98
1199 7.264878423068386 11.99
1200 7.253866234321981 12
1201 7.17232325505223 12.01
1202 7.182121637672316 12.02
1203 7.131433257305133 12.03
1204 7.079759727577038 12.04
1205 7.034105865157016 12.05
1206 6.966464701956664 12.06
1207 6.934932151298351 12.07
1208 6.899629384587181 12.08
1209 6.878800878911984 12.09
1210 6.817672157736077 12.1
1211 6.817692532079283 12.11
1212 6.767996263824413 12.12
1213 6.767321580284434 12.13
1214 6.744298503018017 12.14
1215 6.705570086559107 12.15
1216 6.71716668543672 12.16
1217 6.670885330887999 12.17
1218 6.646475632736237 12.18
1219 6.581016842483542 12.19
1220 6.558038490139581 12.2
1221 6.502816123114873 12.21
1222 6.487839159238204 12.22
1223 6.484388686996628 12.23
1224 6.436567656252562 12.24
1225 6.447999211284468 12.25
1226 6.387264091543079 12.26
1227 6.400128803587283 12.27
1228 6.338547439187929 12.28
1229 6.33613550032089 12.29
1230 6.325812621643702 12.3
1231 6.27422011001267 12.31
1232 6.277253570518743 12.32
1233 6.24763530159214 12.33
1234 6.277861805301014 12.34
1235 6.220387961718767 12.35
1236 6.247685414199339 12.36
1237 6.205966681200446 12.37
1238 6.212685009199916 12.38
1239 6.230140086499769 12.39
1240 6.224794533336516 12.4
1241 6.193634697341087 12.41
1242 6.164690384766704 12.42
1243 6.206149398017566 12.43
1244 6.21835565664681 12.44
1245 6.195444210229606 12.45
1246 6.131720108865306 12.46
1247 6.198764730318606 12.47
1248 6.233581937899592 12.48
1249 6.280622817425276 12.49
1250 6.2390381834582 12.5
1251 6.254793958607973 12.51
1252 6.232529055613193 12.52
1253 6.233513160420811 12.53
1254 6.298968868750546 12.54
1255 6.284463988507892 12.55
1256 6.266511902802275 12.56
1257 6.302421631178309 12.57
1258 6.311358527893416 12.58
1259 6.35003688411879 12.59
1260 6.407060249962543 12.6
1261 6.440903795956898 12.61
1262 6.410661587282345 12.62
1263 6.430252898053924 12.63
1264 6.420600366924684 12.64
1265 6.440774387248897 12.65
1266 6.48873699990661 12.66
1267 6.526482892841919 12.67
1268 6.516514034084231 12.68
1269 6.482878810998543 12.69
1270 6.599657699161955 12.7
1271 6.583620413631751 12.71
1272 6.579025825655124 12.72
1273 6.62517748797339 12.73
1274 6.684424709211267 12.74
1275 6.70055991328657 12.75
1276 6.671038494521924 12.76
1277 6.726307034040201 12.77
1278 6.738715599518327 12.78
1279 6.819278931528358 12.79
1280 6.808437772087022 12.8
1281 6.857287558820516 12.81
1282 6.840581858990523 12.82
1283 6.881390550339444 12.83
1284 6.884933018962514 12.84
1285 6.951182265413359 12.85
1286 6.995135601736337 12.86
1287 6.974253459285705 12.87
1288 7.032920623723898 12.88
1289 7.024218680109568 12.89
1290 7.028152121123997 12.9
1291 7.062515704630931 12.91
1292 7.107513899690207 12.92
1293 7.166353254724593 12.93
1294 7.169731955008027 12.94
1295 7.166336693011901 12.95
1296 7.194549216212575 12.96
1297 7.195428343434886 12.97
1298 7.212912654572178 12.98
1299 7.24942717767729 12.99
1300 7.277766677943993 13
1301 7.293769536700517 13.01
1302 7.273761697622694 13.02
1303 7.270709549858554 13.03
1304 7.379471685260348 13.04
1305 7.322986031233278 13.05
1306 7.292901428789389 13.06
1307 7.316666772773197 13.07
1308 7.297027671801836 13.08
1309 7.263088436976116 13.09
1310 7.223863646748116 13.1
1311 7.362265696702841 13.11
1312 7.363991045874884 13.12
1313 7.338019312802425 13.13
1314 7.319062733601045 13.14
1315 7.270923805858993 13.15
1316 7.284483549650409 13.16
1317 7.276381823026105 13.17
1318 7.285710588620564 13.18
1319 7.275470207523759 13.19
1320 7.398411395111972 13.2
1321 7.38926434889392 13.21
1322 7.426629298017768 13.22
1323 7.428504291123331 13.23
1324 7.467105102874168 13.24
1325 7.442524738904837 13.25
1326 7.490145161031982 13.26
1327 7.543824093321462 13.27
1328 7.525731256292554 13.28
1329 7.533326604989273 13.29
1330 7.513474500877081 13.3
1331 7.529394059225214 13.31
1332 7.560458468023117 13.32
1333 7.505629621061925 13.33
1334 7.541410152580698 13.34
1335 7.536262456616031 13.35
1336 7.600193247463466 13.36
1337 7.569254278583229 13.37
1338 7.624667089258212 13.38
1339 7.581934519300857 13.39
1340 7.655063795742411 13.4
1341 7.587205086436883 13.41
1342 7.650177182385919 13.42
1343 7.623053424770218 13.43
1344 7.622556930431428 13.44
1345 7.638749580794982 13.45
1346 7.698007470497911 13.46
1347 7.71675895846616 13.47
1348 7.679393460704643 13.48
1349 7.701477927426967 13.49
1350 7.748999859921996 13.5
1351 7.787906144776067 13.51
1352 7.778109461393804 13.52
1353 7.767740084809129 13.53
1354 7.795194305742934 13.54
1355 7.835076010201915 13.55
1356 7.843360503519046 13.56
1357 7.850443486344683 13.57
1358 7.889288018313842 13.58
1359 7.983193446740912 13.59
1360 8.04520992125336 13.6
1361 8.063157919867756 13.61
1362 8.034715624154435 13.62
1363 8.082007679373978 13.63
1364 8.121385004780532 13.64
1365 8.152447992945117 13.65
1366 8.169357749500096 13.66
1367 8.223929808200358 13.67
1368 8.287317526833247 13.68
1369 8.32597331704595 13.69
1370 8.340718319510216 13.7
1371 8.402539957745098 13.71
1372 8.546472081329059 13.72
1373 8.534847244280202 13.73
1374 8.437569405674056 13.74
1375 8.361221932135123 13.75
1376 8.402210817748085 13.76
1377 8.487731738587192 13.77
1378 8.524827606432453 13.78
1379 8.558737404287166 13.79
1380 8.615668436804624 13.8
1381 8.681097700160134 13.81
1382 8.665552082192756 13.82
1383 8.621119907833361 13.83
1384 8.491632476331493 13.84
1385 8.504462038245153 13.85
1386 8.533780475488816 13.86
1387 8.557175724387841 13.87
1388 8.584522863624711 13.88
1389 8.590681070615725 13.89
1390 8.692067062780177 13.9
1391 8.64696995104921 13.91
1392 8.52431700647147 13.92
1393 8.446570239324009 13.93
1394 8.479163378019086 13.94
1395 8.564829293954665 13.95
1396 8.562438900753039 13.96
1397 8.5311367357686 13.97
1398 8.471098610202693 13.98
1399 8.479832912643898 13.99
1400 8.492045602011663 14
1401 8.542774405636788 14.01
1402 8.561390856691533 14.02
1403 8.521059766444282 14.03
1404 8.508766848794966 14.04
1405 8.513606032847406 14.05
1406 8.529581478136734 14.06
1407 8.49908495796782 14.07
1408 8.49961592160868 14.08
1409 8.498673756018645 14.09
1410 8.501857932139966 14.1
1411 8.540099400339848 14.11
1412 8.470533439756728 14.12
1413 8.535536475637175 14.13
1414 8.473948522371714 14.14
1415 8.493423087643739 14.15
1416 8.483333676394221 14.16
1417 8.479629311657487 14.17
1418 8.460322276226863 14.18
1419 8.520324048203815 14.19
1420 8.478444831020363 14.2
1421 8.412559166961401 14.21
1422 8.345691859160748 14.22
1423 8.32347418438501 14.23
1424 8.327650804981674 14.24
1425 8.365299840747577 14.25
1426 8.358750599146044 14.26
1427 8.389036786529061 14.27
1428 8.327280009522262 14.28
1429 8.353315636333182 14.29
1430 8.297244624251388 14.3
1431 8.30633983235858 14.31
1432 8.2818672773848 14.32
1433 8.308177952938363 14.33
1434 8.298042305002941 14.34
1435 8.254013082692992 14.35
1436 8.240536094757733 14.36
1437 8.127277318789115 14.37
1438 8.136628070128447 14.38
1439 8.108963004298909 14.39
1440 8.093128394299677 14.4
1441 8.042762270446859 14.41
1442 8.048712932653995 14.42
1443 8.036399463660564 14.43
1444 8.020800915992217 14.44
1445 7.998008412433041 14.45
1446 7.964287773140383 14.46
1447 7.959453027929412 14.47
1448 7.874601844352763 14.48
1449 7.813103473410052 14.49
1450 7.829765717367335 14.5
1451 7.861237227152172 14.51
1452 7.857667251261266 14.52
1453 7.79535209783594 14.53
1454 7.7937211714327 14.54
1455 7.725452637040799 14.55
1456 7.685314306782255 14.56
1457 7.623439845605885 14.57
1458 7.577147410656379 14.58
1459 7.557816062206975 14.59
1460 7.665440444678793 14.6
1461 7.578211449400631 14.61
1462 7.52977213664086 14.62
1463 7.484792433090538 14.63
1464 7.354593312438205 14.64
1465 7.325738414157642 14.65
1466 7.368302194061924 14.66
1467 7.375107359689236 14.67
1468 7.326511936733108 14.68
1469 7.279494172992693 14.69
1470 7.296938392776541 14.7
1471 7.18626038138883 14.71
1472 7.112197429755059 14.72
1473 7.140262088257895 14.73
1474 7.132395085231735 14.74
1475 7.077802104424408 14.75
1476 7.02420150180761 14.76
1477 6.961151692542638 14.77
1478 6.948914616312008 14.78
1479 6.942443136683637 14.79
1480 6.785323547423334 14.8
1481 6.814995600352835 14.81
1482 6.818231861711229 14.82
1483 6.849054006239597 14.83
1484 6.832020079471985 14.84
1485 6.829622650568605 14.85
1486 6.77730079294686 14.86
1487 6.713515638584679 14.87
1488 6.681898133217174 14.88
1489 6.682711943923169 14.89
1490 6.635920308380059 14.9
1491 6.581405498983504 14.91
1492 6.569202320065354 14.92
1493 6.546739901976926 14.93
1494 6.554203116210156 14.94
1495 6.601932990112268 14.95
1496 6.577409711512415 14.96
1497 6.509535906562844 14.97
1498 6.443836456350703 14.98
1499 6.443281559202472 14.99
1500 6.404671358383224 15
1501 6.429770963458997 15.01
1502 6.382381613647099 15.02
1503 6.354820062593949 15.03
1504 6.339548690712808 15.04
1505 6.337845110207271 15.05
1506 6.355605906936345 15.06
1507 6.338392396295745 15.07
1508 6.370271110882042 15.08
1509 6.277597671865015 15.09
1510 6.30498940742905 15.1
1511 6.274874130086613 15.11
1512 6.293012290054718 15.12
1513 6.314314693660182 15.13
1514 6.307302171896917 15.14
1515 6.321112039071567 15.15
1516 6.305060190838475 15.16
1517 6.354749652382026 15.17
1518 6.308631269544366 15.18
1519 6.345872108734365 15.19
1520 6.310887156191156 15.2
1521 6.305058049572764 15.21
1522 6.30431092870166 15.22
1523 6.305275721613388 15.23
1524 6.337872626880193 15.24
1525 6.367838955150828 15.25
1526 6.403106469308729 15.26
1527 6.380550469294003 15.27
1528 6.409275397830315 15.28
1529 6.414950887720099 15.29
1530 6.388922039344958 15.3
1531 6.437995812693977 15.31
1532 6.456519799858189 15.32
1533 6.509795065001462 15.33
1534 6.51709651118296 15.34
1535 6.554677199465016 15.35
1536 6.524090280959262 15.36
1537 6.569996153949484 15.37
1538 6.586382974773958 15.38
1539 6.608640870161427 15.39
1540 6.675007185195145 15.4
1541 6.705910271652902 15.41
1542 6.741622366630201 15.42
1543 6.739155277819337 15.43
1544 6.768270463725663 15.44
1545 6.746162169630872 15.45
1546 6.814025868382406 15.46
1547 6.826903320779932 15.47
1548 6.846860513317458 15.48
1549 6.888247223007124 15.49
1550 6.931675619406366 15.5
1551 6.90524824595148 15.51
1552 6.952643142731342 15.52
1553 6.9536727171758 15.53
1554 7.011293743135806 15.54
1555 7.088016329210517 15.55
1556 7.105356394425326 15.56
1557 7.104710972153756 15.57
1558 7.085968450928188 15.58
1559 7.101543225116835 15.59
1560 7.160790650110741 15.6
1561 7.189918079364324 15.61
1562 7.182742976803085 15.62
1563 7.208797932589182 15.63
1564 7.199340330470249 15.64
1565 7.25225479730372 15.65
1566 7.256372672311364 15.66
1567 7.29947371524065 15.67
1568 7.345311404152117 15.68
1569 7.36315364224265 15.69
1570 7.325062404443967 15.7
1571 7.334115697909795 15.71
1572 7.329621490539369 15.72
1573 7.353670490250897 15.73
1574 7.380564883734372 15.74
1575 7.357697743618307 15.75
1576 7.382689780735741 15.76
1577 7.355307278304609 15.77
1578 7.365530405367283 15.78
1579 7.304214831173195 15.79
1580 7.317321385500727 15.8
1581 7.347467284254706 15.81
1582 7.32962814242649 15.82
1583 7.246950259220727 15.83
1584 7.280834160314329 15.84
1585 7.287270304533383 15.85
1586 7.322920860661585 15.86
1587 7.286958590884664 15.87
1588 7.312402307737183 15.88
1589 7.33480695054312 15.89
1590 7.341943840751685 15.9
1591 7.350643814671431 15.91
1592 7.369967182919643 15.92
1593 7.374644167851693 15.93
1594 7.414737222508913 15.94
1595 7.421249573951751 15.95
1596 7.489372443309277 15.96
1597 7.424795355536517 15.97
1598 7.468718950215384 15.98
1599 7.457619838623049 15.99
1600 7.433475000481141 16
1601 7.506033693991905 16.01
1602 7.510723916828636 16.02
1603 7.566054910871778 16.03
1604 7.531312694076065 16.04
1605 7.558900329557674 16.05
1606 7.550334388806116 16.06
1607 7.554131981193406 16.07
1608 7.594063026966056 16.08
1609 7.599891023290995 16.09
1610 7.598873531671131 16.1
1611 7.624763288536573 16.11
1612 7.580302049543842 16.12
1613 7.615488595528406 16.13
1614 7.621866115095874 16.14
1615 7.680488135694381 16.15
1616 7.714062662202908 16.16
1617 7.732728396579228 16.17
1618 7.727766247987381 16.18
1619 7.732552067881124 16.19
1620 7.781924937720019 16.2
1621 7.758525697040759 16.21
1622 7.776094072212255 16.22
1623 7.819143559559035 16.23
1624 7.857901748698512 16.24
1625 7.884091317023766 16.25
1626 7.824149961341485 16.26
1627 7.909703545006675 16.27
1628 8.034495700461521 16.28
1629 8.083737322312906 16.29
1630 8.040609093018929 16.3
1631 7.986962306998263 16.31
1632 8.078798649434633 16.32
1633 8.144263035751425 16.33
1634 8.114186765735035 16.34
1635 8.150650382756227 16.35
1636 8.229282202893259 16.36
1637 8.275986544449948 16.37
1638 8.327098861474386 16.38
1639 8.327494564789232 16.39
1640 8.333676180341042 16.4
1641 8.385348850210301 16.41
1642 8.43879552944313 16.42
1643 8.402168199839252 16.43
1644 8.428958856689535 16.44
1645 8.485561435695244 16.45
1646 8.477775113658318 16.46
1647 8.53186731349691 16.47
1648 8.566596487772355 16.48
1649 8.636691564679008 16.49
1650 8.684350639625567 16.5
1651 8.631455238200356 16.51
1652 8.534241448072533 16.52
1653 8.513792385991023 16.53
1654 8.491745408976618 16.54
1655 8.553030314769966 16.55
1656 8.576898448278524 16.56
1657 8.571331241157081 16.57
1658 8.597788994820704 16.58
1659 8.573826941719368 16.59
1660 8.598686789982509 16.6
1661 8.572543483317235 16.61
1662 8.523305152307342 16.62
1663 8.514632209068765 16.63
1664 8.473833269672559 16.64
1665 8.452344112658221 16.65
1666 8.451732208601197 16.66
1667 8.483178879318972 16.67
1668 8.56844121629387 16.68
1669 8.560403690354146 16.69
1670 8.52064675151647 16.7
1671 8.476149642416054 16.71
1672 8.479196436083582 16.72
1673 8.409726912991417 16.73
1674 8.477397026378748 16.74
1675 8.443535247058669 16.75
1676 8.517244332787538 16.76
1677 8.37154475495954 16.77
1678 8.429587833330528 16.78
1679 8.448452010696222 16.79
1680 8.391048335445852 16.8
1681 8.363917393120959 16.81
1682 8.414222283208082 16.82
1683 8.420352554596665 16.83
1684 8.397257085996287 16.84
1685 8.450914790788742 16.85
1686 8.455370697391897 16.86
1687 8.475634266622835 16.87
1688 8.364051478034771 16.88
1689 8.355850333838287 16.89
1690 8.239640420573693 16.9
1691 8.269201587189468 16.91
1692 8.318656884861703 16.92
1693 8.368928580698531 16.93
1694 8.363420566488312 16.94
1695 8.322172980394532 16.95
1696 8.276644822956335 16.96
1697 8.229625791181101 16.97
1698 8.249624878848115 16.98
1699 8.194402237667369 16.99
1700 8.281456388355194 17
1701 8.213038056825388 17.01
1702 8.202094603149629 17.02
1703 8.138552081879393 17.03
1704 7.981161537834347 17.04
1705 8.02995063235516 17.05
1706 8.012264969852815 17.06
1707 8.04185681027173 17.07
1708 8.066982820696341 17.08
1709 8.059303226111897 17.09
1710 8.096460667670494 17.1
1711 8.053029205518715 17.11
1712 7.968146183406106 17.12
1713 7.934394119654166 17.13
1714 7.868943878220821 17.14
1715 7.81087394996974 17.15
1716 7.79782905807066 17.16
1717 7.72646986361383 17.17
1718 7.842784250337288 17.18
1719 7.822075039539284 17.19
1720 7.832279241980193 17.2
1721 7.846277449169204 17.21
1722 7.679215416960148 17.22
1723 7.68121650902135 17.23
1724 7.501597572055645 17.24
1725 7.530936110289737 17.25
1726 7.433876030451853 17.26
1727 7.451646525606269 17.27
1728 7.478696845370767 17.28
1729 7.47287473261624 17.29
1730 7.388947852042058 17.3
1731 7.307703738308588 17.31
1732 7.342894742679981 17.32
1733 7.251492255391986 17.33
1734 7.287135048601679 17.34
1735 7.241853935129214 17.35
1736 7.251601584559938 17.36
1737 7.235843506328829 17.37
1738 7.124000727878178 17.38
1739 7.138234827273116 17.39
1740 7.06450178115341 17.4
1741 7.05256600093085 17.41
1742 6.964160089273184 17.42
1743 6.939193479440834 17.43
1744 6.948217870347365 17.44
1745 6.887571299566707 17.45
1746 6.883012836498521 17.46
1747 6.869454328792588 17.47
1748 6.869469621770195 17.48
1749 6.801428740037173 17.49
1750 6.780959847343673 17.5
1751 6.742565192433476 17.51
1752 6.688988702649145 17.52
1753 6.607438221939842 17.53
1754 6.619937496176788 17.54
1755 6.675328787879947 17.55
1756 6.560740928430554 17.56
1757 6.60662226882891 17.57
1758 6.563098496341034 17.58
1759 6.611699618185924 17.59
1760 6.567725837830508 17.6
1761 6.525087885719982 17.61
1762 6.559353217893688 17.62
1763 6.413767483950815 17.63
1764 6.439457745981256 17.64
1765 6.320932011241673 17.65
1766 6.368623652387672 17.66
1767 6.364179913241587 17.67
1768 6.308230478085929 17.68
1769 6.324663006445242 17.69
1770 6.348562197122819 17.7
1771 6.362202273848923 17.71
1772 6.316243573410299 17.72
1773 6.309423971954293 17.73
1774 6.220720860563254 17.74
1775 6.310224023367851 17.75
1776 6.252796693676098 17.76
1777 6.281287627032659 17.77
1778 6.315882704000777 17.78
1779 6.277412501170705 17.79
1780 6.10403582964131 17.8
1781 6.092984142244637 17.81
1782 6.214209123879185 17.82
1783 6.23760231342404 17.83
1784 6.326139471900787 17.84
1785 6.271999827484019 17.85
1786 6.284194503220053 17.86
1787 6.293416171090789 17.87
1788 6.253107681749613 17.88
1789 6.282825070483876 17.89
1790 6.274251121936732 17.9
1791 6.315337413034579 17.91
1792 6.299501858451174 17.92
1793 6.340646953986055 17.93
1794 6.313628672868834 17.94
1795 6.361776160664563 17.95
1796 6.397569920807793 17.96
1797 6.383326374963668 17.97
1798 6.400872809820321 17.98
1799 6.400658719947508 17.99
1800 6.411628552941914 18
1801 6.426130708023197 18.01
1802 6.49110103711204 18.02
1803 6.499423712979948 18.03
1804 6.52206737092788 18.04
1805 6.505962207237184 18.05
1806 6.548433919343578 18.06
1807 6.594799155575294 18.07
1808 6.596658532623099 18.08
1809 6.631353739283139 18.09
1810 6.629778703890264 18.1
1811 6.679263799224403 18.11
1812 6.681345133707247 18.12
1813 6.708576986131664 18.13
1814 6.717337191813945 18.14
1815 6.775822078364129 18.15
1816 6.813656352156011 18.16
1817 6.821667711531351 18.17
1818 6.855567184042854 18.18
1819 6.874986181509104 18.19
1820 6.893621432731504 18.2
1821 6.926514512819886 18.21
1822 6.955188490862286 18.22
1823 6.975670978813184 18.23
1824 7.025420657547582 18.24
1825 7.022626738154927 18.25
1826 7.020417111618677 18.26
1827 7.021765472715685 18.27
1828 7.054756488410199 18.28
1829 7.099727379242131 18.29
1830 7.139005627945081 18.3
1831 7.150827274060404 18.31
1832 7.153954778398965 18.32
1833 7.176351690701493 18.33
1834 7.195139629864723 18.34
1835 7.214573796576444 18.35
1836 7.252420767002635 18.36
1837 7.289402405580448 18.37
1838 7.283887970010833 18.38
1839 7.306750587829054 18.39
1840 7.34163428215393 18.4
1841 7.356189335500141 18.41
1842 7.302636778630371 18.42
1843 7.2916686775395 18.43
1844 7.290439283460205 18.44
1845 7.266113610220138 18.45
1846 7.268595511588041 18.46
1847 7.241636932194077 18.47
1848 7.346432674894093 18.48
1849 7.363259582028371 18.49
1850 7.421819310534229 18.5
1851 7.355760657528858 18.51
1852 7.272729580330359 18.52
1853 7.258617566495184 18.53
1854 7.274527709044317 18.54
1855 7.27544777298283 18.55
1856 7.26820498043624 18.56
1857 7.346160758108271 18.57
1858 7.382974333657546 18.58
1859 7.421524222828221 18.59
1860 7.413712655751146 18.6
1861 7.439691815922092 18.61
1862 7.419311168515998 18.62
1863 7.430399563946748 18.63
1864 7.495600242973659 18.64
1865 7.500610465308787 18.65
1866 7.510598688817335 18.66
1867 7.494620329793856 18.67
1868 7.522951238122116 18.68
1869 7.49344601684709 18.69
1870 7.495123297124049 18.7
1871 7.524585473040617 18.71
1872 7.548280356113535 18.72
1873 7.587908305506107 18.73
1874 7.551583182309083 18.74
1875 7.581487742035392 18.75
1876 7.523919233781826 18.76
1877 7.587408339178139 18.77
1878 7.538644640471081 18.78
1879 7.5842749054449 18.79
1880 7.584603463281727 18.8
1881 7.583790272826959 18.81
1882 7.589374024885625 18.82
1883 7.668831126156452 18.83
1884 7.705005063223936 18.84
1885 7.683456678072708 18.85
1886 7.69889215091466 18.86
1887 7.710118768602917 18.87
1888 7.747835210189602 18.88
1889 7.746496042109462 18.89
1890 7.733652896812845 18.9
1891 7.763858592248678 18.91
1892 7.823167011237818 18.92
1893 7.861961584315901 18.93
1894 7.877379110279243 18.94
1895 7.868862157629454 18.95
1896 7.924710779492439 18.96
1897 7.99803083187328 18.97
1898 8.075150639451593 18.98
1899 8.084441192274221 18.99
1900 8.082393504244139 19
1901 8.100885930421201 19.01
1902 8.175380548700423 19.02
1903 8.170148524154087 19.03
1904 8.209231229787575 19.04
1905 8.275588785316605 19.05
1906 8.31286860306404 19.06
1907 8.347657789753862 19.07
1908 8.368294153979907 19.08
1909 8.520046898608717 19.09
1910 8.557542417693199 19.1
1911 8.5410954050179 19.11
1912 8.428239116295714 19.12
1913 8.372769661595399 19.13
1914 8.448605416303828 19.14
1915 8.509745174531806 19.15
1916 8.537017230956288 19.16
1917 8.607211573099518 19.17
1918 8.681033317593688 19.18
1919 8.730356844644978 19.19
1920 8.690216561952807 19.2
1921 8.538917352296812 19.21
1922 8.518567319606056 19.22
1923 8.49604070568004 19.23
1924 8.59169504901862 19.24
1925 8.578217877712058 19.25
1926 8.507244403846782 19.26
1927 8.680994466655868 19.27
1928 8.682520663059686 19.28
1929 8.585621594384413 19.29
1930 8.495305024609353 19.3
1931 8.502174676835521 19.31
1932 8.521048134082434 19.32
1933 8.568540248227071 19.33
1934 8.539436012405933 19.34
1935 8.484042806221273 19.35
1936 8.504823864035409 19.36
1937 8.535897145085944 19.37
1938 8.560862198311979 19.38
1939 8.544172952260855 19.39
1940 8.459891212434242 19.4
1941 8.452845243475799 19.41
1942 8.500096474973232 19.42
1943 8.544069065355668 19.43
1944 8.475704746601014 19.44
1945 8.579477391854025 19.45
1946 8.43503421123085 19.46
1947 8.515370690455331 19.47
1948 8.489613695585163 19.48
1949 8.516037131882294 19.49
1950 8.531218746238487 19.5
1951 8.439108007256067 19.51
1952 8.520003559028694 19.52
1953 8.51204326794057 19.53
1954 8.561463792401831 19.54
1955 8.486798997614843 19.55
1956 8.546953066815384 19.56
1957 8.42477142784047 19.57
1958 8.371861498462598 19.58
1959 8.405663625308151 19.59
1960 8.327050092876988 19.6
1961 8.310311161315594 19.61
1962 8.330562302520535 19.62
1963 8.367540503554864 19.63
1964 8.327803966437697 19.64
1965 8.346021948076318 19.65
1966 8.352870083810181 19.66
1967 8.308399870941599 19.67
1968 8.348020994936265 19.68
1969 8.308012577136228 19.69
1970 8.308581738592602 19.7
1971 8.259051713214506 19.71
1972 8.188719321034901 19.72
1973 8.13970869830244 19.73
1974 8.127427885657564 19.74
1975 8.125340705698891 19.75
1976 8.123288424429191 19.76
1977 8.092752875124372 19.77
1978 8.083214684182384 19.78
1979 8.053585662169478 19.79
1980 7.997193443748495 19.8
1981 7.985431767597284 19.81
1982 7.967561290809111 19.82
1983 7.953893455869384 19.83
1984 7.920175513528122 19.84
1985 7.838144504633757 19.85
1986 7.844959206024543 19.86
1987 7.787393972852545 19.87
1988 7.831153426394591 19.88
1989 7.767411696489655 19.89
1990 7.783383068532522 19.9
1991 7.761671568479759 19.91
1992 7.695137367951411 19.92
1993 7.668540238266186 19.93
1994 7.591297202536992 19.94
1995 7.54173325663749 19.95
1996 7.496043055650007 19.96
1997 7.492102031550639 19.97
1998 7.465641045950225 19.98
1999 7.429230844933381 19.99
2000 7.375423581753918 20
