"cd-rfile"
"Time Step" "cd etc.."
("Time Step" "cd" "flow-time")
0 0 0
1 113.3317478463774 0.01
2 3.130870785908639 0.02
3 -0.02859532201982512 0.03
4 -0.3428894736252778 0.04
5 -0.1543694970089192 0.05
6 0.01944351476366543 0.06
7 0.2238824900145341 0.07000000000000001
8 0.3544597878131992 0.08
9 0.3461401334015123 0.09
10 0.3728995266750219 0.1
11 0.4215188330201959 0.11
12 0.4600731396232359 0.12
13 0.5039321483970214 0.13
14 0.5246128754677513 0.14
15 0.5705468556458084 0.15
16 0.5702957220577021 0.16
17 0.5095483262015419 0.17
18 0.6144986683943141 0.18
19 0.6127857019813195 0.19
20 0.6063231303103838 0.2
21 0.6641445411702771 0.21
22 0.6946178841124648 0.22
23 0.5999914865597777 0.23
24 0.6180329770272806 0.24
25 0.6395274232229088 0.25
26 0.6680572232215433 0.26
27 0.6508317383415702 0.27
28 0.628675054557832 0.28
29 0.6091936158080352 0.29
30 0.6162013991494889 0.3
31 0.6276395946597065 0.31
32 0.6189340848223205 0.32
33 0.616630551698317 0.33
34 0.5995097589165935 0.34
35 0.6276468952138841 0.35
36 0.6182129203601279 0.36
37 0.6252613935608212 0.37
38 0.5345705709826254 0.38
39 0.6014802177907905 0.39
40 0.592963180217791 0.4
41 0.6091754335781048 0.41
42 0.6416298187276063 0.42
43 0.6024517831245033 0.43
44 0.6099510124741361 0.44
45 0.6255969529631499 0.45
46 0.6012467682721071 0.46
47 0.5843075886413588 0.47
48 0.637326806593862 0.48
49 0.6131911442110308 0.49
50 0.6104829634080065 0.5
51 0.6194660248410562 0.51
52 0.661870390586305 0.52
53 0.6604871685678402 0.53
54 0.6368356369518358 0.54
55 0.6524407351756991 0.55
56 0.6652127758847054 0.5600000000000001
57 0.6638164557187788 0.5700000000000001
58 0.660846762113792 0.58
59 0.685092092602218 0.59
60 0.6328216084547476 0.6
61 0.6579481080364332 0.61
62 0.6694251968503387 0.62
63 0.6796275232737609 0.63
64 0.7234626381506439 0.64
65 0.6844378523368749 0.65
66 0.7091438186730107 0.66
67 0.7019038616236899 0.67
68 0.6949750079740293 0.68
69 0.7588509831156603 0.6900000000000001
70 0.7255464187705097 0.7000000000000001
71 0.7228699165550969 0.71
72 0.7352999925057607 0.72
73 0.7319989328123236 0.73
74 0.7294096871849657 0.74
75 0.7483738953493151 0.75
76 0.7514532827864732 0.76
77 0.7601414872898162 0.77
78 0.7352887639409487 0.78
79 0.805361614651565 0.79
80 0.8448977407416213 0.8
81 0.8506685720256859 0.8100000000000001
82 0.8123387505674688 0.8200000000000001
83 0.8090614314660899 0.8300000000000001
84 0.8282303746367907 0.84
85 0.857915516301592 0.85
86 0.8806655547729105 0.86
87 0.8831753999640523 0.87
88 0.9049604631957188 0.88
89 0.9240989139889493 0.89
90 0.9738901886040245 0.9
91 1.019476420372117 0.91
92 1.05969219008153 0.92
93 1.087584372264385 0.93
94 1.12863554366165 0.9400000000000001
95 1.170495610898738 0.9500000000000001
96 1.197567199444733 0.96
97 1.223532296421289 0.97
98 1.293483371967828 0.98
99 1.327820635400914 0.99
100 1.311296213405506 1
101 1.387064485920007 1.01
102 1.444746750615107 1.02
103 1.48437235556931 1.03
104 1.522471059312425 1.04
105 1.568863436048707 1.05
106 1.578836734833776 1.06
107 1.617960235066622 1.07
108 1.669805736694814 1.08
109 1.726789837441498 1.09
110 1.719826020250444 1.1
111 1.769328840405739 1.11
112 1.828821316526442 1.12
113 1.891889244066449 1.13
114 1.946176903108622 1.14
115 1.936563418168098 1.15
116 1.964377749045595 1.16
117 2.035652720214555 1.17
118 2.064416081048081 1.18
119 2.091765652745174 1.19
120 2.047722803489298 1.2
121 2.046205578091624 1.21
122 2.158039154215738 1.22
123 2.189729238045905 1.23
124 2.14371090246377 1.24
125 2.19106185657741 1.25
126 2.183896211876809 1.26
127 2.222293974837211 1.27
128 2.217551546565736 1.28
129 2.259109698991263 1.29
130 2.355171053554214 1.3
131 2.285011303331738 1.31
132 2.222222962660301 1.32
133 2.206933741928926 1.33
134 2.272561699281935 1.34
135 2.165846607809575 1.35
136 2.242508717718252 1.36
137 2.515418034076807 1.37
138 2.454581535415706 1.38
139 2.400098093512377 1.39
140 2.399290511973935 1.4
141 2.352992331577341 1.41
142 2.303055331219941 1.42
143 2.317840758094185 1.43
144 2.397669261763007 1.44
145 2.418912856812843 1.45
146 2.428409732863514 1.46
147 2.488157257227336 1.47
148 2.492336668803833 1.48
149 2.437746559261876 1.49
150 2.41933189148938 1.5
151 2.525981440069399 1.51
152 2.508467049338393 1.52
153 2.512314611685881 1.53
154 2.572507343664309 1.54
155 2.645002153911623 1.55
156 2.640704757143537 1.56
157 2.634212567323206 1.57
158 2.639112150660145 1.58
159 2.606323959851107 1.59
160 2.659844125060975 1.6
161 2.669103413370145 1.61
162 2.671426902988973 1.62
163 2.668565395085021 1.63
164 2.701285876889685 1.64
165 2.692187393531806 1.65
166 2.676125034628185 1.66
167 2.679477525604917 1.67
168 2.650213042998161 1.68
169 2.648848248627757 1.69
170 2.646360649658765 1.7
171 2.631832778340975 1.71
172 2.628809864829706 1.72
173 2.75285151472673 1.73
174 2.696271987991365 1.74
175 2.664902130671586 1.75
176 2.676909936199875 1.76
177 2.774830946300913 1.77
178 2.804257870513697 1.78
179 2.772523099307722 1.79
180 2.838221970927102 1.8
181 2.858574257305076 1.81
182 2.864219225675915 1.82
183 2.855500027064731 1.83
184 2.76676248739849 1.84
185 2.719597783929843 1.85
186 2.757072460673406 1.86
187 2.837793065793963 1.87
188 2.839389475443245 1.88
189 2.790896725501276 1.89
190 2.821617427078421 1.9
191 2.844556321029233 1.91
192 2.756818290128069 1.92
193 2.735757577127668 1.93
194 2.731406462487254 1.94
195 2.683423593946046 1.95
196 2.688001361389632 1.96
197 2.720860428611545 1.97
198 2.657615444490507 1.98
199 2.652550527001485 1.99
200 2.648185001295543 2
201 2.597086464056198 2.01
202 2.469751314326683 2.02
203 2.407483819381981 2.03
204 2.405641169710378 2.04
205 2.389749398937557 2.05
206 2.353743815103187 2.06
207 2.30385855077184 2.07
208 2.213973776928258 2.08
209 2.195349512024865 2.09
210 2.184348707385902 2.1
211 2.132024281329653 2.11
212 2.036949222568757 2.12
213 2.004305747530494 2.13
214 2.011439655986497 2.14
215 1.962477321738521 2.15
216 1.881964134215937 2.16
217 1.829117627618807 2.17
218 1.809117528282604 2.18
219 1.781938184547545 2.19
220 1.733633062436072 2.2
221 1.686155582613668 2.21
222 1.663900393061719 2.22
223 1.621196967184351 2.23
224 1.604362762483304 2.24
225 1.563250844462921 2.25
226 1.535383433742229 2.26
227 1.504002694699431 2.27
228 1.485167334779722 2.28
229 1.413243274975438 2.29
230 1.39680825616876 2.3
231 1.401074646342904 2.31
232 1.333238075111335 2.32
233 1.278983117601587 2.33
234 1.296958485803755 2.34
235 1.276103643006364 2.35
236 1.232292842192927 2.36
237 1.22081238810073 2.37
238 1.20943970075446 2.38
239 1.169280385904273 2.39
240 1.137904943392317 2.4
241 1.109605635403032 2.41
242 1.068248910967357 2.42
243 1.069672983387224 2.43
244 1.099347926190158 2.44
245 1.069709751846832 2.45
246 1.041665307993307 2.46
247 1.019936016459873 2.47
248 1.006522574982192 2.48
249 1.008835080707459 2.49
250 0.9967259840784375 2.5
251 0.9699809283239672 2.51
252 0.9533154198927193 2.52
253 0.8990860315629741 2.53
254 0.9202645424426479 2.54
255 0.9177708004791743 2.55
256 0.9304727107381332 2.56
257 0.9277950872419056 2.57
258 0.8937083668183298 2.58
259 0.8953034104429812 2.59
260 0.899589768401544 2.6
261 0.873813580375725 2.61
262 0.8663444957979304 2.62
263 0.8576385193678128 2.63
264 0.8735557658814361 2.64
265 0.8795888435605014 2.65
266 0.8698873256672176 2.66
267 0.87917457776288 2.67
268 0.88130572929198 2.68
269 0.8638840200823626 2.69
270 0.8577502868163769 2.7
271 0.8289002388726313 2.71
272 0.8535916612468142 2.72
273 0.8626733079349815 2.73
274 0.8719252713510596 2.74
275 0.8914940294502005 2.75
276 0.8796930764492376 2.76
277 0.8704974510030101 2.77
278 0.8809051217093554 2.78
279 0.8933935324383726 2.79
280 0.8962569532646633 2.8
281 0.9149960959218052 2.81
282 0.9300510702701759 2.82
283 0.9428144237047509 2.83
284 0.9528922394665525 2.84
285 0.9664074357215887 2.85
286 0.9834553527745669 2.86
287 0.9994440733138339 2.87
288 1.015282101736773 2.88
289 1.025555958713045 2.89
290 1.036197505544749 2.9
291 1.054548895395459 2.91
292 1.080572965125429 2.92
293 1.097764489071074 2.93
294 1.132423311649809 2.94
295 1.142970701568746 2.95
296 1.173146427137248 2.96
297 1.189829294202625 2.97
298 1.200031287680809 2.98
299 1.224321916184549 2.99
300 1.197268853846174 3
301 1.255833671030083 3.01
302 1.269901017086719 3.02
303 1.340476029333218 3.03
304 1.343897371979649 3.04
305 1.39249562689239 3.05
306 1.385103496473357 3.06
307 1.401107728061609 3.07
308 1.431025393266117 3.08
309 1.478435280648458 3.09
310 1.526075870065683 3.1
311 1.524265648454628 3.11
312 1.51199362034773 3.12
313 1.559645139881845 3.13
314 1.570523964012212 3.14
315 1.626157266482529 3.15
316 1.676299996123064 3.16
317 1.674993276025152 3.17
318 1.663745935958268 3.18
319 1.691459484920378 3.19
320 1.790689930418186 3.2
321 1.742022058779293 3.21
322 1.797642870612308 3.22
323 1.794265363683841 3.23
324 1.836675328058822 3.24
325 1.86812696538705 3.25
326 1.911004665184372 3.26
327 1.925438264238897 3.27
328 1.811215647429633 3.28
329 1.91392867494781 3.29
330 1.93698742493211 3.3
331 2.002436275272527 3.31
332 1.990202155498461 3.32
333 2.007195419466656 3.33
334 1.998215048800974 3.34
335 2.020141316731496 3.35
336 2.067969709962135 3.36
337 2.062571181987614 3.37
338 2.003548480493711 3.38
339 2.041320080953696 3.39
340 2.209260728480707 3.4
341 2.22059587423408 3.41
342 2.162030160734983 3.42
343 2.107782067088242 3.43
344 2.071001123655873 3.44
345 2.065967434367225 3.45
346 2.096823807916222 3.46
347 2.066151346778371 3.47
348 2.052734094894101 3.48
349 2.104896198455761 3.49
350 2.056004031284578 3.5
351 2.059492414199627 3.51
352 2.133525524875536 3.52
353 2.121759766754785 3.53
354 2.089129195263523 3.54
355 2.061964643319548 3.55
356 2.095353814641609 3.56
357 2.046612775470844 3.57
358 2.026408809315808 3.58
359 2.037645029315087 3.59
360 2.076184326759287 3.6
361 2.05356229665725 3.61
362 2.01751654453961 3.62
363 2.028463176361722 3.63
364 2.012342489955727 3.64
365 2.03464401905275 3.65
366 2.139803969645551 3.66
367 2.035922766116073 3.67
368 2.08908841154054 3.68
369 2.210593992121826 3.69
370 2.007037436147268 3.7
371 2.080906330732566 3.71
372 2.226667226972951 3.72
373 2.210406499581953 3.73
374 2.167510474208937 3.74
375 2.162057812318317 3.75
376 2.204437966847367 3.76
377 2.233991393935094 3.77
378 2.246818593910852 3.78
379 2.313989832996113 3.79
380 2.293761235772582 3.8
381 2.330172837971955 3.81
382 2.346026579871248 3.82
383 2.340557946453119 3.83
384 2.361159253694344 3.84
385 2.369620714812596 3.85
386 2.424491362501441 3.86
387 2.389981961936255 3.87
388 2.421943073555814 3.88
389 2.426061002534863 3.89
390 2.435049706779426 3.9
391 2.438911538145933 3.91
392 2.507354331395548 3.92
393 2.47246744471769 3.93
394 2.465925418160477 3.94
395 2.434502212822636 3.95
396 2.538772306855047 3.96
397 2.525513832337671 3.97
398 2.466168191464801 3.98
399 2.473172949356047 3.99
400 2.545948528600683 4
401 2.42758858607823 4.01
402 2.385176669851919 4.02
403 2.402581557859391 4.03
404 2.41821291674558 4.04
405 2.381049299813897 4.05
406 2.437802715873706 4.06
407 2.418712967935422 4.07
408 2.387806525335371 4.08
409 2.35238746563595 4.09
410 2.374182837701529 4.1
411 2.387637848533673 4.11
412 2.325357071981452 4.12
413 2.296455055687835 4.13
414 2.262631744021829 4.14
415 2.230894641444505 4.15
416 2.230686623293545 4.16
417 2.264798538196513 4.17
418 2.2368557679826 4.18
419 2.160453775967438 4.19
420 2.118295754453957 4.2
421 2.105528772798886 4.21
422 2.117012167001873 4.22
423 2.109446279231949 4.23
424 2.112301421888029 4.24
425 2.082869717242608 4.25
426 1.969160535690201 4.26
427 1.926378125567101 4.27
428 1.905763107314274 4.28
429 1.880013293780358 4.29
430 1.872917935347991 4.3
431 1.849131650428095 4.31
432 1.797121153130465 4.32
433 1.769920293762562 4.33
434 1.690402044071788 4.34
435 1.678444167639962 4.350000000000001
436 1.637633538964843 4.36
437 1.621797317121002 4.37
438 1.542080252953636 4.38
439 1.507744780554833 4.39
440 1.479381952487645 4.4
441 1.453322887279104 4.41
442 1.408009464379287 4.42
443 1.365596562227528 4.43
444 1.310655125668043 4.44
445 1.304900524522183 4.45
446 1.268958579947127 4.46
447 1.245171870282624 4.47
448 1.177641070389701 4.48
449 1.164582244042535 4.49
450 1.135118209797414 4.5
451 1.084625122028731 4.51
452 1.065488096190425 4.52
453 0.974750984427752 4.53
454 0.9422592790181681 4.54
455 0.948364950538321 4.55
456 0.9504711840723135 4.56
457 0.9111942326996075 4.57
458 0.8929879821496992 4.58
459 0.8923450587053499 4.59
460 0.8184380678597347 4.600000000000001
461 0.8891201599009341 4.61
462 0.8635130389909565 4.62
463 0.7919658147923867 4.63
464 0.7136689302130946 4.64
465 0.7689547041915396 4.65
466 0.7806980438898612 4.66
467 0.7294210271248047 4.67
468 0.6822787759463804 4.68
469 0.722871037687961 4.69
470 0.7839529781654077 4.7
471 0.6795822956845917 4.71
472 0.6931926117802797 4.72
473 0.6944614449760305 4.73
474 0.6496943374942687 4.74
475 0.6941410379751592 4.75
476 0.7147457769589567 4.76
477 0.619188993943117 4.77
478 0.6231130986885663 4.78
479 0.7098337042068289 4.79
480 0.6527530448341132 4.8
481 0.626869637529829 4.81
482 0.6434281041552944 4.82
483 0.7078152670555249 4.83
484 0.6877484030229571 4.84
485 0.6779405473139372 4.850000000000001
486 0.6888540965012119 4.86
487 0.6728659972112252 4.87
488 0.6388349666101627 4.88
489 0.6874896811214107 4.89
490 0.7147097415102904 4.9
491 0.6917210488475424 4.91
492 0.7176088739829937 4.92
493 0.7289930422747929 4.93
494 0.7454179550804624 4.94
495 0.7684553578869795 4.95
496 0.7741304974194513 4.96
497 0.787730615411524 4.97
498 0.7974806557427058 4.98
499 0.8239478411663083 4.99
500 0.8232987904895148 5
501 0.8483873735783388 5.01
502 0.8472541341680666 5.02
503 0.872721511860192 5.03
504 0.9012509718710668 5.04
505 0.8912956084227974 5.05
506 0.9435456514802664 5.06
507 0.9797214119813988 5.07
508 0.9715386916552116 5.08
509 0.9685190208965911 5.09
510 0.9907368443265044 5.100000000000001
511 1.038258956041759 5.11
512 1.04066851846749 5.12
513 1.089962440509663 5.13
514 1.102379196206732 5.14
515 1.128430224629611 5.15
516 1.124933087007118 5.16
517 1.139510800311013 5.17
518 1.191419377821812 5.18
519 1.197848003813591 5.19
520 1.221395903099974 5.2
521 1.221314046509228 5.21
522 1.225631297466353 5.22
523 1.277107305834707 5.23
524 1.302261308468243 5.24
525 1.335910253014642 5.25
526 1.325227768160212 5.26
527 1.361777913933688 5.27
528 1.391980253716174 5.28
529 1.388469996776277 5.29
530 1.437878776893643 5.3
531 1.457656016601806 5.31
532 1.44613199053652 5.32
533 1.487213625508254 5.33
534 1.507555777402452 5.34
535 1.537260432590471 5.350000000000001
536 1.553639843891051 5.36
537 1.5590798218818 5.37
538 1.584398810482162 5.38
539 1.5999318309988 5.39
540 1.654438768253377 5.4
541 1.686228844724361 5.41
542 1.700296167242965 5.42
543 1.682379153935234 5.43
544 1.699048665269648 5.44
545 1.723237935179684 5.45
546 1.729918017252706 5.46
547 1.715496155558628 5.47
548 1.805642161050748 5.48
549 1.813917111723488 5.49
550 1.810525223009485 5.5
551 1.821992871712479 5.51
552 1.853802418875194 5.52
553 1.855383145082171 5.53
554 1.85180392009478 5.54
555 1.883913038410777 5.55
556 1.923550662059192 5.56
557 1.894109160406769 5.57
558 1.888848894929294 5.58
559 1.973741877815625 5.59
560 1.937479346882274 5.600000000000001
561 1.934503805069575 5.61
562 1.944578481131692 5.62
563 1.939833193623919 5.63
564 1.959079025957024 5.64
565 1.959076826064328 5.65
566 1.996191842742668 5.66
567 1.992809374949714 5.67
568 1.994778761334132 5.68
569 1.975100001628529 5.69
570 1.956196372510629 5.7
571 1.990682422652617 5.71
572 1.984461536108319 5.72
573 1.957333222238446 5.73
574 2.010837147645625 5.74
575 1.997292944130069 5.75
576 1.964212444053473 5.76
577 1.976700339089082 5.77
578 1.965679463787893 5.78
579 1.959963451667022 5.79
580 1.968770670050609 5.8
581 1.955891892378677 5.81
582 1.948943954267698 5.82
583 1.956615528196261 5.83
584 1.949246058594529 5.84
585 1.969697526468283 5.850000000000001
586 1.937356741257991 5.86
587 1.933828313371545 5.87
588 1.935510809502088 5.88
589 1.916955855919521 5.89
590 1.938903462192625 5.9
591 2.072228908389424 5.91
592 2.133862563847083 5.92
593 2.040442525352802 5.93
594 2.10020649767838 5.94
595 2.198905717382149 5.95
596 2.211861922877861 5.96
597 2.146728632038335 5.97
598 1.998190022688316 5.98
599 2.088415607890915 5.99
600 2.17206830362611 6
601 2.24908620684897 6.01
602 2.344133826607801 6.02
603 2.220172429114577 6.03
604 2.110567954867041 6.04
605 2.091514089296058 6.05
606 2.158550220553469 6.06
607 2.23613782604005 6.07
608 2.383137371880606 6.08
609 2.272881162868625 6.09
610 2.212890012960655 6.100000000000001
611 2.228427484306745 6.11
612 2.300054716590072 6.12
613 2.270880227489831 6.13
614 2.272492380743453 6.140000000000001
615 2.258991485254159 6.15
616 2.20332032665413 6.16
617 2.2293754055563 6.17
618 2.289303008036522 6.18
619 2.225025773581062 6.19
620 2.191179953681176 6.2
621 2.274521857152665 6.21
622 2.317625803422135 6.22
623 2.279537756482192 6.23
624 2.328236676333886 6.24
625 2.296577552138781 6.25
626 2.258143450078227 6.26
627 2.279405191870774 6.27
628 2.211708482612785 6.28
629 2.25190952205917 6.29
630 2.210098687519182 6.3
631 2.148192550684639 6.31
632 2.195763809641612 6.32
633 2.192732006965315 6.33
634 2.079412568241411 6.34
635 2.06651545164629 6.350000000000001
636 2.030408683735242 6.36
637 2.044136031465479 6.37
638 2.061803209678421 6.38
639 2.068302304018363 6.390000000000001
640 2.05272480115011 6.4
641 1.984729699129408 6.41
642 1.924054467548137 6.42
643 1.885060216094407 6.43
644 1.895467284480183 6.44
645 1.841104608847724 6.45
646 1.802803356180916 6.46
647 1.782630273511391 6.47
648 1.71834945419345 6.48
649 1.599603090618226 6.49
650 1.581657397171113 6.5
651 1.580513383318181 6.51
652 1.569913029923944 6.52
653 1.573359809064952 6.53
654 1.56370107881937 6.54
655 1.506155287062375 6.55
656 1.430370186330723 6.56
657 1.382742366177151 6.57
658 1.356691927768944 6.58
659 1.314560933583815 6.59
660 1.303502825018482 6.600000000000001
661 1.2721169457765 6.61
662 1.223328424725129 6.62
663 1.141671141024233 6.63
664 1.143755350612091 6.640000000000001
665 1.144402234729579 6.65
666 1.09427307515578 6.66
667 1.067936086318112 6.67
668 1.062250440022438 6.68
669 1.018868003956727 6.69
670 1.019748589169861 6.7
671 1.009065602794931 6.71
672 0.955115816554418 6.72
673 0.9118050911553203 6.73
674 0.9272888008005531 6.74
675 0.9100395123825336 6.75
676 0.8571808206742739 6.76
677 0.8549960152873239 6.77
678 0.9052846872746507 6.78
679 0.8840530605003165 6.79
680 0.8229091953150532 6.8
681 0.841776508072522 6.81
682 0.8104583038967255 6.82
683 0.7050190129460369 6.83
684 0.7514654097058807 6.84
685 0.8408195496212719 6.850000000000001
686 0.8063029537725462 6.86
687 0.7803873080077114 6.87
688 0.7981681511520492 6.88
689 0.7852164685253892 6.890000000000001
690 0.7673808221861997 6.9
691 0.7491987694940987 6.91
692 0.7317829516954131 6.92
693 0.7025741663635162 6.93
694 0.7445407996930028 6.94
695 0.7429740354119819 6.95
696 0.7428011213908301 6.96
697 0.7948849972011752 6.97
698 0.7657658574379754 6.98
699 0.743964428590747 6.99
700 0.7442273671223625 7
701 0.7224852897736103 7.01
702 0.7595424673181153 7.02
703 0.7673826180258116 7.03
704 0.7930324848261174 7.04
705 0.8148257563751318 7.05
706 0.805182531928422 7.06
707 0.7891537740921458 7.07
708 0.7958941537615751 7.08
709 0.8328243033750046 7.09
710 0.8317459733705882 7.100000000000001
711 0.8311068449058212 7.11
712 0.8616101113641512 7.12
713 0.8929995025392611 7.13
714 0.9078880080100474 7.140000000000001
715 0.9022712554570733 7.15
716 0.9107264712003768 7.16
717 0.9431987679425626 7.17
718 0.9582938957664087 7.18
719 0.9913733735492841 7.19
720 0.9659578307472996 7.2
721 0.9934460378229978 7.21
722 1.032092125483168 7.22
723 1.055588015770282 7.23
724 1.093594077018022 7.24
725 1.089258194888361 7.25
726 1.094679767820302 7.26
727 1.118671026745601 7.27
728 1.102862973422087 7.28
729 1.143177405816457 7.29
730 1.173884128613265 7.3
731 1.202901294603405 7.31
732 1.210698479105386 7.32
733 1.236743661168349 7.33
734 1.266051343288286 7.34
735 1.288575356843132 7.350000000000001
736 1.287778978931271 7.36
737 1.325162264693433 7.37
738 1.343550493588222 7.38
739 1.373847829569281 7.390000000000001
740 1.389241866075105 7.4
741 1.412666535633752 7.41
742 1.422300217094035 7.42
743 1.46953483791478 7.43
744 1.532725759365692 7.44
745 1.539949346820839 7.45
746 1.55934538093941 7.46
747 1.607092938606637 7.47
748 1.62768313305552 7.48
749 1.646723521588594 7.49
750 1.696531968762748 7.5
751 1.74994136180971 7.51
752 1.80164208866687 7.52
753 1.80634554481375 7.53
754 1.832623960852301 7.54
755 1.863261156839612 7.55
756 1.924192557266416 7.56
757 1.946948233259322 7.57
758 1.954455757881193 7.58
759 1.982731859416221 7.59
760 1.974376764487104 7.600000000000001
761 2.017971929859752 7.61
762 2.073360054896256 7.62
763 2.109134351747763 7.63
764 2.093266020561882 7.640000000000001
765 2.123803013227374 7.65
766 2.125263122808208 7.66
767 2.153544843789344 7.67
768 2.146568851421663 7.68
769 2.17615270670486 7.69
770 2.159868507194667 7.7
771 2.183434880323374 7.71
772 2.15034838288954 7.72
773 2.181563066736009 7.73
774 2.191627076532578 7.74
775 2.187852797201115 7.75
776 2.195247460322828 7.76
777 2.177274591945226 7.77
778 2.108848536658636 7.78
779 2.132828950463976 7.79
780 2.188435563245867 7.8
781 2.178898583221085 7.81
782 2.145587840153741 7.82
783 2.157733975303842 7.83
784 2.096204475657085 7.84
785 2.068344727932064 7.850000000000001
786 2.046183107021176 7.86
787 2.05181521637759 7.87
788 2.072199071059603 7.88
789 2.053104713503665 7.890000000000001
790 2.063552076267336 7.9
791 2.026763567545922 7.91
792 2.005450464072794 7.92
793 1.995839861031559 7.930000000000001
794 1.991370656279055 7.94
795 1.978581198634036 7.95
796 1.989610423140508 7.96
797 2.004947847704442 7.97
798 1.979342495596997 7.98
799 1.953982609553921 7.99
800 1.898424792228266 8
801 1.898637478591134 8.01
802 1.985672487436634 8.02
803 2.063599577567115 8.029999999999999
804 2.046466820932799 8.040000000000001
805 2.03556005454886 8.050000000000001
806 2.05770680798837 8.06
807 2.177924469998686 8.07
808 2.17085429054865 8.08
809 2.159770149678554 8.09
810 2.066107621557975 8.1
811 2.127635252106589 8.109999999999999
812 2.202490318706223 8.120000000000001
813 2.245099554158935 8.130000000000001
814 2.085075357689 8.140000000000001
815 2.258236614006551 8.15
816 2.357055294697155 8.16
817 2.225964799695988 8.17
818 2.184580798521336 8.18
819 2.264772199584318 8.19
820 2.439448349855989 8.199999999999999
821 2.356162547698684 8.210000000000001
822 2.307186022018851 8.220000000000001
823 2.254773279707939 8.23
824 2.263004989547223 8.24
825 2.286387994955769 8.25
826 2.391391664269942 8.26
827 2.380570059395846 8.27
828 2.388864484261578 8.279999999999999
829 2.354408173365515 8.290000000000001
830 2.54463071561025 8.300000000000001
831 2.366965888636455 8.31
832 2.311486586309712 8.32
833 2.400221907048973 8.33
834 2.34048439131033 8.34
835 2.337462780260561 8.35
836 2.36238702642167 8.359999999999999
837 2.418589854653958 8.370000000000001
838 2.418739398738111 8.380000000000001
839 2.411168981446169 8.390000000000001
840 2.456393350532575 8.4
841 2.506098337524422 8.41
842 2.517623618800195 8.42
843 2.438228362135018 8.43
844 2.350496123981424 8.44
845 2.303982519828157 8.449999999999999
846 2.304003343817786 8.460000000000001
847 2.267895645319108 8.470000000000001
848 2.311418108749174 8.48
849 2.33232494130751 8.49
850 2.236778503274475 8.5
851 2.247940421884646 8.51
852 2.267068499036459 8.52
853 2.237362035046581 8.529999999999999
854 2.198115017010299 8.540000000000001
855 2.203154287138092 8.550000000000001
856 2.153309376799407 8.56
857 2.057101602060698 8.57
858 2.069595364595707 8.58
859 2.025997178930198 8.59
860 1.808438986166273 8.6
861 1.820646400483157 8.609999999999999
862 1.805535693132215 8.620000000000001
863 1.889104619177999 8.630000000000001
864 1.822425404865419 8.640000000000001
865 1.619546412502058 8.65
866 1.593747908492682 8.66
867 1.658229257593159 8.67
868 1.820092963768372 8.68
869 1.710735206806189 8.69
870 1.557086424972998 8.700000000000001
871 1.419193426592301 8.710000000000001
872 1.351810295760091 8.720000000000001
873 1.282221228345291 8.73
874 1.32594221457171 8.74
875 1.268023180136727 8.75
876 1.244914042251879 8.76
877 1.186407776600993 8.77
878 1.149817505060073 8.779999999999999
879 1.087655871971698 8.790000000000001
880 1.073069977772644 8.800000000000001
881 1.065542199051727 8.81
882 1.047629669813163 8.82
883 1.039511250644679 8.83
884 1.014258817528383 8.84
885 0.9960220699169479 8.85
886 0.9864990224538531 8.859999999999999
887 0.9532985682478705 8.870000000000001
888 0.9289205360403313 8.880000000000001
889 0.9392096868666152 8.890000000000001
890 0.9278755799113494 8.9
891 0.8723254435014292 8.91
892 0.885499920074807 8.92
893 0.8807766366944042 8.93
894 0.826128868689196 8.94
895 0.8220949904935296 8.950000000000001
896 0.8236035628998418 8.960000000000001
897 0.8236992835745987 8.970000000000001
898 0.7814886032488759 8.98
899 0.803352785628185 8.99
900 0.8417690728871644 9
901 0.7633680755529052 9.01
902 0.7857693751972725 9.02
903 0.8012676996728841 9.029999999999999
904 0.7502891923074116 9.040000000000001
905 0.7342639699045734 9.050000000000001
906 0.746491845396564 9.06
907 0.7322256534058112 9.07
908 0.7285736341588563 9.08
909 0.7541977949614216 9.09
910 0.7566073348016292 9.1
911 0.7512544396653411 9.109999999999999
912 0.7303444398276607 9.120000000000001
913 0.7405158524815701 9.130000000000001
914 0.7464178886378831 9.140000000000001
915 0.7478903862596035 9.15
916 0.7554596579705533 9.16
917 0.7539443843570321 9.17
918 0.7367253750794909 9.18
919 0.7688002498515174 9.19
920 0.7725071760636129 9.200000000000001
921 0.784261554993259 9.210000000000001
922 0.7724521278172715 9.220000000000001
923 0.7846450283073004 9.23
924 0.8176340621520569 9.24
925 0.8479267066664441 9.25
926 0.8441238698612041 9.26
927 0.8659398017194478 9.27
928 0.8842181887207653 9.279999999999999
929 0.8852553889828353 9.290000000000001
930 0.8909193384221323 9.300000000000001
931 0.904812734005855 9.31
932 0.9470834893630149 9.32
933 0.9465643833705241 9.33
934 0.9709599874812511 9.34
935 0.97786721597124 9.35
936 1.018459991731691 9.359999999999999
937 1.050061786735556 9.370000000000001
938 1.053303649617376 9.380000000000001
939 1.073584542003482 9.390000000000001
940 1.036053082355674 9.4
941 1.040689348727642 9.41
942 1.093076751633147 9.42
943 1.139735523620125 9.43
944 1.224369655991711 9.44
945 1.290000231585947 9.450000000000001
946 1.285192036845751 9.460000000000001
947 1.224111102559394 9.470000000000001
948 1.297990509656192 9.48
949 1.289226366333655 9.49
950 1.356074776090256 9.5
951 1.392537191821253 9.51
952 1.386242395208143 9.52
953 1.410774851643012 9.529999999999999
954 1.442557659072432 9.540000000000001
955 1.445270274253187 9.550000000000001
956 1.468694284505482 9.56
957 1.458237240581603 9.57
958 1.454034643293042 9.58
959 1.519026491988729 9.59
960 1.702329051240614 9.6
961 1.687125707974352 9.609999999999999
962 1.653888431744799 9.620000000000001
963 1.654466666276326 9.630000000000001
964 1.602510967064581 9.640000000000001
965 1.638569946310594 9.65
966 1.671663271585726 9.66
967 1.7154987566708 9.67
968 1.746963879971764 9.68
969 1.778633838148523 9.69
970 1.750407230460985 9.700000000000001
971 1.776661036670958 9.710000000000001
972 1.813571406322887 9.720000000000001
973 1.840674303704805 9.73
974 1.85313807981771 9.74
975 1.862865501938416 9.75
976 1.850172406615672 9.76
977 1.847180546947696 9.77
978 1.880094090250101 9.779999999999999
979 1.914833567730629 9.790000000000001
980 1.925360727143204 9.800000000000001
981 1.902530506398375 9.81
982 1.910856284977279 9.82
983 1.982380660513957 9.83
984 1.982102987969162 9.84
985 2.002355776451329 9.85
986 2.052900355344452 9.859999999999999
987 2.020363268749898 9.870000000000001
988 1.994133685980783 9.880000000000001
989 2.046505388028105 9.890000000000001
990 2.006313002468614 9.9
991 1.949988984960542 9.91
992 1.967190496561317 9.92
993 1.997653478186809 9.93
994 1.995031284298785 9.94
995 2.042168713869209 9.950000000000001
996 2.003768660776256 9.960000000000001
997 2.008127526919179 9.970000000000001
998 2.029511616048341 9.98
999 2.02349456998377 9.99
1000 1.978633616693577 10
1001 1.982274191988569 10.01
1002 1.99122062737033 10.02
1003 1.977957981445716 10.03
1004 1.967379156437595 10.04
1005 1.967036868584367 10.05
1006 1.994898399336924 10.06
1007 1.996648734290416 10.07
1008 2.008518659869813 10.08
1009 1.917392965310754 10.09
1010 1.888116187353711 10.1
1011 1.935263692837708 10.11
1012 2.036773125351841 10.12
1013 1.955493294784895 10.13
1014 2.049536008122434 10.14
1015 1.980009279162764 10.15
1016 2.035971657185287 10.16
1017 1.904904580478093 10.17
1018 1.959192513176905 10.18
1019 2.040581457628186 10.19
1020 2.191411324609064 10.2
1021 2.225562104803674 10.21
1022 2.152459946975562 10.22
1023 2.143442556344193 10.23
1024 2.217047759901176 10.24
1025 2.2396601927948 10.25
1026 2.267446042243903 10.26
1027 2.34278793454934 10.27
1028 2.273180466491816 10.28
1029 2.257240606882146 10.29
1030 2.328312872934312 10.3
1031 2.318581748097051 10.31
1032 2.348186228569082 10.32
1033 2.394745359523017 10.33
1034 2.328370017355491 10.34
1035 2.316987408192722 10.35
1036 2.336249084812006 10.36
1037 2.41557897095693 10.37
1038 2.48501588573016 10.38
1039 2.432842953209683 10.39
1040 2.309674187425771 10.4
1041 2.405742465770442 10.41
1042 2.440722014995768 10.42
1043 2.360271301896196 10.43
1044 2.323105875502282 10.44
1045 2.423764569010894 10.45
1046 2.356103850565881 10.46
1047 2.328302996808189 10.47
1048 2.399844600446086 10.48
1049 2.414337289897371 10.49
1050 2.251235988365937 10.5
1051 2.403308619378677 10.51
1052 2.398372971942522 10.52
1053 2.310602211733225 10.53
1054 2.32480884041292 10.54
1055 2.336547271888864 10.55
1056 2.295388677330296 10.56
1057 2.270507876847378 10.57
1058 2.350294492180282 10.58
1059 2.256781501797423 10.59
1060 2.200980592867655 10.6
1061 2.245373202341169 10.61
1062 2.319349276796984 10.62
1063 2.290818669615279 10.63
1064 2.095474585547212 10.64
1065 2.06490821527269 10.65
1066 2.003969569125563 10.66
1067 2.029733787447416 10.67
1068 2.09402081943468 10.68
1069 2.132325600618778 10.69
1070 2.053916600413476 10.7
1071 1.989296992224016 10.71
1072 1.926539111888025 10.72
1073 1.912773825875226 10.73
1074 1.855480346163881 10.74
1075 1.909946474029208 10.75
1076 1.860202522091025 10.76
1077 1.777723943967745 10.77
1078 1.763281864993768 10.78
1079 1.697106142183946 10.79
1080 1.605110089797974 10.8
1081 1.584274210131446 10.81
1082 1.626168733535639 10.82
1083 1.574038102177205 10.83
1084 1.591317954588803 10.84
1085 1.528417905583998 10.85
1086 1.469346080177591 10.86
1087 1.402497044907418 10.87
1088 1.386966275108785 10.88
1089 1.381225147571052 10.89
1090 1.367594769580588 10.9
1091 1.29063324660604 10.91
1092 1.286275703999827 10.92
1093 1.192888492736347 10.93
1094 1.144088236104547 10.94
1095 1.174493893278267 10.95
1096 1.186404828374459 10.96
1097 1.111742883221511 10.97
1098 1.106102057527099 10.98
1099 1.073878003152433 10.99
1100 1.037480837373636 11
1101 1.001309182948785 11.01
1102 0.9500900408474632 11.02
1103 0.9433428911882097 11.03
1104 0.9443166888297372 11.04
1105 0.9468663058926237 11.05
1106 0.902392211102979 11.06
1107 0.9005933229692065 11.07
1108 0.8736545287488362 11.08
1109 0.8965064764641947 11.09
1110 0.8606924274821036 11.1
1111 0.8419160382939248 11.11
1112 0.8544506225972323 11.12
1113 0.7641847854232034 11.13
1114 0.7731934912995548 11.14
1115 0.80656533568859 11.15
1116 0.7691478991614045 11.16
1117 0.7849489939325751 11.17
1118 0.774991216792789 11.18
1119 0.7580051295758898 11.19
1120 0.7756190197489606 11.2
1121 0.7290428310119029 11.21
1122 0.7411110260945327 11.22
1123 0.7453057755681604 11.23
1124 0.7566711235734112 11.24
1125 0.7677665629119633 11.25
1126 0.7637027543012003 11.26
1127 0.7684588398108387 11.27
1128 0.7911399224545799 11.28
1129 0.749780257174414 11.29
1130 0.7478515824695903 11.3
1131 0.7668128868506516 11.31
1132 0.773931365257655 11.32
1133 0.7693307335894621 11.33
1134 0.7899769407042876 11.34
1135 0.7961979299046453 11.35
1136 0.8010628869062751 11.36
1137 0.8150632378658152 11.37
1138 0.8247013644707986 11.38
1139 0.8310993147020018 11.39
1140 0.8235127667662213 11.4
1141 0.8431231328024975 11.41
1142 0.8806883968967977 11.42
1143 0.9015737738567711 11.43
1144 0.9157563445296741 11.44
1145 0.9013652414553945 11.45
1146 0.9127033843833947 11.46
1147 0.930718392264365 11.47
1148 0.9616864285849124 11.48
1149 0.9809216140670719 11.49
1150 0.9726245012910496 11.5
1151 1.012862351707852 11.51
1152 1.034176425689854 11.52
1153 1.025264157411636 11.53
1154 1.070937128075294 11.54
1155 1.074204515803778 11.55
1156 1.085294193282431 11.56
1157 1.092348626609504 11.57
1158 1.132361997116612 11.58
1159 1.13444738718658 11.59
1160 1.16169414789495 11.6
1161 1.210413391957774 11.61
1162 1.197479028119578 11.62
1163 1.231310938119396 11.63
1164 1.241306128152956 11.64
1165 1.274707373422187 11.65
1166 1.281907095048865 11.66
1167 1.324971455844686 11.67
1168 1.334190808244084 11.68
1169 1.350297679097525 11.69
1170 1.381582514999654 11.7
1171 1.424419478761193 11.71
1172 1.427320908872425 11.72
1173 1.474130497956434 11.73
1174 1.526335906282659 11.74
1175 1.543085411073523 11.75
1176 1.54468844930359 11.76
1177 1.59933127984982 11.77
1178 1.625208515750228 11.78
1179 1.629252154203249 11.79
1180 1.683284095795855 11.8
1181 1.741063981151687 11.81
1182 1.769640516637126 11.82
1183 1.780238767898785 11.83
1184 1.82039277051325 11.84
1185 1.855402724624629 11.85
1186 1.891968541591933 11.86
1187 1.941823549008792 11.87
1188 1.916007580784489 11.88
1189 1.94253482005621 11.89
1190 1.95024711412757 11.9
1191 1.944862738293556 11.91
1192 1.98143565672359 11.92
1193 2.037058508976433 11.93
1194 2.087284579478452 11.94
1195 2.066261918309056 11.95
1196 2.083986538557694 11.96
1197 2.080180118939927 11.97
1198 2.063339665905427 11.98
1199 2.109515765321343 11.99
1200 2.107479418287858 12
1201 2.095727834298994 12.01
1202 2.091018201149907 12.02
1203 2.094669833529923 12.03
1204 2.115548404835416 12.04
1205 2.068218788347068 12.05
1206 2.029540072023928 12.06
1207 2.058818931259863 12.07
1208 2.04359703860278 12.08
1209 2.050035092095555 12.09
1210 2.058752787881515 12.1
1211 2.043839320347709 12.11
1212 2.029758144609187 12.12
1213 2.053242134607803 12.13
1214 2.050793232476944 12.14
1215 1.965213271749356 12.15
1216 1.936790862863707 12.16
1217 1.94800966461909 12.17
1218 1.976414007031319 12.18
1219 1.934284404583126 12.19
1220 1.914791455836018 12.2
1221 1.89857803576399 12.21
1222 1.87421043836869 12.22
1223 1.905838473621008 12.23
1224 1.921231302285016 12.24
1225 1.923518505557494 12.25
1226 1.855370401219929 12.26
1227 1.900528751734268 12.27
1228 1.916930976130661 12.28
1229 1.925851652415715 12.29
1230 1.880107954647057 12.3
1231 1.918775011709408 12.31
1232 1.844027595482343 12.32
1233 1.928949497978987 12.33
1234 1.917582678703999 12.34
1235 1.9174524130474 12.35
1236 1.915090884422649 12.36
1237 2.076165289202987 12.37
1238 2.063927629579353 12.38
1239 2.186053785627668 12.39
1240 2.211411775691196 12.4
1241 2.190013532448646 12.41
1242 2.130992946724624 12.42
1243 2.136495067497669 12.43
1244 2.132250757889012 12.44
1245 2.123857236743713 12.45
1246 2.198293359843488 12.46
1247 2.206047551952972 12.47
1248 2.198435819703015 12.48
1249 2.216965761397712 12.49
1250 2.28795155816628 12.5
1251 2.283717199494085 12.51
1252 2.258706306276434 12.52
1253 2.292317204520638 12.53
1254 2.317525361255929 12.54
1255 2.328593993164247 12.55
1256 2.331502280457077 12.56
1257 2.364647948667729 12.57
1258 2.33584537230817 12.58
1259 2.333654696607274 12.59
1260 2.362794698287206 12.6
1261 2.353331041921023 12.61
1262 2.393049572000268 12.62
1263 2.468300812835719 12.63
1264 2.469652445994718 12.64
1265 2.366034979906262 12.65
1266 2.386332256772807 12.66
1267 2.449885678472717 12.67
1268 2.416483514624561 12.68
1269 2.393722579499965 12.69
1270 2.428059577116034 12.7
1271 2.388462488219987 12.71
1272 2.408381022576387 12.72
1273 2.409657734211521 12.73
1274 2.394797429370234 12.74
1275 2.353504747010216 12.75
1276 2.344697505368552 12.76
1277 2.377263069744737 12.77
1278 2.352311864142128 12.78
1279 2.363988936702086 12.79
1280 2.341294880808833 12.8
1281 2.25065349786411 12.81
1282 2.298956399864734 12.82
1283 2.30853337146546 12.83
1284 2.289235289148837 12.84
1285 2.258953612964717 12.85
1286 2.187787936903201 12.86
1287 2.11333882228192 12.87
1288 2.081631600769755 12.88
1289 2.037719131487313 12.89
1290 1.984142318373551 12.9
1291 1.917204249832346 12.91
1292 1.916609233953347 12.92
1293 1.887769236618081 12.93
1294 1.820600189494974 12.94
1295 1.726166479982912 12.95
1296 1.684394249484737 12.96
1297 1.673321859906629 12.97
1298 1.626824751625251 12.98
1299 1.576018643997664 12.99
1300 1.529042363290116 13
1301 1.503557904121795 13.01
1302 1.401117913688651 13.02
1303 1.372003521535229 13.03
1304 1.352604407607401 13.04
1305 1.313739984648296 13.05
1306 1.232716681584314 13.06
1307 1.193230587528086 13.07
1308 1.175514012456787 13.08
1309 1.075502148186007 13.09
1310 1.053061658374722 13.1
1311 1.05279831252398 13.11
1312 1.004853827896076 13.12
1313 1.044480258267428 13.13
1314 1.017023517658533 13.14
1315 1.00612478407105 13.15
1316 0.9820862654407801 13.16
1317 0.9458153890002514 13.17
1318 0.9546006619128755 13.18
1319 0.9468602851611324 13.19
1320 0.937100887377364 13.2
1321 0.9293421808347594 13.21
1322 0.8711448569058299 13.22
1323 0.8642128553709212 13.23
1324 0.8467861254700239 13.24
1325 0.8335049328964512 13.25
1326 0.8442043560182954 13.26
1327 0.842130600804803 13.27
1328 0.794372783023185 13.28
1329 0.7986795732783336 13.29
1330 0.8295395654211702 13.3
1331 0.7981116014181897 13.31
1332 0.7724407367468847 13.32
1333 0.7853765018767456 13.33
1334 0.7720842249529931 13.34
1335 0.7512769847804585 13.35
1336 0.7430378300147926 13.36
1337 0.7473522228606417 13.37
1338 0.739754818029988 13.38
1339 0.7381978903717257 13.39
1340 0.7478467495834896 13.4
1341 0.758621706461751 13.41
1342 0.7327594257358933 13.42
1343 0.7491429460293827 13.43
1344 0.7658512935997723 13.44
1345 0.7360448094386278 13.45
1346 0.7401420572018444 13.46
1347 0.7493015167267473 13.47
1348 0.738468424143551 13.48
1349 0.7587501262740038 13.49
1350 0.7681140598197695 13.5
1351 0.7644879890833958 13.51
1352 0.7834561261899228 13.52
1353 0.8130864987068324 13.53
1354 0.8316227291634634 13.54
1355 0.8200750903042408 13.55
1356 0.8359885998626418 13.56
1357 0.8672871559823624 13.57
1358 0.8765508727069744 13.58
1359 0.8800853733643735 13.59
1360 0.8953706080131718 13.6
1361 0.9150997130036886 13.61
1362 0.9503259047995509 13.62
1363 0.9629733416653043 13.63
1364 0.966329533611346 13.64
1365 1.000640685107408 13.65
1366 1.024482857515634 13.66
1367 1.050192555324726 13.67
1368 1.068547064958808 13.68
1369 1.077090800264743 13.69
1370 1.081561613770213 13.7
1371 1.125273449409221 13.71
1372 1.164444661806141 13.72
1373 1.180481153917068 13.73
1374 1.234285550781414 13.74
1375 1.264250975658989 13.75
1376 1.269250645939683 13.76
1377 1.258758540743404 13.77
1378 1.297171018706924 13.78
1379 1.34258637102528 13.79
1380 1.357241138033194 13.8
1381 1.361234448044444 13.81
1382 1.403300345596929 13.82
1383 1.383040458620271 13.83
1384 1.404520274305337 13.84
1385 1.455671738603271 13.85
1386 1.52287362033211 13.86
1387 1.518537703399184 13.87
1388 1.546400117915258 13.88
1389 1.621958938326718 13.89
1390 1.643259730681369 13.9
1391 1.57666476881632 13.91
1392 1.612941064126881 13.92
1393 1.626044440682479 13.93
1394 1.636006145903302 13.94
1395 1.666767294175033 13.95
1396 1.749491675913976 13.96
1397 1.784060640666927 13.97
1398 1.803100618974607 13.98
1399 1.795730896907044 13.99
1400 1.812358095535448 14
1401 1.816789818937944 14.01
1402 1.847962911035103 14.02
1403 1.830238646661011 14.03
1404 1.850122026959506 14.04
1405 1.882595089081064 14.05
1406 1.896086403342858 14.06
1407 1.867800753891823 14.07
1408 1.88266487147745 14.08
1409 1.890392046432634 14.09
1410 1.921926951206362 14.1
1411 1.911410648626586 14.11
1412 1.928077862689141 14.12
1413 1.970767369022376 14.13
1414 2.015619452716345 14.14
1415 1.979922850838142 14.15
1416 1.978024750495907 14.16
1417 1.973540935311074 14.17
1418 1.961194079777992 14.18
1419 1.960199517797907 14.19
1420 1.975967986339809 14.2
1421 1.940601201248949 14.21
1422 1.954324318840224 14.22
1423 1.929698054830685 14.23
1424 1.929412337276158 14.24
1425 1.976326560505881 14.25
1426 1.981402624475025 14.26
1427 1.972482990753077 14.27
1428 1.997608266218927 14.28
1429 1.987647353883316 14.29
1430 1.960827472320784 14.3
1431 1.93038008673854 14.31
1432 1.979764128749286 14.32
1433 1.937997572190157 14.33
1434 1.947927865860003 14.34
1435 1.958082697181559 14.35
1436 1.932938178936346 14.36
1437 1.903985887735235 14.37
1438 1.898325626285483 14.38
1439 1.927844001947245 14.39
1440 1.740959372427126 14.4
1441 1.864733725029765 14.41
1442 1.873525432803606 14.42
1443 1.89838025007385 14.43
1444 1.998573388973128 14.44
1445 1.926695991451568 14.45
1446 1.939917734381369 14.46
1447 1.967610049898365 14.47
1448 1.886403114441464 14.48
1449 2.002347007952329 14.49
1450 1.965934314176239 14.5
1451 2.054741202160914 14.51
1452 2.031798920370264 14.52
1453 1.959362268337218 14.53
1454 2.162563911070276 14.54
1455 2.256897558652087 14.55
1456 2.206259438617932 14.56
1457 2.081348038416756 14.57
1458 2.133674264774926 14.58
1459 2.035292433109881 14.59
1460 2.43800937855492 14.6
1461 2.472422002273438 14.61
1462 2.374914706077327 14.62
1463 2.247367362865786 14.63
1464 2.212342520114006 14.64
1465 2.154060481585821 14.65
1466 2.218549740927403 14.66
1467 2.215367497325445 14.67
1468 2.317840632257925 14.68
1469 2.322682948533222 14.69
1470 2.234561386871692 14.7
1471 2.323514189963976 14.71
1472 2.345103656130882 14.72
1473 2.325052766343141 14.73
1474 2.224414439855783 14.74
1475 2.266755878413476 14.75
1476 2.29569350559474 14.76
1477 2.268340926378197 14.77
1478 2.325985889157439 14.78
1479 2.267089008770014 14.79
1480 2.222899226414341 14.8
1481 2.271694540725836 14.81
1482 2.342881133154737 14.82
1483 2.233546677348944 14.83
1484 2.198505579971739 14.84
1485 2.258811972075643 14.85
1486 2.204137576431008 14.86
1487 2.26371519932504 14.87
1488 2.243646471699171 14.88
1489 2.199967340714985 14.89
1490 2.196556771340827 14.9
1491 2.153791231984691 14.91
1492 2.196395696265646 14.92
1493 2.103364615442604 14.93
1494 2.066592340827607 14.94
1495 2.065211328480097 14.95
1496 2.01102647507177 14.96
1497 1.965895045042095 14.97
1498 2.005274683042497 14.98
1499 2.097436293616382 14.99
1500 2.048702945840323 15
1501 1.937961523939452 15.01
1502 1.879797049150379 15.02
1503 1.839304626233527 15.03
1504 1.775716853486759 15.04
1505 1.770879650327554 15.05
1506 1.764121956987747 15.06
1507 1.750941186453506 15.07
1508 1.737002265898834 15.08
1509 1.652266463827716 15.09
1510 1.583389530687861 15.1
1511 1.579183249040839 15.11
1512 1.563368392708689 15.12
1513 1.505250897040167 15.13
1514 1.516248472018779 15.14
1515 1.490149854031687 15.15
1516 1.439117279769878 15.16
1517 1.364899954087734 15.17
1518 1.360464414757054 15.18
1519 1.35764904985778 15.19
1520 1.307788122678745 15.2
1521 1.173104990179188 15.21
1522 1.195482007600902 15.22
1523 1.202221359330546 15.23
1524 1.209058638950851 15.24
1525 1.175552518125224 15.25
1526 1.15906920533983 15.26
1527 1.075215654191745 15.27
1528 1.058294649337859 15.28
1529 1.034340590462181 15.29
1530 0.9799864831879836 15.3
1531 0.9194077396976629 15.31
1532 0.9788677054738355 15.32
1533 0.9656737297786291 15.33
1534 0.9074301009115722 15.34
1535 0.8690401886181132 15.35
1536 0.8997479661857656 15.36
1537 0.8624217892258101 15.37
1538 0.8211672633815675 15.38
1539 0.8861279127468855 15.39
1540 0.8343234949340806 15.4
1541 0.7992428300599229 15.41
1542 0.7682382288660002 15.42
1543 0.7611309140323455 15.43
1544 0.7974312276177754 15.44
1545 0.7754040836208993 15.45
1546 0.7593491466864448 15.46
1547 0.7601189312178169 15.47
1548 0.765123848438412 15.48
1549 0.7730700956357514 15.49
1550 0.7605559268789929 15.5
1551 0.7320276365730252 15.51
1552 0.7358689717723391 15.52
1553 0.7385294106456505 15.53
1554 0.7296853890431114 15.54
1555 0.7529740920355131 15.55
1556 0.771040630728191 15.56
1557 0.7511999681653742 15.57
1558 0.7786048197476609 15.58
1559 0.7502362860827284 15.59
1560 0.7302311109979496 15.6
1561 0.7589461482041515 15.61
1562 0.7584765028748982 15.62
1563 0.7916369448554765 15.63
1564 0.8239742465478682 15.64
1565 0.8212918020797856 15.65
1566 0.8100117641568035 15.66
1567 0.822461013737278 15.67
1568 0.8364623937079768 15.68
1569 0.8275510717404518 15.69
1570 0.8457884784618797 15.7
1571 0.8749123777652033 15.71
1572 0.8862292177457628 15.72
1573 0.9088528101886191 15.73
1574 0.9243455182929904 15.74
1575 0.9274563673110804 15.75
1576 0.9227940631178891 15.76
1577 0.9468892864076036 15.77
1578 0.9640835101903741 15.78
1579 0.9696683860578358 15.79
1580 0.9700931172516578 15.8
1581 1.005896266950178 15.81
1582 1.024154089521813 15.82
1583 1.035170146593456 15.83
1584 1.065347813734862 15.84
1585 1.094237865524382 15.85
1586 1.098866917728034 15.86
1587 1.110134532874855 15.87
1588 1.135933927654118 15.88
1589 1.143462208905265 15.89
1590 1.178131839707337 15.9
1591 1.208477441550221 15.91
1592 1.246189429586968 15.92
1593 1.258528524452664 15.93
1594 1.290589708266497 15.94
1595 1.306742957908226 15.95
1596 1.312674380405869 15.96
1597 1.348083366100491 15.97
1598 1.369067385860078 15.98
1599 1.391334784002707 15.99
1600 1.437064178978172 16
1601 1.470023162133073 16.01
1602 1.509172665933464 16.02
1603 1.547287352834832 16.03
1604 1.594599914057297 16.04
1605 1.621915515971867 16.05
1606 1.620063143042227 16.06
1607 1.627781401200349 16.07
1608 1.65940338427629 16.08
1609 1.704389804633677 16.09
1610 1.750435834457817 16.1
1611 1.824794257196787 16.11
1612 1.843020677162396 16.12
1613 1.847113200720561 16.13
1614 1.881744013044454 16.14
1615 1.901663774914032 16.15
1616 1.918844449830551 16.16
1617 1.969574560616329 16.17
1618 1.991382808504823 16.18
1619 1.989822595276845 16.19
1620 1.840286814463636 16.2
1621 1.945037940068592 16.21
1622 2.016577231025255 16.22
1623 2.039093300722745 16.23
1624 2.124081484417256 16.24
1625 2.074361363662644 16.25
1626 2.195477687686628 16.26
1627 2.091078286068867 16.27
1628 2.089591964335184 16.28
1629 2.117483443639511 16.29
1630 2.095929875764312 16.3
1631 2.048105160953286 16.31
1632 2.176212347430775 16.32
1633 2.074489243257189 16.33
1634 2.072415392654332 16.34
1635 2.114542068688843 16.35
1636 2.025362725110361 16.36
1637 2.011497654354867 16.37
1638 2.002562040612344 16.38
1639 2.070085184868011 16.39
1640 2.01775921752099 16.4
1641 1.986290466075517 16.41
1642 2.056940067734267 16.42
1643 1.916763055853792 16.43
1644 1.965776097777123 16.44
1645 2.002539087700156 16.45
1646 1.94869434659326 16.46
1647 2.02043058695943 16.47
1648 2.08519783158793 16.48
1649 1.896149516202297 16.49
1650 1.809543080719479 16.5
1651 1.775771369731403 16.51
1652 1.882077774115843 16.52
1653 1.850777592212505 16.53
1654 1.868723796473851 16.54
1655 1.895079431694335 16.55
1656 1.887048106136175 16.56
1657 1.876812986985328 16.57
1658 2.091388958999859 16.58
1659 1.859614884297257 16.59
1660 1.877004905216253 16.6
1661 1.917309344600651 16.61
1662 1.873344181662438 16.62
1663 1.852774922295745 16.63
1664 1.927242004224347 16.64
1665 1.898734738042011 16.65
1666 1.955934355867094 16.66
1667 1.977478017547767 16.67
1668 1.994654684721396 16.68
1669 2.02215909226432 16.69
1670 2.085472158227203 16.7
1671 2.112669241182268 16.71
1672 2.056744625576198 16.72
1673 2.074299756957356 16.73
1674 2.091233608095357 16.74
1675 2.098981318675182 16.75
1676 2.099890347546976 16.76
1677 2.168555273381076 16.77
1678 2.244789821536053 16.78
1679 2.121560979389154 16.79
1680 1.945005746510346 16.8
1681 1.935661307891476 16.81
1682 2.066659639609675 16.82
1683 2.138494568179382 16.83
1684 2.314788285688814 16.84
1685 2.242555645008238 16.85
1686 2.165190463961091 16.86
1687 2.324762738394829 16.87
1688 2.324301169792637 16.88
1689 2.249380237034298 16.89
1690 2.160176010382671 16.9
1691 2.211245851029357 16.91
1692 2.400290085645085 16.92
1693 2.431499786972537 16.93
1694 2.34376726391088 16.94
1695 2.340090666653016 16.95
1696 2.27596255987471 16.96
1697 2.299463861131784 16.97
1698 2.267610697662989 16.98
1699 2.383669721489482 16.99
1700 2.357413402798139 17
1701 2.328103149471663 17.01
1702 2.401622863557872 17.02
1703 2.394319757793595 17.03
1704 2.302009204655062 17.04
1705 2.296403646234508 17.05
1706 2.252663513377614 17.06
1707 2.197542175148 17.07
1708 2.230946099527952 17.08
1709 2.190430315463829 17.09
1710 2.270561243674026 17.1
1711 2.281906294813841 17.11
1712 2.267346984168632 17.12
1713 2.22116375707774 17.13
1714 2.19328034701382 17.14
1715 2.167158511490656 17.15
1716 2.119037090529332 17.16
1717 2.088909167123699 17.17
1718 2.003001185944787 17.18
1719 1.939398170177832 17.19
1720 1.804716243488813 17.2
1721 1.862495709992732 17.21
1722 1.859660989158201 17.22
1723 1.831001073450227 17.23
1724 1.735370479251628 17.24
1725 1.622390988899794 17.25
1726 1.655353823513889 17.26
1727 1.665192444210165 17.27
1728 1.68502664920776 17.28
1729 1.586691563510807 17.29
1730 1.442790459881528 17.3
1731 1.409103774621896 17.31
1732 1.382278088952277 17.32
1733 1.323183725632012 17.33
1734 1.307541080976316 17.34
1735 1.270843348080528 17.35
1736 1.150363319440552 17.36
1737 1.072442045239419 17.37
1738 1.14721196829334 17.38
1739 1.073491056730917 17.39
1740 1.051810579074393 17.4
1741 1.016862993933209 17.41
1742 0.9926979866607289 17.42
1743 1.037327693432779 17.43
1744 1.035271757919964 17.44
1745 1.002774291670438 17.45
1746 0.9907573967593307 17.46
1747 0.9248488736343045 17.47
1748 0.8630530843016267 17.48
1749 0.9194982438946279 17.49
1750 0.9387287891879084 17.5
1751 0.8446663677025336 17.51
1752 0.85333950481308 17.52
1753 0.8809562304397808 17.53
1754 0.933459847824555 17.54
1755 0.8257633582504857 17.55
1756 0.8327478013634629 17.56
1757 0.7055997247890288 17.57
1758 0.8293781834104937 17.58
1759 0.8564175908856225 17.59
1760 0.861592269670042 17.6
1761 0.806201811854102 17.61
1762 0.7384320635932675 17.62
1763 0.7512251133404768 17.63
1764 0.7687855930325693 17.64
1765 0.733632387944492 17.65
1766 0.7408666272337723 17.66
1767 0.7661149227880989 17.67
1768 0.7477752067418424 17.68
1769 0.7570618301122627 17.69
1770 0.7299266895134054 17.7
1771 0.7529879231873652 17.71
1772 0.7448749162032163 17.72
1773 0.7548232127436043 17.73
1774 0.7670317210475428 17.74
1775 0.7403995128685898 17.75
1776 0.7449881331029065 17.76
1777 0.7467915740506341 17.77
1778 0.7430012938315238 17.78
1779 0.7491505829796974 17.79
1780 0.7645661201757976 17.8
1781 0.7651609419188213 17.81
1782 0.7887657426403376 17.82
1783 0.8097332297633253 17.83
1784 0.8421783052957902 17.84
1785 0.8162365846603947 17.85
1786 0.8415168671005191 17.86
1787 0.8633557917721603 17.87
1788 0.8866499749921041 17.88
1789 0.9020176961144838 17.89
1790 0.8996917084599634 17.9
1791 0.9206548570793738 17.91
1792 0.9343595397765024 17.92
1793 0.9646537801835463 17.93
1794 0.973676285217003 17.94
1795 0.9892140541228996 17.95
1796 1.022221471691553 17.96
1797 1.043802751790419 17.97
1798 1.055197620414601 17.98
1799 1.079669091780122 17.99
1800 1.078315871751955 18
1801 1.098516837047091 18.01
1802 1.122765534880919 18.02
1803 1.154165487008914 18.03
1804 1.199032032257039 18.04
1805 1.22954269769954 18.05
1806 1.268616836836616 18.06
1807 1.292362631457092 18.07
1808 1.330804967173072 18.08
1809 1.335359828553927 18.09
1810 1.346415053347249 18.1
1811 1.370782580765721 18.11
1812 1.412786968886243 18.12
1813 1.426659136752669 18.13
1814 1.452319604580295 18.14
1815 1.444309087857371 18.15
1816 1.454313185632815 18.16
1817 1.469769241902169 18.17
1818 1.504863044031306 18.18
1819 1.545996835740198 18.19
1820 1.590067905322953 18.2
1821 1.603992537016061 18.21
1822 1.605873740328638 18.22
1823 1.624182394105721 18.23
1824 1.644011882871849 18.24
1825 1.673516783042313 18.25
1826 1.712359445637927 18.26
1827 1.731761152110815 18.27
1828 1.730915072350127 18.28
1829 1.736634959054478 18.29
1830 1.784006904971579 18.3
1831 1.752783089239003 18.31
1832 1.792480516375698 18.32
1833 1.82312075445549 18.33
1834 1.837087026662913 18.34
1835 1.831559957465152 18.35
1836 1.856111486602164 18.36
1837 1.894464560390923 18.37
1838 1.858693281395438 18.38
1839 1.876396948316288 18.39
1840 1.896259950514612 18.4
1841 1.932354438387599 18.41
1842 1.899014488253309 18.42
1843 1.937642577809768 18.43
1844 2.015657453930725 18.44
1845 2.011716415320371 18.45
1846 1.917062336191557 18.46
1847 1.97513063337516 18.47
1848 1.981144259874603 18.48
1849 1.978520409797361 18.49
1850 1.999172008768835 18.5
1851 1.957190927743176 18.51
1852 1.934221243557422 18.52
1853 1.981869914982844 18.53
1854 1.957690230979132 18.54
1855 1.960703545171287 18.55
1856 2.023861118623219 18.56
1857 2.019346272756952 18.57
1858 2.014023431602515 18.58
1859 1.975363456472847 18.59
1860 2.000554283794584 18.6
1861 1.929734146920961 18.61
1862 1.925113067749361 18.62
1863 1.960737165633104 18.63
1864 1.954219718260358 18.64
1865 1.963052289986263 18.65
1866 1.9661373094535 18.66
1867 1.958044488489082 18.67
1868 1.922355809833852 18.68
1869 1.919379575149131 18.69
1870 1.952675638175207 18.7
1871 1.920734968413043 18.71
1872 1.938416658147447 18.72
1873 1.956229434924648 18.73
1874 1.987530467942077 18.74
1875 1.963971207391077 18.75
1876 1.952280775033234 18.76
1877 1.892996635967256 18.77
1878 1.918465636563422 18.78
1879 2.007857560645312 18.79
1880 1.973958925093246 18.8
1881 2.040536686056288 18.81
1882 2.077475544968161 18.82
1883 2.110647594756355 18.83
1884 2.176757719480226 18.84
1885 2.207421934735837 18.85
1886 2.214165471336071 18.86
1887 2.135929865532558 18.87
1888 2.130271382822885 18.88
1889 2.156191002630579 18.89
1890 2.223271246787392 18.9
1891 2.258983656650689 18.91
1892 2.25396345099605 18.92
1893 2.285840953831088 18.93
1894 2.215688372353579 18.94
1895 2.203452086071974 18.95
1896 2.256566585505706 18.96
1897 2.359068883429506 18.97
1898 2.271232709007811 18.98
1899 2.305965436535546 18.99
1900 2.267529056868876 19
1901 2.36061264676198 19.01
1902 2.300603168888762 19.02
1903 2.316010564999513 19.03
1904 2.229502310343709 19.04
1905 2.242874968899196 19.05
1906 2.240259535282699 19.06
1907 2.26449181834995 19.07
1908 2.314287583602859 19.08
1909 2.247867007253802 19.09
1910 2.319224554864142 19.1
1911 2.261563950424086 19.11
1912 2.292696581986367 19.12
1913 2.211389521388583 19.13
1914 2.206890175636345 19.14
1915 2.214311843486646 19.15
1916 2.219610152587601 19.16
1917 2.203752865494085 19.17
1918 2.226806200436562 19.18
1919 2.230887064410048 19.19
1920 2.169965337333797 19.2
1921 1.961513492667604 19.21
1922 2.074748295365346 19.22
1923 2.034813351254922 19.23
1924 2.031230982964041 19.24
1925 1.991719921065901 19.25
1926 2.035692685034867 19.26
1927 2.022666996920892 19.27
1928 2.038191833452374 19.28
1929 2.06420183133249 19.29
1930 1.961946658207586 19.3
1931 1.907395772919263 19.31
1932 1.841049463271026 19.32
1933 1.821786553729141 19.33
1934 1.784442886310239 19.34
1935 1.814707785233622 19.35
1936 1.750322858518977 19.36
1937 1.776639368037562 19.37
1938 1.624485375126212 19.38
1939 1.460321139806704 19.39
1940 1.628762801678307 19.4
1941 1.625897491261683 19.41
1942 1.537916230086331 19.42
1943 1.539199186548315 19.43
1944 1.517772534372837 19.44
1945 1.441741258508629 19.45
1946 1.411869776530091 19.46
1947 1.417408853207647 19.47
1948 1.346728909666768 19.48
1949 1.296798680969724 19.49
1950 1.333139902083535 19.5
1951 1.240964289533439 19.51
1952 1.199638793849501 19.52
1953 1.20747093946789 19.53
1954 1.21078014870544 19.54
1955 1.117102731027775 19.55
1956 1.091300081015411 19.56
1957 1.074039696997708 19.57
1958 1.0442388502471 19.58
1959 1.061601216054176 19.59
1960 1.049299873359417 19.6
1961 0.9882603788282033 19.61
1962 0.9762623886993103 19.62
1963 0.9762770653587877 19.63
1964 0.9293255434683783 19.64
1965 0.9008563295697845 19.65
1966 0.8999994639701583 19.66
1967 0.9000451377587335 19.67
1968 0.8765089868190893 19.68
1969 0.8507403588081675 19.69
1970 0.8329876120490344 19.7
1971 0.8327097620653015 19.71
1972 0.7752055156956986 19.72
1973 0.7773720837113393 19.73
1974 0.780413186005091 19.74
1975 0.8053773028465741 19.75
1976 0.8042659281299839 19.76
1977 0.7616966973010307 19.77
1978 0.7759945430069763 19.78
1979 0.7810056797644578 19.79
1980 0.770262634994294 19.8
1981 0.7672779934409386 19.81
1982 0.7409306965284869 19.82
1983 0.7591929395453754 19.83
1984 0.7703532984434857 19.84
1985 0.7615995657374725 19.85
1986 0.7745686456221282 19.86
1987 0.784949334978439 19.87
1988 0.7747884283076485 19.88
1989 0.7858952008100246 19.89
1990 0.7681765510879163 19.9
1991 0.7928666804936032 19.91
1992 0.7809712829881649 19.92
1993 0.8006865609762853 19.93
1994 0.8268387698014867 19.94
1995 0.8302117572640866 19.95
1996 0.8138274194753097 19.96
1997 0.8436525607529189 19.97
1998 0.8374575215289034 19.98
1999 0.8336799051416977 19.99
2000 0.8699413464663195 20
