"cl-rfile"
"Time Step" "cl etc.."
("Time Step" "cl" "flow-time")
0 0 0
1 52.01020549231357 0.01
2 10.89255536633542 0.02
3 6.564176993732807 0.03
4 5.659781740289245 0.04
5 5.730140554533125 0.05
6 5.81881320969151 0.06
7 5.983438246211747 0.07000000000000001
8 5.899799287045002 0.08
9 5.773382429391674 0.09
10 5.819044361395616 0.1
11 5.789804680120605 0.11
12 5.912424435452097 0.12
13 5.989609013881324 0.13
14 6.031841778702719 0.14
15 5.998266223008134 0.15
16 5.975515603044075 0.16
17 6.005891642486366 0.17
18 6.011574818124912 0.18
19 6.122649520063861 0.19
20 6.157872553609101 0.2
21 6.117407996087023 0.21
22 5.968174439230973 0.22
23 5.926101691595518 0.23
24 6.018872263948047 0.24
25 6.099670640094244 0.25
26 6.051140359267642 0.26
27 6.000735099970832 0.27
28 5.977241372820005 0.28
29 5.87888675332251 0.29
30 5.930037574782943 0.3
31 5.910390236844224 0.31
32 5.995083310616836 0.32
33 5.975885739458695 0.33
34 5.891332973366993 0.34
35 5.856674853958354 0.35
36 5.811178223506234 0.36
37 5.80007032073372 0.37
38 5.775840835120666 0.38
39 5.831278245830343 0.39
40 5.794962885362701 0.4
41 5.807993479525037 0.41
42 5.826547086361998 0.42
43 5.77007984948341 0.43
44 5.742511527295812 0.44
45 5.758271963981967 0.45
46 5.75430841044956 0.46
47 5.770605534496091 0.47
48 5.779349299420554 0.48
49 5.763523372145221 0.49
50 5.759693866220211 0.5
51 5.731826771370002 0.51
52 5.752871314097689 0.52
53 5.771466843456877 0.53
54 5.742294907753559 0.54
55 5.749026180281245 0.55
56 5.726392787332938 0.5600000000000001
57 5.736333775340696 0.5700000000000001
58 5.754405001832989 0.58
59 5.778655790744394 0.59
60 5.909274321720908 0.6
61 5.89759381609366 0.61
62 5.779268682123933 0.62
63 5.702877511661985 0.63
64 5.75877988670918 0.64
65 5.856431223012788 0.65
66 5.883213577753157 0.66
67 5.821376585617969 0.67
68 5.874792579326606 0.68
69 5.719406847405792 0.6900000000000001
70 5.792139535581387 0.7000000000000001
71 5.878503085890442 0.71
72 5.86849198644745 0.72
73 5.806382892702306 0.73
74 5.870719353422213 0.74
75 5.884775459473038 0.75
76 5.81263896929621 0.76
77 5.874194974779644 0.77
78 5.933464091233418 0.78
79 5.862026268962631 0.79
80 5.70642386405908 0.8
81 5.729956104364383 0.8100000000000001
82 5.802866786151256 0.8200000000000001
83 5.829109777024773 0.8300000000000001
84 5.808285927137977 0.84
85 5.799724507915013 0.85
86 5.743227088588002 0.86
87 5.698962156439429 0.87
88 5.710001907571359 0.88
89 5.697011343527861 0.89
90 5.662000219931558 0.9
91 5.618055723544875 0.91
92 5.60055035625979 0.92
93 5.548218161004372 0.93
94 5.526564029306601 0.9400000000000001
95 5.540638700474878 0.9500000000000001
96 5.542833162486721 0.96
97 5.54393539357101 0.97
98 5.557219015893644 0.98
99 5.52686304026127 0.99
100 5.588612960661434 1
101 5.58944576484774 1.01
102 5.624593119736341 1.02
103 5.623632124101747 1.03
104 5.595090846484482 1.04
105 5.629829321155587 1.05
106 5.687195975672082 1.06
107 5.706198608391357 1.07
108 5.747958343701135 1.08
109 5.731764533257121 1.09
110 5.782798444184711 1.1
111 5.81313147832552 1.11
112 5.836946828652897 1.12
113 5.85194886708382 1.13
114 5.872009881377192 1.14
115 5.937401161071953 1.15
116 5.922182340609923 1.16
117 5.95007844845477 1.17
118 6.010894826641954 1.18
119 6.01022622421861 1.19
120 6.107314973652834 1.2
121 6.136466942730715 1.21
122 6.062942054673618 1.22
123 6.11459154366357 1.23
124 6.194962640326323 1.24
125 6.172178485403972 1.25
126 6.202458842398406 1.26
127 6.229739468331833 1.27
128 6.267696773389638 1.28
129 6.255363115880445 1.29
130 6.251567976973424 1.3
131 6.322340340171491 1.31
132 6.349617467121456 1.32
133 6.382115590922838 1.33
134 6.404551778955742 1.34
135 6.498696413318173 1.35
136 6.459876784300056 1.36
137 6.379059560961836 1.37
138 6.429049094266382 1.38
139 6.47749656524462 1.39
140 6.508109761144268 1.4
141 6.545819065675385 1.41
142 6.576866134731765 1.42
143 6.602896583454157 1.43
144 6.625656550920362 1.44
145 6.612810530201809 1.45
146 6.627134403035648 1.46
147 6.664433725267525 1.47
148 6.737648244911476 1.48
149 6.752535013258879 1.49
150 6.759761165206316 1.5
151 6.797707800588646 1.51
152 6.788978392881733 1.52
153 6.830167114366609 1.53
154 6.862791340304265 1.54
155 6.927535387639153 1.55
156 6.957046709141729 1.56
157 7.002537876019781 1.57
158 7.017710692557945 1.58
159 7.008606085755015 1.59
160 7.03764791080638 1.6
161 7.052762503404779 1.61
162 7.048716076474232 1.62
163 7.122690758526831 1.63
164 7.126996217469404 1.64
165 7.122296205302961 1.65
166 7.148431860569871 1.66
167 7.149534661225414 1.67
168 7.130374305255505 1.68
169 7.138502442340092 1.69
170 7.106137214068553 1.7
171 7.074798700591871 1.71
172 7.138380793548087 1.72
173 7.078448465263352 1.73
174 7.053467476844213 1.74
175 7.068217813159682 1.75
176 7.078402770824061 1.76
177 7.084849454924902 1.77
178 7.052225708414716 1.78
179 7.012480030222711 1.79
180 7.018729765755589 1.8
181 7.035239899815045 1.81
182 7.074264075698161 1.82
183 7.041477563579807 1.83
184 6.952144268351397 1.84
185 7.012308298212404 1.85
186 7.019321046394899 1.86
187 7.040362829198279 1.87
188 7.011454118707883 1.88
189 7.040559755377517 1.89
190 7.093007311511766 1.9
191 7.080177910003701 1.91
192 7.013485950545943 1.92
193 7.067593811569742 1.93
194 7.058813528550639 1.94
195 7.031983085723773 1.95
196 7.079342068556406 1.96
197 7.110991224537815 1.97
198 7.138112243507281 1.98
199 7.163875844080686 1.99
200 7.226774827575939 2
201 7.195487522595808 2.01
202 7.15616595701164 2.02
203 7.220938828968912 2.03
204 7.259008360318728 2.04
205 7.263986984857484 2.05
206 7.300524515007559 2.06
207 7.306503576328217 2.07
208 7.275671700615245 2.08
209 7.296468281647189 2.09
210 7.341465603457781 2.1
211 7.344078677136072 2.11
212 7.318568220457688 2.12
213 7.361363120018804 2.13
214 7.380014560715081 2.14
215 7.358308191369407 2.15
216 7.301122489402372 2.16
217 7.342075034693185 2.17
218 7.388751580345761 2.18
219 7.380835414581445 2.19
220 7.358814789890977 2.2
221 7.389066293684966 2.21
222 7.363883263968899 2.22
223 7.307606381605015 2.23
224 7.317412994881322 2.24
225 7.309427704715994 2.25
226 7.30206524992923 2.26
227 7.296057002781935 2.27
228 7.296438741005202 2.28
229 7.255720356155376 2.29
230 7.254462841491399 2.3
231 7.269207296351601 2.31
232 7.199996737028969 2.32
233 7.229340743642735 2.33
234 7.222120874945411 2.34
235 7.19291348869278 2.35
236 7.133521787223102 2.36
237 7.13634938323557 2.37
238 7.130777180790398 2.38
239 7.07892204311131 2.39
240 7.072651929589626 2.4
241 7.049836727651763 2.41
242 7.027714891118862 2.42
243 7.009801378318578 2.43
244 7.04125918404603 2.44
245 6.981946091011332 2.45
246 6.94319316946936 2.46
247 6.950761227432308 2.47
248 6.937427528764518 2.48
249 6.863947610353812 2.49
250 6.831966460026841 2.5
251 6.853652284965645 2.51
252 6.785370869461909 2.52
253 6.719696172863353 2.53
254 6.73975163396489 2.54
255 6.72983998983487 2.55
256 6.699792297010828 2.56
257 6.657452819319977 2.57
258 6.607972761440894 2.58
259 6.581410724315154 2.59
260 6.553517241842931 2.6
261 6.500002837626896 2.61
262 6.448321105563871 2.62
263 6.407668560882507 2.63
264 6.396531447353703 2.64
265 6.350037196435732 2.65
266 6.32797654321916 2.66
267 6.291055015649373 2.67
268 6.243715480317883 2.68
269 6.190243238078616 2.69
270 6.147889247578779 2.7
271 6.120490091737471 2.71
272 6.077786882397747 2.72
273 6.056378519471479 2.73
274 6.00937585232777 2.74
275 5.990305451751548 2.75
276 5.959254784759195 2.76
277 5.910191390762511 2.77
278 5.875722012496226 2.78
279 5.826552808260397 2.79
280 5.780972574778494 2.8
281 5.771613754249308 2.81
282 5.740683997128251 2.82
283 5.686515121984201 2.83
284 5.63786565150293 2.84
285 5.622722102144926 2.85
286 5.567640752601904 2.86
287 5.502304291318975 2.87
288 5.460581676513402 2.88
289 5.430719426523311 2.89
290 5.451553881763642 2.9
291 5.421808873098294 2.91
292 5.350349672176586 2.92
293 5.378033151114675 2.93
294 5.344746240872266 2.94
295 5.30116048958557 2.95
296 5.244175445243667 2.96
297 5.239467134294924 2.97
298 5.236830837801913 2.98
299 5.231376315316361 2.99
300 5.345425893157152 3
301 5.248130368186659 3.01
302 5.176447715820914 3.02
303 5.126639820920865 3.03
304 5.141318614203825 3.04
305 5.116112141057073 3.05
306 5.126388490449447 3.06
307 5.193527565129709 3.07
308 5.190694811522615 3.08
309 5.129567465097244 3.09
310 5.101339765269893 3.1
311 5.13032392382619 3.11
312 5.174325114535931 3.12
313 5.191492312808234 3.13
314 5.196062574909793 3.14
315 5.149808741372266 3.15
316 5.163053969324804 3.16
317 5.195628108087972 3.17
318 5.242382023681888 3.18
319 5.263632412167597 3.19
320 5.213798689582322 3.2
321 5.275332437745774 3.21
322 5.312723524151369 3.22
323 5.32809919201709 3.23
324 5.319292094061382 3.24
325 5.316851427715506 3.25
326 5.31426939062858 3.26
327 5.323195956227405 3.27
328 5.404562390560678 3.28
329 5.402849747656084 3.29
330 5.438415964312997 3.3
331 5.419282874655089 3.31
332 5.495742169293868 3.32
333 5.509496356758744 3.33
334 5.523099054115504 3.34
335 5.535942014616786 3.35
336 5.572272740763077 3.36
337 5.601040482263835 3.37
338 5.663651298051766 3.38
339 5.692409159957056 3.39
340 5.631025128696583 3.4
341 5.630820423902071 3.41
342 5.711099807121577 3.42
343 5.772355633229764 3.43
344 5.813428410671087 3.44
345 5.84072750095633 3.45
346 5.880045097602991 3.46
347 5.904421499335674 3.47
348 5.918153549693904 3.48
349 5.914254440084507 3.49
350 5.982397386670504 3.5
351 6.005676810215901 3.51
352 6.009206398668896 3.52
353 6.033831240096288 3.53
354 6.025371768861168 3.54
355 6.059932431819581 3.55
356 6.046288620619047 3.56
357 6.045694623269513 3.57
358 6.079990465153657 3.58
359 6.090789021807193 3.59
360 6.091352262864995 3.6
361 6.10362941465301 3.61
362 6.096605845477166 3.62
363 6.106650861745429 3.63
364 6.095718218629523 3.64
365 6.106314167623117 3.65
366 6.084872316540757 3.66
367 6.1862538157302 3.67
368 6.160525983736659 3.68
369 6.107230235920825 3.69
370 6.150103264607116 3.7
371 6.197037497185696 3.71
372 6.183888024446482 3.72
373 6.196573108651191 3.73
374 6.195861263061819 3.74
375 6.196192494627968 3.75
376 6.205399240205521 3.76
377 6.267984013468891 3.77
378 6.242360686948787 3.78
379 6.27127476350778 3.79
380 6.262445764747371 3.8
381 6.307404847156974 3.81
382 6.277432858938558 3.82
383 6.285409345517068 3.83
384 6.287360419894993 3.84
385 6.340104370827548 3.85
386 6.353945327637167 3.86
387 6.37530867062938 3.87
388 6.365899332329345 3.88
389 6.383556875285326 3.89
390 6.435880023126532 3.9
391 6.476706210887495 3.91
392 6.487078540629519 3.92
393 6.487589906011754 3.93
394 6.483566484019783 3.94
395 6.514147148801159 3.95
396 6.586583945234209 3.96
397 6.610625460772911 3.97
398 6.582705867205971 3.98
399 6.63947947453151 3.99
400 6.627868704334389 4
401 6.662700411142514 4.01
402 6.664695680661033 4.02
403 6.726036155740097 4.03
404 6.657070884652796 4.04
405 6.738801702212293 4.05
406 6.8311165613694 4.06
407 6.814928392784775 4.07
408 6.794389983787188 4.08
409 6.868198990936341 4.09
410 6.876344619790081 4.1
411 6.857211915631225 4.11
412 6.884744572957763 4.12
413 6.872256316775336 4.13
414 6.924302155194624 4.14
415 6.906847724329173 4.15
416 7.065889810701863 4.16
417 7.056313344874627 4.17
418 6.985959864733862 4.18
419 6.981964323034202 4.19
420 6.966991106558741 4.2
421 7.026931289941657 4.21
422 7.081731540303598 4.22
423 7.139694935690238 4.23
424 7.136025568382832 4.24
425 7.105940516662235 4.25
426 7.073740688630481 4.26
427 7.071116659776907 4.27
428 7.077005897478528 4.28
429 7.119382994470028 4.29
430 7.200622835423657 4.3
431 7.178651627876457 4.31
432 7.162846472648044 4.32
433 7.180129179902019 4.33
434 7.134895893154734 4.34
435 7.151307070365744 4.350000000000001
436 7.166579807700223 4.36
437 7.179044659403358 4.37
438 7.147593491188005 4.38
439 7.12722778949524 4.39
440 7.133018334544231 4.4
441 7.169337689231794 4.41
442 7.151143574898926 4.42
443 7.162862503803536 4.43
444 7.124811373869774 4.44
445 7.141705153940452 4.45
446 7.128210238005382 4.46
447 7.140583452327192 4.47
448 7.114488057120093 4.48
449 7.098586287557085 4.49
450 7.094413290592716 4.5
451 7.049140840953566 4.51
452 7.08301665131836 4.52
453 7.067134671793896 4.53
454 6.999936479158941 4.54
455 7.003386186356286 4.55
456 7.020714900609044 4.56
457 6.988900817253063 4.57
458 6.953873435732185 4.58
459 6.96138241370049 4.59
460 6.982882333988671 4.600000000000001
461 7.06443141010699 4.61
462 6.987332569615107 4.62
463 6.867639181695626 4.63
464 6.728745757587092 4.64
465 6.860977404370112 4.65
466 6.861714060237217 4.66
467 6.740893906671345 4.67
468 6.775995773802465 4.68
469 6.775520178781111 4.69
470 6.758790219072515 4.7
471 6.654980066119784 4.71
472 6.713723267465486 4.72
473 6.707907507088513 4.73
474 6.598285836072346 4.74
475 6.630418384321605 4.75
476 6.623367726148716 4.76
477 6.520338843558777 4.77
478 6.441268647187222 4.78
479 6.544319917043548 4.79
480 6.253169743742578 4.8
481 6.196821640079481 4.81
482 6.293286388422274 4.82
483 6.341804845682034 4.83
484 6.368971883312137 4.84
485 6.379808370032554 4.850000000000001
486 6.338887625221395 4.86
487 6.262247857438242 4.87
488 6.160419865900706 4.88
489 6.183214841694528 4.89
490 6.10696034817544 4.9
491 6.06677290417484 4.91
492 6.053653629775677 4.92
493 6.081422756191014 4.93
494 6.034215051026528 4.94
495 5.982575552431265 4.95
496 5.968380794698254 4.96
497 5.92089102026544 4.97
498 5.880372111959844 4.98
499 5.903597592549629 4.99
500 5.840237367809888 5
501 5.833194561860916 5.01
502 5.829623403747773 5.02
503 5.786681515806517 5.03
504 5.717299177266624 5.04
505 5.744238590353437 5.05
506 5.74842038851309 5.06
507 5.70681596343157 5.07
508 5.679182035380932 5.08
509 5.709768513929933 5.09
510 5.635076524552233 5.100000000000001
511 5.6098858244912 5.11
512 5.597306952504968 5.12
513 5.566901342434891 5.13
514 5.543588968207103 5.14
515 5.548672983466571 5.15
516 5.527103787862639 5.16
517 5.517867316040773 5.17
518 5.478786160216358 5.18
519 5.542235473690363 5.19
520 5.467231385161371 5.2
521 5.432140587822026 5.21
522 5.468104739217028 5.22
523 5.46399351098666 5.23
524 5.417220698879301 5.24
525 5.438445913890397 5.25
526 5.451162245533343 5.26
527 5.430755484930978 5.27
528 5.445986826042438 5.28
529 5.449653351168235 5.29
530 5.435538815515189 5.3
531 5.42200133051267 5.31
532 5.444296721550548 5.32
533 5.461682731460368 5.33
534 5.425018187128112 5.34
535 5.410871091134545 5.350000000000001
536 5.402319545389148 5.36
537 5.414733803329325 5.37
538 5.445419699417783 5.38
539 5.446684072619801 5.39
540 5.457406098438054 5.4
541 5.486388611125598 5.41
542 5.491701218428846 5.42
543 5.480592034510726 5.43
544 5.520288123485776 5.44
545 5.5243788322249 5.45
546 5.54436907538331 5.46
547 5.578123590394201 5.47
548 5.588781874046043 5.48
549 5.600564066448887 5.49
550 5.600612084842413 5.5
551 5.644708768708156 5.51
552 5.670238511548627 5.52
553 5.71992209194329 5.53
554 5.753378371808662 5.54
555 5.818992124102226 5.55
556 5.788728044525155 5.56
557 5.843993568544422 5.57
558 5.904975043093581 5.58
559 5.867878896719604 5.59
560 5.929583401613344 5.600000000000001
561 5.945303328169814 5.61
562 5.977230597403241 5.62
563 5.983082321494582 5.63
564 6.01871699312077 5.64
565 6.075642515623329 5.65
566 6.082162820412265 5.66
567 6.122104017598218 5.67
568 6.105430854830374 5.68
569 6.133791383683118 5.69
570 6.155461990109443 5.7
571 6.170007756325124 5.71
572 6.197476688493667 5.72
573 6.231922732132974 5.73
574 6.259890625887575 5.74
575 6.235145203271267 5.75
576 6.249243883244554 5.76
577 6.266962595878753 5.77
578 6.292243337907371 5.78
579 6.309992149442521 5.79
580 6.31736583079171 5.8
581 6.273080149847599 5.81
582 6.356900130115929 5.82
583 6.391222660718588 5.83
584 6.373386909628522 5.84
585 6.33071832094827 5.850000000000001
586 6.330719484954985 5.86
587 6.327562289512114 5.87
588 6.313802030711206 5.88
589 6.296081522616186 5.89
590 6.299923305189102 5.9
591 6.43142530798587 5.91
592 6.414931576583616 5.92
593 6.409573488124375 5.93
594 6.484389478954873 5.94
595 6.473796021158236 5.95
596 6.476385171425271 5.96
597 6.451733434260527 5.97
598 6.443240410365602 5.98
599 6.451403846350577 5.99
600 6.478251714588844 6
601 6.557416172888685 6.01
602 6.524577258491556 6.02
603 6.486196044741311 6.03
604 6.526952594490933 6.04
605 6.577745093212473 6.05
606 6.564393598542511 6.06
607 6.645069726509249 6.07
608 6.601103024674917 6.08
609 6.605686207796508 6.09
610 6.683004280682574 6.100000000000001
611 6.683920927398515 6.11
612 6.63900026806779 6.12
613 6.671947911861674 6.13
614 6.692592406958231 6.140000000000001
615 6.663031066547906 6.15
616 6.659526004216264 6.16
617 6.695777340635704 6.17
618 6.711338508024945 6.18
619 6.671897385759426 6.19
620 6.719439561744357 6.2
621 6.768573205248503 6.21
622 6.792793132469337 6.22
623 6.815073423377835 6.23
624 6.858914074254931 6.24
625 6.883033853587714 6.25
626 6.846097218049746 6.26
627 6.856220186790306 6.27
628 6.890639247848948 6.28
629 6.880920793814828 6.29
630 6.885398441693437 6.3
631 6.975007004691271 6.31
632 7.030791357119271 6.32
633 6.986668669619545 6.33
634 6.915239536664497 6.34
635 6.924271584646568 6.350000000000001
636 6.926542763493623 6.36
637 6.980769003708157 6.37
638 7.067917528861408 6.38
639 7.132750549448422 6.390000000000001
640 7.127294711381158 6.4
641 7.118376387458714 6.41
642 7.05188654785379 6.42
643 7.076045904057232 6.43
644 7.113826663916857 6.44
645 7.137825001824431 6.45
646 7.151231158208565 6.46
647 7.12517616840216 6.47
648 7.098560618844016 6.48
649 7.053262210943175 6.49
650 7.071266454693273 6.5
651 7.109866989501427 6.51
652 7.129193507499457 6.52
653 7.135933808642736 6.53
654 7.144842498647343 6.54
655 7.159792481915933 6.55
656 7.11177864748432 6.56
657 7.084740233717539 6.57
658 7.082710336865264 6.58
659 7.081709972344503 6.59
660 7.10964710495078 6.600000000000001
661 7.122171802256339 6.61
662 7.080941541912289 6.62
663 7.038352837196953 6.63
664 7.078086341062883 6.640000000000001
665 7.065772335716802 6.65
666 6.990931696803864 6.66
667 6.976415910464217 6.67
668 7.00269431400392 6.68
669 6.991498972745784 6.69
670 7.024551791957819 6.7
671 6.987350110326629 6.71
672 6.952237712894598 6.72
673 6.913348323483072 6.73
674 6.871287253664407 6.74
675 6.819101441253862 6.75
676 6.800762430435263 6.76
677 6.801235288821319 6.77
678 6.851277680360104 6.78
679 6.782255379357182 6.79
680 6.812903449950684 6.8
681 6.849193034658129 6.81
682 6.725852656344512 6.82
683 6.656374720922906 6.83
684 6.622381440909684 6.84
685 6.678516879789322 6.850000000000001
686 6.587491707658334 6.86
687 6.593399612895279 6.87
688 6.549522877310112 6.88
689 6.477678562180091 6.890000000000001
690 6.482817589970534 6.9
691 6.354012712684087 6.91
692 6.379192731036219 6.92
693 6.312565087740334 6.93
694 6.271458508346714 6.94
695 6.365329446194592 6.95
696 6.356048441995899 6.96
697 6.316563807603707 6.97
698 6.154627472065101 6.98
699 6.113097703993706 6.99
700 5.967647811667772 7
701 5.931468716605876 7.01
702 5.927368100204728 7.02
703 5.980457254824413 7.03
704 6.024678535353517 7.04
705 5.98109481687632 7.05
706 5.933530500974195 7.06
707 5.871373809179913 7.07
708 5.845026545212308 7.08
709 5.793838217941314 7.09
710 5.75735965116949 7.100000000000001
711 5.740661372677136 7.11
712 5.755050678003592 7.12
713 5.686870721906335 7.13
714 5.67922483393572 7.140000000000001
715 5.630437997625505 7.15
716 5.618106062864288 7.16
717 5.590536866730003 7.17
718 5.547426652719003 7.18
719 5.488270926426584 7.19
720 5.450191806782202 7.2
721 5.449108213430288 7.21
722 5.473645792341852 7.22
723 5.406488489149295 7.23
724 5.438599498366491 7.24
725 5.37399278398897 7.25
726 5.343487322076695 7.26
727 5.365083302890328 7.27
728 5.319381034777472 7.28
729 5.332754799979365 7.29
730 5.295174020453718 7.3
731 5.283474169093752 7.31
732 5.260758705637057 7.32
733 5.250760500604207 7.33
734 5.246487828600875 7.34
735 5.208407765452338 7.350000000000001
736 5.163903936869538 7.36
737 5.203809313228779 7.37
738 5.195809806089293 7.38
739 5.165938262574492 7.390000000000001
740 5.196808798193699 7.4
741 5.199749164396764 7.41
742 5.162779506217111 7.42
743 5.173624027968273 7.43
744 5.144637598771366 7.44
745 5.133682155654421 7.45
746 5.13134606449131 7.46
747 5.180595389875176 7.47
748 5.136271882632667 7.48
749 5.165025033664726 7.49
750 5.168366244901375 7.5
751 5.133662962363822 7.51
752 5.118792567180638 7.52
753 5.183533459442273 7.53
754 5.200036813542346 7.54
755 5.188164666047719 7.55
756 5.187166367484839 7.56
757 5.224509940706584 7.57
758 5.231161049108858 7.58
759 5.243994092558343 7.59
760 5.294025907787684 7.600000000000001
761 5.329391815503178 7.61
762 5.310381760663641 7.62
763 5.344537868226364 7.63
764 5.395322284827485 7.640000000000001
765 5.415620192709825 7.65
766 5.458017455179112 7.66
767 5.494254465344391 7.67
768 5.499363886010556 7.68
769 5.530673039168936 7.69
770 5.612703892683058 7.7
771 5.603161170395823 7.71
772 5.654611568944831 7.72
773 5.680129741997479 7.73
774 5.678347326870009 7.74
775 5.699574839576179 7.75
776 5.762249086761199 7.76
777 5.815573094395896 7.77
778 5.854538662447992 7.78
779 5.874826433667343 7.79
780 5.872958139780379 7.8
781 5.893320446686041 7.81
782 5.946842111091013 7.82
783 5.944581243347061 7.83
784 6.015606419355693 7.84
785 5.994854308041984 7.850000000000001
786 5.98851953561006 7.86
787 6.027262056624615 7.87
788 6.073939930442551 7.88
789 6.065491843342377 7.890000000000001
790 6.075734449512035 7.9
791 6.095024707184123 7.91
792 6.103009486110938 7.92
793 6.103185655629471 7.930000000000001
794 6.130269155705102 7.94
795 6.133738913410554 7.95
796 6.098977727542537 7.96
797 6.139520696078916 7.97
798 6.18471830732453 7.98
799 6.166051920568122 7.99
800 6.161787681082251 8
801 6.14847036286768 8.01
802 6.15055017004967 8.02
803 6.106447715359765 8.029999999999999
804 6.117610257039782 8.040000000000001
805 6.194957164502385 8.050000000000001
806 6.279496975485826 8.06
807 6.325805576245266 8.07
808 6.258261616691897 8.08
809 6.291791482335993 8.09
810 6.396042105741141 8.1
811 6.324491032903254 8.109999999999999
812 6.322755677465365 8.120000000000001
813 6.295707248720314 8.130000000000001
814 6.359515625149323 8.140000000000001
815 6.363249808747321 8.15
816 6.390172839361202 8.16
817 6.463685973763996 8.17
818 6.49589421434649 8.18
819 6.516591651513399 8.19
820 6.486377845520817 8.199999999999999
821 6.507307524350624 8.210000000000001
822 6.474266425159497 8.220000000000001
823 6.454179871864539 8.23
824 6.546403441093497 8.24
825 6.600651419907656 8.25
826 6.578324440226732 8.26
827 6.618735716730588 8.27
828 6.64289413627171 8.279999999999999
829 6.627336504125115 8.290000000000001
830 6.574632479931581 8.300000000000001
831 6.64802295669252 8.31
832 6.684431383842974 8.32
833 6.712171649280046 8.33
834 6.587169782698067 8.34
835 6.699873416202205 8.35
836 6.765309602198486 8.359999999999999
837 6.743278118303502 8.370000000000001
838 6.74531009720998 8.380000000000001
839 6.806085547569507 8.390000000000001
840 6.837644018973518 8.4
841 6.876636763616718 8.41
842 6.884313274393594 8.42
843 6.865676409785748 8.43
844 6.90874414482897 8.44
845 6.877552298610797 8.449999999999999
846 6.918525221496262 8.460000000000001
847 6.958581838759217 8.470000000000001
848 6.968217200144577 8.48
849 6.984521628213601 8.49
850 6.975723650328177 8.5
851 7.020623268888638 8.51
852 7.059902237274983 8.52
853 7.119985916912664 8.529999999999999
854 7.11037715725507 8.540000000000001
855 7.114030196544424 8.550000000000001
856 7.12151534175243 8.56
857 7.107835890547014 8.57
858 7.076679638104629 8.58
859 7.11708871535144 8.59
860 7.122237685668656 8.6
861 7.143654923547922 8.609999999999999
862 7.169336362634883 8.620000000000001
863 7.183609224671782 8.630000000000001
864 7.149518776966886 8.640000000000001
865 7.141604212467957 8.65
866 7.162641877565397 8.66
867 7.191851962530383 8.67
868 7.288437509840102 8.68
869 7.26677306976271 8.69
870 7.257919789965779 8.700000000000001
871 7.179349700194567 8.710000000000001
872 7.151596050583026 8.720000000000001
873 7.147590784425343 8.73
874 7.250437505006746 8.74
875 7.225589225877765 8.75
876 7.218958931848428 8.76
877 7.180872727227597 8.77
878 7.210073328522451 8.779999999999999
879 7.136275949034957 8.790000000000001
880 7.095283511815934 8.800000000000001
881 7.090305667931431 8.81
882 7.089613288820526 8.82
883 7.199732577708956 8.83
884 7.161653617969177 8.84
885 7.144005372452063 8.85
886 7.149619293217703 8.859999999999999
887 7.135715845131614 8.870000000000001
888 7.103527155122088 8.880000000000001
889 7.094015023473756 8.890000000000001
890 7.054492962131513 8.9
891 7.03875998492931 8.91
892 7.016711512273104 8.92
893 7.022114485939023 8.93
894 6.988393527859684 8.94
895 6.956421022895272 8.950000000000001
896 7.027715640917228 8.960000000000001
897 7.006247076109934 8.970000000000001
898 6.922823907105712 8.98
899 6.889975277693051 8.99
900 6.87860702084232 9
901 6.814728281071996 9.01
902 6.774150294721635 9.02
903 6.792938106879332 9.029999999999999
904 6.732546076725696 9.040000000000001
905 6.670998955221204 9.050000000000001
906 6.73316383247168 9.06
907 6.717533796021232 9.07
908 6.66099736278986 9.08
909 6.631684055210681 9.09
910 6.605868614047831 9.1
911 6.534208954481192 9.109999999999999
912 6.487115882429613 9.120000000000001
913 6.454753287977773 9.130000000000001
914 6.403365074584742 9.140000000000001
915 6.386297502501634 9.15
916 6.429401088860187 9.16
917 6.367323474598034 9.17
918 6.309379258581572 9.18
919 6.315390402994161 9.19
920 6.292362901381328 9.200000000000001
921 6.197827446832631 9.210000000000001
922 6.159841018365054 9.220000000000001
923 6.200457110583554 9.23
924 6.13764927337506 9.24
925 6.090415088280203 9.25
926 6.085745704115891 9.26
927 6.045225072754232 9.27
928 5.984775655071362 9.279999999999999
929 5.9494644538248 9.290000000000001
930 5.938973701948435 9.300000000000001
931 5.904675845196657 9.31
932 5.875595447475779 9.32
933 5.892336587677535 9.33
934 5.804871766378298 9.34
935 5.81192045868148 9.35
936 5.815316047372196 9.359999999999999
937 5.765517027657241 9.370000000000001
938 5.714446800552202 9.380000000000001
939 5.709178049770334 9.390000000000001
940 5.775072046266637 9.4
941 5.816383323896193 9.41
942 5.733277310807862 9.42
943 5.682487441337675 9.43
944 5.511714276788812 9.44
945 5.408494113572429 9.450000000000001
946 5.452312131343485 9.460000000000001
947 5.564455970775023 9.470000000000001
948 5.507821691921618 9.48
949 5.559357822355269 9.49
950 5.493194098182223 9.5
951 5.394462576166609 9.51
952 5.420521799905881 9.52
953 5.389994135816027 9.529999999999999
954 5.372058065810248 9.540000000000001
955 5.378779901211726 9.550000000000001
956 5.419080047552399 9.56
957 5.380371364431125 9.57
958 5.433619599372973 9.58
959 5.387805810102596 9.59
960 5.206693553721601 9.6
961 5.22766602586581 9.609999999999999
962 5.302420494906456 9.620000000000001
963 5.345644564196417 9.630000000000001
964 5.375442984605681 9.640000000000001
965 5.345755455027005 9.65
966 5.359675155505736 9.66
967 5.323861134923781 9.67
968 5.321798397767402 9.68
969 5.347430472853314 9.69
970 5.373794944076237 9.700000000000001
971 5.396346318975944 9.710000000000001
972 5.403464959852035 9.720000000000001
973 5.390787078787852 9.73
974 5.401553882242235 9.74
975 5.485182469053845 9.75
976 5.517063151033561 9.76
977 5.513673626679799 9.77
978 5.560386791154417 9.779999999999999
979 5.599406734956943 9.790000000000001
980 5.556359785726276 9.800000000000001
981 5.62801395927668 9.81
982 5.691029962663177 9.82
983 5.681059524805185 9.83
984 5.701351530809669 9.84
985 5.767833048358115 9.85
986 5.762486333640338 9.859999999999999
987 5.822897846922461 9.870000000000001
988 5.892847929596932 9.880000000000001
989 5.876986051661373 9.890000000000001
990 5.904633632262767 9.9
991 5.974023196376018 9.91
992 5.988341821309393 9.92
993 6.019556736868998 9.93
994 6.041948999292484 9.94
995 6.05850497054642 9.950000000000001
996 6.100126631597738 9.960000000000001
997 6.11946989955443 9.970000000000001
998 6.119222251323673 9.98
999 6.129507212606995 9.99
1000 6.162485359204118 10
1001 6.168410864912493 10.01
1002 6.194567693320397 10.02
1003 6.221913898083977 10.03
1004 6.231585732120458 10.04
1005 6.238902444245872 10.05
1006 6.270012483505948 10.06
1007 6.241604484553052 10.07
1008 6.215478233939508 10.08
1009 6.267950263884389 10.09
1010 6.268511162300089 10.1
1011 6.211452585503203 10.11
1012 6.28025761324444 10.12
1013 6.361150301264632 10.13
1014 6.286066949835291 10.14
1015 6.244214110102722 10.15
1016 6.214659074137169 10.16
1017 6.213598185560914 10.17
1018 6.197949599052103 10.18
1019 6.206534587466772 10.19
1020 6.208509391314646 10.2
1021 6.259172085967061 10.21
1022 6.341006923389982 10.22
1023 6.300544231484606 10.23
1024 6.373758101009472 10.24
1025 6.417997116612407 10.25
1026 6.364520485864693 10.26
1027 6.33901852475542 10.27
1028 6.38221579384649 10.28
1029 6.424005698720749 10.29
1030 6.430766962036583 10.3
1031 6.418748594477149 10.31
1032 6.45571277454993 10.32
1033 6.460860778276166 10.33
1034 6.478669550059116 10.34
1035 6.537883045590977 10.35
1036 6.548078702566634 10.36
1037 6.53836517850723 10.37
1038 6.53456753967227 10.38
1039 6.534055381318306 10.39
1040 6.605149484620728 10.4
1041 6.68222922287569 10.41
1042 6.657732280770297 10.42
1043 6.627797044133492 10.43
1044 6.689231691153392 10.44
1045 6.702125632288065 10.45
1046 6.662675556878135 10.46
1047 6.728035781365498 10.47
1048 6.75995433787442 10.48
1049 6.723559760958246 10.49
1050 6.759816170462843 10.5
1051 6.819206607348484 10.51
1052 6.825957079707075 10.52
1053 6.820366134704765 10.53
1054 6.868213757933068 10.54
1055 6.92904064354707 10.55
1056 6.911608085128183 10.56
1057 6.957735764171711 10.57
1058 6.96251101741178 10.58
1059 6.918389870020008 10.59
1060 6.897950289558523 10.6
1061 7.096269700388846 10.61
1062 7.135172286195471 10.62
1063 7.071493868662004 10.63
1064 7.006319865902758 10.64
1065 6.984349521464093 10.65
1066 6.939469595182576 10.66
1067 7.05071860188991 10.67
1068 7.171654312307107 10.68
1069 7.208015532573172 10.69
1070 7.141939533808062 10.7
1071 7.112365610470477 10.71
1072 7.096553338654767 10.72
1073 7.084057225861744 10.73
1074 7.046263265154929 10.74
1075 7.250005928605416 10.75
1076 7.285835345732623 10.76
1077 7.195197301086122 10.77
1078 7.148950349476682 10.78
1079 7.116075403057001 10.79
1080 7.098694063523133 10.8
1081 7.124421593870727 10.81
1082 7.139212243153416 10.82
1083 7.120752231869008 10.83
1084 7.166557670337415 10.84
1085 7.134033388023578 10.85
1086 7.111996031107108 10.86
1087 7.064395954340277 10.87
1088 7.076940058741199 10.88
1089 7.114027681402442 10.89
1090 7.091752235776821 10.9
1091 7.059815344621205 10.91
1092 7.07428351268414 10.92
1093 7.010357606097187 10.93
1094 6.977449945554078 10.94
1095 7.017922994831582 10.95
1096 7.020333506031425 10.96
1097 6.948388953465215 10.97
1098 6.975713957186558 10.98
1099 6.952951972238851 10.99
1100 6.898827277413461 11
1101 6.874203157060261 11.01
1102 6.861981174639038 11.02
1103 6.839731838798683 11.03
1104 6.778979125089799 11.04
1105 6.778183960587388 11.05
1106 6.712807985857905 11.06
1107 6.706759398212725 11.07
1108 6.724350090027389 11.08
1109 6.717097989949164 11.09
1110 6.639592551347152 11.1
1111 6.626880435815761 11.11
1112 6.670872762342309 11.12
1113 6.550308738447073 11.13
1114 6.513628567833899 11.14
1115 6.522127674382356 11.15
1116 6.459143576484297 11.16
1117 6.42629028089592 11.17
1118 6.353658582398181 11.18
1119 6.355278284087663 11.19
1120 6.333824282866589 11.2
1121 6.277482092179161 11.21
1122 6.223676475130728 11.22
1123 6.174013839124034 11.23
1124 6.14892006808251 11.24
1125 6.175108330791327 11.25
1126 6.122856091658135 11.26
1127 6.08571573342633 11.27
1128 6.065379349669635 11.28
1129 5.950147758908748 11.29
1130 5.898977294245682 11.3
1131 5.909179911219769 11.31
1132 5.867098109940894 11.32
1133 5.820333285985484 11.33
1134 5.793902315466555 11.34
1135 5.775423193939587 11.35
1136 5.733434982720131 11.36
1137 5.683223372931236 11.37
1138 5.671597961734739 11.38
1139 5.630731061047177 11.39
1140 5.551054799138928 11.4
1141 5.582978605278332 11.41
1142 5.594269110060607 11.42
1143 5.552174063038056 11.43
1144 5.480492153031444 11.44
1145 5.453346205783531 11.45
1146 5.433144562276515 11.46
1147 5.366535134441326 11.47
1148 5.345488569835503 11.48
1149 5.320716314983076 11.49
1150 5.309638726801212 11.5
1151 5.325422466314818 11.51
1152 5.283767899395165 11.52
1153 5.30198174266031 11.53
1154 5.267973988718031 11.54
1155 5.229068577104553 11.55
1156 5.19182452063154 11.56
1157 5.16522218055104 11.57
1158 5.19030508735022 11.58
1159 5.189217012484709 11.59
1160 5.182509385015099 11.6
1161 5.171971975631295 11.61
1162 5.137349567909676 11.62
1163 5.093344254899599 11.63
1164 5.127415078928958 11.64
1165 5.107412079300092 11.65
1166 5.034839960814757 11.66
1167 5.035820991567021 11.67
1168 5.096011681630658 11.68
1169 5.084257572008797 11.69
1170 5.067038879056972 11.7
1171 5.084968254287467 11.71
1172 5.061505507109946 11.72
1173 5.044889722884595 11.73
1174 5.033223275109146 11.74
1175 5.051968478645006 11.75
1176 5.041432866724329 11.76
1177 5.073812089532296 11.77
1178 5.119651293110447 11.78
1179 5.099384982626214 11.79
1180 5.068807137589704 11.8
1181 5.071183184215935 11.81
1182 5.058559821306109 11.82
1183 5.098582890315075 11.83
1184 5.139395481120908 11.84
1185 5.137336772621021 11.85
1186 5.147166821900412 11.86
1187 5.149921903017447 11.87
1188 5.210270065876363 11.88
1189 5.204050243269655 11.89
1190 5.277375845227046 11.9
1191 5.337943936256152 11.91
1192 5.322739787919565 11.92
1193 5.33545971845554 11.93
1194 5.344867780175784 11.94
1195 5.371733491770849 11.95
1196 5.377179477425535 11.96
1197 5.435640927792755 11.97
1198 5.506383720955565 11.98
1199 5.503791321517568 11.99
1200 5.556091294086826 12
1201 5.600963321735695 12.01
1202 5.617327343665087 12.02
1203 5.632804293927805 12.03
1204 5.660016214603847 12.04
1205 5.678747130924803 12.05
1206 5.741043137513365 12.06
1207 5.816281192180786 12.07
1208 5.806778209365553 12.08
1209 5.809451796360189 12.09
1210 5.828064264657124 12.1
1211 5.899053001071047 12.11
1212 5.899673063697328 12.12
1213 5.915059379293159 12.13
1214 5.93493183710534 12.14
1215 5.963258828090797 12.15
1216 5.983216006034645 12.16
1217 6.008207331151361 12.17
1218 6.041251928384152 12.18
1219 6.029559012632059 12.19
1220 6.012938288941793 12.2
1221 6.052641772131404 12.21
1222 6.101126327716932 12.22
1223 6.096861370725149 12.23
1224 6.110370320689959 12.24
1225 6.085579183000011 12.25
1226 6.094616751960732 12.26
1227 6.125234028326365 12.27
1228 6.149905948445981 12.28
1229 6.113994807892884 12.29
1230 6.11502076212532 12.3
1231 6.113961180119523 12.31
1232 6.166363520640466 12.32
1233 6.16896300446433 12.33
1234 6.153487010917664 12.34
1235 6.190812505796235 12.35
1236 6.232046625650591 12.36
1237 6.26803364558675 12.37
1238 6.284947178458189 12.38
1239 6.2909659412356 12.39
1240 6.351954103668396 12.4
1241 6.311317451598348 12.41
1242 6.329989747852272 12.42
1243 6.300038679513655 12.43
1244 6.357990817543075 12.44
1245 6.370562544490388 12.45
1246 6.37866290080128 12.46
1247 6.45213414607599 12.47
1248 6.45766102491273 12.48
1249 6.463955557030552 12.49
1250 6.49543470272519 12.5
1251 6.488783746618888 12.51
1252 6.474982025123484 12.52
1253 6.493839606059985 12.53
1254 6.527414308100232 12.54
1255 6.552283947717402 12.55
1256 6.586412054858847 12.56
1257 6.587591717314703 12.57
1258 6.628553282933432 12.58
1259 6.623711267788065 12.59
1260 6.633598862630005 12.6
1261 6.642102677045626 12.61
1262 6.648983313848324 12.62
1263 6.710553866074085 12.63
1264 6.628730918159072 12.64
1265 6.727500076327459 12.65
1266 6.75702746965308 12.66
1267 6.738352482847805 12.67
1268 6.816391404934195 12.68
1269 6.844817741928572 12.69
1270 6.855317215358122 12.7
1271 6.869620109608245 12.71
1272 6.856003899246242 12.72
1273 6.864950010049056 12.73
1274 6.937599103677653 12.74
1275 6.93969519681529 12.75
1276 6.976500479179029 12.76
1277 7.023579551678786 12.77
1278 7.016242302003425 12.78
1279 7.057320006232763 12.79
1280 7.023519368975002 12.8
1281 7.073350311805297 12.81
1282 7.125676767934871 12.82
1283 7.173295141086681 12.83
1284 7.184504630478283 12.84
1285 7.193418280455582 12.85
1286 7.156277663739145 12.86
1287 7.172549703878647 12.87
1288 7.191909162380812 12.88
1289 7.156018140192622 12.89
1290 7.157501898448187 12.9
1291 7.230957500333404 12.91
1292 7.280160165254504 12.92
1293 7.252877279031475 12.93
1294 7.230318408814973 12.94
1295 7.211438400451398 12.95
1296 7.215862468039315 12.96
1297 7.250475110661343 12.97
1298 7.265960721340225 12.98
1299 7.247881398987865 12.99
1300 7.259650120970718 13
1301 7.319412226774603 13.01
1302 7.28078768114412 13.02
1303 7.272484344616378 13.03
1304 7.331678036314758 13.04
1305 7.331788336843494 13.05
1306 7.303084576029688 13.06
1307 7.267894754460892 13.07
1308 7.241952065867721 13.08
1309 7.242888274296255 13.09
1310 7.182887027356278 13.1
1311 7.235318104296147 13.11
1312 7.236066233606493 13.12
1313 7.278690245080264 13.13
1314 7.289944812452559 13.14
1315 7.246579812450705 13.15
1316 7.237057087330403 13.16
1317 7.233581294424791 13.17
1318 7.214926251770624 13.18
1319 7.184509984258055 13.19
1320 7.173232872782465 13.2
1321 7.144631169798455 13.21
1322 7.13159797995211 13.22
1323 7.136662183711458 13.23
1324 7.128027342360258 13.24
1325 7.097493597940079 13.25
1326 7.081711670276133 13.26
1327 7.091614318615799 13.27
1328 7.043193536648025 13.28
1329 6.964611365280259 13.29
1330 6.976726721675264 13.3
1331 6.938515973519682 13.31
1332 6.873812600082017 13.32
1333 6.931797995976643 13.33
1334 6.905824000016297 13.34
1335 6.838294916426884 13.35
1336 6.840546117300783 13.36
1337 6.777078332881616 13.37
1338 6.69096343547013 13.38
1339 6.698524451707451 13.39
1340 6.675566955295642 13.4
1341 6.663242877445013 13.41
1342 6.576065944967398 13.42
1343 6.592113541223253 13.43
1344 6.526527764331573 13.44
1345 6.45788518928105 13.45
1346 6.482398751055737 13.46
1347 6.483197708923037 13.47
1348 6.443712709006805 13.48
1349 6.404534083372008 13.49
1350 6.372100293186216 13.5
1351 6.269790713613751 13.51
1352 6.215314199273615 13.52
1353 6.224306816768467 13.53
1354 6.214017062614223 13.54
1355 6.189257150054063 13.55
1356 6.177590200641124 13.56
1357 6.140187747390175 13.57
1358 6.038928510066286 13.58
1359 5.979710096707714 13.59
1360 5.986577728734449 13.6
1361 5.982455377050655 13.61
1362 5.913837304263157 13.62
1363 5.913825852894829 13.63
1364 5.864910085464135 13.64
1365 5.820363398495128 13.65
1366 5.81963236184581 13.66
1367 5.820097162681328 13.67
1368 5.773669329585329 13.68
1369 5.728200404105861 13.69
1370 5.737536953258795 13.7
1371 5.70496314392743 13.71
1372 5.657444996586714 13.72
1373 5.631219988472042 13.73
1374 5.566138912216426 13.74
1375 5.550462566236774 13.75
1376 5.547320397960985 13.76
1377 5.557326737048413 13.77
1378 5.504109854890637 13.78
1379 5.451323504372107 13.79
1380 5.51044771939125 13.8
1381 5.456732731810186 13.81
1382 5.448072728621903 13.82
1383 5.521883850893901 13.83
1384 5.507843816603293 13.84
1385 5.423040818816141 13.85
1386 5.358188309898608 13.86
1387 5.338173343625306 13.87
1388 5.318917990959872 13.88
1389 5.263626156786161 13.89
1390 5.29889503679409 13.9
1391 5.351956894469469 13.91
1392 5.343003010736617 13.92
1393 5.366483766484209 13.93
1394 5.368903966240864 13.94
1395 5.327090951202793 13.95
1396 5.316795924884209 13.96
1397 5.312772946570083 13.97
1398 5.279207820776207 13.98
1399 5.336796647500621 13.99
1400 5.351675587794237 14
1401 5.355783267222554 14.01
1402 5.382151846022373 14.02
1403 5.406782588237419 14.03
1404 5.438668251840665 14.04
1405 5.485711874254905 14.05
1406 5.513067002758272 14.06
1407 5.543870965490147 14.07
1408 5.552718409924054 14.08
1409 5.602328921169694 14.09
1410 5.593801675842521 14.1
1411 5.652309642900257 14.11
1412 5.697506844420284 14.12
1413 5.73345092394513 14.13
1414 5.708820836121027 14.14
1415 5.774777656524286 14.15
1416 5.83383965162602 14.16
1417 5.840173117574274 14.17
1418 5.896066521713979 14.18
1419 5.954205065011967 14.19
1420 5.963511022760456 14.2
1421 5.993342041398532 14.21
1422 6.027340109333318 14.22
1423 6.074386300285635 14.23
1424 6.064879613524393 14.24
1425 6.072909490203316 14.25
1426 6.103097296180239 14.26
1427 6.1681333234773 14.27
1428 6.166100347750796 14.28
1429 6.18541228197171 14.29
1430 6.166801812008377 14.3
1431 6.21559376667848 14.31
1432 6.243107022987737 14.32
1433 6.291732864704509 14.33
1434 6.275162119261158 14.34
1435 6.306494327626265 14.35
1436 6.335249475984406 14.36
1437 6.28399949951929 14.37
1438 6.281794271430382 14.38
1439 6.286619076351394 14.39
1440 6.311018207884466 14.4
1441 6.310718779377503 14.41
1442 6.388651630526523 14.42
1443 6.433816308802646 14.43
1444 6.339282578741318 14.44
1445 6.303021546735877 14.45
1446 6.330712985521777 14.46
1447 6.256404885763836 14.47
1448 6.221925848837986 14.48
1449 6.316694901312434 14.49
1450 6.362906989994203 14.5
1451 6.362672107755179 14.51
1452 6.431773758820895 14.52
1453 6.441748245508724 14.53
1454 6.436863014649602 14.54
1455 6.440440212934157 14.55
1456 6.435475402496185 14.56
1457 6.439739009220212 14.57
1458 6.458704366685954 14.58
1459 6.44326337359603 14.59
1460 6.493209119831588 14.6
1461 6.53586258499998 14.61
1462 6.52489214526845 14.62
1463 6.585393922018775 14.63
1464 6.575518306434486 14.64
1465 6.556918592843543 14.65
1466 6.573264248455512 14.66
1467 6.585537133132328 14.67
1468 6.582268242814287 14.68
1469 6.620105692369701 14.69
1470 6.656250623843832 14.7
1471 6.673441495891163 14.71
1472 6.672740781503252 14.72
1473 6.691456571424509 14.73
1474 6.70218753919095 14.74
1475 6.664286133270297 14.75
1476 6.695104629251614 14.76
1477 6.742077796288659 14.77
1478 6.763881988595788 14.78
1479 6.712917301511482 14.79
1480 6.775874929088094 14.8
1481 6.818011290726226 14.81
1482 6.808218923644325 14.82
1483 6.807607895638812 14.83
1484 6.841282453359185 14.84
1485 6.859874498418886 14.85
1486 6.872707262439486 14.86
1487 6.905111913190598 14.87
1488 6.911189635266407 14.88
1489 6.881618614850681 14.89
1490 6.968350547394298 14.9
1491 7.040535220160013 14.91
1492 7.028386152724083 14.92
1493 6.934325049636893 14.93
1494 6.962365873548936 14.94
1495 6.953876565430702 14.95
1496 6.95509679789657 14.96
1497 6.992732602171372 14.97
1498 7.09297994593515 14.98
1499 7.176857188437505 14.99
1500 7.128382415333426 15
1501 7.059976031172004 15.01
1502 7.056815182671498 15.02
1503 7.030774241029602 15.03
1504 7.017690730626742 15.04
1505 7.022473296099218 15.05
1506 7.140988784415803 15.06
1507 7.163267861852307 15.07
1508 7.15127921229487 15.08
1509 7.120302488939193 15.09
1510 7.106357584258289 15.1
1511 7.09734735065597 15.11
1512 7.03979203808493 15.12
1513 7.041897276857321 15.13
1514 7.075525449135307 15.14
1515 7.071309240204536 15.15
1516 7.085308978587328 15.16
1517 7.011885515938778 15.17
1518 7.0109693622588 15.18
1519 7.054478899213663 15.19
1520 7.029785812479592 15.2
1521 7.006507432204001 15.21
1522 6.990595992230273 15.22
1523 6.98739470443969 15.23
1524 7.002659248912038 15.24
1525 6.96796948450276 15.25
1526 6.979427837187367 15.26
1527 6.899650886827324 15.27
1528 6.857974748323405 15.28
1529 6.856354849918209 15.29
1530 6.82023519835241 15.3
1531 6.754945202704807 15.31
1532 6.859799277925694 15.32
1533 6.845450437323964 15.33
1534 6.769682667965957 15.34
1535 6.728622984344349 15.35
1536 6.719187496228241 15.36
1537 6.600215958477484 15.37
1538 6.589612380831938 15.38
1539 6.645521731804284 15.39
1540 6.62376275299428 15.4
1541 6.539886366359043 15.41
1542 6.51538482786354 15.42
1543 6.52636731538252 15.43
1544 6.457197909743833 15.44
1545 6.422377137347077 15.45
1546 6.41120644607606 15.46
1547 6.364172799190724 15.47
1548 6.363598403898931 15.48
1549 6.307940808679837 15.49
1550 6.234391995028983 15.5
1551 6.216015993169743 15.51
1552 6.121993638204832 15.52
1553 6.177671919651769 15.53
1554 6.139378371590894 15.54
1555 6.12721459701172 15.55
1556 6.098778573290136 15.56
1557 6.011444676850991 15.57
1558 6.015509463326421 15.58
1559 5.911811549024287 15.59
1560 5.897546727343427 15.6
1561 5.910681064291575 15.61
1562 5.878502849234247 15.62
1563 5.813269249597357 15.63
1564 5.753387060540081 15.64
1565 5.762249536441701 15.65
1566 5.732258995597047 15.66
1567 5.719575779510246 15.67
1568 5.63599040786842 15.68
1569 5.621538529485927 15.69
1570 5.62655613568202 15.7
1571 5.564855154246088 15.71
1572 5.589307858399827 15.72
1573 5.496803223062485 15.73
1574 5.461823725394073 15.74
1575 5.427126957790025 15.75
1576 5.411200726704008 15.76
1577 5.395996587466462 15.77
1578 5.375348633093958 15.78
1579 5.346532985414157 15.79
1580 5.371697892726317 15.8
1581 5.33078166841099 15.81
1582 5.355284629069463 15.82
1583 5.331783305562332 15.83
1584 5.315100025402032 15.84
1585 5.261461899393082 15.85
1586 5.24101173136983 15.86
1587 5.19679665715494 15.87
1588 5.198540695911607 15.88
1589 5.196831485183864 15.89
1590 5.162188262760308 15.9
1591 5.111628345545828 15.91
1592 5.081211630745019 15.92
1593 5.10250303481192 15.93
1594 5.096380291816223 15.94
1595 5.086303247884496 15.95
1596 5.079599943382032 15.96
1597 5.067153367691149 15.97
1598 5.098745676454809 15.98
1599 5.090243613155848 15.99
1600 5.021864203567202 16
1601 5.042742725150024 16.01
1602 5.061444877864625 16.02
1603 5.025936596891408 16.03
1604 4.985744438089467 16.04
1605 5.019544430550014 16.05
1606 5.025747868502621 16.06
1607 5.091388088184389 16.07
1608 5.136136607171538 16.08
1609 5.063020575997671 16.09
1610 5.047475434313713 16.1
1611 5.070940892910922 16.11
1612 5.0872004250094 16.12
1613 5.091780627067101 16.13
1614 5.12829580710641 16.14
1615 5.164509711504693 16.15
1616 5.158838143643513 16.16
1617 5.168311907476224 16.17
1618 5.178177247954426 16.18
1619 5.211869975935331 16.19
1620 5.373222835516311 16.2
1621 5.370239962067231 16.21
1622 5.325176210784891 16.22
1623 5.337401794751245 16.23
1624 5.326483858392545 16.24
1625 5.410607422469129 16.25
1626 5.3203858370645 16.26
1627 5.44793136965907 16.27
1628 5.524768701283973 16.28
1629 5.47379127412373 16.29
1630 5.519591900805887 16.3
1631 5.580183585711295 16.31
1632 5.545498296567264 16.32
1633 5.658196486036438 16.33
1634 5.675984383379221 16.34
1635 5.701909686238516 16.35
1636 5.763929552885733 16.36
1637 5.766145886250805 16.37
1638 5.858165456924594 16.38
1639 5.791640978728483 16.39
1640 5.832380591840423 16.4
1641 5.891857947029924 16.41
1642 5.890633682240035 16.42
1643 5.966097712627381 16.43
1644 5.936961049393262 16.44
1645 5.917886169679305 16.45
1646 5.98055509584045 16.46
1647 5.970029642099307 16.47
1648 5.978316934577604 16.48
1649 6.087686137167222 16.49
1650 6.073727415738071 16.5
1651 6.077713649859699 16.51
1652 6.082157077683155 16.52
1653 6.08188816937923 16.53
1654 6.062532089991725 16.54
1655 6.085715824605046 16.55
1656 6.071150243947439 16.56
1657 6.1047241669155 16.57
1658 6.110958980707445 16.58
1659 6.127621927542621 16.59
1660 6.121385987468869 16.6
1661 6.110124682951307 16.61
1662 6.112406427040622 16.62
1663 6.131739856188164 16.63
1664 6.141899544333867 16.64
1665 6.202471193072936 16.65
1666 6.173708836627059 16.66
1667 6.259831197992549 16.67
1668 6.345461617093893 16.68
1669 6.340350555288489 16.69
1670 6.361528452135898 16.7
1671 6.278933989767989 16.71
1672 6.277723166271316 16.72
1673 6.307416918347447 16.73
1674 6.347685504946872 16.74
1675 6.386605098031517 16.75
1676 6.400046568809096 16.76
1677 6.456245017669795 16.77
1678 6.453405084213768 16.78
1679 6.476969059252499 16.79
1680 6.455431015263507 16.8
1681 6.444780572135487 16.81
1682 6.428099596123689 16.82
1683 6.450520101893312 16.83
1684 6.576428964159838 16.84
1685 6.597310487679626 16.85
1686 6.605366890043448 16.86
1687 6.582605539670591 16.87
1688 6.613740688803235 16.88
1689 6.617401113105511 16.89
1690 6.600130988779815 16.9
1691 6.648019806539596 16.91
1692 6.618865444818233 16.92
1693 6.670565906764256 16.93
1694 6.668199928143408 16.94
1695 6.74500989039779 16.95
1696 6.776368478507371 16.96
1697 6.735164952902474 16.97
1698 6.807335256259679 16.98
1699 6.817165805647327 16.99
1700 6.814967707672936 17
1701 6.865480521594058 17.01
1702 6.88429596903068 17.02
1703 6.880238832843541 17.03
1704 6.873635424107571 17.04
1705 7.029716552167555 17.05
1706 7.033611743670081 17.06
1707 6.94094198971353 17.07
1708 6.973364572497331 17.08
1709 6.951559354601566 17.09
1710 7.023563689767224 17.1
1711 7.103764801704212 17.11
1712 7.115539013374566 17.12
1713 7.151102739273216 17.13
1714 7.162186969785712 17.14
1715 7.156365524917726 17.15
1716 7.096381115932813 17.16
1717 7.135856976735617 17.17
1718 7.205288087754434 17.18
1719 7.119784376205656 17.19
1720 7.058564075918442 17.2
1721 7.191405929248153 17.21
1722 7.257338910950406 17.22
1723 7.278346268371802 17.23
1724 7.201261567519795 17.24
1725 7.14455819809143 17.25
1726 7.21547151278808 17.26
1727 7.315791106131396 17.27
1728 7.302046236190697 17.28
1729 7.290296036954945 17.29
1730 7.228270421005704 17.3
1731 7.252727133456101 17.31
1732 7.245505430768811 17.32
1733 7.263339130211423 17.33
1734 7.272255849134739 17.34
1735 7.328677184583257 17.35
1736 7.265682539149791 17.36
1737 7.193836161650243 17.37
1738 7.236944496093946 17.38
1739 7.201813020751817 17.39
1740 7.110905905086409 17.4
1741 7.226599419906769 17.41
1742 7.235042595794392 17.42
1743 7.249562591831503 17.43
1744 7.346213817814093 17.44
1745 7.259810893197288 17.45
1746 7.226143387530555 17.46
1747 7.174502193776349 17.47
1748 7.102363693076374 17.48
1749 7.131771470956362 17.49
1750 7.193725026209181 17.5
1751 7.109106130276064 17.51
1752 7.0996016802772 17.52
1753 7.105559780842972 17.53
1754 7.143918103905696 17.54
1755 7.048793609115381 17.55
1756 7.006412706034815 17.56
1757 7.052494953672849 17.57
1758 7.055079887251757 17.58
1759 7.038848947060959 17.59
1760 6.883745195696936 17.6
1761 6.803506142912789 17.61
1762 6.777003174489569 17.62
1763 6.832364396198179 17.63
1764 6.875331521518086 17.64
1765 6.820175390122254 17.65
1766 6.78406189748898 17.66
1767 6.775109835684971 17.67
1768 6.727293453391438 17.68
1769 6.661143542035515 17.69
1770 6.602447339476528 17.7
1771 6.590427737078786 17.71
1772 6.557384136422608 17.72
1773 6.559736957400792 17.73
1774 6.564208506346905 17.74
1775 6.456420726472184 17.75
1776 6.435735172437575 17.76
1777 6.446007274219411 17.77
1778 6.37818037363012 17.78
1779 6.33268717098384 17.79
1780 6.342802719530386 17.8
1781 6.266107824695192 17.81
1782 6.217470944968218 17.82
1783 6.193442451570016 17.83
1784 6.171225981148323 17.84
1785 6.14896585897944 17.85
1786 6.094014433284689 17.86
1787 6.111231718381231 17.87
1788 6.080497078368061 17.88
1789 5.970294401229302 17.89
1790 5.980900615944663 17.9
1791 5.960378906357415 17.91
1792 5.896548255907683 17.92
1793 5.858062137819966 17.93
1794 5.849251406104125 17.94
1795 5.797932939172938 17.95
1796 5.777248524926548 17.96
1797 5.838842395287311 17.97
1798 5.787863279518853 17.98
1799 5.702829879024699 17.99
1800 5.697127126803854 18
1801 5.681806970921914 18.01
1802 5.644443230362512 18.02
1803 5.633584479097567 18.03
1804 5.638639609900183 18.04
1805 5.581917846228677 18.05
1806 5.517793779247297 18.06
1807 5.520630733252977 18.07
1808 5.486668838246906 18.08
1809 5.461144661575831 18.09
1810 5.475739847936862 18.1
1811 5.471986425354779 18.11
1812 5.392155832614974 18.12
1813 5.395678348244271 18.13
1814 5.405247274098159 18.14
1815 5.411772205243482 18.15
1816 5.405282920855671 18.16
1817 5.428047404407963 18.17
1818 5.391159846114454 18.18
1819 5.368209378246079 18.19
1820 5.379933417226042 18.2
1821 5.344459278008581 18.21
1822 5.330275771195443 18.22
1823 5.330999611676341 18.23
1824 5.350563654897756 18.24
1825 5.31752889106029 18.25
1826 5.335657871236252 18.26
1827 5.350773584223261 18.27
1828 5.339730506782324 18.28
1829 5.373540154586539 18.29
1830 5.422533687568087 18.3
1831 5.441896179512726 18.31
1832 5.43661269408991 18.32
1833 5.434260745269615 18.33
1834 5.467238333969477 18.34
1835 5.485233488386255 18.35
1836 5.540441977313373 18.36
1837 5.537639311943956 18.37
1838 5.553558625436122 18.38
1839 5.604746918565607 18.39
1840 5.690743969882837 18.4
1841 5.637476593543363 18.41
1842 5.703388617968093 18.42
1843 5.759974451918224 18.43
1844 5.7317012545451 18.44
1845 5.744576037848256 18.45
1846 5.860301534577362 18.46
1847 5.854529629590734 18.47
1848 5.887067102796193 18.48
1849 5.938069616124656 18.49
1850 5.949341696856399 18.5
1851 5.981477259225872 18.51
1852 6.036838552915122 18.52
1853 6.065728067833058 18.53
1854 6.080939516443042 18.54
1855 6.095695801845759 18.55
1856 6.105058024947184 18.56
1857 6.128247643493255 18.57
1858 6.154778967556493 18.58
1859 6.16391371147661 18.59
1860 6.177220657118234 18.6
1861 6.20542681442075 18.61
1862 6.240727898809133 18.62
1863 6.277782338290162 18.63
1864 6.290557948589889 18.64
1865 6.266452410632414 18.65
1866 6.299984910538886 18.66
1867 6.348074439982974 18.67
1868 6.336418151644126 18.68
1869 6.322337508831484 18.69
1870 6.288031270054479 18.7
1871 6.313676892505593 18.71
1872 6.344924502754252 18.72
1873 6.376471169544097 18.73
1874 6.36502803958094 18.74
1875 6.366691046618242 18.75
1876 6.336813444054364 18.76
1877 6.328895100726202 18.77
1878 6.280828147968292 18.78
1879 6.292486099271275 18.79
1880 6.334822650383511 18.8
1881 6.35532127496175 18.81
1882 6.401153746196595 18.82
1883 6.439643946564159 18.83
1884 6.405469607521479 18.84
1885 6.404488645866603 18.85
1886 6.436852958345562 18.86
1887 6.463722139372788 18.87
1888 6.468574875965576 18.88
1889 6.435247066959771 18.89
1890 6.467660215477288 18.9
1891 6.528452599962589 18.91
1892 6.501941001377586 18.92
1893 6.503499639351414 18.93
1894 6.531567166998975 18.94
1895 6.523746381475259 18.95
1896 6.578404661041816 18.96
1897 6.57424225955526 18.97
1898 6.590023850222022 18.98
1899 6.628487871771232 18.99
1900 6.667649369024304 19
1901 6.677705029714536 19.01
1902 6.624707115786275 19.02
1903 6.646703159792 19.03
1904 6.680356804278926 19.04
1905 6.670753704491085 19.05
1906 6.692094700952131 19.06
1907 6.767970579769572 19.07
1908 6.773833938450847 19.08
1909 6.708726974528789 19.09
1910 6.777922993487352 19.1
1911 6.826352144887754 19.11
1912 6.822570959867031 19.12
1913 6.838734427880952 19.13
1914 6.868648856703501 19.14
1915 6.866172872436979 19.15
1916 6.872837237836258 19.16
1917 6.930187688721306 19.17
1918 6.935015960506079 19.18
1919 6.909897906266464 19.19
1920 6.999184276890507 19.2
1921 6.949116597106964 19.21
1922 6.976071050932568 19.22
1923 6.950327036511254 19.23
1924 6.993540770043109 19.24
1925 7.015623627164848 19.25
1926 7.00708316077873 19.26
1927 7.065857278157635 19.27
1928 7.131730092395746 19.28
1929 7.1111234483847 19.29
1930 7.104262543699031 19.3
1931 7.075596013655649 19.31
1932 7.102948920260825 19.32
1933 7.092845836683648 19.33
1934 7.107902710053748 19.34
1935 7.105727968797324 19.35
1936 7.163568690273795 19.36
1937 7.16160746975101 19.37
1938 7.087669066841464 19.38
1939 7.050697607158541 19.39
1940 7.13288084598551 19.4
1941 7.141624943423542 19.41
1942 7.108167418720037 19.42
1943 7.104730864956387 19.43
1944 7.082968727170183 19.44
1945 7.053425201766041 19.45
1946 7.059192989707007 19.46
1947 7.091696035037995 19.47
1948 7.058945505584234 19.48
1949 7.053414521798183 19.49
1950 7.070033644516847 19.5
1951 6.999620982808779 19.51
1952 6.980094320427319 19.52
1953 6.990752839165602 19.53
1954 7.010037573290168 19.54
1955 6.938922801198591 19.55
1956 6.942780117087406 19.56
1957 6.873473753826532 19.57
1958 6.853780082164202 19.58
1959 6.912011281482393 19.59
1960 6.891614399961242 19.6
1961 6.848421336498987 19.61
1962 6.83500562735136 19.62
1963 6.82982844389937 19.63
1964 6.715184468416866 19.64
1965 6.722822382033691 19.65
1966 6.754707378357093 19.66
1967 6.697881181597693 19.67
1968 6.649552159699645 19.68
1969 6.634337384234507 19.69
1970 6.640471607342787 19.7
1971 6.567413341603801 19.71
1972 6.525056829130954 19.72
1973 6.521843548548772 19.73
1974 6.510234456640354 19.74
1975 6.502440002799432 19.75
1976 6.439139890174576 19.76
1977 6.382112303849552 19.77
1978 6.34811919847226 19.78
1979 6.288045494474677 19.79
1980 6.24857165657262 19.8
1981 6.230014844176772 19.81
1982 6.192115232082605 19.82
1983 6.212332919530233 19.83
1984 6.161589144710146 19.84
1985 6.100913482768228 19.85
1986 6.075676870690985 19.86
1987 6.004080936526839 19.87
1988 5.972661594743973 19.88
1989 5.956790253169109 19.89
1990 5.933627468697622 19.9
1991 5.895357982670436 19.91
1992 5.835861778340769 19.92
1993 5.782133741157306 19.93
1994 5.754465352629413 19.94
1995 5.760912593597211 19.95
1996 5.738550812260131 19.96
1997 5.714170220554555 19.97
1998 5.647799807976766 19.98
1999 5.614684118567929 19.99
2000 5.619034432113131 20
