"cm-rfile"
"Time Step" "cm etc.."
("Time Step" "cm" "flow-time")
0 0 0
1 -0.5009711055520485 0.01
2 -0.005575077429243833 0.02
3 -0.2413917491441225 0.03
4 -0.3009290748887151 0.04
5 -0.3065055849324274 0.05
6 -0.2880011545377528 0.06
7 -0.2570062134743896 0.07000000000000001
8 -0.2422865033576719 0.08
9 -0.2540209576650643 0.09
10 -0.2539149531885233 0.1
11 -0.2467212743085433 0.11
12 -0.2336920983072412 0.12
13 -0.2165535984390547 0.13
14 -0.2115871853148697 0.14
15 -0.2138178745027856 0.15
16 -0.2117187461301724 0.16
17 -0.1982589117823442 0.17
18 -0.1977349122849718 0.18
19 -0.1938788797611744 0.19
20 -0.1936900030455855 0.2
21 -0.1846372994858039 0.21
22 -0.1911153881332315 0.22
23 -0.1902832565481903 0.23
24 -0.1710772531421022 0.24
25 -0.1739791195470786 0.25
26 -0.1651598511935876 0.26
27 -0.1753300008041349 0.27
28 -0.1767292140697123 0.28
29 -0.1691393330741416 0.29
30 -0.1543050250997359 0.3
31 -0.1561969573616077 0.31
32 -0.1466521968829325 0.32
33 -0.1312376440844326 0.33
34 -0.1303291190603479 0.34
35 -0.1305270083983953 0.35
36 -0.1343786540085516 0.36
37 -0.1268140361796977 0.37
38 -0.1269241214126479 0.38
39 -0.1143722389671587 0.39
40 -0.08723269673604304 0.4
41 -0.0777650960072465 0.41
42 -0.07692665873064806 0.42
43 -0.07182602357670008 0.43
44 -0.07214551466925805 0.44
45 -0.06362117165966379 0.45
46 -0.05210719358017762 0.46
47 -0.04054602581028093 0.47
48 -0.02810154398729226 0.48
49 -0.01679821123477736 0.49
50 -0.01098733026133117 0.5
51 -0.002599060906042315 0.51
52 0.005910779169570009 0.52
53 0.01332574930712945 0.53
54 0.01929219563603581 0.54
55 0.03140611681536921 0.55
56 0.03944172168350987 0.5600000000000001
57 0.04286980130083434 0.5700000000000001
58 0.04525845873719567 0.58
59 0.05915239951329886 0.59
60 0.06231827373231602 0.6
61 0.07400958117747526 0.61
62 0.07709614238995639 0.62
63 0.08150013608852333 0.63
64 0.1052118871558912 0.64
65 0.1037038099855341 0.65
66 0.09650258994266361 0.66
67 0.1190537322574743 0.67
68 0.1351487169517733 0.68
69 0.1406529878843291 0.6900000000000001
70 0.1390483518207483 0.7000000000000001
71 0.1487527357178522 0.71
72 0.1472093123386498 0.72
73 0.1526829178136565 0.73
74 0.1558456309191019 0.74
75 0.1555871171209515 0.75
76 0.1601298998233124 0.76
77 0.1680384154718725 0.77
78 0.1849825014336219 0.78
79 0.1835312199931474 0.79
80 0.194557331644319 0.8
81 0.2046584767214845 0.8100000000000001
82 0.2026722677075846 0.8200000000000001
83 0.1965810471544469 0.8300000000000001
84 0.1974358319784783 0.84
85 0.196908576070187 0.85
86 0.2056111276924726 0.86
87 0.2013775232308286 0.87
88 0.2039619581510034 0.88
89 0.2077843243790851 0.89
90 0.2064702955630366 0.9
91 0.2026041104784213 0.91
92 0.200338802866377 0.92
93 0.2032923588704804 0.93
94 0.2010262209708609 0.9400000000000001
95 0.201144562496891 0.9500000000000001
96 0.2032562696161105 0.96
97 0.2024652255889905 0.97
98 0.1981764646342012 0.98
99 0.1987209083276251 0.99
100 0.1979149131048963 1
101 0.2113204151546941 1.01
102 0.2047358391719772 1.02
103 0.2082086367807634 1.03
104 0.2207349757334203 1.04
105 0.2244700960721588 1.05
106 0.2304785082285795 1.06
107 0.2368025542946732 1.07
108 0.2306612001125042 1.08
109 0.2383544173521855 1.09
110 0.2347044630756269 1.1
111 0.2320713961859381 1.11
112 0.2313831834087042 1.12
113 0.2372545325707845 1.13
114 0.2383833060708763 1.14
115 0.2305697459092987 1.15
116 0.2416982749909212 1.16
117 0.2385026670622064 1.17
118 0.2372550776749928 1.18
119 0.2369206646145852 1.19
120 0.2367453430446322 1.2
121 0.2300074777090699 1.21
122 0.2278809412923204 1.22
123 0.2245463651846226 1.23
124 0.2152745275477907 1.24
125 0.2182085187995617 1.25
126 0.2133725441851936 1.26
127 0.2047713943932307 1.27
128 0.2076390677948879 1.28
129 0.1986442221733856 1.29
130 0.2061441168526672 1.3
131 0.1986580073396477 1.31
132 0.1831594618965392 1.32
133 0.1651680302408821 1.33
134 0.1666004182333477 1.34
135 0.1693652747243279 1.35
136 0.1683630495133288 1.36
137 0.1521942764831409 1.37
138 0.1528213558140418 1.38
139 0.1541317340171489 1.39
140 0.1477678177032855 1.4
141 0.1398595220160138 1.41
142 0.1282207346224482 1.42
143 0.115943519137377 1.43
144 0.1151394114498245 1.44
145 0.1079550686740181 1.45
146 0.1009592202194102 1.46
147 0.09233815622949254 1.47
148 0.09063998606292509 1.48
149 0.08702492980203781 1.49
150 0.08658535841131003 1.5
151 0.08041598621621551 1.51
152 0.06940371434581578 1.52
153 0.06624211675156355 1.53
154 0.05889572830562097 1.54
155 0.04792534022885719 1.55
156 0.04854497761328877 1.56
157 0.04932538921875312 1.57
158 0.03694740345099592 1.58
159 0.02468189328701547 1.59
160 0.01303339900305099 1.6
161 0.00614092752259666 1.61
162 -0.004910306312428777 1.62
163 -0.01253038592860757 1.63
164 -0.007373600542870894 1.64
165 -0.01419381183102197 1.65
166 -0.02438315440737764 1.66
167 -0.02657898372203919 1.67
168 -0.0323131186614306 1.68
169 -0.03510942653151487 1.69
170 -0.03671384865403532 1.7
171 -0.03801290251186726 1.71
172 -0.0378164238487551 1.72
173 -0.02395113492137513 1.73
174 -0.02783384294531529 1.74
175 -0.02465667250427007 1.75
176 -0.01578358933133105 1.76
177 -0.002037878486804686 1.77
178 0.001893299625927528 1.78
179 0.005857316556214537 1.79
180 0.001465966063008305 1.8
181 0.00813958330803809 1.81
182 0.01847557725291289 1.82
183 0.02219755553248225 1.83
184 0.01544210836644531 1.84
185 0.01912631979200968 1.85
186 0.02287621631270868 1.86
187 0.02491751276692545 1.87
188 0.01829548767817576 1.88
189 0.02174021395252671 1.89
190 0.03384239088281169 1.9
191 0.02698918016149683 1.91
192 0.02293284313223988 1.92
193 0.02064181808232849 1.93
194 0.02259787052589228 1.94
195 0.02256081920197466 1.95
196 0.02435177922818261 1.96
197 0.0234147917628111 1.97
198 0.01739543480089586 1.98
199 0.02175852999143066 1.99
200 0.03229111778254256 2
201 0.02218933310891172 2.01
202 0.00950500500627951 2.02
203 0.01157840165368199 2.03
204 0.01484187094052533 2.04
205 0.01110699350552252 2.05
206 0.009749517198556308 2.06
207 0.006639091365159677 2.07
208 0.005278880285337745 2.08
209 -0.001386202602621522 2.09
210 0.00384949357244669 2.1
211 0.005805030859042586 2.11
212 0.002256018353667895 2.12
213 -7.262902063498737e-05 2.13
214 0.0008228687123703845 2.14
215 -0.002537459989851196 2.15
216 -0.009038381211310504 2.16
217 0.001562300272030658 2.17
218 0.01370155562262282 2.18
219 0.01215660247254155 2.19
220 0.007874433628771178 2.2
221 0.0120737006903851 2.21
222 0.00799793045235749 2.22
223 0.008740626734474741 2.23
224 0.006891640343878096 2.24
225 0.01266098658807512 2.25
226 0.01830822307998983 2.26
227 0.01869682582028855 2.27
228 0.02516869875337523 2.28
229 0.03499254856561884 2.29
230 0.03378377902499455 2.3
231 0.03152034797879495 2.31
232 0.03602956355291826 2.32
233 0.03975391604763968 2.33
234 0.04878475116656902 2.34
235 0.05121893785894877 2.35
236 0.05404287606930945 2.36
237 0.05830605992339245 2.37
238 0.06177865050230182 2.38
239 0.06587660985061049 2.39
240 0.06979790325897195 2.4
241 0.07625942119972219 2.41
242 0.08230447513507473 2.42
243 0.09234122283713764 2.43
244 0.09590311785085252 2.44
245 0.1007305004091078 2.45
246 0.1029008775325386 2.46
247 0.109118667691846 2.47
248 0.1195784966051635 2.48
249 0.113113160974767 2.49
250 0.1150097118970379 2.5
251 0.1295721400546303 2.51
252 0.1303815270264871 2.52
253 0.1379798585460266 2.53
254 0.1436381522091116 2.54
255 0.1515856304519617 2.55
256 0.1480664049097492 2.56
257 0.1545259099895651 2.57
258 0.1646644154895049 2.58
259 0.1701285673512692 2.59
260 0.1700048630828146 2.6
261 0.1790669221116545 2.61
262 0.1843454812352368 2.62
263 0.1837784197340331 2.63
264 0.1856509008299715 2.64
265 0.1954404491814347 2.65
266 0.1979624684595941 2.66
267 0.1990545317421585 2.67
268 0.2019662111952258 2.68
269 0.2050100901069652 2.69
270 0.2069353018741837 2.7
271 0.2173209085806364 2.71
272 0.2163796844946095 2.72
273 0.2158116004128191 2.73
274 0.2234463544757205 2.74
275 0.2302725137779268 2.75
276 0.2322172945668552 2.76
277 0.2370476158453833 2.77
278 0.235132685201027 2.78
279 0.2366472580589912 2.79
280 0.2444791752441996 2.8
281 0.2449127651000546 2.81
282 0.2384011756271175 2.82
283 0.2438836304346637 2.83
284 0.2504265565852068 2.84
285 0.2487641742160256 2.85
286 0.2509682835151871 2.86
287 0.2547810262341337 2.87
288 0.2616502012664566 2.88
289 0.2542305085790124 2.89
290 0.258484114984362 2.9
291 0.2632138815814039 2.91
292 0.2643664631908725 2.92
293 0.2690881814776317 2.93
294 0.2713363817695465 2.94
295 0.2720329062198559 2.95
296 0.2740074952204236 2.96
297 0.2791888587090224 2.97
298 0.2729213468882019 2.98
299 0.2773835487267674 2.99
300 0.2826736190369892 3
301 0.2788755387564436 3.01
302 0.2749521731132948 3.02
303 0.2800905383770438 3.03
304 0.277801959244991 3.04
305 0.2856451471574374 3.05
306 0.291975204841843 3.06
307 0.3030787400580062 3.07
308 0.301437666733656 3.08
309 0.2852647673582204 3.09
310 0.2906229662789994 3.1
311 0.2992810418747094 3.11
312 0.3057492901271521 3.12
313 0.3117482303521641 3.13
314 0.3027047706266348 3.14
315 0.298879198905326 3.15
316 0.304078862186456 3.16
317 0.305228752180089 3.17
318 0.3139170153731633 3.18
319 0.3144792688320575 3.19
320 0.3190056810586562 3.2
321 0.3170439936391974 3.21
322 0.3138054842952356 3.22
323 0.310093930293172 3.23
324 0.3112103945421527 3.24
325 0.3135641802370974 3.25
326 0.3131937207848781 3.26
327 0.3111989596617904 3.27
328 0.3116735830057092 3.28
329 0.3001655759616935 3.29
330 0.2955797491214042 3.3
331 0.2926206428443369 3.31
332 0.2915146155915473 3.32
333 0.303876689998605 3.33
334 0.2964351103970079 3.34
335 0.2909470575042899 3.35
336 0.2809794843611217 3.36
337 0.2719925147441047 3.37
338 0.2705799178206218 3.38
339 0.2659175603243518 3.39
340 0.2468547676801644 3.4
341 0.2497743073373286 3.41
342 0.2462405226791299 3.42
343 0.2417865218697931 3.43
344 0.2352841756814343 3.44
345 0.2275232969224266 3.45
346 0.223268475757159 3.46
347 0.2183478797069105 3.47
348 0.2058621844844885 3.48
349 0.1956685614565221 3.49
350 0.1877933896953243 3.5
351 0.1794038383308506 3.51
352 0.17100931884283 3.52
353 0.1655861311448142 3.53
354 0.1583309114834172 3.54
355 0.1541158323343666 3.55
356 0.1475512773133427 3.56
357 0.1389590261050438 3.57
358 0.1310068984905718 3.58
359 0.1267887689976663 3.59
360 0.1247184252573358 3.6
361 0.1236715866334313 3.61
362 0.1179710530856079 3.62
363 0.1123744962737279 3.63
364 0.09542119449203738 3.64
365 0.08923881209515251 3.65
366 0.09546003655985398 3.66
367 0.08734621704953058 3.67
368 0.08697986099903639 3.68
369 0.0834377907189346 3.69
370 0.0819334713371518 3.7
371 0.07467364853467857 3.71
372 0.08455029808493641 3.72
373 0.07149557263477854 3.73
374 0.06172896809848374 3.74
375 0.06976657901535878 3.75
376 0.06658322867107939 3.76
377 0.06840265447873869 3.77
378 0.06226540404319018 3.78
379 0.06146222357709429 3.79
380 0.05597294930558334 3.8
381 0.05815586535402434 3.81
382 0.06250701031409625 3.82
383 0.0507514699974364 3.83
384 0.03634337314018116 3.84
385 0.04154834638874892 3.85
386 0.04555130679791203 3.86
387 0.04190885390359977 3.87
388 0.03169619969347425 3.88
389 0.02676428155097357 3.89
390 0.02534362992070998 3.9
391 0.0320364247846782 3.91
392 0.03113449756189838 3.92
393 0.0248567575613649 3.93
394 0.01612275104091886 3.94
395 0.01581510049391765 3.95
396 0.02998741094867726 3.96
397 0.03263247856669296 3.97
398 0.02599326266010817 3.98
399 0.01717918567537622 3.99
400 -9.747819619299859e-05 4
401 0.01390913580088501 4.01
402 0.01900362595975878 4.02
403 0.02282141106892676 4.03
404 0.01035402897765301 4.04
405 0.009040827601884644 4.05
406 0.02263611885731445 4.06
407 0.0210520323796302 4.07
408 0.005920849403030472 4.08
409 0.01922333774850803 4.09
410 0.02270090165225994 4.1
411 0.01877612744644022 4.11
412 0.01174886738383795 4.12
413 0.007923323150318044 4.13
414 0.0156290077551654 4.14
415 0.01473526222280442 4.15
416 0.02689590778152349 4.16
417 0.03090114707705027 4.17
418 0.009843257670232516 4.18
419 0.01129598404167538 4.19
420 0.007561897121100406 4.2
421 0.01392239432574273 4.21
422 0.02048433550638086 4.22
423 0.02656797370620063 4.23
424 0.02727842927765874 4.24
425 0.02604479221448484 4.25
426 0.02130726434967281 4.26
427 0.01858395284455796 4.27
428 0.01268165444919262 4.28
429 0.01998451873624364 4.29
430 0.03148381321126425 4.3
431 0.02878932845348663 4.31
432 0.02489748513234276 4.32
433 0.02690628133156048 4.33
434 0.0265751214221099 4.34
435 0.02390833040487748 4.350000000000001
436 0.02487308496937008 4.36
437 0.02616331468770409 4.37
438 0.02326255711596908 4.38
439 0.02653031513961407 4.39
440 0.03149845663721447 4.4
441 0.03606677448501911 4.41
442 0.03371825256521629 4.42
443 0.0371251441014494 4.43
444 0.0417110647607602 4.44
445 0.0383537561567034 4.45
446 0.03813167592350234 4.46
447 0.04383714072892161 4.47
448 0.05097737329679906 4.48
449 0.05172134565118019 4.49
450 0.05402809441956373 4.5
451 0.05631557865493828 4.51
452 0.05090741450978441 4.52
453 0.07052639412845292 4.53
454 0.07606753865652388 4.54
455 0.0781035485621949 4.55
456 0.07949567880467713 4.56
457 0.08734137999668359 4.57
458 0.08779346905106383 4.58
459 0.09670381808742688 4.59
460 0.09254933809622623 4.600000000000001
461 0.09146570748021218 4.61
462 0.107136012144261 4.62
463 0.1087986986520383 4.63
464 0.1239402176189455 4.64
465 0.1263592664614212 4.65
466 0.1232537196182546 4.66
467 0.1326570021718621 4.67
468 0.1280362711730066 4.68
469 0.1374306067774032 4.69
470 0.1487567180381486 4.7
471 0.1590468539261164 4.71
472 0.1630562300641827 4.72
473 0.1662930027302287 4.73
474 0.1604603104898991 4.74
475 0.1535614622315931 4.75
476 0.1701620130862475 4.76
477 0.1788258732725428 4.77
478 0.1882203754559766 4.78
479 0.188687437354755 4.79
480 0.2249349512343133 4.8
481 0.2229374891545006 4.81
482 0.2140878791769509 4.82
483 0.2066465430168146 4.83
484 0.2004574846282696 4.84
485 0.211248369380671 4.850000000000001
486 0.2197997336242521 4.86
487 0.2270145799411195 4.87
488 0.2330771578780214 4.88
489 0.2369838856355369 4.89
490 0.2450714607394499 4.9
491 0.2451486502947131 4.91
492 0.2429302661494279 4.92
493 0.2498444339866144 4.93
494 0.2498734585377431 4.94
495 0.2571652615545054 4.95
496 0.2647598541734548 4.96
497 0.2685505411921796 4.97
498 0.2714085748361539 4.98
499 0.2698630909199936 4.99
500 0.274111527250433 5
501 0.273124048111808 5.01
502 0.2749153835406324 5.02
503 0.2835776282093239 5.03
504 0.2840561356261961 5.04
505 0.282416799732864 5.05
506 0.2928738392387383 5.06
507 0.2929903275750635 5.07
508 0.289811043995734 5.08
509 0.2889752068226132 5.09
510 0.2917659747236365 5.100000000000001
511 0.296787729437748 5.11
512 0.293776361316239 5.12
513 0.2935973284842939 5.13
514 0.2951278199316968 5.14
515 0.2974461072626291 5.15
516 0.2969051274290335 5.16
517 0.2929529965339389 5.17
518 0.2921225958035606 5.18
519 0.2946515780958006 5.19
520 0.2948116472840738 5.2
521 0.2945088590945485 5.21
522 0.2930427457601384 5.22
523 0.2916383652441271 5.23
524 0.2908092303063813 5.24
525 0.2933736562206768 5.25
526 0.2899980354811885 5.26
527 0.2812415598173015 5.27
528 0.2800689026871747 5.28
529 0.273188940783979 5.29
530 0.2804359033054662 5.3
531 0.2842626016667305 5.31
532 0.2770326276865511 5.32
533 0.2788590442755944 5.33
534 0.2725851602365754 5.34
535 0.2669491461603775 5.350000000000001
536 0.2681754214803667 5.36
537 0.26447763225507 5.37
538 0.2594055006555133 5.38
539 0.2591394409138416 5.39
540 0.2688994497347778 5.4
541 0.2664032019162191 5.41
542 0.2609018648720073 5.42
543 0.2609138613280266 5.43
544 0.2538424212699791 5.44
545 0.2492962001814881 5.45
546 0.2491393388454518 5.46
547 0.2528291567261539 5.47
548 0.2472911142323473 5.48
549 0.2405636240792154 5.49
550 0.2394165669652765 5.5
551 0.2365980584841186 5.51
552 0.2308798357678891 5.52
553 0.2264197672382046 5.53
554 0.2191143472974825 5.54
555 0.2231728880747182 5.55
556 0.2258298144406432 5.56
557 0.2191874660516497 5.57
558 0.2086762155673133 5.58
559 0.2044448202129742 5.59
560 0.2010285329538842 5.600000000000001
561 0.1950669423529401 5.61
562 0.1891399268141282 5.62
563 0.1794593559788777 5.63
564 0.1775437888342199 5.64
565 0.1745449304036261 5.65
566 0.1696850796712958 5.66
567 0.1625530811505308 5.67
568 0.1616343561986734 5.68
569 0.1558691887768673 5.69
570 0.1449891111971134 5.7
571 0.1372069155986858 5.71
572 0.1278769966291651 5.72
573 0.1179769413711786 5.73
574 0.1147001221292357 5.74
575 0.1065601687317652 5.75
576 0.09426781629308949 5.76
577 0.09375598906391709 5.77
578 0.09382057395501847 5.78
579 0.08647313910007924 5.79
580 0.07745922322070299 5.8
581 0.06854641903051767 5.81
582 0.05848896820397913 5.82
583 0.05517400874242602 5.83
584 0.05434435836144213 5.84
585 0.04597377998416888 5.850000000000001
586 0.03128186709350173 5.86
587 0.02514954206864477 5.87
588 0.01732664294658058 5.88
589 0.01200402089769508 5.89
590 -0.001255153313692053 5.9
591 0.004378261184770181 5.91
592 0.01064715997880064 5.92
593 0.00272582711493162 5.93
594 0.005337454237934651 5.94
595 0.005886525281382136 5.95
596 0.003038274757698958 5.96
597 0.001019703703873303 5.97
598 -0.01130298155385014 5.98
599 -0.01623100701839029 5.99
600 -0.0179172190181779 6
601 -0.008403088213745049 6.01
602 -0.007221799161400613 6.02
603 -0.00884971648146019 6.03
604 -0.01387136090610839 6.04
605 -0.008799625140569589 6.05
606 -0.009330218106544679 6.06
607 -0.0040660222601233 6.07
608 -0.01786786626051161 6.08
609 -0.007796567469749496 6.09
610 -0.001800915908794132 6.100000000000001
611 0.0004927477362775595 6.11
612 -0.006813047361090864 6.12
613 -0.00191574816600874 6.13
614 -0.001162800304675529 6.140000000000001
615 -0.004013140282158631 6.15
616 -0.01397712007389386 6.16
617 -0.005739031247745654 6.17
618 -0.01057695275648664 6.18
619 -0.006756799401227575 6.19
620 -0.006808755021581746 6.2
621 -0.003762350936268947 6.21
622 0.007948003901920853 6.22
623 0.01048958651336163 6.23
624 0.007642853784367569 6.24
625 0.008801837164614182 6.25
626 0.00884744867759985 6.26
627 0.007395997708812464 6.27
628 0.001735146192897928 6.28
629 0.007811580904237521 6.29
630 0.002938800884675351 6.3
631 0.01086131826373361 6.31
632 0.02274336157004539 6.32
633 0.02130970048292016 6.33
634 0.01308883191307896 6.34
635 -0.004909287293679229 6.350000000000001
636 -0.003463431420607095 6.36
637 0.009004725461453792 6.37
638 0.01873119476318788 6.38
639 0.02530025206860708 6.390000000000001
640 0.02332503259714166 6.4
641 0.01780932236100645 6.41
642 0.01106814512318271 6.42
643 0.01469838634952916 6.43
644 0.01321586901945151 6.44
645 0.01811236413484328 6.45
646 0.0290518892483494 6.46
647 0.01967099912413775 6.47
648 0.0153213426422503 6.48
649 0.023202868175626 6.49
650 0.02088778091265179 6.5
651 0.02342758336596563 6.51
652 0.01282954770266872 6.52
653 0.02149601449379977 6.53
654 0.02496322349864159 6.54
655 0.03806700374037776 6.55
656 0.03421015975915419 6.56
657 0.02703560006763026 6.57
658 0.0329187408403452 6.58
659 0.03659165511897718 6.59
660 0.04323731745003882 6.600000000000001
661 0.05060910870552781 6.61
662 0.05325080293810613 6.62
663 0.05348475524684535 6.63
664 0.05262766578689997 6.640000000000001
665 0.05363977101146456 6.65
666 0.05739956386656284 6.66
667 0.05998634737848162 6.67
668 0.06957029978427778 6.68
669 0.08001838268550324 6.69
670 0.08239885680541055 6.7
671 0.08642790350930392 6.71
672 0.09017476633479488 6.72
673 0.09804018283326681 6.73
674 0.09916872417150063 6.74
675 0.1013994020365334 6.75
676 0.1045488467280543 6.76
677 0.1127885880508871 6.77
678 0.1224457806039324 6.78
679 0.1268263141142109 6.79
680 0.1295418579966334 6.8
681 0.1302877653351721 6.81
682 0.1406100130462392 6.82
683 0.1276234785802277 6.83
684 0.1383525105126322 6.84
685 0.1572919017828007 6.850000000000001
686 0.1618488863847778 6.86
687 0.1651868382932838 6.87
688 0.1666093103429554 6.88
689 0.1636669358647052 6.890000000000001
690 0.1665177984458048 6.9
691 0.1840633690480088 6.91
692 0.1883780978953289 6.92
693 0.1877963946070799 6.93
694 0.1919648914061471 6.94
695 0.1850544346195923 6.95
696 0.1949074677367332 6.96
697 0.2125872414232265 6.97
698 0.2200743956380399 6.98
699 0.2144427613433183 6.99
700 0.2057678162955074 7
701 0.2126086802436021 7.01
702 0.2210242219654582 7.02
703 0.2245784224517651 7.03
704 0.2276727467783326 7.04
705 0.2346140639939282 7.05
706 0.2336007664796056 7.06
707 0.2405048979631285 7.07
708 0.2516722844021841 7.08
709 0.2465871195011242 7.09
710 0.2512284390038274 7.100000000000001
711 0.2520742987894913 7.11
712 0.2590332127534181 7.12
713 0.2563831394994335 7.13
714 0.2588365674034842 7.140000000000001
715 0.2655760910606376 7.15
716 0.2653679645621223 7.16
717 0.2662061449123759 7.17
718 0.2700323927013495 7.18
719 0.2696837671862186 7.19
720 0.2703732002090258 7.2
721 0.2807308097062697 7.21
722 0.2823004220712946 7.22
723 0.2855361457186169 7.23
724 0.2824252614495259 7.24
725 0.2872567577444893 7.25
726 0.2800390973528218 7.26
727 0.2842174591710211 7.27
728 0.2936730372948756 7.28
729 0.2880830904182921 7.29
730 0.2866699597948482 7.3
731 0.2868579528307856 7.31
732 0.2864618395104123 7.32
733 0.2836629148100751 7.33
734 0.2874024193810134 7.34
735 0.2872876700754853 7.350000000000001
736 0.2828625225942505 7.36
737 0.2866820080107251 7.37
738 0.2935186691943712 7.38
739 0.2897245048806985 7.390000000000001
740 0.2885174017563714 7.4
741 0.2914135526798563 7.41
742 0.2920673930561615 7.42
743 0.2917047132321101 7.43
744 0.2898765951245677 7.44
745 0.2851485482677386 7.45
746 0.2899866599499677 7.46
747 0.2918439060122703 7.47
748 0.2938622745070759 7.48
749 0.2944355481160661 7.49
750 0.2852756224094979 7.5
751 0.2849580303328048 7.51
752 0.2865731438680291 7.52
753 0.2879856858629602 7.53
754 0.2937833101554904 7.54
755 0.2931709716829894 7.55
756 0.2948077085273674 7.56
757 0.2893617434317063 7.57
758 0.2861890557204614 7.58
759 0.2897708537655507 7.59
760 0.2819965195151369 7.600000000000001
761 0.2798651881567613 7.61
762 0.277819027476168 7.62
763 0.2810262407373657 7.63
764 0.2751925140710865 7.640000000000001
765 0.271519686984099 7.65
766 0.2725784244457006 7.66
767 0.2656330131601843 7.67
768 0.2628451216488619 7.68
769 0.2625130645259827 7.69
770 0.2507911804044088 7.7
771 0.2424216422176348 7.71
772 0.2390373170930578 7.72
773 0.231990071576185 7.73
774 0.2258195134431012 7.74
775 0.2172324971510918 7.75
776 0.2113306248230333 7.76
777 0.2062492632081054 7.77
778 0.1991070851730963 7.78
779 0.1938128611548762 7.79
780 0.1834496407617422 7.8
781 0.1782222674747755 7.81
782 0.1783085737889364 7.82
783 0.1690391024917842 7.83
784 0.1513047938073989 7.84
785 0.1416770116573084 7.850000000000001
786 0.1359354603900682 7.86
787 0.1334818143495761 7.87
788 0.1259003670945115 7.88
789 0.1214866600826696 7.890000000000001
790 0.1150503277537064 7.9
791 0.1030122508230502 7.91
792 0.0936154675805511 7.92
793 0.09095446206216186 7.930000000000001
794 0.08150275845689989 7.94
795 0.07213324648563695 7.95
796 0.06731930320556605 7.96
797 0.05483452998037014 7.97
798 0.04646872691368802 7.98
799 0.04490728287653028 7.99
800 0.04171703835606073 8
801 0.04207263986776229 8.01
802 0.03444148199233112 8.02
803 0.02054220246064632 8.029999999999999
804 0.02234289118021211 8.040000000000001
805 0.01198425449855203 8.050000000000001
806 0.01430206794094642 8.06
807 0.01986336979808722 8.07
808 0.007980147249883718 8.08
809 0.01798040583948933 8.09
810 0.01673934646652369 8.1
811 0.006977826498946816 8.109999999999999
812 0.00989948944962217 8.120000000000001
813 0.00149498983291018 8.130000000000001
814 -0.009701740417426576 8.140000000000001
815 -0.0001140092652846122 8.15
816 -0.004813597696547908 8.16
817 -0.009647131346045938 8.17
818 -0.009134800940592609 8.18
819 -0.008640949008088476 8.19
820 -0.02463131618476648 8.199999999999999
821 -0.01884997147437998 8.210000000000001
822 -0.01270245327843655 8.220000000000001
823 -0.02136434751888787 8.23
824 -0.01793850370494309 8.24
825 -0.01108120095666265 8.25
826 -0.003347075069147739 8.26
827 -0.0003187772134180725 8.27
828 -0.002199530575045377 8.279999999999999
829 0.001316535608190179 8.290000000000001
830 -0.02411931945449096 8.300000000000001
831 -0.0007079692654894975 8.31
832 0.01924551198573367 8.32
833 0.0161584343853811 8.33
834 -0.007784775575823428 8.34
835 -0.01015545257768327 8.35
836 0.01813603143064251 8.359999999999999
837 0.01645196159743702 8.370000000000001
838 0.008217316869920574 8.380000000000001
839 0.01596307977890684 8.390000000000001
840 0.01546576097544623 8.4
841 0.02000194016408135 8.41
842 0.02261161464987939 8.42
843 0.01914096117695399 8.43
844 0.01665875563895864 8.44
845 0.01725826554693576 8.449999999999999
846 0.01768928492240011 8.460000000000001
847 0.0263070789157588 8.470000000000001
848 0.03439949884451015 8.48
849 0.0282664088273158 8.49
850 0.01252433176444354 8.5
851 0.0216006464769362 8.51
852 0.03043574751750556 8.52
853 0.04189678661466524 8.529999999999999
854 0.04432530071921117 8.540000000000001
855 0.03282984485026334 8.550000000000001
856 0.02296267457694794 8.56
857 0.02096475886420143 8.57
858 0.01318086843010927 8.58
859 0.01990820257302522 8.59
860 0.03748682976303229 8.6
861 0.03296348487127105 8.609999999999999
862 0.02944055230422717 8.620000000000001
863 0.01967107027447544 8.630000000000001
864 0.01408764838645458 8.640000000000001
865 0.01036137274117801 8.65
866 0.01545233729021598 8.66
867 0.01744117811712241 8.67
868 -0.02253814495235036 8.68
869 -0.03179954785133632 8.69
870 -0.01860314932553775 8.700000000000001
871 0.02015595635062775 8.710000000000001
872 0.03015009361235506 8.720000000000001
873 0.003271208008321617 8.73
874 0.0220492649059699 8.74
875 0.02360446525914496 8.75
876 0.01940433374602152 8.76
877 0.02554108546366113 8.77
878 0.01938226734535162 8.779999999999999
879 0.06387167001347713 8.790000000000001
880 0.07636610635755485 8.800000000000001
881 0.06338646911577743 8.81
882 0.04903384959468322 8.82
883 0.05399018864055104 8.83
884 0.05864838587994307 8.84
885 0.06553565717092466 8.85
886 0.07263641419503281 8.859999999999999
887 0.08101422548492065 8.870000000000001
888 0.08546762104509376 8.880000000000001
889 0.08760377556306399 8.890000000000001
890 0.09387184310179073 8.9
891 0.103997368437309 8.91
892 0.1084354122040319 8.92
893 0.1118214378027125 8.93
894 0.1254259907703106 8.94
895 0.1251361946413619 8.950000000000001
896 0.1351815338411918 8.960000000000001
897 0.1395097989783518 8.970000000000001
898 0.1367855812862663 8.98
899 0.1424150259931873 8.99
900 0.14834033310468 9
901 0.1525354572383205 9.01
902 0.1618344242764727 9.02
903 0.1627109624342842 9.029999999999999
904 0.1704319720814259 9.040000000000001
905 0.1698883473381828 9.050000000000001
906 0.1821490877812644 9.06
907 0.193176685098527 9.07
908 0.193049990759282 9.08
909 0.1920933417076029 9.09
910 0.1988778034234618 9.1
911 0.2027609974196455 9.109999999999999
912 0.2008213362159902 9.120000000000001
913 0.2053633950220461 9.130000000000001
914 0.2155606588981568 9.140000000000001
915 0.2185832188868283 9.15
916 0.2238466527755317 9.16
917 0.2349111537671358 9.17
918 0.2347708839023619 9.18
919 0.2317589205750842 9.19
920 0.2412790222280924 9.200000000000001
921 0.2428603764310241 9.210000000000001
922 0.2391752058330867 9.220000000000001
923 0.247015812904185 9.23
924 0.2575387643541784 9.24
925 0.2574571784966238 9.25
926 0.2537034029899547 9.26
927 0.2624882673219147 9.27
928 0.2638893937477679 9.279999999999999
929 0.2675269634186606 9.290000000000001
930 0.2724618095455552 9.300000000000001
931 0.2737098388666721 9.31
932 0.2758152088114654 9.32
933 0.2825658725055925 9.33
934 0.2824586733710733 9.34
935 0.2820741255608974 9.35
936 0.2839031151571492 9.359999999999999
937 0.2855112377824457 9.370000000000001
938 0.2823192493184332 9.380000000000001
939 0.2842459323567549 9.390000000000001
940 0.2932826527311843 9.4
941 0.2945261604318654 9.41
942 0.2912275652786686 9.42
943 0.2872188907420176 9.43
944 0.2847091952106443 9.44
945 0.2887928201722179 9.450000000000001
946 0.280325891068669 9.460000000000001
947 0.3001839599587207 9.470000000000001
948 0.2972094840422105 9.48
949 0.2904196721323291 9.49
950 0.2857640462183133 9.5
951 0.2786849156562713 9.51
952 0.2832197115461704 9.52
953 0.2864747353705132 9.529999999999999
954 0.2998285584085853 9.540000000000001
955 0.2939446920449622 9.550000000000001
956 0.2847065101237579 9.56
957 0.283837489693586 9.57
958 0.2904616860958089 9.58
959 0.2690861350708784 9.59
960 0.2664329920662811 9.6
961 0.2754233473597662 9.609999999999999
962 0.274797584864799 9.620000000000001
963 0.2766504551385643 9.630000000000001
964 0.2817783457016256 9.640000000000001
965 0.2743275479294778 9.65
966 0.2657596613294231 9.66
967 0.2692302826573974 9.67
968 0.2656469443930245 9.68
969 0.2640255142560339 9.69
970 0.2630831425884246 9.700000000000001
971 0.2647061456729796 9.710000000000001
972 0.2611753677468173 9.720000000000001
973 0.258403021716583 9.73
974 0.2602814444904352 9.74
975 0.2564922477617796 9.75
976 0.2584260423150033 9.76
977 0.2593005838255426 9.77
978 0.2574968949161059 9.779999999999999
979 0.2514023781336414 9.790000000000001
980 0.2428271406470564 9.800000000000001
981 0.242913572742872 9.81
982 0.2371971110390699 9.82
983 0.236647390671948 9.83
984 0.2357689568112814 9.84
985 0.2333480225585242 9.85
986 0.2298244234078424 9.859999999999999
987 0.2269755485423853 9.870000000000001
988 0.2250218224664893 9.880000000000001
989 0.2188812740144208 9.890000000000001
990 0.2114204167322067 9.9
991 0.1944980560330725 9.91
992 0.187575342137534 9.92
993 0.1856534723526074 9.93
994 0.1870466660478255 9.94
995 0.1823180171066001 9.950000000000001
996 0.1728773879489312 9.960000000000001
997 0.162620603401061 9.970000000000001
998 0.1592002142223917 9.98
999 0.1513835709130682 9.99
1000 0.1513887322138784 10
1001 0.1430956468010685 10.01
1002 0.131311036793805 10.02
1003 0.1201187672747696 10.03
1004 0.1128766159947951 10.04
1005 0.1049383382720963 10.05
1006 0.09687394368820212 10.06
1007 0.08951086054008704 10.07
1008 0.0917585438793873 10.08
1009 0.08844946261733137 10.09
1010 0.0704071118133159 10.1
1011 0.05505929807879542 10.11
1012 0.04984873933289768 10.12
1013 0.05335415226617461 10.13
1014 0.0580472194611044 10.14
1015 0.05248555576772469 10.15
1016 0.03631246738738036 10.16
1017 0.03047693047200719 10.17
1018 0.02390990944523425 10.18
1019 0.02300638961131484 10.19
1020 0.006915103159324296 10.2
1021 0.009279334388893572 10.21
1022 0.01873541925714713 10.22
1023 0.02240806982781823 10.23
1024 0.02736877451463764 10.24
1025 0.02718279938429994 10.25
1026 0.02152688787634035 10.26
1027 0.01355405313107511 10.27
1028 0.01236011096467995 10.28
1029 0.01023200434814675 10.29
1030 0.01190346101751639 10.3
1031 0.01852869952175305 10.31
1032 0.01054664858508371 10.32
1033 0.001971704252187322 10.33
1034 0.007081262914236903 10.34
1035 0.01875198731797414 10.35
1036 0.01694862786781241 10.36
1037 0.00909505291978633 10.37
1038 -0.001162245145872078 10.38
1039 -0.0002007157998841396 10.39
1040 0.005815982327964955 10.4
1041 0.01937306149138827 10.41
1042 0.02848713662528071 10.42
1043 0.01111409132567501 10.43
1044 0.009214958603793587 10.44
1045 0.006068681399721846 10.45
1046 0.002171277627112445 10.46
1047 0.01152112976819417 10.47
1048 0.008870129031815869 10.48
1049 0.002163349911123612 10.49
1050 0.00854839641932903 10.5
1051 0.005996635892705884 10.51
1052 0.008434094583033215 10.52
1053 0.01863805210003754 10.53
1054 0.02060807773141206 10.54
1055 0.02004176477612339 10.55
1056 0.02096685389333201 10.56
1057 0.02025692124858365 10.57
1058 0.01832968039399454 10.58
1059 0.01665021761518445 10.59
1060 0.01054718146508066 10.6
1061 0.02012287904392354 10.61
1062 0.03268086816585975 10.62
1063 0.0270921494092674 10.63
1064 0.01724480284211343 10.64
1065 0.008714127715737711 10.65
1066 0.008060171905884405 10.66
1067 0.01627629300558509 10.67
1068 0.03168600618083261 10.68
1069 0.03557240759097349 10.69
1070 0.02942442877471886 10.7
1071 0.01690107440436725 10.71
1072 0.01355076340451761 10.72
1073 0.01202366753755968 10.73
1074 0.01077617519739628 10.74
1075 0.02335896272368956 10.75
1076 0.04165882298150442 10.76
1077 0.03814415095457158 10.77
1078 0.0253336502070965 10.78
1079 0.0235102586934217 10.79
1080 0.0346677410448344 10.8
1081 0.02968729744947469 10.81
1082 0.01824380145377977 10.82
1083 0.02585647319878373 10.83
1084 0.02916044592856891 10.84
1085 0.03506877042102968 10.85
1086 0.03943826041889651 10.86
1087 0.03803514878356828 10.87
1088 0.04204370565730445 10.88
1089 0.04394318212283863 10.89
1090 0.04282830524289602 10.9
1091 0.04380068572384757 10.91
1092 0.04460951264156849 10.92
1093 0.05619671759916049 10.93
1094 0.05271270107116922 10.94
1095 0.06183830107509191 10.95
1096 0.05570505784603794 10.96
1097 0.05838360384700513 10.97
1098 0.06823521274222262 10.98
1099 0.07868134100971101 10.99
1100 0.08153536316209778 11
1101 0.081540542346697 11.01
1102 0.0860502410417542 11.02
1103 0.08845641989840937 11.03
1104 0.09691321665244486 11.04
1105 0.1034655512506242 11.05
1106 0.1055581689927496 11.06
1107 0.1109331460575908 11.07
1108 0.1162643017566529 11.08
1109 0.1241136575232473 11.09
1110 0.1287230121602639 11.1
1111 0.1324724592152781 11.11
1112 0.1394624488626516 11.12
1113 0.1411484976506517 11.13
1114 0.1403189386784182 11.14
1115 0.1469500357816512 11.15
1116 0.160402601098133 11.16
1117 0.1607930940598311 11.17
1118 0.1627659927102756 11.18
1119 0.1683213134761453 11.19
1120 0.1712352696394208 11.2
1121 0.1791699442630715 11.21
1122 0.1897802307281738 11.22
1123 0.1895534729327787 11.23
1124 0.1919479321374633 11.24
1125 0.1942151003975689 11.25
1126 0.2050818629366485 11.26
1127 0.2088442092806502 11.27
1128 0.2108344015372426 11.28
1129 0.2201657223007521 11.29
1130 0.2147000726245079 11.3
1131 0.2198461888755608 11.31
1132 0.2293955725504693 11.32
1133 0.2359547991476973 11.33
1134 0.2307944060929618 11.34
1135 0.2346779924419347 11.35
1136 0.2448744137263868 11.36
1137 0.2471547870639615 11.37
1138 0.2518301054875729 11.38
1139 0.2594050578340067 11.39
1140 0.2583257078093874 11.4
1141 0.264701298719677 11.41
1142 0.2644947042011633 11.42
1143 0.2616816554395663 11.43
1144 0.2686930116308809 11.44
1145 0.2689429392591073 11.45
1146 0.2756207808857501 11.46
1147 0.273324302012159 11.47
1148 0.2837338631629568 11.48
1149 0.2848389203895201 11.49
1150 0.2795084792990783 11.5
1151 0.2879932964137721 11.51
1152 0.2915105995008223 11.52
1153 0.291490584191381 11.53
1154 0.2973586017336032 11.54
1155 0.2982015383247698 11.55
1156 0.2978618876145985 11.56
1157 0.2933338112748726 11.57
1158 0.2966903683637881 11.58
1159 0.2918225786448644 11.59
1160 0.2937990260049492 11.6
1161 0.2994557473414235 11.61
1162 0.2988028513680959 11.62
1163 0.2977636251807164 11.63
1164 0.2938111828254311 11.64
1165 0.2978452376434942 11.65
1166 0.3035142565966167 11.66
1167 0.3002404794877708 11.67
1168 0.3058255905814699 11.68
1169 0.3012972614303177 11.69
1170 0.3025843369635459 11.7
1171 0.3079385701025906 11.71
1172 0.3062286958066523 11.72
1173 0.3073016717790668 11.73
1174 0.3010046478706641 11.74
1175 0.2959293470405077 11.75
1176 0.3017276574378124 11.76
1177 0.305553981601027 11.77
1178 0.3045969340107846 11.78
1179 0.3048169600763598 11.79
1180 0.3063233917413032 11.8
1181 0.2986644898773181 11.81
1182 0.2956200634059886 11.82
1183 0.3023888621955641 11.83
1184 0.300363418156841 11.84
1185 0.2993831458768621 11.85
1186 0.3013781181362216 11.86
1187 0.2966784662443817 11.87
1188 0.2972341588350967 11.88
1189 0.2969803338194887 11.89
1190 0.294190960443365 11.9
1191 0.2898705997440212 11.91
1192 0.289035696514266 11.92
1193 0.2847536261453159 11.93
1194 0.2755115440520567 11.94
1195 0.2690702185496407 11.95
1196 0.2661993455066838 11.96
1197 0.2682095210349179 11.97
1198 0.2607911443608278 11.98
1199 0.2517784955211214 11.99
1200 0.2463913810953376 12
1201 0.2396384523373957 12.01
1202 0.2331958694848581 12.02
1203 0.2299740544132747 12.03
1204 0.2202377022764919 12.04
1205 0.2141345513125766 12.05
1206 0.2084769303782567 12.06
1207 0.1963892433639733 12.07
1208 0.1878873399363588 12.08
1209 0.1872751749543455 12.09
1210 0.1788800229357181 12.1
1211 0.1692106411390402 12.11
1212 0.1617770283897614 12.12
1213 0.1577601503553806 12.13
1214 0.1465131179607302 12.14
1215 0.1388089705525268 12.15
1216 0.131778035871698 12.16
1217 0.1164611621065757 12.17
1218 0.1131161864936366 12.18
1219 0.1041462926674757 12.19
1220 0.1048979442599468 12.2
1221 0.09923527214295735 12.21
1222 0.09501252092494307 12.22
1223 0.0863973445093518 12.23
1224 0.06870214601533593 12.24
1225 0.06054164361396407 12.25
1226 0.04899826811268548 12.26
1227 0.0411406299280623 12.27
1228 0.04027066420196874 12.28
1229 0.03741214302154571 12.29
1230 0.0481812047454335 12.3
1231 0.03535252927291006 12.31
1232 0.01716169236725901 12.32
1233 0.01547510160955628 12.33
1234 0.01172169244232669 12.34
1235 0.003278106716920373 12.35
1236 0.00649161675995534 12.36
1237 0.01402444737594509 12.37
1238 0.009111724823719074 12.38
1239 0.01508867117815784 12.39
1240 -0.006870220137969897 12.4
1241 -0.007828243805775044 12.41
1242 -0.001558713316264699 12.42
1243 -0.001097657574521146 12.43
1244 -0.01089701691733197 12.44
1245 -0.01322507215750855 12.45
1246 -0.01049764377979389 12.46
1247 -0.01031517401199758 12.47
1248 -0.01304289870147029 12.48
1249 -0.008787729979699068 12.49
1250 -0.008662979848655402 12.5
1251 -0.01021564611253822 12.51
1252 -0.01116220869450683 12.52
1253 -0.02151368174412514 12.53
1254 -0.02718297815635986 12.54
1255 -0.01777427540304661 12.55
1256 -0.004496602681169198 12.56
1257 0.004841749034829979 12.57
1258 -0.002177139783907277 12.58
1259 0.0004182082548377056 12.59
1260 -0.001596732565537785 12.6
1261 0.001486225180424586 12.61
1262 0.01000835034841639 12.62
1263 0.01003886077916484 12.63
1264 -0.009170371142786262 12.64
1265 -0.003552053074221628 12.65
1266 0.01192821652684837 12.66
1267 0.02171928189159568 12.67
1268 0.01933612739823319 12.68
1269 0.02421775499716996 12.69
1270 0.02276047447116551 12.7
1271 0.01733077808064682 12.71
1272 0.02066354419970197 12.72
1273 0.01608091756589166 12.73
1274 0.02281191460135616 12.74
1275 0.02794549726598353 12.75
1276 0.03048209964902333 12.76
1277 0.02530402079933773 12.77
1278 0.03070465836594269 12.78
1279 0.03813364305635407 12.79
1280 0.02758093592281324 12.8
1281 0.02828630902878565 12.81
1282 0.0420050005706645 12.82
1283 0.04743924006352716 12.83
1284 0.04093951994083217 12.84
1285 0.03633480071763003 12.85
1286 0.03233925692489117 12.86
1287 0.02242844052557376 12.87
1288 0.02841444250047502 12.88
1289 0.03404239663712874 12.89
1290 0.02475024831741531 12.9
1291 0.02698615087247965 12.91
1292 0.03168030141208428 12.92
1293 0.02004246722268745 12.93
1294 0.020457085378714 12.94
1295 0.01458110804307677 12.95
1296 0.01405942625285037 12.96
1297 0.01496036154595813 12.97
1298 0.01997084625839799 12.98
1299 0.01707227099357695 12.99
1300 0.02397266016664576 13
1301 0.02044200877925665 13.01
1302 0.0215898073752157 13.02
1303 0.02051343828540096 13.03
1304 0.02146701392696804 13.04
1305 0.02453593752866489 13.05
1306 0.02339414412539664 13.06
1307 0.02543749149479102 13.07
1308 0.0215436398035586 13.08
1309 0.02991517482576756 13.09
1310 0.03388364516827013 13.1
1311 0.04598997644334566 13.11
1312 0.05565662610157175 13.12
1313 0.06431539138836125 13.13
1314 0.07199057202748289 13.14
1315 0.07664392527925773 13.15
1316 0.07586981407184765 13.16
1317 0.08060788897385092 13.17
1318 0.09161180849970679 13.18
1319 0.09487730431802704 13.19
1320 0.09959390974389101 13.2
1321 0.1043248940256597 13.21
1322 0.1126896544847368 13.22
1323 0.1243621652469662 13.23
1324 0.1351718990377057 13.24
1325 0.1376706264138759 13.25
1326 0.1356493362002157 13.26
1327 0.1375352619856017 13.27
1328 0.1457812100143067 13.28
1329 0.1488026212331675 13.29
1330 0.1537777895817512 13.3
1331 0.1613778144123648 13.31
1332 0.1640341261264011 13.32
1333 0.1727896362914775 13.33
1334 0.1816813907568674 13.34
1335 0.1802366420073867 13.35
1336 0.1826836237606761 13.36
1337 0.1943311133718921 13.37
1338 0.2026445399942351 13.38
1339 0.1995214929642027 13.39
1340 0.1986203091510397 13.4
1341 0.2067900452951405 13.41
1342 0.2040352065970925 13.42
1343 0.2086252302966852 13.43
1344 0.2152511634156389 13.44
1345 0.225880873258849 13.45
1346 0.2256037495629058 13.46
1347 0.2352634296517973 13.47
1348 0.2389943191273289 13.48
1349 0.2346123253471034 13.49
1350 0.2420353000047941 13.5
1351 0.2504872680251599 13.51
1352 0.2485163903794864 13.52
1353 0.247351793315899 13.53
1354 0.2540060156710938 13.54
1355 0.2559301283966104 13.55
1356 0.259125447457249 13.56
1357 0.2666487599747527 13.57
1358 0.2676741383126833 13.58
1359 0.2681823219300181 13.59
1360 0.2733025147135152 13.6
1361 0.277605158235079 13.61
1362 0.2780987374133041 13.62
1363 0.2809463107251249 13.63
1364 0.2827280960846665 13.64
1365 0.2786639986401648 13.65
1366 0.281782635191487 13.66
1367 0.2849392714037077 13.67
1368 0.2853590243490493 13.68
1369 0.2908721995565109 13.69
1370 0.2900324308920899 13.7
1371 0.2967959619067159 13.71
1372 0.2938717733586257 13.72
1373 0.2874464738136582 13.73
1374 0.2871415427056537 13.74
1375 0.2892994651898411 13.75
1376 0.2889663542530173 13.76
1377 0.2864087185128547 13.77
1378 0.2827453608294241 13.78
1379 0.2862493707555031 13.79
1380 0.2909796114587223 13.8
1381 0.3029837708809094 13.81
1382 0.3009942557166091 13.82
1383 0.3042943735709486 13.83
1384 0.2957020621908232 13.84
1385 0.2869270739944986 13.85
1386 0.2758392597846067 13.86
1387 0.2725332276852111 13.87
1388 0.2719463453459917 13.88
1389 0.2631637091796336 13.89
1390 0.2650937210923149 13.9
1391 0.2741258816123305 13.91
1392 0.2724014382216519 13.92
1393 0.2722975665857983 13.93
1394 0.2747882884592888 13.94
1395 0.2721397980703996 13.95
1396 0.2643470230274143 13.96
1397 0.2599717449304266 13.97
1398 0.257640278704508 13.98
1399 0.2573422249150811 13.99
1400 0.2518535305639656 14
1401 0.2536474807545074 14.01
1402 0.2536175430230603 14.02
1403 0.2508115347037925 14.03
1404 0.2620608877743379 14.04
1405 0.2614153123362517 14.05
1406 0.2575148277017404 14.06
1407 0.252748998669042 14.07
1408 0.2531435783199756 14.08
1409 0.244327775429016 14.09
1410 0.2370521897540009 14.1
1411 0.2381782763375324 14.11
1412 0.2368408589971498 14.12
1413 0.2360133404129956 14.13
1414 0.2345206703249038 14.14
1415 0.2318784719178653 14.15
1416 0.2237450962962694 14.16
1417 0.2163722371317277 14.17
1418 0.2137376273229627 14.18
1419 0.2122983369712238 14.19
1420 0.2103259455762331 14.2
1421 0.205145586632695 14.21
1422 0.1975978690941775 14.22
1423 0.1861730022621048 14.23
1424 0.1777758504245915 14.24
1425 0.1686857218618218 14.25
1426 0.1703735023195731 14.26
1427 0.1718243120785328 14.27
1428 0.1695188248664062 14.28
1429 0.1635316451575275 14.29
1430 0.1504783677807112 14.3
1431 0.1423260761392519 14.31
1432 0.1358433529243954 14.32
1433 0.1312136936044023 14.33
1434 0.1191611364149478 14.34
1435 0.1155341657209145 14.35
1436 0.1083252498534312 14.36
1437 0.1017613528116694 14.37
1438 0.0935811698148834 14.38
1439 0.08693911678476608 14.39
1440 0.08318305501296427 14.4
1441 0.07439072261626561 14.41
1442 0.07415345149692767 14.42
1443 0.06944843716303895 14.43
1444 0.05129958745516908 14.44
1445 0.03437231256265087 14.45
1446 0.03921442105679624 14.46
1447 0.01955440567825613 14.47
1448 0.01441141186490455 14.48
1449 0.01490317841533118 14.49
1450 0.01918447118064217 14.5
1451 0.01183540236443034 14.51
1452 0.01192177720581894 14.52
1453 0.01357794208637311 14.53
1454 0.01133246261604227 14.54
1455 0.01031956314821077 14.55
1456 0.003093734142251232 14.56
1457 -0.002458071960088975 14.57
1458 0.001371048752781997 14.58
1459 0.01035261565798638 14.59
1460 -0.02565258757859656 14.6
1461 -0.0205533382112596 14.61
1462 -0.003050451627265797 14.62
1463 -0.001641499259930146 14.63
1464 0.003836631615784867 14.64
1465 0.01337371647060064 14.65
1466 -0.001092138403264962 14.66
1467 -0.005805568860398861 14.67
1468 -0.009736182519430646 14.68
1469 -0.008178356683631238 14.69
1470 0.002280313664595001 14.7
1471 0.006311315091288947 14.71
1472 0.009164418769546514 14.72
1473 0.003803062120044083 14.73
1474 0.00669096043539118 14.74
1475 0.008275958094143372 14.75
1476 -0.0009088586326280767 14.76
1477 -0.0006575643436614405 14.77
1478 -0.007739794487972098 14.78
1479 -0.009239250093673879 14.79
1480 -0.007376877568033479 14.8
1481 0.007573113329584161 14.81
1482 0.01705025110080485 14.82
1483 0.0136874352773003 14.83
1484 0.009410023931655295 14.84
1485 0.009648277512447926 14.85
1486 0.007120979854892913 14.86
1487 0.005774953053094446 14.87
1488 0.01707034033070236 14.88
1489 0.01145290049308854 14.89
1490 0.00684508416327333 14.9
1491 0.02061737702489192 14.91
1492 0.02692520720927906 14.92
1493 0.01545045868795993 14.93
1494 0.01143413886054634 14.94
1495 0.0044532899025376 14.95
1496 -0.003183765811636598 14.96
1497 0.007781103873155139 14.97
1498 0.02858251790622649 14.98
1499 0.02994945742688919 14.99
1500 0.02176158676273648 15
1501 0.01468909779985407 15.01
1502 0.01773523309429932 15.02
1503 0.01232995764079779 15.03
1504 0.01401783599029212 15.04
1505 0.008904684251349167 15.05
1506 0.03091562237886435 15.06
1507 0.04314271079687674 15.07
1508 0.02912552640502605 15.08
1509 0.0258213062984977 15.09
1510 0.03099664986111018 15.1
1511 0.02740393216056825 15.11
1512 0.01892221878899509 15.12
1513 0.02014019530783747 15.13
1514 0.02564364133921122 15.14
1515 0.02477523138549453 15.15
1516 0.03611617956290177 15.16
1517 0.04005505967286139 15.17
1518 0.04275386641701297 15.18
1519 0.05197916223496805 15.19
1520 0.05724966396615309 15.2
1521 0.05126236926549506 15.21
1522 0.04325158164788414 15.22
1523 0.05230059637911784 15.23
1524 0.0597779905058766 15.24
1525 0.05900847929434894 15.25
1526 0.06430856484850274 15.26
1527 0.06963766569783933 15.27
1528 0.07113053806000359 15.28
1529 0.06899826560245954 15.29
1530 0.06874748312922706 15.3
1531 0.07569171384770985 15.31
1532 0.09356853094677817 15.32
1533 0.09592495566027447 15.33
1534 0.1017961293064254 15.34
1535 0.09778839413757012 15.35
1536 0.107887819404446 15.36
1537 0.1100326065779448 15.37
1538 0.1094886033890632 15.38
1539 0.1236658269458924 15.39
1540 0.1147941341125898 15.4
1541 0.120741925414936 15.41
1542 0.1254955076383003 15.42
1543 0.139238907765065 15.43
1544 0.1413876763244444 15.44
1545 0.1504137859370284 15.45
1546 0.1615945475191313 15.46
1547 0.1587206254769991 15.47
1548 0.1583697950130606 15.48
1549 0.1622138819868592 15.49
1550 0.1713648362972003 15.5
1551 0.1793345651724039 15.51
1552 0.1846173859938924 15.52
1553 0.1934192028907302 15.53
1554 0.1906528235207317 15.54
1555 0.1965797221453531 15.55
1556 0.1999205288253853 15.56
1557 0.2085795014899126 15.57
1558 0.2117223765679908 15.58
1559 0.2132274142035514 15.59
1560 0.2101011364749479 15.6
1561 0.2106239954226378 15.61
1562 0.2249818466438825 15.62
1563 0.2393852976356738 15.63
1564 0.23975946768707 15.64
1565 0.2381775228107512 15.65
1566 0.2423835509758304 15.66
1567 0.2400931062086187 15.67
1568 0.2470188897312605 15.68
1569 0.2530440928095412 15.69
1570 0.251957711088039 15.7
1571 0.2568209720948632 15.71
1572 0.2614955994408794 15.72
1573 0.2660504958179007 15.73
1574 0.2653270283185516 15.74
1575 0.2626576443660826 15.75
1576 0.2778789581717952 15.76
1577 0.2749558696782287 15.77
1578 0.2713207428181305 15.78
1579 0.2795358840187211 15.79
1580 0.2817182155749455 15.8
1581 0.2910809341301733 15.81
1582 0.2953468220368537 15.82
1583 0.2937075587994586 15.83
1584 0.2863216246325189 15.84
1585 0.2897956816742168 15.85
1586 0.2932276653476238 15.86
1587 0.2886291900905391 15.87
1588 0.2877307325027229 15.88
1589 0.2894695452419553 15.89
1590 0.2916491613657324 15.9
1591 0.2862836021038169 15.91
1592 0.2869500256347678 15.92
1593 0.2865338960200572 15.93
1594 0.2855138776054951 15.94
1595 0.2885774573886062 15.95
1596 0.2947096445757728 15.96
1597 0.2971961672845771 15.97
1598 0.304773028893307 15.98
1599 0.3104619379364134 15.99
1600 0.2991649376789 16
1601 0.2929909280903314 16.01
1602 0.2926609255658051 16.02
1603 0.2931466528035845 16.03
1604 0.2907330446158165 16.04
1605 0.2952046049331891 16.05
1606 0.3005190635187543 16.06
1607 0.3050400493833532 16.07
1608 0.3047660245064008 16.08
1609 0.3040534358145465 16.09
1610 0.3016161853155706 16.1
1611 0.3014003364640399 16.11
1612 0.3036966738437272 16.12
1613 0.3028484258382435 16.13
1614 0.2973804215419151 16.14
1615 0.3000231978266543 16.15
1616 0.3027467555880411 16.16
1617 0.3014555535613798 16.17
1618 0.2917001243801053 16.18
1619 0.2902787550843336 16.19
1620 0.2874409826435325 16.2
1621 0.2903212588945022 16.21
1622 0.2849721535333088 16.22
1623 0.2886792951128632 16.23
1624 0.2824186036568536 16.24
1625 0.2670438271000293 16.25
1626 0.264440141760405 16.26
1627 0.2655703659374702 16.27
1628 0.2570632248348252 16.28
1629 0.2512687041197663 16.29
1630 0.2530147736941742 16.3
1631 0.2408915825362217 16.31
1632 0.2295842995157664 16.32
1633 0.2226156704272804 16.33
1634 0.2173302449896688 16.34
1635 0.2194396535837307 16.35
1636 0.204349533245738 16.36
1637 0.1944744354292925 16.37
1638 0.1955251003453505 16.38
1639 0.1751131709386078 16.39
1640 0.1736474863073087 16.4
1641 0.1750413614774497 16.41
1642 0.1555910878571425 16.42
1643 0.156939203109389 16.43
1644 0.1485081674565861 16.44
1645 0.1268385123301221 16.45
1646 0.1095459431585828 16.46
1647 0.103685181671746 16.47
1648 0.1107488576712415 16.48
1649 0.1148786346585439 16.49
1650 0.1083195993834804 16.5
1651 0.08646390908617889 16.51
1652 0.06788162235515156 16.52
1653 0.06658376004748126 16.53
1654 0.06036815723750039 16.54
1655 0.05910323693776374 16.55
1656 0.05248027671293094 16.56
1657 0.04860879366402287 16.57
1658 0.02636736505151073 16.58
1659 0.02686994607567102 16.59
1660 0.03579101716828096 16.6
1661 0.03244802141386022 16.61
1662 0.0179141801132762 16.62
1663 0.01832441039964023 16.63
1664 0.01219038740409495 16.64
1665 0.005838725566007653 16.65
1666 0.0008345701751371138 16.66
1667 0.01467018703987335 16.67
1668 0.01160542733733641 16.68
1669 0.01140713018782335 16.69
1670 0.008701297363749966 16.7
1671 0.00395211010755213 16.71
1672 -0.00718673895067778 16.72
1673 -0.01160791621943931 16.73
1674 -0.006638352823160776 16.74
1675 -0.01221249466880001 16.75
1676 -0.007528694956750286 16.76
1677 -0.0109109585792421 16.77
1678 -0.01005724503163118 16.78
1679 -0.01014442819282167 16.79
1680 0.008782898846566358 16.8
1681 -0.006629589266472146 16.81
1682 -0.02793078419888098 16.82
1683 -0.02257382321269507 16.83
1684 -0.01190302067326544 16.84
1685 -0.01427805103531981 16.85
1686 -0.01266419498651878 16.86
1687 -0.008693222946204676 16.87
1688 0.003321122692056113 16.88
1689 -0.008208288576609634 16.89
1690 0.008721824159064875 16.9
1691 -0.006383570812303643 16.91
1692 0.005450466306919744 16.92
1693 -0.0006368113262036856 16.93
1694 -0.006747856071908298 16.94
1695 0.01344190059602697 16.95
1696 0.00734241804399676 16.96
1697 0.01602803627170162 16.97
1698 0.01366438706496524 16.98
1699 0.02231133626017617 16.99
1700 0.02360089156395257 17
1701 0.00803752320974665 17.01
1702 0.01976941113128032 17.02
1703 0.02399599945795525 17.03
1704 0.01511129995430936 17.04
1705 0.03378486872768949 17.05
1706 0.04162538231202011 17.06
1707 0.02633549903924812 17.07
1708 0.01899533035014632 17.08
1709 0.03799106140228654 17.09
1710 0.02765501424241969 17.1
1711 0.03630225593883758 17.11
1712 0.04329967910793919 17.12
1713 0.04543721688493588 17.13
1714 0.03670788290949935 17.14
1715 0.03327467880644411 17.15
1716 0.03262117928155432 17.16
1717 0.02437837284797938 17.17
1718 0.0320870082287886 17.18
1719 0.0311566036953972 17.19
1720 0.03152701299843091 17.2
1721 0.02588985095590076 17.21
1722 0.01803304287621225 17.22
1723 0.02967873342489336 17.23
1724 0.0191458219621444 17.24
1725 0.012699500714893 17.25
1726 0.01733195925462742 17.26
1727 -0.02363762971405056 17.27
1728 -0.02043576745893661 17.28
1729 -0.003498020616960687 17.29
1730 0.01857801553967379 17.3
1731 0.01808345029342502 17.31
1732 0.0217377227684472 17.32
1733 0.01099472816715266 17.33
1734 0.01351221382361269 17.34
1735 0.01955649465963899 17.35
1736 0.03905313777764722 17.36
1737 0.04140849134690223 17.37
1738 0.01306725358987457 17.38
1739 0.0465159871454936 17.39
1740 0.05402210031172675 17.4
1741 0.05464083519615417 17.41
1742 0.05639254300591156 17.42
1743 0.04869737073547541 17.43
1744 0.06066020093551432 17.44
1745 0.07149406662392628 17.45
1746 0.0691694010343788 17.46
1747 0.07627215460123928 17.47
1748 0.07149829694647811 17.48
1749 0.09679301342113275 17.49
1750 0.1024957204661636 17.5
1751 0.1026217901669006 17.51
1752 0.1110165785391497 17.52
1753 0.1180799466107724 17.53
1754 0.1100960948011801 17.54
1755 0.1353527075827498 17.55
1756 0.1417584263541894 17.56
1757 0.1378370330602637 17.57
1758 0.1505065087084282 17.58
1759 0.1373443776434684 17.59
1760 0.165643993687682 17.6
1761 0.1752310420158275 17.61
1762 0.1736377612114193 17.62
1763 0.1675493675808131 17.63
1764 0.1718205441749154 17.64
1765 0.1757132075214952 17.65
1766 0.1815699215075313 17.66
1767 0.1862152506179608 17.67
1768 0.1938174332228199 17.68
1769 0.1940844103248971 17.69
1770 0.2039992594818257 17.7
1771 0.2113412743054623 17.71
1772 0.2055365740168464 17.72
1773 0.2100711518805366 17.73
1774 0.2145819305107008 17.74
1775 0.2223596934509995 17.75
1776 0.2297858569223466 17.76
1777 0.2279245259526036 17.77
1778 0.2341619494052327 17.78
1779 0.2368392832730497 17.79
1780 0.2368028630389472 17.8
1781 0.2420116126455168 17.81
1782 0.2495957508854817 17.82
1783 0.2460250168697836 17.83
1784 0.2512709142969928 17.84
1785 0.2599688682620339 17.85
1786 0.2652429266837205 17.86
1787 0.2638667448111863 17.87
1788 0.2683923856302165 17.88
1789 0.266191272900572 17.89
1790 0.2629257371591641 17.9
1791 0.2792653665142026 17.91
1792 0.2793544990421448 17.92
1793 0.2820073152101206 17.93
1794 0.2847288165854785 17.94
1795 0.2836160213977026 17.95
1796 0.2842156609861915 17.96
1797 0.281060500952183 17.97
1798 0.2820413575074795 17.98
1799 0.2865365965495307 17.99
1800 0.2855129859174774 18
1801 0.2929957331628845 18.01
1802 0.2900577555316333 18.02
1803 0.2921094418463392 18.03
1804 0.2918774565434876 18.04
1805 0.2897377297328492 18.05
1806 0.2886756256953521 18.06
1807 0.2879199183859876 18.07
1808 0.293334907747648 18.08
1809 0.2909769692700284 18.09
1810 0.2861029491101357 18.1
1811 0.2885496898913528 18.11
1812 0.2936262100077571 18.12
1813 0.293473789283132 18.13
1814 0.2899543211178322 18.14
1815 0.2868163764157693 18.15
1816 0.2884214882237125 18.16
1817 0.2796146388415573 18.17
1818 0.2766721270048648 18.18
1819 0.2705026114597082 18.19
1820 0.2699637802065772 18.2
1821 0.2733402542568218 18.21
1822 0.2743579064402242 18.22
1823 0.2697783330286866 18.23
1824 0.2709726597475016 18.24
1825 0.2726993433312196 18.25
1826 0.2684991040042045 18.26
1827 0.2667706872782752 18.27
1828 0.2649036533747333 18.28
1829 0.260706521801027 18.29
1830 0.2586435584159311 18.3
1831 0.2555334677974652 18.31
1832 0.2615131562689256 18.32
1833 0.2588976716244935 18.33
1834 0.2598776417115349 18.34
1835 0.2622639943964343 18.35
1836 0.2547426498302113 18.36
1837 0.2476148914209239 18.37
1838 0.2470961379319434 18.38
1839 0.246380614106387 18.39
1840 0.2457100074762804 18.4
1841 0.2374762853197327 18.41
1842 0.2350847170897624 18.42
1843 0.2323262444842277 18.43
1844 0.2323313645014639 18.44
1845 0.232150762436853 18.45
1846 0.2239222212448901 18.46
1847 0.2157971009799806 18.47
1848 0.2093048614560463 18.48
1849 0.2106372365112487 18.49
1850 0.2062669605214726 18.5
1851 0.2017370982337092 18.51
1852 0.192889048942709 18.52
1853 0.1884488180906521 18.53
1854 0.1780336406684469 18.54
1855 0.1717573065758785 18.55
1856 0.1736736420725531 18.56
1857 0.1683367340424741 18.57
1858 0.1631001473587587 18.58
1859 0.1538107073365191 18.59
1860 0.143945487743746 18.6
1861 0.1363887012793537 18.61
1862 0.1239692543100796 18.62
1863 0.1185028017257046 18.63
1864 0.1152587964184116 18.64
1865 0.1155512418914474 18.65
1866 0.1080582796223948 18.66
1867 0.09766013638967025 18.67
1868 0.0893234857623704 18.68
1869 0.0821360016821734 18.69
1870 0.07280520075995987 18.7
1871 0.05590158977114354 18.71
1872 0.05415146587152818 18.72
1873 0.05513111391013082 18.73
1874 0.04923760134635714 18.74
1875 0.04950409752828669 18.75
1876 0.04657086367372901 18.76
1877 0.0297281297399181 18.77
1878 0.01511739447689165 18.78
1879 0.006476306226302781 18.79
1880 0.004978899800164052 18.8
1881 0.01085177475637394 18.81
1882 0.02033036216196811 18.82
1883 0.0204434157659813 18.83
1884 0.01941855873056267 18.84
1885 0.01287417268479662 18.85
1886 0.004725759025254764 18.86
1887 -0.003997271260204199 18.87
1888 0.002092537821109311 18.88
1889 0.01024391786706676 18.89
1890 0.003396040687942232 18.9
1891 -0.001665862230172481 18.91
1892 0.006095049334864285 18.92
1893 0.00339231381102526 18.93
1894 -0.001168042353913766 18.94
1895 0.001224888233140865 18.95
1896 0.006065263569067973 18.96
1897 0.00174093526133215 18.97
1898 0.007159788790729036 18.98
1899 0.008669870695123138 18.99
1900 0.01132077386524199 19
1901 0.01520355325969389 19.01
1902 0.009276846100679675 19.02
1903 0.001774784374689193 19.03
1904 0.002268179820777936 19.04
1905 0.009005222136919653 19.05
1906 0.004119721780869535 19.06
1907 0.002250149602198882 19.07
1908 0.005391294626281634 19.08
1909 -0.002248291498125026 19.09
1910 -0.00683321312659408 19.1
1911 0.0145366675093521 19.11
1912 0.01729465657524705 19.12
1913 0.005717316997449841 19.13
1914 0.006948208278030873 19.14
1915 0.01271610759970755 19.15
1916 0.01044752993622088 19.16
1917 0.01338632976831274 19.17
1918 0.01612658409381839 19.18
1919 0.01060695996069629 19.19
1920 0.03555502684405248 19.2
1921 0.03246658807586641 19.21
1922 0.03320330655403972 19.22
1923 -0.0224358378090099 19.23
1924 -0.01657672712796306 19.24
1925 0.006539181352484558 19.25
1926 0.01022849925745567 19.26
1927 0.03452610024638991 19.27
1928 0.03465233426677017 19.28
1929 0.02162150764255955 19.29
1930 0.00876079068211107 19.3
1931 0.008526130879029262 19.31
1932 0.01637820593269917 19.32
1933 0.01246697439291592 19.33
1934 0.01239885231088574 19.34
1935 0.02267319668379759 19.35
1936 0.01719205891111501 19.36
1937 0.01927083007203965 19.37
1938 0.01905969293760863 19.38
1939 0.02907713341990772 19.39
1940 0.04179983013283689 19.4
1941 0.03178173049779981 19.41
1942 0.02479966924748054 19.42
1943 0.01551683655533792 19.43
1944 0.02450786850097489 19.44
1945 0.02979971869228853 19.45
1946 0.0302904075885285 19.46
1947 0.03751257202203072 19.47
1948 0.04423236832654927 19.48
1949 0.04534933547173541 19.49
1950 0.04048463593115794 19.5
1951 0.04604874543257934 19.51
1952 0.04331427485030888 19.52
1953 0.04865459158571268 19.53
1954 0.05076994805773676 19.54
1955 0.05678474362366355 19.55
1956 0.06343199817830233 19.56
1957 0.06795672653897086 19.57
1958 0.06907107005636262 19.58
1959 0.06481740048271441 19.59
1960 0.07399684618137674 19.6
1961 0.0769945602241235 19.61
1962 0.08410430773754504 19.62
1963 0.09181115961488386 19.63
1964 0.09633499102253054 19.64
1965 0.1002030381780243 19.65
1966 0.1086501474379253 19.66
1967 0.1073392996174703 19.67
1968 0.1092774213819766 19.68
1969 0.1141995959419539 19.69
1970 0.129430139242376 19.7
1971 0.1334848910222607 19.71
1972 0.1312638980302946 19.72
1973 0.1380509043133534 19.73
1974 0.1469319521332618 19.74
1975 0.1441310454233584 19.75
1976 0.1513487428210743 19.76
1977 0.1594918080717067 19.77
1978 0.1610963199146711 19.78
1979 0.1624215568010565 19.79
1980 0.1752325969954093 19.8
1981 0.1808520198861656 19.81
1982 0.1844247960639498 19.82
1983 0.1892948023311739 19.83
1984 0.1955012282801958 19.84
1985 0.196482480852108 19.85
1986 0.1959493832549023 19.86
1987 0.2059695729323111 19.87
1988 0.2142947734088013 19.88
1989 0.2179092999663257 19.89
1990 0.2202402250157793 19.9
1991 0.2174910321666499 19.91
1992 0.2176861020077213 19.92
1993 0.2330987369840054 19.93
1994 0.2397516265537191 19.94
1995 0.241416176406769 19.95
1996 0.2418831038921349 19.96
1997 0.2491543122556246 19.97
1998 0.248881631055083 19.98
1999 0.2520386503861289 19.99
2000 0.257858518451389 20
