"fd-rfile"
"Time Step" "fd etc.."
("Time Step" "fd" "flow-time")
0 0 0
1 130.5777072622663 0.01
2 3.607302779028196 0.02
3 -0.0329467396270666 0.03
4 -0.3950677736925531 0.04
5 -0.1778602675216595 0.05
6 0.0224022802719054 0.06
7 0.2579512166519503 0.07000000000000001
8 0.4083987698844656 0.08
9 0.3988130940351435 0.09
10 0.4296445273076683 0.1
11 0.485662348190835 0.11
12 0.5300835545780824 0.12
13 0.5806166921790269 0.13
14 0.6044444542733084 0.14
15 0.6573683165719064 0.15
16 0.6570789673932814 0.16
17 0.587087497008452 0.17
18 0.7080083803473259 0.18
19 0.7060347477944309 0.19
20 0.6985887513473211 0.2
21 0.7652089826966934 0.21
22 0.8003195261200721 0.22
23 0.6912936064310327 0.23
24 0.7120805130622961 0.24
25 0.7368458198402503 0.25
26 0.7697170668055971 0.26
27 0.7498703392570498 0.27
28 0.7243420206350051 0.28
29 0.7018960453945372 0.29
30 0.7099702196582052 0.3
31 0.7231489923615637 0.31
32 0.7131187445561928 0.32
33 0.7104646773627461 0.33
34 0.6907385731560044 0.34
35 0.7231574038582923 0.35
36 0.7122878387965836 0.36
37 0.7204088947913578 0.37
38 0.6159174358045783 0.38
39 0.6930088814053398 0.39
40 0.6831957861334275 0.4
41 0.7018750963317869 0.41
42 0.7392681418283839 0.42
43 0.6941282921277763 0.43
44 0.702768696897994 0.44
45 0.7207955170595133 0.45
46 0.6927399073226981 0.46
47 0.6732230527685353 0.47
48 0.7343103301875745 0.48
49 0.7065018871246631 0.49
50 0.7033815960603274 0.5
51 0.7137316311424097 0.51
52 0.762588769253707 0.52
53 0.7609950590777141 0.53
54 0.733744418102467 0.54
55 0.7517241809350022 0.55
56 0.766439773207549 0.5600000000000001
57 0.764830971708097 0.5700000000000001
58 0.7614093728218235 0.58
59 0.7893441724446619 0.59
60 0.7291195654200073 0.6
61 0.7580696237156773 0.61
62 0.7712932082084941 0.62
63 0.7830480467107426 0.63
64 0.833553654424128 0.64
65 0.788590374894809 0.65
66 0.8170559064089288 0.66
67 0.808714228016577 0.67
68 0.800730994362095 0.68
69 0.8743271273224876 0.6900000000000001
70 0.8359545288564931 0.7000000000000001
71 0.8328707369851746 0.71
72 0.8471923269154176 0.72
73 0.843388937181332 0.73
74 0.8404056799389081 0.74
75 0.8622557163956101 0.75
76 0.8658037014832608 0.76
77 0.8758140105610845 0.77
78 0.8471793896734101 0.78
79 0.9279153913763595 0.79
80 0.9734678230380445 0.8
81 0.9801168153318187 0.8100000000000001
82 0.9359542545234354 0.8200000000000001
83 0.9321782180433047 0.8300000000000001
84 0.9542641445152381 0.84
85 0.988466544213508 0.85
86 1.014678509705648 0.86
87 1.017570283960173 0.87
88 1.042670431654096 0.88
89 1.064721225651549 0.89
90 1.122089355980885 0.9
91 1.174612552173646 0.91
92 1.220948050427503 0.92
93 1.253084651769923 0.93
94 1.30038267675716 0.9400000000000001
95 1.348612689172326 0.9500000000000001
96 1.37980382520841 0.96
97 1.409720092242753 0.97
98 1.490315787967643 0.98
99 1.52987823377789 0.99
100 1.510839251506837 1
101 1.598137360784894 1.01
102 1.664597271769334 1.02
103 1.710252798505001 1.03
104 1.754149071870375 1.04
105 1.807601086012806 1.05
106 1.819092045200704 1.06
107 1.864169060755115 1.07
108 1.923904014668013 1.08
109 1.989559520449059 1.09
110 1.981536002768612 1.1
111 2.038571783842567 1.11
112 2.107117370395478 1.12
113 2.17978249324455 1.13
114 2.242331233426086 1.14
115 2.231254841804248 1.15
116 2.263301745024525 1.16
117 2.345422796691729 1.17
118 2.378563145995175 1.18
119 2.410074566534214 1.19
120 2.359329613011345 1.2
121 2.357581507845818 1.21
122 2.486433063060704 1.22
123 2.522945501703239 1.23
124 2.469924447439733 1.24
125 2.52448090794029 1.25
126 2.516224850182063 1.26
127 2.56046569131129 1.27
128 2.555001596542502 1.28
129 2.602883751057024 1.29
130 2.7135629885496 1.3
131 2.632726863631077 1.31
132 2.560383873043904 1.32
133 2.542768055527035 1.33
134 2.618382773964783 1.34
135 2.495428595285456 1.35
136 2.583756559302496 1.36
137 2.898195130116011 1.37
138 2.828100997942222 1.38
139 2.7653266821597 1.39
140 2.764396209033493 1.4
141 2.711052725309967 1.41
142 2.653516693808335 1.42
143 2.670552053968399 1.43
144 2.76252824935349 1.44
145 2.787004532375046 1.45
146 2.797946570457186 1.46
147 2.866786016546023 1.47
148 2.871601419041218 1.48
149 2.808704203753873 1.49
150 2.787487332546802 1.5
151 2.910365994517246 1.51
152 2.890186397632794 1.52
153 2.89461945261898 1.53
154 2.963971854615368 1.54
155 3.047498371151042 1.55
156 3.04254702937933 1.56
157 3.035066907719163 1.57
158 3.04071207221045 1.58
159 3.002934425059668 1.59
160 3.064598880061944 1.6
161 3.075267176115497 1.61
162 3.077944236630662 1.62
163 3.074647286318757 1.63
164 3.112346921026246 1.64
165 3.101863899992757 1.65
166 3.083357294044161 1.66
167 3.087219941481246 1.67
168 3.053502213522205 1.68
169 3.05192973517295 1.69
170 3.049063592400677 1.7
171 3.032324980633657 1.71
172 3.028842063242418 1.72
173 3.171759423614708 1.73
174 3.10657005682666 1.74
175 3.070426574318001 1.75
176 3.084261635939574 1.76
177 3.197083517140336 1.77
178 3.230988405827789 1.78
179 3.194424479626052 1.79
180 3.270120903521369 1.8
181 3.293570245327897 1.81
182 3.300074221852032 1.82
183 3.290028202219864 1.83
184 3.187787261813486 1.84
185 3.13344539415793 1.85
186 3.17662268086317 1.86
187 3.269626730882346 1.87
188 3.271466069953841 1.88
189 3.215594063860297 1.89
190 3.250989607065626 1.9
191 3.277419166621078 1.91
192 3.17632983258637 1.92
193 3.152064261207123 1.93
194 3.147051027187731 1.94
195 3.091766492350498 1.95
196 3.097040869464787 1.96
197 3.134900178459386 1.97
198 3.062031055911679 1.98
199 3.056195397980369 1.99
200 3.051165559929612 2
201 2.99229123773868 2.01
202 2.845579197895125 2.02
203 2.773836311357582 2.03
204 2.771713261338698 2.04
205 2.753403202319179 2.05
206 2.711918563856668 2.06
207 2.654442141174216 2.07
208 2.550879389259441 2.08
209 2.529421026031631 2.09
210 2.516746203000197 2.1
211 2.456459445599259 2.11
212 2.346916590867578 2.12
213 2.30930568122779 2.13
214 2.317525173362213 2.14
215 2.261112125211083 2.15
216 2.168347056015056 2.16
217 2.107458771845757 2.17
218 2.084415210213946 2.18
219 2.053099921627487 2.19
220 1.997444095134015 2.2
221 1.942741855209122 2.21
222 1.917100040963745 2.22
223 1.867898334034551 2.23
224 1.848502428692774 2.24
225 1.801134413125481 2.25
226 1.769026352777056 2.26
227 1.732870332647919 2.27
228 1.711168751577193 2.28
229 1.628299837925847 2.29
230 1.609363863537653 2.3
231 1.614279480368879 2.31
232 1.536120058068619 2.32
233 1.473608995688837 2.33
234 1.494319718073669 2.34
235 1.470291344651868 2.35
236 1.419813750930319 2.36
237 1.406586289056874 2.37
238 1.393482993049302 2.38
239 1.347212540523775 2.39
240 1.311062622911071 2.4
241 1.27845694246786 2.41
242 1.230806867715568 2.42
243 1.232447644594909 2.43
244 1.266638293446443 2.44
245 1.232490008197751 2.45
246 1.200177975167056 2.46
247 1.175142086082249 2.47
248 1.159687489573013 2.48
249 1.162351894749624 2.49
250 1.148400128321578 2.5
251 1.117585214342186 2.51
252 1.098383676179534 2.52
253 1.035902073902193 2.53
254 1.060303368741882 2.54
255 1.057430148181166 2.55
256 1.072064938087646 2.56
257 1.068979854307567 2.57
258 1.029706077227611 2.58
259 1.031543842403284 2.59
260 1.036482465563788 2.6
261 1.006783854200846 2.61
262 0.9981781814035074 2.62
263 0.9881473960028883 2.63
264 1.006486807466785 2.64
265 1.013437952808118 2.65
266 1.002260132051431 2.66
267 1.012960647206832 2.67
268 1.015416101091436 2.68
269 0.9953432892941152 2.69
270 0.9882761713677564 2.7
271 0.9550359435720357 2.71
272 0.9834847179352036 2.72
273 0.9939483402232343 2.73
274 1.004608196737434 2.74
275 1.027154778918619 2.75
276 1.013558047061415 2.76
277 1.002963101598838 2.77
278 1.014954532107942 2.78
279 1.029343333757371 2.79
280 1.03264248808552 2.8
281 1.05423321028586 2.81
282 1.071579135595043 2.82
283 1.086284718630115 2.83
284 1.097896099389648 2.84
285 1.113467934940745 2.85
286 1.133110073747186 2.86
287 1.151531835607813 2.87
288 1.169779974177293 2.88
289 1.181617228205357 2.89
290 1.193878124321523 2.9
291 1.215022088456179 2.91
292 1.245006302266938 2.92
293 1.264813900965668 2.93
294 1.304746838335305 2.94
295 1.316899249459175 2.95
296 1.351666886371044 2.96
297 1.370888424672129 2.97
298 1.382642879564077 2.98
299 1.410629870308076 2.99
300 1.379460079656329 3
301 1.446936843223715 3.01
302 1.463144850514226 3.02
303 1.544459428858558 3.03
304 1.548401405286337 3.04
305 1.604394971290938 3.05
306 1.595877962948232 3.06
307 1.614317596210759 3.07
308 1.648787903104288 3.08
309 1.703412264888065 3.09
310 1.758302435179595 3.1
311 1.756216747875728 3.11
312 1.742077256302466 3.12
313 1.796980019972556 3.13
314 1.809514300433653 3.14
315 1.873613453778126 3.15
316 1.931386520873217 3.16
317 1.929880954095493 3.17
318 1.916922079758503 3.18
319 1.948852864841586 3.19
320 2.063183441312363 3.2
321 2.007109664840168 3.21
322 2.071194426817597 3.22
323 2.06730295669239 3.23
324 2.116166545390112 3.24
325 2.152404252564021 3.25
326 2.201806753086676 3.26
327 2.218436746957745 3.27
328 2.086832605100977 3.28
329 2.205175716313466 3.29
330 2.231743370677759 3.3
331 2.307151726966301 3.31
332 2.293055912326303 3.32
333 2.312635081359125 3.33
334 2.302288146504829 3.34
335 2.327550986349729 3.35
336 2.382657539003982 3.36
337 2.376437504292617 3.37
338 2.30843317907965 3.38
339 2.351952573083675 3.39
340 2.54544914511169 3.4
341 2.558509186733614 3.41
342 2.491031390456643 3.42
343 2.428528236430094 3.43
344 2.386150250070508 3.44
345 2.380350572408488 3.45
346 2.415902433109671 3.46
347 2.380562471205082 3.47
348 2.365103484450698 3.48
349 2.425203218360133 3.49
350 2.368871014775393 3.5
351 2.372890233147613 3.51
352 2.458189136916905 3.52
353 2.444632955627859 3.53
354 2.407036913098257 3.54
355 2.375738667204626 3.55
356 2.414208747490792 3.56
357 2.3580506694108 3.57
358 2.334772218065418 3.58
359 2.347718280167884 3.59
360 2.392122193417185 3.6
361 2.366057715629848 3.61
362 2.324526796381646 3.62
363 2.337139202990898 3.63
364 2.318565393706298 3.64
365 2.344260599094636 3.65
366 2.465422987438232 3.66
367 2.345733936115111 3.67
368 2.40698992321994 3.68
369 2.546985294626206 3.69
370 2.312453057345348 3.7
371 2.39756275587414 3.71
372 2.565504431540893 3.72
373 2.546769270904251 3.73
374 2.49734565615982 3.74
375 2.491063249846643 3.75
376 2.539892492463859 3.76
377 2.57394313426715 3.77
378 2.588722279522189 3.78
379 2.666115124513941 3.79
380 2.642808293932266 3.8
381 2.684760735532166 3.81
382 2.703026978734764 3.82
383 2.696726170469061 3.83
384 2.720462427231032 3.84
385 2.730211488847976 3.85
386 2.793431932433801 3.86
387 2.753671154977997 3.87
388 2.790495864347983 3.88
389 2.795240428293842 3.89
390 2.805596964867376 3.9
391 2.810046460222867 3.91
392 2.888904354775719 3.92
393 2.848708648254999 3.93
394 2.841171106084136 3.94
395 2.804966157463661 3.95
396 2.925103277674926 3.96
397 2.909827229813909 3.97
398 2.841450822774874 3.98
399 2.849521511198438 3.99
400 2.933371522012083 4
401 2.797000467828525 4.01
402 2.748134630261652 4.02
403 2.768188061134816 4.03
404 2.786198080776611 4.04
405 2.743379188588605 4.05
406 2.808768905849797 4.06
407 2.786774225935616 4.07
408 2.751164677057769 4.08
409 2.710355815491414 4.09
410 2.735467840738826 4.1
411 2.750970332309253 4.11
412 2.679212143070645 4.12
413 2.645912038778662 4.13
414 2.606941753988288 4.14
415 2.570375141644924 4.15
416 2.570135468881224 4.16
417 2.609438274343934 4.17
418 2.577243386870435 4.18
419 2.489215123500378 4.19
420 2.440641816403715 4.2
421 2.425932053033275 4.21
422 2.439162902421104 4.22
423 2.430445695661534 4.23
424 2.433735312110783 4.24
425 2.399824915540983 4.25
426 2.268812339595287 4.26
427 2.219519629201366 4.27
428 2.195767574990812 4.28
429 2.166099351588421 4.29
430 2.15792427572567 4.3
431 2.130518375718399 4.31
432 2.070593318355826 4.32
433 2.03925324005192 4.33
434 1.947634510724595 4.34
435 1.933856976027876 4.350000000000001
436 1.886836097716247 4.36
437 1.868590040637269 4.37
438 1.776742242765454 4.38
439 1.737181860535403 4.39
440 1.704502994014191 4.4
441 1.674478459380334 4.41
442 1.622269586024882 4.42
443 1.573402612501958 4.43
444 1.510100607936058 4.44
445 1.503470315558906 4.45
446 1.462059000491922 4.46
447 1.434652611105656 4.47
448 1.356845490089948 4.48
449 1.341799471332164 4.49
450 1.307851825491213 4.5
451 1.249675085445129 4.51
452 1.227625933241353 4.52
453 1.1230811411357 4.53
454 1.085645096267006 4.54
455 1.092679882225472 4.55
456 1.095106626284872 4.56
457 1.049852808568662 4.57
458 1.028876069924589 4.58
459 1.028135311303077 4.59
460 0.9429817193161671 4.600000000000001
461 1.024419672040156 4.61
462 0.9949158551348969 4.62
463 0.9124811210523305 4.63
464 0.8222696148466662 4.64
465 0.8859683554688506 4.65
466 0.8994987068712429 4.66
467 0.8404187455041431 4.67
468 0.7861027467567782 4.68
469 0.8328720287234713 4.69
470 0.903248952173789 4.7
471 0.782995936732639 4.71
472 0.7986773667349247 4.72
473 0.8001392812712113 4.73
474 0.748559857439721 4.74
475 0.7997701171811873 4.75
476 0.8235103279020943 4.76
477 0.7134124437992237 4.77
478 0.7179336888206306 4.78
479 0.8178507734518469 4.79
480 0.7520840154908661 4.8
481 0.7222618690389278 4.81
482 0.7413400765917033 4.82
483 0.8155251859577978 4.83
484 0.7924046998882796 4.84
485 0.7811043596395881 4.850000000000001
486 0.7936786493514171 4.86
487 0.775257603277039 4.87
488 0.7360479904712588 4.88
489 0.7921066076646577 4.89
490 0.8234688088541982 4.9
491 0.7969818725993411 4.91
492 0.8268091091542369 4.92
493 0.8399256331899019 4.93
494 0.858849963723074 4.94
495 0.8853930224591831 4.95
496 0.8919317613617906 4.96
497 0.9076014413909769 4.97
498 0.9188351683593996 4.98
499 0.9493299278241877 4.99
500 0.948582109574816 5
501 0.9774884815354619 5.01
502 0.9761827944108517 5.02
503 1.005525603043148 5.03
504 1.038396458283996 5.04
505 1.026926163695407 5.05
506 1.087127219061175 5.06
507 1.12880793037527 5.07
508 1.119380026194262 5.08
509 1.115900845012992 5.09
510 1.141499607045397 5.100000000000001
511 1.196253270603561 5.11
512 1.1990295018277 5.12
513 1.255824596269875 5.13
514 1.270130838972111 5.14
515 1.300146113843675 5.15
516 1.296116808539526 5.16
517 1.312912846865253 5.17
518 1.372720475066607 5.18
519 1.380127360240485 5.19
520 1.407258598910047 5.2
521 1.407164286008789 5.21
522 1.412138503228323 5.22
523 1.471447737220409 5.23
524 1.500429483772208 5.24
525 1.539198867587057 5.25
526 1.526890803812676 5.26
527 1.569002871489171 5.27
528 1.603801172562748 5.28
529 1.599756751543719 5.29
530 1.656684182285337 5.3
531 1.67947097121379 5.31
532 1.666193306917327 5.32
533 1.713526431193023 5.33
534 1.736964096327471 5.34
535 1.771188978967818 5.350000000000001
536 1.790060883924535 5.36
537 1.796328676198877 5.37
538 1.825500515021271 5.38
539 1.843397231911843 5.39
540 1.906198618388636 5.4
541 1.942826265788023 5.41
542 1.959034245958663 5.42
543 1.938390758470211 5.43
544 1.957596908667248 5.44
545 1.985467116841237 5.45
546 1.993163722761419 5.46
547 1.976547252352625 5.47
548 2.080410988152134 5.48
549 2.089945157589098 5.49
550 2.086037117168126 5.5
551 2.099249825026084 5.51
552 2.135899906018292 5.52
553 2.13772117506107 5.53
554 2.133597290964065 5.54
555 2.17059252955863 5.55
556 2.216261903901558 5.56
557 2.18234021949109 5.57
558 2.176279487007103 5.58
559 2.274090835359182 5.59
560 2.232310149551507 5.600000000000001
561 2.228881812521958 5.61
562 2.240489575806299 5.62
563 2.235022186704481 5.63
564 2.257196702744041 5.64
565 2.257194168088484 5.65
566 2.299957064407949 5.66
567 2.296059878511804 5.67
568 2.29832895106806 5.68
569 2.275655628076466 5.69
570 2.253875389122617 5.7
571 2.293609262866243 5.71
572 2.286441729341619 5.72
573 2.255185235955309 5.73
574 2.316830979905812 5.74
575 2.301225722990935 5.75
576 2.263111285181801 5.76
577 2.277499492663539 5.77
578 2.264801544769862 5.78
579 2.258215713600662 5.79
580 2.268363147181637 5.8
581 2.253524575530726 5.81
582 2.245519353287428 5.82
583 2.254358328717707 5.83
584 2.245867429542328 5.84
585 2.269431045526814 5.850000000000001
586 2.232168886740154 5.86
587 2.228103529658775 5.87
588 2.23004205519446 5.88
589 2.208663550554669 5.89
590 2.233950975848079 5.9
591 2.38756486970327 5.91
592 2.458577463903817 5.92
593 2.350941477776865 5.93
594 2.419799874752599 5.94
595 2.533518387547111 5.95
596 2.548446169396397 5.96
597 2.473401392042391 5.97
598 2.302259312109571 5.98
599 2.406214737451828 5.99
600 2.502597061231184 6
601 2.591334960470329 6.01
602 2.700846200742272 6.02
603 2.558021304971383 6.03
604 2.431738059324016 6.04
605 2.409784722081615 6.05
606 2.487021899568636 6.06
607 2.576416194008885 6.07
608 2.745785007507403 6.08
609 2.618750851079065 6.09
610 2.549630706372322 6.100000000000001
611 2.567532551385564 6.11
612 2.650059468571881 6.12
613 2.616445428643535 6.13
614 2.61830290706078 6.140000000000001
615 2.602747548456684 6.15
616 2.538604778325937 6.16
617 2.56862472004778 6.17
618 2.637671647164788 6.18
619 2.563613194314222 6.19
620 2.524616976158923 6.2
621 2.620641213682654 6.21
622 2.670304389136832 6.22
623 2.626420394245508 6.23
624 2.682529943610287 6.24
625 2.646053175803514 6.25
626 2.601770465767541 6.26
627 2.626267656964454 6.27
628 2.548269379764223 6.28
629 2.594587906216179 6.29
630 2.546414618353769 6.3
631 2.475088078642442 6.31
632 2.529898368294034 6.32
633 2.526405209052556 6.33
634 2.395841684020966 6.34
635 2.380981982769664 6.350000000000001
636 2.339380762810838 6.36
637 2.355197033427575 6.37
638 2.37555266782551 6.38
639 2.383040744682326 6.390000000000001
640 2.365092776455761 6.4
641 2.286750699362215 6.41
642 2.216842374660217 6.42
643 2.171914275976535 6.43
644 2.183905012508528 6.44
645 2.121269840285199 6.45
646 2.077140195648606 6.46
647 2.053897327401579 6.47
648 1.979834744171552 6.48
649 1.843018466332069 6.49
650 1.82234193437977 6.5
651 1.821023833240144 6.51
652 1.808810399063998 6.52
653 1.812781682717739 6.53
654 1.80165316070604 6.54
655 1.73535049006863 6.55
656 1.648032991783923 6.56
657 1.593157533885019 6.57
658 1.563142938812052 6.58
659 1.514600771856054 6.59
660 1.501859924824596 6.600000000000001
661 1.465697982300039 6.61
662 1.409485196909661 6.62
663 1.31540193172098 6.63
664 1.317803300398408 6.640000000000001
665 1.318548622398034 6.65
666 1.260791190358745 6.66
667 1.230446439801503 6.67
668 1.223895595296752 6.68
669 1.17391155159709 6.69
670 1.17492613753938 6.7
671 1.16261749592694 6.71
672 1.100458043448324 6.72
673 1.050556622796577 6.73
674 1.068396525064119 6.74
675 1.048522371736989 6.75
676 0.9876200482194564 6.76
677 0.9851027758428856 6.77
678 1.043043993675954 6.78
679 1.018581500170615 6.79
680 0.9481332287836135 6.8
681 0.9698716250307966 6.81
682 0.9337876558468892 6.82
683 0.8123034192641916 6.83
684 0.8658176737846015 6.84
685 0.9687690439545843 6.850000000000001
686 0.9289999762919705 6.86
687 0.8991406855768899 6.87
688 0.9196272815669635 6.88
689 0.9047047108423838 6.890000000000001
690 0.8841549721260189 6.9
691 0.8632061135848581 6.91
692 0.8431400897083683 6.92
693 0.8094865346098908 6.93
694 0.8578393295311221 6.94
695 0.8560341470335096 6.95
696 0.8558349202778601 6.96
697 0.9158445223345257 6.97
698 0.8822942543824052 6.98
699 0.8571752506785942 6.99
700 0.8574782011868296 7
701 0.8324275806390263 7.01
702 0.8751238363072201 7.02
703 0.884157041242781 7.03
704 0.9137101087813357 7.04
705 0.9388197138716206 7.05
706 0.9277090572127853 7.06
707 0.9092411654852164 7.07
708 0.9170072446292911 7.08
709 0.9595571422264826 7.09
710 0.9583147202015467 7.100000000000001
711 0.9575783340506118 7.11
712 0.9927233545221729 7.12
713 1.028889343399007 7.13
714 1.046043467868809 7.140000000000001
715 1.039572000830103 7.15
716 1.049313866698658 7.16
717 1.086727549437251 7.17
718 1.104119738470994 7.18
719 1.14223299842156 7.19
720 1.112949912516914 7.2
721 1.144621064907156 7.21
722 1.189148018891505 7.22
723 1.216219334229691 7.23
724 1.26000886747263 7.24
725 1.255013183931086 7.25
726 1.261259770405404 7.26
727 1.288901835796007 7.27
728 1.270688233707542 7.28
729 1.317137408379869 7.29
730 1.352516845620881 7.3
731 1.385949622210343 7.31
732 1.394933322671308 7.32
733 1.424941861528575 7.33
734 1.458709362772624 7.34
735 1.484660908603565 7.350000000000001
736 1.483743343986225 7.36
737 1.526815332528836 7.37
738 1.548001741591811 7.38
739 1.582909494659592 7.390000000000001
740 1.600646078014565 7.4
741 1.627635334798027 7.41
742 1.638734996291678 7.42
743 1.693157420787733 7.43
744 1.76596425382127 7.44
745 1.774287071619687 7.45
746 1.796634646004729 7.46
747 1.851648062157197 7.47
748 1.875371515067001 7.48
749 1.897309324438843 7.49
750 1.954697240516083 7.5
751 2.016234066894115 7.51
752 2.075802215317554 7.52
753 2.081221407481613 7.53
754 2.111498672078725 7.54
755 2.146798002451627 7.55
756 2.217001477816677 7.56
757 2.243219938705362 7.57
758 2.251869901058964 7.58
759 2.28444884366703 7.59
760 2.274822334233137 7.600000000000001
761 2.325051478760195 7.61
762 2.388868145442386 7.62
763 2.430086301436253 7.63
764 2.411803248860911 7.640000000000001
765 2.446987127736136 7.65
766 2.44866942563624 7.66
767 2.481254842814785 7.67
768 2.473217297232363 7.68
769 2.507302997561408 7.69
770 2.488540792997823 7.7
771 2.515693316717875 7.71
772 2.477571968919505 7.72
773 2.513536664841369 7.73
774 2.525132138749373 7.74
775 2.520783518428631 7.75
776 2.529303444881358 7.76
777 2.508595602725294 7.77
778 2.429756993190784 7.78
779 2.457386563133941 7.79
780 2.52145496535714 7.8
781 2.510466720584545 7.81
782 2.472087003165625 7.82
783 2.486081444353876 7.83
784 2.415188855599676 7.84
785 2.383089624343051 7.850000000000001
786 2.357555617299572 7.86
787 2.364044778022724 7.87
788 2.387530491956584 7.88
789 2.365530500968358 7.890000000000001
790 2.377567663568784 7.9
791 2.335180960692271 7.91
792 2.310624591986682 7.92
793 2.299551520809546 7.930000000000001
794 2.294402226627137 7.94
795 2.279666567042339 7.95
796 2.292374134659561 7.96
797 2.310045491299902 7.97
798 2.280543712360029 7.98
799 2.251324752634588 7.99
800 2.187312571187306 8
801 2.187557622535732 8.01
802 2.28783695399016 8.02
803 2.377622393253405 8.029999999999999
804 2.357882504626398 8.040000000000001
805 2.345316029873089 8.050000000000001
806 2.370832907026999 8.06
807 2.50934437425519 8.07
808 2.501198308919907 8.08
809 2.488427468186461 8.09
810 2.380512092214752 8.1
811 2.451402527445735 8.109999999999999
812 2.537648466110635 8.120000000000001
813 2.586741649436061 8.130000000000001
814 2.40236619349714 8.140000000000001
815 2.601877806670608 8.15
816 2.715733959112129 8.16
817 2.56469511424819 8.17
818 2.517013611991207 8.18
819 2.60940792772299 8.19
820 2.810664959837164 8.199999999999999
821 2.714705360696938 8.210000000000001
822 2.658275961570288 8.220000000000001
823 2.597887448621877 8.23
824 2.607371797165756 8.24
825 2.63431304966711 8.25
826 2.755295375041245 8.26
827 2.742827021025625 8.27
828 2.752383628089469 8.279999999999999
829 2.712684019082975 8.290000000000001
830 2.931853174310215 8.300000000000001
831 2.727152671509958 8.31
832 2.663230952874187 8.32
833 2.765469336694232 8.33
834 2.696641422266679 8.34
835 2.693160005535579 8.35
836 2.721877033030554 8.359999999999999
837 2.786632378215692 8.370000000000001
838 2.7868046787759 8.380000000000001
839 2.778082253226262 8.390000000000001
840 2.830188521239441 8.4
841 2.887457233354373 8.41
842 2.900736343869664 8.42
843 2.809259323706779 8.43
844 2.708176663915704 8.44
845 2.654584974894272 8.449999999999999
846 2.654608967719526 8.460000000000001
847 2.613006675563355 8.470000000000001
848 2.663152054921726 8.48
849 2.687240329509038 8.49
850 2.577154364609409 8.5
851 2.590014818705112 8.51
852 2.612053660479662 8.52
853 2.577826693787811 8.529999999999999
854 2.53260736443444 8.540000000000001
855 2.538413472185062 8.550000000000001
856 2.48098354425753 8.56
857 2.370135605485651 8.57
858 2.384530573338015 8.58
859 2.334297948913006 8.59
860 2.083633412743113 8.6
861 2.097698458093511 8.609999999999999
862 2.080288318759283 8.620000000000001
863 2.176574125417979 8.630000000000001
864 2.099748177769239 8.640000000000001
865 1.865996610552646 8.65
866 1.836272287330286 8.66
867 1.9105659154329 8.67
868 2.097060803608298 8.68
869 1.971061818797596 8.69
870 1.7940319393801 8.700000000000001
871 1.635155438150472 8.710000000000001
872 1.557518457344793 8.720000000000001
873 1.477339857383015 8.73
874 1.527713969219968 8.74
875 1.460981258685794 8.75
876 1.434355548775263 8.76
877 1.366946246665802 8.77
878 1.324787947189176 8.779999999999999
879 1.253167031756363 8.790000000000001
880 1.236361567629363 8.800000000000001
881 1.227688269062686 8.81
882 1.207049947994785 8.82
883 1.197696129830332 8.83
884 1.168600974397016 8.84
885 1.147589097881623 8.85
886 1.136616905821493 8.859999999999999
887 1.098364260180136 8.870000000000001
888 1.070276565304548 8.880000000000001
889 1.082131440483857 8.890000000000001
890 1.069072595736399 8.9
891 1.005069264027919 8.91
892 1.020248531779653 8.92
893 1.014806495225174 8.93
894 0.9518428474502101 8.94
895 0.9471951244937146 8.950000000000001
896 0.9489332599217711 8.960000000000001
897 0.949043546637408 8.970000000000001
898 0.900409567512824 8.98
899 0.925600874101726 8.99
900 0.9698630584157437 9
901 0.8795315963715902 9.01
902 0.9053417546268174 9.02
903 0.9231984956979534 9.029999999999999
904 0.8644624686099468 9.040000000000001
905 0.8459986503110621 9.050000000000001
906 0.8600872704618509 9.06
907 0.8436501583823575 9.07
908 0.8394424027515923 9.08
909 0.8689658525500908 9.09
910 0.8717420577518131 9.1
911 0.8655745999353212 9.109999999999999
912 0.8414826760962948 9.120000000000001
913 0.8532018966077991 9.130000000000001
914 0.8600020595287399 9.140000000000001
915 0.8616986305871339 9.15
916 0.8704197362300181 9.16
917 0.8686738798562436 9.17
918 0.8488346133178258 9.18
919 0.8857903974475543 9.19
920 0.890061415365869 9.200000000000001
921 0.9036044858654577 9.210000000000001
922 0.8899979902980248 9.220000000000001
923 0.9040463132182985 9.23
924 0.9420553661633273 9.24
925 0.976957713852885 9.25
926 0.9725761904002167 9.26
927 0.9977119040724413 9.27
928 1.018771756341902 9.279999999999999
929 1.019966789814574 9.290000000000001
930 1.026492635801131 9.300000000000001
931 1.042500222164922 9.31
932 1.091203418080192 9.32
933 1.090605318504269 9.33
934 1.118713259241005 9.34
935 1.126671576984255 9.35
936 1.173441451189283 9.359999999999999
937 1.209852165886547 9.370000000000001
938 1.213587350690548 9.380000000000001
939 1.23695443431305 9.390000000000001
940 1.193711723915077 9.4
941 1.199053501877676 9.41
942 1.259412819463584 9.42
943 1.313171766850427 9.43
944 1.410684874794311 9.44
945 1.48630260989723 9.450000000000001
946 1.480762740821035 9.460000000000001
947 1.410386976676279 9.470000000000001
948 1.495508787430244 9.48
949 1.485410983743972 9.49
950 1.562431873706577 9.5
951 1.604442861253076 9.51
952 1.597190170590119 9.52
953 1.625455788791991 9.529999999999999
954 1.662075061002611 9.540000000000001
955 1.665200461234397 9.550000000000001
956 1.692188958383303 9.56
957 1.680140641417682 9.57
958 1.675298524985924 9.58
959 1.750180336611405 9.59
960 1.961376478709745 9.6
961 1.943859606834437 9.609999999999999
962 1.905564535875322 9.620000000000001
963 1.906230761719548 9.630000000000001
964 1.846368841196856 9.640000000000001
965 1.887915000376758 9.65
966 1.926044215025142 9.66
967 1.976550249282172 9.67
968 2.012803494621101 9.68
969 2.049292745042075 9.69
970 2.016770827877026 9.700000000000001
971 2.047019737709891 9.710000000000001
972 2.08954684538218 9.720000000000001
973 2.120774054593605 9.73
974 2.135134472919276 9.74
975 2.146342139810779 9.75
976 2.131717506230151 9.76
977 2.128270368218794 9.77
978 2.166192443047562 9.779999999999999
979 2.20621830876566 9.790000000000001
980 2.218347410859292 9.800000000000001
981 2.192043061567935 9.81
982 2.201635793513446 9.82
983 2.284044201999341 9.83
984 2.283724275368383 9.84
985 2.307058978449587 9.85
986 2.365295045145983 9.859999999999999
987 2.327806713330349 9.870000000000001
988 2.297585713076479 9.880000000000001
989 2.357926940567576 9.890000000000001
990 2.311618384884897 9.9
991 2.246723408765997 9.91
992 2.266542514964898 9.92
993 2.301641120365578 9.93
994 2.298619901047938 9.94
995 2.35293034447184 9.950000000000001
996 2.308686864715189 9.960000000000001
997 2.31370902980151 9.970000000000001
998 2.338347186217866 9.98
999 2.331414512059623 9.99
1000 2.279726961681653 10
1001 2.283921531907289 10.01
1002 2.294229367465459 10.02
1003 2.278948513424322 10.03
1004 2.266759883659593 10.04
1005 2.266365509056292 10.05
1006 2.298466794667959 10.06
1007 2.30048348222031 10.07
1008 2.314159682375914 10.08
1009 2.209167175913093 10.09
1010 2.175435281591308 10.1
1011 2.22975733420432 10.11
1012 2.346713696521757 10.12
1013 2.253065322400819 10.13
1014 2.361418737270798 10.14
1015 2.281311961953922 10.15
1016 2.34579026705366 10.16
1017 2.194778404100731 10.17
1018 2.257327459581883 10.18
1019 2.351101551704331 10.19
1020 2.524883555346704 10.2
1021 2.564231140324168 10.21
1022 2.480004854693612 10.22
1023 2.46961526645812 10.23
1024 2.554421147472779 10.24
1025 2.580474567621859 10.25
1026 2.612488655327596 10.26
1027 2.699295501114357 10.27
1028 2.619095700440645 10.28
1029 2.600730234792533 10.29
1030 2.682617735227145 10.3
1031 2.671405802167975 10.31
1032 2.705515266269492 10.32
1033 2.759159410012245 10.33
1034 2.682683575449697 10.34
1035 2.669568847799405 10.35
1036 2.691761619187548 10.36
1037 2.783163321243905 10.37
1038 2.863166615137723 10.38
1039 2.803054404401262 10.39
1040 2.661142756976684 10.4
1041 2.771829971859177 10.41
1042 2.8121324416058 10.42
1043 2.71943935371311 10.43
1044 2.676618376712736 10.44
1045 2.792594541063314 10.45
1046 2.714637731482971 10.46
1047 2.682606356227613 10.47
1048 2.765034614455531 10.48
1049 2.781732690648425 10.49
1050 2.593811879312002 10.5
1051 2.769025761320607 10.51
1052 2.763339044771052 10.52
1053 2.662212000932183 10.53
1054 2.678580485811068 10.54
1055 2.692105182095306 10.55
1056 2.644683387110902 10.56
1057 2.616016416525455 10.57
1058 2.707944349327737 10.58
1059 2.600201266604053 10.59
1060 2.535909001729815 10.6
1061 2.587056939307713 10.61
1062 2.672290127520752 10.62
1063 2.639417950541383 10.63
1064 2.414347896389995 10.64
1065 2.379130169445673 10.65
1066 2.308918345761946 10.66
1067 2.338603165962833 10.67
1068 2.412672907258729 10.68
1069 2.456806617355412 10.69
1070 2.366465934624451 10.7
1071 2.292013008221134 10.71
1072 2.219705113190507 10.72
1073 2.203845131133254 10.73
1074 2.137833167460678 10.74
1075 2.200587534487191 10.75
1076 2.143273928038123 10.76
1077 2.048244390117395 10.77
1078 2.031604625917529 10.78
1079 1.955358787261242 10.79
1080 1.84936347856784 10.8
1081 1.825356953941257 10.81
1082 1.873626665799758 10.82
1083 1.813563193292955 10.83
1084 1.833472561608666 10.84
1085 1.761000863767521 10.85
1086 1.692939939340403 10.86
1087 1.61591832867835 10.87
1088 1.598024205002851 10.88
1089 1.591409436544558 10.89
1090 1.575704891781643 10.9
1091 1.487031952306194 10.91
1092 1.482011312162284 10.92
1093 1.374413148663282 10.93
1094 1.318186841861518 10.94
1095 1.353219399613373 10.95
1096 1.366942849800682 10.96
1097 1.280919420328579 10.97
1098 1.274420216881714 10.98
1099 1.237292552137302 10.99
1100 1.195356743782151 11
1101 1.153680763375652 11.01
1102 1.094667483596391 11.02
1103 1.086893604257171 11.03
1104 1.088015586982968 11.04
1105 1.090953185288782 11.05
1106 1.039711362581976 11.06
1107 1.037638733397366 11.07
1108 1.006600599312695 11.08
1109 1.032929981818941 11.09
1110 0.9916660245190061 11.1
1111 0.9700323878951378 11.11
1112 0.9844743894605782 11.12
1113 0.8804725869094452 11.13
1114 0.8908521688102609 11.14
1115 0.9293022854831295 11.15
1116 0.8861909493730208 11.16
1117 0.9043965340098168 11.17
1118 0.8929234584325797 11.18
1119 0.8733525582542279 11.19
1120 0.8936467956455598 11.2
1121 0.839982998396588 11.21
1122 0.8538876391934425 11.22
1123 0.8587207135897569 11.23
1124 0.8718155534114729 11.24
1125 0.8845994119279725 11.25
1126 0.8799172039745101 11.26
1127 0.8853970342356097 11.27
1128 0.9115295507292249 11.28
1129 0.8638760876171985 11.29
1130 0.8616539219328575 11.3
1131 0.8835006127307186 11.31
1132 0.8917023267891871 11.32
1133 0.8864016061472968 11.33
1134 0.9101895953025525 11.34
1135 0.9173572471046507 11.35
1136 0.9229625160895025 11.36
1137 0.9390933334809528 11.37
1138 0.9501981165474606 11.38
1139 0.9575696579579137 11.39
1140 0.9488286471263124 11.4
1141 0.9714231688225787 11.41
1142 1.014704827769411 11.42
1143 1.038768381809345 11.43
1144 1.055109147717791 11.44
1145 1.038528116540529 11.45
1146 1.051591611424213 11.46
1147 1.07234800555128 11.47
1148 1.10802852101137 11.48
1149 1.13019077004356 11.49
1150 1.120631066043777 11.5
1151 1.166992005078355 11.51
1152 1.191549491977443 11.52
1153 1.181281022811562 11.53
1154 1.233904157162242 11.54
1155 1.237668750989036 11.55
1156 1.250445970849823 11.56
1157 1.258573893937468 11.57
1158 1.304676193424953 11.58
1159 1.307078922221238 11.59
1160 1.338471886780871 11.6
1161 1.394604853139933 11.61
1162 1.379702236644712 11.62
1163 1.418682428197637 11.63
1164 1.43019860987695 11.64
1165 1.468682601431309 11.65
1166 1.476977921681841 11.66
1167 1.526595487847463 11.67
1168 1.537217770849646 11.68
1169 1.555775662236468 11.69
1170 1.59182118541779 11.7
1171 1.641176751006001 11.71
1172 1.644519698581643 11.72
1173 1.698452413258946 11.73
1174 1.758602041721125 11.74
1175 1.777900358167582 11.75
1176 1.779747334506635 11.76
1177 1.842705293477841 11.77
1178 1.872520329408817 11.78
1179 1.877179297864053 11.79
1180 1.939433407468493 11.8
1181 2.006005794279893 11.81
1182 2.03893088858132 11.82
1183 2.051141900738414 11.83
1184 2.097406232652779 11.84
1185 2.137743734068691 11.85
1186 2.179873857661546 11.86
1187 2.237315419163457 11.87
1188 2.207570974155387 11.88
1189 2.238134926004027 11.89
1190 2.24702081805729 11.9
1191 2.240817089051037 11.91
1192 2.282955394752959 11.92
1193 2.347042507645714 11.93
1194 2.40491159777778 11.94
1195 2.380689868666426 11.95
1196 2.401111686190133 11.96
1197 2.396726034719904 11.97
1198 2.377322930221034 11.98
1199 2.430525755613067 11.99
1200 2.428179532847816 12
1201 2.414639682601742 12.01
1202 2.409213373466479 12.02
1203 2.41342068335985 12.03
1204 2.437476396112808 12.04
1205 2.382944520234318 12.05
1206 2.338379972406385 12.06
1207 2.37211426472018 12.07
1208 2.354576020749493 12.08
1209 2.361993768029433 12.09
1210 2.372038056147919 12.1
1211 2.354855171079082 12.11
1212 2.338631229611369 12.12
1213 2.365688833766085 12.13
1214 2.362867276421088 12.14
1215 2.264264411189089 12.15
1216 2.231516897295723 12.16
1217 2.244442890579031 12.17
1218 2.277169588781098 12.18
1219 2.228629025345928 12.19
1220 2.206169788604706 12.2
1221 2.187489134153358 12.21
1222 2.159413461980004 12.22
1223 2.195854409966228 12.23
1224 2.213589601679247 12.24
1225 2.216224854069141 12.25
1226 2.137706491935248 12.26
1227 2.189736695174513 12.27
1228 2.208634884749648 12.28
1229 2.218913041388599 12.29
1230 2.16620841722251 12.3
1231 2.210759531572436 12.31
1232 2.124637624691244 12.32
1233 2.222482293418957 12.33
1234 2.209385758440917 12.34
1235 2.209235669952061 12.35
1236 2.206514781945708 12.36
1237 2.392100258871034 12.37
1238 2.378000365714209 12.38
1239 2.518710747020241 12.39
1240 2.547927522250454 12.4
1241 2.523273057855888 12.41
1242 2.455271170374495 12.42
1243 2.461610561844908 12.43
1244 2.456720385630907 12.44
1245 2.447049602572868 12.45
1246 2.53281284611726 12.46
1247 2.541747011931945 12.47
1248 2.53297698442967 12.48
1249 2.554326671063611 12.49
1250 2.636114543979763 12.5
1251 2.631235832959697 12.51
1252 2.602418973121189 12.52
1253 2.641144521038288 12.53
1254 2.670188662449255 12.54
1255 2.682941634185624 12.55
1256 2.686292482416363 12.56
1257 2.724482005148241 12.57
1258 2.691296472799657 12.58
1259 2.688772436809619 12.59
1260 2.722346741285554 12.6
1261 2.711442978005655 12.61
1262 2.757205570501849 12.62
1263 2.843907970170592 12.63
1264 2.845465284535857 12.64
1265 2.726080104202307 12.65
1266 2.749466065570285 12.66
1267 2.822690561370837 12.67
1268 2.78420551145523 12.68
1269 2.757980991140379 12.69
1270 2.797543130683605 12.7
1271 2.751920459361933 12.71
1272 2.774870044078555 12.72
1273 2.776341035934931 12.73
1274 2.759219403450944 12.74
1275 2.711643116208036 12.75
1276 2.701495655829747 12.76
1277 2.739016798958221 12.77
1278 2.710268709539937 12.78
1279 2.723722709777198 12.79
1280 2.69757524586409 12.8
1281 2.593140749856435 12.81
1282 2.648794018399554 12.82
1283 2.659828340360543 12.83
1284 2.637593623334217 12.84
1285 2.602703913051617 12.85
1286 2.520708788186181 12.86
1287 2.434930576169809 12.87
1288 2.398398391963777 12.88
1289 2.347803658642462 12.89
1290 2.286073935491126 12.9
1291 2.208949743155161 12.91
1292 2.208264182306232 12.92
1293 2.175035534543792 12.93
1294 2.097645215070247 12.94
1295 1.988841305215519 12.95
1296 1.940712495863031 12.96
1297 1.927955194643396 12.97
1298 1.874382511709593 12.98
1299 1.815845118834272 12.99
1300 1.761720346675856 13
1301 1.732357857238836 13.01
1302 1.614329331808696 13.02
1303 1.580784533921332 13.03
1304 1.558433411065194 13.04
1305 1.513654897184424 13.05
1306 1.420302086961717 13.06
1307 1.374807300826472 13.07
1308 1.354394752733719 13.08
1309 1.239163847151943 13.09
1310 1.21330853506965 13.1
1311 1.213005115259576 13.11
1312 1.15776480530628 13.12
1313 1.203421283064771 13.13
1314 1.171786385467813 13.14
1315 1.159229165880546 13.15
1316 1.131532649164183 13.16
1317 1.089742347893817 13.17
1318 1.099864496509744 13.18
1319 1.090946248368377 13.19
1320 1.079701740001734 13.2
1321 1.070762372781991 13.21
1322 1.0037090247851 13.22
1323 0.995722164224246 13.23
1324 0.9756435677252095 13.24
1325 0.9603413447477918 13.25
1326 0.9726689243256968 13.26
1327 0.9702796008894425 13.27
1328 0.9152543633167733 13.28
1329 0.9202165280046335 13.29
1330 0.9557725579496175 13.3
1331 0.9195621265267034 13.31
1332 0.8899848658215861 13.32
1333 0.9048890968463298 13.33
1334 0.8895741027870177 13.34
1335 0.8656005757937892 13.35
1336 0.8561076494115195 13.36
1337 0.8610785735942413 13.37
1338 0.8523250537484628 13.38
1339 0.8505312047356983 13.39
1340 0.8616483536150784 13.4
1341 0.8740629610992964 13.41
1342 0.8442651561070605 13.42
1343 0.8631417953318304 13.43
1344 0.8823926915664841 13.44
1345 0.8480504843979593 13.45
1346 0.852771220018586 13.46
1347 0.8633244961062765 13.47
1348 0.8508429062697631 13.48
1349 0.8742109228573182 13.49
1350 0.8849997882599742 13.5
1351 0.8808219297858572 13.51
1352 0.9026764930611361 13.52
1353 0.9368157892610808 13.53
1354 0.9581727216326945 13.54
1355 0.9448678513277392 13.55
1356 0.9632029571751216 13.56
1357 0.9992642884119108 13.57
1358 1.00993768676333 13.58
1359 1.014010040723544 13.59
1360 1.031621265586248 13.6
1361 1.054352595023523 13.61
1362 1.094939239522464 13.62
1363 1.109511266690993 13.63
1364 1.113378178282618 13.64
1365 1.152910538640787 13.65
1366 1.180380830667322 13.66
1367 1.210002833840411 13.67
1368 1.231150392503235 13.68
1369 1.240994248165081 13.69
1370 1.246145395908191 13.7
1371 1.296508964691262 13.71
1372 1.341640952882305 13.72
1373 1.360117755827343 13.73
1374 1.422109694685454 13.74
1375 1.456635028954165 13.75
1376 1.46239551085554 13.76
1377 1.45030679726099 13.77
1378 1.494564592610072 13.78
1379 1.546890906224132 13.79
1380 1.563775723697784 13.8
1381 1.568376705113541 13.81
1382 1.616843869528746 13.82
1383 1.5935009877584 13.83
1384 1.618249437666486 13.84
1385 1.677184740951367 13.85
1386 1.754612891550055 13.86
1387 1.749617167909151 13.87
1388 1.781719471768714 13.88
1389 1.868776256123118 13.89
1390 1.89331844029829 13.9
1391 1.816589565990771 13.91
1392 1.858386110733404 13.92
1393 1.87348345900993 13.93
1394 1.884961060413561 13.94
1395 1.920403205182404 13.95
1396 2.015715951234833 13.96
1397 2.055545356901364 13.97
1398 2.077482693622847 13.98
1399 2.068991503563316 13.99
1400 2.088148902230054 14
1401 2.093255011437006 14.01
1402 2.129171786494955 14.02
1403 2.108750379000063 14.03
1404 2.131659460182862 14.04
1405 2.169074024770413 14.05
1406 2.184618344149019 14.06
1407 2.152028400696043 14.07
1408 2.169154426118671 14.08
1409 2.178057463514953 14.09
1410 2.214391109137969 14.1
1411 2.202274515986995 14.11
1412 2.221478019330894 14.12
1413 2.270663688546088 14.13
1414 2.322341019620454 14.14
1415 2.28121238162726 14.15
1416 2.279025442878387 14.16
1417 2.273859314959696 14.17
1418 2.259633609294292 14.18
1419 2.258487702471557 14.19
1420 2.276655696068811 14.2
1421 2.235907063861517 14.21
1422 2.251718460629069 14.22
1423 2.2233447599326 14.23
1424 2.223015564063802 14.24
1425 2.277068835311601 14.25
1426 2.282917335909207 14.26
1427 2.27264038048265 14.27
1428 2.301589028385889 14.28
1429 2.290112340522683 14.29
1430 2.259211214315505 14.3
1431 2.224130578244766 14.31
1432 2.281029506423722 14.32
1433 2.232907234426969 14.33
1434 2.244348644309813 14.34
1435 2.256048760268504 14.35
1436 2.227077941366772 14.36
1437 2.193719911716024 14.37
1438 2.187198314929081 14.38
1439 2.221208571448233 14.39
1440 2.005885266998948 14.4
1441 2.148494654817018 14.41
1442 2.158624217502173 14.42
1443 2.187261250948179 14.43
1444 2.302701016146292 14.44
1445 2.219885865487307 14.45
1446 2.235119592228421 14.46
1447 2.267025912722958 14.47
1448 2.173461526332919 14.48
1449 2.307048875627409 14.49
1450 2.265095176342987 14.5
1451 2.367416017965007 14.51
1452 2.340982555034137 14.52
1453 2.257523046785389 14.53
1454 2.491646362839558 14.54
1455 2.600334984104065 14.55
1456 2.541991141890545 14.56
1457 2.398071679258608 14.57
1458 2.458360510917658 14.58
1459 2.34500768384843 14.59
1460 2.809007016878723 14.6
1461 2.848656290726808 14.61
1462 2.736311079251823 14.62
1463 2.589354555943524 14.63
1464 2.548999900247679 14.64
1465 2.481848946431125 14.65
1466 2.556151688494894 14.66
1467 2.552485195377212 14.67
1468 2.67055190898334 14.68
1469 2.676131091949123 14.69
1470 2.574599864373506 14.7
1471 2.677088825349268 14.71
1472 2.701963611511678 14.72
1473 2.678861530525505 14.73
1474 2.56290883249385 14.74
1475 2.611693467639018 14.75
1476 2.645034601811427 14.76
1477 2.613519716091609 14.77
1478 2.679936648839662 14.78
1479 2.612077291227755 14.79
1480 2.561163045448681 14.8
1481 2.617383657845602 14.81
1482 2.69940288197139 14.82
1483 2.573430744109012 14.83
1484 2.533057360283048 14.84
1485 2.602540718334327 14.85
1486 2.53954639092923 14.86
1487 2.608190081240826 14.87
1488 2.585067447990618 14.88
1489 2.534741560606842 14.89
1490 2.530811996845591 14.9
1491 2.481538724483039 14.91
1492 2.530626410596248 14.92
1493 2.423438570746907 14.93
1494 2.381070572359081 14.94
1495 2.379479408104885 14.95
1496 2.317049117733011 14.96
1497 2.265049931532066 14.97
1498 2.310422061942343 14.98
1499 2.41660812220366 14.99
1500 2.36045890593605 15
1501 2.232865700628917 15.01
1502 2.165850200502984 15.02
1503 2.119195950070496 15.03
1504 2.045931875943253 15.04
1505 2.040358584168498 15.05
1506 2.032572556691982 15.06
1507 2.017386037212514 15.07
1508 2.001325998235553 15.08
1509 1.903695749274123 15.09
1510 1.824337650739811 15.1
1511 1.819491289292072 15.11
1512 1.8012698489651 15.12
1513 1.734308476883315 15.13
1514 1.746979578789363 15.14
1515 1.716909472537339 15.15
1516 1.658111151065838 15.16
1517 1.572599999858255 15.17
1518 1.567489494044324 15.18
1519 1.564245708426969 15.19
1520 1.506797326338707 15.2
1521 1.351619143853327 15.21
1522 1.377401324802799 15.22
1523 1.385166219583066 15.23
1524 1.393043944172125 15.24
1525 1.354439117900555 15.25
1526 1.33544750052498 15.26
1527 1.238833756690744 15.27
1528 1.219337842612112 15.28
1529 1.191738638090435 15.29
1530 1.129113338092656 15.3
1531 1.059316184302022 15.31
1532 1.127824313334584 15.32
1533 1.112622579233655 15.33
1534 1.04551587996697 15.34
1535 1.001284084159194 15.35
1536 1.036664736678018 15.36
1537 0.9936585473187636 15.37
1538 0.9461262229586455 15.38
1539 1.020972087578057 15.39
1540 0.9612844693016499 15.4
1541 0.9208654968993827 15.41
1542 0.8851428524028806 15.42
1543 0.8769540007050516 15.43
1544 0.9187782186400992 15.44
1545 0.8933991521798637 15.45
1546 0.874901097618991 15.46
1547 0.8757880220784 15.47
1548 0.8815545493588987 15.48
1549 0.8907099957372099 15.49
1550 0.8762915164001964 15.5
1551 0.8434220088610107 15.51
1552 0.8478478890991957 15.52
1553 0.8509131732317523 15.53
1554 0.8407233359991801 15.54
1555 0.8675559358632693 15.55
1556 0.8883717023672207 15.56
1557 0.8655118393787076 15.57
1558 0.8970869518734726 15.58
1559 0.8644015115202494 15.59
1560 0.8413521017512273 15.6
1561 0.8744367739069862 15.61
1562 0.8738956615401015 15.62
1563 0.9121022062013266 15.63
1564 0.9493603513749491 15.64
1565 0.9462697130043544 15.65
1566 0.9332731651013697 15.66
1567 0.9476168463579017 15.67
1568 0.9637488493475663 15.68
1569 0.9534814704947087 15.69
1570 0.9744941064184174 15.7
1571 1.00804985818111 15.71
1572 1.021088808397589 15.72
1573 1.047155086270833 15.73
1574 1.065005356314268 15.74
1575 1.068589590565838 15.75
1576 1.063217812545336 15.76
1577 1.090979662802937 15.77
1578 1.110790372179377 15.78
1579 1.11722511178214 15.79
1580 1.117714475323654 15.8
1581 1.158965874770326 15.81
1582 1.180002033272329 15.82
1583 1.192694429735103 15.83
1584 1.227464303673605 15.84
1585 1.260750622794679 15.85
1586 1.266084088791953 15.86
1587 1.279066323515623 15.87
1588 1.308791673058425 15.88
1589 1.317465550626542 15.89
1590 1.357410940932358 15.9
1591 1.392374304592015 15.91
1592 1.435825014809732 15.92
1593 1.450041778848687 15.93
1594 1.486981788634817 15.94
1595 1.505593116379547 15.95
1596 1.512427137430699 15.96
1597 1.55322439200718 15.97
1598 1.57740159955424 15.98
1599 1.603057480200339 15.99
1600 1.655745625083457 16
1601 1.693720054454266 16.01
1602 1.738827030600437 16.02
1603 1.782741719318959 16.03
1604 1.837253944591523 16.04
1605 1.868726226086097 16.05
1606 1.866591973198064 16.06
1607 1.875484736907241 16.07
1608 1.911918711743132 16.08
1609 1.963750821807885 16.09
1610 2.016803784611532 16.1
1611 2.102477503947922 16.11
1612 2.123477481235261 16.12
1613 2.128192773757409 16.13
1614 2.168093438485649 16.14
1615 2.191044437509026 16.15
1616 2.210839536256276 16.16
1617 2.269289367671095 16.17
1618 2.294416228085767 16.18
1619 2.292618593530393 16.19
1620 2.120327600200532 16.2
1621 2.241018951693477 16.21
1622 2.323444545314 16.22
1623 2.349386938452073 16.23
1624 2.447307974543888 16.24
1625 2.390021825725812 16.25
1626 2.529568706486207 16.26
1627 2.409282601649296 16.27
1628 2.40757010283121 16.28
1629 2.439705894336419 16.29
1630 2.414872469193447 16.3
1631 2.359770154712597 16.31
1632 2.507371713957276 16.32
1633 2.390169165059923 16.33
1634 2.387779731718679 16.34
1635 2.436316923420894 16.35
1636 2.333566948758748 16.36
1637 2.317591997479115 16.37
1638 2.307296630314554 16.38
1639 2.385094930716626 16.39
1640 2.324806397483062 16.4
1641 2.288548971896314 16.41
1642 2.369949490099713 16.42
1643 2.208441411648129 16.43
1644 2.26491288378119 16.44
1645 2.307270184603573 16.45
1646 2.245231762224354 16.46
1647 2.327884275510627 16.47
1648 2.402507304538183 16.48
1649 2.184691061041159 16.49
1650 2.084905519969005 16.5
1651 2.045994688053447 16.51
1652 2.168477988766603 16.52
1653 2.132414784346869 16.53
1654 2.153091904845208 16.54
1655 2.183458139249325 16.55
1656 2.17420466793533 16.56
1657 2.162412046558967 16.57
1658 2.409640550413064 16.58
1659 2.142596868015058 16.59
1660 2.162633169439821 16.6
1661 2.209070830442275 16.61
1662 2.158415384947288 16.62
1663 2.134716052860516 16.63
1664 2.220514966311748 16.64
1665 2.187669682186681 16.65
1666 2.253573500788346 16.66
1667 2.278395512287802 16.67
1668 2.298185993424472 16.68
1669 2.329875811545253 16.69
1670 2.402823376109283 16.7
1671 2.434159103334701 16.71
1672 2.369724307047408 16.72
1673 2.389950844182852 16.73
1674 2.409461559394956 16.74
1675 2.418388257370323 16.75
1676 2.419435615309911 16.76
1677 2.498549444886632 16.77
1678 2.586384784069305 16.78
1679 2.444403918319867 16.79
1680 2.240981859165529 16.8
1681 2.230215455278782 16.81
1682 2.381148112155573 16.82
1683 2.463914331262118 16.83
1684 2.667035079636414 16.84
1685 2.583810627628899 16.85
1686 2.494672604479727 16.86
1687 2.678527368340131 16.87
1688 2.677995561754917 16.88
1689 2.591673733922567 16.89
1690 2.488895089671336 16.9
1691 2.54773634844141 16.91
1692 2.765547890188146 16.92
1693 2.801506845389321 16.93
1694 2.70042385733505 16.94
1695 2.696187783599478 16.95
1696 2.622301151536486 16.96
1697 2.649378701244696 16.97
1698 2.612678366750222 16.98
1699 2.746398366012058 16.99
1700 2.716146561367605 17
1701 2.682376097650454 17.01
1702 2.767083480059904 17.02
1703 2.758669043463676 17.03
1704 2.652311375696298 17.04
1705 2.645852806227548 17.05
1706 2.595456634172193 17.06
1707 2.531947351874638 17.07
1708 2.570434430226317 17.08
1709 2.523753263725669 17.09
1710 2.616077904308005 17.1
1711 2.629149358642392 17.11
1712 2.612374523351336 17.12
1713 2.559163485649212 17.13
1714 2.527036991299759 17.14
1715 2.496940134444428 17.15
1716 2.441495963338468 17.16
1717 2.406783402757357 17.17
1718 2.307802601428166 17.18
1719 2.234520964714396 17.19
1720 2.079344171530588 17.2
1721 2.145916075752392 17.21
1722 2.142649988761451 17.22
1723 2.109628826072336 17.23
1724 1.999445898764907 17.24
1725 1.869274052851093 17.25
1726 1.907252919766728 17.26
1727 1.918588706583359 17.27
1728 1.941441129343718 17.28
1729 1.828142161686818 17.29
1730 1.662343287659996 17.3
1731 1.623530420038552 17.31
1732 1.59262260649962 17.32
1733 1.524535714511126 17.33
1734 1.506512691717656 17.34
1735 1.464230578238293 17.35
1736 1.325416819431492 17.36
1737 1.235638081121285 17.37
1738 1.321785919746268 17.38
1739 1.23684672316603 17.39
1740 1.211867076080933 17.4
1741 1.171601434468537 17.41
1742 1.143759181034895 17.42
1743 1.195180295566553 17.43
1744 1.192811503496864 17.44
1745 1.155368821147625 17.45
1746 1.141523286990409 17.46
1747 1.06558530842527 17.47
1748 0.9943859080554728 17.48
1749 1.059420460736135 17.49
1750 1.081577363470959 17.5
1751 0.9732012414177968 17.51
1752 0.9831941902621187 17.52
1753 1.015013418174441 17.53
1754 1.075506634871074 17.54
1755 0.9514217164258134 17.55
1756 0.9594689987233788 17.56
1757 0.8129724993982128 17.57
1758 0.9555866180576811 17.58
1759 0.9867406759534304 17.59
1760 0.992702797815383 17.6
1761 0.9288834433692059 17.61
1762 0.8508010126487696 17.62
1763 0.8655408109544224 17.63
1764 0.8857735102658918 17.64
1765 0.8452709590342328 17.65
1766 0.8536060495815108 17.66
1767 0.8826964378302914 17.67
1768 0.8615659239304503 17.68
1769 0.8722657146860062 17.69
1770 0.8410013557312592 17.7
1771 0.867571871734126 17.71
1772 0.8582242893388653 17.72
1773 0.8696864416315296 17.73
1774 0.8837527474435738 17.74
1775 0.8530678533214699 17.75
1776 0.8583547347212565 17.76
1777 0.8604326095322616 17.77
1778 0.8560655534310548 17.78
1779 0.8631505944148898 17.79
1780 0.8809119502708985 17.8
1781 0.8815972874417244 17.81
1782 0.9087940863720323 17.82
1783 0.9329522454721819 17.83
1784 0.9703345646853567 17.84
1785 0.9404452312251524 17.85
1786 0.9695724738795989 17.86
1787 0.994734679235875 17.87
1788 1.021573593266659 17.88
1789 1.039279856764213 17.89
1790 1.03659991808137 17.9
1791 1.060753078477619 17.91
1792 1.076543235069695 17.92
1793 1.111447421502659 17.93
1794 1.121842902410868 17.94
1795 1.139745090264294 17.95
1796 1.177775324427852 17.96
1797 1.202640678828938 17.97
1798 1.215769531491806 17.98
1799 1.243964884382467 17.99
1800 1.242405741670408 18
1801 1.265680735507961 18.01
1802 1.293619414893095 18.02
1803 1.329797571807928 18.03
1804 1.381491565085259 18.04
1805 1.416645110461867 18.05
1806 1.461665253526123 18.06
1807 1.489024501729596 18.07
1808 1.533316698355763 18.08
1809 1.538564683737722 18.09
1810 1.551302208166778 18.1
1811 1.579377799714767 18.11
1812 1.627774094662647 18.12
1813 1.643757223037325 18.13
1814 1.673322504786534 18.14
1815 1.66409300883732 18.15
1816 1.675619453770612 18.16
1817 1.693427494582835 18.17
1818 1.733861603367162 18.18
1819 1.781254821193745 18.19
1820 1.832032289397205 18.2
1821 1.848075865142831 18.21
1822 1.850243335601183 18.22
1823 1.871338060413076 18.23
1824 1.8941850492619 18.24
1825 1.928179779692455 18.25
1826 1.972933221883888 18.26
1827 1.995287331798785 18.27
1828 1.994312502085037 18.28
1829 2.000902797442226 18.29
1830 2.055483444118494 18.3
1831 2.019508226689872 18.31
1832 2.065246504958967 18.32
1833 2.10054934034674 18.33
1834 2.116640893141973 18.34
1835 2.110272756786202 18.35
1836 2.138560350028294 18.36
1837 2.18274970152921 18.37
1838 2.141535022625636 18.38
1839 2.161932698304237 18.39
1840 2.184818300403291 18.4
1841 2.226405371641697 18.41
1842 2.187992002647555 18.42
1843 2.232498219714295 18.43
1844 2.322384803569271 18.44
1845 2.31784404781679 18.45
1846 2.208786234180884 18.46
1847 2.275690921128243 18.47
1848 2.282619655358066 18.48
1849 2.279596527824988 18.49
1850 2.303390729328438 18.5
1851 2.255021288171026 18.51
1852 2.228556252957947 18.52
1853 2.283455735115925 18.53
1854 2.255596571558238 18.54
1855 2.259068428879329 18.55
1856 2.331836839270214 18.56
1857 2.326634958658095 18.57
1858 2.320502128208767 18.58
1859 2.275959173465927 18.59
1860 2.304983348405599 18.6
1861 2.223386344241393 18.61
1862 2.218062064551267 18.62
1863 2.259107165446131 18.63
1864 2.251597942732215 18.64
1865 2.261774587733417 18.65
1866 2.265329061890449 18.66
1867 2.256004737269159 18.67
1868 2.214885228194469 18.68
1869 2.211456092856928 18.69
1870 2.24981889633807 18.7
1871 2.213017739511141 18.71
1872 2.233390093682991 18.72
1873 2.25391348272217 18.73
1874 2.289977667772036 18.74
1875 2.26283333896742 18.75
1876 2.249363945940312 18.76
1877 2.181058399583205 18.77
1878 2.210403078080679 18.78
1879 2.313397982122908 18.79
1880 2.274340911233045 18.8
1881 2.351049967136723 18.81
1882 2.393609899346847 18.82
1883 2.431829818203155 18.83
1884 2.508000076558007 18.84
1885 2.543330537785005 18.85
1886 2.551100254257493 18.86
1887 2.460959351763472 18.87
1888 2.454439804391681 18.88
1889 2.484303673889098 18.89
1890 2.561591677039485 18.9
1891 2.602738528556155 18.91
1892 2.596954386364539 18.92
1893 2.633682764004033 18.93
1894 2.552854898715311 18.94
1895 2.538756587885211 18.95
1896 2.599953645993245 18.96
1897 2.718053960391875 18.97
1898 2.616851548105599 18.98
1899 2.656869636714664 18.99
1900 2.61258430248388 19
1901 2.719832641832342 19.01
1902 2.650691380150645 19.02
1903 2.668443356073142 19.03
1904 2.568770936236054 19.04
1905 2.58417854378962 19.05
1906 2.581165113469972 19.06
1907 2.609084880214777 19.07
1908 2.666458184532899 19.08
1909 2.58993023239671 19.09
1910 2.672146426357175 19.1
1911 2.605711471719884 19.11
1912 2.641581629267917 19.12
1913 2.547901881458114 19.13
1914 2.54271785964894 19.14
1915 2.551268900203508 19.15
1916 2.557373465498903 19.16
1917 2.539103137621514 19.17
1918 2.565664552924296 19.18
1919 2.57036641159526 19.19
1920 2.500174081597336 19.2
1921 2.260001627996802 19.21
1922 2.390467637738474 19.22
1923 2.344455698977463 19.23
1924 2.340328193253062 19.24
1925 2.294804639860502 19.25
1926 2.345468843053022 19.26
1927 2.330461005251547 19.27
1928 2.348348292780636 19.28
1929 2.378316293394954 19.29
1930 2.260500709358827 19.3
1931 2.19764868717232 19.31
1932 2.121206303076008 19.32
1933 2.099012111148524 19.33
1934 2.055985769765925 19.34
1935 2.090856149752445 19.35
1936 2.016673616857571 19.36
1937 2.046994771709435 19.37
1938 1.871687146770178 19.38
1939 1.682541652503721 19.39
1940 1.876615479411023 19.4
1941 1.873314147949123 19.41
1942 1.771944570715629 19.42
1943 1.773422757688889 19.43
1944 1.748735561307054 19.44
1945 1.66113442683915 19.45
1946 1.626717330982031 19.46
1947 1.633099302024122 19.47
1948 1.551663824742815 19.48
1949 1.49413559536107 19.49
1950 1.536006945819592 19.5
1951 1.429804752868314 19.51
1952 1.382190659020578 19.52
1953 1.391214640713509 19.53
1954 1.395027420127059 19.54
1955 1.287094888819238 19.55
1956 1.257365788686835 19.56
1957 1.237478851316444 19.57
1958 1.203143139416515 19.58
1959 1.22314757738574 19.59
1960 1.208974310354631 19.6
1961 1.138646291950313 19.61
1962 1.124822539360617 19.62
1963 1.124839449401989 19.63
1964 1.070743203668321 19.64
1965 1.037941762332778 19.65
1966 1.036954505473537 19.66
1967 1.037007129550263 19.67
1968 1.009889427001077 19.68
1969 0.9801995260783332 19.69
1970 0.9597453019666796 19.7
1971 0.9594251708954824 19.71
1972 0.8931703677050695 19.72
1973 0.8956666274865175 19.73
1974 0.8991705014901762 19.74
1975 0.9279334668810111 19.75
1976 0.9266529716520986 19.76
1977 0.8776058805483982 19.77
1978 0.8940794631635955 19.78
1979 0.8998531564225803 19.79
1980 0.8874753171872288 19.8
1981 0.8840364956880217 19.81
1982 0.8536798684519395 19.82
1983 0.8747211200687771 19.83
1984 0.8875797771073561 19.84
1985 0.8774939682456828 19.85
1986 0.892436583610047 19.86
1987 0.9043969269534344 19.87
1988 0.8926898111452835 19.88
1989 0.9054867274198807 19.89
1990 0.8850717889718097 19.9
1991 0.9135190736124156 19.91
1992 0.899813525407698 19.92
1993 0.9225289237550047 19.93
1994 0.952660775889393 19.94
1995 0.9565470388109503 19.95
1996 0.9376694576907064 19.96
1997 0.9720331610731201 19.97
1998 0.9648954081164791 19.98
1999 0.9605429429323514 19.99
2000 1.002322373322965 20
