"fl-rfile"
"Time Step" "fl etc.."
("Time Step" "fl" "flow-time")
0 0 0
1 59.9247211525532 0.01
2 12.5501012116336 0.02
3 7.56306329156066 0.03
4 6.521044078960018 0.04
5 6.602109559941668 0.05
6 6.704275742211569 0.06
7 6.893952158884485 0.07000000000000001
8 6.797585661999606 0.08
9 6.651931652903694 0.09
10 6.704542068815769 0.1
11 6.67085291626563 0.11
12 6.812132009022146 0.12
13 6.901061946826993 0.13
14 6.949721371097053 0.14
15 6.911036543888719 0.15
16 6.884823908416717 0.16
17 6.919822341437083 0.17
18 6.926370339318984 0.18
19 7.054347540673787 0.19
20 7.094930546323658 0.2
21 7.048308401628799 0.21
22 6.876365622388596 0.22
23 6.827890565497136 0.23
24 6.934778254687475 0.24
25 7.027871910332722 0.25
26 6.971956662191298 0.26
27 6.913881115682837 0.27
28 6.886812292650489 0.28
29 6.773490818688538 0.29
30 6.832425381313818 0.3
31 6.8097882616135 0.31
32 6.907369280210445 0.32
33 6.88525036936269 0.33
34 6.787831009397441 0.34
35 6.747898882200952 0.35
36 6.695478922167782 0.36
37 6.682680703627174 0.37
38 6.65476416003177 0.38
39 6.718637612304285 0.39
40 6.676796057767464 0.4
41 6.691809548182253 0.41
42 6.713186501138982 0.42
43 6.648126511620105 0.43
44 6.616363052812397 0.44
45 6.634521792327469 0.45
46 6.629955095504134 0.46
47 6.64873219136124 0.47
48 6.658806515620531 0.48
49 6.640572319658835 0.49
50 6.636160068783529 0.5
51 6.604052372372346 0.51
52 6.628299312810333 0.52
53 6.64972456773839 0.53
54 6.616113469763399 0.54
55 6.623869055910489 0.55
56 6.597791486165761 0.5600000000000001
57 6.609245217769144 0.5700000000000001
58 6.630066385426237 0.58
59 6.658007474093155 0.59
60 6.808502535053459 0.6
61 6.795044579330959 0.61
62 6.65871363059971 0.62
63 6.570697835524146 0.63
64 6.635107006854256 0.64
65 6.747618177359682 0.65
66 6.778476066199643 0.66
67 6.707229193099682 0.67
68 6.768773624577648 0.68
69 6.589742479280283 0.6900000000000001
70 6.673543072189732 0.7000000000000001
71 6.773048767678273 0.71
72 6.761514255617165 0.72
73 6.689953874563383 0.73
74 6.764080566278768 0.74
75 6.780275623145268 0.75
76 6.697161953090474 0.76
77 6.768085081137044 0.77
78 6.83637331885561 0.78
79 6.754064634650254 0.79
80 6.574783844731245 0.8
81 6.601897041555636 0.8100000000000001
82 6.685902713784071 0.8200000000000001
83 6.71613916248522 0.8300000000000001
84 6.692146498238329 0.84
85 6.682282267656082 0.85
86 6.617187502754406 0.86
87 6.566186671461172 0.87
88 6.57890636756528 0.88
89 6.563938998746943 0.89
90 6.523600149882828 0.9
91 6.472968515817269 0.91
92 6.452799315497789 0.92
93 6.392503606640316 0.93
94 6.367554314640665 0.9400000000000001
95 6.383770761722334 0.9500000000000001
96 6.386299160195188 0.96
97 6.387569120383703 0.97
98 6.402874142850828 0.98
99 6.367898826797664 0.99
100 6.439045378251283 1
101 6.440004912215179 1.01
102 6.480500723008705 1.02
103 6.479393490401438 1.03
104 6.446509019241157 1.04
105 6.486533729549956 1.05
106 6.5526300032104 1.06
107 6.574524311377192 1.07
108 6.622638724118989 1.08
109 6.603980663339009 1.09
110 6.662780524879877 1.1
111 6.697729408380586 1.11
112 6.725168796746958 1.12
113 6.742453730755263 1.13
114 6.765567476916972 1.14
115 6.840909501898903 1.15
116 6.823374797626435 1.16
117 6.855515922008093 1.17
118 6.925586871927985 1.18
119 6.924816526696668 1.19
120 7.036679500161672 1.2
121 7.070267593142731 1.21
122 6.985554249427038 1.22
123 7.045063362996145 1.23
124 7.137664719031013 1.24
125 7.111413445507007 1.25
126 7.146301635855715 1.26
127 7.177733618991589 1.27
128 7.221466976700155 1.28
129 7.207256477433069 1.29
130 7.20288382328595 1.3
131 7.284425783941694 1.31
132 7.31585373564554 1.32
133 7.353297175607851 1.33
134 7.379147531299999 1.34
135 7.487618376757657 1.35
136 7.442891473217543 1.36
137 7.349776102358603 1.37
138 7.407372660869872 1.38
139 7.463192497792962 1.39
140 7.498464175928246 1.4
141 7.541911794284952 1.41
142 7.577683369078723 1.42
143 7.607674932588228 1.43
144 7.633898337993829 1.44
145 7.619097507999165 1.45
146 7.635601078351706 1.46
147 7.67857632643556 1.47
148 7.76293207224453 1.48
149 7.780084195248786 1.49
150 7.788409967784335 1.5
151 7.832131032187739 1.51
152 7.82207324991766 1.52
153 7.869529756313817 1.53
154 7.907118487671951 1.54
155 7.981714789419003 1.55
156 8.015716918330927 1.56
157 8.068130583385074 1.57
158 8.085612283208059 1.58
159 8.075122206910438 1.59
160 8.108583394988642 1.6
161 8.125998010797598 1.61
162 8.121335829535633 1.62
163 8.206567413460174 1.63
164 8.211528044246485 1.64
165 8.20611282014149 1.65
166 8.236225599723571 1.66
167 8.237496216156341 1.67
168 8.2154201836198 1.68
169 8.224785198498575 1.69
170 8.187494877092378 1.7
171 8.151387508093361 1.71
172 8.224645038122926 1.72
173 8.155592666064583 1.73
174 8.126810261708322 1.74
175 8.143805191496504 1.75
176 8.155540018194674 1.76
177 8.16296770942267 1.77
178 8.125379530447615 1.78
179 8.0795856586463 1.79
180 8.086786431178151 1.8
181 8.105808951284333 1.81
182 8.150771528068411 1.82
183 8.112995815058634 1.83
184 8.010068461560822 1.84
185 8.079387793770874 1.85
186 8.087467688387157 1.86
187 8.111711448916646 1.87
188 8.078403631756167 1.88
189 8.111938341817121 1.89
190 8.17236696629049 1.9
191 8.157585284490779 1.91
192 8.080744652238053 1.92
193 8.143086234112623 1.93
194 8.132969834714086 1.94
195 8.102056540110066 1.95
196 8.156622251078725 1.96
197 8.19308753378521 1.97
198 8.224335622188908 1.98
199 8.254019730637109 1.99
200 8.326490200827601 2
201 8.290441832842856 2.01
202 8.24513661186538 2.02
203 8.319766124545602 2.03
204 8.363628786285773 2.04
205 8.369365019865011 2.05
206 8.411462552168933 2.06
207 8.418351461355178 2.07
208 8.382827826383517 2.08
209 8.406789072209587 2.09
210 8.458633742627395 2.1
211 8.461644453891472 2.11
212 8.432252010841955 2.12
213 8.481559111221136 2.13
214 8.503048785646341 2.14
215 8.478039306872679 2.15
216 8.412151521738009 2.16
217 8.459335912451518 2.17
218 8.513115338164583 2.18
219 8.50399455078192 2.19
220 8.478622995686326 2.2
221 8.513477942175014 2.21
222 8.484462751421059 2.22
223 8.419622083112431 2.23
224 8.430920991864493 2.24
225 8.421720561257652 2.25
226 8.413237744358181 2.26
227 8.406315208069213 2.27
228 8.406755036298424 2.28
229 8.359840438772583 2.29
230 8.358391565135751 2.3
231 8.375379718473743 2.31
232 8.295637225073406 2.32
233 8.329446578395199 2.33
234 8.321128045246754 2.34
235 8.287476102128736 2.35
236 8.21904662534322 2.36
237 8.222304503311117 2.37
238 8.21588436567521 2.38
239 8.156138309370821 2.39
240 8.148914057883538 2.4
241 8.122627012846429 2.41
242 8.097138844263586 2.42
243 8.076499389963057 2.43
244 8.112744204196051 2.44
245 8.044405297876501 2.45
246 7.99975525284654 2.46
247 8.008474960042523 2.47
248 7.993112240994672 2.48
249 7.908450710062543 2.49
250 7.871602912647767 2.5
251 7.896588720723702 2.51
252 7.817916761149005 2.52
253 7.742248191044458 2.53
254 7.765355538972031 2.54
255 7.753935616573483 2.55
256 7.719315495450824 2.56
257 7.670533119562232 2.57
258 7.613523564553754 2.58
259 7.582919519579562 2.59
260 7.550781420079675 2.6
261 7.489123602735252 2.61
262 7.429577339588582 2.62
263 7.382738601284952 2.63
264 7.369906726918362 2.64
265 7.316337336159696 2.65
266 7.290919661302756 2.66
267 7.248379697785928 2.67
268 7.193836393690538 2.68
269 7.132227154210348 2.69
270 7.083428057064391 2.7
271 7.051859507044946 2.71
272 7.002658049604438 2.72
273 6.97799192559001 2.73
274 6.923836751709199 2.74
275 6.901864363290805 2.75
276 6.866088643054657 2.76
277 6.80955915665446 2.77
278 6.769844491785193 2.78
279 6.713193093752158 2.79
280 6.660676808618947 2.8
281 6.649893834292664 2.81
282 6.614257423068151 2.82
283 6.551845542410721 2.83
284 6.495792967243711 2.84
285 6.478344988256732 2.85
286 6.414881779818541 2.86
287 6.339602915095486 2.87
288 6.291531271572586 2.88
289 6.257124812557373 2.89
290 6.281129695999464 2.9
291 6.246858319197949 2.91
292 6.16452500310193 2.92
293 6.196421142334501 2.93
294 6.15806888443771 2.94
295 6.107850586560271 2.95
296 6.042193993594895 2.96
297 6.036769207862321 2.97
298 6.033731739913026 2.98
299 6.027447189873796 2.99
300 6.158851961014066 3
301 6.046750746491663 3.01
302 5.964159975818252 3.02
303 5.906772696055971 3.03
304 5.92368519593962 3.04
305 5.894642994312833 3.05
306 5.906483120033836 3.06
307 5.983838906087205 3.07
308 5.98057508568134 3.08
309 5.910145846752892 3.09
310 5.877622671254537 3.1
311 5.911017417591084 3.11
312 5.961714373288581 3.12
313 5.981493944618872 3.13
314 5.986759674285534 3.14
315 5.933467285787231 3.15
316 5.948728071322392 3.16
317 5.986259093622543 3.17
318 6.040127662843433 3.18
319 6.064611773074025 3.19
320 6.00719473536673 3.2
321 6.078092219144433 3.21
322 6.121173195372789 3.22
323 6.138888614888365 3.23
324 6.128741320061064 3.24
325 6.12592925175988 3.25
326 6.12295429999849 3.26
327 6.133239242141982 3.27
328 6.226987398728664 3.28
329 6.225014138913206 3.29
330 6.265992550658411 3.3
331 6.24394793361289 3.31
332 6.332042219481975 3.32
333 6.347889414099086 3.33
334 6.363562066000969 3.34
335 6.37835937009788 3.35
336 6.420218628544916 3.36
337 6.453364025132062 3.37
338 6.52550247645543 3.38
339 6.558636490045759 3.39
340 6.487911505945339 3.4
341 6.487675650739353 3.41
342 6.580171337079967 3.42
343 6.650748606747645 3.43
344 6.698071525621632 3.44
345 6.729524782873295 3.45
346 6.77482543095068 3.46
347 6.802911247238206 3.47
348 6.818732936092933 3.48
349 6.814240489776394 3.49
350 6.892752909291496 3.5
351 6.919574817633239 3.51
352 6.923641511887318 3.52
353 6.952013573523959 3.53
354 6.942266804595358 3.54
355 6.982086645163693 3.55
356 6.966366623027444 3.56
357 6.965682235700009 3.57
358 7.0051969567465 3.58
359 7.017638755239467 3.59
360 7.018287706017702 3.6
361 7.032433100954723 3.61
362 7.024340738689008 3.62
363 7.035914328778696 3.63
364 7.023318039570074 3.64
365 7.03552639911754 3.65
366 7.010821690975312 3.66
367 7.127630652052249 3.67
368 7.097987755173087 3.68
369 7.036581867689088 3.69
370 7.085978986286729 3.7
371 7.1400553117532 3.71
372 7.124904852728059 3.72
373 7.139520256119921 3.73
374 7.138700087307993 3.74
375 7.139081723162927 3.75
376 7.149689480933447 3.76
377 7.221797926779858 3.77
378 7.192275438218552 3.78
379 7.225589438014943 3.79
380 7.215416909685826 3.8
381 7.267217521722789 3.81
382 7.23268462535418 3.82
383 7.241874912711627 3.83
384 7.244122886680166 3.84
385 7.304893009047485 3.85
386 7.320840176905214 3.86
387 7.345454430196022 3.87
388 7.334613250690531 3.88
389 7.354957783611725 3.89
390 7.415243068288621 3.9
391 7.462281873348891 3.91
392 7.474232584975766 3.92
393 7.474821766034512 3.93
394 7.470186090426893 3.94
395 7.505420287106898 3.95
396 7.588879961729339 3.96
397 7.616579931400761 3.97
398 7.584411747419277 3.98
399 7.649824728498737 3.99
400 7.63644712001127 4
401 7.676579249811311 4.01
402 7.678878144199244 4.02
403 7.749552944071381 4.03
404 7.670093064995773 4.04
405 7.764261053863783 4.05
406 7.870623682906738 4.06
407 7.851972122521199 4.07
408 7.828308335376976 4.08
409 7.913349033257192 4.09
410 7.922734201668893 4.1
411 7.900690028784723 4.11
412 7.932412395525333 4.12
413 7.918023771940212 4.13
414 7.977989548366295 4.14
415 7.957879035581584 4.15
416 8.141122931412994 4.16
417 8.130089192190239 4.17
418 8.049029857014757 4.18
419 8.044426304309301 4.19
420 8.027174578161413 4.2
421 8.096236000646755 4.21
422 8.159375334378376 4.22
423 8.226159156374868 4.23
424 8.221931412788368 4.24
425 8.187268247777737 4.25
426 8.150168495955988 4.26
427 8.147145162441763 4.27
428 8.15393057933697 4.28
429 8.202756299143934 4.29
430 8.296358598337763 4.3
431 8.271043980308702 4.31
432 8.252833717325307 4.32
433 8.272746374911494 4.33
434 8.220629832215943 4.34
435 8.239538336976613 4.350000000000001
436 8.257135162779198 4.36
437 8.271496820370199 4.37
438 8.235259653695179 4.38
439 8.211794855133764 4.39
440 8.218466561082575 4.4
441 8.260312717649185 4.41
442 8.239349962018929 4.42
443 8.252852187979547 4.43
444 8.209010727842321 4.44
445 8.22847527427826 4.45
446 8.212926805151259 4.46
447 8.227182880684451 4.47
448 8.197116487630453 4.48
449 8.178794908281256 4.49
450 8.173986896524848 4.5
451 8.121825231427794 4.51
452 8.160856003767792 4.52
453 8.14255722595399 4.53
454 8.065133325827306 4.54
455 8.069107983106623 4.55
456 8.089073648685128 4.56
457 8.052418341216422 4.57
458 8.012060760420997 4.58
459 8.020712397280187 4.59
460 8.045484011156271 4.600000000000001
461 8.139442602559276 4.61
462 8.05061144963595 4.62
463 7.912704036523744 4.63
464 7.752674872423301 4.64
465 7.905028520827678 4.65
466 7.90587727535583 4.66
467 7.766671634010814 4.67
468 7.8071150350675 4.68
469 7.806567067629834 4.69
470 7.787291270486921 4.7
471 7.667684081674416 4.71
472 7.735366374542298 4.72
473 7.728665616189561 4.73
474 7.602362556900716 4.74
475 7.639384790816758 4.75
476 7.631261217357414 4.76
477 7.5125541866618 4.77
478 7.421451691984226 4.78
479 7.540184516669364 4.79
480 7.204729334682885 4.8
481 7.139806607161932 4.81
482 7.250950623817421 4.82
483 7.306852249171945 4.83
484 7.338153359004429 4.84
485 7.350638859472029 4.850000000000001
486 7.303491108392179 4.86
487 7.215188886354609 4.87
488 7.097865489135708 4.88
489 7.124129230168721 4.89
490 7.036270910488832 4.9
491 6.989968048333717 4.91
492 6.974852383001267 4.92
493 7.00684720288974 4.93
494 6.952455789868851 4.94
495 6.892958186956359 4.95
496 6.876603379454119 4.96
497 6.821886974018947 4.97
498 6.775202207853632 4.98
499 6.801961964612958 4.99
500 6.728960065009751 5
501 6.72084553866576 5.01
502 6.716730948998288 5.02
503 6.66725449267042 5.03
504 6.587314080004109 5.04
505 6.618352927129588 5.05
506 6.623171079379929 5.06
507 6.575235610790196 5.07
508 6.543396562720506 5.08
509 6.578637457862871 5.09
510 6.492579412265461 5.100000000000001
511 6.463555383952055 5.11
512 6.449062355342506 5.12
513 6.414029851862168 5.13
514 6.387169978654963 5.14
515 6.393027640509501 5.15
516 6.368176209529448 5.16
517 6.357534202001897 5.17
518 6.312505974504436 5.18
519 6.38561051968476 5.19
520 6.299192882071974 5.2
521 6.258762235323389 5.21
522 6.300199136474495 5.22
523 6.295462292946051 5.23
524 6.241571951684691 5.24
525 6.266027057733655 5.25
526 6.280678463560142 5.26
527 6.257166358057996 5.27
528 6.274715488276652 5.28
529 6.278939957180061 5.29
530 6.262677579340935 5.3
531 6.247080063311072 5.31
532 6.272768196597326 5.32
533 6.292799876648187 5.33
534 6.250556002114358 5.34
535 6.234256109150885 5.350000000000001
536 6.224403254516579 5.36
537 6.238706619372365 5.37
538 6.274062060655687 5.38
539 6.275518836510474 5.39
540 6.287872458290421 5.4
541 6.321265308302483 5.41
542 6.327386347591344 5.42
543 6.31458665295018 5.43
544 6.360323389426417 5.44
545 6.365036590964229 5.45
546 6.388068796580423 5.46
547 6.426959815766383 5.47
548 6.439239995584089 5.48
549 6.452815111998703 5.49
550 6.452870437464446 5.5
551 6.503677417736759 5.51
552 6.533092081769142 5.52
553 6.590336129794498 5.53
554 6.628883530689318 5.54
555 6.704481882450216 5.55
556 6.669612446491871 5.56
557 6.73328785567082 5.57
558 6.803549025055547 5.58
559 6.760807870579173 5.59
560 6.831902095541622 5.600000000000001
561 6.850014160405014 5.61
562 6.886799877513136 5.62
563 6.893542072263493 5.63
564 6.934599355932133 5.64
565 7.000187369479462 5.65
566 7.007699884429328 5.66
567 7.053719027811123 5.67
568 7.034508670533418 5.68
569 7.067184887963299 5.69
570 7.092153161689811 5.7
571 7.108912391463549 5.71
572 7.140561335838544 5.72
573 7.180249115195601 5.73
574 7.212472949318241 5.74
575 7.183961957368719 5.75
576 7.200206066731893 5.76
577 7.220621077665535 5.77
578 7.249748849845141 5.78
579 7.270198539900495 5.79
580 7.278694291734878 5.8
581 7.227669554252942 5.81
582 7.324244618647459 5.82
583 7.363790089697718 5.83
584 7.343240230290288 5.84
585 7.294078661816675 5.850000000000001
586 7.294080002953037 5.86
587 7.290442369631898 5.87
588 7.274588179789228 5.88
589 7.254171100175256 5.89
590 7.25859749586494 5.9
591 7.41011046863647 5.91
592 7.39110684721853 5.92
593 7.38493340579888 5.93
594 7.471134322442675 5.94
595 7.458928833183483 5.95
596 7.461911980554378 5.96
597 7.433508930392586 5.97
598 7.423723503016788 5.98
599 7.433129188312891 5.99
600 7.464062559994271 6
601 7.555273660660118 6.01
602 7.51743757119319 6.02
603 7.473215797606468 6.03
604 7.520174367674937 6.04
605 7.578696080744875 6.05
606 7.56331285763522 6.06
607 7.65626566230716 6.07
608 7.605608443738602 6.08
609 7.610889060647393 6.09
610 7.699972807075485 6.100000000000001
611 7.701028942084533 6.11
612 7.649272600056998 6.12
613 7.687233964529476 6.13
614 7.711019981144605 6.140000000000001
615 7.676960221829749 6.15
616 7.672921785894766 6.16
617 7.714689573692939 6.17
618 7.732618720632117 6.18
619 7.687175749751058 6.19
620 7.741952530806147 6.2
621 7.798562956747073 6.21
622 7.826468487427164 6.22
623 7.852139222761727 6.23
624 7.902651208901539 6.24
625 7.930441351953208 6.25
626 7.88788398145304 6.26
627 7.899547386226624 6.27
628 7.939204077000064 6.28
629 7.928006742890039 6.29
630 7.93316576500897 6.3
631 8.036410274422026 6.31
632 8.100683463352565 6.32
633 8.049846522411945 6.33
634 7.967547849796 6.34
635 7.977954325825826 6.350000000000001
636 7.980571115315679 6.36
637 8.04304909042169 6.37
638 8.143459212228201 6.38
639 8.218158026497042 6.390000000000001
640 8.211871960680927 6.4
641 8.201596514369154 6.41
642 8.124988759024061 6.42
643 8.152824501452161 6.43
644 8.196354448663275 6.44
645 8.224004670261584 6.45
646 8.239450873087403 6.46
647 8.209431034019238 6.47
648 8.178765333499568 6.48
649 8.126573760010906 6.49
650 8.147317752003913 6.5
651 8.191792221251298 6.51
652 8.21405970108375 6.52
653 8.221825689752164 6.53
654 8.232090036130097 6.54
655 8.249314993619221 6.55
656 8.19399478073899 6.56
657 8.162841867766533 6.57
658 8.160503076721783 6.58
659 8.159350484372068 6.59
660 8.191538876349879 6.600000000000001
661 8.205969486389799 6.61
662 8.15846512006828 6.62
663 8.109395591690969 6.63
664 8.155175436570289 6.640000000000001
665 8.140987579982335 6.65
666 8.054758264499252 6.66
667 8.038033576710008 6.67
668 8.068310826906291 6.68
669 8.05541186415944 6.69
670 8.093494408841554 6.7
671 8.050631659558924 6.71
672 8.010176125780596 6.72
673 7.965368846243445 6.73
674 7.916907244209703 6.74
675 7.85678019361992 6.75
676 7.835650492263893 6.76
677 7.836195306626013 6.77
678 7.893852766933717 6.78
679 7.814327179565697 6.79
680 7.849639039359268 6.8
681 7.891450895777658 6.81
682 7.7493415211399 6.82
683 7.669290964388877 6.83
684 7.630124846766941 6.84
685 7.694802547802666 6.850000000000001
686 7.589925860502927 6.86
687 7.596732785616344 6.87
688 7.546179223673314 6.88
689 7.463402189631429 6.890000000000001
690 7.469323235403552 6.9
691 7.320917816093685 6.91
692 7.349929537237348 6.92
693 7.273163008288569 6.93
694 7.225801143739466 6.94
695 7.333956643638309 6.95
696 7.323263327137097 6.96
697 7.277770222786408 6.97
698 7.09119165306606 6.98
699 7.043342202219796 6.99
700 6.875758856666804 7
701 6.834074303363967 7.01
702 6.829349686491829 7.02
703 6.890517543005673 7.03
704 6.941468080109531 7.04
705 6.891252124379009 7.05
706 6.836449834323299 7.06
707 6.764834612112958 7.07
708 6.734478022835018 7.08
709 6.675500247051509 7.09
710 6.6334706507222 7.100000000000001
711 6.614231355800938 7.11
712 6.63081031566285 7.12
713 6.552255254811854 7.13
714 6.543445874032337 7.140000000000001
715 6.487235029754151 7.15
716 6.473026515389665 7.16
717 6.441262049644741 7.17
718 6.391591652672019 7.18
719 6.323434059963144 7.19
720 6.279560350855006 7.2
721 6.278311864546568 7.21
722 6.306583384724497 7.22
723 6.229206596283118 7.23
724 6.266204013521778 7.24
725 6.191765943012178 7.25
726 6.156618392999265 7.26
727 6.181500685157564 7.27
728 6.12884379509573 7.28
729 6.144252677696695 7.29
730 6.100953142298729 7.3
731 6.087472896957727 7.31
732 6.061300767841748 7.32
733 6.04978111236359 7.33
734 6.04485825778241 7.34
735 6.000983461594863 7.350000000000001
736 5.949707380433455 7.36
737 5.995685252048838 7.37
738 5.986468441037345 7.38
739 5.952051274279844 7.390000000000001
740 5.987619452126869 7.4
741 5.991007260791289 7.41
742 5.948411842516152 7.42
743 5.960906600724082 7.43
744 5.927509238218187 7.44
745 5.914886679478583 7.45
746 5.912195099812414 7.46
747 5.968938811217585 7.47
748 5.917870491320194 7.48
749 5.950999077172601 7.49
750 5.954848728404945 7.5
751 5.914864565499677 7.51
752 5.897731307202663 7.52
753 5.972323973761523 7.53
754 5.99133868218591 7.54
755 5.977659922000995 7.55
756 5.976509709990844 7.56
757 6.019535942842083 7.57
758 6.027199166099692 7.58
759 6.041985044043638 7.59
760 6.099630318619941 7.600000000000001
761 6.14037793993959 7.61
762 6.118475080210986 7.62
763 6.157828803234735 7.63
764 6.216341204308925 7.640000000000001
765 6.23972789271586 7.65
766 6.288576846628937 7.66
767 6.330328128113059 7.67
768 6.33621506137496 7.68
769 6.37228860222678 7.69
770 6.466802284228405 7.7
771 6.455807423379732 7.71
772 6.51508715044585 7.72
773 6.544488484088505 7.73
774 6.542434834646425 7.74
775 6.566892588036143 7.75
776 6.639104123261927 7.76
777 6.700542570928089 7.77
778 6.745437621389248 7.78
779 6.768812630613275 7.79
780 6.766660034038284 7.8
781 6.790120921219837 7.81
782 6.851787103553273 7.82
783 6.849182194231407 7.83
784 6.931015438819477 7.84
785 6.907105429773568 7.850000000000001
786 6.899806680077145 7.86
787 6.944444741906899 7.87
788 6.998225697895379 7.88
789 6.988492045452394 7.890000000000001
790 7.000293293164882 7.9
791 7.022518994852056 7.91
792 7.031718836424012 7.92
793 7.031921814073757 7.930000000000001
794 7.063126674245042 7.94
795 7.067124433165584 7.95
796 7.027073555643462 7.96
797 7.073786043341638 7.97
798 7.125861481710269 7.98
799 7.104354586847708 7.99
800 7.099441447980062 8
801 7.084097602037636 8.01
802 7.086493898384711 8.02
803 7.03568026912831 8.029999999999999
804 7.048541441107867 8.040000000000001
805 7.137658409938028 8.050000000000001
806 7.235062843385633 8.06
807 7.2884183331632 8.07
808 7.210596049950474 8.08
809 7.249228234345554 8.09
810 7.369342921038275 8.1
811 7.286903752659868 8.109999999999999
812 7.284904324091345 8.120000000000001
813 7.253739872137748 8.130000000000001
814 7.327258119729956 8.140000000000001
815 7.331560542854887 8.15
816 7.362580514547881 8.16
817 7.447280316027972 8.17
818 7.484389760558152 8.18
819 7.508236775563366 8.19
820 7.473425263439454 8.199999999999999
821 7.497539860869262 8.210000000000001
822 7.459470819671285 8.220000000000001
823 7.436327648177871 8.23
824 7.542585095488963 8.24
825 7.605088117208584 8.25
826 7.579363588360955 8.26
827 7.625924344139362 8.27
828 7.653759007371024 8.279999999999999
829 7.635833933640706 8.290000000000001
830 7.575109813758472 8.300000000000001
831 7.659668292493999 8.31
832 7.701617075890297 8.32
833 7.733578642957361 8.33
834 7.589554947462045 8.34
835 7.719408958740911 8.35
836 7.794802723522195 8.359999999999999
837 7.769418656751319 8.370000000000001
838 7.771759846681372 8.380000000000001
839 7.841783640689525 8.390000000000001
840 7.878144439132546 8.4
841 7.923070801710787 8.41
842 7.931915465241233 8.42
843 7.910442584982221 8.43
844 7.960064038862432 8.44
845 7.924125655824635 8.449999999999999
846 7.971333525039444 8.460000000000001
847 8.017485652243632 8.470000000000001
848 8.028587249300521 8.48
849 8.047372760650454 8.49
850 8.037235973716045 8.5
851 8.088968073149671 8.51
852 8.134224214813244 8.52
853 8.203450969716942 8.529999999999999
854 8.192380022435483 8.540000000000001
855 8.196588953330906 8.550000000000001
856 8.20521313074244 8.56
857 8.189452045177692 8.57
858 8.153554672304509 8.58
859 8.200112894159737 8.59
860 8.206045395436385 8.6
861 8.230721744926345 8.609999999999999
862 8.260311189180893 8.620000000000001
863 8.27675598630319 8.630000000000001
864 8.237477914752722 8.640000000000001
865 8.228358972303777 8.65
866 8.252597988526301 8.66
867 8.286253041026098 8.67
868 8.397536238912272 8.68
869 8.372575069882556 8.69
870 8.362374565614312 8.700000000000001
871 8.271848279938188 8.710000000000001
872 8.239871291995255 8.720000000000001
873 8.235256535038058 8.73
874 8.353753683702582 8.74
875 8.325124183322218 8.75
876 8.317484941809777 8.76
877 8.27360306958761 8.77
878 8.307247195264821 8.779999999999999
879 8.222219894454968 8.790000000000001
880 8.174989541364429 8.800000000000001
881 8.16925420723344 8.81
882 8.168456467159928 8.82
883 8.295332868006524 8.83
884 8.251459343136048 8.84
885 8.231125522466927 8.85
886 8.237593726798542 8.859999999999999
887 8.221574558219386 8.870000000000001
888 8.184487639318981 8.880000000000001
889 8.173528024158896 8.890000000000001
890 8.127991797510878 8.9
891 8.109864696054208 8.91
892 8.084461055302237 8.92
893 8.090686212216347 8.93
894 8.051833856399373 8.94
895 8.01499601993237 8.950000000000001
896 8.097139708160539 8.960000000000001
897 8.072404221202834 8.970000000000001
898 7.976286351778552 8.98
899 7.938439068939259 8.99
900 7.925340877626186 9
901 7.85174155933703 9.01
902 7.804988725081514 9.02
903 7.826635522935118 9.029999999999999
904 7.757053495090063 9.040000000000001
905 7.686140602918466 9.050000000000001
906 7.75776525618518 9.06
907 7.739756760217292 9.07
908 7.674617044573395 9.08
909 7.640843061830703 9.09
910 7.61109922408827 9.1
911 7.528534945082445 9.109999999999999
912 7.474275609165669 9.120000000000001
913 7.436988322373728 9.130000000000001
914 7.377780243325465 9.140000000000001
915 7.358115458536593 9.15
916 7.407778219311361 9.16
917 7.336254108047753 9.17
918 7.269492383991445 9.18
919 7.276418258429402 9.19
920 7.249886607574977 9.200000000000001
921 7.140965469901376 9.210000000000001
922 7.097198557005073 9.220000000000001
923 7.143995295788574 9.23
924 7.071629841830307 9.24
925 7.017207919365577 9.25
926 7.011827983998049 9.26
927 6.965141232575163 9.27
928 6.895493084405174 9.279999999999999
929 6.854808494366885 9.290000000000001
930 6.842721340030134 9.300000000000001
931 6.803204297508849 9.31
932 6.769698667067021 9.32
933 6.788987346065113 9.33
934 6.68821279658195 9.34
935 6.696334105020554 9.35
936 6.700246408452426 9.359999999999999
937 6.642869354433092 9.370000000000001
938 6.584027650396385 9.380000000000001
939 6.577957141379219 9.390000000000001
940 6.653878382764275 9.4
941 6.701476094962752 9.41
942 6.605723643818243 9.42
943 6.547204960099038 9.43
944 6.350444840252134 9.44
945 6.231517421305925 9.450000000000001
946 6.28200333020656 9.460000000000001
947 6.41121236222826 9.470000000000001
948 6.345959911563211 9.48
949 6.405338416537097 9.49
950 6.329106402378449 9.5
951 6.215350671753098 9.51
952 6.245375389041681 9.52
953 6.210202258293453 9.529999999999999
954 6.189536814204259 9.540000000000001
955 6.197281527155383 9.550000000000001
956 6.24371424183152 9.56
957 6.19911516708709 9.57
958 6.260466311550987 9.58
959 6.207680929894018 9.59
960 5.999008394221287 9.6
961 6.023172296925097 9.609999999999999
962 6.10930232986315 9.620000000000001
963 6.159103907741214 9.630000000000001
964 6.193436824077712 9.640000000000001
965 6.15923167309108 9.65
966 6.175269567227804 9.66
967 6.13400564264972 9.67
968 6.131629013914323 9.68
969 6.161161582331333 9.69
970 6.191537997333225 9.700000000000001
971 6.21752106814942 9.710000000000001
972 6.22572296940028 9.720000000000001
973 6.21111586526783 9.73
974 6.223521078602424 9.74
975 6.31987562474642 9.75
976 6.356607665308537 9.76
977 6.352702349038079 9.77
978 6.406523965945717 9.779999999999999
979 6.451481666643521 9.790000000000001
980 6.401884161601994 9.800000000000001
981 6.484442119771555 9.81
982 6.557047417046187 9.82
983 6.545559754139389 9.83
984 6.568939642565792 9.84
985 6.64553780946744 9.85
986 6.639377472558322 9.859999999999999
987 6.708981948325487 9.870000000000001
988 6.789576500090625 9.880000000000001
989 6.771300882771929 9.890000000000001
990 6.80315566093323 9.9
991 6.883104398705441 9.91
992 6.899601922572123 9.92
993 6.935566885467458 9.93
994 6.961366631286584 9.94
995 6.980441963741258 9.950000000000001
996 7.028397291138973 9.960000000000001
997 7.050684069810808 9.970000000000001
998 7.050398736364582 9.98
999 7.062248784468295 9.99
1000 7.100245293427535 10
1001 7.107072497317639 10.01
1002 7.137209672007526 10.02
1003 7.168717213258837 10.03
1004 7.179860833096208 10.04
1005 7.188290946565644 10.05
1006 7.224135073887552 10.06
1007 7.191404162720398 10.07
1008 7.16130221891997 10.08
1009 7.221759041441468 10.09
1010 7.222405293092228 10.1
1011 7.156663978064732 10.11
1012 7.235939229186296 10.12
1013 7.329141548365882 10.13
1014 7.242632586230224 10.14
1015 7.194410901145988 10.15
1016 7.160358405638137 10.16
1017 7.15913607914463 10.17
1018 7.141106210312238 10.18
1019 7.15099759666569 10.19
1020 7.153272911073597 10.2
1021 7.211645067483008 10.21
1022 7.305932905162439 10.22
1023 7.259312909979577 10.23
1024 7.343667906739308 10.24
1025 7.394638877705018 10.25
1026 7.333024581906697 10.26
1027 7.303641927217083 10.27
1028 7.353412626646771 10.28
1029 7.401561799926846 10.29
1030 7.409351940631062 10.3
1031 7.395504709729149 10.31
1032 7.438093816280969 10.32
1033 7.444025203878209 10.33
1034 7.464543978473715 10.34
1035 7.532768131303473 10.35
1036 7.544515285452356 10.36
1037 7.533323631522929 10.37
1038 7.52894809702794 10.38
1039 7.528358002329088 10.39
1040 7.610270663039842 10.4
1041 7.69907980689379 10.41
1042 7.670855107320688 10.42
1043 7.636364555108558 10.43
1044 7.707147857287917 10.44
1045 7.722003899861465 10.45
1046 7.676550613414891 10.46
1047 7.751856857445254 10.47
1048 7.788632535993031 10.48
1049 7.746699710453837 10.49
1050 7.788473343320502 10.5
1051 7.856901363087244 10.51
1052 7.864679070748799 10.52
1053 7.858237338456622 10.53
1054 7.913366047382645 10.54
1055 7.983449103669282 10.55
1056 7.963363791712923 10.56
1057 8.016510828490281 10.57
1058 8.022012743280566 10.58
1059 7.971177576809759 10.59
1060 7.947627657173108 10.6
1061 8.17612580057887 10.61
1062 8.220948284637691 10.62
1063 8.14757977209273 10.63
1064 8.072488087590141 10.64
1065 8.04717446401088 10.65
1066 7.995465053476739 10.66
1067 8.123643083967711 10.67
1068 8.262981866722713 10.68
1069 8.304876259651664 10.69
1070 8.228745320283219 10.7
1071 8.194671063267378 10.71
1072 8.17645260074881 10.72
1073 8.162054924994127 10.73
1074 8.118509768131766 10.74
1075 8.353256433302187 10.75
1076 8.394538097354133 10.76
1077 8.290107447641414 10.77
1078 8.236822988310433 10.78
1079 8.19894538374308 10.79
1080 8.178919084770298 10.8
1081 8.208561634101338 10.81
1082 8.225603011376061 10.82
1083 8.204333896627906 10.83
1084 8.257109656721671 10.84
1085 8.219636077644356 10.85
1086 8.194245244140459 10.86
1087 8.139401751404904 10.87
1088 8.15385472176367 10.88
1089 8.196586055453835 10.89
1090 8.170920902720272 10.9
1091 8.134124099499363 10.91
1092 8.150793922826399 10.92
1093 8.077140260234863 10.93
1094 8.03922496335875 10.94
1095 8.085856892019489 10.95
1096 8.088634216394933 10.96
1097 8.005741691549739 10.97
1098 8.037224805546201 10.98
1099 8.010999075654178 10.99
1100 7.94863809833872 11
1101 7.920266867503831 11.01
1102 7.90618503718629 11.02
1103 7.880549967425611 11.03
1104 7.810552369957864 11.04
1105 7.809636203397351 11.05
1106 7.734311812373371 11.06
1107 7.727342796877791 11.07
1108 7.747610305761794 11.08
1109 7.739254636507185 11.09
1110 7.649955012480159 11.1
1111 7.635308464340867 11.11
1112 7.685995206971505 11.12
1113 7.547084671153308 11.13
1114 7.504822792450534 11.14
1115 7.5146152280916 11.15
1116 7.442046691438844 11.16
1117 7.404194032360871 11.17
1118 7.320509796966789 11.18
1119 7.322375972483187 11.19
1120 7.297657265286973 11.2
1121 7.232741350533145 11.21
1122 7.170748005812657 11.22
1123 7.113528089332194 11.23
1124 7.084615739955847 11.24
1125 7.114789132378372 11.25
1126 7.054585546754857 11.26
1127 7.011793452597956 11.27
1128 6.988362433352101 11.28
1129 6.855595779597354 11.29
1130 6.796638584616958 11.3
1131 6.808393757883651 11.31
1132 6.759908269634495 11.32
1133 6.70602713210101 11.33
1134 6.67557409844837 11.34
1135 6.654282965406964 11.35
1136 6.605905309037344 11.36
1137 6.548052880139232 11.37
1138 6.534658402696977 11.38
1139 6.487572689328027 11.39
1140 6.395771902691349 11.4
1141 6.432553629718263 11.41
1142 6.445562237247209 11.42
1143 6.397061487618317 11.43
1144 6.314471572270579 11.44
1145 6.283194762193498 11.45
1146 6.259918986938962 11.46
1147 6.183173445340502 11.47
1148 6.158924175350412 11.48
1149 6.130382268040106 11.49
1150 6.117618977132917 11.5
1151 6.135804565521664 11.51
1152 6.087811324892006 11.52
1153 6.108796811652704 11.53
1154 6.069614017569784 11.54
1155 6.024788277694415 11.55
1156 5.98187670529032 11.56
1157 5.951226224365668 11.57
1158 5.980126056262285 11.58
1159 5.978872406477755 11.59
1160 5.971144063513007 11.6
1161 5.959003151685844 11.61
1162 5.919112170508033 11.62
1163 5.868410465210033 11.63
1164 5.907665926903965 11.64
1165 5.884619023635113 11.65
1166 5.801003434684471 11.66
1167 5.802133751200528 11.67
1168 5.871483800559135 11.68
1169 5.857941040348531 11.69
1170 5.838102138271862 11.7
1171 5.858759868826025 11.71
1172 5.831726740062601 11.72
1173 5.812582492755556 11.73
1174 5.799140734101325 11.74
1175 5.820738439478595 11.75
1176 5.808599598638764 11.76
1177 5.84590604416301 11.77
1178 5.898720707482919 11.78
1179 5.875370424724697 11.79
1180 5.840139476876786 11.8
1181 5.842877092123152 11.81
1182 5.828332802301213 11.82
1183 5.874446276134462 11.83
1184 5.921469415158864 11.84
1185 5.91909742813012 11.85
1186 5.930423339197139 11.86
1187 5.933597667506906 11.87
1188 6.003129152667521 11.88
1189 5.995962844982381 11.89
1190 6.080446576762466 11.9
1191 6.150231457081734 11.91
1192 6.132713657626651 11.92
1193 6.147369209998208 11.93
1194 6.158208918663751 11.94
1195 6.189162848967624 11.95
1196 6.195437563106297 11.96
1197 6.262795230284658 11.97
1198 6.344303121163126 11.98
1199 6.341316230187258 11.99
1200 6.401574812956406 12
1201 6.453275122904335 12.01
1202 6.472129296652947 12.02
1203 6.489961410946792 12.03
1204 6.521314233784191 12.04
1205 6.542895477827362 12.05
1206 6.614671214692868 12.06
1207 6.701358421623286 12.07
1208 6.690409347495815 12.08
1209 6.693489780530334 12.09
1210 6.714934552034254 12.1
1211 6.796725811928528 12.11
1212 6.79744023094736 12.12
1213 6.815167918483253 12.13
1214 6.83806441507923 12.14
1215 6.870701991105444 12.15
1216 6.893696099895376 12.16
1217 6.92249041390887 12.17
1218 6.960563485453762 12.18
1219 6.947091231128445 12.19
1220 6.927941292706456 12.2
1221 6.973686548592325 12.21
1222 7.029549113374877 12.22
1223 7.024635147816752 12.23
1224 7.040199786564904 12.24
1225 7.011636122971145 12.25
1226 7.022048960119967 12.26
1227 7.057325339655371 12.27
1228 7.085751644059889 12.28
1229 7.044375820535552 12.29
1230 7.045557896643732 12.3
1231 7.044337075544592 12.31
1232 7.104713603838117 12.32
1233 7.10770865724756 12.33
1234 7.089877645255505 12.34
1235 7.132883048739442 12.35
1236 7.180391861882056 12.36
1237 7.221855111534172 12.37
1238 7.241342416601162 12.38
1239 7.248277068708487 12.39
1240 7.31854594368788 12.4
1241 7.27172551641172 12.41
1242 7.293239220033977 12.42
1243 7.258730426972624 12.43
1244 7.325501278553292 12.44
1245 7.339986074846493 12.45
1246 7.349319081485706 12.46
1247 7.433970619470275 12.47
1248 7.440338536497339 12.48
1249 7.447590922416137 12.49
1250 7.483860323969465 12.5
1251 7.476197276183066 12.51
1252 7.460295314169871 12.52
1253 7.482022497681931 12.53
1254 7.520706341333332 12.54
1255 7.54936045267776 12.55
1256 7.588681914390074 12.56
1257 7.590041088864626 12.57
1258 7.63723587255063 12.58
1259 7.631657036538427 12.59
1260 7.643049250011996 12.6
1261 7.65284710992748 12.61
1262 7.660774789463654 12.62
1263 7.731714677864647 12.63
1264 7.637440538947591 12.64
1265 7.751239632907866 12.65
1266 7.785260279330059 12.66
1267 7.763743475728906 12.67
1268 7.853657764680597 12.68
1269 7.886409804432263 12.69
1270 7.898507007501522 12.7
1271 7.914986406909774 12.71
1272 7.899298185696765 12.72
1273 7.909605647284042 12.73
1274 7.993309924867079 12.74
1275 7.99572498544209 12.75
1276 8.038131014445646 12.76
1277 8.092374220465775 12.77
1278 8.083920444198968 12.78
1279 8.131249039581926 12.79
1280 8.092304879617988 12.8
1281 8.149718714568429 12.81
1282 8.21000781096374 12.82
1283 8.264872384288337 12.83
1284 8.277787648123502 12.84
1285 8.288057709244871 12.85
1286 8.245265317269121 12.86
1287 8.264013512141894 12.87
1288 8.286318945112701 12.88
1289 8.244966301412317 12.89
1290 8.246675846661772 12.9
1291 8.331309360765365 12.91
1292 8.387999311275083 12.92
1293 8.356564723896005 12.93
1294 8.330573017182978 12.94
1295 8.308819993409358 12.95
1296 8.31391728179837 12.96
1297 8.353797011898349 12.97
1298 8.371639104484316 12.98
1299 8.350808609001032 12.99
1300 8.364368205170068 13
1301 8.4332244515911 13.01
1302 8.388722317737912 13.02
1303 8.379155442903429 13.03
1304 8.447356778303647 13.04
1305 8.447483863524036 13.05
1306 8.414412183715905 13.06
1307 8.37386744398728 13.07
1308 8.343976995272882 13.08
1309 8.345055668746472 13.09
1310 8.275923890518543 13.1
1311 8.336333528119651 13.11
1312 8.337195502031966 13.12
1313 8.38630570988043 13.13
1314 8.399272911318945 13.14
1315 8.349308956970111 13.15
1316 8.338337136304435 13.16
1317 8.334332423793089 13.17
1318 8.312838599291567 13.18
1319 8.277793816600569 13.19
1320 8.26480064046938 13.2
1321 8.231846548871756 13.21
1322 8.216830067781599 13.22
1323 8.222664903373309 13.23
1324 8.212716077844371 13.24
1325 8.17753594150761 13.25
1326 8.159352440681959 13.26
1327 8.170761998379515 13.27
1328 8.114972911796571 13.28
1329 8.024432706038848 13.29
1330 8.038391684796233 13.3
1331 7.994366316955838 13.31
1332 7.919816878548897 13.32
1333 7.986626048922572 13.33
1334 7.956699528725083 13.34
1335 7.87889438518684 13.35
1336 7.881488156608232 13.36
1337 7.80836232971545 13.37
1338 7.709143125222465 13.38
1339 7.717854719136824 13.39
1340 7.691403726340003 13.4
1341 7.677204264490723 13.41
1342 7.576761412550288 13.42
1343 7.595251009384183 13.43
1344 7.519684890108066 13.44
1345 7.440596812486383 13.45
1346 7.468840660783063 13.46
1347 7.469761197953746 13.47
1348 7.424267672456361 13.48
1349 7.379127142937545 13.49
1350 7.341757826388868 13.5
1351 7.223879556747711 13.51
1352 7.161113222712016 13.52
1353 7.171474268024368 13.53
1354 7.159618697707258 13.54
1355 7.131091010844948 13.55
1356 7.117648674217866 13.56
1357 7.074554601424484 13.57
1358 6.957886507089595 13.58
1359 6.889656688075834 13.59
1360 6.897569383868611 13.6
1361 6.892819724204593 13.61
1362 6.813759877413099 13.62
1363 6.813746683463038 13.63
1364 6.757387288311626 13.64
1365 6.706061826902281 13.65
1366 6.705219546681543 13.66
1367 6.705755077356653 13.67
1368 6.652262211376605 13.68
1369 6.599874172247132 13.69
1370 6.6106314861093 13.7
1371 6.573100843371367 13.71
1372 6.518351747455966 13.72
1373 6.488136017992498 13.73
1374 6.41315140083881 13.74
1375 6.395089548311416 13.75
1376 6.391469228876821 13.76
1377 6.40299825618783 13.77
1378 6.341683235535116 13.78
1379 6.280864261536806 13.79
1380 6.348985547827615 13.8
1381 6.28709662387434 13.81
1382 6.277118807572214 13.82
1383 6.362161942438507 13.83
1384 6.345985403009888 13.84
1385 6.248277733001803 13.85
1386 6.173556464817217 13.86
1387 6.150495773911418 13.87
1388 6.128310288808099 13.88
1389 6.06460456579644 13.89
1390 6.105240394473378 13.9
1391 6.166376800202508 13.91
1392 6.156060382860093 13.92
1393 6.183114260600175 13.93
1394 6.185902747862977 13.94
1395 6.137726947690948 13.95
1396 6.125865302931814 13.96
1397 6.121230138517546 13.97
1398 6.082557328352517 13.98
1399 6.148909582689855 13.99
1400 6.166052686426912 14
1401 6.170785441123726 14.01
1402 6.201166588762178 14.02
1403 6.229545449123251 14.03
1404 6.266283229374304 14.04
1405 6.320485590785776 14.05
1406 6.352003413723406 14.06
1407 6.387494888129791 14.07
1408 6.397688669054055 14.08
1409 6.454848528825614 14.09
1410 6.445023672461495 14.1
1411 6.512434934884901 14.11
1412 6.564509901179037 14.12
1413 6.605923676076157 14.13
1414 6.577545569686241 14.14
1415 6.653539195040373 14.15
1416 6.721588793262168 14.16
1417 6.728886037664219 14.17
1418 6.793284872962682 14.18
1419 6.860270495541361 14.19
1420 6.870992562832905 14.2
1421 6.905363037947591 14.21
1422 6.94453467208041 14.22
1423 6.998739992890458 14.23
1424 6.987786651178775 14.24
1425 6.997038453134164 14.25
1426 7.031820008758699 14.26
1427 7.106752721747541 14.27
1428 7.104410383309009 14.28
1429 7.126661060116577 14.29
1430 7.105218591037398 14.3
1431 7.161435332548369 14.31
1432 7.193135345973133 14.32
1433 7.24916069673081 14.33
1434 7.230068341863465 14.34
1435 7.266168446287206 14.35
1436 7.299299333403515 14.36
1437 7.240250527122586 14.37
1438 7.237709724273322 14.38
1439 7.243268731140731 14.39
1440 7.27138073607599 14.4
1441 7.271035742826782 14.41
1442 7.360827819776345 14.42
1443 7.412865313687832 14.43
1444 7.303946162920911 14.44
1445 7.262167204136544 14.45
1446 7.294072514485746 14.46
1447 7.208456775897119 14.47
1448 7.168730982587276 14.48
1449 7.277921265334037 14.49
1450 7.331165556563407 14.5
1451 7.330894931739991 14.51
1452 7.410511944057045 14.52
1453 7.422004271913668 14.53
1454 7.416375643950604 14.54
1455 7.420497192936621 14.55
1456 7.414776875582468 14.56
1457 7.419689285399407 14.57
1458 7.441540646049405 14.58
1459 7.42374996061616 14.59
1460 7.481296068876861 14.6
1461 7.53044021245814 14.61
1462 7.517800375033733 14.62
1463 7.587508849873984 14.63
1464 7.57613043856996 14.64
1465 7.554700362685732 14.65
1466 7.573533375271073 14.66
1467 7.587673853760517 14.67
1468 7.583907528691569 14.68
1469 7.627502792203209 14.69
1470 7.669147983164539 14.7
1471 7.688954830764051 14.71
1472 7.688147487014768 14.72
1473 7.709711302838315 14.73
1474 7.722075227283797 14.74
1475 7.678406275015949 14.75
1476 7.713914494230627 14.76
1477 7.768035678903955 14.77
1478 7.793157866589878 14.78
1479 7.734437762847825 14.79
1480 7.806975801127875 14.8
1481 7.855524152314862 14.81
1482 7.844241657634216 14.82
1483 7.843537648055708 14.83
1484 7.882336542661635 14.84
1485 7.903757783076133 14.85
1486 7.918543339069844 14.86
1487 7.955879081967327 14.87
1488 7.96288166534857 14.88
1489 7.928810752999056 14.89
1490 8.028740888315795 14.9
1491 8.111910073017691 14.91
1492 8.09791225333076 14.92
1493 7.989537650299544 14.93
1494 8.021845512533723 14.94
1495 8.012064366373119 14.95
1496 8.013470284491811 14.96
1497 8.056833217884813 14.97
1498 8.172335436429526 14.98
1499 8.268976476787296 14.99
1500 8.213125183109472 15
1501 8.134309238101652 15.01
1502 8.130667395828478 15.02
1503 8.100663742667155 15.03
1504 8.085589283622694 15.04
1505 8.091099623365041 15.05
1506 8.227649893113151 15.06
1507 8.253319230318827 15.07
1508 8.239506239677379 15.08
1509 8.203815715255532 15.09
1510 8.187748781533733 15.1
1511 8.177367439429284 15.11
1512 8.111053799173099 15.12
1513 8.113479397095679 15.13
1514 8.152224847677028 15.14
1515 8.147367048287355 15.15
1516 8.163497159884809 15.16
1517 8.078900675721339 15.17
1518 8.077845108774701 15.18
1519 8.127975594605644 15.19
1520 8.099524902613018 15.2
1521 8.072704196297908 15.21
1522 8.05437147496878 15.22
1523 8.050683039663365 15.23
1524 8.068270425876662 15.24
1525 8.028301838185136 15.25
1526 8.041503835427662 15.26
1527 7.949587038339959 15.27
1528 7.90156894352717 15.28
1529 7.899702541360366 15.29
1530 7.858086477210653 15.3
1531 7.782861148908263 15.31
1532 7.90367111610305 15.32
1533 7.887138778578481 15.33
1534 7.799841249023429 15.34
1535 7.752533416486591 15.35
1536 7.74166210788583 15.36
1537 7.604586390585344 15.37
1538 7.592369241515961 15.38
1539 7.656786450314208 15.39
1540 7.631716356369924 15.4
1541 7.535076302118587 15.41
1542 7.506846306711848 15.42
1543 7.519500025263942 15.43
1544 7.439804948000717 15.44
1545 7.399685416527215 15.45
1546 7.386814854814172 15.46
1547 7.332623986931368 15.47
1548 7.331962184553042 15.48
1549 7.267835041774904 15.49
1550 7.183094131651411 15.5
1551 7.161921810240827 15.51
1552 7.053591851725065 15.52
1553 7.117742828603134 15.53
1554 7.073622061000534 15.54
1555 7.059607296149677 15.55
1556 7.026844095618675 15.56
1557 6.926220394140412 15.57
1558 6.930903728762513 15.58
1559 6.811425858220835 15.59
1560 6.794990324974523 15.6
1561 6.810123344959568 15.61
1562 6.773048495009547 15.62
1563 6.697888144631857 15.63
1564 6.628893541605494 15.64
1565 6.639104641371372 15.65
1566 6.604550369179623 15.66
1567 6.589937118181577 15.67
1568 6.493632363361696 15.68
1569 6.476981308554203 15.69
1570 6.482762455721533 15.7
1571 6.41167229038978 15.71
1572 6.439846020217769 15.72
1573 6.333264736305555 15.73
1574 6.292962325961382 15.74
1575 6.25298566938242 15.75
1576 6.234635906142555 15.76
1577 6.217118117171135 15.77
1578 6.193328114873878 15.78
1579 6.160127522111416 15.79
1580 6.189121832732508 15.8
1581 6.141979290043004 15.81
1582 6.170210924026607 15.82
1583 6.143133348682497 15.83
1584 6.12391133442486 15.84
1585 6.062110968250438 15.85
1586 6.038548849917771 15.86
1587 5.987605463557602 15.87
1588 5.989614896806005 15.88
1589 5.987645591449847 15.89
1590 5.947730628147802 15.9
1591 5.889476889061505 15.91
1592 5.854431591017362 15.92
1593 5.878962958266892 15.93
1594 5.871908503026177 15.94
1595 5.860298011547923 15.95
1596 5.85257464938643 15.96
1597 5.838234048911576 15.97
1598 5.874633833825086 15.98
1599 5.864837991497817 15.99
1600 5.786053125847144 16
1601 5.810108781311014 16.01
1602 5.831656884721999 16.02
1603 5.790745224870144 16.03
1604 5.744436930451247 16.04
1605 5.783380347497657 16.05
1606 5.790527777237231 16.06
1607 5.866156623991232 16.07
1608 5.917714630673035 16.08
1609 5.833472360556972 16.09
1610 5.815561677992457 16.1
1611 5.842597930778697 16.11
1612 5.861331714232337 16.12
1613 5.866608896441714 16.13
1614 5.908680677565791 16.14
1615 5.950405337223846 16.15
1616 5.943870713502176 16.16
1617 5.954786122325628 16.17
1618 5.966152694936433 16.18
1619 6.0049725248143 16.19
1620 6.190878829664149 16.2
1621 6.187442045325816 16.21
1622 6.135520836706839 16.22
1623 6.14960681662513 16.23
1624 6.13702747213565 16.24
1625 6.233952317402667 16.25
1626 6.130001500517073 16.26
1627 6.276955937682545 16.27
1628 6.36548578731771 16.28
1629 6.306751004812312 16.29
1630 6.35952122089896 16.3
1631 6.429333285430345 16.31
1632 6.389369854015737 16.32
1633 6.519217592827996 16.33
1634 6.539712316470533 16.34
1635 6.569582733822918 16.35
1636 6.641040309880799 16.36
1637 6.643593907922297 16.37
1638 6.749616313736851 16.38
1639 6.672968648764441 16.39
1640 6.719907704907119 16.4
1641 6.788435869541057 16.41
1642 6.787025305490088 16.42
1643 6.873972875398801 16.43
1644 6.840402417387854 16.44
1645 6.818424868230769 16.45
1646 6.890630272719925 16.46
1647 6.878503135853771 16.47
1648 6.888051525177959 16.48
1649 7.014063697324222 16.49
1650 6.997980844327003 16.5
1651 7.002573673098322 16.51
1652 7.007693267815583 16.52
1653 7.007383439100703 16.53
1654 6.985081899452406 16.54
1655 7.011793557651553 16.55
1656 6.99501149822552 16.56
1657 7.033694444251483 16.57
1658 7.040878024365883 16.58
1659 7.060076611128346 16.59
1660 7.05289173334318 16.6
1661 7.03991676955211 16.61
1662 7.04254573202206 16.62
1663 7.064821174689947 16.63
1664 7.076526886547175 16.64
1665 7.146315865961524 16.65
1666 7.113176673885762 16.66
1667 7.212404478140239 16.67
1668 7.311065480115759 16.68
1669 7.305176655978589 16.69
1670 7.329577243347276 16.7
1671 7.234414186803047 16.71
1672 7.233019109438589 16.72
1673 7.267231429814792 16.73
1674 7.313627782229409 16.74
1675 7.358469861603866 16.75
1676 7.373956752697686 16.76
1677 7.438707052091928 16.77
1678 7.435434959262582 16.78
1679 7.46258471996965 16.79
1680 7.437769181019269 16.8
1681 7.425498034836391 16.81
1682 7.406278675354969 16.82
1683 7.432110962376838 16.83
1684 7.577179673229593 16.84
1685 7.601238787442258 16.85
1686 7.610521151558589 16.86
1687 7.584296152806169 16.87
1688 7.620169211029186 16.88
1689 7.624386650732368 16.89
1690 7.604488490848339 16.9
1691 7.659664662974873 16.91
1692 7.626073813256128 16.92
1693 7.685641656456276 16.93
1694 7.682915641287423 16.94
1695 7.771413956690391 16.95
1696 7.807544455126552 16.96
1697 7.760070891832508 16.97
1698 7.843223520499104 16.98
1699 7.854550007777034 16.99
1700 7.852017420048635 17
1701 7.910216888022307 17.01
1702 7.931895526480421 17.02
1703 7.927221006309026 17.03
1704 7.919612741288467 17.04
1705 8.099445102795915 17.05
1706 8.103933034778018 17.06
1707 7.997161505756801 17.07
1708 8.034517909446688 17.08
1709 8.009394540105886 17.09
1710 8.092355944809714 17.1
1711 8.184761449142108 17.11
1712 8.198327370377342 17.12
1713 8.239302912339726 17.13
1714 8.252073856356667 17.14
1715 8.245366548490511 17.15
1716 8.176254170488987 17.16
1717 8.221737166152495 17.17
1718 8.301733773120901 17.18
1719 8.20321876008512 17.19
1720 8.132682422286395 17.2
1721 8.285739133807132 17.21
1722 8.361705292868892 17.22
1723 8.385909389424812 17.23
1724 8.297094527803718 17.24
1725 8.231762472887935 17.25
1726 8.313466833964302 17.26
1727 8.429052296477504 17.27
1728 8.413215837254203 17.28
1729 8.39967758248239 17.29
1730 8.328213382237632 17.3
1731 8.35639173031424 17.31
1732 8.348071084093249 17.32
1733 8.368618579649192 17.33
1734 8.378892176725333 17.34
1735 8.443899279885247 17.35
1736 8.37131859065374 17.36
1737 8.288539180406692 17.37
1738 8.338207411793928 17.38
1739 8.297729896974918 17.39
1740 8.192989231071618 17.4
1741 8.326288100959632 17.41
1742 8.336016094839268 17.42
1743 8.352745632925568 17.43
1744 8.464104503963197 17.44
1745 8.364553442485612 17.45
1746 8.325762673060964 17.46
1747 8.266263117033192 17.47
1748 8.1831471305092 17.48
1749 8.217029959321229 17.49
1750 8.2884111332234 17.5
1751 8.190915580282768 17.51
1752 8.179964815706871 17.52
1753 8.186829574490714 17.53
1754 8.231024974059995 17.54
1755 8.121425160501683 17.55
1756 8.072595055424101 17.56
1757 8.125689747391819 17.57
1758 8.128668036411208 17.58
1759 8.109967195763288 17.59
1760 7.931260940669225 17.6
1761 7.838811721941457 17.61
1762 7.808275734293589 17.62
1763 7.872061403705017 17.63
1764 7.92156693784298 17.64
1765 7.858017567821029 17.65
1766 7.816408599823132 17.66
1767 7.806094281656768 17.67
1768 7.751001567672253 17.68
1769 7.674785468259694 17.69
1770 7.607157326094771 17.7
1771 7.593308672446291 17.71
1772 7.555236749129427 17.72
1773 7.557947604426094 17.73
1774 7.563099599523582 17.74
1775 7.438909498917269 17.75
1776 7.415076175328628 17.76
1777 7.426911407070177 17.77
1778 7.348763127016644 17.78
1779 7.296347116406614 17.79
1780 7.308001971837756 17.8
1781 7.219636233934594 17.81
1782 7.163598165486663 17.82
1783 7.135913199565581 17.83
1784 7.110315996431849 17.84
1785 7.084668498961584 17.85
1786 7.021354985190139 17.86
1787 7.041192265174868 17.87
1788 7.005780662488823 17.88
1789 6.878808184005136 17.89
1790 6.891028371433468 17.9
1791 6.867383824888247 17.91
1792 6.793839913785038 17.92
1793 6.749497272320346 17.93
1794 6.739345790775061 17.94
1795 6.68021807167227 17.95
1796 6.65638606131611 17.96
1797 6.727352816227715 17.97
1798 6.668616088154606 17.98
1799 6.570642954516081 17.99
1800 6.564072401037173 18
1801 6.546420940894902 18.01
1802 6.503371471794662 18.02
1803 6.490860318734271 18.03
1804 6.496684700716019 18.04
1805 6.431331452461724 18.05
1806 6.357449474941086 18.06
1807 6.360718134930099 18.07
1808 6.321588178245888 18.08
1809 6.292179927400029 18.09
1810 6.308996097699213 18.1
1811 6.304671507948606 18.11
1812 6.212692905593673 18.12
1813 6.216751450735786 18.13
1814 6.227776502609662 18.14
1815 6.23529434791948 18.15
1816 6.227817573818355 18.16
1817 6.254046182533514 18.17
1818 6.211545357477868 18.18
1819 6.185102462774514 18.19
1820 6.198610576422706 18.2
1821 6.15773825375812 18.21
1822 6.141396409254772 18.22
1823 6.142230398249166 18.23
1824 6.164771548078559 18.24
1825 6.126709806299954 18.25
1826 6.147597516154999 18.26
1827 6.165013422844742 18.27
1828 6.152289894259338 18.28
1829 6.19124443592584 18.29
1830 6.247693430395427 18.3
1831 6.270002358414804 18.31
1832 6.263914872551618 18.32
1833 6.261205022131164 18.33
1834 6.299200888296601 18.34
1835 6.319934407810996 18.35
1836 6.383544102733279 18.36
1837 6.380314949163198 18.37
1838 6.398656742142637 18.38
1839 6.457634478589243 18.39
1840 6.556717904069814 18.4
1841 6.495344705416661 18.41
1842 6.57128671808254 18.42
1843 6.636483351869103 18.43
1844 6.603907755356108 18.44
1845 6.618741724805723 18.45
1846 6.752077443364983 18.46
1847 6.745427213980792 18.47
1848 6.782915991238824 18.48
1849 6.841679677333839 18.49
1850 6.854667057181024 18.5
1851 6.891692763883062 18.51
1852 6.955478516228593 18.52
1853 6.988764216781068 18.53
1854 7.006290427409373 18.54
1855 7.023292211571444 18.55
1856 7.034079106247409 18.56
1857 7.060797543751233 18.57
1858 7.09136620198375 18.58
1859 7.101891001434772 18.59
1860 7.117222896385356 18.6
1861 7.149721251182053 18.61
1862 7.190394184855988 18.62
1863 7.233087285803129 18.63
1864 7.247806990859437 18.64
1865 7.220033256326751 18.65
1866 7.258668475846125 18.66
1867 7.31407590242744 18.67
1868 7.300645849195244 18.68
1869 7.284422521749999 18.69
1870 7.244895821690936 18.7
1871 7.27444399900767 18.71
1872 7.310446631820018 18.72
1873 7.346793829312891 18.73
1874 7.333609371269248 18.74
1875 7.335525442010399 18.75
1876 7.301101294184031 18.76
1877 7.291977997872494 18.77
1878 7.236596583524951 18.78
1879 7.250028552778457 18.79
1880 7.298807556744062 18.8
1881 7.322425505379997 18.81
1882 7.375232411880038 18.82
1883 7.419579756834732 18.83
1884 7.380205028003714 18.84
1885 7.379074791099757 18.85
1886 7.416364057355056 18.86
1887 7.447321985042766 18.87
1888 7.452913174010336 18.88
1889 7.41451379368884 18.89
1890 7.451859327477888 18.9
1891 7.521902632517682 18.91
1892 7.491356701435953 18.92
1893 7.493152521027039 18.93
1894 7.525491150567162 18.94
1895 7.51648025766131 18.95
1896 7.57945601656671 18.96
1897 7.574660212626968 18.97
1898 7.592843325173778 18.98
1899 7.637160507617574 18.99
1900 7.682281302288414 19
1901 7.693867156586871 19.01
1902 7.632804425075699 19.02
1903 7.658147658985766 19.03
1904 7.696922457942179 19.04
1905 7.685858031806206 19.05
1906 7.710446538041483 19.06
1907 7.797868628327437 19.07
1908 7.804624228130725 19.08
1909 7.729609783923322 19.09
1910 7.809335524318089 19.1
1911 7.865134253929969 19.11
1912 7.860777677064943 19.12
1913 7.879400778135666 19.13
1914 7.91386735615936 19.14
1915 7.911014595526231 19.15
1916 7.91869309312935 19.16
1917 7.984770697413524 19.17
1918 7.990333698705531 19.18
1919 7.961393370899557 19.19
1920 8.064266659165261 19.2
1921 8.006580062440941 19.21
1922 8.037636239089915 19.22
1923 8.007974697264771 19.23
1924 8.057764366568035 19.24
1925 8.08320762415077 19.25
1926 8.07336753484798 19.26
1927 8.141085448314767 19.27
1928 8.216982284087432 19.28
1929 8.193239878446787 19.29
1930 8.185334933710436 19.3
1931 8.152306150166892 19.31
1932 8.183821413094842 19.32
1933 8.172180919456862 19.33
1934 8.189529032766391 19.34
1935 8.187023356002829 19.35
1936 8.253665836510857 19.36
1937 8.251406172434661 19.37
1938 8.166216388335952 19.38
1939 8.123618894418543 19.39
1940 8.218308150565544 19.4
1941 8.228382857937778 19.41
1942 8.189834022774869 19.42
1943 8.185874520518279 19.43
1944 8.160800786888936 19.44
1945 8.126761553531779 19.45
1946 8.133407039369756 19.46
1947 8.170856149782443 19.47
1948 8.133121895004212 19.48
1949 8.126749248368018 19.49
1950 8.145897342194779 19.5
1951 8.064769819653291 19.51
1952 8.042271738994451 19.52
1953 8.054552189672254 19.53
1954 8.07677152728065 19.54
1955 7.99483505256234 19.55
1956 7.999279345309246 19.56
1957 7.919426469259387 19.57
1958 7.896735965123433 19.58
1959 7.963828343407481 19.59
1960 7.940327620309642 19.6
1961 7.890561766489228 19.61
1962 7.87510455723336 19.62
1963 7.869139549562664 19.63
1964 7.737049929889378 19.64
1965 7.745850122838878 19.65
1966 7.782587134268537 19.66
1967 7.71711356109701 19.67
1968 7.661430197930061 19.68
1969 7.643900154191206 19.69
1970 7.650967836500316 19.7
1971 7.566792122121628 19.71
1972 7.517990119228079 19.72
1973 7.514287866159676 19.73
1974 7.500912191350063 19.74
1975 7.491931637081292 19.75
1976 7.418998996995293 19.76
1977 7.353293388332869 19.77
1978 7.314127471921625 19.78
1979 7.244912210674711 19.79
1980 7.199431545741529 19.8
1981 7.178050899428454 19.81
1982 7.1343840139579 19.82
1983 7.157678274597337 19.83
1984 7.099212699859874 19.84
1985 7.029303879308235 19.85
1986 7.000226952438806 19.86
1987 6.917736096080296 19.87
1988 6.88153559894107 19.88
1989 6.863249077878754 19.89
1990 6.836561557853945 19.9
1991 6.792468513861462 19.91
1992 6.723918631769235 19.92
1993 6.662014672424777 19.93
1994 6.630135919945717 19.94
1995 6.637564252780428 19.95
1996 6.611799626426532 19.96
1997 6.583708982568052 19.97
1998 6.50723882774254 19.98
1999 6.469083845757468 19.99
2000 6.474096156777099 20
