"m-rfile"
"Time Step" "m etc.."
("Time Step" "m" "flow-time")
0 0 0
1 -0.09870206754040725 0.01
2 -0.001098409993841559 0.02
3 -0.04755935914001498 0.03
4 -0.05928949104121995 0.04
5 -0.06038818329088116 0.05
6 -0.05674241306906509 0.06
7 -0.05063574397709054 0.07000000000000001
8 -0.04773564493741739 0.08
9 -0.05004758446598915 0.09
10 -0.05002669930736985 0.1
11 -0.04860939006376915 0.11
12 -0.04604236255375086 0.12
13 -0.04266570998280683 0.13
14 -0.04168721992981923 0.14
15 -0.04212671361008791 0.15
16 -0.04171314023606799 0.16
17 -0.03906126378219931 0.17
18 -0.03895802462687159 0.18
19 -0.03819830340066942 0.19
20 -0.03816109063104606 0.2
21 -0.03637751359780333 0.21
22 -0.03765383619630241 0.22
23 -0.03748988840171107 0.23
24 -0.0337058932284165 0.24
25 -0.03427762323584196 0.25
26 -0.03254003795190825 0.26
27 -0.03454377585741105 0.27
28 -0.03481945092272299 0.28
29 -0.03332408135280947 0.29
30 -0.03040140407386434 0.3
31 -0.03077415536395595 0.31
32 -0.02889363254940146 0.32
33 -0.02585663457773973 0.33
34 -0.02567763563489543 0.34
35 -0.02571662408471421 0.35
36 -0.02647548099470793 0.36
37 -0.0249850888112343 0.37
38 -0.0250067779665118 0.38
39 -0.02253378753819415 0.39
40 -0.01718671482157615 0.4
41 -0.01532139413496782 0.41
42 -0.01515620398370745 0.42
43 -0.01415126930806548 0.43
44 -0.01421421591525845 0.44
45 -0.01253473725841373 0.45
46 -0.01026623628207919 0.46
47 -0.007988437923204052 0.47
48 -0.005536607724245832 0.48
49 -0.003309608401518405 0.49
50 -0.002164740044932588 0.5
51 -0.0005120708205458929 0.51
52 0.00116455044681358 0.52
53 0.002625458821002153 0.53
54 0.003800976893811935 0.54
55 0.006187679546261642 0.55
56 0.00777086629223025 0.5600000000000001
57 0.008446271604379335 0.5700000000000001
58 0.008916888422398867 0.58
59 0.0116542931662796 0.59
60 0.01227803838337257 0.6
61 0.01458147705338561 0.61
62 0.01518959590472376 0.62
63 0.0160572772513445 0.63
64 0.02072900148736335 0.64
65 0.02043187789465493 0.65
66 0.01901308287999737 0.66
67 0.02345614226446425 0.67
68 0.02662719993376425 0.68
69 0.027711659526992 0.6900000000000001
70 0.02739551175844794 0.7000000000000001
71 0.02930748381478936 0.71
72 0.02900339625978036 0.72
73 0.03008181409924501 0.73
74 0.03070493650907064 0.74
75 0.03065400373853281 0.75
76 0.03154902949978049 0.76
77 0.03310717693989759 0.77
78 0.0364455257956946 0.78
79 0.0361595921816192 0.79
80 0.03833197299328846 0.8
81 0.04032211552365095 0.8100000000000001
82 0.03993078968855455 0.8200000000000001
83 0.038730688413698 0.8300000000000001
84 0.03889909938291166 0.84
85 0.03879521864469244 0.85
86 0.04050980822576255 0.86
87 0.039675697218398 0.87
88 0.04018488640559428 0.88
89 0.04093797464846322 0.89
90 0.04067908274928123 0.9
91 0.03991736125054349 0.91
92 0.03947104699719466 0.92
93 0.04005296096582593 0.93
94 0.03960648312799207 0.9400000000000001
95 0.03962979895033313 0.9500000000000001
96 0.04004585060759804 0.96
97 0.03988999794438666 0.97
98 0.03904501992323352 0.98
99 0.03915228702427932 0.99
100 0.03899348865441453 1
101 0.04163466047863412 1.01
102 0.04033735758797161 1.02
103 0.0410215733048818 1.03
104 0.04348953111649399 1.04
105 0.04422543004531437 1.05
106 0.04540921628747725 1.06
107 0.04665518918896104 1.07
108 0.04544521051242631 1.08
109 0.04696093954186262 1.09
110 0.04624182015646953 1.1
111 0.04572304942677229 1.11
112 0.04558745672837533 1.12
113 0.04674423861684446 1.13
114 0.04696663123991024 1.14
115 0.04542719207016166 1.15
116 0.04761975131532869 1.16
117 0.04699014791881125 1.17
118 0.04674434601408112 1.18
119 0.04667845945873104 1.19
120 0.04664391734393238 1.2
121 0.04531641315844449 1.21
122 0.0448974398110658 1.22
123 0.04424045669856087 1.23
124 0.04241370554562598 1.24
125 0.04299176483784035 1.25
126 0.04203897397281618 1.26
127 0.04034436273020573 1.27
128 0.04090935598158756 1.28
129 0.03913717820484587 1.29
130 0.04061481853774424 1.3
131 0.03913989417867425 1.31
132 0.03608634785204917 1.32
133 0.03254164939989305 1.33
134 0.03282386059892141 1.34
135 0.03336859671062099 1.35
136 0.03317113681848265 1.36
137 0.02998554126220298 1.37
138 0.03010908935866168 1.38
139 0.03036726200868714 1.39
140 0.02911343381206834 1.4
141 0.02755532970904938 1.41
142 0.02526223861721433 1.42
143 0.02284336347933529 1.43
144 0.02268493699444029 1.44
145 0.02126946716388055 1.45
146 0.01989113476303629 1.46
147 0.01819259999571602 1.47
148 0.01785802399997882 1.48
149 0.01714578027320485 1.49
150 0.01705917526821432 1.5
151 0.01584367644136858 1.51
152 0.01367402236375912 1.52
153 0.01305111973359725 1.53
154 0.0116037234256396 1.54
155 0.009442321354947289 1.55
156 0.009564403228115066 1.56
157 0.009718161075899477 1.57
158 0.00727943202800943 1.58
159 0.004862863089789558 1.59
160 0.002567859532063496 1.6
161 0.001209894615435277 1.61
162 -0.0009674358060219097 1.62
163 -0.002468755152794532 1.63
164 -0.00145275767550792 1.64
165 -0.002796485782263961 1.65
166 -0.004804005114253292 1.66
167 -0.005236630650778199 1.67
168 -0.006366378390320869 1.68
169 -0.006917311099209716 1.69
170 -0.007233416716769897 1.7
171 -0.007489358227554361 1.71
172 -0.007450647710995977 1.72
173 -0.004718887996691786 1.73
174 -0.005483864869352571 1.74
175 -0.004857894053902317 1.75
176 -0.003109706094714544 1.76
177 -0.0004015058310041422 1.77
178 0.0003730206901785306 1.78
179 0.001154017163724362 1.79
180 0.0002888268001076515 1.8
181 0.001603672731854349 1.81
182 0.003640085533187621 1.82
183 0.004373395194089443 1.83
184 0.003042427010379382 1.84
185 0.003768295789894081 1.85
186 0.004507105943920254 1.86
187 0.004909285187914923 1.87
188 0.003604604019040333 1.88
189 0.004283289080156853 1.89
190 0.006667677863303634 1.9
191 0.005317448159459797 1.91
192 0.00451826264358621 1.92
193 0.00406688150262413 1.93
194 0.004452265845668148 1.94
195 0.004444965939076233 1.95
196 0.004797823530082707 1.96
197 0.004613216874994883 1.97
198 0.003427274271079472 1.98
199 0.004286897733208766 1.99
200 0.006362043744649913 2
201 0.004371775200046652 2.01
202 0.001872690132633285 2.02
203 0.002281193804126394 2.03
204 0.002924167345706408 2.04
205 0.002188316274138988 2.05
206 0.001920864286090625 2.06
207 0.001308043591873071 2.07
208 0.001040052794835285 2.08
209 -0.0002731116852694866 2.09
210 0.0007584329123439265 2.1
211 0.001143715758400843 2.11
212 0.0004444840699360299 2.12
213 -1.430947697514137e-05 2.13
214 0.0001621228097292557 2.14
215 -0.000499934117005383 2.15
216 -0.001780755222981681 2.16
217 0.0003078067083298993 2.17
218 0.00269950073663931 2.18
219 0.00239511178391109 2.19
220 0.001551432550212574 2.2
221 0.002378778352280119 2.21
222 0.001575764076896552 2.22
223 0.001722091195940208 2.23
224 0.001357801164871733 2.24
225 0.002494486287721732 2.25
226 0.00360711316672585 2.26
227 0.003683676252888443 2.27
228 0.004958774222162618 2.28
229 0.006894283629649086 2.29
230 0.006656130068461133 2.3
231 0.006210185538888184 2.31
232 0.007098597854925711 2.32
233 0.007832375287205358 2.33
234 0.009611643767914646 2.34
235 0.0100912308272371 2.35
236 0.01064760730659874 2.36
237 0.01148754608957343 2.37
238 0.01217172101715134 2.38
239 0.01297910702383308 2.39
240 0.01375168604595321 2.4
241 0.01502474385933487 2.41
242 0.01621574931893135 2.42
243 0.01819320418328603 2.43
244 0.01889497400258153 2.44
245 0.0198460720480132 2.45
246 0.0202736829562091 2.46
247 0.02149872116191512 2.47
248 0.02355953211173168 2.48
249 0.02228572213149422 2.49
250 0.02265938339688302 2.5
251 0.02552849451254131 2.51
252 0.02568796112983155 2.52
253 0.02718499563446543 2.53
254 0.02829980101367356 2.54
255 0.02986562492169576 2.55
256 0.02917226190473171 2.56
257 0.03044492314127751 2.57
258 0.03244242647734543 2.58
259 0.03351898175195871 2.59
260 0.03349460935418024 2.6
261 0.03528002961576212 2.61
262 0.03632001913483374 2.62
263 0.03620829583987505 2.63
264 0.03657721483250995 2.64
265 0.03850596611550349 2.65
266 0.03900285808067339 2.66
267 0.03921801800243233 2.67
268 0.0397916813910942 2.68
269 0.0403913909124652 2.69
270 0.04077069897987997 2.7
271 0.04281688656081601 2.71
272 0.04263144520046587 2.72
273 0.04251952043516884 2.73
274 0.04402373096312034 2.74
275 0.0453686309563954 2.75
276 0.04575179454138614 2.76
277 0.04670347157782874 2.77
278 0.04632618911243349 2.78
279 0.04662459249511346 2.79
280 0.04816764839278539 2.8
281 0.04825307490693589 2.81
282 0.04697015192628812 2.82
283 0.04805031327432707 2.83
284 0.04933941025350545 2.84
285 0.04901188522249574 2.85
286 0.04944614209380281 2.86
287 0.0501973342986805 2.87
288 0.05155070931467087 2.88
289 0.05008887049672512 2.89
290 0.05092692231659701 2.9
291 0.0518587879210956 2.91
292 0.05208587125305392 2.92
293 0.05301615116756701 2.93
294 0.05345909491142307 2.94
295 0.05359632518793218 2.95
296 0.05398536163083004 2.96
297 0.05500620152226356 2.97
298 0.05377136708132861 2.98
299 0.05465051668171063 2.99
300 0.05569277415178495 3
301 0.05494447076218886 3.01
302 0.05417148346530861 3.02
303 0.05518385178294034 3.03
304 0.05473295254032928 3.04
305 0.05627822901333729 3.05
306 0.05752538633274473 3.06
307 0.05971302124960356 3.07
308 0.0593896945580965 3.08
309 0.0562032860231783 3.09
310 0.05725896629278363 3.1
311 0.05896479314137208 3.11
312 0.0602391769707093 3.12
313 0.06142109703894861 3.13
314 0.05963934123959062 3.14
315 0.05888562144570909 3.15
316 0.05991006678931014 3.16
317 0.06013661981513893 3.17
318 0.06184839426877068 3.18
319 0.06195917027612833 3.19
320 0.0628509707020494 3.2
321 0.06246447614772731 3.21
322 0.06182642025097908 3.22
323 0.06109516439663622 3.23
324 0.06131513183285774 3.24
325 0.06177887816885064 3.25
326 0.06170588970011722 3.26
327 0.06131287891583054 3.27
328 0.0614063899084378 3.28
329 0.05913906535433552 3.29
330 0.05823555897342345 3.3
331 0.05765255148181076 3.31
332 0.05743464035800238 3.32
333 0.05987023452609395 3.33
334 0.05840408351597776 3.34
335 0.05732281922492555 3.35
336 0.05535899323438901 3.36
337 0.05358836719969001 3.37
338 0.05331005526631944 3.38
339 0.05239147070247066 3.39
340 0.04863569112511961 3.4
341 0.04921090314280828 3.41
342 0.04851467166729748 3.42
343 0.04763713784581341 3.43
344 0.0463560359907528 3.44
345 0.04482697618879001 3.45
346 0.04398868503512394 3.46
347 0.04301922192975082 3.47
348 0.04055927180593195 3.48
349 0.03855090913304073 3.49
350 0.03699933115488666 3.5
351 0.03534640934715583 3.51
352 0.03369250871238201 3.52
353 0.03262402425784645 3.53
354 0.03119459015854728 3.54
355 0.0303641290356462 3.55
356 0.02907077070444301 3.56
357 0.02737791267393619 3.57
358 0.0258111727398463 3.58
359 0.02498011063369118 3.59
360 0.02457220845046091 3.6
361 0.02436595875778319 3.61
362 0.02324283121406268 3.62
363 0.02214018932051235 3.63
364 0.01880002475025159 3.64
365 0.0175819626342229 3.65
366 0.0188076774718528 3.66
367 0.01720908076149739 3.67
368 0.01713690075103578 3.68
369 0.01643903683005331 3.69
370 0.01614265360240298 3.7
371 0.01471231258544656 3.71
372 0.01665822467534293 3.72
373 0.01408616337515466 3.73
374 0.01216193251653149 3.74
375 0.01374551449718624 3.75
376 0.01311832610806826 3.76
377 0.01347679206940241 3.77
378 0.01226762191909129 3.78
379 0.0121093781167379 3.79
380 0.01102787318783098 3.8
381 0.01145795453356216 3.81
382 0.01231522354362585 3.82
383 0.00999912961834778 3.83
384 0.007160425083549443 3.84
385 0.008185916604782044 3.85
386 0.008974585780085897 3.86
387 0.008256944328108366 3.87
388 0.00624483210358426 3.88
389 0.005273138302864076 3.89
390 0.004993239419260503 3.9
391 0.006311863753830731 3.91
392 0.006134164719549608 3.92
393 0.004897315107532623 3.93
394 0.003176528235943562 3.94
395 0.003115914470533888 3.95
396 0.005908164019872359 3.96
397 0.006429299150798997 3.97
398 0.005121231021590306 3.98
399 0.003384668548801192 3.99
400 -1.920529826516873e-05 4
401 0.002740398490118139 4.01
402 0.003744122469749649 4.02
403 0.004496308133800305 4.03
404 0.002039966090143026 4.04
405 0.001781237214467822 4.05
406 0.004459801588447521 4.06
407 0.004147702529684556 4.07
408 0.001166534499091539 4.08
409 0.003787410411054478 4.09
410 0.004472565190442332 4.1
411 0.003699300376463118 4.11
412 0.002314779214192386 4.12
413 0.001561064835995642 4.13
414 0.003079250204140992 4.14
415 0.002903163138596919 4.15
416 0.005299071497321491 4.16
417 0.006088189662184405 4.17
418 0.001939333172347965 4.18
419 0.002225551468858056 4.19
420 0.001489856145611413 4.2
421 0.002743010704278775 4.21
422 0.004035854052786496 4.22
423 0.005234461441187315 4.23
424 0.005374436447772264 4.24
425 0.005131383450542887 4.25
426 0.004197988709598779 4.26
427 0.003661437852408697 4.27
428 0.002498558300261631 4.28
429 0.00393737941411537 4.29
430 0.006202987404998977 4.3
431 0.005672116036168837 4.31
432 0.004905339313753027 4.32
433 0.005301115309479592 4.33
434 0.005235869694738503 4.34
435 0.004710454587595806 4.350000000000001
436 0.004900531957586103 4.36
437 0.005154734923366557 4.37
438 0.004583223379904915 4.38
439 0.005227041894747394 4.39
440 0.006205872474419436 4.4
441 0.007105929207757752 4.41
442 0.006643219948521999 4.42
443 0.007314450753623162 4.43
444 0.008217975618897486 4.44
445 0.007556513716366311 4.45
446 0.00751275914063555 4.46
447 0.00863685824801491 4.47
448 0.01004363742022335 4.48
449 0.01019021595291018 4.49
450 0.01064469500412183 4.5
451 0.01109537852857132 4.51
452 0.0100298540366221 4.52
453 0.01389521439360681 4.53
454 0.01498693887711397 4.54
455 0.0153880765575018 4.55
456 0.01566235611513639 4.56
457 0.01720812775819739 4.57
458 0.01729719901177906 4.58
459 0.01905272914644934 4.59
460 0.01823420735918001 4.600000000000001
461 0.01802070885384643 4.61
462 0.02110809543600333 4.62
463 0.0214356803888487 4.63
464 0.02441888483152641 4.64
465 0.02489548940929037 4.65
466 0.02428362998093802 4.66
467 0.02613627860562256 4.67
468 0.02522589535580915 4.68
469 0.02707678123933856 4.69
470 0.02930826841741915 4.7
471 0.03133564619661255 4.71
472 0.03212557940830593 4.72
473 0.03276329314220475 4.73
474 0.03161412749758534 4.74
475 0.03025490621876132 4.75
476 0.03352557128008953 4.76
477 0.03523253781726345 4.77
478 0.03708345652044093 4.78
479 0.03717547774595249 4.79
480 0.04431701649631522 4.8
481 0.04392347356554314 4.81
482 0.04217991032999917 4.82
483 0.04071380728307935 4.83
484 0.03949442985330815 4.84
485 0.04162046591376837 4.850000000000001
486 0.04330526833406459 4.86
487 0.04472674801736164 4.87
488 0.04592120608163999 4.88
489 0.04669091535770563 4.89
490 0.04828434135632663 4.9
491 0.04829954935657368 4.91
492 0.04786248003398826 4.92
493 0.04922471959888227 4.93
494 0.04923043805883752 4.94
495 0.05066707986487286 4.95
496 0.05216337772578719 4.96
497 0.05291022448401375 4.97
498 0.05347331849609144 4.98
499 0.05316882497104598 4.99
500 0.05400585817511884 5
501 0.05381130357595108 5.01
502 0.05416423512933582 5.02
503 0.05587088337484403 5.03
504 0.05596515961324439 5.04
505 0.05564217523296405 5.05
506 0.05770243660960402 5.06
507 0.05772538731377083 5.07
508 0.05709900016469304 5.08
509 0.05693432228966223 5.09
510 0.05748416350565982 5.100000000000001
511 0.05847355704047737 5.11
512 0.05788025284304131 5.12
513 0.05784497952992056 5.13
514 0.05814651921661589 5.14
515 0.05860327161247232 5.15
516 0.05849668696620872 5.16
517 0.05771803229688142 5.17
518 0.05755442551783359 5.18
519 0.05805268934632746 5.19
520 0.05808422641434791 5.2
521 0.05802457063779364 5.21
522 0.05773571482205677 5.22
523 0.05745902169742829 5.23
524 0.05729566430671548 5.24
525 0.05780091129000454 5.25
526 0.05713584150348937 5.26
527 0.05541062772805515 5.27
528 0.05517958908734957 5.28
529 0.05382408882611924 5.29
530 0.05525189609151115 5.3
531 0.05600583785766163 5.31
532 0.05458137769978349 5.32
533 0.05494122099519675 5.33
534 0.05370513109041562 5.34
535 0.05259471526834025 5.350000000000001
536 0.05283631784404837 5.36
537 0.05210777394636543 5.37
538 0.05110845508313156 5.38
539 0.05105603559964993 5.39
540 0.05297896696068613 5.4
541 0.05248715252657129 5.41
542 0.05140327097236072 5.42
543 0.05140563453185374 5.43
544 0.05001240896159213 5.44
545 0.04911670576442791 5.45
546 0.04908580071219566 5.46
547 0.0498127740837867 5.47
548 0.04872166076765444 5.48
549 0.04739620071594122 5.49
550 0.04717020582825614 5.5
551 0.04661489912216596 5.51
552 0.04548828643234541 5.52
553 0.04460955713963168 5.53
554 0.04317023250711498 5.54
555 0.04396985220867197 5.55
556 0.04449332376763632 5.56
557 0.04318463847211434 5.57
558 0.04111369636838593 5.58
559 0.04028002060260717 5.59
560 0.03960693863830392 5.600000000000001
561 0.03843237724819296 5.61
562 0.03726462788791757 5.62
563 0.03535734751621294 5.63
564 0.0349799396465877 5.64
565 0.03438910012694232 5.65
566 0.03343160515387362 5.66
567 0.03202644826579536 5.67
568 0.03184543971810805 5.68
569 0.03070957791302088 5.69
570 0.02856596894990841 5.7
571 0.02703270927274154 5.71
572 0.02519451484980893 5.72
573 0.02324399133278741 5.73
574 0.02259838756332539 5.74
575 0.02099464191590415 5.75
576 0.01857278447305687 5.76
577 0.01847194351599783 5.77
578 0.01848466812668482 5.78
579 0.0170370656536803 5.79
580 0.01526113062655066 5.8
581 0.01350511677384613 5.81
582 0.01152358294931262 5.82
583 0.01087046473742019 5.83
584 0.0107070057933189 5.84
585 0.009057822071564192 5.850000000000001
586 0.006163199682445687 5.86
587 0.004954999943827677 5.87
588 0.003413720798283122 5.88
589 0.002365049936553002 5.89
590 -0.000247292160702725 5.9
591 0.0008626114887255353 5.91
592 0.002097719193171947 5.92
593 0.000537046486353696 5.93
594 0.00105159312153528 5.94
595 0.001159771909920921 5.95
596 0.000598605382660259 5.96
597 0.0002009035306337633 5.97
598 -0.002226930129047504 5.98
599 -0.003197856988603385 5.99
600 -0.0035300769686501 6
601 -0.001655588857778731 6.01
602 -0.001422849543001762 6.02
603 -0.00174358421910181 6.03
604 -0.002732956024526307 6.04
605 -0.001733715149095616 6.05
606 -0.001838253359351132 6.06
607 -0.0008010937143715039 6.07
608 -0.003520353415402222 6.08
609 -0.001536091244493153 6.09
610 -0.0003548191137061987 6.100000000000001
611 9.708188717362562e-05 6.11
612 -0.001342316659259939 6.12
613 -0.0003774435347193105 6.13
614 -0.0002290966343889588 6.140000000000001
615 -0.0007906748289250321 6.15
616 -0.00275379285205207 6.16
617 -0.001130712417450286 6.17
618 -0.00208388686248089 6.18
619 -0.001331234603085624 6.19
620 -0.001341470976186723 6.2
621 -0.0007412639413866362 6.21
622 0.001565927474149122 6.22
623 0.002066673836152408 6.23
624 0.001505806347044361 6.24
625 0.001734150965341764 6.25
626 0.001743137413033933 6.26
627 0.001457170398239788 6.27
628 0.0003418610670872283 6.28
629 0.001539049213542521 6.29
630 0.0005790068931967547 6.3
631 0.002139912974948041 6.31
632 0.004480930706190793 6.32
633 0.004198468680171237 6.33
634 0.002578781005914792 6.34
635 -0.0009672350374419894 6.350000000000001
636 -0.0006823703766739771 6.36
637 0.001774124317409153 6.37
638 0.003690447672808168 6.38
639 0.004984693050736313 6.390000000000001
640 0.004595532391530485 6.4
641 0.003508819009806774 6.41
642 0.002180662308441077 6.42
643 0.002895897799549838 6.43
644 0.002603810044345072 6.44
645 0.003568524747916853 6.45
646 0.00572384615197951 6.46
647 0.003875609316825592 6.47
648 0.00301863356893344 6.48
649 0.004571463376671464 6.49
650 0.004115341462933114 6.5
651 0.004615737095551549 6.51
652 0.002527696447615024 6.52
653 0.004235176541925656 6.53
654 0.004918291183827994 6.54
655 0.007500017331545155 6.55
656 0.006740136230801729 6.56
657 0.005326593877964563 6.57
658 0.006485698966986317 6.58
659 0.007209341965917711 6.59
660 0.008518680179203222 6.600000000000001
661 0.009971081386237432 6.61
662 0.01049155188778008 6.62
663 0.01053764551737767 6.63
664 0.01036878048539049 6.640000000000001
665 0.01056818695240198 6.65
666 0.01130894689685609 6.66
667 0.01181859880706849 6.67
668 0.01370684327302135 6.68
669 0.01576534000617753 6.69
670 0.01623434453509616 6.7
671 0.01702815327073754 6.71
672 0.01776636572165069 6.72
673 0.01931602170352639 6.73
674 0.01953836858571982 6.74
675 0.01997786003513732 6.75
676 0.02059836828244375 6.76
677 0.02222177429438436 6.77
678 0.02412444864238101 6.78
679 0.02498750782803617 6.79
680 0.02552252829672459 6.8
681 0.02566948806284962 6.81
682 0.0277031925608842 6.82
683 0.02514456634916365 6.83
684 0.02725841607562329 6.84
685 0.03098988293190519 6.850000000000001
686 0.03188770677240253 6.86
687 0.03254535499017137 6.87
688 0.03282561253549689 6.88
689 0.03224590156761303 6.890000000000001
690 0.03280758272628593 6.9
691 0.03626443697480665 6.91
692 0.03711453122852101 6.92
693 0.03699992318704133 6.93
694 0.03782120658651029 6.94
695 0.03645969817829585 6.95
696 0.03840095732363966 6.96
697 0.04188425246214953 6.97
698 0.0433593826499108 6.98
699 0.04224982973885427 6.99
700 0.04054067924588358 7
701 0.04188847637022178 7.01
702 0.04354651883657209 7.02
703 0.04424677266870685 7.03
704 0.04485642102025445 7.04
705 0.04622400959580341 7.05
706 0.04602436822210185 7.06
707 0.04738463040976554 7.07
708 0.04958484538891663 7.08
709 0.04858295868536028 7.09
710 0.04949739831262701 7.100000000000001
711 0.04966405085759228 7.11
712 0.05103510637050154 7.12
713 0.0505129850217791 7.13
714 0.05099636301305922 7.140000000000001
715 0.05232419392351761 7.15
716 0.05228318853321518 7.16
717 0.05244832806446741 7.17
718 0.05320218105819934 7.18
719 0.05313349434401679 7.19
720 0.05326932745699986 7.2
721 0.0553099989864039 7.21
722 0.05561924633410119 7.22
723 0.05625675338878085 7.23
724 0.05564384237288532 7.24
725 0.05659575091280243 7.25
726 0.05517371679632967 7.26
727 0.05599694381644634 7.27
728 0.05785989579166224 7.28
729 0.05675855619733206 7.29
730 0.05648013911360648 7.3
731 0.05651717777935903 7.31
732 0.05643913494761114 7.32
733 0.05588768666695877 7.33
734 0.05662444938368609 7.34
735 0.05660184130593685 7.350000000000001
736 0.05572999220979427 7.36
737 0.05648251287090315 7.37
738 0.05782948196037894 7.38
739 0.05708195010036306 7.390000000000001
740 0.05684412485897658 7.4
741 0.05741472879379238 7.41
742 0.05754354939096356 7.42
743 0.05747209367606835 7.43
744 0.05711191514496594 7.44
745 0.05618038836622546 7.45
746 0.05713360027951772 7.46
747 0.05749951764331167 7.47
748 0.05789717958686071 7.48
749 0.05801012680047561 7.49
750 0.05620542470142238 7.5
751 0.05614285224114142 7.51
752 0.05646106429663206 7.52
753 0.05673936540789817 7.53
754 0.05788162191361948 7.54
755 0.05776097808286643 7.55
756 0.05808345039468102 7.56
757 0.0570104783036014 7.57
758 0.0563853906822009 7.58
759 0.05709108182615006 7.59
760 0.0555593710033862 7.600000000000001
761 0.05513945294952247 7.61
762 0.05473631534845886 7.62
763 0.0553682052447322 7.63
764 0.05421883579598354 7.640000000000001
765 0.05349520997567878 7.65
766 0.05370380399494343 7.66
767 0.0523354087996886 7.67
768 0.05178613429424053 7.68
769 0.05172071190918384 7.69
770 0.04941124897719801 7.7
771 0.04776227019531266 7.71
772 0.04709548545798414 7.72
773 0.04570702673197895 7.73
774 0.04449129424987801 7.74
775 0.04279946761031458 7.75
776 0.04163667200257794 7.76
777 0.04063553462807573 7.77
778 0.03922837215705805 7.78
779 0.03818529631729563 7.79
780 0.03614351932089168 7.8
781 0.03511361451099141 7.81
782 0.03513061870854904 7.82
783 0.03330433377535477 7.83
784 0.02981029407096953 7.84
785 0.02791341420402512 7.850000000000001
786 0.02678220528860998 7.86
787 0.02629878431976582 7.87
788 0.02480507637787 7.88
789 0.02393548129991371 7.890000000000001
790 0.0226673855929851 7.9
791 0.0202956258864908 7.91
792 0.01844425776568538 7.92
793 0.01791998252607445 7.930000000000001
794 0.01605779391423733 7.94
795 0.01421179881959176 7.95
796 0.01326334860060826 7.96
797 0.01080358013004538 7.97
798 0.009155337247040197 7.98
799 0.008847699235370285 7.99
800 0.00821915254547125 8
801 0.008289213680807114 8.01
802 0.006785711679025369 8.02
803 0.004047255085630442 8.029999999999999
804 0.004402029438179137 8.040000000000001
805 0.002361155531383471 8.050000000000001
806 0.002817814561019876 8.06
807 0.003913510471288445 8.07
808 0.001572260404065528 8.08
809 0.003542526129561031 8.09
810 0.003298010777887952 8.1
811 0.001374781688507456 8.109999999999999
812 0.001950412040621453 8.120000000000001
813 0.0002945451061444343 8.130000000000001
814 -0.001911451234068925 8.140000000000001
815 -2.246227392686398e-05 8.15
816 -0.0009483821316071063 8.16
817 -0.001900692074125377 8.17
818 -0.001799751980531885 8.18
819 -0.001702452542985942 8.19
820 -0.004852898314362686 8.199999999999999
821 -0.003713849235972957 8.210000000000001
822 -0.00250265611633534 8.220000000000001
823 -0.004209235319953833 8.23
824 -0.003534270509090639 8.24
825 -0.002183234588046932 8.25
826 -0.0006594456763604907 8.26
827 -6.280595766987693e-05 8.27
828 -0.0004333547643153726 8.279999999999999
829 0.000259385791074207 8.290000000000001
830 -0.004752023961945824 8.300000000000001
831 -0.0001394851509088021 8.31
832 0.003791779212041293 8.32
833 0.003183558621201608 8.33
834 -0.001533767988126027 8.34
835 -0.002000842274368969 8.35
836 0.003573187713510249 8.359999999999999
837 0.003241389786289193 8.370000000000001
838 0.001618987913089456 8.380000000000001
839 0.003145069567943127 8.390000000000001
840 0.003047087082358072 8.4
841 0.003940811809572974 8.41
842 0.004454973733286865 8.42
843 0.003771180457192539 8.43
844 0.003282132653945659 8.44
845 0.00340024898195842 8.449999999999999
846 0.003485169056263756 8.460000000000001
847 0.005183059564029644 8.470000000000001
848 0.00677744009719987 8.48
849 0.005569089638661057 8.49
850 0.002467562352424218 8.5
851 0.004255791289866137 8.51
852 0.005996495953205244 8.52
853 0.008254566813009701 8.529999999999999
854 0.008733036250694307 8.540000000000001
855 0.006468184547651768 8.550000000000001
856 0.004524140078906874 8.56
857 0.004130507772703819 8.57
858 0.002596914176509729 8.58
859 0.00392234349085966 8.59
860 0.007385710597159673 8.6
861 0.006494514502081115 8.609999999999999
862 0.005800421121606622 8.620000000000001
863 0.003875623334970269 8.630000000000001
864 0.002775569303529193 8.640000000000001
865 0.002041412969285181 8.65
866 0.003044442328056768 8.66
867 0.003436286686840935 8.67
868 -0.004440498624907725 8.68
869 -0.006265193910371974 8.69
870 -0.00366521997145949 8.700000000000001
871 0.003971156306248221 8.710000000000001
872 0.005940215998679172 8.720000000000001
873 0.0006444982359217845 8.73
874 0.004344178755713216 8.74
875 0.004650586627538075 8.75
876 0.003823070509956656 8.76
877 0.005032142402128379 8.77
878 0.00381872295508741 8.779999999999999
879 0.01258409081426322 8.790000000000001
880 0.01504576312678814 8.800000000000001
881 0.01248849581637877 8.81
882 0.009660721508334113 8.82
883 0.01063722675152439 8.83
884 0.01155499165541512 8.84
885 0.01291193202302869 8.85
886 0.01431093366526757 8.859999999999999
887 0.01596154242615425 8.870000000000001
888 0.01683895700055367 8.880000000000001
889 0.01725982532044829 8.890000000000001
890 0.01849476924974635 8.9
891 0.02048971521463812 8.91
892 0.02136410515600542 8.92
893 0.02203122492325475 8.93
894 0.02471161405345261 8.94
895 0.02465451799187252 8.950000000000001
896 0.02663366556581359 8.960000000000001
897 0.02748642675935586 8.970000000000001
898 0.02694969736386968 8.98
899 0.02805881887910202 8.99
900 0.02922623164250228 9
901 0.03005276119877818 9.01
902 0.03188485742645246 9.02
903 0.03205755426963409 9.029999999999999
904 0.03357875900025929 9.040000000000001
905 0.03347165324998835 9.050000000000001
906 0.03588728245074815 9.06
907 0.03805995597054614 9.07
908 0.03803499446460188 9.08
909 0.03784651405472425 9.09
910 0.03918319872791733 9.1
911 0.0399482713475477 9.109999999999999
912 0.03956611643081307 9.120000000000001
913 0.04046099956894099 9.130000000000001
914 0.042470079567114 9.140000000000001
915 0.04306558880275751 9.15
916 0.04410259832570153 9.16
917 0.04628254266195378 9.17
918 0.04625490648590817 9.18
919 0.04566148502015199 9.19
920 0.04753714951643326 9.200000000000001
921 0.04784871025838677 9.210000000000001
922 0.0471226525013137 9.220000000000001
923 0.04866742049314538 9.23
924 0.050740667938419 9.24
925 0.05072459377219771 9.25
926 0.04998501937462344 9.26
927 0.05171582632739358 9.27
928 0.05199187832637028 9.279999999999999
929 0.05270855767845336 9.290000000000001
930 0.05368082835498575 9.300000000000001
931 0.05392671693614364 9.31
932 0.05434152003393814 9.32
933 0.05567154577094362 9.33
934 0.05565042523904402 9.34
935 0.05557466106120653 9.35
936 0.05593501129430233 9.359999999999999
937 0.05625184599038797 9.370000000000001
938 0.05562295570615495 9.380000000000001
939 0.05600255364557669 9.390000000000001
940 0.0577829816480217 9.4
941 0.05802797937283936 9.41
942 0.05737808528116211 9.42
943 0.05658829030001639 9.43
944 0.05609382637765004 9.44
945 0.0568983882022742 9.450000000000001
946 0.05523022131804359 9.460000000000001
947 0.0591426873965973 9.470000000000001
948 0.05855665175590864 9.48
949 0.05721891297958285 9.49
950 0.05630165468201757 9.5
951 0.05490691391729412 9.51
952 0.05580036610494783 9.52
953 0.05644167570902545 9.529999999999999
954 0.05907266565798471 9.540000000000001
955 0.05791341761196996 9.550000000000001
956 0.05609329735786373 9.56
957 0.05592208166849118 9.57
958 0.05722719063275499 9.58
959 0.05301574798148433 9.59
960 0.05249302182595975 9.6
961 0.05426431491163978 9.609999999999999
962 0.05414102626014271 9.620000000000001
963 0.05450608149961259 9.630000000000001
964 0.05551638607623555 9.640000000000001
965 0.05404841888853505 9.65
966 0.05236036120915001 9.66
967 0.05304414815199857 9.67
968 0.05233815355177004 9.68
969 0.05201869699006487 9.69
970 0.05183302953149549 9.700000000000001
971 0.05215279599765427 9.710000000000001
972 0.05145715691293257 9.720000000000001
973 0.05091094520114126 9.73
974 0.05128103483193922 9.74
975 0.05053448169286441 9.75
976 0.05091548075346138 9.76
977 0.05108778421424685 9.77
978 0.05073241875985618 9.779999999999999
979 0.04953166805702654 9.790000000000001
980 0.04784216209511433 9.800000000000001
981 0.04785919107435944 9.81
982 0.04673292534180971 9.82
983 0.04662461862271419 9.83
984 0.0464515482853546 9.84
985 0.04597457224127075 9.85
986 0.04528034752950286 9.859999999999999
987 0.04471905799350327 9.870000000000001
988 0.04433413199485501 9.880000000000001
989 0.04312431206445537 9.890000000000001
990 0.04165436293721589 9.9
991 0.03832029442476443 9.91
992 0.03695637110282473 9.92
993 0.03657772147769981 9.93
994 0.03685221055836397 9.94
995 0.03592056515606598 9.950000000000001
996 0.03406055844825923 9.960000000000001
997 0.0320397515993778 9.970000000000001
998 0.03136586146881731 9.98
999 0.02982581485274364 9.99
1000 0.02982683173985653 10
1001 0.02819291579647786 10.01
1002 0.02587109451779847 10.02
1003 0.02366597703745809 10.03
1004 0.02223911768997897 10.04
1005 0.02067510648203331 10.05
1006 0.01908624754372211 10.06
1007 0.01763556202087136 10.07
1008 0.01807840391395937 10.08
1009 0.01742644383361856 10.09
1010 0.01387171321560562 10.1
1011 0.01084786427295469 10.11
1012 0.009821272288784008 10.12
1013 0.01051191392512359 10.13
1014 0.01143654895918446 10.14
1015 0.01034078175940539 10.15
1016 0.007154335986460761 10.16
1017 0.006004609879760457 10.17
1018 0.004710765692460368 10.18
1019 0.004532752879578997 10.19
1020 0.001362423843443797 10.2
1021 0.001828228174104625 10.21
1022 0.003691279988850888 10.22
1023 0.004414871031650126 10.23
1024 0.005392236399872135 10.24
1025 0.005355595304862871 10.25
1026 0.004241259261377837 10.26
1027 0.002670439577778505 10.27
1028 0.002435207327772758 10.28
1029 0.002015924617312275 10.29
1030 0.002345237480354925 10.3
1031 0.003650551761097478 10.31
1032 0.002077916289848218 10.32
1033 0.0003884680855089397 10.33
1034 0.001395160883904064 10.34
1035 0.003694544252678956 10.35
1036 0.003339243708841501 10.36
1037 0.001791920766733844 10.37
1038 -0.0002289872561811009 10.38
1039 -3.954532350675251e-05 10.39
1040 0.001145873432991778 10.4
1041 0.003816909204135335 10.41
1042 0.005612577755602991 10.42
1043 0.002189714697154441 10.43
1044 0.001815544761791047 10.44
1045 0.001195660577542683 10.45
1046 0.0004277883267620151 10.46
1047 0.002269910012612399 10.47
1048 0.001747605929938123 10.48
1049 0.0004262263964424836 10.49
1050 0.001684217695176291 10.5
1051 0.001181466065283066 10.51
1052 0.001661697778476444 10.52
1053 0.003672096567670024 10.53
1054 0.004060233928825795 10.54
1055 0.003948658113489469 10.55
1056 0.004130920538439114 10.56
1057 0.003991048559647292 10.57
1058 0.003611340718440223 10.58
1059 0.003280450479884357 10.59
1060 0.002078021278652697 10.6
1061 0.003964639366400412 10.61
1062 0.00643883294113597 10.62
1063 0.005337735312821338 10.63
1064 0.003397596539959422 10.64
1065 0.001716870320108946 10.65
1066 0.001588026980049533 10.66
1067 0.003206779300723181 10.67
1068 0.006242823762659846 10.68
1069 0.007008528311727905 10.69
1070 0.005797244439995883 10.7
1071 0.003329874655200029 10.71
1072 0.00266979143099066 10.72
1073 0.002368920746572517 10.73
1074 0.002123137962195632 10.74
1075 0.004602217355204179 10.75
1076 0.008207682866346712 10.76
1077 0.007515216989692148 10.77
1078 0.004991273201336564 10.78
1079 0.004632025910742802 10.79
1080 0.006830289571910426 10.8
1081 0.005849035214758064 10.81
1082 0.003594420722729022 10.82
1083 0.005094280559775582 10.83
1084 0.005745234149539132 10.84
1085 0.00690930097224118 10.85
1086 0.007770184348761143 10.86
1087 0.007493741220879967 10.87
1088 0.008283513019904343 10.88
1089 0.00865775068015018 10.89
1090 0.008438095989722326 10.9
1091 0.008629675829042786 10.91
1092 0.008789032103639535 10.92
1093 0.01107196034771162 10.93
1094 0.01038553426276057 10.94
1095 0.0121834734611528 10.95
1096 0.01097509281658699 10.96
1097 0.01150282390799638 10.97
1098 0.01344380245103215 10.98
1099 0.01550191407936093 10.99
1100 0.01606421774143797 11
1101 0.01606523815204139 11.01
1102 0.01695374565327926 11.02
1103 0.01742781456741787 11.03
1104 0.01909398516117397 11.04
1105 0.02038493580660926 11.05
1106 0.0207972264465892 11.06
1107 0.02185621237093205 11.07
1108 0.02290656454503082 11.08
1109 0.02445305621777778 11.09
1110 0.02536119807996993 11.1
1111 0.02609991967960269 11.11
1112 0.02747709776958761 11.12
1113 0.02780928559340675 11.13
1114 0.02764584465879254 11.14
1115 0.02895231320936707 11.15
1116 0.03160275750793784 11.16
1117 0.03167969300831387 11.17
1118 0.03206839641593251 11.18
1119 0.03316291392276012 11.19
1120 0.03373702587223167 11.2
1121 0.03530032719227826 11.21
1122 0.03739078151129048 11.22
1123 0.03734610535534383 11.23
1124 0.03781786524633216 11.24
1125 0.03826454608731163 11.25
1126 0.04040553170143377 11.26
1127 0.04114679473804514 11.27
1128 0.04153890535750315 11.28
1129 0.04337737596395898 11.29
1130 0.04230052558772342 11.3
1131 0.04331442101632803 11.31
1132 0.04519585469983645 11.32
1133 0.04648816321710914 11.33
1134 0.04547145495154505 11.34
1135 0.04623660487310176 11.35
1136 0.04824551886262101 11.36
1137 0.04869480138747764 11.37
1138 0.04961593953238461 11.38
1139 0.05110836783778395 11.39
1140 0.05089571270089273 11.4
1141 0.05215184104375188 11.41
1142 0.05211113748641327 11.42
1143 0.05155690646233927 11.43
1144 0.05293829422038649 11.44
1145 0.05298753533103744 11.45
1146 0.05430321355669224 11.46
1147 0.05385075789532922 11.47
1148 0.05590166501628951 11.48
1149 0.05611938502409731 11.49
1150 0.05506917364324494 11.5
1151 0.05674086484986585 11.51
1152 0.05743384910187285 11.52
1153 0.05742990565602853 11.53
1154 0.05858603114382981 11.54
1155 0.05875210775669538 11.55
1156 0.05868518927184877 11.56
1157 0.05779306097990019 11.57
1158 0.05845437481780765 11.58
1159 0.05749531569386822 11.59
1160 0.0578847182735044 11.6
1161 0.05899921387060015 11.61
1162 0.05887057934109923 11.62
1163 0.05866582946191516 11.63
1164 0.05788711342824083 11.64
1165 0.05868190886993682 11.65
1166 0.05979882736163776 11.66
1167 0.05915382295773412 11.67
1168 0.06025420979897419 11.68
1169 0.05936203169774479 11.69
1170 0.05961561322131452 11.7
1171 0.06067051214674201 11.71
1172 0.06033363018614004 11.72
1173 0.06054502949784642 11.73
1174 0.0593043805418037 11.74
1175 0.05830443727207366 11.75
1176 0.05944682895517155 11.76
1177 0.06020069699626932 11.77
1178 0.06001213806573499 11.78
1179 0.0600554879263245 11.79
1180 0.06035228731912463 11.8
1181 0.05884331915571849 11.81
1182 0.05824350175334788 11.82
1183 0.05957710049365825 11.83
1184 0.05917804451599052 11.84
1185 0.05898490982276335 11.85
1186 0.05937796220543032 11.86
1187 0.05845202984465349 11.87
1188 0.05856151322006697 11.88
1189 0.05851150424039462 11.89
1190 0.05796193777575352 11.9
1191 0.05711073392623083 11.91
1192 0.05694624005810205 11.92
1193 0.05610258022605814 11.93
1194 0.05428169155429007 11.94
1195 0.05301261208494899 11.95
1196 0.05244698843550993 11.96
1197 0.05284303618867764 11.97
1198 0.05138145665362771 11.98
1199 0.04960577126052621 11.99
1200 0.04854439401539411 12
1201 0.04721392201216858 12.01
1202 0.04594459481784845 12.02
1203 0.04530982805131467 12.03
1204 0.04339155756514971 12.04
1205 0.04218910574313125 12.05
1206 0.04107443290593855 12.06
1207 0.03869289894745529 12.07
1208 0.03701784137021295 12.08
1209 0.03689723172081218 12.09
1210 0.03524320646392347 12.1
1211 0.03333813057313335 12.11
1212 0.03187354920403417 12.12
1213 0.03108213795764275 12.13
1214 0.02886623101462127 12.14
1215 0.02734834850723034 12.15
1216 0.02596310336624635 12.16
1217 0.02294535026208869 12.17
1218 0.02228631822369295 12.18
1219 0.02051905648654266 12.19
1220 0.02066714799406619 12.2
1221 0.01955147996539941 12.21
1222 0.01871950728013348 12.22
1223 0.01702213249140753 12.23
1224 0.01353579833452508 12.24
1225 0.01192800409198832 12.25
1226 0.009653711192169354 12.26
1227 0.008105587705182772 12.27
1228 0.007934185772210802 12.28
1229 0.007370995704981495 12.29
1230 0.009492732160114342 12.3
1231 0.006965207560571503 12.31
1232 0.003381221991384696 12.32
1233 0.003048927387893825 12.33
1234 0.002309425167057282 12.34
1235 0.0006458574296846775 12.35
1236 0.001278987927220849 12.36
1237 0.002763117347041493 12.37
1238 0.001795205489884062 12.38
1239 0.002972792293240956 12.39
1240 -0.001353580924249371 12.4
1241 -0.001542332163027528 12.41
1242 -0.0003071000010041625 12.42
1243 -0.0002162621174273886 12.43
1244 -0.00214694637643471 12.44
1245 -0.002605623260205273 12.45
1246 -0.002068261290691749 12.46
1247 -0.002032310827390543 12.47
1248 -0.002569731176684521 12.48
1249 -0.001731371546922488 12.49
1250 -0.00170679309175115 12.5
1251 -0.002012701693558827 12.51
1252 -0.002199194852268519 12.52
1253 -0.004238657369693052 12.53
1254 -0.005355630526798304 12.54
1255 -0.00350191400635787 12.55
1256 -0.0008859273052286392 12.56
1257 0.0009539285498768945 12.57
1258 -0.0004289432975567049 12.58
1259 8.239600838747071e-05 12.59
1260 -0.0003145906096799913 12.6
1261 0.0002928182813595039 12.61
1262 0.001971859975774233 12.62
1263 0.001977871185927964 12.63
1264 -0.001806760074332974 12.64
1265 -0.0006998307458323246 12.65
1266 0.002350114847386682 12.66
1267 0.004279165014579262 12.67
1268 0.003809632394521495 12.68
1269 0.004771417878030411 12.69
1270 0.004484302315258564 12.7
1271 0.003414535508507668 12.71
1272 0.00407116201437545 12.72
1273 0.003168286142873076 12.73
1274 0.004494437125725865 12.74
1275 0.00550586316861103 12.75
1276 0.006005628318655079 12.76
1277 0.004985435571634218 12.77
1278 0.006049477165955112 12.78
1279 0.007513146708056985 12.79
1280 0.00543403675403855 12.8
1281 0.005573010405762744 12.81
1282 0.008275887286536977 12.82
1283 0.009346549182025383 12.83
1284 0.008065964718302591 12.84
1285 0.007158736132190272 12.85
1286 0.006371528189614446 12.86
1287 0.004418884496625309 12.87
1288 0.00559825545170793 12.88
1289 0.006707083292583469 12.89
1290 0.004876330498892558 12.9
1291 0.005316851324461013 12.91
1292 0.006241699800690662 12.92
1293 0.003948796510549582 12.93
1294 0.004030485192363906 12.94
1295 0.002872791454301178 12.95
1296 0.002770008937060417 12.96
1297 0.002947512539891698 12.97
1298 0.00393468564232532 12.98
1299 0.003363604060196835 12.99
1300 0.004723128932324558 13
1301 0.004027514778458938 13.01
1302 0.004253655754027368 13.02
1303 0.004041587925316509 13.03
1304 0.004229462807392044 13.04
1305 0.004834106670588982 13.05
1306 0.004609148846958842 13.06
1307 0.005011732165292605 13.07
1308 0.004244559750834022 13.08
1309 0.005893931952187671 13.09
1310 0.00667580584358937 13.1
1311 0.009061013121885989 13.11
1312 0.01096555072272085 13.12
1313 0.01267151345526499 13.13
1314 0.01418368888700494 13.14
1315 0.01510049942129699 13.15
1316 0.01494798288724783 13.16
1317 0.01588148540626776 13.17
1318 0.01804949389261227 13.18
1319 0.01869286670441863 13.19
1320 0.01962213927552245 13.2
1321 0.02055424479006539 13.21
1322 0.02220228225697949 13.22
1323 0.02450201757674435 13.23
1324 0.02663176730259265 13.24
1325 0.02712407026281237 13.25
1326 0.02672583267789696 13.26
1327 0.02709740056311509 13.27
1328 0.02872202942941877 13.28
1329 0.02931731233273654 13.29
1330 0.03029752735297346 13.3
1331 0.03179489547625748 13.31
1332 0.03231824593559838 13.32
1333 0.03404326948703015 13.33
1334 0.03579513609184864 13.34
1335 0.0355104895582067 13.35
1336 0.03599259751933784 13.36
1337 0.03828740313495432 13.37
1338 0.03992532673349501 13.38
1339 0.03931001939246494 13.39
1340 0.03913246682584512 13.4
1341 0.04074208031401976 13.41
1342 0.04019931792268776 13.42
1343 0.04110365117502183 13.43
1344 0.04240910230978242 13.44
1345 0.04450338345145286 13.45
1346 0.04444878413135059 13.46
1347 0.04635194857733566 13.47
1348 0.04708701393523475 13.48
1349 0.04622366704503665 13.49
1350 0.0476861524816104 13.5
1351 0.04935137171112309 13.51
1352 0.04896306648485104 13.52
1353 0.04873361585036606 13.53
1354 0.05004464057225611 13.54
1355 0.05042373210485063 13.55
1356 0.05105327858815281 13.56
1357 0.05253553273814409 13.57
1358 0.05273755429356567 13.58
1359 0.05283767738083601 13.59
1360 0.05384646532955361 13.6
1361 0.05469417851452804 13.61
1362 0.05479142421362285 13.62
1363 0.05535245731560162 13.63
1364 0.05570350730022337 13.64
1365 0.05490279281587008 13.65
1366 0.05551723119786696 13.66
1367 0.05613915632920916 13.67
1368 0.05622185667480241 13.68
1369 0.05730807060143065 13.69
1370 0.05714261813817397 13.7
1371 0.05847517901367919 13.71
1372 0.05789905106463025 13.72
1373 0.05663312905310849 13.73
1374 0.05657305107558867 13.74
1375 0.05699820815235564 13.75
1376 0.05693257814331831 13.76
1377 0.05642866897017127 13.77
1378 0.05570690882574898 13.78
1379 0.05639727403953709 13.79
1380 0.05732923305313536 13.8
1381 0.0596943102819885 13.81
1382 0.05930233306425447 13.82
1383 0.05995252716076106 13.83
1384 0.05825965727511206 13.84
1385 0.05653079613317954 13.85
1386 0.05434625859220847 13.86
1387 0.05369489926240099 13.87
1388 0.05357927083664561 13.88
1389 0.05184890288035509 13.89
1390 0.05222915667952251 13.9
1391 0.05400868629271246 13.91
1392 0.05366893390753485 13.92
1393 0.05364846896433966 13.93
1394 0.05413919466859105 13.94
1395 0.05361738517828882 13.95
1396 0.05208204112332112 13.96
1397 0.05122001736695884 13.97
1398 0.05076066844573669 13.98
1399 0.05070194544768621 13.99
1400 0.04962055477555258 14
1401 0.04997400149315491 14.01
1402 0.04996810311706386 14.02
1403 0.04941525921134175 14.03
1404 0.05163162337735751 14.04
1405 0.05150443115052799 14.05
1406 0.05073595190378258 14.06
1407 0.04979698122491862 14.07
1408 0.04987472189084707 14.08
1409 0.04813781937746246 14.09
1410 0.04670437273606381 14.1
1411 0.04692623597885821 14.11
1412 0.04666273603804885 14.12
1413 0.04649969710370928 14.13
1414 0.04620560903711703 14.14
1415 0.04568503920237717 14.15
1416 0.04408258951807924 14.16
1417 0.04262997791002533 14.17
1418 0.04211090319213161 14.18
1419 0.04182733208007906 14.19
1420 0.04143872861267955 14.2
1421 0.04041808663819839 14.21
1422 0.03893102417490175 14.22
1423 0.03668008002821935 14.23
1424 0.03502566076405844 14.24
1425 0.03323471020142114 14.25
1426 0.03356723920137368 14.26
1427 0.03385307988406001 14.27
1428 0.0333988493865264 14.28
1429 0.03221924639255513 14.29
1430 0.02964747039391656 14.3
1431 0.02804129384743144 14.31
1432 0.02676405813960866 14.32
1433 0.02585191581877064 14.33
1434 0.02347730319028928 14.34
1435 0.02276271206428999 14.35
1436 0.02134240080689448 14.36
1437 0.02004917211173785 14.37
1438 0.01843750036920901 14.38
1439 0.0171288732657293 14.39
1440 0.01638884842481998 14.4
1441 0.01465657010289887 14.41
1442 0.01460982259633265 14.42
1443 0.01368283371929886 14.43
1444 0.0101071205298667 14.44
1445 0.006772083815772641 14.45
1446 0.007726083186855055 14.46
1447 0.003852637903818657 14.47
1448 0.002839357662504251 14.48
1449 0.002936246234991552 14.49
1450 0.00377975286241735 14.5
1451 0.002331828463948268 14.51
1452 0.002348846162841571 14.52
1453 0.002675146215053913 14.53
1454 0.002232738531487089 14.54
1455 0.002033175581493439 14.55
1456 0.0006095320725614579 14.56
1457 -0.0004842929700636727 14.57
1458 0.0002701260513800634 14.58
1459 0.002039687635813732 14.59
1460 -0.005054110713588432 14.6
1461 -0.004049449067672448 14.61
1462 -0.000601004487497039 14.62
1463 -0.0003234106099644519 14.63
1464 0.0007558988306352858 14.64
1465 0.002634909382434109 14.65
1466 -0.0002151747221503802 14.66
1467 -0.001143821756223103 14.67
1468 -0.001918237067903579 14.68
1469 -0.001611311919612189 14.69
1470 0.0004492707679979869 14.7
1471 0.00124346462601419 14.71
1472 0.001805587328960987 14.72
1473 0.000749284918976143 14.73
1474 0.001318262912741101 14.74
1475 0.001630541493744597 14.75
1476 -0.0001790646708925183 14.76
1477 -0.000129554298722907 14.77
1478 -0.001524905747725454 14.78
1479 -0.001820330707024714 14.79
1480 -0.001453403319848171 14.8
1481 0.001492065979581959 14.81
1482 0.003359265668382342 14.82
1483 0.002696718725337119 14.83
1484 0.001853976820949792 14.84
1485 0.001900917893523677 14.85
1486 0.001402985974244969 14.86
1487 0.001137789784624592 14.87
1488 0.003363223678144191 14.88
1489 0.002256467380003301 14.89
1490 0.001348628597369239 14.9
1491 0.004062066089369498 14.91
1492 0.00530484411387597 14.92
1493 0.003044072203064122 14.93
1494 0.002252770935434293 14.94
1495 0.0008773937575759303 14.95
1496 -0.0006272702451106663 14.96
1497 0.001533044583840356 14.97
1498 0.005631369916527376 14.98
1499 0.005900686360922759 14.99
1500 0.004287499982808671 15
1501 0.00289406775576643 15.01
1502 0.003494221832992578 15.02
1503 0.002429266475341549 15.03
1504 0.002761814762069978 15.04
1505 0.001754414050355548 15.05
1506 0.006091041607539111 15.06
1507 0.008500040636589511 15.07
1508 0.005738354253407382 15.08
1509 0.005087351925112324 15.09
1510 0.00610700576183189 15.1
1511 0.00539916321122861 15.11
1512 0.003728083508663984 15.12
1513 0.003968051042306344 15.13
1514 0.005052348112284169 15.14
1515 0.004881252699884976 15.15
1516 0.007115663069211976 15.16
1517 0.007891707049270242 15.17
1518 0.008423429942242719 15.18
1519 0.01024101135724398 15.19
1520 0.01127941339695845 15.2
1521 0.01009978774713687 15.21
1522 0.008521490532542038 15.22
1523 0.01030434078733298 15.23
1524 0.01177754802812246 15.24
1525 0.01162593779205982 15.25
1526 0.01267016848029395 15.26
1527 0.01372011580486318 15.27
1528 0.0140142437237921 15.28
1529 0.01359414025317946 15.29
1530 0.01354473071970214 15.3
1531 0.01491289331789544 15.31
1532 0.01843501024073747 15.32
1533 0.01889927652006529 15.33
1534 0.02005602382812664 15.34
1535 0.01926641392261219 15.35
1536 0.02125621761340991 15.36
1537 0.02167878675185392 15.37
1538 0.02157160643966403 15.38
1539 0.02436482397563273 15.39
1540 0.02261690994321473 15.4
1541 0.02378875257512364 15.41
1542 0.0247253103695145 15.42
1543 0.02743305537219678 15.43
1544 0.0278564089291706 15.44
1545 0.02963474638363648 15.45
1546 0.03183759655323623 15.46
1547 0.03127137218547391 15.47
1548 0.03120225104901889 15.48
1549 0.03195961874530741 15.49
1550 0.03376255328661826 15.5
1551 0.03533276104710825 15.51
1552 0.0363735902121992 15.52
1553 0.0381077371843537 15.53
1554 0.03756270103277948 15.54
1555 0.03873042735844826 15.55
1556 0.03938863802752192 15.56
1557 0.04109464161793443 15.57
1558 0.04171385551029193 15.58
1559 0.042010380249363 15.59
1560 0.04139443639132618 15.6
1561 0.04149745083387 15.61
1562 0.04432625589920958 15.62
1563 0.04716404509872866 15.63
1564 0.04723776463519536 15.64
1565 0.04692608751789822 15.65
1566 0.04775476540256191 15.66
1567 0.04730349858975484 15.67
1568 0.04866802669416268 15.68
1569 0.04985512110856367 15.69
1570 0.04964108057636132 15.7
1571 0.05059924744675044 15.71
1572 0.05152024943452833 15.72
1573 0.05241766184985894 15.73
1574 0.05227512321401218 15.74
1575 0.05174919724293736 15.75
1576 0.05474812298267564 15.76
1577 0.05417221176799459 15.77
1578 0.05345601370210418 15.78
1579 0.05507457296160709 15.79
1580 0.055504539149818 15.8
1581 0.05734919579559716 15.81
1582 0.05818966733501058 15.82
1583 0.05786669726951034 15.83
1584 0.056411509605162 15.84
1585 0.05709597345740561 15.85
1586 0.05777214795245341 15.86
1587 0.05686614956177275 15.87
1588 0.0566891341200995 15.88
1589 0.05703171757556392 15.89
1590 0.05746114876526125 15.9
1591 0.05640401835036825 15.91
1592 0.05653531809926284 15.92
1593 0.05645333162762498 15.93
1594 0.05625236609222623 15.94
1595 0.05685595710838844 15.95
1596 0.058064129690021 15.96
1597 0.05855402806864048 15.97
1598 0.06004683253971888 15.98
1599 0.06116766980634157 15.99
1600 0.05894191812113738 16
1601 0.05772550562817633 16.01
1602 0.05766048804312338 16.02
1603 0.05775618674130817 16.03
1604 0.05728065408937479 16.04
1605 0.05816164751108114 16.05
1606 0.0592087099952041 16.06
1607 0.06009944131126502 16.07
1608 0.06004545252505966 16.08
1609 0.05990505724794199 16.09
1610 0.05942486655291632 16.1
1611 0.05938233969321086 16.11
1612 0.05983476747723583 16.12
1613 0.05966764440167242 16.13
1614 0.05859033011470827 16.14
1615 0.05911101380376668 16.15
1616 0.05964761317873138 16.16
1617 0.05939321864732743 16.17
1618 0.05747118957366507 16.18
1619 0.05719114929454253 16.19
1620 0.05663204717465558 16.2
1621 0.05719952345803319 16.21
1622 0.05614563481497568 16.22
1623 0.0568760213273152 16.23
1624 0.05564253064473429 16.24
1625 0.05261336944698797 16.25
1626 0.05210038751370386 16.26
1627 0.05232306595129072 16.27
1628 0.05064697643957375 16.28
1629 0.04950533140527223 16.29
1630 0.0498493446131269 16.3
1631 0.04746081557579068 16.31
1632 0.04523303796543603 16.32
1633 0.04386006836432928 16.33
1634 0.04281872603392071 16.34
1635 0.04323432483236236 16.35
1636 0.04026124702350921 16.36
1637 0.03831564065850167 16.37
1638 0.03852264421291388 16.38
1639 0.03450105571687831 16.39
1640 0.0342122843648619 16.4
1641 0.03448690771072243 16.41
1642 0.03065478605884503 16.42
1643 0.03092039371805894 16.43
1644 0.02925929861453691 16.44
1645 0.02498991113856126 16.45
1646 0.02158290360579029 16.46
1647 0.02042820771674389 16.47
1648 0.02181990360071603 16.48
1649 0.02263355836565174 16.49
1650 0.02134128754295462 16.5
1651 0.01703524714270173 16.51
1652 0.01337413755044299 16.52
1653 0.01311843080063222 16.53
1654 0.01189382354972294 16.54
1655 0.01164460708299626 16.55
1656 0.01033974167222865 16.56
1657 0.009576976360736714 16.57
1658 0.005194937227585069 16.58
1659 0.005293956483668776 16.59
1660 0.00705159909370565 16.6
1661 0.006392957129960997 16.61
1662 0.003529478239115538 16.62
1663 0.00361030241636465 16.63
1664 0.0024017681410524 16.64
1665 0.001150354339360428 16.65
1666 0.0001644282492157318 16.66
1667 0.002890341929889105 16.67
1668 0.002286518444257973 16.68
1669 0.002247449646821562 16.69
1670 0.001714342465199897 16.7
1671 0.0007786505737349535 16.71
1672 -0.001415941928473909 16.72
1673 -0.002287008807487904 16.73
1674 -0.001307898083237046 16.74
1675 -0.002406123747014241 16.75
1676 -0.001483314606125694 16.76
1677 -0.002149693183266936 16.77
1678 -0.001981493278516743 16.78
1679 -0.001998670233771932 16.79
1680 0.001730419709933335 16.8
1681 -0.001306171474347653 16.81
1682 -0.005502964378387825 16.82
1683 -0.00444752800848542 16.83
1684 -0.002345150723079871 16.84
1685 -0.002813082714781643 16.85
1686 -0.002495118411124404 16.86
1687 -0.00171275163152292 16.87
1688 0.0006543325006740226 16.88
1689 -0.001617209145399513 16.89
1690 0.001718386684746906 16.9
1691 -0.001257700554946487 16.91
1692 0.001073858926373577 16.92
1693 -0.0001254655085550083 16.93
1694 -0.001329472575126876 16.94
1695 0.002648343119586669 16.95
1696 0.001446614053498898 16.96
1697 0.003157867392144892 16.97
1698 0.002692177732482703 16.98
1699 0.004395812441202461 16.99
1700 0.004649882532830139 17
1701 0.001583564700466707 17.01
1702 0.00389499859590401 17.02
1703 0.004727727273988667 17.03
1704 0.002977250648158657 17.04
1705 0.006656344763296428 17.05
1706 0.008201094336226997 17.06
1707 0.005188658938758168 17.07
1708 0.003742488056484724 17.08
1709 0.007485055059868437 17.09
1710 0.005448631774038792 17.1
1711 0.007152324111778596 17.11
1712 0.008530966765199497 17.12
1713 0.008952107616831666 17.13
1714 0.007232241336965368 17.14
1715 0.006555826391064751 17.15
1716 0.006427072948943137 17.16
1717 0.00480306304435456 17.17
1718 0.006321829778740511 17.18
1719 0.006138520102639523 17.19
1720 0.006211498690906289 17.2
1721 0.005100856694807726 17.21
1722 0.003552896756322084 17.22
1723 0.005847347917979315 17.23
1724 0.003772138136273919 17.24
1725 0.002502074397902755 17.25
1726 0.003414768225150839 17.26
1727 -0.004657120737453309 17.27
1728 -0.004026285104306192 17.28
1729 -0.0006891851912547473 17.29
1730 0.003660268075826394 17.3
1731 0.003562828100152363 17.31
1732 0.004282798263388089 17.32
1733 0.002166197591270006 17.33
1734 0.002662196335593014 17.34
1735 0.003853049478017762 17.35
1736 0.007694306916856083 17.36
1737 0.008158362157762576 17.37
1738 0.002574529612789073 17.38
1739 0.009164648527750705 17.39
1740 0.01064351403613782 17.4
1741 0.01076541809742108 17.41
1742 0.01111054215873637 17.42
1743 0.009594427946251621 17.43
1744 0.01195136243068166 17.44
1745 0.014085866658671 17.45
1746 0.01362785760887653 17.46
1747 0.01502725261291892 17.47
1748 0.01408670012307164 17.48
1749 0.01907030254290706 17.49
1750 0.02019385831225932 17.5
1751 0.02021869675100169 17.51
1752 0.02187265036174356 17.52
1753 0.02326428557731115 17.53
1754 0.02169129529541731 17.54
1755 0.0266673904693323 17.55
1756 0.02792945464791755 17.56
1757 0.02715685594619592 17.57
1758 0.02965301476108143 17.58
1759 0.02705979224794313 17.59
1760 0.03263542442155032 17.6
1761 0.03452427885069952 17.61
1762 0.03421036831209822 17.62
1763 0.03301082400169638 17.63
1764 0.03385233752612118 17.64
1765 0.03461927581116019 17.65
1766 0.03577317425561754 17.66
1767 0.03668840386172383 17.67
1768 0.03818619711287842 17.68
1769 0.03823879733606281 17.69
1770 0.04019223556891601 17.7
1771 0.0416387701793437 17.71
1772 0.04049511955041682 17.72
1773 0.04138852878222467 17.73
1774 0.04227724905387324 17.74
1775 0.04380963540218505 17.75
1776 0.04527274910353773 17.76
1777 0.04490602692524329 17.77
1778 0.04613493331141321 17.78
1779 0.04666242558655807 17.79
1780 0.04665525001821415 17.8
1781 0.04768148556308089 17.81
1782 0.04917572368679845 17.82
1783 0.04847221239427014 17.83
1784 0.04950576685765555 17.84
1785 0.05121945060150102 17.85
1786 0.05225855338563411 17.86
1787 0.05198741599941487 17.87
1788 0.05287906444147682 17.88
1789 0.05244539795872426 17.89
1790 0.05180201728121216 17.9
1791 0.05502127520310179 17.91
1792 0.05503883622547513 17.92
1793 0.05556149798716555 17.93
1794 0.05609769220991594 17.94
1795 0.05587844765755506 17.95
1796 0.05599658953541389 17.96
1797 0.05537495524288452 17.97
1798 0.05556820505089818 17.98
1799 0.05645386368993263 17.99
1800 0.05625219041053529 18
1801 0.05772645233067158 18.01
1802 0.05714760763608102 18.02
1803 0.05755183390574319 18.03
1804 0.05750612781855238 18.04
1805 0.0570845556802772 18.05
1806 0.05687529837325456 18.06
1807 0.05672640780239525 18.07
1808 0.05779327700858674 18.08
1809 0.05732871248521432 18.09
1810 0.05636842583058799 18.1
1811 0.05685048631504536 18.11
1812 0.05785066981035376 18.12
1813 0.057820639653944 18.13
1814 0.05712722883502075 18.14
1815 0.05650898633263175 18.15
1816 0.05682522783303313 18.16
1817 0.05509008935318448 18.17
1818 0.05451035132273736 18.18
1819 0.05329482425285053 18.19
1820 0.0531886629230852 18.2
1821 0.05385390083014659 18.21
1822 0.05405440016718547 18.22
1823 0.05315212584604725 18.23
1824 0.05338743386113905 18.24
1825 0.05372762761245978 18.25
1826 0.05290009025322609 18.26
1827 0.05255955503566569 18.27
1828 0.0521917092569265 18.28
1829 0.05136478419184232 18.29
1830 0.05095833609710688 18.3
1831 0.05034558144743036 18.31
1832 0.05152370850673511 18.32
1833 0.05100840185698099 18.33
1834 0.05120147701170905 18.34
1835 0.05167163974418963 18.35
1836 0.05018977332286788 18.36
1837 0.0487854518278189 18.37
1838 0.04868324624881698 18.38
1839 0.04854227268731982 18.39
1840 0.04841014877804788 18.4
1841 0.04678792867114377 18.41
1842 0.04631673836426588 18.42
1843 0.04577326001511076 18.43
1844 0.04577426876847289 18.44
1845 0.04573868628281331 18.45
1846 0.04411748693720802 18.46
1847 0.04251666373548405 18.47
1848 0.04123755311038375 18.48
1849 0.04150005961271552 18.49
1850 0.04063902137890806 18.5
1851 0.03974654121683788 18.51
1852 0.03800328547006424 18.52
1853 0.0371284646259124 18.53
1854 0.03507645097885984 18.54
1855 0.03383987836090773 18.55
1856 0.03421743761238279 18.56
1857 0.03316595210552641 18.57
1858 0.03213423205858334 18.58
1859 0.030304012857663 18.59
1860 0.02836035271488122 18.6
1861 0.02687150347840686 18.61
1862 0.02442460568332347 18.62
1863 0.02334759711694147 18.63
1864 0.0227084583973759 18.64
1865 0.02276607643664319 18.65
1866 0.02128980193745271 18.66
1867 0.01924114439158436 18.67
1868 0.01759864516526713 18.68
1869 0.01618255643027421 18.69
1870 0.01434418824371873 18.7
1871 0.01101381382690203 18.71
1872 0.01066900182990359 18.72
1873 0.01086201353417231 18.73
1874 0.009700864979548954 18.74
1875 0.009753370451135154 18.75
1876 0.009175460382439025 18.76
1877 0.005857080052962324 18.77
1878 0.002978451400004176 18.78
1879 0.001275971423255038 18.79
1880 0.0009809501963415242 18.8
1881 0.002138032699024846 18.81
1882 0.004005517996931733 18.82
1883 0.004027791985062643 18.83
1884 0.003825873137432336 18.84
1885 0.002536488527539722 18.85
1886 0.0009310760267827937 18.86
1887 -0.0007875482907686637 18.87
1888 0.0004122748938232518 18.88
1889 0.002018271836415444 18.89
1890 0.0006690929549357413 18.9
1891 -0.0003282106383646806 18.91
1892 0.001200855627090425 18.92
1893 0.0006683586801380592 18.93
1894 -0.0002301294306764663 18.94
1895 0.0002413292898074317 18.95
1896 0.001194987191496459 18.96
1897 0.0003430016379051022 18.97
1898 0.001410632168134429 18.98
1899 0.001708150736505371 18.99
1900 0.002230435596531028 19
1901 0.002995426530715509 19.01
1902 0.001827737927883583 19.02
1903 0.0003496706402402131 19.03
1904 0.00044688014015801 19.04
1905 0.001774222173143414 19.05
1906 0.0008116736733049474 19.06
1907 0.0004433277998488878 19.07
1908 0.001062200834411594 19.08
1909 -0.0004429617134383896 19.09
1910 -0.001346289748179926 19.1
1911 0.00286403571467346 19.11
1912 0.003407418796134204 19.12
1913 0.001126434243768144 19.13
1914 0.001368946262853414 19.14
1915 0.002505346310890221 19.15
1916 0.002058387787173812 19.16
1917 0.002637394472989013 19.17
1918 0.003177283429690233 19.18
1919 0.002089798926198289 19.19
1920 0.007005103931284626 19.2
1921 0.006396615161146881 19.21
1922 0.006541764524423627 19.22
1923 -0.004420341920339447 19.23
1924 -0.003265971275489304 19.24
1925 0.001288359173530908 19.25
1926 0.002015234039164571 19.26
1927 0.006802383292487104 19.27
1928 0.006827254105728398 19.28
1929 0.00425990138754544 19.29
1930 0.001726063926701374 19.3
1931 0.001679830905522885 19.31
1932 0.003226858336227974 19.32
1933 0.002456261718324331 19.33
1934 0.002442840205053369 19.34
1935 0.004467106716614062 19.35
1936 0.003387204852730244 19.36
1937 0.003796767418819832 19.37
1938 0.003755168868580224 19.38
1939 0.005728819795965235 19.39
1940 0.008235464303679633 19.4
1941 0.006261683509048101 19.41
1942 0.004886067483567218 19.42
1943 0.003057150068586748 19.43
1944 0.00482857646927368 19.44
1945 0.005871184614150991 19.45
1946 0.0059678608656179 19.46
1947 0.007390782375068911 19.47
1948 0.008714726573358526 19.48
1949 0.00893479309093361 19.49
1950 0.00797634279849857 19.5
1951 0.00907259187499238 19.51
1952 0.008533842439930453 19.52
1953 0.009585999534947242 19.53
1954 0.01000277019309465 19.54
1955 0.01118781410403168 19.55
1956 0.01249746601955931 19.56
1957 0.01338893468772644 19.57
1958 0.01360848429427634 19.58
1959 0.01277042002889291 19.59
1960 0.01457896798563477 19.6
1961 0.01516958203629538 19.61
1962 0.01657035499802474 19.62
1963 0.01808877034392133 19.63
1964 0.0189800622930786 19.64
1965 0.01974215065977255 19.65
1966 0.0214064126091183 19.66
1967 0.02114814743438897 19.67
1968 0.02152999904854751 19.68
1969 0.02249977315424007 19.69
1970 0.02550051730266516 19.7
1971 0.02629939049036478 19.71
1972 0.02586180716895099 19.72
1973 0.02719899317653409 19.73
1974 0.02894875034223776 19.74
1975 0.02839691156313167 19.75
1976 0.02981895297059078 19.76
1977 0.0314233117199206 19.77
1978 0.03173943501433524 19.78
1979 0.03200053514409802 19.79
1980 0.03452458521507464 19.8
1981 0.03563173221727619 19.81
1982 0.03633564585959657 19.82
1983 0.03729514169115768 19.83
1984 0.03851794090335947 19.84
1985 0.03871126873515198 19.85
1986 0.03860623705875012 19.86
1987 0.04058042963661836 19.87
1988 0.04222067293730227 19.88
1989 0.04293281230113691 19.89
1990 0.04339205459897217 19.9
1991 0.04285040456113743 19.91
1992 0.04288883750949542 19.92
1993 0.0459254576289901 19.93
1994 0.0472362197635151 19.94
1995 0.04756417183539969 19.95
1996 0.04765616657858208 19.96
1997 0.04908875079559529 19.97
1998 0.04903502674250206 19.98
1999 0.04965702735648136 19.99
2000 0.0508036663631773 20
