"cd-rfile"
"Time Step" "cd etc.."
("Time Step" "cd" "flow-time")
0 0 0
1 149.6497366702732 0.01
2 3.143393338500579 0.02
3 0.7937953614551757 0.03
4 1.153551948502562 0.04
5 1.292999071717497 0.05
6 1.51361600316485 0.06
7 1.674174982005398 0.07000000000000001
8 1.750823516560357 0.08
9 1.868369910065597 0.09
10 1.926263386170956 0.1
11 2.000634489898723 0.11
12 2.009489801526142 0.12
13 2.042308636290592 0.13
14 2.043591718352975 0.14
15 2.120210809073079 0.15
16 2.172736577921785 0.16
17 2.238459510500152 0.17
18 2.221750928390722 0.18
19 2.247474577486478 0.19
20 2.280872566511378 0.2
21 2.293973977834272 0.21
22 2.328597147487583 0.22
23 2.429182748650193 0.23
24 2.444105980567458 0.24
25 2.41035367848329 0.25
26 2.388461129229632 0.26
27 2.406875938946356 0.27
28 2.425975966527617 0.28
29 2.481714505024035 0.29
30 2.461407827483547 0.3
31 2.415606406294541 0.31
32 2.43460104734748 0.32
33 2.470855299380709 0.33
34 2.470393165935938 0.34
35 2.475197410280058 0.35
36 2.44742481314345 0.36
37 2.416666667384259 0.37
38 2.379091226077254 0.38
39 2.333616711408416 0.39
40 2.35349170568935 0.4
41 2.363956017636106 0.41
42 2.366020144059957 0.42
43 2.310255294538124 0.43
44 2.305969853701014 0.44
45 2.301982275261312 0.45
46 2.270856109649276 0.46
47 2.243423899258647 0.47
48 2.244211596921741 0.48
49 2.27360198374526 0.49
50 2.297796371554766 0.5
51 2.280244536927636 0.51
52 2.232934788211628 0.52
53 2.166388474924578 0.53
54 2.14821046927945 0.54
55 2.162487190644176 0.55
56 2.167221031622374 0.5600000000000001
57 2.145713396750505 0.5700000000000001
58 2.131115558516869 0.58
59 2.137940489115155 0.59
60 2.195287268540273 0.6
61 2.211537589765306 0.61
62 2.216720866569063 0.62
63 2.154607081370433 0.63
64 2.14839964249899 0.64
65 2.097697399597477 0.65
66 2.114710512517227 0.66
67 2.103827330015654 0.67
68 2.127563354481144 0.68
69 2.107995942146339 0.6900000000000001
70 2.1296633715728 0.7000000000000001
71 2.093784620819115 0.71
72 2.070153078999167 0.72
73 2.022690431240325 0.73
74 1.930104216689269 0.74
75 1.95309386362262 0.75
76 1.965310623717444 0.76
77 1.942925518399911 0.77
78 1.980767245251992 0.78
79 1.969452337592963 0.79
80 1.919396711816503 0.8
81 1.914461341458388 0.8100000000000001
82 1.928073891988907 0.8200000000000001
83 1.933464968333683 0.8300000000000001
84 1.911539269971068 0.84
85 1.880050938111472 0.85
86 1.85644332049409 0.86
87 1.867986422680524 0.87
88 1.791662821625189 0.88
89 1.767540945146619 0.89
90 1.816509768319868 0.9
91 1.79758966396102 0.91
92 1.749265786841578 0.92
93 1.71654081596191 0.93
94 1.720820525090675 0.9400000000000001
95 1.732920769192655 0.9500000000000001
96 1.70523217692069 0.96
97 1.71275371614525 0.97
98 1.708859807385644 0.98
99 1.682622357766484 0.99
100 1.764565550380949 1
101 1.722251728375103 1.01
102 1.675128166196105 1.02
103 1.613351878530879 1.03
104 1.616231952923782 1.04
105 1.604770672245423 1.05
106 1.596006842101527 1.06
107 1.576425123680696 1.07
108 1.600718464737445 1.08
109 1.626015675645378 1.09
110 1.628921125755659 1.1
111 1.605906257341733 1.11
112 1.588352214631089 1.12
113 1.58144585137728 1.13
114 1.583134829549552 1.14
115 1.563334378268512 1.15
116 1.539718368416585 1.16
117 1.513728343947182 1.17
118 1.507363582675878 1.18
119 1.553367803424338 1.19
120 1.510982464079646 1.2
121 1.50816971492265 1.21
122 1.513223598970237 1.22
123 1.488141837522275 1.23
124 1.472199112330744 1.24
125 1.478829358551604 1.25
126 1.46129096735423 1.26
127 1.436911073947452 1.27
128 1.389742046457884 1.28
129 1.394610723062387 1.29
130 1.417003142562911 1.3
131 1.381415745361532 1.31
132 1.396878992423414 1.32
133 1.385858263045377 1.33
134 1.359220805846768 1.34
135 1.338701708650401 1.35
136 1.330402765746271 1.36
137 1.319835237645135 1.37
138 1.278929724716529 1.38
139 1.270782392887691 1.39
140 1.309692649176189 1.4
141 1.259905201523313 1.41
142 1.254528818274087 1.42
143 1.229958718775951 1.43
144 1.217060174532382 1.44
145 1.216580705680871 1.45
146 1.216681630773854 1.46
147 1.209396357552513 1.47
148 1.178363951301031 1.48
149 1.143000081675482 1.49
150 1.12867231478804 1.5
151 1.145484061093796 1.51
152 1.114727241305597 1.52
153 1.116509977022559 1.53
154 1.103746395430837 1.54
155 1.07351098268941 1.55
156 1.09914687242571 1.56
157 1.076313901498359 1.57
158 1.050271139808157 1.58
159 1.02426223318747 1.59
160 1.002389917372203 1.6
161 0.9849754605463874 1.61
162 0.9640911071985927 1.62
163 0.9812222969022385 1.63
164 0.9671870577398892 1.64
165 0.9554388601768183 1.65
166 0.9227804787759002 1.66
167 0.9234324109972125 1.67
168 0.9131960691846642 1.68
169 0.9006249691669231 1.69
170 0.8889038025361765 1.7
171 0.8502139654004809 1.71
172 0.8702218022554141 1.72
173 0.8665495603732185 1.73
174 0.845910456904463 1.74
175 0.8344367211712602 1.75
176 0.8096051148226058 1.76
177 0.7862000921845188 1.77
178 0.7743444281504457 1.78
179 0.7706787526864627 1.79
180 0.7480203690800605 1.8
181 0.7343158594776532 1.81
182 0.7215052496563078 1.82
183 0.7258922346317268 1.83
184 0.7056002599448532 1.84
185 0.6936843737341158 1.85
186 0.6848234724956521 1.86
187 0.6572802913025985 1.87
188 0.652204738893106 1.88
189 0.6374444589076644 1.89
190 0.6405835308090223 1.9
191 0.6355671511208225 1.91
192 0.6367130327226802 1.92
193 0.6243101905985832 1.93
194 0.6097416130867321 1.94
195 0.5871033183216229 1.95
196 0.5729604871168474 1.96
197 0.5765009025836753 1.97
198 0.5667687224746425 1.98
199 0.5517580630119894 1.99
200 0.5482815760453965 2
201 0.5579002453491645 2.01
202 0.536074345542779 2.02
203 0.5230028253762481 2.03
204 0.5136206398909207 2.04
205 0.5158074372309907 2.05
206 0.4918377749160811 2.06
207 0.4783762149229838 2.07
208 0.4898170349300845 2.08
209 0.4742546371547405 2.09
210 0.453910796620779 2.1
211 0.4671182462409264 2.11
212 0.4578620973778332 2.12
213 0.4339601343050505 2.13
214 0.4325024203962748 2.14
215 0.4339967318877456 2.15
216 0.4276934570873125 2.16
217 0.416476065340184 2.17
218 0.4171662353135313 2.18
219 0.4201745348425646 2.19
220 0.4000893398515936 2.2
221 0.403965479452454 2.21
222 0.4045794873899111 2.22
223 0.3863331096878616 2.23
224 0.3703437416962774 2.24
225 0.3698427822499566 2.25
226 0.3701587653371145 2.26
227 0.3604591647538363 2.27
228 0.3567355875025379 2.28
229 0.3623825045694923 2.29
230 0.3517876654514128 2.3
231 0.34198688331834 2.31
232 0.3412538506038002 2.32
233 0.3464300889232573 2.33
234 0.3334280447129878 2.34
235 0.3306688037443969 2.35
236 0.3236277324218445 2.36
237 0.3286021144935835 2.37
238 0.3117448470850485 2.38
239 0.3072472743975685 2.39
240 0.3173533674427172 2.4
241 0.3136462009519967 2.41
242 0.3111803758283603 2.42
243 0.3119485969098518 2.43
244 0.3152957826777003 2.44
245 0.3036293085753917 2.45
246 0.3073553349640767 2.46
247 0.3028241852848914 2.47
248 0.3047581807863025 2.48
249 0.3073867906480549 2.49
250 0.3057172038351086 2.5
251 0.3054139526456948 2.51
252 0.3067783782044672 2.52
253 0.3134610776396744 2.53
254 0.3107632657051019 2.54
255 0.3230089204395118 2.55
256 0.3172742640726444 2.56
257 0.3097394777723115 2.57
258 0.3249810646929081 2.58
259 0.321949312973363 2.59
260 0.3259380099491669 2.6
261 0.3349434313262979 2.61
262 0.3358662188755855 2.62
263 0.3299996534856426 2.63
264 0.3404295732597363 2.64
265 0.3477716421782346 2.65
266 0.3523022248868861 2.66
267 0.3529518742530636 2.67
268 0.3459193673514115 2.68
269 0.3649769357185865 2.69
270 0.3788969846772091 2.7
271 0.3867776229802484 2.71
272 0.3919175131260786 2.72
273 0.3980870267065355 2.73
274 0.4004704767200509 2.74
275 0.4074022464979055 2.75
276 0.4259493409803572 2.76
277 0.434792762103771 2.77
278 0.44362459312387 2.78
279 0.4469115681032487 2.79
280 0.4543170165177092 2.8
281 0.4562886968411355 2.81
282 0.4745498915928186 2.82
283 0.4845648121905464 2.83
284 0.4826174632936984 2.84
285 0.5079530873414925 2.85
286 0.5237426834785207 2.86
287 0.528797513825825 2.87
288 0.5293798934597488 2.88
289 0.5423746065806302 2.89
290 0.5503420142432205 2.9
291 0.5699348887614148 2.91
292 0.5772449748537968 2.92
293 0.5729096134241037 2.93
294 0.582657721852795 2.94
295 0.6039339945337157 2.95
296 0.6229814341021175 2.96
297 0.6215099259845196 2.97
