"cl-rfile"
"Time Step" "cl etc.."
("Time Step" "cl" "flow-time")
0 0 0
1 11.38769652098967 0.01
2 9.823712668480018 0.02
3 7.424710090401901 0.03
4 7.102877663505735 0.04
5 7.172374947122576 0.05
6 7.234047033947878 0.06
7 7.196812873614705 0.07000000000000001
8 7.281965579382591 0.08
9 7.371680583146281 0.09
10 7.39513717848088 0.1
11 7.440468423722763 0.11
12 7.411773633887311 0.12
13 7.361892102349695 0.13
14 7.343378272591223 0.14
15 7.371617675082276 0.15
16 7.412581785924044 0.16
17 7.363034738034139 0.17
18 7.355414813904992 0.18
19 7.365721463310437 0.19
20 7.346049586941063 0.2
21 7.392741990619111 0.21
22 7.42231370739826 0.22
23 7.408760255694845 0.23
24 7.368998800349663 0.24
25 7.321751226884339 0.25
26 7.286278374393379 0.26
27 7.283311800558747 0.27
28 7.374806962255658 0.28
29 7.367168192618352 0.29
30 7.383977834378546 0.3
31 7.427731192368936 0.31
32 7.48655839217204 0.32
33 7.510891975201088 0.33
34 7.523603465358945 0.34
35 7.553005274710193 0.35
36 7.507616061629577 0.36
37 7.452862611152529 0.37
38 7.40648564335315 0.38
39 7.447905924940116 0.39
40 7.497602252881667 0.4
41 7.510314587216627 0.41
42 7.527424904381538 0.42
43 7.536396271509388 0.43
44 7.513054591322638 0.44
45 7.497256736955677 0.45
46 7.513727779899488 0.46
47 7.545574971518718 0.47
48 7.549504126003392 0.48
49 7.580179477014052 0.49
50 7.609982150994684 0.5
51 7.58542857317855 0.51
52 7.5032982576033 0.52
53 7.485328164649399 0.53
54 7.464762451536633 0.54
55 7.434849272726467 0.55
56 7.468303733695625 0.5600000000000001
57 7.485479512670311 0.5700000000000001
58 7.543245265814964 0.58
59 7.618234256274257 0.59
60 7.664682964406319 0.6
61 7.708050970555793 0.61
62 7.717204267121721 0.62
63 7.680157107770286 0.63
64 7.678303161243517 0.64
65 7.704191802973097 0.65
66 7.734489294189318 0.66
67 7.763863456303164 0.67
68 7.813432520757535 0.68
69 7.883436944955621 0.6900000000000001
70 7.889871714054122 0.7000000000000001
71 7.845577610366345 0.71
72 7.784359425779185 0.72
73 7.711740636259143 0.73
74 7.695552035948394 0.74
75 7.759153045166655 0.75
76 7.824822297241732 0.76
77 7.877310771838446 0.77
78 7.954830663582429 0.78
79 7.992949930836359 0.79
80 7.989015440192117 0.8
81 7.985485203399507 0.8100000000000001
82 8.018000167432366 0.8200000000000001
83 8.045275311453912 0.8300000000000001
84 8.064818048661436 0.84
85 8.095664856143799 0.85
86 8.161962683221912 0.86
87 8.137930187234053 0.87
88 8.123486854777322 0.88
89 8.210179515654669 0.89
90 8.280495616612354 0.9
91 8.255676152253217 0.91
92 8.217176908783753 0.92
93 8.214678802481101 0.93
94 8.25516449863018 0.9400000000000001
95 8.321733486027632 0.9500000000000001
96 8.375547314516119 0.96
97 8.421582038625992 0.97
98 8.502403339794183 0.98
99 8.507157794932327 0.99
100 8.52783165714216 1
101 8.532816852169905 1.01
102 8.493913346598832 1.02
103 8.473516195815398 1.03
104 8.494023450198434 1.04
105 8.5145629672797 1.05
106 8.545256972614284 1.06
107 8.6015376346734 1.07
108 8.682285250613809 1.08
109 8.747283251141305 1.09
110 8.773919573345685 1.1
111 8.752218746322772 1.11
112 8.735077175654485 1.12
113 8.72931233363683 1.13
114 8.723956727947112 1.14
115 8.707326193436398 1.15
116 8.701778096557645 1.16
117 8.730067250553786 1.17
118 8.778506523638773 1.18
119 8.855291522597627 1.19
120 8.87730107744113 1.2
121 8.848847105508163 1.21
122 8.857244861265693 1.22
123 8.841091566594431 1.23
124 8.829707212735002 1.24
125 8.820246848325141 1.25
126 8.816794534702451 1.26
127 8.812543206773219 1.27
128 8.794334998945255 1.28
129 8.849836501764166 1.29
130 8.880064951402401 1.3
131 8.867054976153872 1.31
132 8.878241986481042 1.32
133 8.879392776226696 1.33
134 8.838908739081878 1.34
135 8.79851286831928 1.35
136 8.808609848813626 1.36
137 8.796730884867308 1.37
138 8.797583045261653 1.38
139 8.803000580267515 1.39
140 8.883097951766102 1.4
141 8.824340955575757 1.41
142 8.823648041938455 1.42
143 8.811947333604731 1.43
144 8.80807435346461 1.44
145 8.799095043519792 1.45
146 8.829477936338963 1.46
147 8.841978088854068 1.47
148 8.795521382548698 1.48
149 8.751956854354621 1.49
150 8.6933118870051 1.5
151 8.693862122380757 1.51
152 8.683555075173455 1.52
153 8.710770663193321 1.53
154 8.746169086062091 1.54
155 8.779267407242004 1.55
156 8.754539569708577 1.56
157 8.745015975360309 1.57
158 8.757456423601832 1.58
159 8.715636467988727 1.59
160 8.664425511270776 1.6
161 8.638761329636512 1.61
162 8.630246641606576 1.62
163 8.620650100113975 1.63
164 8.609192580289912 1.64
165 8.617397182876584 1.65
166 8.619317970985346 1.66
167 8.60700429972659 1.67
168 8.604784913168341 1.68
169 8.613284621311236 1.69
170 8.613511811062384 1.7
171 8.590906452060889 1.71
172 8.607678219639615 1.72
173 8.607127278304752 1.73
174 8.581797382612853 1.74
175 8.533128867941574 1.75
176 8.505644251697566 1.76
177 8.478892138781228 1.77
178 8.463076545243547 1.78
179 8.447275850087872 1.79
180 8.420954461892215 1.8
181 8.39061205289069 1.81
182 8.403622526616264 1.82
183 8.39817393180217 1.83
184 8.378213817901701 1.84
185 8.378717436600034 1.85
186 8.367735438127694 1.86
187 8.363547558600311 1.87
188 8.333457524275332 1.88
189 8.338103889460054 1.89
190 8.335871047306224 1.9
191 8.314137753043333 1.91
192 8.275643758493214 1.92
193 8.245210548634521 1.93
194 8.212339529343128 1.94
195 8.149820305806387 1.95
196 8.134147383723224 1.96
197 8.119767333851405 1.97
198 8.106185181429781 1.98
199 8.094586660993548 1.99
200 8.10711287920182 2
201 8.112550353405723 2.01
202 8.080083265520088 2.02
203 8.065154072065484 2.03
204 8.049673749226532 2.04
205 8.022507660199109 2.05
206 7.983062228245286 2.06
207 7.967247255060549 2.07
208 7.966465499381592 2.08
209 7.944763708391832 2.09
210 7.908513523605053 2.1
211 7.889703819687469 2.11
212 7.866902997061383 2.12
213 7.827405612392234 2.13
214 7.801581642914647 2.14
215 7.797572022154537 2.15
216 7.777303210149339 2.16
217 7.747473824273761 2.17
218 7.732322370963249 2.18
219 7.725627516233549 2.19
220 7.669354598472581 2.2
221 7.645939628678841 2.21
222 7.626643006239128 2.22
223 7.620796634766766 2.23
224 7.584919667413734 2.24
225 7.581603578893201 2.25
226 7.558696193373438 2.26
227 7.542673252172717 2.27
228 7.523639554844979 2.28
229 7.522368194056111 2.29
230 7.518535563100439 2.3
231 7.479483265794844 2.31
232 7.425764484863863 2.32
233 7.42288015963322 2.33
234 7.397581272990514 2.34
235 7.354088902472172 2.35
236 7.334222256068846 2.36
237 7.327123417649537 2.37
238 7.285887651003139 2.38
239 7.261462511412716 2.39
240 7.256496005764507 2.4
241 7.231234040823135 2.41
242 7.198643361810217 2.42
243 7.174984778087203 2.43
244 7.176264612787576 2.44
245 7.164252772996315 2.45
246 7.128218102508835 2.46
247 7.089438282477419 2.47
248 7.058848982836785 2.48
249 7.0302376192432 2.49
250 7.020022592972669 2.5
251 7.042273758127422 2.51
252 7.006203204386444 2.52
253 6.975572914038371 2.53
254 6.952958184470982 2.54
255 6.929041299863091 2.55
256 6.874783786869822 2.56
257 6.83499846287754 2.57
258 6.824767946838112 2.58
259 6.815262862551703 2.59
260 6.811311362100262 2.6
261 6.796094024994185 2.61
262 6.778006691612717 2.62
263 6.759478744938098 2.63
264 6.741663259151066 2.64
265 6.74147338937789 2.65
266 6.722417519857804 2.66
267 6.689564564143956 2.67
268 6.680626025188004 2.68
269 6.671313853328074 2.69
270 6.655838048859883 2.7
271 6.636225042648417 2.71
272 6.631373510350205 2.72
273 6.600144285340514 2.73
274 6.552364368671006 2.74
275 6.548556983592805 2.75
276 6.560390048606656 2.76
277 6.546183193523014 2.77
278 6.519647854699919 2.78
279 6.533460463165632 2.79
280 6.542592228237186 2.8
281 6.513549985887492 2.81
282 6.483370902855758 2.82
283 6.479508245000638 2.83
284 6.471760740182428 2.84
285 6.469909868141539 2.85
286 6.45843954305436 2.86
287 6.455536265574101 2.87
288 6.423505003813627 2.88
289 6.429305642548934 2.89
290 6.438359132990849 2.9
291 6.426023456543676 2.91
292 6.400459370415035 2.92
293 6.414190730375723 2.93
294 6.427391386484311 2.94
295 6.399800844715651 2.95
296 6.391091003913679 2.96
297 6.396473969751697 2.97
298 6.390115267333132 2.98
299 6.376388661186666 2.99
300 6.373079087514894 3
301 6.368258779426664 3.01
