"fl-rfile"
"Time Step" "fl etc.."
("Time Step" "fl" "flow-time")
0 0 0
1 13.12058916381434 0.01
2 11.31861019907851 0.02
3 8.554545739520984 0.03
4 8.183739313031237 0.04
5 8.263812162238006 0.05
6 8.33486903599807 0.06
7 8.291968865652759 0.07000000000000001
8 8.390079459529957 0.08
9 8.4934466070513 0.09
10 8.520472647831351 0.1
11 8.572702055596704 0.11
12 8.539640711901866 0.12
13 8.482168590041173 0.13
14 8.4608374671348 0.14
15 8.493374126118798 0.15
16 8.540571842340436 0.16
17 8.483485103293161 0.17
18 8.474705637334116 0.18
19 8.486580673892655 0.19
20 8.463915281690802 0.2
21 8.517712978582484 0.21
22 8.551784693262684 0.22
23 8.536168780841386 0.23
24 8.490356731040279 0.24
25 8.435919382865164 0.25
26 8.395048542731287 0.26
27 8.391630538358182 0.27
28 8.497048734644784 0.28
29 8.488247555412146 0.29
30 8.507615160012417 0.3
31 8.558026569701029 0.31
32 8.625805643269725 0.32
33 8.653842125030478 0.33
34 8.668487952631668 0.34
35 8.702363904669861 0.35
36 8.650067707963011 0.36
37 8.586982295765164 0.37
38 8.533548035373915 0.38
39 8.581271338919139 0.39
40 8.638530074315664 0.4
41 8.653176874554381 0.41
42 8.672890909044987 0.42
43 8.683227470271861 0.43
44 8.656333831548789 0.44
45 8.638131980416155 0.45
46 8.657109460819409 0.46
47 8.693802914713883 0.47
48 8.698329977905244 0.48
49 8.733673269441406 0.49
50 8.768011086625261 0.5
51 8.739721132951711 0.51
52 8.645092853512489 0.52
53 8.624388209122895 0.53
54 8.600692962931875 0.54
55 8.566227825137899 0.55
56 8.604773130350777 0.5600000000000001
57 8.624562588129175 0.5700000000000001
58 8.691118692197485 0.58
59 8.777518934231688 0.59
60 8.831035851851279 0.6
61 8.88100326980031 0.61
62 8.89154944509702 0.62
63 8.84886473211397 0.63
64 8.846728666170819 0.64
65 8.876556843582899 0.65
66 8.911464775508341 0.66
67 8.945308873163796 0.67
68 9.002420979088086 0.68
69 9.083078141654678 0.6900000000000001
70 9.090492104746319 0.7000000000000001
71 9.039457662811945 0.71
72 8.968923762664344 0.72
73 8.885254400637548 0.73
74 8.866602342829101 0.74
75 8.939881667652928 0.75
76 9.015543964728016 0.76
77 9.076019734322808 0.77
78 9.165336010860512 0.78
79 9.209255976934651 0.79
80 9.204722765567732 0.8
81 9.20065532431467 0.8100000000000001
82 9.23811816712621 0.8200000000000001
83 9.269543834154739 0.8300000000000001
84 9.292060435783849 0.84
85 9.327601274727472 0.85
86 9.403987798546597 0.86
87 9.376298220952345 0.87
88 9.359657012524297 0.88
89 9.459541900112669 0.89
90 9.540558168026603 0.9
91 9.511961867227585 0.91
92 9.467604103060841 0.92
93 9.464725854029158 0.93
94 9.511372354065754 0.9400000000000001
95 9.58807130130967 0.9500000000000001
96 9.650074107024414 0.96
97 9.703114043696583 0.97
98 9.796234112918501 0.98
99 9.80171206471063 0.99
100 9.825531917301937 1
101 9.831275721216976 1.01
102 9.786452177430981 1.02
103 9.762951144096581 1.03
104 9.786579035755064 1.04
105 9.810244099602677 1.05
106 9.84560888413524 1.06
107 9.910453907304241 1.07
108 10.00348907844344 1.08
109 10.07837797803949 1.09
110 10.10906761222797 1.1
111 10.0840645191654 1.11
112 10.06431447525208 1.12
113 10.05767238362552 1.13
114 10.05150180278429 1.14
115 10.03234056060616 1.15
116 10.02594819673757 1.16
117 10.05854217803055 1.17
118 10.11435256956764 1.18
119 10.20282212295151 1.19
120 10.22818092367541 1.2
121 10.19539704371136 1.21
122 10.20507270577256 1.22
123 10.18646132614605 1.23
124 10.17334458830449 1.24
125 10.16244461792567 1.25
126 10.15846695759511 1.26
127 10.15356869506614 1.27
128 10.13258970130039 1.28
129 10.1965369987296 1.29
130 10.23136538285726 1.3
131 10.21637564898503 1.31
132 10.2292650130635 1.32
133 10.23059092119943 1.33
134 10.18394633262169 1.34
135 10.13740332691253 1.35
136 10.14903678874717 1.36
137 10.13535017483503 1.37
138 10.1363320104868 1.38
139 10.1425739445743 1.39
140 10.23485992204106 1.4
141 10.16716173513449 1.41
142 10.16636337919443 1.42
143 10.15288214647196 1.43
144 10.14841980580767 1.44
145 10.13807409308663 1.45
146 10.17308042237841 1.46
147 10.18748275258921 1.47
148 10.13395661969541 1.48
149 10.08376277447866 1.49
150 10.01619366410589 1.5
151 10.01682763009665 1.51
152 10.00495213520181 1.52
153 10.03630918345139 1.53
154 10.07709426783189 1.54
155 10.11522923862367 1.55
156 10.08673850772058 1.56
157 10.07576568555447 1.57
158 10.09009922615154 1.58
159 10.0419154292408 1.59
160 9.982911580434006 1.6
161 9.95334201973944 1.61
162 9.943531631546099 1.62
163 9.932474761696625 1.63
164 9.919273724052998 1.64
165 9.92872684036969 1.65
166 9.930939919336041 1.66
167 9.91675244767427 1.67
168 9.914195331827987 1.68
169 9.923988460609534 1.69
170 9.924250222361049 1.7
171 9.898204952554948 1.71
172 9.917528919570215 1.72
173 9.916894140192772 1.73
174 9.887709734520993 1.74
175 9.831635217164656 1.75
176 9.799968202031433 1.76
177 9.769145156985205 1.77
178 9.750922867270397 1.78
179 9.73271774305953 1.79
180 9.702390967130796 1.8
181 9.667431282174698 1.81
182 9.682421590378398 1.82
183 9.676143870038377 1.83
184 9.653146378520379 1.84
185 9.653726634064059 1.85
186 9.641073478977987 1.86
187 9.636248319943842 1.87
188 9.601579414114168 1.88
189 9.606932827649681 1.89
190 9.604360208638095 1.9
191 9.579319707719048 1.91
192 9.534967991212088 1.92
193 9.499903688018193 1.93
194 9.462030608179507 1.94
195 9.389997686916253 1.95
196 9.371939779307757 1.96
197 9.355371483324848 1.97
198 9.339722502729346 1.98
199 9.326359008077777 1.99
200 9.340791370459765 2
201 9.347056277940112 2.01
202 9.309648596702058 2.02
203 9.29244759266196 2.03
204 9.274611592578998 2.04
205 9.243311575700304 2.05
206 9.197863639315509 2.06
207 9.179642064354216 2.07
208 9.178741347069455 2.08
209 9.153737143350925 2.09
210 9.111970682432071 2.1
211 9.090298661497835 2.11
212 9.064028183906299 2.12
213 9.01852038903893 2.13
214 8.98876672520799 2.14
215 8.984146950998241 2.15
216 8.960793786056708 2.16
217 8.926425192165841 2.17
218 8.908968106463256 2.18
219 8.901254479896382 2.19
220 8.836418379493646 2.2
221 8.809440298511198 2.21
222 8.787207263514695 2.22
223 8.780471235903974 2.23
224 8.739134785796169 2.24
225 8.735314080262917 2.25
226 8.708920823850793 2.26
227 8.690459633889933 2.27
228 8.668529533939928 2.28
229 8.667064707180716 2.29
230 8.662648855731462 2.3
231 8.617653878221706 2.31
232 8.555760583675507 2.32
233 8.552437343870482 2.33
234 8.52328866596806 2.34
235 8.473177958830778 2.35
236 8.45028815797945 2.36
237 8.442109072571936 2.37
238 8.39459836204105 2.38
239 8.366456391340998 2.39
240 8.360734120812468 2.4
241 8.331627983073769 2.41
242 8.294077903555047 2.42
243 8.266819137337031 2.43
244 8.268293727502851 2.44
245 8.254454017714993 2.45
246 8.212935866414753 2.46
247 8.168254829688756 2.47
248 8.13301068416259 2.48
249 8.100045461877643 2.49
250 8.088275990962593 2.5
251 8.113913168408759 2.51
252 8.072353673415689 2.52
253 8.037062299529437 2.53
254 8.011006233216328 2.54
255 7.983449859858458 2.55
256 7.9209358531212 2.56
257 7.875096302524658 2.57
258 7.863308984726038 2.58
259 7.852357489341565 2.59
260 7.84780467974496 2.6
261 7.830271684554221 2.61
262 7.809431958984632 2.62
263 7.788084570957682 2.63
264 7.767558060672253 2.64
265 7.767339297967796 2.65
266 7.745383651830629 2.66
267 7.707531384346693 2.67
268 7.697232646832076 2.68
269 7.686503419813094 2.69
270 7.668672625672031 2.7
271 7.646075062038888 2.71
272 7.640485260626241 2.72
273 7.604503810778046 2.73
274 7.549453111477584 2.74
275 7.54506634763053 2.75
276 7.558700078061376 2.76
277 7.542331332326121 2.77
278 7.511758048398268 2.78
279 7.527672554077728 2.79
280 7.538193921381772 2.8
281 7.504732252503969 2.81
282 7.469960747215768 2.82
283 7.465510299602944 2.83
284 7.456583838700421 2.84
285 7.45445131509492 2.85
286 7.441235523581081 2.86
287 7.437890447517908 2.87
288 7.400984913094583 2.88
289 7.40766824870977 2.89
290 7.418099430149136 2.9
291 7.403886604717515 2.91
292 7.374432371297788 2.92
293 7.390253264695549 2.93
294 7.405462695784123 2.94
295 7.373673636189286 2.95
296 7.363638398366231 2.96
297 7.369840502814071 2.97
298 7.36251418164849 2.98
299 7.346698765464074 2.99
300 7.342885566159486 3
301 7.337331740418512 3.01
302 7.327010454082683 3.02
