"m-rfile"
"Time Step" "m etc.."
("Time Step" "m" "flow-time")
0 0 0
1 -0.002886781581595714 0.01
2 0.07759290784717034 0.02
3 -0.003334373091725703 0.03
4 -0.01468826480307063 0.04
5 -0.01268996381451699 0.05
6 -0.01285599067963747 0.06
7 -0.01362743645298817 0.07000000000000001
8 -0.01182579050029532 0.08
9 -0.01197706173626352 0.09
10 -0.01284321561659506 0.1
11 -0.01055938667226832 0.11
12 -0.009741422996494426 0.12
13 -0.01149893867297659 0.13
14 -0.01266629577534589 0.14
15 -0.01202874580104446 0.15
16 -0.01129989492848804 0.16
17 -0.01101282564072493 0.17
18 -0.01068307279982574 0.18
19 -0.01088275331672961 0.19
20 -0.01139317354147614 0.2
21 -0.01137998288834954 0.21
22 -0.009646175221098625 0.22
23 -0.009170472382042518 0.23
24 -0.009901269409151207 0.24
25 -0.01060966779588972 0.25
26 -0.01186396277105163 0.26
27 -0.01274720140579252 0.27
28 -0.01065121708705863 0.28
29 -0.009286103421922888 0.29
30 -0.009077674476278339 0.3
31 -0.009019762768735199 0.31
32 -0.008327242782085126 0.32
33 -0.007550669026530892 0.33
34 -0.005872264812993289 0.34
35 -0.005516749396901906 0.35
36 -0.00591464065117608 0.36
37 -0.007347700757435827 0.37
38 -0.008655796207485938 0.38
39 -0.009084746288587953 0.39
40 -0.007427045519117033 0.4
41 -0.006097778075512801 0.41
42 -0.005229907868329561 0.42
43 -0.005409834823128493 0.43
44 -0.005757565384682931 0.44
45 -0.005966398105255231 0.45
46 -0.006372308525061933 0.46
47 -0.006361067755446376 0.47
48 -0.005285296352690664 0.48
49 -0.003620410753509756 0.49
50 -0.002546926600154723 0.5
51 -0.001950324213059167 0.51
52 -0.004436850312563648 0.52
53 -0.00586531544681233 0.53
54 -0.005617464327282347 0.54
55 -0.005246535389976709 0.55
56 -0.005107553373747206 0.5600000000000001
57 -0.004600576970375734 0.5700000000000001
58 -0.003162947429012583 0.58
59 -0.001417204714786549 0.59
60 0.0005808960609151271 0.6
61 0.001668843448246044 0.61
62 0.002113275453668615 0.62
63 0.001901512401630989 0.63
64 0.001034572471888013 0.64
65 0.001749443249740793 0.65
66 0.002697826113310912 0.66
67 0.003886148311033428 0.67
68 0.004880678906155546 0.68
69 0.005869122448461671 0.6900000000000001
70 0.006339093504647901 0.7000000000000001
71 0.006532520711830772 0.71
72 0.004516271647519118 0.72
73 0.002522861005959345 0.73
74 0.002020557565790531 0.74
75 0.002379921595905487 0.75
76 0.003998514525149426 0.76
77 0.006786922792372173 0.77
78 0.007905694538960879 0.78
79 0.009674812074393415 0.79
80 0.009188904044039417 0.8
81 0.01037798153793696 0.8100000000000001
82 0.01025700472543265 0.8200000000000001
83 0.01060470058617681 0.8300000000000001
84 0.01176962551172498 0.84
85 0.01282029813748841 0.85
86 0.01414196091809395 0.86
87 0.01387442243128546 0.87
88 0.01350496676623374 0.88
89 0.01508232848578642 0.89
90 0.0163811037202595 0.9
91 0.01846146823564579 0.91
92 0.01812915149932859 0.92
93 0.01558806730774645 0.93
94 0.01508385915554564 0.9400000000000001
95 0.01710835899953118 0.9500000000000001
96 0.01878828772107823 0.96
97 0.0200234477040854 0.97
98 0.02117662167677364 0.98
99 0.02263234023074985 0.99
100 0.02267212967274485 1
101 0.02249482367336456 1.01
102 0.02132243367721849 1.02
103 0.02075321788072371 1.03
104 0.02086209029691733 1.04
105 0.02152066106470739 1.05
106 0.02216976830737826 1.06
107 0.02304796780538914 1.07
108 0.02375046464844321 1.08
109 0.02519680189187409 1.09
110 0.02544144743512575 1.1
111 0.02587909416700861 1.11
112 0.02435772185273735 1.12
113 0.02330472101327316 1.13
114 0.02306741942635361 1.14
115 0.02325039774532682 1.15
116 0.02268240071096687 1.16
117 0.0229083084189208 1.17
118 0.02374574220341177 1.18
119 0.02499474194241175 1.19
120 0.02544269112208724 1.2
121 0.02495229900404888 1.21
122 0.02464373979342992 1.22
123 0.0244355251766813 1.23
124 0.02341151743540442 1.24
125 0.02285178110246772 1.25
126 0.02226864047091239 1.26
127 0.02259441263815804 1.27
128 0.0232404400661391 1.28
129 0.02403439220182249 1.29
130 0.02393488328911742 1.3
131 0.02401642531864444 1.31
132 0.02331512204043261 1.32
133 0.02355231378719755 1.33
134 0.02346675388764275 1.34
135 0.02251060508612373 1.35
136 0.02230023112119109 1.36
137 0.02217150977980304 1.37
138 0.02294558044373927 1.38
139 0.02342699641195422 1.39
140 0.01990406205264483 1.4
141 0.0226702198466584 1.41
142 0.02470530799455866 1.42
143 0.02447841721431687 1.43
144 0.02517381982434096 1.44
145 0.02587562654813399 1.45
146 0.02470838988588476 1.46
147 0.02425541024973911 1.47
148 0.02413043754116014 1.48
149 0.02515700523506181 1.49
150 0.02499276580636333 1.5
151 0.02491298435845899 1.51
152 0.0251568210264712 1.52
153 0.02377896822887094 1.53
154 0.02471613226603144 1.54
155 0.02458397379360442 1.55
156 0.02691445756636277 1.56
157 0.0286783910811328 1.57
158 0.02843118795378701 1.58
159 0.02765832380910415 1.59
160 0.02835799872882527 1.6
161 0.0286876408560771 1.61
162 0.02882123945525063 1.62
163 0.02789716909845319 1.63
164 0.02848637456051904 1.64
165 0.02858744536385146 1.65
166 0.02986341872336884 1.66
167 0.03044611390100376 1.67
168 0.03051434771882281 1.68
169 0.03071394647007034 1.69
170 0.03138997484463355 1.7
171 0.03201849080427456 1.71
172 0.03269409395320193 1.72
173 0.0330763331130588 1.73
174 0.03322023328443431 1.74
175 0.03273943162720666 1.75
176 0.03227892325385648 1.76
177 0.03232494207230376 1.77
178 0.03316193162209313 1.78
179 0.03333023545581944 1.79
180 0.03333717181895014 1.8
181 0.03333659410161231 1.81
182 0.03394217006594513 1.82
183 0.03376857951394744 1.83
184 0.03429782041040347 1.84
185 0.03475894023804812 1.85
186 0.03515134491397241 1.86
187 0.03494393668353694 1.87
188 0.0354769356633455 1.88
189 0.03603197849377478 1.89
190 0.03642079590551072 1.9
191 0.03685094699486933 1.91
192 0.03612785050807645 1.92
193 0.03516165245998955 1.93
194 0.03480238319769968 1.94
195 0.03532930660980188 1.95
196 0.03517032284599744 1.96
197 0.03532506713879799 1.97
198 0.03547049174239589 1.98
199 0.03631507027780746 1.99
200 0.03706351638958943 2
201 0.03692880076721475 2.01
202 0.03699775897180797 2.02
203 0.03663567785151992 2.03
204 0.03703040040363471 2.04
205 0.03718423017315367 2.05
206 0.03716105642663198 2.06
207 0.03709562925774609 2.07
208 0.03658850732310398 2.08
209 0.03650637378701197 2.09
210 0.03613519736718467 2.1
211 0.03641551570286725 2.11
212 0.03634423370986537 2.12
213 0.03682681772222463 2.13
214 0.03688883634701338 2.14
215 0.03651111864230041 2.15
216 0.0363905777213426 2.16
217 0.0364687360571478 2.17
218 0.03654696648890712 2.18
219 0.03585760461911769 2.19
220 0.03593930769003685 2.2
221 0.03621758687313655 2.21
222 0.03604059249837219 2.22
223 0.03593478345944944 2.23
224 0.03617234999922751 2.24
225 0.03654737397277778 2.25
226 0.03595285317913073 2.26
227 0.03609804343059358 2.27
228 0.03629475027373594 2.28
229 0.03636273706390999 2.29
230 0.03602373447294522 2.3
231 0.03564374382584609 2.31
232 0.03550974478676392 2.32
233 0.03535907012069433 2.33
234 0.03488731132822188 2.34
235 0.03465857710473141 2.35
236 0.0352100135052756 2.36
237 0.03461889079695395 2.37
238 0.03404076994819733 2.38
239 0.03464064339311207 2.39
240 0.0349434539743317 2.4
241 0.03446245915163657 2.41
242 0.03438484175020172 2.42
243 0.03434887586870763 2.43
244 0.03379686051438615 2.44
245 0.03385348536796133 2.45
246 0.03396084465434392 2.46
247 0.03371346489659566 2.47
248 0.03337668585367146 2.48
249 0.03390013946836638 2.49
250 0.03431121748004275 2.5
251 0.03362406813244508 2.51
252 0.03364626206122119 2.52
253 0.03357636052776334 2.53
254 0.03352437104120305 2.54
255 0.03319729903752792 2.55
256 0.0332306375389135 2.56
257 0.032836983594094 2.57
258 0.03270497892159466 2.58
259 0.03261781755613101 2.59
260 0.03289699718364474 2.6
261 0.03322469312098224 2.61
262 0.03303609100960105 2.62
263 0.03364923800385771 2.63
264 0.03398005530335996 2.64
265 0.03389967936607367 2.65
266 0.03381247037282474 2.66
267 0.03392228597265168 2.67
268 0.03447036584764998 2.68
269 0.03431559462719463 2.69
270 0.03437482161327112 2.7
271 0.03464603308913548 2.71
272 0.03468064317407683 2.72
273 0.03442270039067164 2.73
274 0.03438433135605889 2.74
275 0.03545188579302184 2.75
276 0.03578174324995315 2.76
