"cd-rfile"
"Time Step" "cd etc.."
("Time Step" "cd" "flow-time")
0 0 0
1 155.9038907840532 0.01
2 1.82419731225527 0.02
3 0.7279469011481897 0.03
4 2.41979803745616 0.04
5 2.626653962224033 0.05
6 2.196689290087114 0.06
7 2.86275886641578 0.07000000000000001
8 2.5964996763044 0.08
9 2.240662316972925 0.09
10 2.384963335780034 0.1
11 2.447774806874532 0.11
12 2.089282130712278 0.12
13 1.947650563301608 0.13
14 1.865425264890605 0.14
15 1.92923930500257 0.15
16 1.706719260090046 0.16
17 1.719471083186056 0.17
18 1.558184924174762 0.18
19 1.621372812468978 0.19
20 1.612384605668388 0.2
21 1.768300327409911 0.21
22 1.746303698240857 0.22
23 1.750207832587707 0.23
24 1.851907520910193 0.24
25 2.030467307448185 0.25
26 2.051083914510363 0.26
27 2.233585432133968 0.27
28 2.293733943617704 0.28
29 2.365235141773733 0.29
30 2.340513622841266 0.3
31 2.457906747715832 0.31
32 2.515145832628836 0.32
33 2.486514591314315 0.33
34 2.495941875810938 0.34
35 2.460199893687758 0.35
36 2.413216641243262 0.36
37 2.411139416901217 0.37
38 2.458057531190876 0.38
39 2.456901123803878 0.39
40 2.349823052403873 0.4
41 2.278066265191481 0.41
42 2.341152359983748 0.42
43 2.261370906010183 0.43
44 2.268557535310798 0.44
45 2.295384414621185 0.45
46 2.332813698742561 0.46
47 2.283685636403836 0.47
48 2.333822891338754 0.48
49 2.458985719706802 0.49
50 2.555213143871766 0.5
51 2.738009715330616 0.51
52 2.945896513823807 0.52
53 3.083359333240653 0.53
54 3.223363908641113 0.54
55 3.341459143950212 0.55
56 3.442766764599338 0.5600000000000001
57 3.578819017771764 0.5700000000000001
58 3.727933595178236 0.58
59 3.798900993908759 0.59
60 3.778538937592895 0.6
61 3.911980070468239 0.61
62 3.872920891475779 0.62
63 3.822770086708263 0.63
64 3.740043787833308 0.64
65 3.720197412422502 0.65
66 3.716764385148549 0.66
67 3.653041453169789 0.67
68 3.563135481969726 0.68
69 3.382200586771979 0.6900000000000001
70 3.167083421742839 0.7000000000000001
71 3.04661792088358 0.71
72 2.995616531418953 0.72
73 2.913106223915447 0.73
74 2.796089144088843 0.74
75 2.66986487977788 0.75
76 2.49656290550233 0.76
77 2.300889937239637 0.77
78 2.176518364859762 0.78
79 2.116769269939518 0.79
80 2.057984603248812 0.8
81 1.975549270493057 0.8100000000000001
82 1.843533420118394 0.8200000000000001
83 1.682594801974201 0.8300000000000001
84 1.535442905895427 0.84
85 1.502617609123736 0.85
86 1.464728163851134 0.86
87 1.432575641925932 0.87
88 1.347276311257617 0.88
89 1.264342153087699 0.89
90 1.224058157274168 0.9
91 1.162909496576319 0.91
92 1.070353040882498 0.92
93 1.100889095553303 0.93
94 1.025578385895862 0.9400000000000001
95 0.9362581069784558 0.9500000000000001
96 0.9262790639730563 0.96
97 0.9804233362120954 0.97
98 0.9293399684129756 0.98
99 0.9087833521004616 0.99
100 0.8780185644998393 1
101 0.8380411776549053 1.01
102 0.8141650318852038 1.02
103 0.8423672647133402 1.03
104 0.8412151686131802 1.04
105 0.8370617747552369 1.05
106 0.8263388744164127 1.06
107 0.8035116683415132 1.07
108 0.7930006550565634 1.08
109 0.8345700185198104 1.09
110 0.8286503868867484 1.1
111 0.7925364162267968 1.11
112 0.7655323763183202 1.12
113 0.7579992957575225 1.13
114 0.739111982409889 1.14
115 0.771216091486336 1.15
116 0.7438037146431904 1.16
117 0.7229248416352115 1.17
118 0.6951335665169437 1.18
119 0.6750266115248788 1.19
120 0.6503516520302054 1.2
121 0.6051824167127505 1.21
122 0.6048765788283184 1.22
123 0.5871260530064211 1.23
124 0.5785622969784927 1.24
125 0.5450570050984712 1.25
126 0.5230849166851385 1.26
127 0.5397328159336069 1.27
128 0.4880768256640934 1.28
129 0.4608640841074326 1.29
130 0.4259580812098103 1.3
131 0.3928015426378004 1.31
132 0.4004099604878695 1.32
133 0.3895633451250089 1.33
134 0.3983208928336552 1.34
135 0.3530932902343886 1.35
136 0.3423189425946217 1.36
137 0.3157320572811332 1.37
138 0.3021630268341665 1.38
139 0.3219055868500425 1.39
140 0.2735446769347891 1.4
141 0.2946988782746728 1.41
142 0.2871869318118374 1.42
143 0.2809139000480931 1.43
144 0.2825235985901159 1.44
145 0.284430493224526 1.45
146 0.2857138903380804 1.46
147 0.2693194838655339 1.47
148 0.2858467631315822 1.48
149 0.2529464161034212 1.49
150 0.2770726881553371 1.5
151 0.2935310839809313 1.51
152 0.2721324463935132 1.52
153 0.2870369057023677 1.53
154 0.2861053322399002 1.54
155 0.2929763202188543 1.55
156 0.2815764207594448 1.56
157 0.2833601437545029 1.57
158 0.3031747776655738 1.58
159 0.2789383210160614 1.59
160 0.3250240985661841 1.6
161 0.3140895855742791 1.61
162 0.3193025891798243 1.62
163 0.3197916942128702 1.63
164 0.3268230209963159 1.64
165 0.3202434447907626 1.65
166 0.3423453821819822 1.66
167 0.3528094183186354 1.67
168 0.3607235169231742 1.68
169 0.3675102048595084 1.69
170 0.3851854613719348 1.7
171 0.3793819467897142 1.71
172 0.3932721914092344 1.72
173 0.393223972228108 1.73
174 0.4087708933027678 1.74
175 0.4146128328595663 1.75
176 0.4224449836958911 1.76
177 0.4379642999663578 1.77
178 0.4341973509063308 1.78
179 0.4461973625588952 1.79
180 0.4581135783202665 1.8
181 0.4619630327749388 1.81
182 0.4747920574477504 1.82
183 0.4918181546476994 1.83
184 0.4944578726186538 1.84
185 0.509754365567663 1.85
186 0.5149434018044555 1.86
187 0.5301106396333474 1.87
188 0.538611651372456 1.88
189 0.5445338307978337 1.89
190 0.5573607284045724 1.9
191 0.5635340816545558 1.91
192 0.573857629491719 1.92
193 0.5921390246445721 1.93
194 0.601303172207505 1.94
195 0.6043200353121201 1.95
196 0.6130230363053384 1.96
197 0.6318150468222186 1.97
198 0.635243331478998 1.98
199 0.6345482065312393 1.99
200 0.661062072538279 2
201 0.6747527313078624 2.01
202 0.679932052603897 2.02
203 0.6844538545603489 2.03
204 0.6893911250179136 2.04
205 0.6966933738279053 2.05
206 0.7132723013156425 2.06
207 0.7199752133087044 2.07
208 0.7404982436470929 2.08
209 0.7439340916302043 2.09
210 0.7346780190559458 2.1
211 0.7492201872178568 2.11
212 0.7856722311826145 2.12
213 0.8069345985816847 2.13
214 0.8028754541359084 2.14
215 0.8000000412263074 2.15
216 0.810818020401142 2.16
217 0.8192611675104794 2.17
218 0.8341051330473539 2.18
219 0.8489510099052857 2.19
220 0.8741102943280827 2.2
221 0.8726036083265764 2.21
222 0.8722037417166826 2.22
223 0.8961144118299854 2.23
224 0.9135831814695585 2.24
225 0.920879055495607 2.25
226 0.9295312495533423 2.26
227 0.9419685340509394 2.27
228 0.9702704909964054 2.28
229 0.9826007141679304 2.29
230 0.9875666966394383 2.3
231 0.9981485769245033 2.31
232 1.022204641685064 2.32
233 1.042900230466833 2.33
234 1.065719741680649 2.34
235 1.069889981562541 2.35
236 1.08888695765893 2.36
237 1.123870601089352 2.37
238 1.132490764411932 2.38
239 1.159880382385187 2.39
240 1.184438054017866 2.4
241 1.207320606375667 2.41
242 1.221364214935941 2.42
243 1.229544208187522 2.43
244 1.248700622049747 2.44
245 1.270759651549906 2.45
246 1.290244344184406 2.46
247 1.323002354585795 2.47
248 1.357117641077028 2.48
249 1.385313298369866 2.49
250 1.415369770309485 2.5
251 1.402887803097572 2.51
252 1.416607271978482 2.52
253 1.439400483466917 2.53
254 1.482887004070254 2.54
255 1.508346224999997 2.55
256 1.551195392697133 2.56
257 1.570568000429746 2.57
258 1.619356052566083 2.58
259 1.646609765758362 2.59
260 1.654568756535777 2.6
261 1.687120380822982 2.61
262 1.704604361163851 2.62
263 1.765656305835129 2.63
264 1.78793645007566 2.64
265 1.835652043131952 2.65
266 1.859933809177344 2.66
267 1.882013561909681 2.67
268 1.905624011547161 2.68
269 1.911889926998739 2.69
270 1.960116499078425 2.7
271 1.966905714146588 2.71
272 2.022957860119628 2.72
273 2.026571040752338 2.73
274 2.052090806791437 2.74
275 2.085248908142509 2.75
276 2.09247130692746 2.76
277 2.131346226590149 2.77
278 2.153843772090132 2.78
279 2.158507774287596 2.79
280 2.186533329785779 2.8
281 2.19203494617506 2.81
282 2.19885075401658 2.82
283 2.224882452504748 2.83
284 2.23199967697269 2.84
285 2.273060762404924 2.85
286 2.255987818914948 2.86
287 2.285018807505535 2.87
288 2.279389013884412 2.88
289 2.277346540959789 2.89
290 2.246785894445868 2.9
291 2.24638492362811 2.91
292 2.233808483945725 2.92
293 2.224795213938643 2.93
294 2.249523338192884 2.94
295 2.236055377860499 2.95
296 2.22400786905743 2.96
297 2.216020828290663 2.97
298 2.184061125072097 2.98
299 2.187146673609948 2.99
300 2.163119018684741 3
301 2.19231913051177 3.01
302 2.207152399898357 3.02
303 2.160095769276822 3.03
304 2.156666077013046 3.04
305 2.12499940272051 3.05
306 2.146932006833889 3.06
307 2.13679127460925 3.07
308 2.12988293526138 3.08
309 2.127730612133424 3.09
310 2.103116104711234 3.1
311 2.124331359529631 3.11
312 2.098601983494826 3.12
313 2.098553795541902 3.13
314 2.087245469212986 3.14
315 2.101413752330513 3.15
316 2.103143014774512 3.16
317 2.109305307175565 3.17
318 2.128069831411626 3.18
319 2.133380330012652 3.19
320 2.059873418484661 3.2
321 2.072314488327286 3.21
322 2.118108801465191 3.22
323 2.118788099635843 3.23
324 2.190981941117688 3.24
325 2.204724671271777 3.25
326 2.177219580729006 3.26
327 2.237553149851927 3.27
328 2.232678525909806 3.28
329 2.230669559382326 3.29
330 2.277283178430601 3.3
331 2.266400536893012 3.31
332 2.328473471954745 3.32
333 2.375469852012327 3.33
334 2.330777617197925 3.34
335 2.365528112960597 3.35
336 2.364284437732635 3.36
337 2.424204844637512 3.37
338 2.427640645609891 3.38
339 2.442786604518304 3.39
340 2.455392804508947 3.4
341 2.471243902430757 3.41
342 2.466017548508697 3.42
343 2.50844951890585 3.43
344 2.451031891474481 3.44
345 2.531715108973296 3.45
346 2.635691078270725 3.46
347 2.592613503130093 3.47
348 2.643036372971421 3.48
349 2.680975462920456 3.49
350 2.662235539833375 3.5
351 2.643302217863372 3.51
352 2.647156999393809 3.52
353 2.69804271706462 3.53
354 2.715751454688124 3.54
355 2.773222649321254 3.55
356 2.819832438359819 3.56
357 2.813136783802398 3.57
358 2.821649270261767 3.58
359 2.845966974913181 3.59
360 2.959802578399016 3.6
361 3.009358671254412 3.61
362 2.96516837516329 3.62
363 2.937875811074458 3.63
364 2.898178891515396 3.64
365 2.931204873854092 3.65
366 2.975655119274439 3.66
367 2.983276220826494 3.67
368 3.035946126765573 3.68
369 3.01030914661885 3.69
370 3.007114439212736 3.7
371 3.028825497823632 3.71
372 3.055624059078616 3.72
373 3.075569637441792 3.73
374 3.056520787827415 3.74
375 3.061238702945272 3.75
376 3.058478933538049 3.76
377 3.078500076557445 3.77
378 3.076738514885342 3.78
379 3.054276393860381 3.79
380 3.087684966505664 3.8
381 3.102360966402676 3.81
382 3.041481824602692 3.82
383 3.041175106681673 3.83
384 3.003420648469957 3.84
385 3.023947469982683 3.85
386 3.006634478002071 3.86
387 3.015799739003678 3.87
388 2.993820071759691 3.88
389 2.977498475965692 3.89
390 3.007295781053894 3.9
391 2.981226934773558 3.91
392 2.938422758347711 3.92
393 2.924299655885664 3.93
394 2.901369772678986 3.94
395 2.90894628991079 3.95
396 2.925631174917075 3.96
397 2.91469867295404 3.97
398 2.873266152476757 3.98
399 2.848958460445389 3.99
400 2.806421821435306 4
401 2.778802977319675 4.01
402 2.780976657009412 4.02
403 2.804107024553891 4.03
404 2.838107391252516 4.04
405 2.763525226396007 4.05
406 2.704143200313368 4.06
407 2.747048775414496 4.07
408 2.72292816130911 4.08
409 2.745270312603629 4.09
410 2.661477148663939 4.1
411 2.649611868030375 4.11
412 2.601562292039858 4.12
413 2.566491703354813 4.13
414 2.508767776218389 4.14
415 2.47430891660198 4.15
416 2.439239174424904 4.16
417 2.415097936348124 4.17
418 2.406311186596309 4.18
419 2.384817392602665 4.19
420 2.377439780934041 4.2
421 2.307922090659884 4.21
422 2.179516737935305 4.22
423 2.12073470758761 4.23
424 2.066423651141554 4.24
425 2.048567416970373 4.25
426 2.002609999875084 4.26
427 1.943567323594297 4.27
428 1.92051464860273 4.28
429 1.847976793045019 4.29
430 1.814819477071859 4.3
431 1.759217857965269 4.31
432 1.714965767793502 4.32
433 1.702076686414148 4.33
434 1.699305125101121 4.34
435 1.604144717011689 4.350000000000001
436 1.549791480033726 4.36
437 1.512494561772884 4.37
438 1.443061757337777 4.38
439 1.445750150006607 4.39
440 1.42399359796969 4.4
441 1.368040580769566 4.41
442 1.374788217577579 4.42
443 1.313399609637456 4.43
444 1.324848192186983 4.44
445 1.231996009491696 4.45
446 1.243676436089303 4.46
447 1.217976188302016 4.47
448 1.174382969862659 4.48
449 1.205089944497736 4.49
450 1.154081312101082 4.5
451 1.105005156085642 4.51
452 1.124846446799675 4.52
453 1.073382945456028 4.53
454 1.084299444685029 4.54
455 1.071852481437718 4.55
456 1.080736208937169 4.56
457 0.9816530605148154 4.57
458 1.016630562478352 4.58
459 1.020561603376147 4.59
460 1.010611925001357 4.600000000000001
461 0.9894847489964201 4.61
462 0.9703225824098892 4.62
463 0.9594040490054196 4.63
464 0.9413525165276939 4.64
465 0.9256641044668574 4.65
466 0.9306449615592191 4.66
467 0.9456405949039651 4.67
468 0.9221690050008368 4.68
469 0.8799789817499544 4.69
470 0.8861549064801501 4.7
471 0.8589192789876952 4.71
472 0.8570336349906847 4.72
473 0.8248034085647317 4.73
474 0.8418646838963049 4.74
475 0.8319863806784061 4.75
476 0.8022483461141968 4.76
477 0.8109533727965166 4.77
478 0.7960404050300247 4.78
479 0.78356616951837 4.79
480 0.7669567404519606 4.8
481 0.7298395820906036 4.81
482 0.7143528365101892 4.82
483 0.6584965599759026 4.83
484 0.7219651993354662 4.84
485 0.7152703320914023 4.850000000000001
486 0.7833544481528389 4.86
487 0.7428992395233397 4.87
488 0.6856854092690423 4.88
489 0.7226030403222519 4.89
490 0.6976948772455254 4.9
491 0.7023010629150521 4.91
492 0.6955711264236686 4.92
493 0.6711204289087414 4.93
494 0.6598912998218337 4.94
495 0.672792797169239 4.95
496 0.6434959378983258 4.96
497 0.6292992985339588 4.97
498 0.6344388930472119 4.98
499 0.620477282202456 4.99
500 0.6042084093966882 5
501 0.6143344306298588 5.01
502 0.6132522952451086 5.02
503 0.5974937567256272 5.03
504 0.6180483592632167 5.04
505 0.6117851042744703 5.05
506 0.6103562431611729 5.06
507 0.6031697467229402 5.07
508 0.5834849448205811 5.08
509 0.5716647376860806 5.09
510 0.5487360882112495 5.100000000000001
511 0.5621965075433566 5.11
512 0.5626710286814767 5.12
513 0.5732243262968894 5.13
514 0.5649268583513213 5.14
515 0.542337047021207 5.15
516 0.5472076102141658 5.16
517 0.5487496579451544 5.17
518 0.558204285524923 5.18
519 0.5624353096650317 5.19
520 0.5417285703521527 5.2
521 0.5240423989973627 5.21
522 0.5269807112386915 5.22
523 0.5259854869481971 5.23
524 0.532297740273581 5.24
525 0.528804630647673 5.25
526 0.5316281496235044 5.26
527 0.5397677779250651 5.27
528 0.5258294281349143 5.28
529 0.5366928380741071 5.29
530 0.5396108441205478 5.3
531 0.5540491282294532 5.31
532 0.551235800544116 5.32
533 0.5688422012008613 5.33
534 0.5522992975569224 5.34
535 0.5572999545813866 5.350000000000001
536 0.5612457007010176 5.36
537 0.5480261034192881 5.37
538 0.557234511235119 5.38
539 0.5625895959375005 5.39
540 0.5578854278995112 5.4
541 0.5556589885232496 5.41
542 0.5615790818452466 5.42
543 0.5735463906553436 5.43
544 0.6016660333504037 5.44
545 0.5976832587899664 5.45
546 0.5937949213504252 5.46
547 0.6034879993225515 5.47
548 0.6263869385067052 5.48
549 0.6289140312502997 5.49
550 0.6359791405895707 5.5
551 0.6420336631122053 5.51
552 0.6555523619884198 5.52
553 0.6566573311974072 5.53
554 0.6674219767888712 5.54
555 0.6716499605389814 5.55
556 0.6923967254791933 5.56
557 0.6923538120819451 5.57
558 0.694395475075125 5.58
559 0.7088328464738167 5.59
560 0.7324007280033912 5.600000000000001
561 0.7483774131273143 5.61
562 0.7494471789926583 5.62
563 0.7532645726821618 5.63
564 0.7688986457966699 5.64
565 0.7581197221669258 5.65
566 0.7823235093051906 5.66
567 0.7870331907654851 5.67
568 0.8050822272977187 5.68
569 0.808151199602469 5.69
570 0.8291552209638883 5.7
571 0.8624495590604352 5.71
572 0.8580531264909939 5.72
573 0.8697030255396099 5.73
574 0.8950725938296052 5.74
575 0.8909622964474282 5.75
576 0.89944784991184 5.76
577 0.9050462427385876 5.77
578 0.9239496318913941 5.78
579 0.9449021148115605 5.79
580 0.956441515703379 5.8
581 0.9829916969708353 5.81
582 0.9788139232422829 5.82
583 1.002078881464574 5.83
584 1.00751224723322 5.84
585 1.011312704111928 5.850000000000001
586 1.033583032045588 5.86
587 1.0477432924404 5.87
588 1.066352814503877 5.88
589 1.068607299575804 5.89
590 1.089859678110183 5.9
591 1.104423836816308 5.91
592 1.096497084864537 5.92
593 1.12677265890953 5.93
594 1.12823650047851 5.94
595 1.170092908734073 5.95
596 1.179533924447492 5.96
597 1.208710705014399 5.97
598 1.220026972029065 5.98
599 1.220818510125833 5.99
600 1.235883070346575 6
601 1.252603936346989 6.01
602 1.265515430650553 6.02
603 1.284193415684074 6.03
604 1.3043011537342 6.04
605 1.324524919099774 6.05
606 1.335870836491349 6.06
607 1.336770412889176 6.07
608 1.359847413885764 6.08
609 1.375373073840514 6.09
610 1.397211052173979 6.100000000000001
611 1.40858513229694 6.11
612 1.417824847937667 6.12
613 1.444639803495407 6.13
614 1.466114498325108 6.140000000000001
615 1.490175562175743 6.15
616 1.500099189649502 6.16
617 1.529790622006316 6.17
618 1.556964070911696 6.18
619 1.570907812892375 6.19
620 1.57970772389042 6.2
621 1.606619032052106 6.21
622 1.614271828785028 6.22
623 1.625278133397174 6.23
624 1.623099417018179 6.24
625 1.626435080088443 6.25
626 1.657427808063114 6.26
627 1.665293330519071 6.27
628 1.705253252164862 6.28
629 1.675597612380582 6.29
630 1.682556658196082 6.3
631 1.693941354008726 6.31
632 1.716453703011158 6.32
633 1.748911557219053 6.33
634 1.753113342514584 6.34
635 1.760672995528841 6.350000000000001
636 1.776474238500137 6.36
637 1.760638515943088 6.37
638 1.79767044751727 6.38
639 1.773694032995877 6.390000000000001
640 1.788588084048262 6.4
641 1.797457444400972 6.41
642 1.802766896426621 6.42
643 1.841036586977344 6.43
644 1.83074468354549 6.44
645 1.833520021008427 6.45
646 1.882693736565883 6.46
647 1.879957484946356 6.47
648 1.890395077534379 6.48
649 1.89136097105017 6.49
650 1.905126981824512 6.5
651 1.894005326609429 6.51
652 1.904722944571329 6.52
653 1.91965538320931 6.53
654 1.928949778376462 6.54
655 1.967757984816613 6.55
656 1.952878374484873 6.56
657 1.96170582773162 6.57
658 1.969348305284527 6.58
659 1.996259092733941 6.59
660 2.011938190137005 6.600000000000001
661 2.003333522264194 6.61
662 2.015412825973822 6.62
663 2.015857691572155 6.63
664 2.059602492766167 6.640000000000001
665 2.057509471232164 6.65
666 2.068733610365326 6.66
667 2.073165692493841 6.67
668 2.081623660315553 6.68
669 2.086712301119356 6.69
670 2.071591511279786 6.7
671 2.062403841994727 6.71
672 2.103551618230984 6.72
673 2.10060382719544 6.73
674 2.137183691987657 6.74
675 2.128020315250615 6.75
676 2.200301657981301 6.76
677 2.144513413841693 6.77
678 2.198879474668092 6.78
679 2.157690336825229 6.79
680 2.140840964394293 6.8
681 2.172371604747198 6.81
682 2.208591179381994 6.82
683 2.230735850801681 6.83
684 2.236847661850858 6.84
685 2.231903054959567 6.850000000000001
686 2.270954565310001 6.86
687 2.238232013779658 6.87
688 2.2601082126961 6.88
689 2.271003410315505 6.890000000000001
690 2.329377676380893 6.9
691 2.382562612049593 6.91
692 2.38940413024099 6.92
693 2.374744247702718 6.93
694 2.35992066573606 6.94
695 2.40031375485 6.95
696 2.414636378132727 6.96
697 2.456838873001102 6.97
698 2.460173647756604 6.98
699 2.481365195401989 6.99
700 2.392558430193857 7
701 2.436195593671397 7.01
702 2.49477009516314 7.02
703 2.631290789066134 7.03
704 2.634929614023284 7.04
705 2.616119247213055 7.05
706 2.642934858973287 7.06
707 2.654779522037406 7.07
708 2.745020208634227 7.08
709 2.763249560708374 7.09
710 2.772401608115869 7.100000000000001
711 2.735045064915696 7.11
712 2.866166106854173 7.12
713 2.903286054180642 7.13
714 2.924016816193439 7.140000000000001
715 2.903986235431233 7.15
716 2.906171135763879 7.16
717 2.914360544921319 7.17
718 2.913582865583135 7.18
719 2.970461800889634 7.19
720 3.175091294084284 7.2
721 3.17696018698441 7.21
722 3.123155959089497 7.22
723 3.033698786294285 7.23
724 3.063563847135278 7.24
725 3.078832971351433 7.25
726 3.111010742655616 7.26
727 3.092673192377986 7.27
728 3.184293953419445 7.28
729 3.148496590750049 7.29
730 3.116616729987381 7.3
731 3.127997384845701 7.31
732 3.154291877366781 7.32
733 3.190659681001113 7.33
734 3.19857229245385 7.34
735 3.24408067986766 7.350000000000001
736 3.212894835913655 7.36
737 3.199867058914394 7.37
738 3.213441009612065 7.38
739 3.217017171378106 7.390000000000001
740 3.196895957052781 7.4
741 3.206653485178923 7.41
742 3.201935206828503 7.42
743 3.248787595247526 7.43
744 3.224562808265945 7.44
745 3.218713645297712 7.45
746 3.227085025140737 7.46
747 3.218710565955891 7.47
748 3.222828161585963 7.48
749 3.233509348004723 7.49
750 3.23102987860384 7.5
751 3.197609942131412 7.51
752 3.174555971659544 7.52
753 3.203435164433969 7.53
754 3.151115075859154 7.54
755 3.129975939431153 7.55
756 3.036633939398806 7.56
757 3.026543670881383 7.57
758 3.017288282320234 7.58
759 2.977550077893944 7.59
760 2.929732360376188 7.600000000000001
761 2.86712451175147 7.61
762 2.824129988838625 7.62
763 2.781276321575783 7.63
764 2.723307892390179 7.640000000000001
765 2.707414588003521 7.65
766 2.592754944768294 7.66
767 2.501402271493962 7.67
768 2.435869076908639 7.68
769 2.426311384469817 7.69
770 2.366058950193727 7.7
771 2.222679974214493 7.71
772 2.160295287961239 7.72
773 2.113443634937935 7.73
774 2.098050995071288 7.74
775 2.053302543659314 7.75
776 1.965665912823039 7.76
777 1.953929472528801 7.77
778 1.842121966826411 7.78
779 1.833428411071578 7.79
780 1.720669121481046 7.8
781 1.664265717964398 7.81
782 1.602835409943739 7.82
783 1.609417555140125 7.83
784 1.567281576171641 7.84
785 1.532216794034227 7.850000000000001
786 1.503558600356392 7.86
787 1.465679643753464 7.87
788 1.371415501113268 7.88
789 1.345711464034655 7.890000000000001
790 1.329075319635626 7.9
791 1.310613665481281 7.91
792 1.313831141101004 7.92
793 1.309406715082156 7.930000000000001
794 1.265380032012247 7.94
795 1.238058451960832 7.95
796 1.19585687467875 7.96
797 1.168655268050336 7.97
798 1.157290467575462 7.98
799 1.103577590161265 7.99
800 1.135630468104995 8
801 1.126083980821178 8.01
802 1.118701286458513 8.02
803 1.089354352318353 8.029999999999999
804 1.050872858140081 8.040000000000001
805 1.034484972704197 8.050000000000001
806 1.022236035921044 8.06
807 1.043157043640403 8.07
808 1.008477080236333 8.08
809 0.9909936510034093 8.09
810 0.9769534489991838 8.1
811 0.9374329986686021 8.109999999999999
812 0.9431516285903184 8.120000000000001
813 0.9313268846410933 8.130000000000001
814 0.929316438269412 8.140000000000001
815 0.9183895125022759 8.15
816 0.8876120271265988 8.16
817 0.8764200520340193 8.17
818 0.8594411804505084 8.18
819 0.8468523830732386 8.19
820 0.7941864429546164 8.199999999999999
821 0.783367983332027 8.210000000000001
822 0.8038292351199451 8.220000000000001
823 0.8111976824624249 8.23
824 0.7662160132257249 8.24
825 0.7685899452962525 8.25
826 0.7736258998677715 8.26
827 0.7195468529047983 8.27
828 0.7660922564412245 8.279999999999999
829 0.7262306928638619 8.290000000000001
830 0.735117746745917 8.300000000000001
831 0.7432710109655699 8.31
832 0.6911811478372105 8.32
833 0.7143628206575783 8.33
834 0.6985112129961477 8.34
835 0.6823814107788251 8.35
836 0.7043282385138615 8.359999999999999
837 0.682784378182238 8.370000000000001
838 0.6628762975812381 8.380000000000001
839 0.6724846031486411 8.390000000000001
840 0.6147648397741209 8.4
841 0.5790429822868501 8.41
842 0.601113067295592 8.42
843 0.6252791097905948 8.43
844 0.64093693809856 8.44
845 0.6465952829307272 8.449999999999999
846 0.6312294820470943 8.460000000000001
847 0.621155998873855 8.470000000000001
848 0.6411989272133903 8.48
849 0.6270068618906457 8.49
850 0.6217160012800522 8.5
851 0.6197596159754278 8.51
852 0.6016907554563694 8.52
853 0.6082336191233643 8.529999999999999
854 0.5840787216364519 8.540000000000001
855 0.5945817124968709 8.550000000000001
856 0.5799541801292802 8.56
857 0.5694191170262752 8.57
858 0.5782923362126662 8.58
859 0.5849879038084003 8.59
860 0.6264187704362437 8.6
861 0.6103533392396606 8.609999999999999
862 0.5997501496316087 8.620000000000001
863 0.5714285159313107 8.630000000000001
864 0.5844281588636728 8.640000000000001
865 0.5677202521850744 8.65
866 0.5508399711363038 8.66
867 0.5656739762137022 8.67
868 0.5674783701795355 8.68
869 0.5814703171039027 8.69
870 0.5644544596012648 8.700000000000001
871 0.5576142541765385 8.710000000000001
872 0.5598061421441561 8.720000000000001
873 0.5606880843495379 8.73
874 0.5769237189779142 8.74
875 0.559759054129044 8.75
876 0.5547262852875237 8.76
877 0.5608173739683842 8.77
878 0.5533549623964613 8.779999999999999
879 0.5716560556142728 8.790000000000001
880 0.5409798240132274 8.800000000000001
881 0.5575128857123123 8.81
882 0.5911239397827873 8.82
883 0.5965470708042915 8.83
884 0.5837611804586992 8.84
885 0.5778671934980855 8.85
886 0.5626610090959173 8.859999999999999
887 0.5910357454619255 8.870000000000001
888 0.5837249856942283 8.880000000000001
889 0.6097807819164234 8.890000000000001
890 0.624391778594877 8.9
891 0.5850844229397989 8.91
892 0.5995602077945732 8.92
893 0.6297680867796923 8.93
894 0.6171799144076215 8.94
895 0.5713197727836566 8.950000000000001
896 0.5978770851719875 8.960000000000001
897 0.6011629176213688 8.970000000000001
898 0.6262055589621941 8.98
899 0.6318668149383259 8.99
900 0.6485609527295912 9
901 0.6434415858103422 9.01
902 0.6335716406810429 9.02
903 0.6330926203764108 9.029999999999999
904 0.6401503387927041 9.040000000000001
905 0.6617070094447673 9.050000000000001
906 0.6755402574845963 9.06
907 0.6703476407505309 9.07
908 0.6743799189189084 9.08
909 0.6814838879440978 9.09
910 0.6804534660712533 9.1
911 0.6996578648851822 9.109999999999999
912 0.7012938540334425 9.120000000000001
913 0.7167394857838865 9.130000000000001
914 0.7280784217260715 9.140000000000001
915 0.7385341561566695 9.15
916 0.7572108837866908 9.16
917 0.7650971820708795 9.17
918 0.7722446938782661 9.18
919 0.7936094086496772 9.19
920 0.8031157834669357 9.200000000000001
921 0.813509206145129 9.210000000000001
922 0.8182594779382352 9.220000000000001
923 0.8247048075270141 9.23
924 0.8410023991950564 9.24
925 0.8765612053954539 9.25
926 0.8857348941189613 9.26
927 0.8880607615535798 9.27
928 0.9276171631543222 9.279999999999999
929 0.938099343456036 9.290000000000001
930 0.9546270877330941 9.300000000000001
931 0.9778218953447075 9.31
932 1.001785068369459 9.32
933 1.002814427534883 9.33
934 1.009590628026273 9.34
935 1.012820950047145 9.35
936 1.039349077977082 9.359999999999999
937 1.062222171329142 9.370000000000001
938 1.077753021425577 9.380000000000001
939 1.093477538835404 9.390000000000001
940 1.107935088625914 9.4
941 1.121309596905669 9.41
942 1.136509228151656 9.42
943 1.164253751552863 9.43
944 1.16805812780065 9.44
945 1.171934596161325 9.450000000000001
946 1.191946338869197 9.460000000000001
947 1.210082992128206 9.470000000000001
948 1.237313565856284 9.48
949 1.246848342305067 9.49
950 1.253873010433848 9.5
951 1.269157897426769 9.51
952 1.283278281743261 9.52
953 1.32080868001166 9.529999999999999
954 1.340154586023253 9.540000000000001
955 1.36898696743914 9.550000000000001
956 1.404497777172175 9.56
957 1.401205409263662 9.57
958 1.426563478055364 9.58
959 1.456180343073332 9.59
960 1.443500862778308 9.6
961 1.483782282123724 9.609999999999999
962 1.492113046872735 9.620000000000001
963 1.521537970581311 9.630000000000001
964 1.52765480055692 9.640000000000001
965 1.524149835262641 9.65
966 1.64796834691405 9.66
967 1.681924658976452 9.67
968 1.676597062082394 9.68
969 1.656794132004331 9.69
970 1.688946326439319 9.700000000000001
971 1.730095768346286 9.710000000000001
972 1.785828187257525 9.720000000000001
973 1.825112953532475 9.73
974 1.77438984229276 9.74
975 1.799681185305597 9.75
976 1.809522681597733 9.76
977 1.885192894886403 9.77
978 1.869656199419549 9.779999999999999
979 1.912399116836172 9.790000000000001
980 1.974531997331746 9.800000000000001
981 1.979678795398813 9.81
982 1.952076972152522 9.82
983 1.974635827334998 9.83
984 2.008485396783976 9.84
985 2.008014567805361 9.85
986 2.029835614620994 9.859999999999999
987 2.046088387290572 9.870000000000001
988 2.074224903085128 9.880000000000001
989 2.076665833772528 9.890000000000001
990 2.06000233767502 9.9
991 2.098287182727951 9.91
992 2.126385472595809 9.92
993 2.119759512571866 9.93
994 2.144038985352496 9.94
995 2.146257604574774 9.950000000000001
996 2.135627864013042 9.960000000000001
997 2.146288834323717 9.970000000000001
998 2.16520287849026 9.98
999 2.195975895524706 9.99
1000 2.182613891477853 10
