"m-rfile"
"Time Step" "m etc.."
("Time Step" "m" "flow-time")
0 0 0
1 8.939555126757822 0.01
2 0.1697926273879495 0.02
3 0.1554215088333845 0.03
4 0.1606695713416564 0.04
5 0.1590200071067944 0.05
6 0.1707799864946899 0.06
7 0.1505749321974956 0.07000000000000001
8 0.1562243480262285 0.08
9 0.1436156874745448 0.09
10 0.1312994088353863 0.1
11 0.1156778852582764 0.11
12 0.1101555967448179 0.12
13 0.09178870955764004 0.13
14 0.07536326422887252 0.14
15 0.05791910237963378 0.15
16 0.04506639255148581 0.16
17 0.02664726337181781 0.17
18 0.01493381079736068 0.18
19 0.009529080113124175 0.19
20 -0.0009034992670799972 0.2
21 -0.00783126666957701 0.21
22 -0.01631656732151459 0.22
23 -0.02331731135202535 0.23
24 -0.02762082983854871 0.24
25 -0.02958818267023651 0.25
26 -0.03431874448005132 0.26
27 -0.03278533323355962 0.27
28 -0.0330799758803596 0.28
29 -0.03397242971229203 0.29
30 -0.03458738916582141 0.3
31 -0.03278580618417458 0.31
32 -0.03064632268151007 0.32
33 -0.02933069449923676 0.33
34 -0.02585338836302867 0.34
35 -0.02320022168211742 0.35
36 -0.01725876156462082 0.36
37 -0.00778056787702784 0.37
38 0.0006329009158406433 0.38
39 0.008915719049965604 0.39
40 0.01346845910132309 0.4
41 0.02127289169064175 0.41
42 0.02977934030467343 0.42
43 0.03545667605553269 0.43
44 0.0427973629320591 0.44
45 0.04785239968685706 0.45
46 0.05098395819450771 0.46
47 0.05291130767712301 0.47
48 0.05778647319371556 0.48
49 0.06649963123927985 0.49
50 0.07300130078227923 0.5
51 0.07995286549095182 0.51
52 0.08773172462655032 0.52
53 0.09024593317581818 0.53
54 0.0934538940011978 0.54
55 0.09808278541052068 0.55
56 0.102065615904996 0.5600000000000001
57 0.1060400558401833 0.5700000000000001
58 0.1062300777880161 0.58
59 0.1068427490191235 0.59
60 0.1082003481460806 0.6
61 0.1071308120234591 0.61
62 0.1017296263130704 0.62
63 0.1003118482911775 0.63
64 0.09890468723155307 0.64
65 0.1008270741810741 0.65
66 0.09925490255810165 0.66
67 0.09384891140810968 0.67
68 0.08309136396709028 0.68
69 0.07455529162360582 0.6900000000000001
70 0.06913353914136572 0.7000000000000001
71 0.06813877805362449 0.71
72 0.06884620402557187 0.72
73 0.06504883192614519 0.73
74 0.05691093398023381 0.74
75 0.04630729331314613 0.75
76 0.03641268952894242 0.76
77 0.03050694978539555 0.77
78 0.03050221391928629 0.78
79 0.03118908433134944 0.79
80 0.02365017339383124 0.8
81 0.01766209491939472 0.8100000000000001
82 0.01201660448833281 0.8200000000000001
83 0.004989929255144927 0.8300000000000001
84 0.001211388914579976 0.84
85 0.002104469811921087 0.85
86 0.003412266128043192 0.86
87 -0.0002851464823222912 0.87
88 -0.002851492852576813 0.88
89 -0.00905980773412981 0.89
90 -0.01202602715124648 0.9
91 -0.01141833346390486 0.91
92 -0.01049275652876553 0.92
93 -0.01136596871675278 0.93
94 -0.007851454470510175 0.9400000000000001
95 -0.01003824197695215 0.9500000000000001
96 -0.008249058171293781 0.96
97 -0.009084695956071275 0.97
98 -0.01144975628383898 0.98
99 -0.01185918768471627 0.99
100 -0.01060238079166467 1
101 -0.009056550172320569 1.01
102 -0.005811806316649704 1.02
103 -0.002998998776589472 1.03
104 -0.001328684194929449 1.04
105 0.0001963362890068537 1.05
106 0.0005926471207635994 1.06
107 0.001994263794286279 1.07
108 0.003378288138762688 1.08
109 0.004307330819448517 1.09
110 0.004771568311770332 1.1
111 0.006731957861822395 1.11
112 0.009042527011226393 1.12
113 0.01174819861190937 1.13
114 0.01265368554482376 1.14
115 0.01210803256127913 1.15
116 0.01156174139673809 1.16
117 0.01140531403905402 1.17
118 0.01233445315062797 1.18
119 0.01292676628747547 1.19
120 0.01366463515958546 1.2
121 0.01333834541617478 1.21
122 0.01278901985824212 1.22
123 0.01314425259941295 1.23
124 0.01292594848679335 1.24
125 0.01337828679831615 1.25
126 0.01282406986720976 1.26
127 0.01127250181454588 1.27
128 0.01052134525014783 1.28
129 0.01040439356386228 1.29
130 0.01051101635641682 1.3
131 0.01120246209181537 1.31
132 0.009952783149846401 1.32
133 0.009231853959548205 1.33
134 0.009042138384837629 1.34
135 0.01006218543553737 1.35
136 0.009244122535925743 1.36
137 0.01051615840689644 1.37
138 0.00976353621159733 1.38
139 0.008571874870776725 1.39
140 0.01001013046937216 1.4
141 0.01228159299049983 1.41
142 0.01028934255349969 1.42
143 0.01017767562276009 1.43
144 0.01134928927564395 1.44
145 0.01303139856902081 1.45
146 0.01443138892916165 1.46
147 0.01495480398452934 1.47
148 0.01527982922788355 1.48
149 0.01721761359505317 1.49
150 0.01828865714526826 1.5
151 0.01835939972141098 1.51
152 0.01924828781175939 1.52
153 0.02127907929375274 1.53
154 0.02165624247860046 1.54
155 0.02315175959681226 1.55
156 0.02390053798430065 1.56
157 0.02549357780913735 1.57
158 0.02641555334117697 1.58
159 0.02738335227399297 1.59
160 0.02934444513845723 1.6
161 0.02969684712390265 1.61
162 0.03062632102788742 1.62
163 0.03117371842384436 1.63
164 0.03188430646280497 1.64
165 0.03235966267956124 1.65
166 0.03334616616156152 1.66
167 0.03422273585405299 1.67
168 0.03492888985306761 1.68
169 0.0364203237902357 1.69
170 0.0373044385545122 1.7
171 0.0375998771006097 1.71
172 0.03813940735707319 1.72
173 0.03849241155889276 1.73
174 0.03889562170730033 1.74
175 0.03888233527097399 1.75
176 0.04011073004257835 1.76
177 0.04063515841849937 1.77
178 0.04170816531113462 1.78
179 0.04154698649697348 1.79
180 0.04123609533663518 1.8
181 0.04212034770643038 1.81
182 0.0431438747308233 1.82
183 0.04364730607527322 1.83
184 0.04328364308324809 1.84
185 0.04265551450195335 1.85
186 0.04361068914956617 1.86
187 0.04420703687636156 1.87
188 0.04485322850366661 1.88
189 0.04478663139264791 1.89
190 0.04452922391375604 1.9
191 0.04445422864861109 1.91
192 0.04445336947479327 1.92
193 0.04519214373427172 1.93
194 0.04475636982941102 1.94
195 0.04535946368233677 1.95
196 0.04517806848577052 1.96
197 0.04543989566372388 1.97
198 0.04570723241669587 1.98
199 0.0452935790387506 1.99
200 0.04519469663262636 2
201 0.04544733488498862 2.01
202 0.04539533157771209 2.02
203 0.04538638875260947 2.03
204 0.04561597788102905 2.04
205 0.04541579616430291 2.05
206 0.04525167580894366 2.06
207 0.04475303983797117 2.07
208 0.04414086367425235 2.08
209 0.04450562436073895 2.09
210 0.04469954480970614 2.1
211 0.04514559022872297 2.11
212 0.04504293679593268 2.12
213 0.04372874143275843 2.13
214 0.04434603938452421 2.14
215 0.04435481903346444 2.15
216 0.04437500909550987 2.16
217 0.04345103760462683 2.17
218 0.04367509119830565 2.18
219 0.04340038745298096 2.19
220 0.04300257909287858 2.2
221 0.04343224568716757 2.21
222 0.04345675680882483 2.22
223 0.04298801460122838 2.23
224 0.04245349181782002 2.24
225 0.04251223397811393 2.25
226 0.04251625101039846 2.26
227 0.04209968879455053 2.27
228 0.04247613071676191 2.28
229 0.04225197300451373 2.29
230 0.04233767143790942 2.3
231 0.04245369507339641 2.31
232 0.04194062781011264 2.32
233 0.04294959863421497 2.33
234 0.04257951797709262 2.34
235 0.04264641990011476 2.35
236 0.04297918336115118 2.36
237 0.04309754614141264 2.37
238 0.04323825228187873 2.38
239 0.0433826482043021 2.39
240 0.0440354678092614 2.4
241 0.04456905723750128 2.41
242 0.04482047386604991 2.42
243 0.04580400536032305 2.43
244 0.04582760487035353 2.44
245 0.04634584541972037 2.45
246 0.04670795126170745 2.46
247 0.04771924537619735 2.47
248 0.04855559389888724 2.48
249 0.04806429592671761 2.49
250 0.04811389316210738 2.5
251 0.0481753174998745 2.51
252 0.04985470539209655 2.52
253 0.05021717599220665 2.53
254 0.05012182043298142 2.54
255 0.05057861454184263 2.55
256 0.0504800292909584 2.56
257 0.05076285457944719 2.57
258 0.05042188759177318 2.58
259 0.05114352089244801 2.59
260 0.05090418018367201 2.6
261 0.05098827721937577 2.61
262 0.05153271175569308 2.62
263 0.05079882035589337 2.63
264 0.05102153318290482 2.64
265 0.05047501718525674 2.65
266 0.05024798804755259 2.66
267 0.0502857432519348 2.67
268 0.05030114605151637 2.68
269 0.0511170292208995 2.69
270 0.05060559164600317 2.7
271 0.05019454597009438 2.71
272 0.04985843303416786 2.72
273 0.04929585381203838 2.73
274 0.04886875783308209 2.74
275 0.04890793341922674 2.75
276 0.04917910017231331 2.76
277 0.04899566075049031 2.77
278 0.04841592157711284 2.78
279 0.0479492447711992 2.79
280 0.04636033936690077 2.8
281 0.04541759894719069 2.81
282 0.04450710593450955 2.82
283 0.04409658886876278 2.83
284 0.04352995990644572 2.84
285 0.04294089668783149 2.85
286 0.04229906179382693 2.86
287 0.04168512277809829 2.87
288 0.04122146281245326 2.88
289 0.04054397906560735 2.89
290 0.03929624988892146 2.9
291 0.03797448833469623 2.91
292 0.0382196568443439 2.92
293 0.03700888233542574 2.93
294 0.0354076643678989 2.94
295 0.0339048402833354 2.95
296 0.03293268858379376 2.96
297 0.03246455878223077 2.97
298 0.03139411861978587 2.98
299 0.03059161908064411 2.99
300 0.02937603698272075 3
301 0.02899206744880795 3.01
302 0.0290823590835155 3.02
303 0.02792351124698922 3.03
304 0.02710158286023024 3.04
305 0.0264635502297392 3.05
306 0.02488821319174923 3.06
307 0.02475486857385114 3.07
308 0.02424730205074375 3.08
309 0.02290197719331266 3.09
310 0.0217511335839662 3.1
311 0.02241826134114937 3.11
312 0.02191883754570022 3.12
313 0.02154836539502631 3.13
314 0.02131979688037861 3.14
315 0.0196213623776945 3.15
316 0.0200828581292967 3.16
317 0.02064826666943178 3.17
318 0.0204615219450588 3.18
319 0.02004695347809486 3.19
320 0.01899295712966241 3.2
321 0.01878184084544136 3.21
322 0.01793509470420715 3.22
323 0.0188619702999377 3.23
324 0.0185032808168859 3.24
325 0.01757174924283423 3.25
326 0.01774423448044191 3.26
327 0.01909093152042095 3.27
328 0.01851075176369592 3.28
329 0.01908820374063145 3.29
330 0.02085626379121932 3.3
331 0.02116973120590688 3.31
332 0.02169377230076065 3.32
333 0.02242629206249335 3.33
334 0.02176641187285681 3.34
335 0.0221484044292182 3.35
336 0.02113358646030417 3.36
337 0.021690279801948 3.37
338 0.0225702041344973 3.38
339 0.02230142430429728 3.39
340 0.02456816038228508 3.4
341 0.0232827528070953 3.41
342 0.02443142249307112 3.42
343 0.02551835885585367 3.43
344 0.02714782455661308 3.44
345 0.02675233931920883 3.45
346 0.02659714315333134 3.46
347 0.02754071598364833 3.47
348 0.02643780072565518 3.48
349 0.02877197985493988 3.49
350 0.02980856912470653 3.5
351 0.02839929319280621 3.51
352 0.02985018044916282 3.52
353 0.03130850636646438 3.53
354 0.03099449421768148 3.54
355 0.03274134719597904 3.55
356 0.03349231721336383 3.56
357 0.03350902896260759 3.57
358 0.03376056906594409 3.58
359 0.03328688132438851 3.59
360 0.03524131072921927 3.6
361 0.03551956648529586 3.61
362 0.03638404241290562 3.62
363 0.03587830453476792 3.63
364 0.03574845336280989 3.64
365 0.03677844694571408 3.65
366 0.03803508276423201 3.66
367 0.03871796949998749 3.67
368 0.03820731285720706 3.68
369 0.03830651708613971 3.69
370 0.03834627562615994 3.7
371 0.03882984142283915 3.71
372 0.03844947684615051 3.72
373 0.03955063110753963 3.73
374 0.04034119295484501 3.74
375 0.0393694641109339 3.75
376 0.03982945216195311 3.76
377 0.03961200200741476 3.77
378 0.03978893697964395 3.78
379 0.03926896249204779 3.79
380 0.0383602306617395 3.8
381 0.0377450895004534 3.81
382 0.03759406664438314 3.82
383 0.03872861119879793 3.83
384 0.03939867761395002 3.84
385 0.04013840473224838 3.85
386 0.03940901039990397 3.86
387 0.03833745511800934 3.87
388 0.0378968836643455 3.88
389 0.03786160225502453 3.89
390 0.03847827247441415 3.9
391 0.03763443429752709 3.91
392 0.03679049935029233 3.92
393 0.03794597702521275 3.93
394 0.03811071457533279 3.94
395 0.0396790200856732 3.95
396 0.03981050016340214 3.96
397 0.03919122289855136 3.97
398 0.037999311186472 3.98
399 0.03631026455064142 3.99
400 0.03592560657359223 4
401 0.03707888723935365 4.01
402 0.03897386775723654 4.02
403 0.03732220191408785 4.03
404 0.03672632483026475 4.04
405 0.03740322934398388 4.05
406 0.03943266152114312 4.06
407 0.04024966429259476 4.07
408 0.03940327313568003 4.08
409 0.03796127543510102 4.09
410 0.03521546532939401 4.1
411 0.03394762723780714 4.11
412 0.03401989819847465 4.12
413 0.03392292631318397 4.13
414 0.03454550784813452 4.14
415 0.03411038353942648 4.15
416 0.03248783835464823 4.16
417 0.03211768889498007 4.17
418 0.03205067902867233 4.18
419 0.03182180284112503 4.19
420 0.03003773198178408 4.2
421 0.02731895051996209 4.21
422 0.02563205784807659 4.22
423 0.0243037331993131 4.23
424 0.0239982788013681 4.24
425 0.02461766453736711 4.25
426 0.02419325049217779 4.26
427 0.02328806444512547 4.27
428 0.02060668440252342 4.28
429 0.01860570451055544 4.29
430 0.01732068749164837 4.3
431 0.01704392958644793 4.31
432 0.01695123959427594 4.32
433 0.01722169398647405 4.33
434 0.01680905679868114 4.34
435 0.01432905888391778 4.350000000000001
436 0.01275953775725873 4.36
437 0.01261296279213184 4.37
438 0.01262493592596296 4.38
439 0.01384630047382387 4.39
440 0.01402503463737324 4.4
441 0.01392622708555821 4.41
442 0.01253364786133161 4.42
443 0.01142773110893526 4.43
444 0.01059870514586092 4.44
445 0.01020463242398126 4.45
446 0.01261351241927488 4.46
447 0.0137713520342285 4.47
448 0.01472475566234281 4.48
449 0.01321592550526389 4.49
450 0.01220772343475941 4.5
451 0.01264727734122542 4.51
452 0.01212445513918655 4.52
453 0.01404221745142441 4.53
454 0.0154606703319078 4.54
455 0.01608025852818778 4.55
456 0.01650134662613757 4.56
457 0.0170098287717721 4.57
458 0.01668779991117705 4.58
459 0.01651888401075119 4.59
460 0.01664051147390852 4.600000000000001
461 0.01642577611164687 4.61
462 0.01746860694520416 4.62
463 0.01944075741086755 4.63
464 0.02056456882198532 4.64
465 0.02190483799889229 4.65
466 0.02164738290920116 4.66
467 0.02237564243055293 4.67
468 0.02203631847158121 4.68
469 0.02142310203850829 4.69
470 0.02151786672828719 4.7
471 0.02284786787794858 4.71
472 0.02425302458196344 4.72
473 0.02519676221476684 4.73
474 0.02566006309967605 4.74
475 0.02603149902632817 4.75
476 0.02690858991887672 4.76
477 0.02676544659794962 4.77
478 0.02628817726772944 4.78
479 0.02670077379067215 4.79
480 0.02793702431730175 4.8
481 0.02642311127005617 4.81
482 0.02824387292135085 4.82
483 0.0280142771193835 4.83
484 0.02893155214151283 4.84
485 0.03009974999440405 4.850000000000001
486 0.03034729994993297 4.86
487 0.03275835482459057 4.87
488 0.03262969954636068 4.88
489 0.03221773416369625 4.89
490 0.0311653462837279 4.9
491 0.03139986760192863 4.91
492 0.0331642867041482 4.92
493 0.03267290498909224 4.93
494 0.03324592566668726 4.94
495 0.03372101900191413 4.95
496 0.03460568335849378 4.96
497 0.03629958527677328 4.97
498 0.03513901379194753 4.98
499 0.03509306642752964 4.99
500 0.03693555637859997 5
501 0.03790717225489338 5.01
502 0.03726326928774705 5.02
503 0.03728694482934875 5.03
504 0.03601508408396913 5.04
505 0.0367578514983961 5.05
506 0.03658274152354724 5.06
507 0.036937295895837 5.07
508 0.0375537325625329 5.08
509 0.0372813235685432 5.09
510 0.03858378520521966 5.100000000000001
511 0.03757113343768454 5.11
512 0.03749495094102178 5.12
513 0.03845342746759215 5.13
514 0.03861179132569779 5.14
515 0.03975691479906125 5.15
516 0.04008887699064958 5.16
517 0.03987543357510093 5.17
518 0.0402597122000024 5.18
519 0.03889757007721849 5.19
520 0.03896845792757959 5.2
521 0.03914750180668661 5.21
522 0.03959129317372959 5.22
523 0.04000231559056767 5.23
524 0.03967990661909799 5.24
525 0.04039413742615391 5.25
526 0.04017812404085234 5.26
527 0.04035988076995202 5.27
528 0.04010790845057588 5.28
529 0.03992133751539123 5.29
530 0.03947859942907741 5.3
531 0.03929739847281449 5.31
532 0.03978973066360134 5.32
533 0.03950351230066011 5.33
534 0.04044836271475188 5.34
535 0.04110813777062324 5.350000000000001
536 0.04090851141328564 5.36
537 0.04101794099642922 5.37
538 0.04036735854203496 5.38
539 0.04138337353742839 5.39
540 0.04198670869242684 5.4
541 0.04183720082988237 5.41
542 0.04215950362260132 5.42
543 0.0410134727415988 5.43
544 0.04080083268848376 5.44
545 0.04106611712917501 5.45
546 0.04148000815591828 5.46
547 0.04165086408733515 5.47
548 0.04134632494482419 5.48
549 0.0421616587565068 5.49
550 0.04201514981691839 5.5
551 0.04227372223618948 5.51
552 0.04199886932411222 5.52
553 0.04204835342435912 5.53
554 0.04276397291289754 5.54
555 0.04231712557656876 5.55
556 0.04348014744785662 5.56
557 0.04316573708473546 5.57
558 0.04271271691472894 5.58
559 0.04290282267575897 5.59
560 0.04188774721916114 5.600000000000001
561 0.04259151916511448 5.61
562 0.04278970428235241 5.62
563 0.04335180877612696 5.63
564 0.04464665532182596 5.64
565 0.04468672530208188 5.65
566 0.04440128492706346 5.66
567 0.04394118191169741 5.67
568 0.04444881023209776 5.68
569 0.04382262213702707 5.69
570 0.04404341746571677 5.7
571 0.04435563171852346 5.71
572 0.04443163811436547 5.72
573 0.04468268416909161 5.73
574 0.04482965576631396 5.74
575 0.04547622264852417 5.75
576 0.04557331189954741 5.76
577 0.04534730776908109 5.77
578 0.04599276263023693 5.78
579 0.04640047065457065 5.79
580 0.04657380924025045 5.8
581 0.04629235889778598 5.81
582 0.04583062007107049 5.82
583 0.04589323104766289 5.83
584 0.04572138846834159 5.84
585 0.04624113234925314 5.850000000000001
586 0.04638538943230466 5.86
587 0.0465541737236507 5.87
588 0.0468788283233266 5.88
589 0.04659975458056654 5.89
590 0.04685027407107938 5.9
591 0.04711082925752035 5.91
592 0.04666250689984299 5.92
593 0.04630487306920098 5.93
594 0.04721156436892326 5.94
595 0.04660048069496191 5.95
596 0.0470442482127313 5.96
597 0.04634149458704856 5.97
598 0.04605431162721597 5.98
599 0.04570484854463547 5.99
600 0.04649032732232873 6
601 0.04682526060976467 6.01
602 0.04735468696605068 6.02
603 0.04741859848140258 6.03
604 0.04683173448177499 6.04
605 0.04604874171745255 6.05
606 0.04639623791792222 6.06
607 0.04624790650509224 6.07
608 0.04623058520250299 6.08
609 0.04603635195047581 6.09
610 0.04670351841558504 6.100000000000001
611 0.04641634992406859 6.11
612 0.04637908167729729 6.12
613 0.04653239898658722 6.13
614 0.04629016517385477 6.140000000000001
615 0.04696257197649432 6.15
616 0.04672590925893745 6.16
617 0.04658952513581915 6.17
618 0.04589165923557288 6.18
619 0.0461816237020866 6.19
620 0.04616149071022676 6.2
621 0.04601597773144277 6.21
622 0.04612562919115702 6.22
623 0.04553577596310124 6.23
624 0.04547917022407263 6.24
625 0.04559809454274701 6.25
626 0.04498803561415808 6.26
627 0.04523687220672459 6.27
628 0.0446401956730389 6.28
629 0.04448135716721861 6.29
630 0.04452302085740043 6.3
631 0.04397767127007229 6.31
632 0.04295967127534218 6.32
633 0.042630818460548 6.33
634 0.04292684359137571 6.34
635 0.04269553715879792 6.350000000000001
636 0.04197054589943065 6.36
637 0.04133632409541222 6.37
638 0.04037280156073723 6.38
639 0.04019791437115287 6.390000000000001
640 0.0399101046200511 6.4
641 0.03985457788417138 6.41
642 0.03961693098746946 6.42
643 0.0394718519103414 6.43
644 0.0390036547401879 6.44
645 0.03804012254759723 6.45
646 0.03675228153618715 6.46
647 0.0354039077913391 6.47
648 0.03488629156839534 6.48
649 0.03387019485918674 6.49
650 0.0328735941745458 6.5
651 0.03340073483958641 6.51
652 0.03289064523182922 6.52
653 0.03241044867699459 6.53
654 0.03139976823167587 6.54
655 0.03060821203972352 6.55
656 0.0290654348241478 6.56
657 0.02788656321655433 6.57
658 0.02720467301751831 6.58
659 0.02638314155856252 6.59
660 0.02572984326163207 6.600000000000001
661 0.02379139313692014 6.61
662 0.02441149743659989 6.62
663 0.02278518095477998 6.63
664 0.02179241848103306 6.640000000000001
665 0.02076786398105761 6.65
666 0.02037575241183317 6.66
667 0.02027343268838049 6.67
668 0.01839677653059872 6.68
669 0.01809576470495596 6.69
670 0.01697580477493481 6.7
671 0.01642774758135541 6.71
672 0.01592159426689117 6.72
673 0.01504460550542175 6.73
674 0.01488771144157585 6.74
675 0.01594561220805938 6.75
676 0.01447896754438341 6.76
677 0.01585027784643568 6.77
678 0.01300798644606553 6.78
679 0.015377010220899 6.79
680 0.01433769553493171 6.8
681 0.01402247176860132 6.81
682 0.01399476729964797 6.82
683 0.01436703718220076 6.83
684 0.01446673720671738 6.84
685 0.01409445775276197 6.850000000000001
686 0.01367408284229319 6.86
687 0.01431950098863556 6.87
688 0.01526204537917704 6.88
689 0.01584508419111199 6.890000000000001
690 0.01583100919965082 6.9
691 0.01622375281255149 6.91
692 0.01499039549481659 6.92
693 0.01511233744146519 6.93
694 0.01562728903655624 6.94
695 0.01672254179415332 6.95
696 0.01688966841910851 6.96
697 0.01649282640036379 6.97
698 0.01650017639112748 6.98
699 0.0168750983810722 6.99
700 0.01741073168876066 7
701 0.01781792327021456 7.01
702 0.01696922392892119 7.02
703 0.01773411294328375 7.03
704 0.01920916591308099 7.04
705 0.01881573337550555 7.05
706 0.01966757689248927 7.06
707 0.01912308030882207 7.07
708 0.02188668393618442 7.08
709 0.02098039702648569 7.09
710 0.02347582411900826 7.100000000000001
711 0.02323516508162233 7.11
712 0.02076356136056683 7.12
713 0.02234148972702166 7.13
714 0.02351661385700581 7.140000000000001
715 0.023868615500207 7.15
716 0.02422023835247482 7.16
717 0.02536539080849842 7.17
718 0.02779517981914437 7.18
719 0.02917847113243559 7.19
720 0.02841643850540615 7.2
721 0.02729947786019287 7.21
722 0.02744206225896661 7.22
723 0.028454676108038 7.23
724 0.02906607215678041 7.24
725 0.03065614034046865 7.25
726 0.03011975000040874 7.26
727 0.02966138129925312 7.27
728 0.02658479927581938 7.28
729 0.03027896699357067 7.29
730 0.03171039996237924 7.3
731 0.0319347893521894 7.31
732 0.03283341851202082 7.32
733 0.03242896520975923 7.33
734 0.0332050809250201 7.34
735 0.0325014922213552 7.350000000000001
736 0.03231823920424108 7.36
737 0.03123145563621447 7.37
738 0.03127766782572996 7.38
739 0.03256572565322511 7.390000000000001
740 0.03225155186257907 7.4
741 0.03380802665018023 7.41
742 0.03465906693403597 7.42
743 0.03559827605711201 7.43
744 0.03543415390672378 7.44
745 0.03483982819578847 7.45
746 0.03482540819222801 7.46
747 0.03583413645336469 7.47
748 0.03741835716479961 7.48
749 0.03798628324391299 7.49
750 0.03707689185809313 7.5
751 0.03671870021987816 7.51
752 0.03697028633019714 7.52
753 0.03798933781587054 7.53
754 0.03779302384269369 7.54
755 0.03670287763324639 7.55
756 0.03531819634326069 7.56
757 0.03209862672023035 7.57
758 0.03165224081140855 7.58
759 0.03177858887913169 7.59
760 0.03223100608570783 7.600000000000001
761 0.03171398141219214 7.61
762 0.02888517665130638 7.62
763 0.0277749032159461 7.63
764 0.02705333563643965 7.640000000000001
765 0.02557903729345066 7.65
766 0.02428583894771266 7.66
767 0.021669145448606 7.67
768 0.01849074910498101 7.68
769 0.0166192566103703 7.69
770 0.01547897094507249 7.7
771 0.01564104080121544 7.71
772 0.01492649350517469 7.72
773 0.01435806903603295 7.73
774 0.01273636067256556 7.74
775 0.01110290969976657 7.75
776 0.01005061356221169 7.76
777 0.009442978649647145 7.77
778 0.007821472394481738 7.78
779 0.007155600197085615 7.79
780 0.005209034898341416 7.8
781 0.004469799924542661 7.81
782 0.00449494911315031 7.82
783 0.00517285285230288 7.83
784 0.005231235509508503 7.84
785 0.005103441788297797 7.850000000000001
786 0.004238292198729517 7.86
787 0.003139465542236687 7.87
788 0.002583118782396845 7.88
789 0.002596435203246943 7.890000000000001
790 0.004743633186106352 7.9
791 0.005751172599762673 7.91
792 0.005618495337472435 7.92
793 0.005468514697678382 7.930000000000001
794 0.003740183248626571 7.94
795 0.00432718275255954 7.95
796 0.006252414005990356 7.96
797 0.006515606946881915 7.97
798 0.007722197422322867 7.98
799 0.008869558496357767 7.99
800 0.009029136642301292 8
801 0.009858187696662964 8.01
802 0.01066702285151211 8.02
803 0.01049603883899644 8.029999999999999
804 0.01087070242929379 8.040000000000001
805 0.01219102678713827 8.050000000000001
806 0.01326212724785597 8.06
807 0.01397980356083935 8.07
808 0.01479188278748016 8.08
809 0.01511310118441879 8.09
810 0.01531101177670999 8.1
811 0.01649140144996409 8.109999999999999
812 0.01722706043478069 8.120000000000001
813 0.0173970074814627 8.130000000000001
814 0.01883594988748873 8.140000000000001
815 0.01925506828606159 8.15
816 0.02001717864344583 8.16
817 0.02000957852288152 8.17
818 0.02097308475217746 8.18
819 0.02082796413464787 8.19
820 0.02191798507913611 8.199999999999999
821 0.02180560510720905 8.210000000000001
822 0.0236955187685484 8.220000000000001
823 0.02504380132485576 8.23
824 0.02431976763697103 8.24
825 0.02696131745051459 8.25
826 0.02675966028046783 8.26
827 0.02634938941391523 8.27
828 0.02752757017816673 8.279999999999999
829 0.02606286275122758 8.290000000000001
830 0.02895784130614781 8.300000000000001
831 0.02801252919981902 8.31
832 0.02844740872520456 8.32
833 0.03008054147424158 8.33
834 0.03209852367445648 8.34
835 0.0347276197079862 8.35
836 0.03272587732593786 8.359999999999999
837 0.03371925785668972 8.370000000000001
838 0.03401365891581081 8.380000000000001
839 0.0328833797338772 8.390000000000001
840 0.03485761846582811 8.4
841 0.03605954592644527 8.41
842 0.03731766936794865 8.42
843 0.03759822171220877 8.43
844 0.03776511254591765 8.44
845 0.03829989239796922 8.449999999999999
846 0.03878375556706986 8.460000000000001
847 0.03925098085029236 8.470000000000001
848 0.04007330487769034 8.48
849 0.03996464263880274 8.49
850 0.0397211046531486 8.5
851 0.03935489979571959 8.51
852 0.04038239716700032 8.52
853 0.0414359027918199 8.529999999999999
854 0.04208217771758702 8.540000000000001
855 0.04340088152999205 8.550000000000001
856 0.04325371725660131 8.56
857 0.04362031658017677 8.57
858 0.04371218064395759 8.58
859 0.04411613518684076 8.59
860 0.0426186591905912 8.6
861 0.04336280834244211 8.609999999999999
862 0.04406526743264533 8.620000000000001
863 0.04456122130897407 8.630000000000001
864 0.04500452398531441 8.640000000000001
865 0.04470695322743388 8.65
866 0.0447297992853752 8.66
867 0.04450560327441712 8.67
868 0.04485764277954292 8.68
869 0.04560729327585109 8.69
870 0.0461775074991356 8.700000000000001
871 0.04648035807241452 8.710000000000001
872 0.04641277405020706 8.720000000000001
873 0.04653067810020878 8.73
874 0.04703476642832299 8.74
875 0.04643826299596897 8.75
876 0.04708124167685884 8.76
877 0.04573938699255394 8.77
878 0.04600308928056582 8.779999999999999
879 0.04613359702533112 8.790000000000001
880 0.04517575037560328 8.800000000000001
881 0.04399683830015093 8.81
882 0.04362777802176738 8.82
883 0.04574608266781625 8.83
884 0.04597886237236703 8.84
885 0.04667918321627163 8.85
886 0.04614035902321253 8.859999999999999
887 0.04567660239904119 8.870000000000001
888 0.04410141252966784 8.880000000000001
889 0.04535550071178109 8.890000000000001
890 0.04656702860268766 8.9
891 0.04422058476306524 8.91
892 0.04440925742351756 8.92
893 0.04318693868000617 8.93
894 0.04172784232738216 8.94
895 0.04261872559486903 8.950000000000001
896 0.0435326633390761 8.960000000000001
897 0.04325153592161378 8.970000000000001
898 0.04296755431696209 8.98
899 0.04121829146158265 8.99
900 0.04247756124332491 9
901 0.0418485771164114 9.01
902 0.04196503979769967 9.02
903 0.04116401745101816 9.029999999999999
904 0.03957232701495909 9.040000000000001
905 0.03885549878649849 9.050000000000001
906 0.03828363978143583 9.06
907 0.03828226307613439 9.07
908 0.03761620462125071 9.08
909 0.0373351492404082 9.09
910 0.03663909339182642 9.1
911 0.03679387271866984 9.109999999999999
912 0.03662868572061308 9.120000000000001
913 0.03635732825234297 9.130000000000001
914 0.03568158431764874 9.140000000000001
915 0.03495460665842955 9.15
916 0.03471439859702573 9.16
917 0.03442890636412583 9.17
918 0.03358764908071315 9.18
919 0.03384868168801354 9.19
920 0.03415849781220747 9.200000000000001
921 0.03397251775878244 9.210000000000001
922 0.03343227630666992 9.220000000000001
923 0.03366693722245043 9.23
924 0.03384627997351604 9.24
925 0.03377214789372375 9.25
926 0.03418489349917748 9.26
927 0.03485616847790912 9.27
928 0.03533621645584358 9.279999999999999
929 0.03489715231538007 9.290000000000001
930 0.03494075360620798 9.300000000000001
931 0.03510281562528057 9.31
932 0.03529530981111632 9.32
933 0.03585255602807752 9.33
934 0.03589850098203434 9.34
935 0.0365854209304562 9.35
936 0.03729803394343156 9.359999999999999
937 0.03765931705952732 9.370000000000001
938 0.0385001423536054 9.380000000000001
939 0.03851579925223723 9.390000000000001
940 0.03780239819151516 9.4
941 0.03757119862020847 9.41
942 0.03892249455829325 9.42
943 0.03876493385966823 9.43
944 0.03952570045897384 9.44
945 0.04011477242913882 9.450000000000001
946 0.04000869188158671 9.460000000000001
947 0.04068356020896757 9.470000000000001
948 0.04033113994721837 9.48
949 0.04119963210417487 9.49
950 0.04166678565939487 9.5
951 0.04227548670654168 9.51
952 0.04296836173324243 9.52
953 0.04286115781105706 9.529999999999999
954 0.04240855009529618 9.540000000000001
955 0.04234716081216075 9.550000000000001
956 0.0422191579631353 9.56
957 0.04228949625166551 9.57
958 0.04310504801469753 9.58
959 0.04389039046288824 9.59
960 0.0447831418533754 9.6
961 0.044730880332142 9.609999999999999
962 0.04346766142933602 9.620000000000001
963 0.04366795375060754 9.630000000000001
964 0.04448406950069494 9.640000000000001
965 0.04544232251320956 9.65
966 0.04541365709840799 9.66
967 0.04647001391167306 9.67
968 0.04695613945746521 9.68
969 0.04662430031449788 9.69
970 0.04627051669633708 9.700000000000001
971 0.04573402513239162 9.710000000000001
972 0.04593378020923507 9.720000000000001
973 0.04706066646526791 9.73
974 0.04773626061424608 9.74
975 0.04791578184021782 9.75
976 0.04887612697249366 9.76
977 0.04951607180033502 9.77
978 0.04722587145954628 9.779999999999999
979 0.04656567718641217 9.790000000000001
980 0.04674408792269771 9.800000000000001
981 0.04778276253625609 9.81
982 0.04906917814457821 9.82
983 0.04961487410455197 9.83
984 0.04911092994091182 9.84
985 0.04855760489287315 9.85
986 0.04882472497254686 9.859999999999999
987 0.0484835410765351 9.870000000000001
988 0.04851414812951366 9.880000000000001
989 0.04831799376690882 9.890000000000001
990 0.0481322319865818 9.9
991 0.04785673434833491 9.91
992 0.04855047218696386 9.92
993 0.04855050211387116 9.93
994 0.04828238989409602 9.94
995 0.04852421559251311 9.950000000000001
996 0.04859383722699694 9.960000000000001
997 0.0473620935100853 9.970000000000001
998 0.0466113952303057 9.98
999 0.04643838645695586 9.99
1000 0.04620758832585703 10
