"cl-rfile"
"Time Step" "cl etc.."
("Time Step" "cl" "flow-time")
0 0 0
1 -40.82284360732504 0.01
2 9.326605489352829 0.02
3 6.777495643807177 0.03
4 6.32095239462264 0.04
5 6.519029894710036 0.05
6 6.481963185352516 0.06
7 6.599104536996876 0.07000000000000001
8 6.551203250318248 0.08
9 6.623163621650935 0.09
10 6.607199481243691 0.1
11 6.679702961069114 0.11
12 6.694205736860504 0.12
13 6.728993310850325 0.13
14 6.728927992266512 0.14
15 6.766616523482758 0.15
16 6.753065037663285 0.16
17 6.754315499368315 0.17
18 6.769317324137634 0.18
19 6.807318619704245 0.19
20 6.825780967710324 0.2
21 6.820463561618021 0.21
22 6.840500600518332 0.22
23 6.885901381898541 0.23
24 6.817070507221303 0.24
25 6.8174345051521 0.25
26 6.827819554153247 0.26
27 6.843967741931016 0.27
28 6.823173386834299 0.28
29 6.806976532883615 0.29
30 6.769226253595167 0.3
31 6.791222960761498 0.31
32 6.794117679682408 0.32
33 6.76657153974342 0.33
34 6.775483943692179 0.34
35 6.796796585979963 0.35
36 6.74383085759737 0.36
37 6.726872362092706 0.37
38 6.681868376471348 0.38
39 6.702813478817166 0.39
40 6.759913497943248 0.4
41 6.687646387236826 0.41
42 6.703090263993578 0.42
43 6.699089013155478 0.43
44 6.683078303844 0.44
45 6.694999125559615 0.45
46 6.693525063227464 0.46
47 6.64999560073387 0.47
48 6.718386795127834 0.48
49 6.833062230881652 0.49
50 6.768817472534812 0.5
51 6.716981417045724 0.51
52 6.730531738264579 0.52
53 6.817828862507125 0.53
54 6.806706863401105 0.54
55 6.73250407446793 0.55
56 6.724294050010434 0.5600000000000001
57 6.814620585997439 0.5700000000000001
58 6.81207022475613 0.58
59 6.768966033924019 0.59
60 6.802915407646967 0.6
61 6.935879616141563 0.61
62 6.980685389493249 0.62
63 6.990772819384436 0.63
64 6.865793805429585 0.64
65 6.727855499081299 0.65
66 6.696791226980038 0.66
67 6.841678295361222 0.67
68 6.93348106938227 0.68
69 6.92760903851626 0.6900000000000001
70 6.975114876234527 0.7000000000000001
71 7.0104090162546 0.71
72 7.011278601716871 0.72
73 7.001977080618276 0.73
74 7.054097036118403 0.74
75 7.169529762547538 0.75
76 7.234614317525557 0.76
77 7.178996369656582 0.77
78 7.019905388109954 0.78
79 6.928239403007892 0.79
80 6.989596980167892 0.8
81 7.076614033700248 0.8100000000000001
82 7.16077539494827 0.8200000000000001
83 7.248546202459358 0.8300000000000001
84 7.365458839933579 0.84
85 7.401494157280641 0.85
86 7.423465457768447 0.86
87 7.28889383815483 0.87
88 7.156156350554621 0.88
89 7.15183712550547 0.89
90 7.209283838130285 0.9
91 7.306173963553316 0.91
92 7.377896692500394 0.92
93 7.433379377989256 0.93
94 7.542231285000613 0.9400000000000001
95 7.529483933150619 0.9500000000000001
96 7.410398677250678 0.96
97 7.287814819056807 0.97
98 7.280939603335057 0.98
99 7.389894857517185 0.99
100 7.492533838145789 1
101 7.466785627136446 1.01
102 7.396499029469128 1.02
103 7.335229099740711 1.03
104 7.341273373017885 1.04
105 7.468919174416187 1.05
106 7.50161139823402 1.06
107 7.47197363876432 1.07
108 7.394971060874409 1.08
109 7.331516153418898 1.09
110 7.352863481818424 1.1
111 7.42257805607314 1.11
112 7.417805587352691 1.12
113 7.36434525808324 1.13
114 7.311404259125924 1.14
115 7.275788484221401 1.15
116 7.33714785491244 1.16
117 7.303407468590254 1.17
118 7.2963629151352 1.18
119 7.22625056104807 1.19
120 7.215624461018088 1.2
121 7.284507181223964 1.21
122 7.274768691460217 1.22
123 7.317103962858534 1.23
124 7.233383440850488 1.24
125 7.16586312840135 1.25
126 7.094373663217426 1.26
127 7.047720563751503 1.27
128 7.031116029081017 1.28
129 7.071652668766017 1.29
130 7.168977300237986 1.3
131 7.068850917250448 1.31
132 7.055378114721943 1.32
133 6.956923500675801 1.33
134 6.952421732733826 1.34
135 6.886184486257088 1.35
136 6.939688189194355 1.36
137 6.988690665066856 1.37
138 6.946081075922084 1.38
139 6.916304387406828 1.39
140 6.79457682110732 1.4
141 6.775252037688943 1.41
142 6.684109463177188 1.42
143 6.66570707094201 1.43
144 6.67895691533118 1.44
145 6.70469964936385 1.45
146 6.737476478358256 1.46
147 6.708465212692889 1.47
148 6.657981890931022 1.48
149 6.591377962445467 1.49
150 6.525047481215488 1.5
151 6.489535435582551 1.51
152 6.412498093585382 1.52
153 6.371699294833975 1.53
154 6.402095063791882 1.54
155 6.422408231722564 1.55
156 6.394735306201836 1.56
157 6.378243649967522 1.57
158 6.338773853998282 1.58
159 6.312131452342712 1.59
160 6.251074273319028 1.6
161 6.225797459136087 1.61
162 6.136355202964866 1.62
163 6.12826564423515 1.63
164 6.061428403924175 1.64
165 6.014501643260204 1.65
166 6.020788846127299 1.66
167 5.998136033933326 1.67
168 5.982008695129544 1.68
169 5.96084630773365 1.69
170 5.98576546743115 1.7
171 5.938984623817484 1.71
172 5.914968832351827 1.72
173 5.860453104246018 1.73
174 5.814828038516948 1.74
175 5.79734599594313 1.75
176 5.785141128119338 1.76
177 5.784507273124517 1.77
178 5.768987189494188 1.78
179 5.751096913668166 1.79
180 5.720636736449425 1.8
181 5.686542376967617 1.81
182 5.666118167149921 1.82
183 5.647019746312158 1.83
184 5.626479925803791 1.84
185 5.603003286444759 1.85
186 5.579736436810163 1.86
187 5.593079395797056 1.87
188 5.561251926749319 1.88
189 5.532588569444517 1.89
190 5.523579253729439 1.9
191 5.538469271999264 1.91
192 5.528960602509128 1.92
193 5.547547422983081 1.93
194 5.511693210214419 1.94
195 5.525162497653444 1.95
196 5.475671299568546 1.96
197 5.4710550215334 1.97
198 5.462736886496437 1.98
199 5.477491038767834 1.99
200 5.478749124203281 2
201 5.472733209022181 2.01
202 5.456117600170598 2.02
203 5.448601805723345 2.03
204 5.45508491659507 2.04
205 5.46248722872557 2.05
206 5.453528473621868 2.06
207 5.474181376360165 2.07
208 5.462352470329001 2.08
209 5.459935263352783 2.09
210 5.433239702809527 2.1
211 5.479075838528452 2.11
212 5.497332397404024 2.12
213 5.527276584425964 2.13
214 5.501597520581263 2.14
215 5.497304397032906 2.15
216 5.496124188839338 2.16
217 5.50613738863636 2.17
218 5.549727786615104 2.18
219 5.57069620346302 2.19
220 5.566618953737251 2.2
221 5.546681984088453 2.21
222 5.577464980651691 2.22
223 5.544914788220593 2.23
224 5.600712556425778 2.24
225 5.621291909844081 2.25
226 5.663458961633972 2.26
227 5.661664713708924 2.27
228 5.647266394658947 2.28
229 5.631109667405007 2.29
230 5.6200130888829 2.3
231 5.683985592791257 2.31
232 5.701302107638777 2.32
233 5.753486423814633 2.33
234 5.747225892507279 2.34
235 5.749439166542007 2.35
236 5.78021463631773 2.36
237 5.776397102640006 2.37
238 5.787315130060576 2.38
239 5.795276975926787 2.39
240 5.834324171499184 2.4
241 5.871837474913765 2.41
242 5.890616447401078 2.42
243 5.920570275071585 2.43
244 5.93585824081643 2.44
245 5.94072982744753 2.45
246 5.923269666261078 2.46
247 5.983347606916617 2.47
248 6.003697921001202 2.48
249 6.054220480332362 2.49
250 6.066637362234741 2.5
251 6.093096289154935 2.51
252 6.097368138893309 2.52
253 6.136804284905283 2.53
254 6.166526073534906 2.54
255 6.199933630707607 2.55
256 6.203646726262444 2.56
257 6.203195657896723 2.57
258 6.220552842966641 2.58
259 6.217919086537774 2.59
260 6.256603224694721 2.6
261 6.284075319425695 2.61
262 6.296987539831521 2.62
263 6.309428578085108 2.63
264 6.325143899534883 2.64
265 6.328077015772475 2.65
266 6.321195471609008 2.66
267 6.343021083103478 2.67
268 6.364146996825446 2.68
269 6.3831432370398 2.69
270 6.399803303336286 2.7
271 6.395942363761369 2.71
272 6.390788911099547 2.72
273 6.383249026826468 2.73
274 6.371321990483365 2.74
275 6.408400165951108 2.75
276 6.431322992581066 2.76
277 6.41964729440814 2.77
278 6.3525886714138 2.78
279 6.341543122482 2.79
280 6.338007847244465 2.8
281 6.341814310767995 2.81
282 6.348364434856846 2.82
283 6.335117054903705 2.83
284 6.301614266173795 2.84
285 6.306484806938811 2.85
286 6.311905527810532 2.86
287 6.299788587595236 2.87
288 6.295788539718744 2.88
289 6.257254574361047 2.89
290 6.268943281134629 2.9
291 6.276685837254315 2.91
292 6.269600621940269 2.92
293 6.28310935405064 2.93
294 6.308125352112803 2.94
295 6.313406155808183 2.95
296 6.333460241878419 2.96
297 6.364073234449256 2.97
298 6.372975441964623 2.98
299 6.425701878741223 2.99
300 6.421692860834007 3
301 6.45322389828865 3.01
302 6.427975804273196 3.02
303 6.469190758412851 3.03
304 6.412540161921615 3.04
305 6.486625560932434 3.05
306 6.538745005671133 3.06
307 6.536144233768369 3.07
308 6.549569494584362 3.08
309 6.536688556022104 3.09
310 6.578686600598456 3.1
311 6.627532318476284 3.11
312 6.625835699735959 3.12
313 6.634996416518079 3.13
314 6.627893656601085 3.14
315 6.673018800470828 3.15
316 6.675298149864322 3.16
317 6.686979300308407 3.17
318 6.673619005361985 3.18
319 6.710624817900253 3.19
320 6.680746334719563 3.2
321 6.752789769733882 3.21
322 6.820667314508175 3.22
323 6.844558697392341 3.23
324 6.804249068169294 3.24
325 6.831467380861003 3.25
326 6.896424378684438 3.26
327 6.867556712447706 3.27
328 6.92714354589662 3.28
329 6.947532818768869 3.29
330 6.993920311151683 3.3
331 7.04838047914575 3.31
332 7.005035066632136 3.32
333 6.994723274234643 3.33
334 7.055903305255254 3.34
335 7.181609418960234 3.35
336 7.187648460970617 3.36
337 7.174219667635845 3.37
338 7.230003211059238 3.38
339 7.277995573893207 3.39
340 7.285110964486551 3.4
341 7.304960585250759 3.41
342 7.333367836355341 3.42
343 7.373908764406526 3.43
344 7.424950411721905 3.44
345 7.473684190241709 3.45
346 7.461559192263938 3.46
347 7.573346502325552 3.47
348 7.575430972699607 3.48
349 7.533696966524608 3.49
350 7.480470167204005 3.5
351 7.54307217872764 3.51
352 7.58030116396739 3.52
353 7.629143525548702 3.53
354 7.653950453566492 3.54
355 7.687500378477401 3.55
356 7.722900848420099 3.56
357 7.647337253154315 3.57
358 7.645867105636695 3.58
359 7.622608524094555 3.59
360 7.608676977151124 3.6
361 7.621136514489752 3.61
362 7.66061124695268 3.62
363 7.693743660709305 3.63
364 7.682311565995508 3.64
365 7.706455661812909 3.65
366 7.670689601875319 3.66
367 7.633101177845522 3.67
368 7.607350310188494 3.68
369 7.650709231919772 3.69
370 7.652922557639571 3.7
371 7.655165032288349 3.71
372 7.659156075694684 3.72
373 7.646832329105027 3.73
374 7.641932044119634 3.74
375 7.675685898100044 3.75
376 7.670288156698818 3.76
377 7.648692215564775 3.77
378 7.63689899273513 3.78
379 7.655020842345081 3.79
380 7.669855263230445 3.8
381 7.69011294633991 3.81
382 7.657135950977552 3.82
383 7.632184483653094 3.83
384 7.620287462237377 3.84
385 7.622359104184252 3.85
386 7.649945995107805 3.86
387 7.663588608148663 3.87
388 7.648492712589816 3.88
389 7.619425261861572 3.89
390 7.64311652675751 3.9
391 7.624041483604285 3.91
392 7.634967596497787 3.92
393 7.605275274859314 3.93
394 7.650574873795751 3.94
395 7.607207841418571 3.95
396 7.587723376286371 3.96
397 7.511620621958164 3.97
398 7.520197268314861 3.98
399 7.573072780368945 3.99
400 7.522319564300189 4
401 7.510727455913975 4.01
402 7.502986788598164 4.02
403 7.507284367697181 4.03
404 7.46706477310932 4.04
405 7.387661373250171 4.05
406 7.379743569357093 4.06
407 7.384003936143379 4.07
408 7.415375946180315 4.08
409 7.391803806389337 4.09
410 7.399479174727417 4.1
411 7.340885935252473 4.11
412 7.312782569861298 4.12
413 7.289069587885188 4.13
414 7.260319573828337 4.14
415 7.258278191108614 4.15
416 7.229677916683278 4.16
417 7.277151782900724 4.17
418 7.234239480931318 4.18
419 7.191898769353959 4.19
420 7.10835029660139 4.2
421 7.086497542100407 4.21
422 7.079118933803061 4.22
423 7.08474423867971 4.23
424 7.089131184012445 4.24
425 7.044930641039231 4.25
426 7.032912922838076 4.26
427 6.986862236334749 4.27
428 6.999337309955445 4.28
429 6.938449788213869 4.29
430 6.915511385411695 4.3
431 6.872594448091479 4.31
432 6.830606136007784 4.32
433 6.787982720156537 4.33
434 6.760439898872709 4.34
435 6.800723613662431 4.350000000000001
436 6.750012498640689 4.36
437 6.705276616034872 4.37
438 6.653491612524014 4.38
439 6.638132801396784 4.39
440 6.648350532820436 4.4
441 6.624641957558495 4.41
442 6.602795177916068 4.42
443 6.546478276666121 4.43
444 6.535357275343451 4.44
445 6.487468491310597 4.45
446 6.458402899185181 4.46
447 6.446687989485304 4.47
448 6.429631884804365 4.48
449 6.399711342821084 4.49
450 6.354397202053823 4.5
451 6.318291764995055 4.51
452 6.248834420992124 4.52
453 6.262801360333393 4.53
454 6.236940028641496 4.54
455 6.222268991077066 4.55
456 6.189771726173761 4.56
457 6.168626890532033 4.57
458 6.171677820790894 4.58
459 6.135978139629566 4.59
460 6.23567680813827 4.600000000000001
461 6.211310317019523 4.61
462 6.123337190053793 4.62
463 6.024043212943209 4.63
464 5.952173189782044 4.64
465 6.010414201668876 4.65
466 6.006628689924818 4.66
467 5.967961522217618 4.67
468 5.939083112816697 4.68
469 5.883794013253678 4.69
470 5.859864449379608 4.7
471 5.801035549708746 4.71
472 5.867257767694316 4.72
473 5.874145172899535 4.73
474 5.778630536291017 4.74
475 5.725955904471493 4.75
476 5.782339990478023 4.76
477 5.74325220860177 4.77
478 5.730273617271832 4.78
479 5.624367305335303 4.79
480 5.516671185850814 4.8
481 5.549902738615576 4.81
482 5.612740410171946 4.82
483 5.706724138666026 4.83
484 5.691829948180605 4.84
485 5.759977071582714 4.850000000000001
486 5.679569372517073 4.86
487 5.661465115012136 4.87
488 5.609304974057869 4.88
489 5.636954225442505 4.89
490 5.624758511481354 4.9
491 5.639211370984318 4.91
492 5.636221424299782 4.92
493 5.686104627270186 4.93
494 5.695315715223345 4.94
495 5.659710077308544 4.95
496 5.666774152726263 4.96
497 5.680306317785831 4.97
498 5.677145241320486 4.98
499 5.713219285514145 4.99
500 5.671261349791981 5
501 5.685433379027579 5.01
502 5.717232567735075 5.02
503 5.780625850156264 5.03
504 5.763415543937203 5.04
505 5.781637850818934 5.05
506 5.773370925099469 5.06
507 5.789988787757228 5.07
508 5.817409041094003 5.08
509 5.831756472577899 5.09
510 5.859580028851409 5.100000000000001
511 5.864938202283352 5.11
512 5.914786545402976 5.12
513 5.864312135277524 5.13
514 5.912169561781802 5.14
515 5.919151705754031 5.15
516 5.939508714777332 5.16
517 5.963620614637336 5.17
518 5.997140534163504 5.18
519 6.018196944477722 5.19
520 6.011721915072113 5.2
521 6.079982824224147 5.21
522 6.05635653643718 5.22
523 6.092294680494303 5.23
524 6.095266573879552 5.24
525 6.148818596305732 5.25
526 6.134611682121535 5.26
527 6.172353823299374 5.27
528 6.184311399086076 5.28
529 6.201442786452009 5.29
530 6.229347092525366 5.3
531 6.243972495196281 5.31
532 6.262749753308046 5.32
533 6.284319637900115 5.33
534 6.291941373156934 5.34
535 6.327056811689947 5.350000000000001
536 6.356321782800847 5.36
537 6.347427526010038 5.37
538 6.362319136229152 5.38
539 6.376068986793173 5.39
540 6.383088110004319 5.4
541 6.373620582206335 5.41
542 6.3835482204908 5.42
543 6.434381647800027 5.43
544 6.451477054288623 5.44
545 6.482073206077679 5.45
546 6.464587841186684 5.46
547 6.456151709759093 5.47
548 6.509067479428089 5.48
549 6.481864826495632 5.49
550 6.455010806731957 5.5
551 6.465097894700456 5.51
552 6.430142678196648 5.52
553 6.441013995939306 5.53
554 6.47129622401634 5.54
555 6.535269076437337 5.55
556 6.531735715109989 5.56
557 6.48679385120688 5.57
558 6.433952740523961 5.58
559 6.432594376162178 5.59
560 6.433195947397404 5.600000000000001
561 6.412128021758217 5.61
562 6.407129619275518 5.62
563 6.35973274773951 5.63
564 6.43701081977682 5.64
565 6.452235745918303 5.65
566 6.496558991185593 5.66
567 6.518378275081377 5.67
568 6.536992299385943 5.68
569 6.507118590194744 5.69
570 6.573741607849164 5.7
571 6.582293445805749 5.71
572 6.553588290470104 5.72
573 6.540705660290636 5.73
574 6.569909525939713 5.74
575 6.564796821113585 5.75
576 6.581229093624055 5.76
577 6.582843688230005 5.77
578 6.630862553821207 5.78
579 6.64567164881103 5.79
580 6.650509681012559 5.8
581 6.616468685161637 5.81
582 6.651985477676502 5.82
583 6.638328029380835 5.83
584 6.693959362624801 5.84
585 6.708441796437083 5.850000000000001
586 6.733235866427793 5.86
587 6.707293708451258 5.87
588 6.696057879675117 5.88
589 6.666150673175956 5.89
590 6.726111342901651 5.9
591 6.779079758495614 5.91
592 6.769546836670592 5.92
593 6.730868912924838 5.93
594 6.757652417618087 5.94
595 6.821632037762569 5.95
596 6.832872823442266 5.96
597 6.80450691769007 5.97
598 6.808589913380773 5.98
599 6.863425692805913 5.99
600 6.870128862103996 6
601 6.87519986655844 6.01
602 6.922547110780301 6.02
603 6.916077868977455 6.03
604 6.966345602677448 6.04
605 7.001161843684982 6.05
606 7.020004729492534 6.06
607 7.019574753764529 6.07
608 7.04103580118611 6.08
609 7.064005158435572 6.09
610 7.054824632096884 6.100000000000001
611 7.063404566221926 6.11
612 7.138667863739109 6.12
613 7.14378798088137 6.13
614 7.137400581950895 6.140000000000001
615 7.188054842465722 6.15
616 7.315991433167521 6.16
617 7.327652660127177 6.17
618 7.240103900726679 6.18
619 7.201470763206557 6.19
620 7.173807925911579 6.2
621 7.243866658888249 6.21
622 7.292058446985107 6.22
623 7.337567584133502 6.23
624 7.405862663700211 6.24
625 7.483568986592654 6.25
626 7.446925435196879 6.26
627 7.364934113462171 6.27
628 7.317637741696507 6.28
629 7.320891242494785 6.29
630 7.330613750679681 6.3
631 7.364544300650855 6.31
632 7.448257812506385 6.32
633 7.480018547219471 6.33
634 7.51997813150237 6.34
635 7.482514790890346 6.350000000000001
636 7.408735218344693 6.36
637 7.355073723335846 6.37
638 7.348820527751649 6.38
639 7.415749235966429 6.390000000000001
640 7.384384548677965 6.4
641 7.348367244150077 6.41
642 7.334159611338642 6.42
643 7.323203542064385 6.43
644 7.376751612237672 6.44
645 7.381063293252889 6.45
646 7.40875024050001 6.46
647 7.342283050100703 6.47
648 7.359814900167551 6.48
649 7.338976933688471 6.49
650 7.30464070689294 6.5
651 7.290834068396943 6.51
652 7.237989797785873 6.52
653 7.247401642709924 6.53
654 7.231502947484721 6.54
655 7.283696099494585 6.55
656 7.240576112870838 6.56
657 7.227232948768013 6.57
658 7.201645023977798 6.58
659 7.180747082773443 6.59
660 7.204228973216505 6.600000000000001
661 7.199020225874531 6.61
662 7.237300603600358 6.62
663 7.169628144904689 6.63
664 7.123936758471346 6.640000000000001
665 7.078212845290849 6.65
666 7.089684256923609 6.66
667 7.08699391491696 6.67
668 7.074240285696605 6.68
669 7.099422524436953 6.69
670 7.048897390621272 6.7
671 7.028320643923592 6.71
672 7.018975542379232 6.72
673 7.05069117860205 6.73
674 7.049789932505189 6.74
675 7.071859846644046 6.75
676 7.043101523249429 6.76
677 6.966693376366578 6.77
678 6.865344084813237 6.78
679 6.815672065345767 6.79
680 6.90774842573186 6.8
681 6.934730766366306 6.81
682 6.878984874283454 6.82
683 6.884744365072438 6.83
684 6.826306460946589 6.84
685 6.924295049458162 6.850000000000001
686 6.866737064625604 6.86
687 6.803845959609143 6.87
688 6.75543709383935 6.88
689 6.698655595906136 6.890000000000001
690 6.644187141161575 6.9
691 6.610197194067585 6.91
692 6.584230230192989 6.92
693 6.54178344429584 6.93
694 6.580357359605546 6.94
695 6.537147877946323 6.95
696 6.583476521659884 6.96
697 6.593493714010944 6.97
698 6.550792597590323 6.98
699 6.374865904956665 6.99
700 6.340030585810671 7
701 6.281127217260484 7.01
702 6.313818545406206 7.02
703 6.318981085964845 7.03
704 6.306305884773077 7.04
705 6.271321221617555 7.05
706 6.238035654421676 7.06
707 6.219318499397984 7.07
708 6.214777567092537 7.08
709 6.219027295366142 7.09
710 6.152297211450156 7.100000000000001
711 6.100826836824295 7.11
712 6.086774658237524 7.12
713 6.053544363738402 7.13
714 6.045140230391295 7.140000000000001
715 5.985118538197973 7.15
716 5.968265565793436 7.16
717 5.962258345090703 7.17
718 5.932451856021299 7.18
719 5.867403371643873 7.19
720 5.819147259483338 7.2
721 5.806434194838084 7.21
722 5.805078082853756 7.22
723 5.816264859150034 7.23
724 5.764284866941324 7.24
725 5.746627493849633 7.25
726 5.719625632498163 7.26
727 5.725917930246826 7.27
728 5.712279248719812 7.28
729 5.661083309414161 7.29
730 5.644903562557694 7.3
731 5.592663865324281 7.31
732 5.61892282892275 7.32
733 5.617679051245427 7.33
734 5.597179949974872 7.34
735 5.555660288202965 7.350000000000001
736 5.55332025296695 7.36
737 5.528358106129533 7.37
738 5.499664232633869 7.38
739 5.515308350515049 7.390000000000001
740 5.507641219494162 7.4
741 5.494792209148495 7.41
742 5.468014471360916 7.42
743 5.485913178221617 7.43
744 5.474053414578209 7.44
745 5.473706665977553 7.45
746 5.446485101407415 7.46
747 5.403101298685013 7.47
748 5.431887137603284 7.48
749 5.436923694694217 7.49
750 5.472856699414897 7.5
751 5.420727427141853 7.51
752 5.451605151852829 7.52
753 5.426728991059146 7.53
754 5.425820843825501 7.54
755 5.439178067061485 7.55
756 5.435662691634177 7.56
757 5.430464256811995 7.57
758 5.425374997680964 7.58
759 5.454718187974978 7.59
760 5.429089118582898 7.600000000000001
761 5.489712149798278 7.61
762 5.502647569314795 7.62
763 5.504104622330319 7.63
764 5.472173054270052 7.640000000000001
765 5.462413674011648 7.65
766 5.450538447604174 7.66
767 5.488595044362236 7.67
768 5.527337593147635 7.68
769 5.505058458312132 7.69
770 5.543960907536457 7.7
771 5.564054182996503 7.71
772 5.576457726864405 7.72
773 5.584872415354504 7.73
774 5.611945387250707 7.74
775 5.652297330629528 7.75
776 5.645887372981613 7.76
777 5.693385197542121 7.77
778 5.677320492019523 7.78
779 5.695593840631973 7.79
780 5.720332964549484 7.8
781 5.755389236937863 7.81
782 5.772502097622128 7.82
783 5.813199089761715 7.83
784 5.846751852516065 7.84
785 5.842090639941945 7.850000000000001
786 5.881615713831597 7.86
787 5.906904608113059 7.87
788 5.956787352387103 7.88
789 5.974880130017271 7.890000000000001
790 6.013322195706488 7.9
791 6.020459212330439 7.91
792 6.031435696489994 7.92
793 6.061776694715589 7.930000000000001
794 6.084758083008671 7.94
795 6.119106477400033 7.95
796 6.132235985237438 7.96
797 6.189880008568254 7.97
798 6.18789474289521 7.98
799 6.213075116744527 7.99
800 6.266171039995435 8
801 6.259339483658565 8.01
802 6.267687031483692 8.02
803 6.289197193467365 8.029999999999999
804 6.319570763612025 8.040000000000001
805 6.316033206879224 8.050000000000001
806 6.269700917780633 8.06
807 6.352763825738423 8.07
808 6.342760873485951 8.08
809 6.384919784215233 8.09
810 6.396359355418374 8.1
811 6.373262385871075 8.109999999999999
812 6.404867048740184 8.120000000000001
813 6.359612801323643 8.130000000000001
814 6.373223174738932 8.140000000000001
815 6.355345768182187 8.15
816 6.373454240525334 8.16
817 6.343604407428323 8.17
818 6.346519491146011 8.18
819 6.353136860932063 8.19
820 6.334415837179396 8.199999999999999
821 6.312750265688358 8.210000000000001
822 6.352341599221411 8.220000000000001
823 6.408248400471975 8.23
824 6.367529088319702 8.24
825 6.371953151645216 8.25
826 6.322721051123978 8.26
827 6.288883505244115 8.27
828 6.313344150847734 8.279999999999999
829 6.298986220747253 8.290000000000001
830 6.358654873899216 8.300000000000001
831 6.354921746944514 8.31
832 6.358001569135814 8.32
833 6.399534373016431 8.33
834 6.40840527664613 8.34
835 6.40458146650022 8.35
836 6.457999524621551 8.359999999999999
837 6.454443529586797 8.370000000000001
838 6.462979743399048 8.380000000000001
839 6.428488997719946 8.390000000000001
840 6.472088651368815 8.4
841 6.427698550107046 8.41
842 6.48752150520455 8.42
843 6.531310930666649 8.43
844 6.521947596427206 8.44
845 6.563165292395973 8.449999999999999
846 6.521999937503795 8.460000000000001
847 6.569927156239037 8.470000000000001
848 6.596510193095618 8.48
849 6.625145980631753 8.49
850 6.62858143895751 8.5
851 6.65724941907752 8.51
852 6.637157417927518 8.52
853 6.655389105626591 8.529999999999999
854 6.656177627818864 8.540000000000001
855 6.657367604834551 8.550000000000001
856 6.631237233539934 8.56
857 6.660465220701039 8.57
858 6.702147862619827 8.58
859 6.741909505269826 8.59
860 6.79179647117127 8.6
861 6.770484935844245 8.609999999999999
862 6.769640191581965 8.620000000000001
863 6.793010291929937 8.630000000000001
864 6.816131798492445 8.640000000000001
865 6.850818295941885 8.65
866 6.866969623132425 8.66
867 6.830876319222106 8.67
868 6.903307306836663 8.68
869 6.945058166872038 8.69
870 6.959078084151241 8.700000000000001
871 6.968975176480095 8.710000000000001
872 7.061948235997993 8.720000000000001
873 7.053547264606286 8.73
874 6.99179083456746 8.74
875 7.047095462276829 8.75
876 7.101182215157863 8.76
877 7.16700804175645 8.77
878 7.143035821140739 8.779999999999999
879 7.177871217799475 8.790000000000001
880 7.209776210212048 8.800000000000001
881 7.269362894583321 8.81
882 7.300407804997215 8.82
883 7.302905476002268 8.83
884 7.380736171337873 8.84
885 7.396824661770927 8.85
886 7.339343626882274 8.859999999999999
887 7.317065538629397 8.870000000000001
888 7.355222936160273 8.880000000000001
889 7.390513510148936 8.890000000000001
890 7.429235668898997 8.9
891 7.475472776267318 8.91
892 7.518123697513807 8.92
893 7.563851809112028 8.93
894 7.567289885369608 8.94
895 7.527917802826828 8.950000000000001
896 7.464442257672845 8.960000000000001
897 7.447621399309955 8.970000000000001
898 7.45548729799 8.98
899 7.512000184416588 8.99
900 7.540680464070843 9
901 7.523144486291937 9.01
902 7.551759381436437 9.02
903 7.519121640824632 9.029999999999999
904 7.497437586441126 9.040000000000001
905 7.479818215246463 9.050000000000001
906 7.461389545747574 9.06
907 7.418378744109394 9.07
908 7.431191988413004 9.08
909 7.423550814910241 9.09
910 7.394958313302498 9.1
911 7.363699472807449 9.109999999999999
912 7.377744292567543 9.120000000000001
913 7.404975135666684 9.130000000000001
914 7.374810566812627 9.140000000000001
915 7.354784418730675 9.15
916 7.322287641839701 9.16
917 7.30739396367014 9.17
918 7.303785107913638 9.18
919 7.303142190813743 9.19
920 7.268717788326861 9.200000000000001
921 7.245298848922758 9.210000000000001
922 7.245729793493084 9.220000000000001
923 7.226746609354808 9.23
924 7.243383168972604 9.24
925 7.218437515480418 9.25
926 7.240352085363353 9.26
927 7.226313825737178 9.27
928 7.192537011547655 9.279999999999999
929 7.255356364059999 9.290000000000001
930 7.243575773464395 9.300000000000001
931 7.211764202773432 9.31
932 7.144825757691693 9.32
933 7.116616758689869 9.33
934 7.097795432442831 9.34
935 7.078119897881219 9.35
936 7.069853499730907 9.359999999999999
937 7.108009475555434 9.370000000000001
938 7.135303042209212 9.380000000000001
939 7.100205913974095 9.390000000000001
940 7.172179653802679 9.4
941 7.125362616062132 9.41
942 7.099912494249023 9.42
943 6.976810525719086 9.43
944 6.969555839376143 9.44
945 6.951318746654336 9.450000000000001
946 6.926692225605643 9.460000000000001
947 6.939547572971521 9.470000000000001
948 6.910359225213292 9.48
949 6.905284166453032 9.49
950 6.881911099907187 9.5
951 6.86168502766265 9.51
952 6.836217019345904 9.52
953 6.810104252886881 9.529999999999999
954 6.8130070016855 9.540000000000001
955 6.770668704788917 9.550000000000001
956 6.796344721856289 9.56
957 6.764797785058549 9.57
958 6.686722341829014 9.58
959 6.623526741861687 9.59
960 6.514561591667527 9.6
961 6.514962831595924 9.609999999999999
962 6.586169395347773 9.620000000000001
963 6.627721464000236 9.630000000000001
964 6.621345266291875 9.640000000000001
965 6.599414367102367 9.65
966 6.519932698562508 9.66
967 6.479597032462445 9.67
968 6.35164115199942 9.68
969 6.32433917948428 9.69
970 6.301971680452061 9.700000000000001
971 6.288500237080744 9.710000000000001
972 6.318116276267523 9.720000000000001
973 6.271792027690045 9.73
974 6.229650596737543 9.74
975 6.176827546371872 9.75
976 6.151559978676977 9.76
977 6.11614237360268 9.77
978 6.091830530190264 9.779999999999999
979 6.078350602691615 9.790000000000001
980 6.04702585967659 9.800000000000001
981 6.057219620784769 9.81
982 5.996776553781868 9.82
983 5.978654104499691 9.83
984 5.930302460303031 9.84
985 5.904295550255473 9.85
986 5.876380020198289 9.859999999999999
987 5.800027266504365 9.870000000000001
988 5.756285161980472 9.880000000000001
989 5.73898098608751 9.890000000000001
990 5.726409690562053 9.9
991 5.715284426428211 9.91
992 5.702598890160627 9.92
993 5.64925178179222 9.93
994 5.658615375261176 9.94
995 5.624118683799701 9.950000000000001
996 5.617310771065065 9.960000000000001
997 5.596636299549791 9.970000000000001
998 5.570698832391354 9.98
999 5.54933930918217 9.99
1000 5.588754342763641 10
