"report-file-0"
"Time Step" "cm etc.."
("Time Step" "cm" "flow-time")
0 0 0
1 0.1829533746620543 0.01
2 0.8164355553977675 0.02
3 0.3788603861382441 0.03
4 0.3112347389999384 0.04
5 0.3247028335849238 0.05
6 0.336445652299041 0.06
7 0.3300338075970732 0.07000000000000001
8 0.3216516485562376 0.08
9 0.3122666506196837 0.09
10 0.3015832867793112 0.1
11 0.2957653506903171 0.11
12 0.2846207552072842 0.12
13 0.2700077539342354 0.13
14 0.2612508266696519 0.14
15 0.2503765039982566 0.15
16 0.2433702859264418 0.16
17 0.2262284383225134 0.17
18 0.2146157268247867 0.18
19 0.2034556849586825 0.19
20 0.2103675326388854 0.2
21 0.1953588604334648 0.21
22 0.1754756153109742 0.22
23 0.1678043086206941 0.23
24 0.1511569039925739 0.24
25 0.1337489186376785 0.25
26 0.1311178514336788 0.26
27 0.1328620541265017 0.27
28 0.1154544684135033 0.28
29 0.09898065452890109 0.29
30 0.0814701316569577 0.3
31 0.06665007976105998 0.31
32 0.06346810197679723 0.32
33 0.05816884767214729 0.33
34 0.05754342299571417 0.34
35 0.0483727564282072 0.35
36 0.03882762760209017 0.36
37 0.02679189025907756 0.37
38 0.02001313797583144 0.38
39 0.01343874757053829 0.39
40 0.002719977413414785 0.4
41 -0.008668465268027272 0.41
42 -0.01481972888316069 0.42
43 -0.01028832460557115 0.43
44 -0.01206120002623564 0.44
45 -0.01999558648102587 0.45
46 -0.02349336556060611 0.46
47 -0.02375153810835472 0.47
48 -0.038075505452868 0.48
49 -0.03719169091618964 0.49
50 -0.02622364373734028 0.5
51 -0.02507277083895976 0.51
52 -0.03730315873140686 0.52
53 -0.04172918882400952 0.53
54 -0.03351247037636321 0.54
55 -0.03307196293595107 0.55
56 -0.04288988084160607 0.5600000000000001
57 -0.04959797164371943 0.5700000000000001
58 -0.04705973688520105 0.58
59 -0.04795180046471732 0.59
60 -0.04712076603496297 0.6
61 -0.04801877296931747 0.61
62 -0.0323032945743518 0.62
63 -0.029808995502067 0.63
64 -0.02820712013469188 0.64
65 -0.03751215641441046 0.65
66 -0.05356229554532054 0.66
67 -0.04760374807333464 0.67
68 -0.04698554046716001 0.68
69 -0.03331180306676463 0.6900000000000001
70 -0.02367106711309865 0.7000000000000001
71 -0.01501022595092158 0.71
72 -0.01320789258617934 0.72
73 -0.01285788299227773 0.73
74 -0.01266568755137404 0.74
75 0.002409343221487139 0.75
76 0.0195273409919315 0.76
77 0.01898663176858722 0.77
78 0.005034670887335677 0.78
79 -0.01516916627101994 0.79
80 -0.02917938590407189 0.8
81 -0.008673840595357486 0.8100000000000001
82 0.01167574156130958 0.8200000000000001
83 0.01988416332538633 0.8300000000000001
84 0.03412877550495654 0.84
85 0.04252911209629682 0.85
86 0.04497016039292514 0.86
87 0.02811102083117257 0.87
88 0.01117329916917705 0.88
89 0.004413772941330322 0.89
90 0.01335689047240002 0.9
91 0.02215631075490764 0.91
92 0.03368103224181912 0.92
93 0.03758301661043399 0.93
94 0.05145011974132502 0.9400000000000001
95 0.04894169645190879 0.9500000000000001
96 0.03202659466933182 0.96
97 0.01589062833074965 0.97
98 0.01345231252923159 0.98
99 0.03204192321937521 0.99
100 0.05227058841885408 1
101 0.05023690142948312 1.01
102 0.03008153044262779 1.02
103 0.02701571997040234 1.03
104 0.03018403499481201 1.04
105 0.04009333580427764 1.05
106 0.05933032146540711 1.06
107 0.04926380607656962 1.07
108 0.04000870514838549 1.08
109 0.03511287110145966 1.09
110 0.04647115517718301 1.1
111 0.05770237217825349 1.11
112 0.06299564134765687 1.12
113 0.05391560021815787 1.13
114 0.04566508871352778 1.14
115 0.04869538881026039 1.15
116 0.05986436562887121 1.16
117 0.08027670651444356 1.17
118 0.0739050513314637 1.18
119 0.06365225293123124 1.19
120 0.05262796089910111 1.2
121 0.07097879327764789 1.21
122 0.08555682825202231 1.22
123 0.08740780620251974 1.23
124 0.08798244390418845 1.24
125 0.08329410966413003 1.25
126 0.07962981564864435 1.26
127 0.08243766934048215 1.27
128 0.08360931632231891 1.28
129 0.09300320975136152 1.29
130 0.1094494507114459 1.3
131 0.1204848664671529 1.31
132 0.1079836183249621 1.32
133 0.1079182434390685 1.33
134 0.1169400302819718 1.34
135 0.1127369857048835 1.35
136 0.1169427596620972 1.36
137 0.1351088288876021 1.37
138 0.1369119795892479 1.38
139 0.1491690060508654 1.39
140 0.1444331256071914 1.4
141 0.1410858195854159 1.41
142 0.1325387657950272 1.42
143 0.1407224365059261 1.43
144 0.1502973821200949 1.44
145 0.1591991744183534 1.45
146 0.1708484023741114 1.46
147 0.1681818195094562 1.47
148 0.1684056193557608 1.48
149 0.1661316213792388 1.49
150 0.1695469815273766 1.5
151 0.1739864312230147 1.51
152 0.1697335199293822 1.52
153 0.1752519165511323 1.53
154 0.1829360206985597 1.54
155 0.1909644899415802 1.55
156 0.1903105118201504 1.56
157 0.1883464036691331 1.57
158 0.188943164417552 1.58
159 0.1943217465701506 1.59
160 0.1970897003312005 1.6
161 0.1961488143373574 1.61
162 0.1983828854611905 1.62
163 0.1982595756662742 1.63
164 0.2024612571031546 1.64
165 0.1982454826822689 1.65
166 0.201735008587366 1.66
167 0.2064478931994546 1.67
168 0.2115907296310513 1.68
169 0.217889817908741 1.69
170 0.2157960057084597 1.7
171 0.2190786536317171 1.71
172 0.2175807787746685 1.72
173 0.2227368755521911 1.73
174 0.2200938109071421 1.74
175 0.2275190764329298 1.75
176 0.2287045917183447 1.76
177 0.2293361116273308 1.77
178 0.2266235003217869 1.78
179 0.2303992667155316 1.79
180 0.2326060736251145 1.8
181 0.2362456658848961 1.81
182 0.2457245460165954 1.82
183 0.2460622484338573 1.83
184 0.2394266583877146 1.84
185 0.2385524405691276 1.85
186 0.2430592284003803 1.86
187 0.2467267224361149 1.87
188 0.2437124955834187 1.88
189 0.2496742628881972 1.89
190 0.2480072883194606 1.9
191 0.2567753376265057 1.91
192 0.2572085065665501 1.92
193 0.2594813442787432 1.93
194 0.2567458331764182 1.94
195 0.2554718557518049 1.95
196 0.2580194370187621 1.96
197 0.2615210739523447 1.97
198 0.2662666536505504 1.98
199 0.264532275409016 1.99
200 0.2691911877577062 2
201 0.2657561473184911 2.01
202 0.263171292800667 2.02
203 0.2599972763453138 2.03
204 0.2653891517117398 2.04
205 0.2698599648264323 2.05
206 0.2692926689463097 2.06
207 0.2728856582051516 2.07
208 0.2667330510133364 2.08
209 0.2729834305923145 2.09
210 0.2710430287224461 2.1
211 0.273959053193905 2.11
212 0.2724101052650433 2.12
213 0.2731766427205414 2.13
214 0.2739155083759633 2.14
215 0.275617799347563 2.15
216 0.2759941648392077 2.16
217 0.2763769755313362 2.17
218 0.2809963077125608 2.18
219 0.2858470598578905 2.19
220 0.2809447684008347 2.2
221 0.2742603417104825 2.21
222 0.2745305449485576 2.22
223 0.2740317217807184 2.23
224 0.2750347310138991 2.24
225 0.279607029941596 2.25
226 0.2830872209274876 2.26
227 0.2801928443035904 2.27
228 0.2805597348862545 2.28
229 0.2763001522555977 2.29
230 0.2771591411600085 2.3
231 0.2782907757852627 2.31
232 0.2781064768678396 2.32
233 0.2775495558594892 2.33
234 0.2755914431172032 2.34
235 0.2766595157882642 2.35
236 0.2775484888930526 2.36
237 0.2817132150633884 2.37
238 0.2782475834972504 2.38
239 0.2789399987570254 2.39
240 0.2718333574482853 2.4
241 0.2686711006539255 2.41
242 0.2686057276358182 2.42
243 0.2684822786198587 2.43
244 0.2719028951408228 2.44
245 0.2675966665274284 2.45
246 0.2649146875755432 2.46
247 0.2674491203242509 2.47
248 0.270394685261192 2.48
249 0.2666673055170796 2.49
250 0.262729951470495 2.5
251 0.2556553988253457 2.51
252 0.2520919147938605 2.52
253 0.2552373231182924 2.53
254 0.2479412244618037 2.54
255 0.2456892585620389 2.55
256 0.2415073112347594 2.56
257 0.2337494179035214 2.57
258 0.2299603413813211 2.58
259 0.2261071608473764 2.59
260 0.2219399803657464 2.6
261 0.2132037471267257 2.61
262 0.2088772507785515 2.62
263 0.2098048548379355 2.63
264 0.2034132670353772 2.64
265 0.1950964941437988 2.65
266 0.1876922688313956 2.66
267 0.1832985852488761 2.67
268 0.1757166151868854 2.68
269 0.1723361427171365 2.69
270 0.1615282321843056 2.7
271 0.1574392863080619 2.71
272 0.1566310528321658 2.72
273 0.1552192183993708 2.73
274 0.1495834761210156 2.74
275 0.1432938309590394 2.75
276 0.1347338416812932 2.76
277 0.1301133891379659 2.77
278 0.1248012627317057 2.78
279 0.1169351775600906 2.79
280 0.1078638934297482 2.8
281 0.1073894778330928 2.81
282 0.1006364853844356 2.82
283 0.1009399987060383 2.83
284 0.09084617449887733 2.84
285 0.08675812784121006 2.85
286 0.08538062880657041 2.86
287 0.09103849102030141 2.87
288 0.08686386228812636 2.88
289 0.09127841169082927 2.89
290 0.09289336565606739 2.9
291 0.08791530875686626 2.91
292 0.09055455157091676 2.92
293 0.0821902950259981 2.93
294 0.08728401246626674 2.94
295 0.09100462502772928 2.95
296 0.09129613621807642 2.96
297 0.09560741029016649 2.97
298 0.1002628099442065 2.98
299 0.1039493603946445 2.99
300 0.1060519326243159 3
301 0.1045741680949866 3.01
302 0.1061898768029369 3.02
303 0.1114469579416432 3.03
304 0.1078854391274995 3.04
305 0.1149370372897874 3.05
306 0.101127407781159 3.06
307 0.1031316271841595 3.07
308 0.1056780998377165 3.08
309 0.1128195048432879 3.09
310 0.111545607211622 3.1
311 0.1050694623868508 3.11
312 0.1075521454459124 3.12
313 0.1083024957603862 3.13
314 0.1174877037133956 3.14
315 0.1061271707175027 3.15
316 0.1051575229409109 3.16
317 0.1052912204136786 3.17
318 0.1066851125412227 3.18
319 0.105046863401733 3.19
320 0.1060943341731607 3.2
321 0.100176346244834 3.21
322 0.1103927061209431 3.22
323 0.1093211512596152 3.23
324 0.1112963722444351 3.24
325 0.1089011978747073 3.25
326 0.1046839670235266 3.26
327 0.1017598003153463 3.27
328 0.1074193872193318 3.28
329 0.1121794230240462 3.29
330 0.125056349518043 3.3
331 0.1160592522286232 3.31
332 0.106860926430007 3.32
333 0.09375011028533127 3.33
334 0.09891391802266668 3.34
335 0.1154338614124064 3.35
336 0.1108259139798173 3.36
337 0.1042197802473964 3.37
338 0.1090317245308846 3.38
339 0.1080579264285512 3.39
340 0.09733997245665041 3.4
341 0.0940928899053641 3.41
342 0.09197918100035456 3.42
343 0.09916488304582845 3.43
344 0.103230670564081 3.44
345 0.1094226136862371 3.45
346 0.1051320496003696 3.46
347 0.108811418976875 3.47
348 0.1166290345549353 3.48
349 0.1070674971115427 3.49
350 0.09925042731866457 3.5
351 0.09804115573715348 3.51
352 0.1057946083330774 3.52
353 0.112476311558149 3.53
354 0.1120866195105889 3.54
355 0.1135436011462795 3.55
356 0.1134650223373375 3.56
357 0.09983091545632305 3.57
358 0.08986625357254774 3.58
359 0.08312152686073535 3.59
360 0.0765475612461307 3.6
361 0.07627371703728547 3.61
362 0.07125290772262756 3.62
363 0.06967283880128794 3.63
364 0.06104986620829516 3.64
365 0.05190231582558744 3.65
366 0.04360454638528789 3.66
367 0.03441192914868705 3.67
368 0.02334270828870981 3.68
369 0.02054752663178049 3.69
370 0.01345732518150243 3.7
371 0.008801972291710005 3.71
372 0.008807563437826457 3.72
373 0.000800291616299155 3.73
374 -0.0009757063992911227 3.74
375 -0.001092708695692732 3.75
376 -0.001895444515744722 3.76
377 -0.003946038590805718 3.77
378 -0.001718118470555809 3.78
379 0.00274340510935328 3.79
380 0.009979209745476005 3.8
381 0.01341367739983372 3.81
382 0.01051444074388242 3.82
383 0.00917765080045514 3.83
384 0.01268801581255382 3.84
385 0.02285820256639002 3.85
386 0.03212506782483431 3.86
387 0.03792324006921365 3.87
388 0.03826978084286126 3.88
389 0.04342778740808923 3.89
390 0.05067738544340903 3.9
391 0.05627250861556675 3.91
392 0.06597566801238559 3.92
393 0.07046515045016738 3.93
394 0.07547958738534916 3.94
395 0.07844908179544705 3.95
396 0.08038631538539157 3.96
397 0.08412022540235246 3.97
398 0.08819790249428523 3.98
399 0.09396352120105979 3.99
400 0.1008659949315637 4
401 0.1050928937481978 4.01
402 0.1057193417667793 4.02
403 0.1119832750765975 4.03
404 0.1146358033439073 4.04
405 0.1183067736820436 4.05
406 0.1298275015945247 4.06
407 0.1356077342822048 4.07
408 0.1373561113225834 4.08
409 0.141228748180331 4.09
410 0.1432281235780883 4.1
411 0.1448027105655764 4.11
412 0.1446014998404389 4.12
413 0.1500707253884112 4.13
414 0.155482501239007 4.14
415 0.1603101404937277 4.15
416 0.1671141726460729 4.16
417 0.1740216681649397 4.17
418 0.1744325509656341 4.18
419 0.1707806319473959 4.19
420 0.1726334057691148 4.2
421 0.1747154690574299 4.21
422 0.1876967749602205 4.22
423 0.1911975329865616 4.23
424 0.1926524130290399 4.24
425 0.1928069251422475 4.25
426 0.1951304788476116 4.26
427 0.199329083200344 4.27
428 0.1997611950231237 4.28
429 0.2045895454776266 4.29
430 0.202655253686959 4.3
431 0.205850806553973 4.31
432 0.2001241282941357 4.32
433 0.2051130869036958 4.33
434 0.2034770114517089 4.34
435 0.2042242862471241 4.350000000000001
436 0.2127435180921684 4.36
437 0.2114011538908298 4.37
438 0.2143303856519806 4.38
439 0.2117901969654512 4.39
440 0.2159987190242394 4.4
441 0.2167058441726877 4.41
442 0.2153533831897317 4.42
443 0.2191087999916732 4.43
444 0.2207086336848676 4.44
445 0.220993232880628 4.45
446 0.2200030592949271 4.46
447 0.2209504615623326 4.47
448 0.2225125033535925 4.48
449 0.223704370587151 4.49
450 0.2193559524510706 4.5
451 0.2198162377333447 4.51
452 0.2189938314446823 4.52
453 0.2199141757881464 4.53
454 0.2208675721159482 4.54
455 0.2213462007683379 4.55
456 0.2275103692337665 4.56
457 0.2256702046600964 4.57
458 0.2291865916491622 4.58
459 0.2295232634502577 4.59
460 0.2255098571330971 4.600000000000001
461 0.2186425769714903 4.61
462 0.2200887279515978 4.62
463 0.2157836513087014 4.63
464 0.2226886437122054 4.64
465 0.2305614527286484 4.65
466 0.229847106727721 4.66
467 0.2328605809230415 4.67
468 0.2230134664165303 4.68
469 0.223518319876708 4.69
470 0.2204467268625208 4.7
471 0.2251185047122737 4.71
472 0.226525286889401 4.72
473 0.2192778175526304 4.73
474 0.219465574534441 4.74
475 0.2308804035355042 4.75
476 0.2353431841838015 4.76
477 0.229326486615817 4.77
478 0.2182359669733371 4.78
479 0.2154658587406002 4.79
480 0.226430560013101 4.8
481 0.2433514413452591 4.81
482 0.2468622798302046 4.82
483 0.2450127584955313 4.83
484 0.248779011382441 4.84
485 0.2398189541632464 4.850000000000001
486 0.2386122966683404 4.86
487 0.2446676314307805 4.87
488 0.2481069798561198 4.88
489 0.244837654199516 4.89
490 0.2434595218849429 4.9
491 0.2498017833862745 4.91
492 0.2542144588490423 4.92
493 0.2581278755314456 4.93
494 0.2606872589898645 4.94
495 0.2637213475135148 4.95
496 0.2525464924788898 4.96
497 0.2572000127592433 4.97
498 0.2613162397068093 4.98
499 0.2601362354889857 4.99
500 0.2704896705485332 5
501 0.2679689288691409 5.01
502 0.2736522834013385 5.02
503 0.2723272083352439 5.03
504 0.2674564883872576 5.04
505 0.2661576506134925 5.05
506 0.2701074520333766 5.06
507 0.2665831046454883 5.07
508 0.2705232821474298 5.08
509 0.2707418322321843 5.09
510 0.2707667094466531 5.100000000000001
511 0.2748879447750308 5.11
512 0.2751065670947246 5.12
513 0.2751793925884654 5.13
514 0.2702013915401156 5.14
515 0.2637006925620186 5.15
516 0.2609689957352002 5.16
517 0.2611244396629397 5.17
518 0.26169323125589 5.18
519 0.2613126484450666 5.19
520 0.2607353803469579 5.2
521 0.2515084996067397 5.21
522 0.2489544239333597 5.22
523 0.2437280284698753 5.23
524 0.2453963100052879 5.24
525 0.2450540722663984 5.25
526 0.2417712203870301 5.26
527 0.2413122690824631 5.27
528 0.2355293199929058 5.28
529 0.2314246911736124 5.29
530 0.2287416113399431 5.3
531 0.2227929812724988 5.31
532 0.2203323492953674 5.32
533 0.2139432283542373 5.33
534 0.2067917675739108 5.34
535 0.2062953298823602 5.350000000000001
536 0.2091112247679586 5.36
537 0.2083537995384973 5.37
538 0.2075105846761563 5.38
539 0.1992669921303827 5.39
540 0.1892056002544471 5.4
541 0.1841799961826528 5.41
542 0.1786647782307561 5.42
543 0.1753362561925112 5.43
544 0.1731554103628361 5.44
545 0.1636783465423945 5.45
546 0.1522667779054535 5.46
547 0.1506650836914613 5.47
548 0.1425823189701411 5.48
549 0.1373946861453131 5.49
550 0.1338954688309127 5.5
551 0.1253500387986168 5.51
552 0.1168740688816936 5.52
553 0.1081219076570485 5.53
554 0.09909280952815896 5.54
555 0.09766517256164468 5.55
556 0.09627713352526356 5.56
557 0.09369494437080576 5.57
558 0.08549739820612798 5.58
559 0.0822043576829842 5.59
560 0.06698965342404929 5.600000000000001
561 0.06555643574790294 5.61
562 0.06312799060384944 5.62
563 0.05832697380528849 5.63
564 0.0522989335551931 5.64
565 0.05291832262490782 5.65
566 0.06212690797285755 5.66
567 0.06902337062396319 5.67
568 0.0766106347272897 5.68
569 0.07021066319711307 5.69
570 0.07134928153225052 5.7
571 0.07751379838615197 5.71
572 0.07169074751003074 5.72
573 0.07162708738972123 5.73
574 0.06566180219883214 5.74
575 0.07506704796742394 5.75
576 0.0684189828935096 5.76
577 0.07333090790925406 5.77
578 0.07397595048874414 5.78
579 0.08267189648287512 5.79
580 0.0837180605071621 5.8
581 0.08442104665288994 5.81
582 0.08989283094413744 5.82
583 0.08670044169273484 5.83
584 0.08918913399187049 5.84
585 0.08361803791746035 5.850000000000001
586 0.08776150699137295 5.86
587 0.08833142468856338 5.87
588 0.08948620578563485 5.88
589 0.09462967572703711 5.89
590 0.09742081671875749 5.9
591 0.102600091142096 5.91
592 0.1006028099255332 5.92
593 0.1010386594644158 5.93
594 0.09554581321376056 5.94
595 0.1073807548353073 5.95
596 0.1143420127460119 5.96
597 0.10947325806225 5.97
598 0.1022768826497113 5.98
599 0.1041891111346302 5.99
600 0.1058587984314605 6
601 0.1004883240228763 6.01
602 0.1060046103060441 6.02
603 0.1026451973856285 6.03
604 0.1102292089215346 6.04
605 0.1098130472952243 6.05
606 0.1086458063264026 6.06
607 0.1077732430053326 6.07
608 0.1081130059272039 6.08
609 0.1099225677438459 6.09
610 0.1013436450674335 6.100000000000001
611 0.09736108884196214 6.11
612 0.0951344945297766 6.12
613 0.1035252993406042 6.13
614 0.1007211653962016 6.140000000000001
615 0.1004055661408101 6.15
616 0.1083277956981845 6.16
617 0.1115769748175055 6.17
618 0.1042886459199294 6.18
619 0.08514214588091032 6.19
620 0.07476179182429754 6.2
621 0.07799988948739982 6.21
622 0.08753321453007755 6.22
623 0.09424344204558351 6.23
624 0.1022504638082277 6.24
625 0.1076372752396012 6.25
626 0.1005793821184507 6.26
627 0.08859532252901386 6.27
628 0.07191406550862803 6.28
629 0.06969097612954521 6.29
630 0.07373653405845304 6.3
631 0.07893002623729276 6.31
632 0.08687670312078934 6.32
633 0.09274706149918981 6.33
634 0.08771250897591165 6.34
635 0.08279735251379504 6.350000000000001
636 0.06718239713768293 6.36
637 0.05881764749053629 6.37
638 0.06276890918213329 6.38
639 0.06961806397460343 6.390000000000001
640 0.07457577462650107 6.4
641 0.06563832575992364 6.41
642 0.04982240663311881 6.42
643 0.05039601827570044 6.43
644 0.05680359841163848 6.44
645 0.06389450632815763 6.45
646 0.05818348931432531 6.46
647 0.04903252280302073 6.47
648 0.04747560735382277 6.48
649 0.04890490617577725 6.49
650 0.05157905408280113 6.5
651 0.04536356354524382 6.51
652 0.04004337953451188 6.52
653 0.04120874544015277 6.53
654 0.04706450600102121 6.54
655 0.05091436568642232 6.55
656 0.05341436234446197 6.56
657 0.04683361971913384 6.57
658 0.04020816282890452 6.58
659 0.04760421162256835 6.59
660 0.0558863211388779 6.600000000000001
661 0.06212432715624407 6.61
662 0.06229660166230108 6.62
663 0.05636013193451742 6.63
664 0.05697884538793621 6.640000000000001
665 0.06322413273792941 6.65
666 0.06825045878653559 6.66
667 0.07788521728141354 6.67
668 0.07937464434293512 6.68
669 0.08220878002327375 6.69
670 0.08686006030820421 6.7
671 0.0936376036044385 6.71
672 0.0917701201087749 6.72
673 0.1020055154986882 6.73
674 0.1042216447945639 6.74
675 0.1111520319283724 6.75
676 0.1205821708443745 6.76
677 0.1210205067148761 6.77
678 0.1229514329772008 6.78
679 0.1162877736880453 6.79
680 0.1379062525200016 6.8
681 0.1381669645438453 6.81
682 0.1357763968842135 6.82
683 0.1442967825969482 6.83
684 0.1578034523108943 6.84
685 0.1569559778743088 6.850000000000001
686 0.1608834045592891 6.86
687 0.164196613214944 6.87
688 0.1712131473887999 6.88
689 0.1611129572486488 6.890000000000001
690 0.1671060825560835 6.9
691 0.1748368980327189 6.91
692 0.1731598640871578 6.92
693 0.1856266421408175 6.93
694 0.1905970194970417 6.94
695 0.1861575868679237 6.95
696 0.1871158506843264 6.96
697 0.1903868700834693 6.97
698 0.1918408618679147 6.98
699 0.2192415842963804 6.99
700 0.2051482670425636 7
701 0.2053061695081417 7.01
702 0.2022455079836854 7.02
703 0.2079965932137611 7.03
704 0.207325441349982 7.04
705 0.2181229638573275 7.05
706 0.2162257813515754 7.06
707 0.2204628876915146 7.07
708 0.225996881351997 7.08
709 0.2274963304755582 7.09
710 0.2308836066955572 7.100000000000001
711 0.2285758659944437 7.11
712 0.2319775030875204 7.12
713 0.2302594785298485 7.13
714 0.2377467485779682 7.140000000000001
715 0.2368170455919818 7.15
716 0.2392240412409889 7.16
717 0.2445643528813467 7.17
718 0.245962322193855 7.18
719 0.2502661523129576 7.19
720 0.2447955738288825 7.2
721 0.2513997510069056 7.21
722 0.2492597891676395 7.22
723 0.2552190071618822 7.23
724 0.2576680995701344 7.24
725 0.2665586041202483 7.25
726 0.2662893032493472 7.26
727 0.265356939982487 7.27
728 0.2667759260901897 7.28
729 0.2671146553891073 7.29
730 0.2748702362910314 7.3
731 0.2750988656510205 7.31
732 0.2752444542751659 7.32
733 0.2737175713469744 7.33
734 0.2748823066836471 7.34
735 0.2830234863171605 7.350000000000001
736 0.2869199020162642 7.36
737 0.285617367293223 7.37
738 0.2804681208360241 7.38
739 0.2828834078525209 7.390000000000001
740 0.2844248162747747 7.4
741 0.2882545749467599 7.41
742 0.291648088075127 7.42
743 0.2925833021106623 7.43
744 0.2946976390669473 7.44
745 0.2915321672355039 7.45
746 0.2934894233733483 7.46
747 0.2927231007379361 7.47
748 0.2985742928811906 7.48
749 0.2992584202807818 7.49
750 0.3045925818051018 7.5
751 0.3042318223894412 7.51
752 0.3064213818997515 7.52
753 0.3045051843898475 7.53
754 0.3041950781969305 7.54
755 0.3025884615851957 7.55
756 0.3022120906842758 7.56
757 0.3044414533924165 7.57
758 0.3077360952875006 7.58
759 0.3114160943949417 7.59
760 0.3188847285751898 7.600000000000001
761 0.3204074946094075 7.61
762 0.3194473617070735 7.62
763 0.3155061430751294 7.63
764 0.3170803613825789 7.640000000000001
765 0.31685308854998 7.65
766 0.3139588151839823 7.66
767 0.3162696398891757 7.67
768 0.3215569082355609 7.68
769 0.3220203369704117 7.69
770 0.3209866962104748 7.7
771 0.3229647059503378 7.71
772 0.3205491496905983 7.72
773 0.3220654252659315 7.73
774 0.3206585247740413 7.74
775 0.3211975739124465 7.75
776 0.3214371593551271 7.76
777 0.3164235349629872 7.77
778 0.3179658185338712 7.78
779 0.3108882100905423 7.79
780 0.3118278085131191 7.8
781 0.3062540236823306 7.81
782 0.2994674682065594 7.82
783 0.3031558522524661 7.83
784 0.3004928794367764 7.84
785 0.2999200841451502 7.850000000000001
786 0.2910267130154536 7.86
787 0.2893416830557279 7.87
788 0.2831921539632531 7.88
789 0.2757523829906534 7.890000000000001
790 0.271351848889854 7.9
791 0.2680945813797771 7.91
792 0.2654807488420217 7.92
793 0.2571377722024408 7.930000000000001
794 0.2523260824356596 7.94
795 0.2430255492246868 7.95
796 0.2423111505307915 7.96
797 0.2322001125118147 7.97
798 0.2229440540052985 7.98
799 0.2183915255351444 7.99
800 0.2120537394942897 8
801 0.2037887544732313 8.01
802 0.2022601005687523 8.02
803 0.2058175204881344 8.029999999999999
804 0.1965177205543726 8.040000000000001
805 0.1888668988283966 8.050000000000001
806 0.1867971177376149 8.06
807 0.1784024856112162 8.07
808 0.1647747993329183 8.08
809 0.1567307506525561 8.09
810 0.1668623037453716 8.1
811 0.1550118199487568 8.109999999999999
812 0.1570577938373429 8.120000000000001
813 0.1443377388448375 8.130000000000001
814 0.1412178571135068 8.140000000000001
815 0.1280581682855897 8.15
816 0.1261464138813186 8.16
817 0.124917402535037 8.17
818 0.1186494126437959 8.18
819 0.1142873430622587 8.19
820 0.1047578724340356 8.199999999999999
821 0.0973252189570535 8.210000000000001
822 0.09850295402998949 8.220000000000001
823 0.09601966407955674 8.23
824 0.1002181405854278 8.24
825 0.09251149327940349 8.25
826 0.09293388205073902 8.26
827 0.08594785419856688 8.27
828 0.08914195122987283 8.279999999999999
829 0.08078514933077686 8.290000000000001
830 0.07376735598324921 8.300000000000001
831 0.07943331357024126 8.31
832 0.07403703540046577 8.32
833 0.07980706965757825 8.33
834 0.08136746169123091 8.34
835 0.08264447845207351 8.35
836 0.08432593391351492 8.359999999999999
837 0.07933084254184658 8.370000000000001
838 0.08045153745775667 8.380000000000001
839 0.08299359828416529 8.390000000000001
840 0.08480615514225738 8.4
841 0.07743812823067016 8.41
842 0.08234165102457962 8.42
843 0.08501077054469382 8.43
844 0.08521872954155973 8.44
845 0.0894731445941456 8.449999999999999
846 0.08941108283473413 8.460000000000001
847 0.08867174258863317 8.470000000000001
848 0.08732736615082523 8.48
849 0.08855090965143085 8.49
850 0.08469209397240256 8.5
851 0.093765891146491 8.51
852 0.09162218117582599 8.52
853 0.09290545513268963 8.529999999999999
854 0.09240229716763521 8.540000000000001
855 0.09851320526667127 8.550000000000001
856 0.09249293743481198 8.56
857 0.08622613539766108 8.57
858 0.08759407370069019 8.58
859 0.09553099941232743 8.59
860 0.1024170646848001 8.6
861 0.09664056266884592 8.609999999999999
862 0.1086246737238205 8.620000000000001
863 0.1021875534607469 8.630000000000001
864 0.1050829646876438 8.640000000000001
865 0.09252940088981335 8.65
866 0.08757286894900686 8.66
867 0.1021907687107656 8.67
868 0.1035352236545494 8.68
869 0.1001537970160656 8.69
870 0.09501011319585641 8.700000000000001
871 0.09381890262440179 8.710000000000001
872 0.09744946854219838 8.720000000000001
873 0.1052478125535827 8.73
874 0.1173056368448299 8.74
875 0.1016433584169728 8.75
876 0.08297273887821403 8.76
877 0.08402966292842598 8.77
878 0.09307280205101551 8.779999999999999
879 0.08672037584562001 8.790000000000001
880 0.086414195441334 8.800000000000001
881 0.08984893819641622 8.81
882 0.09323184990372359 8.82
883 0.09414265947328956 8.83
884 0.09317971689949339 8.84
885 0.09624993978551952 8.85
886 0.08541438958537198 8.859999999999999
887 0.08393750524729564 8.870000000000001
888 0.08177643903241293 8.880000000000001
889 0.09604476169619108 8.890000000000001
890 0.09374727696792785 8.9
891 0.09072571334099708 8.91
892 0.09473893629864415 8.92
893 0.1005537896781901 8.93
894 0.1038729974511415 8.94
895 0.09865536819779849 8.950000000000001
896 0.09146158307589961 8.960000000000001
897 0.08289872010161943 8.970000000000001
898 0.08598360124849022 8.98
899 0.09166032655054039 8.99
900 0.09806172575048765 9
901 0.09588172379592917 9.01
902 0.09568685051518087 9.02
903 0.09460541390086658 9.029999999999999
904 0.0872709473960975 9.040000000000001
905 0.08105354752446878 9.050000000000001
906 0.07147918345787076 9.06
907 0.06141135476716124 9.07
908 0.0606463222489399 9.08
909 0.0525125609188095 9.09
910 0.04417134844901574 9.1
911 0.04880096059919487 9.109999999999999
912 0.04052452216308686 9.120000000000001
913 0.03803749420719722 9.130000000000001
914 0.02781385599294794 9.140000000000001
915 0.01882907903175117 9.15
916 0.01451468999550388 9.16
917 0.01862495108832948 9.17
918 0.0140218346676397 9.18
919 0.01081084436823264 9.19
920 0.004182314566451417 9.200000000000001
921 0.0003156459077522102 9.210000000000001
922 0.006008677596361665 9.220000000000001
923 0.0106907578337292 9.23
924 0.01482945389207022 9.24
925 0.01750623131361964 9.25
926 0.01867184904281563 9.26
927 0.02440214658718723 9.27
928 0.02960541538521564 9.279999999999999
929 0.0378806619005891 9.290000000000001
930 0.04329119208710033 9.300000000000001
931 0.04595904680844753 9.31
932 0.04881058223253115 9.32
933 0.05016191898610926 9.33
934 0.05161510952489262 9.34
935 0.05861810908100813 9.35
936 0.06894472370289244 9.359999999999999
937 0.07626526735540293 9.370000000000001
938 0.08121365244840696 9.380000000000001
939 0.08502588213306178 9.390000000000001
940 0.07075778097180865 9.4
941 0.08498987290012822 9.41
942 0.09346346683656558 9.42
943 0.09923095862915864 9.43
944 0.1070345741547834 9.44
945 0.1096930084626504 9.450000000000001
946 0.1065847478785823 9.460000000000001
947 0.1062031448569342 9.470000000000001
948 0.1150710606578432 9.48
949 0.111630401197549 9.49
950 0.1211262582885569 9.5
951 0.1343139144375211 9.51
952 0.1375550528333889 9.52
953 0.144930498863 9.529999999999999
954 0.1432110074654186 9.540000000000001
955 0.1529048024703698 9.550000000000001
956 0.156409969473449 9.56
957 0.146282468847504 9.57
958 0.1478224640256117 9.58
959 0.1561166451240164 9.59
960 0.1644203195030345 9.6
961 0.1760590663516282 9.609999999999999
962 0.1800391567911267 9.620000000000001
963 0.1811778924763888 9.630000000000001
964 0.1803820771263109 9.640000000000001
965 0.1798464570600735 9.65
966 0.1842310962066622 9.66
967 0.1864169998593831 9.67
968 0.1883936712834232 9.68
969 0.1850255979725142 9.69
970 0.1867693595660034 9.700000000000001
971 0.1877807467349618 9.710000000000001
972 0.1941338366212488 9.720000000000001
973 0.1992121596560148 9.73
974 0.1991031596444796 9.74
975 0.2023713219708441 9.75
976 0.1985385464073149 9.76
977 0.2045542387217795 9.77
978 0.2059170947398345 9.779999999999999
979 0.2113242759917395 9.790000000000001
980 0.2149639402526016 9.800000000000001
981 0.2132380573187063 9.81
982 0.2159369013074351 9.82
983 0.2207155589388687 9.83
984 0.2242299453114196 9.84
985 0.2231598785104316 9.85
986 0.2307601270077216 9.859999999999999
987 0.2246823558554656 9.870000000000001
988 0.2271312600921873 9.880000000000001
989 0.2265968937898886 9.890000000000001
990 0.2304664907336663 9.9
991 0.2364658832890381 9.91
992 0.2381300172726969 9.92
993 0.2408502547848687 9.93
994 0.2406005819869798 9.94
995 0.2472481154797864 9.950000000000001
996 0.2476349134479844 9.960000000000001
997 0.2556894785732881 9.970000000000001
998 0.2540239312912887 9.98
999 0.2521859103793613 9.99
1000 0.2562546015988932 10
