"cm-rfile"
"Time Step" "cm etc.."
("Time Step" "cm" "flow-time")
0 0 0
1 45.37350560728559 0.01
2 0.8617975527443252 0.02
3 0.7888556648010705 0.03
4 0.815492671930621 0.04
5 0.8071201622252937 0.05
6 0.866808981538136 0.06
7 0.764256434856571 0.07000000000000001
8 0.7929305463921263 0.08
9 0.7289341704953241 0.09
10 0.6664218049501914 0.1
11 0.5871333753169589 0.11
12 0.5591045097551295 0.12
13 0.4658817434139544 0.13
14 0.382512937566309 0.14
15 0.2939735455878749 0.15
16 0.2287384759242024 0.16
17 0.135250550712639 0.17
18 0.07579788237157355 0.18
19 0.04836569200753098 0.19
20 -0.004585790733403153 0.2
21 -0.03974828916045537 0.21
22 -0.08281618585676757 0.22
23 -0.1183490836374153 0.23
24 -0.1401919737377131 0.24
25 -0.1501774476762211 0.25
26 -0.1741878340723827 0.26
27 -0.1664048691703922 0.27
28 -0.1679003540795582 0.28
29 -0.1724300827263702 0.29
30 -0.175551364022511 0.3
31 -0.1664072696732221 0.31
32 -0.1555481312341876 0.32
33 -0.1488705436071699 0.33
34 -0.1312211676335012 0.34
35 -0.1177547846237853 0.35
36 -0.08759837637593242 0.36
37 -0.03949096293835659 0.37
38 0.00321234478075942 0.38
39 0.04525252348360583 0.39
40 0.06836035975953721 0.4
41 0.1079724501635886 0.41
42 0.1511476852188072 0.42
43 0.1799635067975575 0.43
44 0.2172218146697744 0.44
45 0.2428791024527344 0.45
46 0.2587736056457543 0.46
47 0.2685560390349604 0.47
48 0.2933003743812969 0.48
49 0.3375247815057888 0.49
50 0.3705245824223912 0.5
51 0.4058078661894167 0.51
52 0.4452901562589643 0.52
53 0.4580512449362556 0.53
54 0.474333534875118 0.54
55 0.4978278841283342 0.55
56 0.5180430938576224 0.5600000000000001
57 0.5382157165584174 0.5700000000000001
58 0.5391801898228299 0.58
59 0.5422898570429427 0.59
60 0.5491804719254506 0.6
61 0.5437519463927082 0.61
62 0.5163377488581167 0.62
63 0.509141690652301 0.63
64 0.5019995197809438 0.64
65 0.5117567653929074 0.65
66 0.5037770687593427 0.66
67 0.4763384807894671 0.67
68 0.4217375938085553 0.68
69 0.3784120008848102 0.6900000000000001
70 0.3508934148739808 0.7000000000000001
71 0.3458444166685292 0.71
72 0.3494350199871236 0.72
73 0.3301611208049866 0.73
74 0.2888564973819366 0.74
75 0.2350367778943699 0.75
76 0.1848158380468563 0.76
77 0.1548407317278713 0.77
78 0.1548166944190325 0.78
79 0.158302966168724 0.79
80 0.1200385544786572 0.8
81 0.08964553062185919 0.8100000000000001
82 0.06099134279063916 0.8200000000000001
83 0.02532682888889917 0.8300000000000001
84 0.006148511970554032 0.84
85 0.01068142334351215 0.85
86 0.0173192596386472 0.86
87 -0.001447286283388086 0.87
88 -0.01447300509935474 0.88
89 -0.04598385839078729 0.89
90 -0.06103916835270425 0.9
91 -0.05795476509782915 0.91
92 -0.05325691720036337 0.92
93 -0.05768898317525702 0.93
94 -0.03985075413615623 0.9400000000000001
95 -0.05094998824552437 0.9500000000000001
96 -0.04186882701463575 0.96
97 -0.04611018077057064 0.97
98 -0.05811425440979836 0.98
99 -0.06019235983004451 0.99
100 -0.05381332487801842 1
101 -0.04596732434665178 1.01
102 -0.02949833887232843 1.02
103 -0.01522168451073431 1.03
104 -0.006743854578232 1.04
105 0.0009965222635633572 1.05
106 0.003008033070529474 1.06
107 0.01012206291805403 1.07
108 0.01714680133783885 1.08
109 0.021862239934479 1.09
110 0.02421851853697088 1.1
111 0.0341686497214084 1.11
112 0.0458961485476868 1.12
113 0.05962902493854887 1.13
114 0.06422490424633893 1.14
115 0.06145539409091873 1.15
116 0.05868264479120017 1.16
117 0.05788868385126855 1.17
118 0.06260461189144151 1.18
119 0.06561094979695718 1.19
120 0.06935606875773329 1.2
121 0.06769995620041708 1.21
122 0.06491180556767721 1.22
123 0.06671482087938564 1.23
124 0.06560679897699916 1.24
125 0.06790268223105919 1.25
126 0.06508970499957042 1.26
127 0.05721458361607917 1.27
128 0.0534020217935508 1.28
129 0.05280842312804501 1.29
130 0.05334959657652651 1.3
131 0.05685909078595685 1.31
132 0.05051623438239659 1.32
133 0.04685709428038631 1.33
134 0.04589417603995239 1.34
135 0.05107151539502671 1.35
136 0.04691936452886809 1.36
137 0.05337569551019396 1.37
138 0.04955569474792373 1.38
139 0.04350731182919575 1.39
140 0.05080730579335265 1.4
141 0.06233631545633175 1.41
142 0.0522244715119086 1.42
143 0.05165769609230233 1.43
144 0.05760432519128056 1.44
145 0.06614202023011446 1.45
146 0.07324779557970214 1.46
147 0.07590443515660658 1.47
148 0.07755412963163689 1.48
149 0.08738952620369977 1.49
150 0.09282570281900712 1.5
151 0.09318476304401514 1.51
152 0.09769639345288768 1.52
153 0.10800385589245 1.53
154 0.1099181811177989 1.54
155 0.1175088110078553 1.55
156 0.1213093021823687 1.56
157 0.129394917226959 1.57
158 0.1340744858832968 1.58
159 0.1389866352780036 1.59
160 0.1489403361971732 1.6
161 0.1507289837569121 1.61
162 0.1554466110656856 1.62
163 0.1582249751411553 1.63
164 0.161831627811571 1.64
165 0.1642443404869355 1.65
166 0.169251426481424 1.66
167 0.1737005337684734 1.67
168 0.1772846810755349 1.68
169 0.1848545864177413 1.69
170 0.1893419893864092 1.7
171 0.1908415139531116 1.71
172 0.1935799476637189 1.72
173 0.1953716518261234 1.73
174 0.1974181807272009 1.74
175 0.1973507442401938 1.75
176 0.2035855709476796 1.76
177 0.2062473537230046 1.77
178 0.2116934954570506 1.78
179 0.2108754180779844 1.79
180 0.2092974623959793 1.8
181 0.2137855637936726 1.81
182 0.2189805660641428 1.82
183 0.2215357765423365 1.83
184 0.2196899727440664 1.84
185 0.2165018503709333 1.85
186 0.2213499240854377 1.86
187 0.2243767399103831 1.87
188 0.2276565428769923 1.88
189 0.2273185233282128 1.89
190 0.2260120288191182 1.9
191 0.2256313836935695 1.91
192 0.2256270228805886 1.92
193 0.2293767372153243 1.93
194 0.2271649280776948 1.94
195 0.2302259844646663 1.95
196 0.2293052970421012 1.96
197 0.2306342241261176 1.97
198 0.2319911155472243 1.98
199 0.2298915811075861 1.99
200 0.2293896946775432 2
201 0.2306719825540241 2.01
202 0.2304080351516253 2.02
203 0.2303626450489652 2.03
204 0.2315279450508117 2.04
205 0.2305119049775017 2.05
206 0.2296788975449648 2.06
207 0.2271480264105395 2.07
208 0.224040871948904 2.08
209 0.2258922471928553 2.09
210 0.226876507645844 2.1
211 0.229140450765372 2.11
212 0.2286194241547327 2.12
213 0.2219491089282431 2.13
214 0.2250822594797705 2.14
215 0.2251268213673332 2.15
216 0.2252292978195101 2.16
217 0.2205395984968819 2.17
218 0.221676802400764 2.18
219 0.2202825191560057 2.19
220 0.2182634075109862 2.2
221 0.220444218451665 2.21
222 0.2205686268254808 2.22
223 0.2181894841407304 2.23
224 0.2154764663041261 2.24
225 0.2157746173532204 2.25
226 0.2157950061571712 2.26
227 0.2136807076525415 2.27
228 0.2155913720453534 2.28
229 0.2144536396784299 2.29
230 0.2148886096845521 2.3
231 0.215477497945847 2.31
232 0.2128733795062347 2.32
233 0.2179945004899808 2.33
234 0.2161161232628157 2.34
235 0.2164556899119767 2.35
236 0.2181446603977722 2.36
237 0.2187454211960151 2.37
238 0.2194595877023894 2.38
239 0.2201924820246287 2.39
240 0.2235059258801855 2.4
241 0.2262142063897785 2.41
242 0.2274902938061502 2.42
243 0.2324822952131071 2.43
244 0.2326020766211877 2.44
245 0.2352324525335455 2.45
246 0.2370703528785698 2.46
247 0.2422032659289158 2.47
248 0.246448227098217 2.48
249 0.2439546006281075 2.49
250 0.2442063357990589 2.5
251 0.2445181004780145 2.51
252 0.2530419828037093 2.52
253 0.2548817345109664 2.53
254 0.2543977489054365 2.54
255 0.2567162479544273 2.55
256 0.2562158697621835 2.56
257 0.257651374620218 2.57
258 0.255920766406749 2.58
259 0.2595834802834795 2.59
260 0.2583686852698894 2.6
261 0.2587955272398705 2.61
262 0.2615588530582273 2.62
263 0.257833922111241 2.63
264 0.2589643208348834 2.64
265 0.2561904303747717 2.65
266 0.2550381238330509 2.66
267 0.2552297537244101 2.67
268 0.2553079320009879 2.68
269 0.2594490194528779 2.69
270 0.256853172641343 2.7
271 0.2547668738248758 2.71
272 0.2530609027819438 2.72
273 0.2502054820000494 2.73
274 0.2480377184456845 2.74
275 0.2482365576107658 2.75
276 0.2496128885374419 2.76
277 0.2486818254681209 2.77
278 0.2457393078303841 2.78
279 0.2433706482752198 2.79
280 0.2353060178490827 2.8
281 0.2305210551620811 2.81
282 0.2258997670520468 2.82
283 0.2238161512433815 2.83
284 0.2209401756456709 2.84
285 0.2179503329886424 2.85
286 0.2146926430086457 2.86
287 0.2115765410351465 2.87
288 0.2092231937205696 2.88
289 0.2057845648234393 2.89
290 0.1994516046266534 2.9
291 0.1927428865258362 2.91
292 0.1939872610600826 2.92
293 0.1878418675600056 2.93
294 0.1797147436262204 2.94
295 0.172087026579809 2.95
296 0.1671527843311925 2.96
297 0.164776749967628 2.97
298 0.1593436359005108 2.98
299 0.1552704782519715 2.99
300 0.1491006834071306 3
301 0.1471518119529044 3.01
302 0.1476100951600219 3.02
303 0.1417282600951839 3.03
304 0.1375564896058708 3.04
305 0.1343180983518627 3.05
306 0.1263223353733837 3.06
307 0.1256455329282831 3.07
308 0.123069333983735 3.08
309 0.1162410182457897 3.09
310 0.1103998093465356 3.1
311 0.1137858754988347 3.11
312 0.1112510056913432 3.12
313 0.1093706414039044 3.13
314 0.1082105216178566 3.14
315 0.09958996653000025 3.15
316 0.1019323291840863 3.16
317 0.1048021104206757 3.17
318 0.1038542709948517 3.18
319 0.1017500919396671 3.19
320 0.09640043991028213 3.2
321 0.09532890046899374 3.21
322 0.09103116526377757 3.22
323 0.09573560462835574 3.23
324 0.09391504431637658 3.24
325 0.08918697312051986 3.25
326 0.09006243725545657 3.26
327 0.09689771762773218 3.27
328 0.09395296377010436 3.28
329 0.09688387253926646 3.29
330 0.1058578182761458 3.3
331 0.1074488499657938 3.31
332 0.1101086670616832 3.32
333 0.1138266361379006 3.33
334 0.1104773556580486 3.34
335 0.1124161927872169 3.35
336 0.1072653941009299 3.36
337 0.1100909405739316 3.37
338 0.1145570746343848 3.38
339 0.1131928587467058 3.39
340 0.1246978789279636 3.4
341 0.1181736786748719 3.41
342 0.1240038536330799 3.42
343 0.1295206956293732 3.43
344 0.1377911934407224 3.44
345 0.1357838730111801 3.45
346 0.1349961610945553 3.46
347 0.1397853487554851 3.47
348 0.134187404458109 3.48
349 0.1460347378331223 3.49
350 0.1512960386895181 3.5
351 0.144143133596188 3.51
352 0.1515072406606199 3.52
353 0.1589091033090055 3.53
354 0.1573153067731007 3.54
355 0.1661816141320256 3.55
356 0.1699932291186284 3.56
357 0.1700780510854117 3.57
358 0.17135476520903 3.58
359 0.1689505210276565 3.59
360 0.1788704009659431 3.6
361 0.1802827127565836 3.61
362 0.1846704370664163 3.62
363 0.18210351957174 3.63
364 0.1814444484216204 3.64
365 0.1866722722838489 3.65
366 0.1930504389318931 3.66
367 0.1965164911788553 3.67
368 0.1939246080575977 3.68
369 0.1944281279278728 3.69
370 0.1946299259270983 3.7
371 0.1970843070541235 3.71
372 0.1951537328802994 3.72
373 0.2007427390830887 3.73
374 0.2047553059170074 3.74
375 0.1998232099096804 3.75
376 0.2021579200956194 3.76
377 0.2010542325332799 3.77
378 0.2019522816912896 3.78
379 0.1993131050215277 3.79
380 0.1947007559489664 3.8
381 0.1915785523789762 3.81
382 0.1908120224667414 3.82
383 0.1965705040658279 3.83
384 0.199971485637512 3.84
385 0.203726036291773 3.85
386 0.2000239306098593 3.86
387 0.1945851566549862 3.87
388 0.1923489971325296 3.88
389 0.1921699232076016 3.89
390 0.1952998876477302 3.9
391 0.1910169120736971 3.91
392 0.1867334453331739 3.92
393 0.1925981748436131 3.93
394 0.1934343149029466 3.94
395 0.2013943887386538 3.95
396 0.2020617275446111 3.96
397 0.1989185308138179 3.97
398 0.1928688771135407 3.98
399 0.1842959709772573 3.99
400 0.1823436052687795 4
401 0.1881971836642045 4.01
402 0.1978153254995287 4.02
403 0.1894321488947831 4.03
404 0.1864077218600224 4.04
405 0.1898434108079993 4.05
406 0.2001439739752111 4.06
407 0.2042907440667864 4.07
408 0.1999948106159956 4.08
409 0.1926758232810359 4.09
410 0.1787392203448422 4.1
411 0.1723041955654145 4.11
412 0.1726710132417523 4.12
413 0.1721788238297964 4.13
414 0.1753387916768001 4.14
415 0.1731302796221078 4.15
416 0.1648949075039529 4.16
417 0.163016181063359 4.17
418 0.1626760665384698 4.18
419 0.1615143851313081 4.19
420 0.1524591751133282 4.2
421 0.1386597584584969 4.21
422 0.1300977849574235 4.22
423 0.1233557552876736 4.23
424 0.1218053943758153 4.24
425 0.1249491416615504 4.25
426 0.1227949905000941 4.26
427 0.1182006383652064 4.27
428 0.1045910559337379 4.28
429 0.09443490486571458 4.29
430 0.08791268691570528 4.3
431 0.08650797760015044 4.31
432 0.08603752131682078 4.32
433 0.08741023659257149 4.33
434 0.08531585991625848 4.34
435 0.07272841035126175 4.350000000000001
436 0.0647621665470194 4.36
437 0.06401821230010545 4.37
438 0.06407898300371653 4.38
439 0.0702781271865217 4.39
440 0.07118530829979061 4.4
441 0.07068380179943892 4.41
442 0.06361564232806806 4.42
443 0.05800246367940687 4.43
444 0.05379466881145562 4.44
445 0.05179451772984691 4.45
446 0.06402100198146018 4.46
447 0.06989771972820658 4.47
448 0.07473680447603345 4.48
449 0.0670786030754128 4.49
450 0.06196138396879459 4.5
451 0.0641923788401214 4.51
452 0.06153874834291478 4.52
453 0.07127252119782018 4.53
454 0.07847200470831847 4.54
455 0.08161677959918194 4.55
456 0.08375404962018079 4.56
457 0.08633489588814497 4.57
458 0.08470040981979664 4.58
459 0.08384306217257519 4.59
460 0.08446039315866088 4.600000000000001
461 0.08337048476551304 4.61
462 0.08866346523298992 4.62
463 0.0986732899886254 4.63
464 0.1043772945661303 4.64
465 0.1111799497487843 4.65
466 0.1098732135868516 4.66
467 0.1135695594348355 4.67
468 0.1118472905593961 4.68
469 0.1087348561183095 4.69
470 0.1092158427135132 4.7
471 0.1159663816123928 4.71
472 0.1230983791989278 4.72
473 0.1278884033295068 4.73
474 0.1302399280979337 4.74
475 0.132125184115904 4.75
476 0.1365769368001099 4.76
477 0.1358504001679579 4.77
478 0.1334279773153808 4.78
479 0.1355221475936369 4.79
480 0.141796846883106 4.8
481 0.134112846822238 4.81
482 0.1433542842118089 4.82
483 0.1421889503377783 4.83
484 0.1468446611388037 4.84
485 0.1527739530416999 4.850000000000001
486 0.1540304148159166 4.86
487 0.1662679378608051 4.87
488 0.1656149365754617 4.88
489 0.1635239697057142 4.89
490 0.1581824816008021 4.9
491 0.1593728153697117 4.91
492 0.1683282811499419 4.92
493 0.165834229635379 4.93
494 0.1687426469513733 4.94
495 0.1711540253481994 4.95
496 0.1756442178213892 4.96
497 0.1842417673747439 4.97
498 0.1783511837799543 4.98
499 0.1781179738531186 4.99
500 0.1874696951570149 5
501 0.1924012177871702 5.01
502 0.1891330311183602 5.02
503 0.1892531984314298 5.03
504 0.1827977563155873 5.04
505 0.1865677382627353 5.05
506 0.1856789520409338 5.06
507 0.1874785242311678 5.07
508 0.190607303253867 5.08
509 0.1892246672232137 5.09
510 0.1958354268792647 5.100000000000001
511 0.1906956229403693 5.11
512 0.1903089519158618 5.12
513 0.1951737846101219 5.13
514 0.1959775744298457 5.14
515 0.2017897502711434 5.15
516 0.2034746538427267 5.16
517 0.2023913028398064 5.17
518 0.2043417431127834 5.18
519 0.1974280698516766 5.19
520 0.197787867428876 5.2
521 0.1986966205309511 5.21
522 0.2009491230095943 5.22
523 0.2030353037725834 5.23
524 0.2013988884177486 5.24
525 0.2050240302809994 5.25
526 0.2039276351684627 5.26
527 0.2048501575814944 5.27
528 0.2035712497069992 5.28
529 0.2026242923636278 5.29
530 0.2003771359048248 5.3
531 0.1994574343661619 5.31
532 0.2019563101046704 5.32
533 0.2005035833960503 5.33
534 0.2052992555468398 5.34
535 0.2086480024109338 5.350000000000001
536 0.2076347811134995 5.36
537 0.2081902006767735 5.37
538 0.2048881116775007 5.38
539 0.2100449859779436 5.39
540 0.2131072671150055 5.4
541 0.2123484266868962 5.41
542 0.2139843031220563 5.42
543 0.2081675216527362 5.43
544 0.2070882481871618 5.44
545 0.2084347229151046 5.45
546 0.210535463562313 5.46
547 0.2114026580090453 5.47
548 0.2098569425573894 5.48
549 0.2139952416955041 5.49
550 0.2132516225670718 5.5
551 0.2145640298344725 5.51
552 0.21316898948062 5.52
553 0.2134201504241107 5.53
554 0.2170523406634987 5.54
555 0.2147843273414681 5.55
556 0.2206873480902661 5.56
557 0.2190915303821381 5.57
558 0.2167921862948156 5.58
559 0.2177570849605506 5.59
560 0.2126049793726673 5.600000000000001
561 0.2161770363579622 5.61
562 0.2171829425133323 5.62
563 0.2200359537693197 5.63
564 0.2266080623551254 5.64
565 0.2268114410969135 5.65
566 0.2253626631350575 5.66
567 0.2230273694373708 5.67
568 0.225603882039565 5.68
569 0.2224256087765185 5.69
570 0.2235462750672131 5.7
571 0.2251309462224921 5.71
572 0.2255167234316515 5.72
573 0.2267909299676913 5.73
574 0.2275368973560147 5.74
575 0.2308186049622062 5.75
576 0.2313113900743562 5.76
577 0.2301642860478606 5.77
578 0.233440349492477 5.78
579 0.2355097077620927 5.79
580 0.2363895031409208 5.8
581 0.2349609769434863 5.81
582 0.232617380540085 5.82
583 0.2329351681097359 5.83
584 0.2320629658439803 5.84
585 0.2347009720490437 5.850000000000001
586 0.2354331616797264 5.86
587 0.2362898413333803 5.87
588 0.2379376545735195 5.88
589 0.2365211910188546 5.89
590 0.237792724931487 5.9
591 0.239115195909668 5.91
592 0.2368396959858454 5.92
593 0.2350244937313821 5.93
594 0.2396264859098168 5.94
595 0.2365248764769253 5.95
596 0.2387772579064633 5.96
597 0.2352103694960978 5.97
598 0.2337527468903287 5.98
599 0.2319790159929662 5.99
600 0.2359657832558462 6
601 0.2376657668881473 6.01
602 0.2403529173564839 6.02
603 0.240677305926057 6.03
604 0.2376986256002192 6.04
605 0.2337244763188854 6.05
606 0.2354882241314949 6.06
607 0.2347353548783446 6.07
608 0.2346474390694464 6.08
609 0.2336615909567593 6.09
610 0.2370478535745732 6.100000000000001
611 0.2355903044040271 6.11
612 0.2354011461092491 6.12
613 0.2361793217224783 6.13
614 0.2349498425029372 6.140000000000001
615 0.2383627029190693 6.15
616 0.2371615002876363 6.16
617 0.2364692705639748 6.17
618 0.2329271902379439 6.18
619 0.2343989306277864 6.19
620 0.2342967438404026 6.2
621 0.2335581797994443 6.21
622 0.2341147255169487 6.22
623 0.2311208730968707 6.23
624 0.2308335656435578 6.24
625 0.231437176579863 6.25
626 0.2283407683330755 6.26
627 0.2296037605477909 6.27
628 0.2265752758342857 6.28
629 0.2257690768979518 6.29
630 0.225980544655942 6.3
631 0.223212574414951 6.31
632 0.2180456250741671 6.32
633 0.2163765034205208 6.33
634 0.2178790052500923 6.34
635 0.2167049889185463 6.350000000000001
636 0.2130252314243874 6.36
637 0.2098061823584268 6.37
638 0.2049157382020992 6.38
639 0.2040280827466843 6.390000000000001
640 0.2025672788061884 6.4
641 0.2022854479291405 6.41
642 0.2010792500090915 6.42
643 0.2003428882745051 6.43
644 0.1979665119756792 6.44
645 0.1930760187997432 6.45
646 0.1865394674251 6.46
647 0.1796956767884211 6.47
648 0.1770684697002448 6.48
649 0.1719111806540793 6.49
650 0.1668528454112628 6.5
651 0.1695283946507833 6.51
652 0.1669393895661216 6.52
653 0.1645021093251651 6.53
654 0.1593723110071728 6.54
655 0.1553546972887306 6.55
656 0.1475241945792401 6.56
657 0.1415407270868469 6.57
658 0.1380797328504665 6.58
659 0.1339099770034536 6.59
660 0.1305941035043039 6.600000000000001
661 0.120755327820736 6.61
662 0.1239027222402193 6.62
663 0.1156482085691526 6.63
664 0.1106093545064454 6.640000000000001
665 0.1054091371924474 6.65
666 0.1034189401152312 6.66
667 0.1028996072759582 6.67
668 0.09337447235697484 6.68
669 0.0918466601152023 6.69
670 0.08616220407189805 6.7
671 0.08338049113502546 6.71
672 0.08081146505639569 6.72
673 0.07636023074754802 6.73
674 0.07556390099906274 6.74
675 0.0809333702488598 6.75
676 0.0734892850647985 6.76
677 0.08044949223363819 6.77
678 0.0660231899217683 6.78
679 0.07804738038841225 6.79
680 0.07277224644015567 6.8
681 0.07117230023183371 6.81
682 0.07103168374034417 6.82
683 0.07292117257551832 6.83
684 0.07342720890029143 6.84
685 0.07153767148461367 6.850000000000001
686 0.06940402130998412 6.86
687 0.07267989840530555 6.87
688 0.07746386612886053 6.88
689 0.08042313137500368 6.890000000000001
690 0.08035169250641006 6.9
691 0.08234509757741132 6.91
692 0.07608508302651641 6.92
693 0.07670401020147863 6.93
694 0.07931769273445033 6.94
695 0.08487674533086846 6.95
696 0.08572501135160514 6.96
697 0.08371080445792828 6.97
698 0.08374810998850567 6.98
699 0.08565105983017428 6.99
700 0.08836971423134309 7
701 0.09043645124927775 7.01
702 0.08612880240377636 7.02
703 0.09001106449512473 7.03
704 0.09749782678330714 7.04
705 0.09550092501396348 7.05
706 0.09982453240228868 7.06
707 0.09706089165709963 7.07
708 0.1110878071919802 7.08
709 0.1064878675310075 7.09
710 0.1191536292573643 7.100000000000001
711 0.1179321429498868 7.11
712 0.1053872988602042 7.12
713 0.113396214356338 7.13
714 0.1193606611934627 7.140000000000001
715 0.1211472767806027 7.15
716 0.1229319697807353 7.16
717 0.1287442927260973 7.17
718 0.1410769025412179 7.18
719 0.1480979203961514 7.19
720 0.1442301561522728 7.2
721 0.1385609232452565 7.21
722 0.1392846230184037 7.22
723 0.1444242344987705 7.23
724 0.1475274294175927 7.24
725 0.1555979616337423 7.25
726 0.1528754648475707 7.26
727 0.1505489738156136 7.27
728 0.1349335086484814 7.28
729 0.1536835848300052 7.29
730 0.1609489499310363 7.3
731 0.1620878581979915 7.31
732 0.1666489302697367 7.32
733 0.1645960916309187 7.33
734 0.1685353358392671 7.34
735 0.1649642089164735 7.350000000000001
736 0.1640340919607995 7.36
737 0.1585180254878536 7.37
738 0.1587525795579806 7.38
739 0.1652902314019103 7.390000000000001
740 0.1636956144383802 7.4
741 0.1715956403906149 7.41
742 0.1759151708978963 7.42
743 0.1806822101753598 7.43
744 0.179849193631994 7.44
745 0.1768326407280401 7.45
746 0.1767594507199099 7.46
747 0.1818793405537916 7.47
748 0.1899201934054413 7.48
749 0.1928027526345962 7.49
750 0.1881870559294874 7.5
751 0.1863690224731711 7.51
752 0.1876459701093129 7.52
753 0.1928182563857201 7.53
754 0.1918218473881329 7.54
755 0.1862887135301556 7.55
756 0.1792606407251215 7.56
757 0.1629194293032737 7.57
758 0.1606537579975154 7.58
759 0.1612950488311214 7.59
760 0.1635913325240282 7.600000000000001
761 0.1609671278974857 7.61
762 0.1466092782215235 7.62
763 0.1409739868417376 7.63
764 0.1373116065386312 7.640000000000001
765 0.129828674425802 7.65
766 0.1232649314252086 7.66
767 0.1099836712874546 7.67
768 0.09385143850016729 7.68
769 0.08435251221198528 7.69
770 0.07856489109497539 7.7
771 0.0793874910367178 7.71
772 0.07576074280552991 7.72
773 0.07287565395354417 7.73
774 0.06464452919623687 7.74
775 0.05635380378287939 7.75
776 0.05101278132473076 7.76
777 0.04792867638645416 7.77
778 0.03969857744777468 7.78
779 0.03631888400063039 7.79
780 0.02643891903088026 7.8
781 0.0226868662997144 7.81
782 0.02281451323897789 7.82
783 0.0262552738443431 7.83
784 0.0265516002035999 7.84
785 0.02590297182738754 7.850000000000001
786 0.02151182828648361 7.86
787 0.01593463604896624 7.87
788 0.01311084868267664 7.88
789 0.0131784373587957 7.890000000000001
790 0.02407673132687125 7.9
791 0.0291905870598328 7.91
792 0.0285171718373609 7.92
793 0.02775593178635315 7.930000000000001
794 0.01898363209326521 7.94
795 0.0219630001832337 7.95
796 0.03173468231217943 7.96
797 0.03307054144722704 7.97
798 0.03919469851397506 7.98
799 0.0450182314961118 7.99
800 0.04582818454154872 8
801 0.05003610676255617 8.01
802 0.05414142139102891 8.02
803 0.05327357685730998 8.029999999999999
804 0.05517521516863028 8.040000000000001
805 0.06187663865163749 8.050000000000001
806 0.06731310412125271 8.06
807 0.07095573395569477 8.07
808 0.07507751415852132 8.08
809 0.07670788664663684 8.09
810 0.07771239942627028 8.1
811 0.08370357199568222 8.109999999999999
812 0.08743747447732975 8.120000000000001
813 0.0883000557989088 8.130000000000001
814 0.09560353571514736 8.140000000000001
815 0.09773080835210901 8.15
816 0.1015989671233034 8.16
817 0.101560392036719 8.17
818 0.1064507534336479 8.18
819 0.105714180857066 8.19
820 0.1112466789216239 8.199999999999999
821 0.1106762843981742 8.210000000000001
822 0.1202687089533285 8.220000000000001
823 0.1271120367544743 8.23
824 0.1234371394993783 8.24
825 0.1368445600675439 8.25
826 0.1358210311999296 8.26
827 0.1337386649971293 8.27
828 0.1397186260528144 8.279999999999999
829 0.1322843734857787 8.290000000000001
830 0.1469780941275892 8.300000000000001
831 0.1421800786168665 8.31
832 0.1443873482520761 8.32
833 0.1526764584924811 8.33
834 0.1629189062853011 8.34
835 0.1762631165874884 8.35
836 0.1661030954333762 8.359999999999999
837 0.1711450864992767 8.370000000000001
838 0.1726393452087329 8.380000000000001
839 0.1669025128863103 8.390000000000001
840 0.1769229368228628 8.4
841 0.1830234263439383 8.41
842 0.189409143554501 8.42
843 0.1908331118823344 8.43
844 0.1916801811236693 8.44
845 0.1943945037349921 8.449999999999999
846 0.1968503942021399 8.460000000000001
847 0.1992218376025734 8.470000000000001
848 0.2033956162010707 8.48
849 0.2028440913616847 8.49
850 0.2016079926967087 8.5
851 0.1997492874349406 8.51
852 0.2049644415534863 8.52
853 0.2103116028716127 8.529999999999999
854 0.2135918286269605 8.540000000000001
855 0.2202850268877345 8.550000000000001
856 0.2195380815544147 8.56
857 0.2213987889641257 8.57
858 0.2218650531745886 8.58
859 0.2239153603159066 8.59
860 0.2163147879664806 8.6
861 0.2200917830445802 8.609999999999999
862 0.2236571765139736 8.620000000000001
863 0.2261744344389458 8.630000000000001
864 0.2284244565245468 8.640000000000001
865 0.226914109727664 8.65
866 0.2270300669227824 8.66
867 0.225892140167357 8.67
868 0.2276789479260564 8.68
869 0.2314838655663014 8.69
870 0.2343780384743146 8.700000000000001
871 0.2359151834429395 8.710000000000001
872 0.2355721547388137 8.720000000000001
873 0.2361705872109019 8.73
874 0.238729132268004 8.74
875 0.2357015261456738 8.75
876 0.2389650215175405 8.76
877 0.2321543189513433 8.77
878 0.2334927633229147 8.779999999999999
879 0.2341551669666014 8.790000000000001
880 0.2292935312681695 8.800000000000001
881 0.2233098583775662 8.81
882 0.2214366601732686 8.82
883 0.2321883034455101 8.83
884 0.2333697974997369 8.84
885 0.2369243381102302 8.85
886 0.2341894880871088 8.859999999999999
887 0.2318356501736012 8.870000000000001
888 0.2238406341624999 8.880000000000001
889 0.2302058700558194 8.890000000000001
890 0.2363550874130559 8.9
891 0.2244455034119892 8.91
892 0.2254031282485262 8.92
893 0.2191991409609934 8.93
894 0.2117933678997374 8.94
895 0.2163151250072875 8.950000000000001
896 0.2209538971579693 8.960000000000001
897 0.2195270099950491 8.970000000000001
898 0.2180856361516839 8.98
899 0.2092070972477059 8.99
900 0.2155986328099113 9
901 0.2124061680390436 9.01
902 0.2129972847162769 9.02
903 0.2089316246891995 9.029999999999999
904 0.2008528585871349 9.040000000000001
905 0.1972145332809724 9.050000000000001
906 0.1943120121370374 9.06
907 0.1943050245470702 9.07
908 0.1909243857335138 9.08
909 0.1894978641988521 9.09
910 0.185964970950722 9.1
911 0.1867505671638267 9.109999999999999
912 0.1859121458915931 9.120000000000001
913 0.1845348469730732 9.130000000000001
914 0.1811050486469614 9.140000000000001
915 0.177415209004022 9.15
916 0.1761960116651747 9.16
917 0.1747469704940378 9.17
918 0.170477094473939 9.18
919 0.1718019886440725 9.19
920 0.1733744878846962 9.200000000000001
921 0.1724305296141481 9.210000000000001
922 0.1696884861668915 9.220000000000001
923 0.1708795284757093 9.23
924 0.171789798528941 9.24
925 0.1714135345772744 9.25
926 0.1735084615370491 9.26
927 0.176915577280465 9.27
928 0.1793521034061756 9.279999999999999
929 0.1771235943856709 9.290000000000001
930 0.1773448966077404 9.300000000000001
931 0.1781674567717366 9.31
932 0.1791444780995927 9.32
933 0.1819728307403463 9.33
934 0.1822060284326729 9.34
935 0.1856925516085504 9.35
936 0.1893094822143342 9.359999999999999
937 0.1911432067410639 9.370000000000001
938 0.1954108901609475 9.380000000000001
939 0.1954903581398112 9.390000000000001
940 0.1918694277277342 9.4
941 0.1906959537800557 9.41
942 0.1975545762679097 9.42
943 0.196754862955426 9.43
944 0.2006162013632074 9.44
945 0.2036060884395086 9.450000000000001
946 0.2030676672036718 9.460000000000001
947 0.2064930213071373 9.470000000000001
948 0.2047042809843962 9.48
949 0.2091123900227976 9.49
950 0.2114834693613872 9.5
951 0.2145729855603765 9.51
952 0.2180897342646889 9.52
953 0.2175456112411795 9.529999999999999
954 0.2152483606019941 9.540000000000001
955 0.2149367738459334 9.550000000000001
956 0.2142870840229331 9.56
957 0.2146440922502753 9.57
958 0.2187834976198114 9.58
959 0.2227695729301992 9.59
960 0.2273008118618699 9.6
961 0.2270355538716114 9.609999999999999
962 0.220623974194885 9.620000000000001
963 0.2216405756513834 9.630000000000001
964 0.2257828435872839 9.640000000000001
965 0.2306465418161129 9.65
966 0.2305010479586679 9.66
967 0.2358626807368484 9.67
968 0.2383300540977244 9.68
969 0.23664577507034 9.69
970 0.2348501149111072 9.700000000000001
971 0.2321271043541189 9.710000000000001
972 0.2331409789788315 9.720000000000001
973 0.2388605902046558 9.73
974 0.2422896282800693 9.74
975 0.2432008041985302 9.75
976 0.248075121166924 9.76
977 0.2513232179483288 9.77
978 0.2396991028183098 9.779999999999999
979 0.2363482281797848 9.790000000000001
980 0.2372537677092657 9.800000000000001
981 0.2425256529131918 9.81
982 0.2490549695279294 9.82
983 0.2518246978140307 9.83
984 0.2492668844765142 9.84
985 0.2464584340767078 9.85
986 0.247814225753255 9.859999999999999
987 0.2460825166022629 9.870000000000001
988 0.2462378654166339 9.880000000000001
989 0.2452422665366734 9.890000000000001
990 0.2442994161306103 9.9
991 0.2429011034118517 9.91
992 0.2464222313946972 9.92
993 0.2464223832913718 9.93
994 0.2450615559196678 9.94
995 0.246288963718773 9.950000000000001
996 0.2466423345048857 9.960000000000001
997 0.2403905099282081 9.970000000000001
998 0.2365802741699425 9.98
999 0.2357021527828723 9.99
1000 0.2345307163806045 10
