"lf-rfile"
"Time Step" "lf etc.."
("Time Step" "lf" "flow-time")
0 0 0
1 4.845742094939084 0.01
2 2.91308835122403 0.02
3 0.9098837330183943 0.03
4 1.685220261454081 0.04
5 2.027189689468315 0.05
6 2.521091607557636 0.06
7 3.100373133476137 0.07000000000000001
8 3.382182748772775 0.08
9 3.445422010222106 0.09
10 3.893846142095196 0.1
11 3.778667677646151 0.11
12 4.189528286569428 0.12
13 4.13922907684573 0.13
14 4.1164685950674 0.14
15 4.234884306404413 0.15
16 4.213777484453494 0.16
17 4.213452423653632 0.17
18 4.401982366101684 0.18
19 4.400870381384965 0.19
20 4.640820299560919 0.2
21 4.475569697204521 0.21
22 4.434770170024965 0.22
23 4.446383318208325 0.23
24 4.465846961813491 0.24
25 4.62916108703474 0.25
26 4.839663107832709 0.26
27 4.923067719725742 0.27
28 5.06047118061394 0.28
29 5.086121855460473 0.29
30 5.234003214315636 0.3
31 5.246536536134564 0.31
32 5.325005113329905 0.32
33 5.389067298972879 0.33
34 5.459531862104316 0.34
35 5.518117566060406 0.35
36 5.716689912299218 0.36
37 5.985837451068546 0.37
38 6.098179315516139 0.38
39 6.16569588261205 0.39
40 6.209104315204923 0.4
41 6.392548334084669 0.41
42 6.47873999958823 0.42
43 6.588724092786212 0.43
44 6.652105611012129 0.44
45 6.682609585736664 0.45
46 6.571706425588406 0.46
47 6.558070307158898 0.47
48 6.559864187299129 0.48
49 6.679878762717101 0.49
50 6.878234495815103 0.5
51 7.006788031797405 0.51
52 7.091039937612288 0.52
53 7.143229933481853 0.53
54 7.161914475270072 0.54
55 7.224288769080267 0.55
56 7.351195013192066 0.5600000000000001
57 7.46236985335661 0.5700000000000001
58 7.444003119613894 0.58
59 7.435114510513857 0.59
60 7.75569788220957 0.6
61 7.759741859116462 0.61
62 7.617401651302004 0.62
63 7.632460535029622 0.63
64 7.751482795704253 0.64
65 8.04518482341733 0.65
66 8.194535687062677 0.66
67 8.248273133824028 0.67
68 8.020467421531842 0.68
69 7.828180296652921 0.6900000000000001
70 7.773674072350725 0.7000000000000001
71 7.961483171656145 0.71
72 8.267270277988258 0.72
73 8.450963518443398 0.73
74 8.393433135000212 0.74
75 8.205644611628347 0.75
76 8.021521270340067 0.76
77 7.928899033668348 0.77
78 8.118352837817483 0.78
79 8.335817181402042 0.79
80 8.468170020552147 0.8
81 8.34933170403208 0.8100000000000001
82 8.159130857886955 0.8200000000000001
83 7.944504340111491 0.8300000000000001
84 7.994469905979652 0.84
85 8.199603543939967 0.85
86 8.392943279145561 0.86
87 8.3027414189116 0.87
88 8.255766839490796 0.88
89 8.123428654018724 0.89
90 8.144048010295085 0.9
91 8.228379270883524 0.91
92 8.342947314518872 0.92
93 8.440076941703538 0.93
94 8.294198593538855 0.9400000000000001
95 8.402103191418274 0.9500000000000001
96 8.497080520692499 0.96
97 8.548881518740398 0.97
98 8.549316498252074 0.98
99 8.529381263361609 0.99
100 8.44497613501202 1
101 8.526846063834682 1.01
102 8.651440501150613 1.02
103 8.788268418815646 1.03
104 8.863412149923603 1.04
105 8.893862742612143 1.05
106 8.87971660531821 1.06
107 8.913018529829587 1.07
108 8.933148949053066 1.08
109 8.906595883541847 1.09
110 8.964211366311988 1.1
111 8.992182128252175 1.11
112 9.025437720058191 1.12
113 9.140681532057368 1.13
114 9.176088002155826 1.14
115 9.163070660632814 1.15
116 9.079776549319401 1.16
117 9.060444941948115 1.17
118 9.05836106080945 1.18
119 9.045025814786859 1.19
120 9.003183682152125 1.2
121 8.957298951910353 1.21
122 8.967173269664563 1.22
123 8.990319748937607 1.23
124 8.999154909255589 1.24
125 9.006333830600001 1.25
126 8.992607060213347 1.26
127 8.924311447588845 1.27
128 8.857342658109454 1.28
129 8.815558562920694 1.29
130 8.741980580805608 1.3
131 8.748284926758245 1.31
132 8.761936354591738 1.32
133 8.747812161189064 1.33
134 8.729903800415165 1.34
135 8.662979912745492 1.35
136 8.675571501869076 1.36
137 8.625193958411563 1.37
138 8.530516251019364 1.38
139 8.488667516674811 1.39
140 8.483987853956016 1.4
141 8.513731000539087 1.41
142 8.50515360326224 1.42
143 8.471381175538195 1.43
144 8.396918947031564 1.44
145 8.37175998526198 1.45
146 8.362480826377356 1.46
147 8.33348467304187 1.47
148 8.289587328709308 1.48
149 8.310957693184776 1.49
150 8.339319308814616 1.5
151 8.267504623624134 1.51
152 8.162057815772659 1.52
153 8.148871959627547 1.53
154 8.15728373579528 1.54
155 8.141539732380553 1.55
156 8.106408483334098 1.56
157 8.121325047448348 1.57
158 8.101553394106288 1.58
159 8.095423608368117 1.59
160 7.962268539476238 1.6
161 7.949168478279618 1.61
162 7.980472715246048 1.62
163 8.015764598263589 1.63
164 7.978333366422551 1.64
165 7.919302485679529 1.65
166 7.885611423614663 1.66
167 7.924313741513115 1.67
168 7.90761145851767 1.68
169 7.852286549309921 1.69
170 7.817146376614931 1.7
171 7.779128169372937 1.71
172 7.779746145844021 1.72
173 7.78820339847843 1.73
174 7.773403103690056 1.74
175 7.751884632138203 1.75
176 7.736059340229636 1.76
177 7.733640525583006 1.77
178 7.702262501907717 1.78
179 7.704417055031104 1.79
180 7.683903143342468 1.8
181 7.677227741403398 1.81
182 7.659808419666024 1.82
183 7.629122950445119 1.83
184 7.636099608431805 1.84
185 7.611698544932538 1.85
186 7.589769195496509 1.86
187 7.572550694350703 1.87
188 7.55867588722425 1.88
189 7.581470215790834 1.89
190 7.556342369211998 1.9
191 7.541366700707212 1.91
192 7.527198898307795 1.92
193 7.523554119678844 1.93
194 7.528306350070794 1.94
195 7.495039897930733 1.95
196 7.489193354521143 1.96
197 7.475288704324408 1.97
198 7.51489217150985 1.98
199 7.478396501002898 1.99
200 7.47080304442494 2
201 7.455002826735128 2.01
202 7.427259817041572 2.02
203 7.447339745182464 2.03
204 7.441512383467519 2.04
205 7.457019811936342 2.05
206 7.452117139117269 2.06
207 7.427075661526926 2.07
208 7.417239175118375 2.08
209 7.401566718518628 2.09
210 7.412284870634054 2.1
211 7.420824950927679 2.11
212 7.41238807955063 2.12
213 7.408570485118295 2.13
214 7.375725615859489 2.14
215 7.393795908306148 2.15
216 7.38707904281852 2.16
217 7.378705094295116 2.17
218 7.375827192761338 2.18
219 7.344531411633651 2.19
220 7.34084091189745 2.2
221 7.333416983043599 2.21
222 7.365718126629161 2.22
223 7.350346800771823 2.23
224 7.330140502764715 2.24
225 7.335062459850823 2.25
226 7.318807291766141 2.26
227 7.315714508359877 2.27
228 7.296541881020198 2.28
229 7.290805108377657 2.29
230 7.316365822547192 2.3
231 7.291615899797298 2.31
232 7.294919950217842 2.32
233 7.268744508367163 2.33
234 7.268147793405057 2.34
235 7.24165373581349 2.35
236 7.251795037515234 2.36
237 7.240473044796148 2.37
238 7.241157622806883 2.38
239 7.254189931905294 2.39
240 7.22720500192798 2.4
241 7.228637777677979 2.41
242 7.236224810028227 2.42
243 7.227969753493593 2.43
244 7.256584417353547 2.44
245 7.249175348190712 2.45
246 7.26784545801536 2.46
247 7.263945058859228 2.47
248 7.251222586656287 2.48
249 7.263394432453738 2.49
250 7.240545439261367 2.5
251 7.284558402195573 2.51
252 7.318148636121601 2.52
253 7.331507388316528 2.53
254 7.361928839642761 2.54
255 7.36322907651881 2.55
256 7.388848149026094 2.56
257 7.38860143409471 2.57
258 7.397828164483931 2.58
259 7.419367618306666 2.59
260 7.44505780441394 2.6
261 7.473050870508297 2.61
262 7.491375631493565 2.62
263 7.507578007279684 2.63
264 7.532871706246683 2.64
265 7.519025312905312 2.65
266 7.546147091921894 2.66
267 7.555253029847838 2.67
268 7.606896808587219 2.68
269 7.633133068393049 2.69
270 7.665061314486517 2.7
271 7.686154777538113 2.71
272 7.685118344905296 2.72
273 7.739359315190093 2.73
274 7.752522431080168 2.74
275 7.764077309007765 2.75
276 7.790870946190021 2.76
277 7.788573404689245 2.77
278 7.841191497034907 2.78
279 7.873452999557406 2.79
280 7.87368135597193 2.8
281 7.905465057328642 2.81
282 7.929419786465788 2.82
283 7.954397549362929 2.83
284 7.958313050303744 2.84
285 7.988242414651685 2.85
286 8.007378163556535 2.86
287 8.026895578388721 2.87
288 8.042444946904341 2.88
289 8.063159602684772 2.89
290 8.085820467891589 2.9
291 8.118733983756057 2.91
292 8.108411577392205 2.92
293 8.114683195510869 2.93
294 8.121707244135168 2.94
295 8.131573911908882 2.95
296 8.123764006676256 2.96
297 8.138069936445836 2.97
298 8.167619450891952 2.98
299 8.185677651937592 2.99
300 8.210068178261622 3
301 8.187959861987292 3.01
302 8.200687448073429 3.02
303 8.211605115119751 3.03
304 8.206803106157301 3.04
305 8.169804697025119 3.05
306 8.209723707196662 3.06
307 8.176616804407386 3.07
308 8.184741184994341 3.08
309 8.18528876699647 3.09
310 8.193754706989173 3.1
311 8.169456312908805 3.11
312 8.161192586757767 3.12
313 8.150195298638261 3.13
314 8.120347027909959 3.14
315 8.159937857397187 3.15
316 8.187870518491559 3.16
317 8.166131750147072 3.17
318 8.145449159992255 3.18
319 8.135900023148119 3.19
320 8.126714726715168 3.2
321 8.089503546545936 3.21
322 8.055485917831447 3.22
323 8.047417855305726 3.23
324 8.015597400824854 3.24
325 8.015461661871546 3.25
326 8.019958805778714 3.26
327 8.012424110788478 3.27
328 8.074897912329639 3.28
329 8.086531647355837 3.29
330 8.094772276215991 3.3
331 8.085542323933636 3.31
332 8.081973607359771 3.32
333 8.070410937641594 3.33
334 8.073644369390493 3.34
335 8.056687910405456 3.35
336 8.087158012372553 3.36
337 8.037141863816395 3.37
338 8.053572479725108 3.38
339 8.045975804790004 3.39
340 7.996712316453308 3.4
341 7.99213219198173 3.41
342 8.061030735707337 3.42
343 8.021123708204151 3.43
344 8.038136518736222 3.44
345 8.007716760912603 3.45
346 7.996776494726837 3.46
347 8.060783606820829 3.47
348 7.990924708032441 3.48
349 8.003635291359434 3.49
350 7.98886194633099 3.5
351 8.020133642546284 3.51
352 8.053323663405966 3.52
353 8.017737918646725 3.53
354 8.055043181249879 3.54
355 8.039373561114699 3.55
356 8.041843067069463 3.56
357 8.024755312785917 3.57
358 8.033494540546776 3.58
359 8.069510007942739 3.59
360 8.13213769874452 3.6
361 8.164924034778723 3.61
362 8.140158191846165 3.62
363 8.096624967635755 3.63
364 8.104346852930343 3.64
365 8.182285115705788 3.65
366 8.235651465172099 3.66
367 8.225995195007487 3.67
368 8.201979285357849 3.68
369 8.217370688525707 3.69
370 8.271435843248002 3.7
371 8.300074589391075 3.71
372 8.346307721285829 3.72
373 8.371646488643401 3.73
374 8.379329614373406 3.74
375 8.414523836160834 3.75
376 8.456940476472679 3.76
377 8.457516875348416 3.77
378 8.47242445385176 3.78
379 8.481656419635323 3.79
380 8.510765315207889 3.8
381 8.527977753652403 3.81
382 8.56754322926807 3.82
383 8.638791273565079 3.83
384 8.656153935026657 3.84
385 8.703429590329851 3.85
386 8.699915823951297 3.86
387 8.739263858772759 3.87
388 8.774666305228772 3.88
389 8.83592966172016 3.89
390 8.853913066628497 3.9
391 8.853369833802057 3.91
392 8.860623589235063 3.92
393 8.894676941071127 3.93
394 8.971114138559399 3.94
395 9.053180139592698 3.95
396 9.061036866428452 3.96
397 9.047581897599175 3.97
398 9.003582819764944 3.98
399 8.959792953645582 3.99
400 8.96851053271253 4
401 9.028869274422616 4.01
402 9.05792057339141 4.02
403 9.06940930669175 4.03
404 9.091212035731784 4.04
405 9.130911167407987 4.05
406 9.181864721101068 4.06
407 9.20132830394587 4.07
408 9.207031551901222 4.08
409 9.167502138874042 4.09
410 9.053277985006755 4.1
411 9.041508737141179 4.11
412 9.051219462267568 4.12
413 9.085656325663813 4.13
414 9.079142255802264 4.14
415 9.070941004821636 4.15
416 9.067641250953466 4.16
417 9.061355776958051 4.17
418 9.131968856011618 4.18
419 9.134301909990564 4.19
420 9.131490312311083 4.2
421 9.064531242358809 4.21
422 8.945476039759452 4.22
423 8.931390536140627 4.23
424 8.935827523290365 4.24
425 8.992465565413482 4.25
426 9.017829211135162 4.26
427 8.971150666316973 4.27
428 8.89681752893272 4.28
429 8.828610474095685 4.29
430 8.839084568065026 4.3
431 8.864243185076656 4.31
432 8.894099447426953 4.32
433 8.908956847667547 4.33
434 8.907777473475754 4.34
435 8.799958177572796 4.350000000000001
436 8.728719017833974 4.36
437 8.726286043325716 4.37
438 8.711385438605026 4.38
439 8.783690560261915 4.39
440 8.81433009318461 4.4
441 8.755671318406138 4.41
442 8.722806832701874 4.42
443 8.643245772676368 4.43
444 8.642491069025253 4.44
445 8.6303872564743 4.45
446 8.654591089601082 4.46
447 8.683210695039932 4.47
448 8.655289591413197 4.48
449 8.66588495884093 4.49
450 8.61563902313828 4.5
451 8.543128137385057 4.51
452 8.5741325800673 4.52
453 8.579807525353432 4.53
454 8.608738295459656 4.54
455 8.599789247065331 4.55
456 8.63448255446608 4.56
457 8.58751281549806 4.57
458 8.594112114075818 4.58
459 8.556293275642375 4.59
460 8.523555282047869 4.600000000000001
461 8.484723570028372 4.61
462 8.474922537442991 4.62
463 8.497204345975431 4.63
464 8.510279540432588 4.64
465 8.532910473737575 4.65
466 8.559909149073304 4.66
467 8.522918731471227 4.67
468 8.521194388061247 4.68
469 8.434555740769703 4.69
470 8.406651566092998 4.7
471 8.418672671502756 4.71
472 8.413307447156686 4.72
473 8.438468152477897 4.73
474 8.451534398240163 4.74
475 8.465432559742748 4.75
476 8.45534637564408 4.76
477 8.417781872303927 4.77
478 8.412452641812589 4.78
479 8.327647088806307 4.79
480 8.311402021076137 4.8
481 8.245855482545856 4.81
482 8.26491700672935 4.82
483 8.302163777256478 4.83
484 8.329816815961616 4.84
485 8.343369304050483 4.850000000000001
486 8.391755418456869 4.86
487 8.341168676672162 4.87
488 8.276609488010807 4.88
489 8.258294938409925 4.89
490 8.162999927476237 4.9
491 8.126782465345061 4.91
492 8.144203161675234 4.92
493 8.103385612899293 4.93
494 8.110769323715134 4.94
495 8.106507971264584 4.95
496 8.130118978779903 4.96
497 8.112587899374539 4.97
498 8.1069002548703 4.98
499 8.044425412776571 4.99
500 7.887370996703408 5
501 7.919902697193011 5.01
502 7.986526727647986 5.02
503 7.99287996192161 5.03
504 8.037605211812144 5.04
505 7.962283435745194 5.05
506 7.942723726298661 5.06
507 7.888601014409765 5.07
508 7.777463510387955 5.08
509 7.782305747532212 5.09
510 7.729528884090301 5.100000000000001
511 7.758489282218172 5.11
512 7.783819859022158 5.12
513 7.785005400306011 5.13
514 7.804070985427525 5.14
515 7.74117715856813 5.15
516 7.720486169881852 5.16
517 7.716272233561519 5.17
518 7.697155075427871 5.18
519 7.691988061973316 5.19
520 7.680569123914591 5.2
521 7.63373914231093 5.21
522 7.58592611320724 5.22
523 7.55168361847698 5.23
524 7.539892170514615 5.24
525 7.52541073752588 5.25
526 7.506379658897028 5.26
527 7.483439059152977 5.27
528 7.462630561875433 5.28
529 7.434008970846559 5.29
530 7.420891248961854 5.3
531 7.389903897409322 5.31
532 7.394118245736306 5.32
533 7.370318755388607 5.33
534 7.35900046047228 5.34
535 7.346379924816901 5.350000000000001
536 7.329597623921119 5.36
537 7.29412889354635 5.37
538 7.299186890258701 5.38
539 7.322730100444074 5.39
540 7.26219752954387 5.4
541 7.217825732972638 5.41
542 7.223626860426609 5.42
543 7.234817392752052 5.43
544 7.23420236615098 5.44
545 7.236588258646307 5.45
546 7.19151867864408 5.46
547 7.186445470826831 5.47
548 7.152924858146865 5.48
549 7.165454635414181 5.49
550 7.171054281292468 5.5
551 7.17428264322213 5.51
552 7.171426338149669 5.52
553 7.136671136384278 5.53
554 7.101755649302247 5.54
555 7.083127073613944 5.55
556 7.056661143163586 5.56
557 7.081885710397438 5.57
558 7.103909989228708 5.58
559 7.126008702939977 5.59
560 7.140538198967069 5.600000000000001
561 7.144646004731967 5.61
562 7.126694714553256 5.62
563 7.103654217201009 5.63
564 7.085777211688207 5.64
565 7.0522273450713 5.65
566 7.055495052649379 5.66
567 7.064022192173894 5.67
568 7.099039939915634 5.68
569 7.095762574148215 5.69
570 7.078418594405914 5.7
571 7.054055176534935 5.71
572 7.008097442125392 5.72
573 7.025453708949641 5.73
574 7.067271972023263 5.74
575 7.087146192595463 5.75
576 7.123273082482775 5.76
577 7.079175418834407 5.77
578 7.110162648086801 5.78
579 7.067301521980878 5.79
580 7.086002935459698 5.8
581 7.102709172860948 5.81
582 7.096357538470816 5.82
583 7.114549195778798 5.83
584 7.113667557193782 5.84
585 7.132216077535589 5.850000000000001
586 7.142135057219031 5.86
587 7.143550680506434 5.87
588 7.174939512691496 5.88
589 7.134769389902284 5.89
590 7.180117024248731 5.9
591 7.179395357184521 5.91
592 7.195649387968872 5.92
593 7.200406117126955 5.93
594 7.204327934180105 5.94
595 7.191995857161944 5.95
596 7.183586650750875 5.96
597 7.193008374295491 5.97
598 7.226889790382574 5.98
599 7.21691912535364 5.99
600 7.246692554959654 6
601 7.234826247479905 6.01
602 7.259992809931282 6.02
603 7.254782562855031 6.03
604 7.254974181126235 6.04
605 7.258409838601878 6.05
606 7.269925286044394 6.06
607 7.307738838078972 6.07
608 7.296647243530434 6.08
609 7.291975757123002 6.09
610 7.311185767714735 6.100000000000001
611 7.325359198430324 6.11
612 7.336230602381262 6.12
613 7.346255044133549 6.13
614 7.361158338147162 6.140000000000001
615 7.364604209432574 6.15
616 7.387047941345657 6.16
617 7.383786726891187 6.17
618 7.379052630997401 6.18
619 7.40659394654287 6.19
620 7.39654956773458 6.2
621 7.414813350934414 6.21
622 7.427891847483393 6.22
623 7.436678495199781 6.23
624 7.474538785282463 6.24
625 7.47993094286768 6.25
626 7.492525929889703 6.26
627 7.496078235248368 6.27
628 7.512090549209372 6.28
629 7.554588748756074 6.29
630 7.543430706421165 6.3
631 7.566804919798846 6.31
632 7.556491370361694 6.32
633 7.560935482133208 6.33
634 7.563460609722193 6.34
635 7.583874648314854 6.350000000000001
636 7.620081658386053 6.36
637 7.609260862546772 6.37
638 7.63870551847587 6.38
639 7.65218960656011 6.390000000000001
640 7.662903505458396 6.4
641 7.678688765889127 6.41
642 7.690758910237363 6.42
643 7.706246765819007 6.43
644 7.706383106505545 6.44
645 7.697812556228387 6.45
646 7.694799954698045 6.46
647 7.706635978450997 6.47
648 7.714069296121995 6.48
649 7.707097219825007 6.49
650 7.74927928246079 6.5
651 7.768413678908134 6.51
652 7.773529884535456 6.52
653 7.743549493127902 6.53
654 7.72279223263146 6.54
655 7.710271086508513 6.55
656 7.72359962805744 6.56
657 7.745862612864898 6.57
658 7.773453362828195 6.58
659 7.765534012510584 6.59
660 7.741307692182787 6.600000000000001
661 7.728364275707234 6.61
662 7.729328646236735 6.62
663 7.730776671322508 6.63
664 7.712711704376297 6.640000000000001
665 7.74211186185132 6.65
666 7.736741733057928 6.66
667 7.728660037422793 6.67
668 7.712093641435328 6.68
669 7.753792655090122 6.69
670 7.766331719989359 6.7
671 7.734840970027393 6.71
672 7.718766362484728 6.72
673 7.705705322256802 6.73
674 7.726328724801005 6.74
675 7.750069909039333 6.75
676 7.725715223036249 6.76
677 7.724134142628869 6.77
678 7.672385587395758 6.78
679 7.721956797789463 6.79
680 7.718818219368501 6.8
681 7.734554532221992 6.81
682 7.72562925478972 6.82
683 7.735703556545848 6.83
684 7.777500994605623 6.84
685 7.724077921957877 6.850000000000001
686 7.769810379142696 6.86
687 7.820108800199505 6.87
688 7.851181758083127 6.88
689 7.835891094268478 6.890000000000001
690 7.836155102126734 6.9
691 7.866832278752673 6.91
692 7.824751700452756 6.92
693 7.900726875170366 6.93
694 7.936228797426047 6.94
695 7.874207983089929 6.95
696 7.880342156595368 6.96
697 7.876693231342696 6.97
698 7.875360407530582 6.98
699 7.906203510888329 6.99
700 7.933829600192243 7
701 7.898374771027307 7.01
702 7.864309239337039 7.02
703 7.905249416397573 7.03
704 7.890227673773079 7.04
705 7.913202963321366 7.05
706 7.943931301575442 7.06
707 7.959178895187177 7.07
708 7.948592044729899 7.08
709 7.952244071710726 7.09
710 8.008034451458235 7.100000000000001
711 7.990007730589585 7.11
712 7.969467548815051 7.12
713 7.998278059016215 7.13
714 7.993677905550932 7.140000000000001
715 7.99387866766547 7.15
716 8.067854664041853 7.16
717 8.110090550385983 7.17
718 8.153629755957009 7.18
719 8.180523691844094 7.19
720 8.180425171601309 7.2
721 8.187674786547843 7.21
722 8.180165270930656 7.22
723 8.255393848926854 7.23
724 8.294199389006039 7.24
725 8.325646210436826 7.25
726 8.351400623994749 7.26
727 8.364109053080321 7.27
728 8.374711327775838 7.28
729 8.480808904087947 7.29
730 8.495682091183888 7.3
731 8.549766381617049 7.31
732 8.593503446081932 7.32
733 8.652146064801265 7.33
734 8.699820927786078 7.34
735 8.656140200265478 7.350000000000001
736 8.704901616081827 7.36
737 8.761596829958272 7.37
738 8.813552560932511 7.38
739 8.81376560478507 7.390000000000001
740 8.847563079476531 7.4
741 8.938769252191289 7.41
742 9.03519533989919 7.42
743 9.055555489562989 7.43
744 9.052954613040912 7.44
745 9.07181316097345 7.45
746 9.10443200990052 7.46
747 9.174303120775857 7.47
748 9.224457503866272 7.48
749 9.245779208203714 7.49
750 9.235050785094806 7.5
751 9.268315298084918 7.51
752 9.346545178529942 7.52
753 9.364674007035902 7.53
754 9.345193656879749 7.54
755 9.348689642250976 7.55
756 9.294122461457603 7.56
757 9.228797862743352 7.57
758 9.29812758908179 7.58
759 9.345032832884357 7.59
760 9.391503379703423 7.600000000000001
761 9.372106190528426 7.61
762 9.387828997046471 7.62
763 9.404448879536858 7.63
764 9.427314218972214 7.640000000000001
765 9.434236195089952 7.65
766 9.420653157124137 7.66
767 9.355146369426494 7.67
768 9.287171068999111 7.68
769 9.322335379572527 7.69
770 9.329293309058169 7.7
771 9.339765584072003 7.71
772 9.334602603109056 7.72
773 9.362739186580974 7.73
774 9.356907156397224 7.74
775 9.313340567311212 7.75
776 9.366035343913087 7.76
777 9.336130935692662 7.77
778 9.272773883213354 7.78
779 9.285126321121652 7.79
780 9.218208188473536 7.8
781 9.225522691983757 7.81
782 9.264158264682038 7.82
783 9.285782186488278 7.83
784 9.322778700546021 7.84
785 9.270304020297512 7.850000000000001
786 9.213697769822875 7.86
787 9.174658413442954 7.87
788 9.153188753549696 7.88
789 9.204722239993682 7.890000000000001
790 9.247392313304754 7.9
791 9.235767777014276 7.91
792 9.258414672489058 7.92
793 9.226898927002191 7.930000000000001
794 9.162647415482402 7.94
795 9.150151242306681 7.95
796 9.161470814818465 7.96
797 9.184430107603719 7.97
798 9.20440705534465 7.98
799 9.211663955493869 7.99
800 9.238982274024107 8
801 9.22800736035367 8.01
802 9.200564627487672 8.02
803 9.183157071138709 8.029999999999999
804 9.156890790322262 8.040000000000001
805 9.185762043467076 8.050000000000001
806 9.177887833677252 8.06
807 9.191424173337518 8.07
808 9.174205403401547 8.08
809 9.155740113845869 8.09
810 9.169025125250203 8.1
811 9.148937720198502 8.109999999999999
812 9.167249631991082 8.120000000000001
813 9.15558911856005 8.130000000000001
814 9.189597625840371 8.140000000000001
815 9.212506679761649 8.15
816 9.152495804586835 8.16
817 9.15316855546784 8.17
818 9.127698621473684 8.18
819 9.131138065275239 8.19
820 9.146554046689493 8.199999999999999
821 9.122924758048862 8.210000000000001
822 9.135328952116888 8.220000000000001
823 9.137438765146477 8.23
824 9.209434717530119 8.24
825 9.186430017200305 8.25
826 9.125364187976469 8.26
827 9.077716478311745 8.27
828 9.116634796699984 8.279999999999999
829 9.065380758841803 8.290000000000001
830 9.013283885997609 8.300000000000001
831 9.053078751588549 8.31
832 8.993159988865447 8.32
833 9.07671281156307 8.33
834 9.12242955608609 8.34
835 9.077550260144774 8.35
836 9.093888907071131 8.359999999999999
837 9.02999385369267 8.370000000000001
838 8.975523546000764 8.380000000000001
839 8.960854385148668 8.390000000000001
840 8.906826002334252 8.4
841 8.886802289191387 8.41
842 8.907751493748433 8.42
843 8.979982215712711 8.43
844 8.985913053165921 8.44
845 9.003196799794711 8.449999999999999
846 8.988406194143748 8.460000000000001
847 9.003267083112037 8.470000000000001
848 8.957932380699706 8.48
849 8.873879426164116 8.49
850 8.887800730072739 8.5
851 8.824737458390754 8.51
852 8.819115887142884 8.52
853 8.804600889021479 8.529999999999999
854 8.799894916719612 8.540000000000001
855 8.805058029773575 8.550000000000001
856 8.797841785490185 8.56
857 8.780121247727743 8.57
858 8.803172805740525 8.58
859 8.779495141491861 8.59
860 8.75655788336436 8.6
861 8.714777512932978 8.609999999999999
862 8.701997960662249 8.620000000000001
863 8.697770425952887 8.630000000000001
864 8.668652234393441 8.640000000000001
865 8.615232689974347 8.65
866 8.50433616929473 8.66
867 8.453806942500558 8.67
868 8.451746707332672 8.68
869 8.466927473119185 8.69
870 8.493625372009662 8.700000000000001
871 8.462573831919141 8.710000000000001
872 8.494870415594196 8.720000000000001
873 8.439111505340037 8.73
874 8.450294218382171 8.74
875 8.391831279786382 8.75
876 8.330742267317472 8.76
877 8.313994811663285 8.77
878 8.25546188566782 8.779999999999999
879 8.288328460179754 8.790000000000001
880 8.328094506988396 8.800000000000001
881 8.308751474766318 8.81
882 8.233786592774882 8.82
883 8.095399658714394 8.83
884 8.062983495156473 8.84
885 8.09161575752457 8.85
886 8.08655974054029 8.859999999999999
887 8.132571938511132 8.870000000000001
888 7.958861756939762 8.880000000000001
889 7.923477615099586 8.890000000000001
890 7.868215999775592 8.9
891 7.913969560810135 8.91
892 7.806047594899321 8.92
893 7.808268560869264 8.93
894 7.850429176943555 8.94
895 7.859469838556612 8.950000000000001
896 7.804248822506613 8.960000000000001
897 7.809365563025635 8.970000000000001
898 7.68385033261554 8.98
899 7.684267580673334 8.99
900 7.565952685676131 9
901 7.563587246527782 9.01
902 7.569525315294713 9.02
903 7.579020719751094 9.029999999999999
904 7.522694366896315 9.040000000000001
905 7.483012334233782 9.050000000000001
906 7.427252592435113 9.06
907 7.405147931593733 9.07
908 7.402541675474472 9.08
909 7.333463681870874 9.09
910 7.329972246590508 9.1
911 7.271512900646766 9.109999999999999
912 7.25217172574823 9.120000000000001
913 7.237766822043678 9.130000000000001
914 7.223038127422329 9.140000000000001
915 7.192834464267212 9.15
916 7.138505994061841 9.16
917 7.11314371455066 9.17
918 7.067791734836966 9.18
919 7.052987913798682 9.19
920 7.050134552864829 9.200000000000001
921 7.039815971736741 9.210000000000001
922 7.041231584867536 9.220000000000001
923 7.001406529098639 9.23
924 6.985174811682644 9.24
925 6.956321360759173 9.25
926 6.956067971538221 9.26
927 6.97372733896436 9.27
928 6.925353281977418 9.279999999999999
929 6.946615859117912 9.290000000000001
930 6.903108872987009 9.300000000000001
931 6.90991684691002 9.31
932 6.882922048651519 9.32
933 6.88771972202052 9.33
934 6.922103765635008 9.34
935 6.886071770016076 9.35
936 6.908160818098973 9.359999999999999
937 6.916774330392289 9.370000000000001
938 6.918602833173534 9.380000000000001
939 6.915184042008146 9.390000000000001
940 6.871132773406282 9.4
941 6.891236068259898 9.41
942 6.867757562744059 9.42
943 6.878896156760893 9.43
944 6.935333728346162 9.44
945 6.935600752726581 9.450000000000001
946 6.943091590913657 9.460000000000001
947 6.934594782247482 9.470000000000001
948 6.966029919968424 9.48
949 6.931608175140527 9.49
950 6.937022669820593 9.5
951 6.944287552028858 9.51
952 6.94868098236936 9.52
953 6.959271769821354 9.529999999999999
954 6.94359593465653 9.540000000000001
955 6.958898240223805 9.550000000000001
956 6.944369158718637 9.56
957 6.97058103885998 9.57
958 6.987792127609403 9.58
959 6.941114952515972 9.59
960 6.987263275325812 9.6
961 6.96935768102191 9.609999999999999
962 7.006241115473241 9.620000000000001
963 7.018809368511616 9.630000000000001
964 7.030826908015946 9.640000000000001
965 7.084896468000208 9.65
966 6.988603828720358 9.66
967 6.979375608732232 9.67
968 7.025656403068142 9.68
969 7.060718382819115 9.69
970 7.065688855350092 9.700000000000001
971 7.039448656708523 9.710000000000001
972 7.020382318167371 9.720000000000001
973 7.009175373520874 9.73
974 7.075868433831596 9.74
975 7.105170704894623 9.75
976 7.116229708703909 9.76
977 7.156956240995232 9.77
978 7.115320676758211 9.779999999999999
979 7.096609523670818 9.790000000000001
980 7.101231372253995 9.800000000000001
981 7.119760260899229 9.81
982 7.198013108316067 9.82
983 7.183075180020924 9.83
984 7.188978374148945 9.84
985 7.179847697778225 9.85
986 7.197161664557332 9.859999999999999
987 7.226424671834718 9.870000000000001
988 7.2162853439818 9.880000000000001
989 7.256032324464083 9.890000000000001
990 7.265636289856572 9.9
991 7.259566579114702 9.91
992 7.281062422871521 9.92
993 7.278135693770309 9.93
994 7.285970668686296 9.94
995 7.29805924157832 9.950000000000001
996 7.339409196574034 9.960000000000001
997 7.362168999597241 9.970000000000001
998 7.332046268427382 9.98
999 7.353460216293232 9.99
1000 7.355394163130681 10
