"cm-rfile"
"Time Step" "cm etc.."
("Time Step" "cm" "flow-time")
0 0 0
1 -0.01465211617605927 0.01
2 0.3938296916757247 0.02
3 -0.01692390661827807 0.03
4 -0.07455159188051569 0.04
5 -0.06440903782457723 0.05
6 -0.06525172191664749 0.06
7 -0.06916726342028157 0.07000000000000001
8 -0.06002284945585868 0.08
9 -0.06079064004231409 0.09
10 -0.06518688095013755 0.1
11 -0.05359510440844813 0.11
12 -0.04944345716168597 0.12
13 -0.05836388399177112 0.13
14 -0.0642889085907601 0.14
15 -0.06105296710108751 0.15
16 -0.05735361979757046 0.16
17 -0.0558965741444807 0.17
18 -0.05422288432844347 0.18
19 -0.05523638051756417 0.19
20 -0.05782706367810399 0.2
21 -0.0577601133472299 0.21
22 -0.04896001862255028 0.22
23 -0.04654554663493336 0.23
24 -0.05025477181863998 0.24
25 -0.0538503107148277 0.25
26 -0.0602165962046225 0.26
27 -0.06469955230005868 0.27
28 -0.05406119783047268 0.28
29 -0.0471324422423763 0.29
30 -0.04607454262658709 0.3
31 -0.04578060661414828 0.31
32 -0.04226565994712991 0.32
33 -0.0383240909146125 0.33
34 -0.02980520133740152 0.34
35 -0.02800075128404084 0.35
36 -0.03002028366578777 0.36
37 -0.03729390744739269 0.37
38 -0.04393326202333337 0.38
39 -0.04611043623772704 0.39
40 -0.03769662882871456 0.4
41 -0.0309498139200589 0.41
42 -0.0265448616429419 0.42
43 -0.02745809687408165 0.43
44 -0.02922303420718102 0.44
45 -0.03028298321845901 0.45
46 -0.03234321758672502 0.46
47 -0.03228616406270176 0.47
48 -0.02682599081213458 0.48
49 -0.01837571616213405 0.49
50 -0.0129271520489384 0.5
51 -0.00989904367303336 0.51
52 -0.02251962761918849 0.52
53 -0.02976992921245707 0.53
54 -0.02851193885361867 0.54
55 -0.02662925610508174 0.55
56 -0.02592384054432012 0.5600000000000001
57 -0.02335063680487635 0.5700000000000001
58 -0.01605382044977682 0.58
59 -0.007193148334704718 0.59
60 0.002948389523130759 0.6
61 0.008470363064267619 0.61
62 0.0107261171598757 0.62
63 0.009651294991120881 0.63
64 0.005251064419732368 0.64
65 0.008879454511572609 0.65
66 0.01369305592326376 0.66
67 0.01972449072478274 0.67
68 0.02477231904448532 0.68
69 0.02978925198727461 0.6900000000000001
70 0.03217463180212694 0.7000000000000001
71 0.03315638876265442 0.71
72 0.02292273765496127 0.72
73 0.01280500498930472 0.73
74 0.01025551928941348 0.74
75 0.01207950332489102 0.75
76 0.02029481541924109 0.76
77 0.03444762910563297 0.77
78 0.04012605441845116 0.78
79 0.04910536751353221 0.79
80 0.04663909817157132 0.8
81 0.05267436654587401 0.8100000000000001
82 0.05206033799493575 0.8200000000000001
83 0.05382509920099222 0.8300000000000001
84 0.05973777907062201 0.84
85 0.06507056125055449 0.85
86 0.0717787780170968 0.86
87 0.07042086267799511 0.87
88 0.06854565765356482 0.88
89 0.07655169708304572 0.89
90 0.08314374607747264 0.9
91 0.09370282084860306 0.91
92 0.09201611775377556 0.92
93 0.07911861936817605 0.93
94 0.07655946613328571 0.9400000000000001
95 0.08683499480563274 0.9500000000000001
96 0.09536162215857574 0.96
97 0.1016307862970821 0.97
98 0.107483823162343 0.98
99 0.1148724519067159 0.99
100 0.1150744067516574 1
101 0.1141744744124064 1.01
102 0.1082239049142851 1.02
103 0.1053347996100731 1.03
104 0.1058873912230331 1.04
105 0.1092300256160662 1.05
106 0.1125246270472829 1.06
107 0.1169820065569234 1.07
108 0.1205475916442626 1.08
109 0.1278886047141868 1.09
110 0.1291303248860666 1.1
111 0.1313516397234973 1.11
112 0.1236297794906837 1.12
113 0.1182851802554382 1.13
114 0.1170807349858427 1.14
115 0.1180094576867176 1.15
116 0.1151265383179101 1.16
117 0.1162731529433847 1.17
118 0.1205236224552956 1.18
119 0.1268630315038941 1.19
120 0.1291366373296413 1.2
121 0.1266476086025874 1.21
122 0.1250814889383892 1.22
123 0.1240246771679372 1.23
124 0.1188272349762494 1.24
125 0.1159862435308154 1.25
126 0.1130264614901505 1.26
127 0.114679947043696 1.27
128 0.1179589166020604 1.28
129 0.1219886911455965 1.29
130 0.1214836248257878 1.3
131 0.1218974986351119 1.31
132 0.1183379715920818 1.32
133 0.1195418593582222 1.33
134 0.1191075924929071 1.34
135 0.1142545743737765 1.35
136 0.1131868026399318 1.36
137 0.1125334660451648 1.37
138 0.1164623304139764 1.38
139 0.1189057998957917 1.39
140 0.1010248338253697 1.4
141 0.115064713259821 1.41
142 0.1253939838086075 1.42
143 0.1242423795124689 1.43
144 0.1277719571903116 1.44
145 0.1313340395160798 1.45
146 0.1254096262216117 1.46
147 0.1231104878674981 1.47
148 0.1224761777913185 1.48
149 0.1276866132497997 1.49
150 0.1268530014499594 1.5
151 0.1264480636289475 1.51
152 0.1276856782827459 1.52
153 0.1206922640969772 1.53
154 0.1254489233593347 1.54
155 0.1247781413008664 1.55
156 0.1366067185657945 1.56
157 0.1455597197038191 1.57
158 0.1443050182868337 1.58
159 0.1403822777135949 1.59
160 0.1439335398785565 1.6
161 0.1456066677576485 1.61
162 0.1462847593072583 1.62
163 0.1415945581819053 1.63
164 0.1445851228081994 1.64
165 0.1450981166425357 1.65
166 0.1515744326965099 1.66
167 0.154531953796259 1.67
168 0.1548782805956936 1.68
169 0.1558913617759672 1.69
170 0.1593226038018836 1.7
171 0.1625126923482006 1.71
172 0.1659417761036552 1.72
173 0.1678818648907558 1.73
174 0.1686122429845439 1.74
175 0.1661718914926769 1.75
176 0.1638345403645582 1.76
177 0.1640681129626631 1.77
178 0.1683163277219115 1.78
179 0.1691705687702665 1.79
180 0.1692057748970751 1.8
181 0.1692028426414431 1.81
182 0.1722764972051974 1.82
183 0.1713954229489558 1.83
184 0.1740816320994621 1.84
185 0.176422086718131 1.85
186 0.1784137714844213 1.86
187 0.1773610525992843 1.87
188 0.1800663362354503 1.88
189 0.1828835053922672 1.89
190 0.1848569826807292 1.9
191 0.1870402527191423 1.91
192 0.1833701123113831 1.92
193 0.1784660883492288 1.93
194 0.17664258531626 1.94
195 0.1793170318692061 1.95
196 0.1785100956630792 1.96
197 0.1792955140577894 1.97
198 0.1800336295426457 1.98
199 0.1843203628720914 1.99
200 0.1881191675517608 2
201 0.1874354064517358 2.01
202 0.1877854099405463 2.02
203 0.1859476350726999 2.03
204 0.1879510844253522 2.04
205 0.1887318610759648 2.05
206 0.1886142406683679 2.06
207 0.1882821592647389 2.07
208 0.1857082168684122 2.08
209 0.1852913408150098 2.09
210 0.1834074019469651 2.1
211 0.1848301825434903 2.11
212 0.1844683844603298 2.12
213 0.1869177824538864 2.13
214 0.187232563489375 2.14
215 0.1853154237492255 2.15
216 0.1847036076045254 2.16
217 0.185100307175995 2.17
218 0.1854973726768797 2.18
219 0.1819984553123325 2.19
220 0.1824131465015379 2.2
221 0.1838255771981138 2.21
222 0.1829272265372637 2.22
223 0.182390183367577 2.23
224 0.1835959734289258 2.24
225 0.1854994408974374 2.25
226 0.1824818978338626 2.26
227 0.1832188238436541 2.27
228 0.1842172268876262 2.28
229 0.1845622998763201 2.29
230 0.1828416621327277 2.3
231 0.1809129858717288 2.31
232 0.1802328618538158 2.32
233 0.179468099210838 2.33
234 0.1770736455817682 2.34
235 0.175912684725779 2.35
236 0.1787115491275726 2.36
237 0.1757112533477138 2.37
238 0.1727769496602482 2.38
239 0.1758216605804853 2.39
240 0.1773586025658632 2.4
241 0.1749172706455187 2.41
242 0.1745233166344644 2.42
243 0.1743407686102615 2.43
244 0.1715389656771778 2.44
245 0.1718263701480686 2.45
246 0.1723712817363527 2.46
247 0.1711156838160801 2.47
248 0.1694063318879512 2.48
249 0.1720631671761439 2.49
250 0.1741496301156699 2.5
251 0.1706619426039118 2.51
252 0.1707745898595629 2.52
253 0.170419798421361 2.53
254 0.1701559211672343 2.54
255 0.1684958381785049 2.55
256 0.1686650507017354 2.56
257 0.1666670251602702 2.57
258 0.1659970237269877 2.58
259 0.1655546284792906 2.59
260 0.166971629461422 2.6
261 0.1686348792808413 2.61
262 0.1676776125223773 2.62
263 0.170789694520588 2.63
264 0.1724687870907567 2.64
265 0.1720608318861141 2.65
266 0.171618194899365 2.66
267 0.172175573724582 2.67
268 0.1749574017830096 2.68
269 0.1741718467145972 2.69
270 0.1744724585399889 2.7
271 0.1758490164610937 2.71
272 0.1760246830195396 2.72
273 0.1747154715248688 2.73
274 0.174520726083685 2.74
275 0.1799391933949536 2.75
276 0.1816134141989486 2.76
277 0.179913671853786 2.77
278 0.1815540508557202 2.78
279 0.1842922108520876 2.79
280 0.1871114473872624 2.8
281 0.1889024489272499 2.81
282 0.1923333565395997 2.82
283 0.1918131778586011 2.83
284 0.1922087560665094 2.84
285 0.1952066031283669 2.85
