"fd-rfile"
"Time Step" "fd etc.."
("Time Step" "fd" "flow-time")
0 0 0
1 172.4222901185123 0.01
2 3.621730917988367 0.02
3 0.9145890741466404 0.03
4 1.329090669699746 0.04
5 1.48975779060577 0.05
6 1.743946520940018 0.06
7 1.928938138344423 0.07000000000000001
8 2.017250461214145 0.08
9 2.152684166707402 0.09
10 2.219387429640642 0.1
11 2.305075759661809 0.11
12 2.31527860494898 0.12
13 2.353091559218158 0.13
14 2.354569890904724 0.14
15 2.442848289401784 0.15
16 2.50336702840287 0.16
17 2.579091174670062 0.17
18 2.559840008206009 0.18
19 2.589478085665963 0.19
20 2.62795832546561 0.2
21 2.643053409455335 0.21
22 2.682945268509783 0.22
23 2.798837217879645 0.23
24 2.816031353201204 0.24
25 2.777142883688247 0.25
26 2.75191889357081 0.26
27 2.773135928322097 0.27
28 2.795142452156776 0.28
29 2.859362855541691 0.29
30 2.83596606297704 0.3
31 2.78319493148156 0.31
32 2.805080031871298 0.32
33 2.846851178959088 0.33
34 2.846318721577868 0.34
35 2.851854039116897 0.35
36 2.819855220359309 0.36
37 2.784416535002423 0.37
38 2.741123150152421 0.38
39 2.688728671313446 0.39
40 2.711628090358609 0.4
41 2.723684781339292 0.41
42 2.726063010750272 0.42
43 2.661812292529137 0.43
44 2.656874726050622 0.44
45 2.652280348393175 0.45
46 2.616417640734288 0.46
47 2.584811006176778 0.47
48 2.585718569651419 0.48
49 2.61958136096889 0.49
50 2.647457465845185 0.5
51 2.627234727138608 0.51
52 2.572725742358244 0.52
53 2.496052919597598 0.53
54 2.475108723952095 0.54
55 2.491557967685238 0.55
56 2.497012168412073 0.5600000000000001
57 2.472231666005903 0.5700000000000001
58 2.455412440292403 0.58
59 2.463275936679631 0.59
60 2.529349310809158 0.6
61 2.548072481749012 0.61
62 2.554044510011187 0.62
63 2.482478723594374 0.63
64 2.475326684106706 0.64
65 2.416908961297839 0.65
66 2.436510999743998 0.66
67 2.423971697688067 0.67
68 2.451319688989022 0.68
69 2.428774657360306 0.6900000000000001
70 2.453739270635391 0.7000000000000001
71 2.412400765742648 0.71
72 2.38517315645788 0.72
73 2.330488005626649 0.73
74 2.223812728399328 0.74
75 2.250300764138397 0.75
76 2.264376577435811 0.76
77 2.238585077836335 0.77
78 2.282185269530966 0.78
79 2.269148545681944 0.79
80 2.211475837251399 0.8
81 2.205789439943503 0.8100000000000001
82 2.221473444399838 0.8200000000000001
83 2.227684893549382 0.8300000000000001
84 2.202422709944881 0.84
85 2.166142724346204 0.85
86 2.138942679866341 0.86
87 2.152242323142308 0.87
88 2.064304379669355 0.88
89 2.036511820344278 0.89
90 2.092932344855747 0.9
91 2.071133123584669 0.91
92 2.015455688089423 0.92
93 1.977750881193796 0.93
94 1.982681843756388 0.9400000000000001
95 1.99662341054747 0.9500000000000001
96 1.964721379872942 0.96
97 1.973387489464384 0.97
98 1.968901035423217 0.98
99 1.938670971202173 0.99
100 2.033083652738251 1
101 1.984330836620771 1.01
102 1.930036370821962 1.02
103 1.858859439734357 1.03
104 1.862177781841635 1.04
105 1.848972411045642 1.05
106 1.838874968195144 1.06
107 1.816313453489543 1.07
108 1.844303569562142 1.08
109 1.873450316729277 1.09
110 1.876797896036707 1.1
111 1.850280800804868 1.11
112 1.830055518005498 1.12
113 1.822098197163458 1.13
114 1.824044191128453 1.14
115 1.801230658467322 1.15
116 1.774020944686786 1.16
117 1.744075956884207 1.17
118 1.736742654875972 1.18
119 1.789747446418267 1.19
120 1.740912229999781 1.2
121 1.737671458168377 1.21
122 1.743494403673442 1.22
123 1.71459589141884 1.23
124 1.696227124126515 1.24
125 1.703866310555351 1.25
126 1.683659060996948 1.26
127 1.655569221699042 1.27
128 1.601222372026102 1.28
129 1.606831926634571 1.29
130 1.632631853433518 1.3
131 1.59162903805043 1.31
132 1.609445363895043 1.32
133 1.596747584129988 1.33
134 1.566056642232525 1.34
135 1.542415105611868 1.35
136 1.532853292989065 1.36
137 1.520677679208306 1.37
138 1.473547477882508 1.38
139 1.46416034734997 1.39
140 1.508991669125987 1.4
141 1.451627948116715 1.41
142 1.445433427945732 1.42
143 1.417124438446856 1.43
144 1.402263092298474 1.44
145 1.401710661540776 1.45
146 1.401826944643238 1.46
147 1.39343305421007 1.47
148 1.357678373494809 1.48
149 1.31693310040606 1.49
150 1.300425043432594 1.5
151 1.31979507283209 1.51
152 1.284357915222329 1.52
153 1.28641193403876 1.53
154 1.271706088127329 1.54
155 1.236869681304631 1.55
156 1.266406644856379 1.56
157 1.240099126880737 1.57
158 1.210093376710063 1.58
159 1.180126633414696 1.59
160 1.1549259557057 1.6
161 1.134861499904532 1.61
162 1.110799125242257 1.62
163 1.130537208495056 1.63
164 1.114366193880675 1.64
165 1.100830245380795 1.65
166 1.063202161041982 1.66
167 1.063953299327299 1.67
168 1.05215926923392 1.68
169 1.037675195271641 1.69
170 1.024170391064823 1.7
171 0.9795930301440531 1.71
172 1.002645506731073 1.72
173 0.9984144511389581 1.73
174 0.9746346466083522 1.74
175 0.9614149254424383 1.75
176 0.9328046349787139 1.76
177 0.905838014834061 1.77
178 0.8921782464367765 1.78
179 0.8879547564902236 1.79
180 0.8618483932000054 1.8
181 0.8460584360428834 1.81
182 0.8312984055051895 1.82
183 0.8363529683330806 1.83
184 0.8129731159899616 1.84
185 0.7992439612653274 1.85
186 0.7890346757828133 1.86
187 0.7573001837340958 1.87
188 0.751452272541379 1.88
189 0.7344458859315065 1.89
190 0.738062637809068 1.9
191 0.7322829037902295 1.91
192 0.7336031568985414 1.92
193 0.7193129450304976 1.93
194 0.702527432711842 1.94
195 0.6764442152292854 1.95
196 0.6601492360375757 1.96
197 0.6642284048777218 1.97
198 0.6530152559635841 1.98
199 0.6357203890408154 1.99
200 0.6317148768515904 2
201 0.6427972417534576 2.01
202 0.6176500432869084 2.02
203 0.6025893990613227 2.03
204 0.5917795042784062 2.04
205 0.5942990717283022 2.05
206 0.5666818893552371 2.06
207 0.5511718520225845 2.07
208 0.564353648598708 2.08
209 0.5464230840426724 2.09
210 0.5229834733041643 2.1
211 0.5382007316889766 2.11
212 0.5275360528184162 2.12
213 0.4999968716408527 2.13
214 0.4983173339678764 2.14
215 0.5000390383640392 2.15
216 0.492776579367993 2.16
217 0.4798522106572219 2.17
218 0.4806474054235031 2.18
219 0.4841134849883554 2.19
220 0.4609718784952516 2.2
221 0.4654378594028689 2.21
222 0.4661453023765947 2.22
223 0.4451223303369808 2.23
224 0.4266998224996902 2.24
225 0.4261226308726748 2.25
226 0.4264866978515999 2.26
227 0.415311086166505 2.27
228 0.4110208833810723 2.28
229 0.4175271051390088 2.29
230 0.4053200243594317 2.3
231 0.3940278340894258 2.31
232 0.3931832540575128 2.32
233 0.3991471727726286 2.33
234 0.3841665768234602 2.34
235 0.3809874556477142 2.35
236 0.3728749278923385 2.36
237 0.3786062734183482 2.37
238 0.3591837958624814 2.38
239 0.354001816929512 2.39
240 0.3656457779933035 2.4
241 0.3613744832325984 2.41
242 0.3585334276830927 2.42
243 0.3594185507787647 2.43
244 0.3632750857008147 2.44
245 0.3498332967135045 2.45
246 0.3541263213273373 2.46
247 0.3489056559126277 2.47
248 0.3511339520717244 2.48
249 0.3541625636969494 2.49
250 0.3522389119201732 2.5
251 0.3518895142819061 2.51
252 0.3534615676965948 2.52
253 0.3611611892691398 2.53
254 0.3580528449284281 2.54
255 0.3721619498308958 2.55
256 0.3655546372768043 2.56
257 0.3568732647708207 2.57
258 0.374434199927559 2.58
259 0.3709410993970418 2.59
260 0.3755367658008672 2.6
261 0.385912563392468 2.61
262 0.3869757736999582 2.62
263 0.3802164792155805 2.63
264 0.3922335444855578 2.64
265 0.4006928733510987 2.65
266 0.4059128855180308 2.66
267 0.4066613935607625 2.67
268 0.3985587334944186 2.68
269 0.4205163369962439 2.69
270 0.4365546326418672 2.7
271 0.4456344862656633 2.71
272 0.4515565256198271 2.72
273 0.4586648686355148 2.73
274 0.4614110138600721 2.74
275 0.4693976073968544 2.75
276 0.490767056998726 2.76
277 0.500956202375848 2.77
278 0.5111319939562931 2.78
279 0.5149191556721566 2.79
280 0.5234515086410705 2.8
281 0.5257232242104458 2.81
282 0.546763268045089 2.82
283 0.5583021827350625 2.83
284 0.5560585011628449 2.84
285 0.5852495068879494 2.85
286 0.6034418431163207 2.86
287 0.6092658789217633 2.87
288 0.609936880638397 2.88
289 0.6249090299090113 2.89
290 0.6340888567904874 2.9
291 0.6566632252431035 2.91
292 0.6650857043804314 2.92
293 0.6600906207749977 2.93
294 0.6713221218587707 2.94
295 0.6958360551436197 2.95
296 0.717781988523469 2.96
297 0.7160865575443739 2.97
