"cd-rfile"
"Time Step" "cd etc.."
("Time Step" "cd" "flow-time")
0 0 0
1 129.5768001167324 0.01
2 0.880322580566493 0.02
3 2.125604332749498 0.03
4 2.41340581185372 0.04
5 2.743765701346879 0.05
6 3.04639372651363 0.06
7 3.153580682585407 0.07000000000000001
8 3.287712924360742 0.08
9 3.316501320833198 0.09
10 3.396997435819197 0.1
11 3.38155630142341 0.11
12 3.42510342469965 0.12
13 3.433561738835872 0.13
14 3.410074999146668 0.14
15 3.392298236010706 0.15
16 3.412068682648428 0.16
17 3.330981411904306 0.17
18 3.308385934364436 0.18
19 3.29938650684102 0.19
20 3.197156572876889 0.2
21 3.226446872929581 0.21
22 3.236312982402819 0.22
23 3.141888200454061 0.23
24 3.12389083190678 0.24
25 3.104400936825996 0.25
26 3.017477475650884 0.26
27 2.959641293966254 0.27
28 2.908037464648843 0.28
29 2.933851363438847 0.29
30 2.810946919183932 0.3
31 2.772861241616454 0.31
32 2.681349145773618 0.32
33 2.703564455178771 0.33
34 2.658986761203538 0.34
35 2.596279949834858 0.35
36 2.600682635824662 0.36
37 2.602361092282246 0.37
38 2.56663042281814 0.38
39 2.505572842358742 0.39
40 2.551378103791652 0.4
41 2.477427348254968 0.41
42 2.461316826956464 0.42
43 2.421316271074044 0.43
44 2.407289667513545 0.44
45 2.371518722039863 0.45
46 2.332815058399277 0.46
47 2.349189261591272 0.47
48 2.31222171593759 0.48
49 2.277566813583957 0.49
50 2.433261216564333 0.5
51 2.347295764916839 0.51
52 2.285658575078813 0.52
53 2.216592720491815 0.53
54 2.256468191707462 0.54
55 2.288990610617736 0.55
56 2.260029250246064 0.5600000000000001
57 2.23663408291224 0.5700000000000001
58 2.208711993963797 0.58
59 2.195639857084667 0.59
60 2.061171179537881 0.6
61 2.150618641822365 0.61
62 2.200288660221748 0.62
63 2.218368401764297 0.63
64 2.199861049161309 0.64
65 2.121117392225987 0.65
66 2.091321016529681 0.66
67 2.098122047241027 0.67
68 2.172332290711221 0.68
69 2.149827208014703 0.6900000000000001
70 2.19606687774537 0.7000000000000001
71 2.092388806690716 0.71
72 2.164659347237706 0.72
73 2.033624090472463 0.73
74 2.044838257846507 0.74
75 2.063036198348249 0.75
76 2.10917990203148 0.76
77 2.074795732736881 0.77
78 2.005191303596478 0.78
79 1.966795372850465 0.79
80 1.905481398031097 0.8
81 1.857839887683108 0.8100000000000001
82 1.841322213804656 0.8200000000000001
83 1.87416398301169 0.8300000000000001
84 1.912445503282708 0.84
85 1.911315464202983 0.85
86 1.91917320302233 0.86
87 1.86414375831376 0.87
88 1.75459791288166 0.88
89 1.682176318557749 0.89
90 1.677595658417941 0.9
91 1.6859233953354 0.91
92 1.680525620869965 0.92
93 1.684379128055913 0.93
94 1.681184075744695 0.9400000000000001
95 1.693349510849929 0.9500000000000001
96 1.638067656487549 0.96
97 1.566141036713515 0.97
98 1.507507154976328 0.98
99 1.47113472334638 0.99
100 1.477936840945077 1
101 1.475165860536731 1.01
102 1.477507354866052 1.02
103 1.409739556644581 1.03
104 1.395829648012393 1.04
105 1.418646839925871 1.05
106 1.438752943122513 1.06
107 1.446346052974658 1.07
108 1.430213928177532 1.08
109 1.358240145777326 1.09
110 1.303260842140605 1.1
111 1.31409485859622 1.11
112 1.31016574014247 1.12
113 1.321573542032827 1.13
114 1.30255504568642 1.14
115 1.256405220095347 1.15
116 1.25023064962619 1.16
117 1.178214793698242 1.17
118 1.200364340906868 1.18
119 1.19748013055835 1.19
120 1.193075963746505 1.2
121 1.209597167069841 1.21
122 1.154500672150087 1.22
123 1.17545371540163 1.23
124 1.128865526138846 1.24
125 1.112653855110504 1.25
126 1.082299074501816 1.26
127 1.059562919758231 1.27
128 1.024779381641659 1.28
129 1.045106260212565 1.29
130 1.000848624111618 1.3
131 0.987396803794411 1.31
132 1.022023314935421 1.32
133 0.9146064513422653 1.33
134 0.9485634183923534 1.34
135 0.9058688400583287 1.35
136 0.9025393772986396 1.36
137 0.8810012032894993 1.37
138 0.8714965547585339 1.38
139 0.9014513467800899 1.39
140 0.8636001326505202 1.4
141 0.8181018353572053 1.41
142 0.8113341114869165 1.42
143 0.76394821252378 1.43
144 0.7423983850822304 1.44
145 0.7438062105270929 1.45
146 0.7396810389430978 1.46
147 0.7354458886361962 1.47
148 0.7216658401206658 1.48
149 0.7211667640811407 1.49
150 0.7063181658647908 1.5
151 0.6832084404589878 1.51
152 0.6846078021163436 1.52
153 0.6373129628139644 1.53
154 0.6063127827190808 1.54
155 0.6451691907981975 1.55
156 0.6259523909403963 1.56
157 0.623704645813715 1.57
158 0.615311425204924 1.58
159 0.6103938674375089 1.59
160 0.5998016905180493 1.6
161 0.603494679624814 1.61
162 0.5887438066241703 1.62
163 0.6009569724424257 1.63
164 0.573400133622363 1.64
165 0.584761579013185 1.65
166 0.560218413536321 1.66
167 0.5728128185475065 1.67
168 0.5790086244769258 1.68
169 0.5802029109785116 1.69
170 0.5771197444140506 1.7
171 0.5565320231886689 1.71
172 0.5450713689024737 1.72
173 0.5480915197405684 1.73
174 0.5772811567466366 1.74
175 0.5692388232205787 1.75
176 0.5865365931393495 1.76
177 0.5820319805237393 1.77
178 0.6009999650769235 1.78
179 0.6126050400962764 1.79
180 0.6408480943540488 1.8
181 0.6483309660988748 1.81
182 0.6497946744851172 1.82
183 0.6666490743820506 1.83
184 0.6719994634280846 1.84
185 0.6883094445452398 1.85
186 0.6937835979482929 1.86
187 0.6988246028486091 1.87
188 0.7193197660146352 1.88
189 0.7301601559678246 1.89
190 0.7181508686831711 1.9
191 0.7629433556124009 1.91
192 0.7905054970641947 1.92
193 0.7977937535104734 1.93
194 0.8078730202594627 1.94
195 0.8431489235314992 1.95
196 0.8440179841127641 1.96
197 0.8676495261872971 1.97
198 0.8668627543378875 1.98
199 0.8812072806848797 1.99
200 0.9016975883719821 2
201 0.9258998574085177 2.01
202 0.9682948171448064 2.02
203 0.9769610276798497 2.03
204 0.9983960889875871 2.04
205 0.9884902842004105 2.05
206 1.009694812966582 2.06
207 1.032118214131631 2.07
208 1.061633022611957 2.08
209 1.081659131951551 2.09
210 1.079210074533713 2.1
211 1.098384964716367 2.11
212 1.118984407567625 2.12
213 1.14314519523994 2.13
214 1.149590417425781 2.14
215 1.174455559073201 2.15
216 1.183201368993314 2.16
217 1.202262987863213 2.17
218 1.219682081683689 2.18
219 1.220857273954214 2.19
220 1.241317152520903 2.2
221 1.241208177158188 2.21
222 1.271773823899624 2.22
223 1.266225666752254 2.23
224 1.284631630001081 2.24
225 1.286358508895538 2.25
226 1.282065070126007 2.26
227 1.311462295395633 2.27
228 1.33743655524732 2.28
229 1.407940198751226 2.29
230 1.398342620959241 2.3
231 1.38828359310607 2.31
232 1.374937531120161 2.32
233 1.377249312432171 2.33
234 1.402641668306416 2.34
235 1.434930721059089 2.35
236 1.429665171060504 2.36
237 1.462853724257274 2.37
238 1.4764059670194 2.38
239 1.472932281216344 2.39
240 1.477684014798536 2.4
241 1.486472477239192 2.41
242 1.527784315312574 2.42
243 1.52738135694463 2.43
244 1.541176232229591 2.44
245 1.576564092958733 2.45
246 1.617204843895813 2.46
247 1.631941190426325 2.47
248 1.614577752560443 2.48
249 1.634124299809487 2.49
250 1.628293297508884 2.5
251 1.660023915415146 2.51
252 1.704328236789233 2.52
253 1.682789561925928 2.53
254 1.704287766516318 2.54
255 1.66828608312773 2.55
256 1.708500855698607 2.56
257 1.717300671311448 2.57
258 1.749860557564642 2.58
259 1.756522149717114 2.59
260 1.736347232612502 2.6
261 1.737968434172709 2.61
262 1.74407845861491 2.62
263 1.77971444562446 2.63
264 1.795626074956348 2.64
265 1.817505290263296 2.65
266 1.790327391496593 2.66
267 1.833324252291997 2.67
268 1.818990464550011 2.68
269 1.81079212274331 2.69
270 1.845416205793374 2.7
271 1.856572175021285 2.71
272 1.834970935117962 2.72
273 1.82854636032654 2.73
274 1.865861881470641 2.74
275 1.863787691406393 2.75
276 1.862145104457297 2.76
277 1.968997320827613 2.77
278 1.962755367971643 2.78
279 2.001917138369012 2.79
280 1.983070173424677 2.8
281 2.012545452193079 2.81
282 2.028425102287136 2.82
283 2.046251483697228 2.83
284 2.057092326830138 2.84
285 2.090925712710855 2.85
286 2.125315296859242 2.86
287 2.157633927488245 2.87
288 2.258319906537771 2.88
289 2.239357084718757 2.89
290 2.243097978327734 2.9
291 2.271185801004821 2.91
292 2.315795463212307 2.92
293 2.340366555372453 2.93
294 2.402638178285926 2.94
295 2.434409074021251 2.95
296 2.419348490218963 2.96
297 2.457506673461778 2.97
298 2.475678482988615 2.98
299 2.561820462777852 2.99
300 2.537141362599833 3
301 2.560833905563753 3.01
302 2.58535487607644 3.02
303 2.581529781675634 3.03
304 2.657898213043818 3.04
305 2.634444464359184 3.05
306 2.587989184983855 3.06
307 2.658558172274073 3.07
308 2.71647192547756 3.08
309 2.713426762822095 3.09
310 2.679709930260387 3.1
311 2.660114285405149 3.11
312 2.682123090332465 3.12
313 2.72030175938149 3.13
314 2.774266211106546 3.14
315 2.787071796219978 3.15
316 2.770351069066968 3.16
317 2.82826725927682 3.17
318 2.809547265084979 3.18
319 2.761389119131328 3.19
320 2.808551036826764 3.2
321 2.851721031483792 3.21
322 2.850558113893569 3.22
323 2.848804104505917 3.23
324 2.831498650547513 3.24
325 2.893739535057472 3.25
326 2.934626018081774 3.26
327 3.020218600697492 3.27
328 2.881589563406796 3.28
329 2.827616680452574 3.29
330 2.84893891287857 3.3
331 2.870186284287318 3.31
332 2.899504631030578 3.32
333 2.850726038679285 3.33
334 2.85956786104131 3.34
335 2.845974840714808 3.35
336 2.873261888772689 3.36
337 2.865422809139833 3.37
338 2.877641087146935 3.38
339 2.921420407177753 3.39
340 2.936179383724835 3.4
341 2.896793975503535 3.41
342 2.83808565764796 3.42
343 2.845532506394016 3.43
344 2.788603943610981 3.44
345 2.818733661472485 3.45
346 2.815267208587242 3.46
347 2.805319750350826 3.47
348 2.806446539989903 3.48
349 2.768120049824651 3.49
350 2.730309253967951 3.5
351 2.734010492985928 3.51
352 2.752692251533906 3.52
353 2.74941210749133 3.53
354 2.714120260266868 3.54
355 2.730634375407917 3.55
356 2.691186362857712 3.56
357 2.653787598659071 3.57
358 2.609794845001824 3.58
359 2.564452742285166 3.59
360 2.483654103497904 3.6
361 2.408176379688885 3.61
362 2.386774693090861 3.62
363 2.336842276857231 3.63
364 2.266671340981591 3.64
365 2.246053323475492 3.65
366 2.159339746665175 3.66
367 2.063582014515589 3.67
368 1.970245445816097 3.68
369 1.895518111657001 3.69
370 1.819423044133543 3.7
371 1.780592033660875 3.71
372 1.734596866454651 3.72
373 1.689870331541011 3.73
374 1.600300536437142 3.74
375 1.563232474659009 3.75
376 1.535006333032523 3.76
377 1.491953646942366 3.77
378 1.42692262615238 3.78
379 1.416832671397124 3.79
380 1.36505256344727 3.8
381 1.358918056815148 3.81
382 1.314078354550552 3.82
383 1.292676702926699 3.83
384 1.251326924250711 3.84
385 1.237849543328044 3.85
386 1.230281631147716 3.86
387 1.212519683431757 3.87
388 1.217689852570625 3.88
389 1.172504559311582 3.89
390 1.140348862745124 3.9
391 1.135844987534249 3.91
392 1.130623551364451 3.92
393 1.104017216357509 3.93
394 1.128394187456208 3.94
395 1.093443887772938 3.95
396 1.082453302011328 3.96
397 1.04562490986316 3.97
398 1.017923274611234 3.98
399 1.040039736669476 3.99
400 1.001205232548304 4
401 0.987499545863545 4.01
402 0.9850851938392241 4.02
403 0.9520601661402548 4.03
404 0.9107775719369268 4.04
405 0.885135812802834 4.05
406 0.8748137389802422 4.06
407 0.8538272338126466 4.07
408 0.8775348871600245 4.08
409 0.8579287084289321 4.09
410 0.8705544456072284 4.1
411 0.8376775143580556 4.11
412 0.8184351161511914 4.12
413 0.8097304212115258 4.13
414 0.8134951377983966 4.14
415 0.8229196596624621 4.15
416 0.7679848524318962 4.16
417 0.7965477035438762 4.17
418 0.7822493139486626 4.18
419 0.7807764092272246 4.19
420 0.7549527346050378 4.2
421 0.7352946989313293 4.21
422 0.7337883524036238 4.22
423 0.7399468290431389 4.23
424 0.7371647820320492 4.24
425 0.7105063626201561 4.25
426 0.7170272722978451 4.26
427 0.7076322434771946 4.27
428 0.7087330898166292 4.28
429 0.7104487390441019 4.29
430 0.6844129870434986 4.3
431 0.7133051990224538 4.31
432 0.6890868601757012 4.32
433 0.7008060358161885 4.33
434 0.6847713221324733 4.34
435 0.6825156683940562 4.350000000000001
436 0.6729828776931319 4.36
437 0.6765861436865409 4.37
438 0.6785283653457032 4.38
439 0.6842667623447164 4.39
440 0.6870411964282127 4.4
441 0.6866890951143287 4.41
442 0.6718933074833799 4.42
443 0.6833254390682187 4.43
444 0.695159270502005 4.44
445 0.7046271584372392 4.45
446 0.7099257297433963 4.46
447 0.7010979924043016 4.47
448 0.7086616033901437 4.48
449 0.7332138936786651 4.49
450 0.7391195045533703 4.5
451 0.7466444410846932 4.51
452 0.7477824186365618 4.52
453 0.7465472399016068 4.53
454 0.7559789866779596 4.54
455 0.7637465871578193 4.55
456 0.7768392147208133 4.56
457 0.7828190762731574 4.57
458 0.7883032764432263 4.58
459 0.7944866570599211 4.59
460 0.7567036994041013 4.600000000000001
461 0.7949632919029508 4.61
462 0.814060406942811 4.62
463 0.8668202039121168 4.63
464 0.8598302565384848 4.64
465 0.8516862368577817 4.65
466 0.8658794038692508 4.66
467 0.8928510545747164 4.67
468 0.8998788768641734 4.68
469 0.9471213461421694 4.69
470 0.9464543965845661 4.7
471 0.9770651264475979 4.71
472 0.9659842363348095 4.72
473 0.9904092425084911 4.73
474 1.018527259670384 4.74
475 1.072881856499333 4.75
476 1.063972644339177 4.76
477 1.102147049184985 4.77
478 1.114301542944423 4.78
479 1.194093549616801 4.79
480 1.263773984162741 4.8
481 1.238504481863749 4.81
482 1.216629664796226 4.82
483 1.225037127619314 4.83
484 1.215191789800118 4.84
485 1.248630619359109 4.850000000000001
486 1.273247946271987 4.86
487 1.332885730892424 4.87
488 1.352740018948934 4.88
489 1.390601449240136 4.89
490 1.402362412324881 4.9
491 1.409476963473192 4.91
492 1.465691140648672 4.92
493 1.452285443526902 4.93
494 1.480773225942764 4.94
495 1.490602395641978 4.95
496 1.527766912427298 4.96
497 1.548049289484475 4.97
498 1.578329904210034 4.98
499 1.596298511684489 4.99
500 1.639613125905044 5
501 1.652513024886683 5.01
502 1.656514912178537 5.02
503 1.665522434985837 5.03
504 1.679176914802535 5.04
505 1.724270152530285 5.05
506 1.718516317550175 5.06
507 1.762906430804899 5.07
508 1.788717326056598 5.08
509 1.8078643437035 5.09
510 1.793600255977763 5.100000000000001
511 1.804422976360547 5.11
512 1.830715876875155 5.12
513 1.849560221998905 5.13
514 1.879401871667471 5.14
515 1.884336714367473 5.15
516 1.913391791668336 5.16
517 1.920999631070575 5.17
518 1.921286134213605 5.18
519 1.948559159645806 5.19
520 1.928256015322068 5.2
521 1.939872872501717 5.21
522 1.953907987290626 5.22
523 1.969948275558916 5.23
524 2.00573427796703 5.24
525 1.993501643014326 5.25
526 2.004703125917266 5.26
527 2.015646263006379 5.27
528 2.013646142859798 5.28
529 2.001573861493551 5.29
530 2.020994747296275 5.3
531 1.9860145639764 5.31
532 2.013704277444415 5.32
533 2.003148359060105 5.33
534 2.021902392752145 5.34
535 2.008839945276343 5.350000000000001
536 2.021667541304057 5.36
537 2.029077472092105 5.37
538 2.032147880314639 5.38
539 2.017454798477126 5.39
540 2.069748462360077 5.4
541 2.086909056981696 5.41
542 2.036359377705466 5.42
543 2.012496714689064 5.43
544 1.988583199900454 5.44
545 1.967174575977953 5.45
546 1.978011455928681 5.46
547 1.942804176842952 5.47
548 2.014514604096906 5.48
549 1.997051500739018 5.49
550 2.028437049129896 5.5
551 1.976570295605282 5.51
552 1.992076755864867 5.52
553 1.992658670323809 5.53
554 2.027153370486674 5.54
555 2.049759738573862 5.55
556 2.007486942426016 5.56
557 2.026950611537289 5.57
558 2.03848826611217 5.58
559 2.003421586126487 5.59
560 2.059280204857107 5.600000000000001
561 2.07336435683614 5.61
562 2.065355355068158 5.62
563 2.071483597983812 5.63
564 2.099642251645906 5.64
565 2.120427176052305 5.65
566 2.177466970334881 5.66
567 2.200646249531872 5.67
568 2.319462892922062 5.68
569 2.191801651761597 5.69
570 2.254689825857257 5.7
571 2.368953800424012 5.71
572 2.284405213615706 5.72
573 2.243195251760593 5.73
574 2.20343954168937 5.74
575 2.246169247322797 5.75
576 2.218788666887475 5.76
577 2.327617698129175 5.77
578 2.304823882814702 5.78
579 2.349740496347295 5.79
580 2.369730159105104 5.8
581 2.389964346927586 5.81
582 2.436046501294466 5.82
583 2.382015091456748 5.83
584 2.387966069381376 5.84
585 2.407611466155342 5.850000000000001
586 2.420644250159745 5.86
587 2.494339082994395 5.87
588 2.495534116644035 5.88
589 2.4825763124555 5.89
590 2.49802928053071 5.9
591 2.510345078411618 5.91
592 2.559459781595299 5.92
593 2.537776502390594 5.93
594 2.631991096154108 5.94
595 2.56689880564916 5.95
596 2.565610813144131 5.96
597 2.504843940444359 5.97
598 2.552745548956984 5.98
599 2.580684922328611 5.99
600 2.554949181884595 6
601 2.624672912804683 6.01
602 2.584228292857407 6.02
603 2.610213408397345 6.03
604 2.638447619940291 6.04
605 2.60290865413908 6.05
606 2.571850378272294 6.06
607 2.571538549921402 6.07
608 2.567241035126527 6.08
609 2.655073676687277 6.09
610 2.558226937658546 6.100000000000001
611 2.511541321031819 6.11
612 2.528204101731494 6.12
613 2.542780843215344 6.13
614 2.49729379757507 6.140000000000001
615 2.482926839925853 6.15
616 2.480473821225958 6.16
617 2.533455212310517 6.17
618 2.474746930025218 6.18
619 2.419249208499759 6.19
620 2.341345453437436 6.2
621 2.367297474173728 6.21
622 2.371502350905167 6.22
623 2.348660994639919 6.23
624 2.323326901444617 6.24
625 2.367981908395628 6.25
626 2.385155154170204 6.26
627 2.334035192479897 6.27
628 2.279952448750474 6.28
629 2.225992086075967 6.29
630 2.15105498523783 6.3
631 2.146620718420798 6.31
632 2.19215939369619 6.32
633 2.136576005318517 6.33
634 2.151326411684371 6.34
635 2.122624379152554 6.350000000000001
636 2.09112491287446 6.36
637 2.000650740319323 6.37
638 1.921716133782979 6.38
639 1.922393324090239 6.390000000000001
640 1.864164421934673 6.4
641 1.856752409446113 6.41
642 1.843667272498506 6.42
643 1.793514044531445 6.43
644 1.757949996638346 6.44
645 1.746637680589069 6.45
646 1.745109081413132 6.46
647 1.663846137057417 6.47
648 1.627106269089454 6.48
649 1.545908964740799 6.49
650 1.516472190257415 6.5
651 1.50467926431273 6.51
652 1.439976603848587 6.52
653 1.424998043584876 6.53
654 1.316014103062129 6.54
655 1.333369838099308 6.55
656 1.282084427630264 6.56
657 1.274502697542899 6.57
658 1.28480973797353 6.58
659 1.234840548760282 6.59
660 1.199192156141603 6.600000000000001
661 1.171610906618506 6.61
662 1.155637549738802 6.62
663 1.134961862012912 6.63
664 1.078761903997551 6.640000000000001
665 1.053755447368911 6.65
666 1.033241970278518 6.66
667 0.9969891585670184 6.67
668 0.9945527790886819 6.68
669 1.009969333721311 6.69
670 0.9776692565936712 6.7
671 0.9587783632878761 6.71
672 0.9293766145489092 6.72
673 0.9223665867051276 6.73
674 0.9215447975759117 6.74
675 0.9175208878571338 6.75
676 0.9072619957982392 6.76
677 0.8946389453753754 6.77
678 0.8851642667307047 6.78
679 0.8710166314361456 6.79
680 0.8522074408799072 6.8
681 0.7586487123757412 6.81
682 0.7758170659194852 6.82
683 0.8936733261103554 6.83
684 0.8535944991911247 6.84
685 0.8781969864955497 6.850000000000001
686 0.8244753107216418 6.86
687 0.8229464541542041 6.87
688 0.8248332630234992 6.88
689 0.8078929030524631 6.890000000000001
690 0.8200947051058929 6.9
691 0.7881537613041476 6.91
692 0.7688958731874207 6.92
693 0.7316148476688337 6.93
694 0.7770760607137642 6.94
695 0.7625490136079444 6.95
696 0.7781197633604343 6.96
697 0.7757236242939682 6.97
698 0.7875296299228505 6.98
699 0.788742878768998 6.99
700 0.7830005584821874 7
701 0.7338931614723924 7.01
702 0.7482133426637753 7.02
703 0.7520268639804195 7.03
704 0.7563710686169167 7.04
705 0.7549893944299992 7.05
706 0.7510223823422465 7.06
707 0.7488404128379226 7.07
708 0.7718788630478289 7.08
709 0.7705577118401779 7.09
710 0.7708682612504165 7.100000000000001
711 0.7663278026101596 7.11
712 0.7772220213198584 7.12
713 0.7924274023541824 7.13
714 0.7934812061997261 7.140000000000001
715 0.7959636359418757 7.15
716 0.8141761455083899 7.16
717 0.8338259145090229 7.17
718 0.8632848376193609 7.18
719 0.8380785283848662 7.19
720 0.8595638158450225 7.2
721 0.857737181397773 7.21
722 0.8777730060629195 7.22
723 0.8820339030052936 7.23
724 0.8992195230734243 7.24
725 0.9090814202789742 7.25
726 0.9220884022316026 7.26
727 0.9285478180071545 7.27
728 0.9484573673720158 7.28
729 0.9690912131681059 7.29
730 0.9945800005421468 7.3
731 1.012875103802708 7.31
732 1.031298102770269 7.32
733 1.026261270056093 7.33
734 1.052603258995783 7.34
735 1.061693076660213 7.350000000000001
736 1.077015851736613 7.36
737 1.092086860627945 7.37
738 1.117385431253023 7.38
739 1.143880081460528 7.390000000000001
740 1.159806662309637 7.4
741 1.178843017455817 7.41
742 1.178762495685105 7.42
743 1.204108734130056 7.43
744 1.218080686252638 7.44
745 1.242221909128182 7.45
746 1.270807008219784 7.46
747 1.274925064228549 7.47
748 1.285384928257047 7.48
749 1.308574089788781 7.49
750 1.340343782938512 7.5
751 1.354390944072816 7.51
752 1.37757900236295 7.52
753 1.38604257536336 7.53
754 1.408191658476301 7.54
755 1.41256092844479 7.55
756 1.440237715895407 7.56
757 1.464893194332259 7.57
758 1.496439380170388 7.58
759 1.537849771471859 7.59
760 1.523782712319209 7.600000000000001
761 1.538234189015644 7.61
762 1.527750562797238 7.62
763 1.569411781970399 7.63
764 1.604135577342338 7.640000000000001
765 1.648982394791906 7.65
766 1.697492314794338 7.66
767 1.730466290818724 7.67
768 1.71911215511002 7.68
769 1.732205281130555 7.69
770 1.745274964099964 7.7
771 1.747576018292601 7.71
772 1.765141907706183 7.72
773 1.809777867060929 7.73
774 1.835935135178244 7.74
775 1.816189369089511 7.75
776 1.842126081277771 7.76
777 1.852407136245885 7.77
778 1.878340440806261 7.78
779 1.910083589238703 7.79
780 1.909976213132203 7.8
781 1.928911101349538 7.81
782 1.936875958248178 7.82
783 1.943267352667412 7.83
784 1.962275762529099 7.84
785 1.986259537025793 7.850000000000001
786 2.003466026714868 7.86
787 1.98285064625738 7.87
788 1.989030639268245 7.88
789 1.973666812587499 7.890000000000001
790 1.982441912301214 7.9
791 2.002108756682057 7.91
792 2.007778741945993 7.92
793 2.009426447985273 7.930000000000001
794 1.994283963401373 7.94
795 2.00219589073617 7.95
796 1.972720643038289 7.96
797 1.989132111244609 7.97
798 1.972980497124321 7.98
799 1.964735430568793 7.99
800 1.833914674117296 8
801 1.927210544440724 8.01
802 1.935869493137345 8.02
803 1.914595539885768 8.029999999999999
804 1.889903117455903 8.040000000000001
805 1.974765447965044 8.050000000000001
806 2.044874051428185 8.06
807 1.967165144732259 8.07
808 1.900300898853567 8.08
809 1.844586423014679 8.09
810 1.884947934792873 8.1
811 1.890453163233133 8.109999999999999
812 1.885892292229239 8.120000000000001
813 1.995540683123122 8.130000000000001
814 1.984849137104343 8.140000000000001
815 1.87847218469625 8.15
816 1.889799009804808 8.16
817 1.931189930208194 8.17
818 1.969090947783727 8.18
819 1.927802109878079 8.19
820 2.020026636130524 8.199999999999999
821 2.009844283963113 8.210000000000001
822 1.957601452606021 8.220000000000001
823 1.923348195704021 8.23
824 1.988373980812855 8.24
825 1.996763688513686 8.25
826 2.020109497324758 8.26
827 2.119787683233694 8.27
828 2.105822321148348 8.279999999999999
829 2.156535302777875 8.290000000000001
830 2.103678252525289 8.300000000000001
831 2.134348507800897 8.31
832 2.139199629852699 8.32
833 2.137637822531449 8.33
834 2.192851707262979 8.34
835 2.193181515633966 8.35
836 2.189974373403293 8.359999999999999
837 2.262536676284389 8.370000000000001
838 2.295345830497251 8.380000000000001
839 2.267212573601204 8.390000000000001
840 2.330204514668955 8.4
841 2.316945226117396 8.41
842 2.35789452996625 8.42
843 2.275516887744837 8.43
844 2.349929456205823 8.44
845 2.332574957220718 8.449999999999999
846 2.341462521339375 8.460000000000001
847 2.385761414596443 8.470000000000001
848 2.276542879968651 8.48
849 2.318309522277634 8.49
850 2.334452445056844 8.5
851 2.392666426683148 8.51
852 2.396008109430769 8.52
853 2.386508810328279 8.529999999999999
854 2.469031067836127 8.540000000000001
855 2.391902678937722 8.550000000000001
856 2.405865647945807 8.56
857 2.430300406176349 8.57
858 2.452593621896428 8.58
859 2.506528279522391 8.59
860 2.398812537688336 8.6
861 2.415836657151909 8.609999999999999
862 2.450962762038633 8.620000000000001
863 2.542773128390786 8.630000000000001
864 2.532534311487952 8.640000000000001
865 2.506777390423512 8.65
866 2.510184992830951 8.66
867 2.58300042392582 8.67
868 2.583804698216425 8.68
869 2.673407351311216 8.69
870 2.673759109717711 8.700000000000001
871 2.490676571843923 8.710000000000001
872 2.482047384819483 8.720000000000001
873 2.488883493806125 8.73
874 2.538300414112033 8.74
875 2.537995052322402 8.75
876 2.470807174060765 8.76
877 2.473993549679577 8.77
878 2.514015269711694 8.779999999999999
879 2.417707738192191 8.790000000000001
880 2.530177467511146 8.800000000000001
881 2.563873644977388 8.81
882 2.479554169832618 8.82
883 2.482003895779755 8.83
884 2.434821792355599 8.84
885 2.401637158224901 8.85
886 2.368977599919343 8.859999999999999
887 2.388663728820092 8.870000000000001
888 2.323042829062909 8.880000000000001
889 2.302295919416548 8.890000000000001
890 2.347926298935598 8.9
891 2.341091478170241 8.91
892 2.36969224831056 8.92
893 2.322664779294315 8.93
894 2.362290620966243 8.94
895 2.348197290030789 8.950000000000001
896 2.285132209621641 8.960000000000001
897 2.218497287179183 8.970000000000001
898 2.184240990717436 8.98
899 2.229228383419147 8.99
900 2.208660233381896 9
901 2.18007767756449 9.01
902 2.12859258877185 9.02
903 2.101232816737388 9.029999999999999
904 2.066346870259851 9.040000000000001
905 2.018087302261087 9.050000000000001
906 1.991098551095307 9.06
907 1.887063679524999 9.07
908 1.881710108987712 9.08
909 1.785778763019322 9.09
910 1.754909786960579 9.1
911 1.68826143393211 9.109999999999999
912 1.618739919719257 9.120000000000001
913 1.593267742373411 9.130000000000001
914 1.542302528577595 9.140000000000001
915 1.483738184155204 9.15
916 1.398764181356542 9.16
917 1.336166310164132 9.17
918 1.285035813831563 9.18
919 1.241459849848063 9.19
920 1.207619291387221 9.200000000000001
921 1.139028301553 9.210000000000001
922 1.095816831748675 9.220000000000001
923 1.059952413544824 9.23
924 1.0529606696659 9.24
925 1.023286205580803 9.25
926 1.039362789789819 9.26
927 0.9735001333560155 9.27
928 0.9307927538145956 9.279999999999999
929 0.9670069472463679 9.290000000000001
930 0.9097200949705345 9.300000000000001
931 0.9373632248685883 9.31
932 0.9240658844690594 9.32
933 0.9223352824516158 9.33
934 0.9095574449365121 9.34
935 0.8632390833718686 9.35
936 0.8736820959705843 9.359999999999999
937 0.8456658915388127 9.370000000000001
938 0.8676915977022263 9.380000000000001
939 0.8430789872158423 9.390000000000001
940 0.84196771467211 9.4
941 0.8527384043644108 9.41
942 0.8617769095925094 9.42
943 0.7888768326852782 9.43
944 0.7666041830604595 9.44
945 0.7587271000120708 9.450000000000001
946 0.7642766723616746 9.460000000000001
947 0.7922682836215263 9.470000000000001
948 0.7598758307974435 9.48
949 0.6990402438721957 9.49
950 0.7402312011703195 9.5
951 0.7576117903156907 9.51
952 0.7894095721578528 9.52
953 0.7148858937401229 9.529999999999999
954 0.7427569670289261 9.540000000000001
955 0.7193993830242543 9.550000000000001
956 0.7665432166666395 9.56
957 0.7324272467421648 9.57
958 0.739218704122423 9.58
959 0.6707267219162085 9.59
960 0.6980937777689397 9.6
961 0.707841607716554 9.609999999999999
962 0.7076354267948277 9.620000000000001
963 0.7199660664449316 9.630000000000001
964 0.7132213494620769 9.640000000000001
965 0.7226019413229089 9.65
966 0.7126501306046015 9.66
967 0.7061440564542674 9.67
968 0.7075952149701427 9.68
969 0.7069833115223498 9.69
970 0.7362050796910945 9.700000000000001
971 0.7092020681745692 9.710000000000001
972 0.7118378645898635 9.720000000000001
973 0.7060814457704578 9.73
974 0.7148805911160758 9.74
975 0.7085147788529518 9.75
976 0.7260409143889356 9.76
977 0.7290057029780727 9.77
978 0.730673681342261 9.779999999999999
979 0.7285865498316866 9.790000000000001
980 0.7430662391740608 9.800000000000001
981 0.7668699782278412 9.81
982 0.7818102096082936 9.82
983 0.7933900050627716 9.83
984 0.7685938587423858 9.84
985 0.7894284483815249 9.85
986 0.814897932530657 9.859999999999999
987 0.8200416102508806 9.870000000000001
988 0.8504296421499749 9.880000000000001
989 0.8564492630408279 9.890000000000001
990 0.8479564453559933 9.9
991 0.8663942585574695 9.91
992 0.8774776049770846 9.92
993 0.8917395300310442 9.93
994 0.9087559091970621 9.94
995 0.9269512242796126 9.950000000000001
996 0.9309948657161887 9.960000000000001
997 0.9714293596485704 9.970000000000001
998 0.970815069517429 9.98
999 0.9805050360832437 9.99
1000 0.9524810540970974 10
