"fd-rfile"
"Time Step" "fd etc.."
("Time Step" "fd" "flow-time")
0 0 0
1 149.2948074581797 0.01
2 1.014283344305174 0.02
3 2.4490625582992 0.03
4 2.780659467393544 0.04
5 3.16129100057969 0.05
6 3.509970646226265 0.06
7 3.633468494254214 0.07000000000000001
8 3.788011955674333 0.08
9 3.821181150348945 0.09
10 3.913926549040221 0.1
11 3.896135700798266 0.11
12 3.946309492549775 0.12
13 3.956054928301008 0.13
14 3.928994156028802 0.14
15 3.908512260911604 0.15
16 3.931291223052063 0.16
17 3.837864711036433 0.17
18 3.811830826377284 0.18
19 3.801461934738258 0.19
20 3.683675430565536 0.2
21 3.717422904672163 0.21
22 3.728790363297792 0.22
23 3.619996739534736 0.23
24 3.599260668960377 0.24
25 3.576804950569088 0.25
26 3.476654141257188 0.26
27 3.410016891371836 0.27
28 3.350560385615349 0.28
29 3.38030244627842 0.29
30 3.238695342813434 0.3
31 3.19481407784757 0.31
32 3.089376370506112 0.32
33 3.114972235948679 0.33
34 3.063611049123826 0.34
35 2.991361994345736 0.35
36 2.996434647448409 0.36
37 2.998368518584571 0.37
38 2.957200628860561 0.38
39 2.886851772349704 0.39
40 2.939627328468063 0.4
41 2.854423312013804 0.41
42 2.835861214685083 0.42
43 2.789773679853954 0.43
44 2.773612614941329 0.44
45 2.732398320312357 0.45
46 2.687805028874831 0.46
47 2.706670933192794 0.47
48 2.664077948911688 0.48
49 2.624149528317054 0.49
50 2.80353631587726 0.5
51 2.704489298662711 0.51
52 2.633472632246798 0.52
53 2.553896863643072 0.53
54 2.599840279378613 0.54
55 2.63731171149385 0.55
56 2.603943232595461 0.5600000000000001
57 2.576987967459969 0.5700000000000001
58 2.544816908368894 0.58
59 2.529755553584097 0.59
60 2.374824460167546 0.6
61 2.47788335379167 0.61
62 2.535111776060932 0.62
63 2.555942754523565 0.63
64 2.534619094416704 0.64
65 2.443892829451671 0.65
66 2.409562268976925 0.66
67 2.417398228575039 0.67
68 2.502901219853773 0.68
69 2.476971485634529 0.6900000000000001
70 2.530247554986069 0.7000000000000001
71 2.410792547285649 0.71
72 2.494060666471655 0.72
73 2.343085465576308 0.73
74 2.356006119253535 0.74
75 2.376973283289809 0.75
76 2.430138783214094 0.76
77 2.390522293766739 0.77
78 2.310325994449335 0.78
79 2.266087264346881 0.79
80 2.19544299734147 0.8
81 2.140551765978971 0.8100000000000001
82 2.121520558701751 0.8200000000000001
83 2.159359937401742 0.8300000000000001
84 2.203466846917329 0.84
85 2.202164847125115 0.85
86 2.211218316596766 0.86
87 2.147814911474126 0.87
88 2.021599216327345 0.88
89 1.938157057154852 0.89
90 1.932879347155933 0.9
91 1.942474335444997 0.91
92 1.936255168905973 0.92
93 1.940695073370712 0.93
94 1.937013822412265 0.9400000000000001
95 1.951030500475351 0.9500000000000001
96 1.887336275926454 0.96
97 1.804464412748722 0.97
98 1.736908074912064 0.98
99 1.695000764559541 0.99
100 1.702837976439217 1
101 1.699645329405476 1.01
102 1.702343134450403 1.02
103 1.62426295051142 1.03
104 1.608236338269625 1.04
105 1.634525676101631 1.05
106 1.657691372451384 1.06
107 1.666439943741643 1.07
108 1.647852955458952 1.08
109 1.564926752806969 1.09
110 1.501581118841362 1.1
111 1.51406377313814 1.11
112 1.509536751460614 1.12
113 1.52268050547528 1.13
114 1.500767919675792 1.14
115 1.447595366258507 1.15
116 1.440481196835437 1.16
117 1.357506518227745 1.17
118 1.383026614285208 1.18
119 1.379703506844192 1.19
120 1.374629147579295 1.2
121 1.393664421385354 1.21
122 1.330183762862725 1.22
123 1.354325280133439 1.23
124 1.300647656210432 1.24
125 1.281969016958875 1.25
126 1.246995077778969 1.26
127 1.220799108734163 1.27
128 1.180722477569096 1.28
129 1.204142545202619 1.29
130 1.153150120213788 1.3
131 1.137651304666482 1.31
132 1.177547013690694 1.32
133 1.053784272571492 1.33
134 1.092908551401032 1.34
135 1.043717038366722 1.35
136 1.039880923404791 1.36
137 1.01506523464879 1.37
138 1.004114241329695 1.38
139 1.038627324715603 1.39
140 0.9950162020420875 1.4
141 0.9425943215205657 1.41
142 0.9347967371440827 1.42
143 0.8802000141538482 1.43
144 0.8553708986351383 1.44
145 0.8569929561989624 1.45
146 0.8522400475238779 1.46
147 0.8473604244041858 1.47
148 0.8314834333993368 1.48
149 0.8309084117815722 1.49
150 0.8138002673472541 1.5
151 0.7871738805113189 1.51
152 0.7887861863331257 1.52
153 0.7342943797670329 1.53
154 0.6985768291386401 1.54
155 0.7433461084962267 1.55
156 0.7212050428722244 1.56
157 0.7186152530672545 1.57
158 0.7089448162790747 1.58
159 0.7032789421458245 1.59
160 0.6910749286779114 1.6
161 0.6953298886487 1.61
162 0.6783343405066929 1.62
163 0.6924060125779946 1.63
164 0.6606557845889481 1.64
165 0.6737461279261917 1.65
166 0.6454681710621412 1.66
167 0.6599790963936927 1.67
168 0.6671177327271072 1.68
169 0.6684937566229243 1.69
170 0.6649414173292543 1.7
171 0.6412208139992054 1.71
172 0.628016164914949 1.72
173 0.6314958992305194 1.73
174 0.6651273921572566 1.74
175 0.6558612377669212 1.75
176 0.6757912501391382 1.76
177 0.670601159995568 1.77
178 0.6924555475031023 1.78
179 0.7058265941641648 1.79
180 0.7383674606128384 1.8
181 0.7469890186029386 1.81
182 0.7486754629471587 1.82
183 0.7680946366354191 1.83
184 0.7742592070039913 1.84
185 0.7930511164224876 1.85
186 0.7993582846622427 1.86
187 0.8051663911698155 1.87
188 0.8287803516622749 1.88
189 0.8412703493267873 1.89
190 0.8274335804664892 1.9
191 0.8790422457958381 1.91
192 0.9107985833305948 1.92
193 0.9191959109530765 1.93
194 0.9308089634999396 1.94
195 0.9714528841876521 1.95
196 0.9724541917676552 1.96
197 0.9996818013457506 1.97
198 0.9987753045680458 1.98
199 1.015302671327556 1.99
200 1.03891103747141 2
201 1.066796222879643 2.01
202 1.115642523647408 2.02
203 1.125627491882893 2.03
204 1.150324377034479 2.04
205 1.138911182565349 2.05
206 1.1633424544947 2.06
207 1.189178077511147 2.07
208 1.22318422402245 2.08
209 1.246257753661225 2.09
210 1.243436017398864 2.1
211 1.265528795853589 2.11
212 1.289262904516974 2.12
213 1.317100296243939 2.13
214 1.324526303093881 2.14
215 1.353175232001893 2.15
216 1.363251912448646 2.16
217 1.38521418282775 2.17
218 1.405283981245994 2.18
219 1.406638005296567 2.19
220 1.430211311848973 2.2
221 1.430085753448245 2.21
222 1.465302646757744 2.22
223 1.458910213449327 2.23
224 1.480117055544829 2.24
225 1.48210671767431 2.25
226 1.477159936199129 2.26
227 1.511030606585184 2.27
228 1.540957430830983 2.28
229 1.622189780082803 2.29
230 1.611131716237821 2.3
231 1.599541982387295 2.31
232 1.584165018666041 2.32
233 1.586828589193721 2.33
234 1.616084959761136 2.34
235 1.653287513840065 2.35
236 1.647220692676925 2.36
237 1.685459626304423 2.37
238 1.701074145816986 2.38
239 1.69707186105096 2.39
240 1.702546677141548 2.4
241 1.712672500643511 2.41
242 1.760270858569874 2.42
243 1.759806581076514 2.43
244 1.775700655075274 2.44
245 1.816473570050444 2.45
246 1.8632987199279 2.46
247 1.880277531072548 2.47
248 1.860271857906799 2.48
249 1.882792849360434 2.49
250 1.876074529684593 2.5
251 1.912633670569202 2.51
252 1.963679885039314 2.52
253 1.938863619212989 2.53
254 1.963633256309502 2.54
255 1.922153111832809 2.55
256 1.968487461211207 2.56
257 1.978626365524349 2.57
258 2.016140966476461 2.58
259 2.023816268821266 2.59
260 2.000571286988836 2.6
261 2.002439190614824 2.61
262 2.009478991889755 2.62
263 2.050537791106745 2.63
264 2.06887073060911 2.64
265 2.094079357721712 2.65
266 2.062765733987853 2.66
267 2.112305528518765 2.67
268 2.095790534483116 2.68
269 2.086344631664055 2.69
270 2.126237543108993 2.7
271 2.139091142490903 2.71
272 2.114202790954831 2.72
273 2.106800573462024 2.73
274 2.14979448548479 2.74
275 2.147404661025515 2.75
276 2.145512117745562 2.76
277 2.26862428794204 2.77
278 2.261432482395402 2.78
279 2.30655359177555 2.79
280 2.284838639716225 2.8
281 2.31879924118609 2.81
282 2.337095335094566 2.82
283 2.357634399015717 2.83
284 2.370124918821377 2.84
285 2.409106810843479 2.85
286 2.448729539135697 2.86
287 2.48596617202617 2.87
288 2.601973774022788 2.88
289 2.580125334874862 2.89
290 2.58443548908897 2.9
291 2.616797502001139 2.91
292 2.668195521739558 2.92
293 2.696505654956165 2.93
294 2.768253297625222 2.94
295 2.804858845511157 2.95
296 2.787506457144221 2.96
297 2.831471261145075 2.97
298 2.852408317794351 2.98
299 2.951658725854396 2.99
300 2.92322414878505 3
301 2.950522041901768 3.01
302 2.978774426341587 3.02
303 2.97436725830253 3.03
304 3.062356854022791 3.04
305 3.035334093074144 3.05
306 2.981809604249697 3.06
307 3.063117240805936 3.07
308 3.129843866451159 3.08
309 3.126335314210968 3.09
310 3.087487711701374 3.1
311 3.064910151342991 3.11
312 3.09026808803419 3.12
313 3.134256495214712 3.13
314 3.19643284485925 3.14
315 3.211187086067375 3.15
316 3.191921926419809 3.16
317 3.258651359916405 3.17
318 3.237082700048501 3.18
319 3.181596215421499 3.19
320 3.235934873386163 3.2
321 3.285674147966839 3.21
322 3.284334266463624 3.22
323 3.2823133453298 3.23
324 3.262374479619512 3.24
325 3.334086706349682 3.25
326 3.381194981945749 3.26
327 3.479812389768369 3.27
328 3.320087844851514 3.28
329 3.257901780977778 3.29
330 3.282468667810527 3.3
331 3.30694930184844 3.31
332 3.3407290905767 3.32
333 3.284527744760112 3.33
334 3.294715048088553 3.34
335 3.279053545793452 3.35
336 3.310492928323606 3.36
337 3.301460957450872 3.37
338 3.315538519644856 3.38
339 3.365979842078832 3.39
340 3.382984726903055 3.4
341 3.337605948203754 3.41
342 3.26996384712898 3.42
343 3.278543900415611 3.43
344 3.212952383941154 3.44
345 3.247667012044721 3.45
346 3.243673060846675 3.46
347 3.232211874424676 3.47
348 3.233510130301193 3.48
349 3.189351407716484 3.49
350 3.145786853859765 3.5
351 3.150051319150217 3.51
352 3.171575924966134 3.52
353 3.16779663366684 3.53
354 3.127134342797851 3.54
355 3.146161449796203 3.55
356 3.100710540119586 3.56
357 3.057620717750303 3.57
358 3.006933482991481 3.58
359 2.954691565543805 3.59
360 2.861597607290783 3.6
361 2.774634260200116 3.61
362 2.749975828466551 3.62
363 2.692445078665616 3.63
364 2.611596065946701 3.64
365 2.58784055607943 3.65
366 2.487931569731229 3.66
367 2.377602157590897 3.67
368 2.27006234305431 3.68
369 2.183963574176743 3.69
370 2.096288940722317 3.7
371 2.051548923784865 3.71
372 1.998554563483685 3.72
373 1.947021886243717 3.73
374 1.843822044126502 3.74
375 1.801113247945174 3.75
376 1.768591867762786 3.76
377 1.718987752870327 3.77
378 1.644060808240553 3.78
379 1.632435441268296 3.79
380 1.572775832144032 3.8
381 1.565707823166588 3.81
382 1.51404475763291 3.82
383 1.489386366195617 3.83
384 1.441744294155649 3.84
385 1.426216028385253 3.85
386 1.417496489155972 3.86
387 1.397031663956188 3.87
388 1.402988589929188 3.88
389 1.3509273440042 3.89
390 1.313878439236926 3.9
391 1.308689198710709 3.91
392 1.302673204281745 3.92
393 1.272018120513271 3.93
394 1.300104592808583 3.94
395 1.259835823575829 3.95
396 1.247172774452421 3.96
397 1.204740118994023 3.97
398 1.172823060558507 3.98
399 1.198305036820204 3.99
400 1.153560994597513 4
401 1.137769681238642 4.01
402 1.134987931571398 4.02
403 1.096937407502452 4.03
404 1.049372743554834 4.04
405 1.019829017445186 4.05
406 1.007936209299556 4.06
407 0.9837561381340871 4.07
408 1.01107144101696 4.08
409 0.9884817438179853 4.09
410 1.003028769206428 4.1
411 0.9651488777733997 4.11
412 0.9429783184391718 4.12
413 0.9329490095364299 4.13
414 0.9372866119271752 4.14
415 0.9481452855154527 4.15
416 0.8848509190790917 4.16
417 0.9177602466236686 4.17
418 0.9012860373542904 4.18
419 0.8995889972468543 4.19
420 0.8698356731401554 4.2
421 0.8471862278052775 4.21
422 0.845450656973026 4.22
423 0.852546283530433 4.23
424 0.8493408858629024 4.24
425 0.8186257918827106 4.25
426 0.8261390037686788 4.26
427 0.815314311249806 4.27
428 0.816582675973575 4.28
429 0.8185593995911559 4.29
430 0.7885617257910831 4.3
431 0.8218505338227148 4.31
432 0.7939468332233358 4.32
433 0.8074493434662108 4.33
434 0.7889745895758484 4.34
435 0.7863756876870387 4.350000000000001
436 0.7753922697375948 4.36
437 0.7795438532172145 4.37
438 0.7817816273278926 4.38
439 0.7883932497349476 4.39
440 0.7915898759977341 4.4
441 0.7911841945963203 4.41
442 0.7741368970587623 4.42
443 0.7873086830749128 4.43
444 0.8009432965536223 4.44
445 0.8118519353304174 4.45
446 0.817956802731399 4.46
447 0.8077857277770536 4.47
448 0.8165003112889369 4.48
449 0.8447887815087598 4.49
450 0.8515930631214232 4.5
451 0.8602630869958113 4.51
452 0.8615742332762018 4.52
453 0.8601510944794001 4.53
454 0.8710180924119109 4.54
455 0.8799677069803212 4.55
456 0.8950526705646815 4.56
457 0.9019425017557553 4.57
458 0.908261245602763 4.58
459 0.9153855658343047 4.59
460 0.8718530863831645 4.600000000000001
461 0.9159347313257653 4.61
462 0.9379378994107478 4.62
463 0.9987262791436102 4.63
464 0.990672654989062 4.64
465 0.9812893406220545 4.65
466 0.997642315338903 4.66
467 1.028718305757513 4.67
468 1.036815568343174 4.68
469 1.091247035614733 4.69
470 1.090478594769636 4.7
471 1.125747431605695 4.71
472 1.112980336304965 4.72
473 1.141122153285934 4.73
474 1.173518955448889 4.74
475 1.236144819498121 4.75
476 1.225879871506997 4.76
477 1.269863365590437 4.77
478 1.283867437337326 4.78
479 1.375801581891928 4.79
480 1.456085452536724 4.8
481 1.426970630462917 4.81
482 1.401767070880208 4.82
483 1.411453917154032 4.83
484 1.40011039105404 4.84
485 1.438637686188192 4.850000000000001
486 1.467001089808919 4.86
487 1.535714096798747 4.87
488 1.55858965870447 4.88
489 1.602212552157033 4.89
490 1.615763208738135 4.9
491 1.623960397917692 4.91
492 1.688728819041478 4.92
493 1.673283145365062 4.93
494 1.706105980832947 4.94
495 1.717430878471999 4.95
496 1.760250807446493 4.96
497 1.783619601665963 4.97
498 1.818508088965349 4.98
499 1.839211021826585 4.99
500 1.889116923070923 5
501 1.903979830111063 5.01
502 1.908590694032448 5.02
503 1.918968912833804 5.03
504 1.934701227054705 5.04
505 1.986656409141048 5.05
506 1.980026999518895 5.06
507 2.031172061022501 5.07
508 2.060910661091759 5.08
509 2.082971325581215 5.09
510 2.066536637977709 5.100000000000001
511 2.079006277251606 5.11
512 2.109300230461665 5.12
513 2.131012164036126 5.13
514 2.165394887930292 5.14
515 2.171080677285095 5.15
516 2.204557134238863 5.16
517 2.2133226765096 5.17
518 2.213652777511757 5.18
519 2.245076003560203 5.19
520 2.221683281870229 5.2
521 2.235067903610715 5.21
522 2.251238774925456 5.22
523 2.269719951698078 5.23
524 2.310951594510712 5.24
525 2.296857490640846 5.25
526 2.30976352962108 5.26
527 2.322371909695567 5.27
528 2.320067426548059 5.28
529 2.30615807764817 5.29
530 2.328534285456767 5.3
531 2.28823108512393 5.31
532 2.320134407609555 5.32
533 2.307972170223618 5.33
534 2.329580049462764 5.34
535 2.314529858540658 5.350000000000001
536 2.329309460115813 5.36
537 2.337846977551678 5.37
538 2.341384617036432 5.38
539 2.324455654275178 5.39
540 2.38470696835034 5.4
541 2.404478931136846 5.41
542 2.346236987920014 5.42
543 2.31874308718112 5.43
544 2.291190596435881 5.44
545 2.266524171708808 5.45
546 2.279010125245504 5.46
547 2.238445271448412 5.47
548 2.32106804358029 5.48
549 2.30094753858951 5.49
550 2.337109099916571 5.5
551 2.27734966015604 5.51
552 2.295215775052589 5.52
553 2.295886240807467 5.53
554 2.335630080866052 5.54
555 2.361676513312794 5.55
556 2.312970966054904 5.56
557 2.335396467609036 5.57
558 2.348689834297549 5.58
559 2.308286974897226 5.59
560 2.372645731408847 5.600000000000001
561 2.388873102018611 5.61
562 2.379645351558606 5.62
563 2.386706143655071 5.63
564 2.419149766070324 5.64
565 2.443097581454641 5.65
566 2.508817255788317 5.66
567 2.53552378057992 5.67
568 2.6724210328796 5.68
569 2.525333279502809 5.69
570 2.597791295401872 5.7
571 2.72944308852365 5.71
572 2.63202854381321 5.72
573 2.584547564849573 5.73
574 2.538742134594315 5.74
575 2.587974120332041 5.75
576 2.55642697238193 5.76
577 2.681816774032015 5.77
578 2.655554370071229 5.78
579 2.707306050641987 5.79
580 2.73033758753665 5.8
581 2.753650859451906 5.81
582 2.806745443955178 5.82
583 2.744491947024021 5.83
584 2.751348499297614 5.84
585 2.773983382441561 5.850000000000001
586 2.78899939593185 5.86
587 2.873908545322792 5.87
588 2.875285430061945 5.88
589 2.860355806242978 5.89
590 2.87816028892327 5.9
591 2.892350210820304 5.91
592 2.948938814247519 5.92
593 2.923955939296045 5.93
594 3.032507390041882 5.94
595 2.957509852140086 5.95
596 2.956025862777231 5.96
597 2.886011951711552 5.97
598 2.941202860989963 5.98
599 2.973393834715673 5.99
600 2.943741825938471 6
601 3.024075581468805 6.01
602 2.977476408296538 6.02
603 3.007415740166276 6.03
604 3.039946418283348 6.04
605 2.998999404220841 6.05
606 2.963214917249889 6.06
607 2.962855637243248 6.07
608 2.957904159484332 6.08
609 3.05910250130588 6.09
610 2.94751836554067 6.100000000000001
611 2.893728488501921 6.11
612 2.912926883847652 6.12
613 2.929721802469184 6.13
614 2.877312885791288 6.140000000000001
615 2.86075967430538 6.15
616 2.857933373963325 6.16
617 2.918977068310693 6.17
618 2.851335008219009 6.18
619 2.787392067491603 6.19
620 2.697633514248887 6.2
621 2.727534715200637 6.21
622 2.732379457943475 6.22
623 2.706062278613287 6.23
624 2.67687303669411 6.24
625 2.728323301392644 6.25
626 2.748109840487895 6.26
627 2.689210833636758 6.27
628 2.6268981912145 6.28
629 2.564726552860979 6.29
630 2.478386096613987 6.3
631 2.473277056955109 6.31
632 2.525745459871491 6.32
633 2.461703816164885 6.33
634 2.478698826663186 6.34
635 2.44562913813379 6.350000000000001
636 2.409336323765887 6.36
637 2.305094482947245 6.37
638 2.214148211129958 6.38
639 2.214928451083745 6.390000000000001
640 2.147838719526978 6.4
641 2.139298803613325 6.41
642 2.124222470508965 6.42
643 2.066437307532235 6.43
644 2.025461394576748 6.44
645 2.012427656708847 6.45
646 2.010666446990389 6.46
647 1.917037528695281 6.47
648 1.874706868350415 6.48
649 1.781153578657082 6.49
650 1.747237340760116 6.5
651 1.733649857455279 6.51
652 1.659101240516723 6.52
653 1.641843357403721 6.53
654 1.516275073561865 6.54
655 1.536271871741297 6.55
656 1.477182239380473 6.56
657 1.468446779540645 6.57
658 1.480322266627597 6.58
659 1.42274914801599 6.59
660 1.381676055399065 6.600000000000001
661 1.349897702072719 6.61
662 1.331493641795973 6.62
663 1.307671685895524 6.63
664 1.242919647694993 6.640000000000001
665 1.214107899571712 6.65
666 1.190472838281812 6.66
667 1.148703350692907 6.67
668 1.145896221602007 6.68
669 1.163658749720261 6.69
670 1.126443493661221 6.7
671 1.104677928558047 6.71
672 1.070802046355651 6.72
673 1.062725286038441 6.73
674 1.061778443318857 6.74
675 1.057142205765894 6.75
676 1.045322193901987 6.76
677 1.030778264118888 6.77
678 1.019861801274383 6.78
679 1.003561286943214 6.79
680 0.9818898574897311 6.8
681 0.8740940765669246 6.81
682 0.8938749789690379 6.82
683 1.029665704292444 6.83
684 0.9834879877361944 6.84
685 1.011834293570244 6.850000000000001
686 0.9499376636660408 6.86
687 0.9481761573882105 6.87
688 0.9503500864140704 6.88
689 0.9308318719044537 6.890000000000001
690 0.9448904509600295 6.9
691 0.9080889783922691 6.91
692 0.8859005720120545 6.92
693 0.842946404895512 6.93
694 0.8953255579710924 6.94
695 0.8785878958383228 6.95
696 0.8965280833115685 6.96
697 0.8937673181109401 6.97
698 0.9073698714663733 6.98
699 0.9087677432514558 6.99
700 0.9021516005406444 7
701 0.8455714150850304 7.01
702 0.8620707320291728 7.02
703 0.8664645658805502 7.03
704 0.8714698383844284 7.04
705 0.8698779115771608 7.05
706 0.8653072299019552 7.06
707 0.8627932249509593 7.07
708 0.8893374904763023 7.08
709 0.8878152965728279 7.09
710 0.888173103019399 7.100000000000001
711 0.8829417120770521 7.11
712 0.8954937297469323 7.12
713 0.9130129494822755 7.13
714 0.9142271131448862 7.140000000000001
715 0.9170873000768742 7.15
716 0.9380712501868744 7.16
717 0.9607111708895342 7.17
718 0.9946529278222656 7.18
719 0.9656109150506498 7.19
720 0.9903656693867502 7.2
721 0.9882610716666882 7.21
722 1.011345795035024 7.22
723 1.016255082716444 7.23
724 1.036055879130691 7.24
725 1.047418484497921 7.25
726 1.062404769577351 7.26
727 1.069847129889032 7.27
728 1.092786362346759 7.28
729 1.116560109132247 7.29
730 1.145927585408261 7.3
731 1.167006697689567 7.31
732 1.18823316786931 7.32
733 1.182429868439284 7.33
734 1.212780379975868 7.34
735 1.223253416636894 7.350000000000001
736 1.240907894542625 7.36
737 1.258272294408997 7.37
738 1.287420608204643 7.38
739 1.317947011834288 7.390000000000001
740 1.33629717806152 7.4
741 1.358230340276471 7.41
742 1.358137565317962 7.42
743 1.387340800658077 7.43
744 1.403438897694557 7.44
745 1.431253747403474 7.45
746 1.464188708455215 7.46
747 1.468933418761201 7.47
748 1.480984984973413 7.48
749 1.50770289591795 7.49
750 1.544307058218003 7.5
751 1.560491808998936 7.51
752 1.587208448818994 7.52
753 1.596959943688185 7.53
754 1.622479505027428 7.54
755 1.627513657113995 7.55
756 1.659402086599663 7.56
757 1.687809447351766 7.57
758 1.724156090705364 7.58
759 1.771867998937019 7.59
760 1.755660322209351 7.600000000000001
761 1.772310914205271 7.61
762 1.760231969854658 7.62
763 1.808232875026934 7.63
764 1.848240672252985 7.640000000000001
765 1.899911935706116 7.65
766 1.955803724668726 7.66
767 1.993795428409338 7.67
768 1.980713507085784 7.68
769 1.995799044979145 7.69
770 2.010857572436989 7.7
771 2.013508783474235 7.71
772 2.033747715717275 7.72
773 2.085176034301887 7.73
774 2.115313715612805 7.74
775 2.092563189718694 7.75
776 2.122446752584548 7.76
777 2.134292299939852 7.77
778 2.164171936631048 7.78
779 2.200745514841566 7.79
780 2.200621799059642 7.8
781 2.222438053883828 7.81
782 2.231614941845586 7.82
783 2.238978929830697 7.83
784 2.260879894261291 7.84
785 2.288513336300134 7.850000000000001
786 2.308338178114775 7.86
787 2.284585706582023 7.87
788 2.291706123707764 7.88
789 2.274004347278214 7.890000000000001
790 2.284114774615556 7.9
791 2.306774369099313 7.91
792 2.313307169396182 7.92
793 2.315205610750347 7.930000000000001
794 2.297758858566661 7.94
795 2.306874762547987 7.95
796 2.272914196876716 7.96
797 2.291823036914141 7.97
798 2.273213593572008 7.98
799 2.263713855788867 7.99
800 2.112985796226007 8
801 2.220478719218638 8.01
802 2.230455320564617 8.02
803 2.205944059662147 8.029999999999999
804 2.177494133062464 8.040000000000001
805 2.275270164592808 8.050000000000001
806 2.356047359628973 8.06
807 2.266513305288209 8.07
808 2.189474169383457 8.08
809 2.125281490327432 8.09
810 2.171784908564478 8.1
811 2.178127880603157 8.109999999999999
812 2.172872971099646 8.120000000000001
813 2.299206816293031 8.130000000000001
814 2.286888312495547 8.140000000000001
815 2.164323728299557 8.15
816 2.177374183104515 8.16
817 2.225063657505593 8.17
818 2.268732162332928 8.18
819 2.22116030456408 8.19
820 2.327418854531179 8.199999999999999
821 2.315687029814598 8.210000000000001
822 2.255494283570666 8.220000000000001
823 2.216028627763509 8.23
824 2.290949539986181 8.24
825 2.300615929298909 8.25
826 2.327514324908807 8.26
827 2.442360775505279 8.27
828 2.426270271327546 8.279999999999999
829 2.484700367002001 8.290000000000001
830 2.423799934724324 8.300000000000001
831 2.45913735509541 8.31
832 2.464726683833482 8.32
833 2.462927212607903 8.33
834 2.526543124426884 8.34
835 2.526923120515692 8.35
836 2.523227939886227 8.359999999999999
837 2.606832219568979 8.370000000000001
838 2.644634020174198 8.380000000000001
839 2.612219659210793 8.390000000000001
840 2.684797232546874 8.4
841 2.66952024677817 8.41
842 2.716700902791852 8.42
843 2.621787660427283 8.43
844 2.707523764967937 8.44
845 2.687528390933539 8.449999999999999
846 2.697768396649622 8.460000000000001
847 2.748808356993344 8.470000000000001
848 2.62296978030808 8.48
849 2.671092151103445 8.49
850 2.689691580522625 8.5
851 2.756764121057995 8.51
852 2.760614315552248 8.52
853 2.749669485696778 8.529999999999999
854 2.844749349797061 8.540000000000001
855 2.755884152016489 8.550000000000001
856 2.77197189895675 8.56
857 2.800124951988076 8.57
858 2.825810578933289 8.58
859 2.887952600640392 8.59
860 2.763845500273329 8.6
861 2.783460220155048 8.609999999999999
862 2.823931547283784 8.620000000000001
863 2.929712913661573 8.630000000000001
864 2.917916031837582 8.640000000000001
865 2.888239619334982 8.65
866 2.892165764639189 8.66
867 2.976061691653126 8.67
868 2.976988354259792 8.68
869 3.080226054445918 8.69
870 3.080631340758917 8.700000000000001
871 2.869688701210801 8.710000000000001
872 2.859746390440865 8.720000000000001
873 2.867622766258175 8.73
874 2.924559575900028 8.74
875 2.92420774648653 8.75
876 2.846795730295682 8.76
877 2.85046698420897 8.77
878 2.89657890378838 8.779999999999999
879 2.785616028011051 8.790000000000001
880 2.915200541353103 8.800000000000001
881 2.954024345632628 8.81
882 2.856873777048032 8.82
883 2.859696283571373 8.83
884 2.805334368168033 8.84
885 2.767099949980136 8.85
886 2.729470509644328 8.859999999999999
887 2.752152323218876 8.870000000000001
888 2.67654573634796 8.880000000000001
889 2.652641720519391 8.890000000000001
890 2.705215782530515 8.9
891 2.697340890966162 8.91
892 2.73029390776707 8.92
893 2.676110157854271 8.93
894 2.721765957329557 8.94
895 2.705528010979922 8.950000000000001
896 2.632866168516329 8.960000000000001
897 2.556091252736071 8.970000000000001
898 2.516622094832191 8.98
899 2.568455325205196 8.99
900 2.544757271257143 9
901 2.511825240495633 9.01
902 2.452505544289677 9.02
903 2.420982371203871 9.029999999999999
904 2.380787747955972 9.040000000000001
905 2.325184407652 9.050000000000001
906 2.29408871455569 9.06
907 2.174222611163468 9.07
908 2.168054375168614 9.08
909 2.057524929985121 9.09
910 2.021958549020554 9.1
911 1.945168158890329 9.109999999999999
912 1.865067391860594 9.120000000000001
913 1.835719053199948 9.130000000000001
914 1.776998342595452 9.140000000000001
915 1.709522123730819 9.15
916 1.611617426475227 9.16
917 1.539493889557017 9.17
918 1.480582744982253 9.18
919 1.430375723765026 9.19
920 1.391385567694361 9.200000000000001
921 1.312356925133032 9.210000000000001
922 1.262569864034056 9.220000000000001
923 1.221247872709066 9.23
924 1.213192178670777 9.24
925 1.179002081384703 9.25
926 1.197525077336973 9.26
927 1.121639945105658 9.27
928 1.072433682874026 9.279999999999999
929 1.114158675548479 9.290000000000001
930 1.04815434782391 9.300000000000001
931 1.080003998007844 9.31
932 1.064683169951702 9.32
933 1.062689218142827 9.33
934 1.047966946950524 9.34
935 0.9946002110429994 9.35
936 1.006632361503607 9.359999999999999
937 0.9743528651540885 9.370000000000001
938 0.9997302749823518 9.380000000000001
939 0.9713723054978641 9.390000000000001
940 0.9700919279896942 9.4
941 0.9825016189401982 9.41
942 0.9929155348304122 9.42
943 0.9089220812511696 9.43
944 0.8832601499924471 9.44
945 0.8741843926347885 9.450000000000001
946 0.880578456500102 9.460000000000001
947 0.912829617276715 9.470000000000001
948 0.8755079284935919 9.48
949 0.8054148467966517 9.49
950 0.8528739292350317 9.5
951 0.872899363630929 9.51
952 0.9095358889460018 9.52
953 0.8236717665843819 9.529999999999999
954 0.8557840468425465 9.540000000000001
955 0.8288720841800619 9.550000000000001
956 0.8831899061986616 9.56
957 0.8438824286522563 9.57
958 0.8517073581229074 9.58
959 0.772792789413895 9.59
960 0.8043243547137788 9.6
961 0.8155555349393525 9.609999999999999
962 0.8153179789803927 9.620000000000001
963 0.8295250011536522 9.630000000000001
964 0.821753924676937 9.640000000000001
965 0.8325619833297592 9.65
966 0.8210957820984317 9.66
967 0.8135996632970126 9.67
968 0.8152716480274868 9.68
969 0.814566629788582 9.69
970 0.8482351433528164 9.700000000000001
971 0.8171230198745483 9.710000000000001
972 0.8201599116481205 9.720000000000001
973 0.8135275249977509 9.73
974 0.8236656570475247 9.74
975 0.816331144115566 9.75
976 0.8365242730396748 9.76
977 0.8399402205022658 9.77
978 0.8418620190688423 9.779999999999999
979 0.8394572838328249 9.790000000000001
980 0.8561403816595697 9.800000000000001
981 0.8835663918374519 9.81
982 0.9007801134706137 9.82
983 0.9141220337157808 9.83
984 0.8855525993164759 9.84
985 0.9095576376091586 9.85
986 0.9389028732429935 9.859999999999999
987 0.9448292765356809 9.870000000000001
988 0.9798415269332925 9.880000000000001
989 0.986777167735207 9.890000000000001
990 0.9769919779489756 9.9
991 0.9982355166795545 9.91
992 1.011005442069115 9.92
993 1.027437637901979 9.93
994 1.047043439626804 9.94
995 1.068007578727655 9.950000000000001
996 1.07266655062046 9.960000000000001
997 1.119254056878259 9.970000000000001
998 1.118546288768771 9.98
999 1.129710800405238 9.99
1000 1.097422342972549 10
