"fl-rfile"
"Time Step" "fl etc.."
("Time Step" "fl" "flow-time")
0 0 0
1 -47.03495201888354 0.01
2 10.745857047843 0.02
3 7.808843143828978 0.03
4 7.282826631444554 0.04
5 7.511046051978975 0.05
6 7.468338814019297 0.06
7 7.603305841476222 0.07000000000000001
8 7.548115303006046 0.08
9 7.631026053796729 0.09
10 7.612632612484798 0.1
11 7.696169117868735 0.11
12 7.712878815263902 0.12
13 7.752960096450571 0.13
14 7.752884838183774 0.14
15 7.796308522101282 0.15
16 7.780694874717121 0.16
17 7.782135622129607 0.17
18 7.799420309962916 0.18
19 7.843204352319785 0.19
20 7.86447615937406 0.2
21 7.858349591053093 0.21
22 7.881435713429623 0.22
23 7.933745238811505 0.23
24 7.854440207564717 0.24
25 7.854859595919303 0.25
26 7.866824962324965 0.26
27 7.885430457929956 0.27
28 7.861471776764926 0.28
29 7.842810209340688 0.29
30 7.799315381001168 0.3
31 7.824659378986556 0.31
32 7.827994594114214 0.32
33 7.796256693080213 0.33
34 7.806525318561942 0.34
35 7.831081155902525 0.35
36 7.770055507687429 0.36
37 7.750516397917251 0.37
38 7.698664049640874 0.38
39 7.722796417619509 0.39
40 7.788585481353194 0.4
41 7.705321313934684 0.41
42 7.723115321849142 0.42
43 7.718505191232181 0.43
44 7.700058094516004 0.44
45 7.713792935792937 0.45
46 7.712094561918435 0.46
47 7.661941118432527 0.47
48 7.740739562210144 0.48
49 7.872865429538444 0.49
50 7.798844394762558 0.5
51 7.739120324430036 0.51
52 7.754732629993555 0.52
53 7.855313963563319 0.53
54 7.842499503616883 0.54
55 7.75700510124965 0.55
56 7.747545738003262 0.5600000000000001
57 7.851617476048927 0.5700000000000001
58 7.848679020321304 0.58
59 7.799015563088812 0.59
60 7.83813109309671 0.6
61 7.991328778856404 0.61
62 8.042952752434458 0.62
63 8.054575210328123 0.63
64 7.910577844998113 0.64
65 7.751649141180589 0.65
66 7.715857745514016 0.66
67 7.882792620874901 0.67
68 7.988565239578652 0.68
69 7.98179964792382 0.6900000000000001
70 8.036534561032486 0.7000000000000001
71 8.077199493597202 0.71
72 8.078201405930594 0.72
73 8.067484450424423 0.73
74 8.127535622502375 0.74
75 8.260534019214482 0.75
76 8.335522644455969 0.76
77 8.271441182258744 0.77
78 8.088140950759437 0.78
79 7.982525936467153 0.79
80 8.053220440884228 0.8
81 8.153479084723156 0.8100000000000001
82 8.250447478846349 0.8200000000000001
83 8.351574577185033 0.8300000000000001
84 8.486278086497022 0.84
85 8.52779698309099 0.85
86 8.553111708203648 0.86
87 8.398062007783116 0.87
88 8.245125543571135 0.88
89 8.240149051857335 0.89
90 8.306337566257296 0.9
91 8.417971690626775 0.91
92 8.500608636429439 0.92
93 8.56453425305109 0.93
94 8.689950411530663 0.9400000000000001
95 8.675263265079044 0.9500000000000001
96 8.538056524870356 0.96
97 8.396818791803575 0.97
98 8.388897358287023 0.98
99 8.514432590520137 0.99
100 8.632690386953193 1
101 8.603024009935321 1.01
102 8.522041734897046 1.02
103 8.451448215427977 1.03
104 8.458412260027995 1.04
105 8.605482224137592 1.05
106 8.643149300773736 1.06
107 8.609001493530968 1.07
108 8.520281251716838 1.08
109 8.447170261305647 1.09
110 8.47176606302542 1.1
111 8.552089268499014 1.11
112 8.546590561955266 1.12
113 8.48499504826961 1.13
114 8.423997892614773 1.14
115 8.382962381226511 1.15
116 8.453658952100472 1.16
117 8.414784211599107 1.17
118 8.406667671826911 1.18
119 8.325886155425456 1.19
120 8.313643056687271 1.2
121 8.393007822919092 1.21
122 8.381787404195197 1.22
123 8.4305649337098 1.23
124 8.334104462373654 1.24
125 8.256309424700792 1.25
126 8.173941238958381 1.26
127 8.120188827293502 1.27
128 8.101057541412622 1.28
129 8.147762737183175 1.29
130 8.259897487412044 1.3
131 8.144534636530237 1.31
132 8.129011645859041 1.32
133 8.015574960942093 1.33
134 8.010388148352856 1.34
135 7.934071423828127 1.35
136 7.995716911454946 1.36
137 8.052176209676299 1.37
138 8.003082618836658 1.38
139 7.968774741387741 1.39
140 7.828523604172855 1.4
141 7.806258122875134 1.41
142 7.701246167797397 1.42
143 7.680043440125115 1.43
144 7.695309544590961 1.44
145 7.724969611187699 1.45
146 7.762734167569715 1.46
147 7.729308189171366 1.47
148 7.671142701248393 1.48
149 7.594403495848574 1.49
150 7.517979348818264 1.5
151 7.47706335142954 1.51
152 7.388303055371943 1.52
153 7.341295807171424 1.53
154 7.376316971994339 1.54
155 7.39972124260717 1.55
156 7.367837262730374 1.56
157 7.348836032263575 1.57
158 7.303360024333661 1.58
159 7.272663385569557 1.59
160 7.202314991581833 1.6
161 7.173191744957447 1.61
162 7.070138849673122 1.62
163 7.060818283708485 1.63
164 6.983810262872396 1.64
165 6.929742546339405 1.65
166 6.936986487698103 1.66
167 6.910886543635287 1.67
168 6.892305069641837 1.68
169 6.867922351834489 1.69
170 6.896633518846688 1.7
171 6.842733923905761 1.71
172 6.815063592800261 1.72
173 6.752252077747666 1.73
174 6.699684138138477 1.74
175 6.679541811906601 1.75
176 6.665479700555155 1.76
177 6.664749390350528 1.77
178 6.646867578982773 1.78
179 6.626254897681695 1.79
180 6.591159523440957 1.8
181 6.551876944849257 1.81
182 6.52834473484352 1.82
183 6.506340062254287 1.83
184 6.482674648806356 1.84
185 6.455625513855392 1.85
186 6.428818092826117 1.86
187 6.444191481357675 1.87
188 6.407520751264924 1.88
189 6.374495623263072 1.89
190 6.364115338722933 1.9
191 6.381271206197972 1.91
192 6.370315580040864 1.92
193 6.391730800832075 1.93
194 6.350420567927421 1.94
195 6.365939508609677 1.95
196 6.308917118163987 1.96
197 6.303598370210574 1.97
198 6.294014444942812 1.98
199 6.311013771369939 1.99
200 6.312463302633883 2
201 6.305531931448315 2.01
202 6.286387886202077 2.02
203 6.277728395584258 2.03
204 6.285198056730794 2.04
205 6.293726796160017 2.05
206 6.283404766158758 2.06
207 6.307200469826303 2.07
208 6.293571531260351 2.08
209 6.290786492196445 2.09
210 6.260028605231318 2.1
211 6.312839733848624 2.11
212 6.333874436354953 2.12
213 6.368375300953437 2.13
214 6.338788593387366 2.14
215 6.33384217510131 2.15
216 6.332482371842852 2.16
217 6.344019303873817 2.17
218 6.394242955541394 2.18
219 6.418402185844906 2.19
220 6.413704491410261 2.2
221 6.390733666059307 2.21
222 6.426200983825716 2.22
223 6.388697551827475 2.23
224 6.452986198045661 2.24
225 6.476697160219689 2.25
226 6.525280871751225 2.26
227 6.523213588886846 2.27
228 6.506624243661842 2.28
229 6.488008909108448 2.29
230 6.475223738056146 2.3
231 6.548931088793404 2.31
232 6.568882698554398 2.32
233 6.629008025223929 2.33
234 6.621794814099135 2.34
235 6.624344887264773 2.35
236 6.659803532874654 2.36
237 6.655405076091746 2.37
238 6.667984525500195 2.38
239 6.677157944233617 2.39
240 6.722147043667398 2.4
241 6.765368834955305 2.41
242 6.787005447985031 2.42
243 6.821517420272315 2.43
244 6.839131791828394 2.44
245 6.844744699289071 2.45
246 6.824627584186894 2.46
247 6.893847726794 2.47
248 6.917294796178601 2.48
249 6.975505492544347 2.49
250 6.989811880656852 2.5
251 7.020297124902287 2.51
252 7.025219032092512 2.52
253 7.070656269471783 2.53
254 7.104900892789961 2.54
255 7.14339215674503 2.55
256 7.147670282809525 2.56
257 7.147150574306536 2.57
258 7.167149043173609 2.58
259 7.164114501816012 2.59
260 7.208685296530992 2.6
261 7.240337884723004 2.61
262 7.255214988167516 2.62
263 7.269549208560178 2.63
264 7.287655967546924 2.64
265 7.291035423001522 2.65
266 7.283106698029349 2.66
267 7.308253564310879 2.67
268 7.332594258159298 2.68
269 7.354481201058617 2.69
270 7.373676468944023 2.7
271 7.369228001086153 2.71
272 7.363290335375946 2.72
273 7.354603089126678 2.73
274 7.340861087527732 2.74
275 7.383581536422677 2.75
276 7.409992583655158 2.76
277 7.396540166948645 2.77
278 7.319277075104028 2.78
279 7.306550698935166 2.79
280 7.30247745252513 2.8
281 7.306863154582365 2.81
282 7.314410026505358 2.82
283 7.299146761494587 2.83
284 7.260545774371598 2.84
285 7.266157476814282 2.85
286 7.272403081568366 2.86
287 7.25844227797702 2.87
288 7.253833533379174 2.88
289 7.209435763612556 2.89
290 7.222903168469173 2.9
291 7.231823927618044 2.91
292 7.223660538375855 2.92
293 7.239224926118145 2.93
294 7.268047667617397 2.94
295 7.274132063668356 2.95
296 7.297237827322872 2.96
297 7.33250927118832 2.97
298 7.342766148621334 2.98
299 7.403516091662271 2.99
300 7.398897012042964 3
301 7.435226201847827 3.01
302 7.406136045806566 3.02
303 7.45362277674246 3.03
304 7.388351525346138 3.04
305 7.47371067428961 3.05
306 7.533761257882365 3.06
307 7.530764720384016 3.07
308 7.546232934808154 3.08
309 7.53139187343914 3.09
310 7.57978085953077 3.1
311 7.636059545523613 3.11
312 7.634104748307302 3.12
313 7.644659472972005 3.13
314 7.636475869323251 3.14
315 7.688467812784478 3.15
316 7.691094016152096 3.16
317 7.704552714814731 3.17
318 7.689159352269788 3.18
319 7.731796426597577 3.19
320 7.697371264148859 3.2
321 7.780377718617553 3.21
322 7.85858434950119 3.22
323 7.886111340477876 3.23
324 7.839667699886783 3.24
325 7.871027887427951 3.25
326 7.945869544841737 3.26
327 7.912609017735825 3.27
328 7.981263320194168 3.28
329 8.004755276817054 3.29
330 8.058201663342428 3.3
331 8.120949163570012 3.31
332 8.071007777383707 3.32
333 8.059126815211886 3.33
334 8.129616755874714 3.34
335 8.274451865439035 3.35
336 8.281409882718053 3.36
337 8.265937598223418 3.37
338 8.330209855041211 3.38
339 8.385505328940132 3.39
340 8.393703485305052 3.4
341 8.416573669685596 3.41
342 8.449303719202591 3.42
343 8.496013855910128 3.43
344 8.554822631103162 3.44
345 8.61097234366181 3.45
346 8.597002256139264 3.46
347 8.725800504875778 3.47
348 8.728202174023856 3.48
349 8.680117405679971 3.49
350 8.618790958746368 3.5
351 8.690919266039776 3.51
352 8.733813473785489 3.52
353 8.790088292746256 3.53
354 8.818670149519292 3.54
355 8.857325445647135 3.55
356 8.898112888609633 3.56
357 8.811050602800059 3.57
358 8.809356739466649 3.58
359 8.782558844704964 3.59
360 8.766507301399059 3.6
361 8.780862835926174 3.61
362 8.826344531547663 3.62
363 8.864518782863978 3.63
364 8.851347039329625 3.64
365 8.879165199162738 3.65
366 8.83795653351341 3.66
367 8.794648190329063 3.67
368 8.764978752395161 3.68
369 8.814935703528651 3.69
370 8.817485836244398 3.7
371 8.820069553550409 3.71
372 8.824667923446635 3.72
373 8.81046884326709 3.73
374 8.804822870355848 3.74
375 8.843713127920761 3.75
376 8.837493999477402 3.76
377 8.812611753036832 3.77
378 8.799023927669351 3.78
379 8.819903421883335 3.79
380 8.836995231588766 3.8
381 8.86033557412425 3.81
382 8.822340391585884 3.82
383 8.79359200061892 3.83
384 8.779884581389666 3.84
385 8.782271469978536 3.85
386 8.814056323170552 3.86
387 8.829774964820343 3.87
388 8.812381891223554 3.88
389 8.77889117794877 3.89
390 8.806187598510888 3.9
391 8.784209861043598 3.91
392 8.796798626310467 3.92
393 8.762587954044996 3.93
394 8.81478089981195 3.94
395 8.76481460381644 3.95
396 8.742365141661818 3.96
397 8.654681651683433 3.97
398 8.664563426548273 3.98
399 8.725485130003333 3.99
400 8.667008677320119 4
401 8.653652570455348 4.01
402 8.644733987534094 4.02
403 8.649685539382466 4.03
404 8.603345634209385 4.04
405 8.511859231683491 4.05
406 8.502736556894149 4.06
407 8.507645233744377 4.07
408 8.54379119655424 4.08
409 8.516632028645317 4.09
410 8.525475375889361 4.1
411 8.457965864943866 4.11
412 8.425585944146141 4.12
413 8.398264501764531 4.13
414 8.36513953024825 4.14
415 8.362787505504508 4.15
416 8.329835059852702 4.16
417 8.384533136281846 4.17
418 8.335090768092956 4.18
419 8.286306970554435 4.19
420 8.190044729614831 4.2
421 8.164866589911458 4.21
422 8.156365161383594 4.22
423 8.162846482173245 4.23
424 8.167900999325932 4.24
425 8.116974355460762 4.25
426 8.103127872731509 4.26
427 8.050069544630821 4.27
428 8.064442979632691 4.28
429 7.994290060075909 4.29
430 7.967861066408343 4.3
431 7.918413357496375 4.31
432 7.870035584913769 4.32
433 7.820926063325111 4.33
434 7.789191985953853 4.34
435 7.835605768651171 4.350000000000001
436 7.777177823630611 4.36
437 7.725634376238096 4.37
438 7.665969126583762 4.38
439 7.648273128936339 4.39
440 7.660045716654042 4.4
441 7.632729351566692 4.41
442 7.607558095930195 4.42
443 7.542671318967207 4.43
444 7.529858008639167 4.44
445 7.474681875371866 4.45
446 7.441193303527887 4.46
447 7.427695708383869 4.47
448 7.408044136018805 4.48
449 7.37357051458029 4.49
450 7.321360814117812 4.5
451 7.279761127530196 4.51
452 7.199734295642601 4.52
453 7.215826617091012 4.53
454 7.186029905549472 4.54
455 7.169126341590338 4.55
456 7.131683891226649 4.56
457 7.107321396065303 4.57
458 7.110836593578705 4.58
459 7.069704407720609 4.59
460 7.184574457802373 4.600000000000001
461 7.156500060250283 4.61
462 7.05513985502828 4.62
463 6.940736079189341 4.63
464 6.857929425064568 4.64
465 6.925033109118974 4.65
466 6.920671547122917 4.66
467 6.876120305291055 4.67
468 6.842847400208316 4.68
469 6.779144827939508 4.69
470 6.751573845881616 4.7
471 6.683792813772274 4.71
472 6.760092222884882 4.72
473 6.768027700787358 4.73
474 6.657978376610033 4.74
475 6.597288121808696 4.75
476 6.662252307191165 4.76
477 6.617216445339926 4.77
478 6.602262871151215 4.78
479 6.480240545897574 4.79
480 6.356156053859297 4.8
481 6.394444530400484 4.81
482 6.46684435866972 4.82
483 6.575129812833468 4.83
484 6.557969138246944 4.84
485 6.636486370174118 4.850000000000001
486 6.543842841862371 4.86
487 6.52298361678552 4.87
488 6.462886144138076 4.88
489 6.494742847329645 4.89
490 6.480691282805711 4.9
491 6.497343468033093 4.91
492 6.493898534108379 4.92
493 6.551372581747731 4.93
494 6.561985342683395 4.94
495 6.520961510854494 4.95
496 6.529100543292463 4.96
497 6.544691929831107 4.97
498 6.541049824903148 4.98
499 6.582613341499317 4.99
500 6.534270567720832 5
501 6.550599188076591 5.01
502 6.587237334343015 5.02
503 6.660277322093039 5.03
504 6.640448082978041 5.04
505 6.661443321283826 5.05
506 6.651918397976206 5.06
507 6.671065039995623 5.07
508 6.702657897966189 5.08
509 6.719188611944138 5.09
510 6.751246144410702 5.100000000000001
511 6.75741968373355 5.11
512 6.814853566816395 5.12
513 6.756698346634573 5.13
514 6.811838350624202 5.14
515 6.819882983915348 5.15
516 6.843337767023282 5.16
517 6.871118831564214 5.17
518 6.909739556317137 5.18
519 6.934000170260293 5.19
520 6.926539820355638 5.2
521 7.005188153078722 5.21
522 6.977966597345525 5.22
523 7.019373533560797 5.23
524 7.022797666973083 5.24
525 7.084498826979429 5.25
526 7.068130013150149 5.26
527 7.111615464983569 5.27
528 7.125392653285287 5.28
529 7.145130964279109 5.29
530 7.177281534433049 5.3
531 7.194132519129272 5.31
532 7.215767156902878 5.32
533 7.240619381716017 5.33
534 7.249400934406305 5.34
535 7.289859972057124 5.350000000000001
536 7.323578262857137 5.36
537 7.313330546029193 5.37
538 7.330488247704199 5.38
539 7.346330445464021 5.39
540 7.354417685212104 5.4
541 7.343509461375493 5.41
542 7.354947811796698 5.42
543 7.413516681654062 5.43
544 7.433213536475565 5.44
545 7.468465576857742 5.45
546 7.448319422743847 5.46
547 7.438599545296344 5.47
548 7.499567632462544 5.48
549 7.468225487663134 5.49
550 7.437285028364215 5.5
551 7.44890709230401 5.51
552 7.408632658046538 5.52
553 7.4211582898552 5.53
554 7.45604863601356 5.54
555 7.529756388297451 5.55
556 7.525685347041829 5.56
557 7.47390457369211 5.57
558 7.413022506546017 5.58
559 7.411457436674961 5.59
560 7.412150550424141 5.600000000000001
561 7.387876668841852 5.61
562 7.382117647662281 5.62
563 7.327508282376877 5.63
564 7.416545940932698 5.64
565 7.434087680000263 5.65
566 7.485155698057049 5.66
567 7.510295273854274 5.67
568 7.531741838147176 5.68
569 7.497322176157192 5.69
570 7.574083375569733 5.7
571 7.583936566881694 5.71
572 7.550863280344046 5.72
573 7.53602026994044 5.73
574 7.569668156716357 5.74
575 7.563777439536125 5.75
576 7.582710249717738 5.76
577 7.584570540993654 5.77
578 7.639896550636895 5.78
579 7.656959180545519 5.79
580 7.662533427519924 5.8
581 7.623312333028705 5.81
582 7.664233799643578 5.82
583 7.64849806522326 5.83
584 7.712594949679563 5.84
585 7.729281209608676 5.850000000000001
586 7.75784825171832 5.86
587 7.727958414365744 5.87
588 7.715012803019763 5.88
589 7.680554546357445 5.89
590 7.749639572640674 5.9
591 7.810668316986432 5.91
592 7.799684747959427 5.92
593 7.755121113317251 5.93
594 7.785980327101134 5.94
595 7.859695876968957 5.95
596 7.8726471995222 5.96
597 7.839964786977394 5.97
598 7.844669101754013 5.98
599 7.907849371090193 5.99
600 7.915572577472936 6
601 7.921415248637555 6.01
602 7.97596743470335 6.02
603 7.968513753114621 6.03
604 8.026430846431779 6.04
605 8.066545156963871 6.05
606 8.088255409154545 6.06
607 8.087760003005711 6.07
608 8.112486828639383 6.08
609 8.138951487165503 6.09
610 8.12837393847728 6.100000000000001
611 8.138259501417929 6.11
612 8.224975792462104 6.12
613 8.230875049908102 6.13
614 8.223515665414698 6.140000000000001
615 8.28187810424391 6.15
616 8.429283107751282 6.16
617 8.442718851125864 6.17
618 8.341847590482564 6.18
619 8.297335557291621 6.19
620 8.265463200789684 6.2
621 8.346182936429809 6.21
622 8.401708182604311 6.22
623 8.454142552507232 6.23
624 8.532830255437599 6.24
625 8.622361332791408 6.25
626 8.580141645738728 6.26
627 8.485673511160645 6.27
628 8.431179938932715 6.28
629 8.434928532622374 6.29
630 8.446130537812865 6.3
631 8.485224379614275 6.31
632 8.581676774046459 6.32
633 8.61827061468343 6.33
634 8.664310943170088 6.34
635 8.621146717642265 6.350000000000001
636 8.5361399334986 6.36
637 8.47431264220844 6.37
638 8.4671078831011 6.38
639 8.544221290727686 6.390000000000001
640 8.508083764986205 6.4
641 8.466585622264594 6.41
642 8.450215980452874 6.42
643 8.437592700272125 6.43
644 8.499289306601929 6.44
645 8.504257106288355 6.45
646 8.536157241610727 6.46
647 8.459575582054301 6.47
648 8.479775295102916 6.48
649 8.455766366108593 6.49
650 8.416205114683484 6.5
651 8.400297487438115 6.51
652 8.339411779510151 6.52
653 8.350255847078547 6.53
654 8.331937809896392 6.54
655 8.392073316969636 6.55
656 8.342391660262633 6.56
657 8.327018035402167 6.57
658 8.297536335735497 6.58
659 8.273458305520476 6.59
660 8.300513490625315 6.600000000000001
661 8.29451211591304 6.61
662 8.338617709019637 6.62
663 8.260647372647 6.63
664 8.208003020155521 6.640000000000001
665 8.155321191245044 6.65
666 8.168538234646668 6.66
667 8.165438496950433 6.67
668 8.150744117886198 6.68
669 8.179758397299793 6.69
670 8.121544734684143 6.7
671 8.097836775901564 6.71
672 8.087069608210392 6.72
673 8.123611487613445 6.73
674 8.122573096772014 6.74
675 8.148001441807629 6.75
676 8.114866896502052 6.76
677 8.026831541663572 6.77
678 7.910059689334698 6.78
679 7.852828961490098 6.79
680 7.958916798841445 6.8
681 7.990005105900745 6.81
682 7.9257762299168 6.82
683 7.932412156005606 6.83
684 7.86508161815571 6.84
685 7.977981361333153 6.850000000000001
686 7.91166464217111 6.86
687 7.839203249346113 6.87
688 7.783427892277106 6.88
689 7.718005819857588 6.890000000000001
690 7.655248771865139 6.9
691 7.616086494340617 6.91
692 7.586168076317955 6.92
693 7.537262062880175 6.93
694 7.581705861877238 6.94
695 7.531921091464094 6.95
696 7.585299674179392 6.96
697 7.596841206320762 6.97
698 7.547642160283795 6.98
699 7.34494428782642 6.99
700 7.304807995990534 7
701 7.236941162896831 7.01
702 7.274607207564324 7.02
703 7.280555344098046 7.03
704 7.265951327640517 7.04
705 7.225642965764875 7.05
706 7.18729225528917 7.06
707 7.165726866632331 7.07
708 7.160494929946045 7.08
709 7.165391349396022 7.09
710 7.088506791196326 7.100000000000001
711 7.029204048246617 7.11
712 7.013013516495641 7.12
713 6.974726489693345 7.13
714 6.965043479549718 7.140000000000001
715 6.895888144866013 7.15
716 6.876470615895033 7.16
717 6.869549262247117 7.17
718 6.835207049423431 7.18
719 6.76025998373092 7.19
720 6.704660625148232 7.2
721 6.690012983466182 7.21
722 6.688450508722172 7.22
723 6.701339603156716 7.23
724 6.641449692914405 7.24
725 6.621105355706151 7.25
726 6.589994557416268 7.26
727 6.597244368956682 7.27
728 6.581530257088471 7.28
729 6.522543710929035 7.29
730 6.503901853825894 7.3
731 6.443712718632634 7.31
732 6.473967570665969 7.32
733 6.472534524405456 7.33
734 6.44891602653781 7.34
735 6.401078219890468 7.350000000000001
736 6.398382095972518 7.36
737 6.369621400365913 7.37
738 6.336561112452451 7.38
739 6.354585832655603 7.390000000000001
740 6.345751976220741 7.4
741 6.330947701660354 7.41
742 6.300095132345779 7.42
743 6.320717527651973 7.43
744 6.307053035798129 7.44
745 6.306653521644942 7.45
746 6.275289587379333 7.46
747 6.225303969055608 7.47
748 6.25847021698698 7.48
749 6.264273198851524 7.49
750 6.305674213665402 7.5
751 6.245612307059219 7.51
752 6.281188767979067 7.52
753 6.252527143115311 7.53
754 6.251480800974831 7.54
755 6.266870624379914 7.55
756 6.26282030598117 7.56
757 6.256830813069148 7.57
758 6.250967109370743 7.58
759 6.284775522151479 7.59
760 6.255246416811821 7.600000000000001
761 6.32509459769511 7.61
762 6.339998430513713 7.62
763 6.341677206723752 7.63
764 6.304886536626168 7.640000000000001
765 6.293642048451765 7.65
766 6.279959740828572 7.66
767 6.323807499689648 7.67
768 6.368445593516203 7.68
769 6.342776190176988 7.69
770 6.387598516869458 7.7
771 6.410749433455678 7.71
772 6.425040453853537 7.72
773 6.434735625341166 7.73
774 6.465928355235122 7.74
775 6.512420749026891 7.75
776 6.505035373002799 7.76
777 6.559761053572586 7.77
778 6.541251743914468 7.78
779 6.562305791091542 7.79
780 6.590809525854413 7.8
781 6.6312003939088 7.81
782 6.650917358972102 7.82
783 6.697807308408521 7.83
784 6.736465874221135 7.84
785 6.731095353933955 7.850000000000001
786 6.776635051555828 7.86
787 6.805772216535823 7.87
788 6.863245735677907 7.88
789 6.884091733960363 7.890000000000001
790 6.928383619469158 7.9
791 6.936606692748779 7.91
792 6.949253494396081 7.92
793 6.984211553895147 7.930000000000001
794 7.010690074257175 7.94
795 7.050265344849875 7.95
796 7.065392800867003 7.96
797 7.131808651208547 7.97
798 7.129521282974855 7.98
799 7.158533413712549 7.99
800 7.219709068856197 8
801 7.211837938476115 8.01
802 7.2214557523454 8.02
803 7.246239166419939 8.029999999999999
804 7.281234754383829 8.040000000000001
805 7.27715887929801 8.050000000000001
806 7.223776096470842 8.06
807 7.319478883075413 8.07
808 7.307953757982026 8.08
809 7.356528089608555 8.09
810 7.369708447347275 8.1
811 7.343096757458922 8.109999999999999
812 7.379510776431251 8.120000000000001
813 7.327370083431959 8.130000000000001
814 7.343051579476304 8.140000000000001
815 7.322453725791567 8.15
816 7.343317807088501 8.16
817 7.308925654474279 8.17
818 7.31228433335788 8.18
819 7.319908683914448 8.19
820 7.298338837815018 8.199999999999999
821 7.273376365201772 8.210000000000001
822 7.318992405353288 8.220000000000001
823 7.383406676432573 8.23
824 7.336491010494485 8.24
825 7.341588293972472 8.25
826 7.284864428577905 8.26
827 7.245877743519777 8.27
828 7.274060623266807 8.279999999999999
829 7.25751781307302 8.290000000000001
830 7.326266385931635 8.300000000000001
831 7.321965180241905 8.31
832 7.32551366624126 8.32
833 7.373366614862997 8.33
834 7.383587424824216 8.34
835 7.379181736468152 8.35
836 7.440728546505362 8.359999999999999
837 7.436631427317686 8.370000000000001
838 7.446466616922414 8.380000000000001
839 7.406727333110714 8.390000000000001
840 7.456961648905573 8.4
841 7.405816601219917 8.41
842 7.47474295651512 8.42
843 7.525195922147693 8.43
844 7.514407747249217 8.44
845 7.561897637244827 8.449999999999999
846 7.514468053190901 8.460000000000001
847 7.569688469859918 8.470000000000001
848 7.600316710143532 8.48
849 7.633310073019982 8.49
850 7.637268313143309 8.5
851 7.670298767425066 8.51
852 7.647149319063654 8.52
853 7.668155365687885 8.529999999999999
854 7.669063879162256 8.540000000000001
855 7.67043493778754 8.550000000000001
856 7.640328246252279 8.56
857 7.674003925167612 8.57
858 7.722029513035252 8.58
859 7.767841778643792 8.59
860 7.825320161828276 8.6
861 7.800765599897283 8.609999999999999
862 7.799792308907886 8.620000000000001
863 7.826718692555155 8.630000000000001
864 7.853358653314203 8.640000000000001
865 7.893323476904905 8.65
866 7.911932589654512 8.66
867 7.870346882545166 8.67
868 7.953799864407502 8.68
869 8.001904051303454 8.69
870 8.018057412467586 8.700000000000001
871 8.02946056868306 8.710000000000001
872 8.136581557988382 8.720000000000001
873 8.126902190962365 8.73
874 8.055748139283015 8.74
875 8.119468602652832 8.75
876 8.181785864308759 8.76
877 8.257628562221951 8.77
878 8.230008432245418 8.779999999999999
879 8.270144813389342 8.790000000000001
880 8.306904863760231 8.800000000000001
881 8.375558994455437 8.81
882 8.411328082121001 8.82
883 8.414205829614822 8.83
884 8.503880205459861 8.84
885 8.522416919434367 8.85
886 8.456188859870716 8.859999999999999
887 8.430520662375072 8.870000000000001
888 8.474484561100349 8.880000000000001
889 8.515145384982246 8.890000000000001
890 8.559759985973683 8.9
891 8.613033103042156 8.91
892 8.662174315586933 8.92
893 8.714860981798264 8.93
894 8.718822238230276 8.94
895 8.673458813009429 8.950000000000001
896 8.600324044412506 8.960000000000001
897 8.580943516352649 8.970000000000001
898 8.590006387390249 8.98
899 8.655118973056531 8.99
900 8.688163598521673 9
901 8.667959129637318 9.01
902 8.700928420877613 9.02
903 8.663324118285484 9.029999999999999
904 8.638340350194422 9.040000000000001
905 8.618039797721513 9.050000000000001
906 8.596806794112315 9.06
907 8.547250937327695 9.07
908 8.562014003243036 9.08
909 8.553210054343063 9.09
910 8.520266564316838 9.1
911 8.484250992325014 9.109999999999999
912 8.5004330454393 9.120000000000001
913 8.53180767016956 9.130000000000001
914 8.497052887715689 9.140000000000001
915 8.47397931343904 9.15
916 8.43653742534967 9.16
917 8.419377341039318 9.17
918 8.415219317189168 9.18
919 8.414478565877561 9.19
920 8.374815720858145 9.200000000000001
921 8.347833066200362 9.210000000000001
922 8.348329588622541 9.220000000000001
923 8.326457688573194 9.23
924 8.345625872713162 9.24
925 8.316884180283042 9.25
926 8.342133541960859 9.26
927 8.325959047251548 9.27
928 8.287042335568339 9.279999999999999
929 8.359421057141406 9.290000000000001
930 8.345847786284818 9.300000000000001
931 8.309195373839296 9.31
932 8.232070747663736 9.32
933 8.199569118739642 9.33
934 8.177883706878665 9.34
935 8.155214099808832 9.35
936 8.145689784351807 9.359999999999999
937 8.189652045026326 9.370000000000001
938 8.221098938102493 9.380000000000001
939 8.180660997070794 9.390000000000001
940 8.263587150672929 9.4
941 8.209645853859453 9.41
942 8.180322926973988 9.42
943 8.038488241499094 9.43
944 8.030129592421764 9.44
945 8.00911731827974 9.450000000000001
946 7.980743321429861 9.460000000000001
947 7.995554897329773 9.470000000000001
948 7.961924889838761 9.48
949 7.956077547415045 9.49
950 7.929147746196574 9.5
951 7.905843824825904 9.51
952 7.87650028960535 9.52
953 7.846413881875045 9.529999999999999
954 7.849758348805845 9.540000000000001
955 7.800977333395769 9.550000000000001
956 7.830560530549218 9.56
957 7.794213021960713 9.57
958 7.704256654357372 9.58
959 7.631444430866541 9.59
960 7.505897796721899 9.6
961 7.506360094276713 9.609999999999999
962 7.588402328808773 9.620000000000001
963 7.636277473768133 9.630000000000001
964 7.628930995013237 9.640000000000001
965 7.603662819159745 9.65
966 7.512086237623365 9.66
967 7.465612598062261 9.67
968 7.318185369425193 9.68
969 7.286728791347911 9.69
970 7.260957577223717 9.700000000000001
971 7.245436152535867 9.710000000000001
972 7.279558934269024 9.720000000000001
973 7.226185415508033 9.73
974 7.17763122359715 9.74
975 7.116769965049385 9.75
976 7.087657371972942 9.76
977 7.04685018638545 9.77
978 7.018838752410075 9.779999999999999
979 7.003307552545224 9.790000000000001
980 6.967216049491497 9.800000000000001
981 6.978961019274277 9.81
982 6.909320188182209 9.82
983 6.888440003042463 9.83
984 6.832730575088356 9.84
985 6.802766132189361 9.85
986 6.770602630071498 9.859999999999999
987 6.682631097734174 9.870000000000001
988 6.632232653978601 9.880000000000001
989 6.61229526081999 9.890000000000001
990 6.597810961599125 9.9
991 6.58499273977788 9.91
992 6.570376815531668 9.92
993 6.508911751838654 9.93
994 6.519700225414209 9.94
995 6.479954091036409 9.950000000000001
996 6.472110202161286 9.960000000000001
997 6.44828964754509 9.970000000000001
998 6.418405214823467 9.98
999 6.393795362581084 9.99
1000 6.439208274801499 10
