"m-rfile"
"Time Step" "m etc.."
("Time Step" "m" "flow-time")
0 0 0
1 0.03604574424055958 0.01
2 0.1608553396357269 0.02
3 0.07464363314885164 0.03
4 0.0613199282139064 0.04
5 0.06397343211190659 0.05
6 0.06628701960825199 0.06
7 0.06502374848978132 0.07000000000000001
8 0.0633722831285779 0.08
9 0.06152323696616586 0.09
10 0.05941838483468574 0.1
11 0.05827212646880876 0.11
12 0.05607640179749328 0.12
13 0.05319732669189185 0.13
14 0.05147202394142104 0.14
15 0.04932954881885786 0.15
16 0.04794917338070749 0.16
17 0.04457186123392035 0.17
18 0.04228390765361791 0.18
19 0.04008513971308338 0.19
20 0.0414469221572198 0.2
21 0.03848989137980832 0.21
22 0.03457246504273458 0.22
23 0.03306105286212024 0.23
24 0.02978115660110425 0.24
25 0.02635140960132884 0.25
26 0.02583303285266116 0.26
27 0.02617667824474711 0.27
28 0.02274700998300882 0.28
29 0.01950131482680951 0.29
30 0.01605136573389752 0.3
31 0.01313149720860737 0.31
32 0.01250457924329221 0.32
33 0.01146051232906374 0.33
34 0.01133729023507348 0.34
35 0.009530471955725458 0.35
36 0.007649876568813649 0.36
37 0.005278577811334292 0.37
38 0.003943018018991867 0.38
39 0.002647721905845415 0.39
40 0.0005358939695162835 0.4
41 -0.001707873837182033 0.41
42 -0.002919804884843362 0.42
43 -0.00202702091765892 0.43
44 -0.002376315452956174 0.44
45 -0.003939559997548045 0.45
46 -0.004628697600751158 0.46
47 -0.00467956313763054 0.47
48 -0.007501692351503633 0.48
49 -0.007327561905404767 0.49
50 -0.005166621041878878 0.5
51 -0.004939874362704231 0.51
52 -0.007349523459083651 0.52
53 -0.008221546448622228 0.53
54 -0.006602676437573582 0.54
55 -0.00651588701069097 0.55
56 -0.008450227705175305 0.5600000000000001
57 -0.009771865668082903 0.5700000000000001
58 -0.009271778905009775 0.58
59 -0.00944753458971883 0.59
60 -0.00928380295828346 0.6
61 -0.009460729611545707 0.61
62 -0.006364442834166776 0.62
63 -0.005873012344922619 0.63
64 -0.005557408492824711 0.64
65 -0.007390700491441391 0.65
66 -0.01055292262157067 0.66
67 -0.009378960793224124 0.67
68 -0.009257160617081426 0.68
69 -0.006563140667694549 0.6900000000000001
70 -0.004663708623226847 0.7000000000000001
71 -0.002957336898646165 0.71
72 -0.002602238515674383 0.72
73 -0.002533279108247086 0.73
74 -0.002495412478457869 0.74
75 0.000474692361974036 0.75
76 0.003847305579323355 0.76
77 0.00374077424909137 0.77
78 0.000991938298353415 0.78
79 -0.0029886515553906 0.79
80 -0.005748965731501825 0.8
81 -0.001708932892116177 0.8100000000000001
82 0.002300371856574045 0.8200000000000001
83 0.003917607242765152 0.8300000000000001
84 0.006724101784771771 0.84
85 0.008379148513838025 0.85
86 0.008860087456569469 0.86
87 0.005538474866031811 0.87
88 0.002201379913977316 0.88
89 0.0008696080674815398 0.89
90 0.002631594299403518 0.9
91 0.00436526908706103 0.91
92 0.006635886745402879 0.92
93 0.007404661471977653 0.93
94 0.01013677862333858 0.9400000000000001
95 0.009642565359962723 0.9500000000000001
96 0.00630992700997845 0.96
97 0.003130795076559974 0.97
98 0.002650394494053178 0.98
99 0.006312947063560207 0.99
100 0.01029842857465668 1
101 0.009897748558671038 1.01
102 0.005926707581658297 1.02
103 0.005322677071830329 1.03
104 0.005946903180008699 1.04
105 0.007899248269245531 1.05
106 0.01168934761221328 1.06
107 0.009706027874220214 1.07
108 0.007882574212356261 1.08
109 0.006917989753470551 1.09
110 0.009155815667102416 1.1
111 0.01136860663790913 1.11
112 0.01241149435194661 1.12
113 0.01062253123031929 1.13
114 0.008997003261245029 1.14
115 0.009594037464416911 1.15
116 0.01179456578249819 1.16
117 0.01581623534870086 1.17
118 0.01456088242865241 1.18
119 0.01254086093646919 1.19
120 0.01036883862883247 1.2
121 0.01398434674252713 1.21
122 0.01685653273629126 1.22
123 0.01722121514743447 1.23
124 0.01733443111660473 1.24
125 0.01641072857630688 1.25
126 0.01568878395435941 1.26
127 0.01624199143811231 1.27
128 0.01647283105790901 1.28
129 0.01832362982339673 1.29
130 0.02156389252126087 1.3
131 0.02373810644135511 1.31
132 0.02127509205829962 1.32
133 0.02126221180167123 1.33
134 0.02303969757766653 1.34
135 0.02221160752391787 1.35
136 0.02304023532417225 1.36
137 0.02661934112841551 1.37
138 0.02697460054431187 1.38
139 0.02938949801095516 1.39
140 0.02845642784735819 1.4
141 0.02779693666836968 1.41
142 0.02611298349993132 1.42
143 0.02772534239704874 1.43
144 0.02961181233160513 1.44
145 0.0313656566050891 1.45
146 0.03366080471191611 1.46
147 0.03313543061530179 1.47
148 0.03317952399174742 1.48
149 0.03273149754994675 1.49
150 0.03340439685348012 1.5
151 0.03427906379303994 1.51
152 0.03344114892510577 1.52
153 0.03452839158249323 1.53
154 0.03604232513702655 1.54
155 0.03762410601158912 1.55
156 0.03749525827566992 1.56
157 0.03710828678523885 1.57
158 0.0372258614697728 1.58
159 0.03828555767383315 1.59
160 0.03883090401425893 1.6
161 0.03864552926533047 1.61
162 0.03908568925961129 1.62
163 0.03906139458159227 1.63
164 0.03988921606744273 1.64
165 0.03905861796105724 1.65
166 0.03974612951162732 1.66
167 0.04067466900250257 1.67
168 0.04168791823623106 1.68
169 0.0429289739173614 1.69
170 0.04251644794347043 1.7
171 0.04316320008833852 1.71
172 0.0428680865704749 1.72
173 0.04388394837715358 1.73
174 0.04336320787492078 1.74
175 0.04482614466171241 1.75
176 0.04505971663517435 1.76
177 0.04518413962088961 1.77
178 0.04464969693283152 1.78
179 0.0453936040074751 1.79
180 0.04582839236597389 1.8
181 0.0465454702115088 1.81
182 0.0484130131827455 1.82
183 0.04847954781204395 1.83
184 0.04717219405521778 1.84
185 0.0469999543686991 1.85
186 0.04788788836724859 1.86
187 0.04861046346191442 1.87
188 0.0480165960330353 1.88
189 0.04919119223759684 1.89
190 0.04886276244464448 1.9
191 0.05059025647635698 1.91
192 0.05067560006105247 1.92
193 0.05112339790586042 1.93
194 0.0505844434659997 1.94
195 0.05033344255114538 1.95
196 0.0508353707771232 1.96
197 0.05152526846042292 1.97
198 0.05246024958548109 1.98
199 0.05211853982130635 1.99
200 0.05303644561708779 2
201 0.05235966887352327 2.01
202 0.05185039701657802 2.02
203 0.05122504760404971 2.03
204 0.05228736285674275 2.04
205 0.05316820906347286 2.05
206 0.05305643959083322 2.06
207 0.05376433564425406 2.07
208 0.05255213988312938 2.08
209 0.05378359890445886 2.09
210 0.0534012980605724 2.1
211 0.05397581751117874 2.11
212 0.05367064150123181 2.12
213 0.05382166584348693 2.13
214 0.05396723824679826 2.14
215 0.05430262612963256 2.15
216 0.05437677821498139 2.16
217 0.05445220014325412 2.17
218 0.05536230779595074 2.18
219 0.0563180101519629 2.19
220 0.05535215344459075 2.2
221 0.05403517781995267 2.21
222 0.05408841366121887 2.22
223 0.05399013478354082 2.23
224 0.05418774914488799 2.24
225 0.05508859023646984 2.25
226 0.05577426260746309 2.26
227 0.05520400824777409 2.27
228 0.05527629357255375 2.28
229 0.0544370643079403 2.29
230 0.05460630357128302 2.3
231 0.05482925989745639 2.31
232 0.05479294905239265 2.32
233 0.05468322365232132 2.33
234 0.05429743338617839 2.34
235 0.0545078666422061 2.35
236 0.05468301343701724 2.36
237 0.05550355394164136 2.37
238 0.05482075008904357 2.38
239 0.05495717076676111 2.39
240 0.05355700979406837 2.4
241 0.05293397728732716 2.41
242 0.05292109739869279 2.42
243 0.05289677529113809 2.43
244 0.05357071021301345 2.44
245 0.05272229068794859 2.45
246 0.05219388323147618 2.46
247 0.05269322091695788 2.47
248 0.05327356047372782 2.48
249 0.05253918660829954 2.49
250 0.05176344329550263 2.5
251 0.05036960447873048 2.51
252 0.04966752158880566 2.52
253 0.05028723458510338 2.53
254 0.04884974644578112 2.54
255 0.04840606079630172 2.55
256 0.04758212735388748 2.56
257 0.04605365574531568 2.57
258 0.04530712628949435 2.58
259 0.04454796696654757 2.59
260 0.04372694290988532 2.6
261 0.0420057173269121 2.61
262 0.04115330462278969 2.62
263 0.04133606254536325 2.63
264 0.04007678247114944 2.64
265 0.03843819958569896 2.65
266 0.03697940817284114 2.66
267 0.03611375814052013 2.67
268 0.03461994719443116 2.68
269 0.03395392151285025 2.69
270 0.03182453100796948 2.7
271 0.03101892084887389 2.71
272 0.03085968149506244 2.72
273 0.03058151978873399 2.73
274 0.02947115751667128 2.74
275 0.02823196233215366 2.75
276 0.02654546059488033 2.76
277 0.02563513220678658 2.77
278 0.02458852921207674 2.78
279 0.02303874148723023 2.79
280 0.02125150368251765 2.8
281 0.02115803362058324 2.81
282 0.01982754906891885 2.82
283 0.01988734771206661 2.83
284 0.01789864755033106 2.84
285 0.01709321455660825 2.85
286 0.0168218176611645 2.86
287 0.01793653803558333 2.87
288 0.01711404651359183 2.88
289 0.01798380756064044 2.89
290 0.01830198817741659 2.9
291 0.0173212040506684 2.91
292 0.01784119157011005 2.92
293 0.01619325338510811 2.93
294 0.01719682512257813 2.94
295 0.01792986570768032 2.95
296 0.0179872996731916 2.96
297 0.01883671326198476 2.97
298 0.01975392698147523 2.98
299 0.0204802565991271 2.99
300 0.02089450848695388 3
301 0.02060335713557615 3.01
302 0.02092168645287679 3.02
303 0.02195744434762843 3.03
304 0.02125574864772839 3.04
305 0.02264506493836552 3.05
306 0.01992427132499607 3.06
307 0.02031914559356843 3.07
308 0.02082085539889585 3.08
309 0.02222786556651135 3.09
310 0.02197688037258147 3.1
311 0.0207009407488947 3.11
312 0.02119008263404771 3.12
313 0.02133791776185723 3.13
314 0.02314760100646589 3.14
315 0.02090933200725882 3.15
316 0.02071829056938966 3.16
317 0.02074463184304966 3.17
318 0.0210192585298828 3.18
319 0.02069648826345048 3.19
320 0.02090286250276741 3.2
321 0.01973689177565062 3.21
322 0.02174973409596298 3.22
323 0.02153861477366295 3.23
324 0.02192777573103213 3.24
325 0.02145587493717014 3.25
326 0.02062498988273564 3.26
327 0.02004886623661801 3.27
328 0.02116392641205949 3.28
329 0.02210175570058493 3.29
330 0.0246387867876828 3.3
331 0.02286616538400054 3.31
332 0.02105389764206515 3.32
333 0.01847078527035332 3.33
334 0.0194881663017294 3.34
335 0.02274294996120012 3.35
336 0.02183508534850382 3.36
337 0.02053353511813703 3.37
338 0.02148159149185973 3.38
339 0.0212897323506797 3.39
340 0.01917806522036928 3.4
341 0.01853832021764469 3.41
342 0.01812187416558523 3.42
343 0.01953761180146355 3.43
344 0.02033865926664478 3.44
345 0.02155860505089504 3.45
346 0.02071327177419224 3.46
347 0.02143818656604586 3.47
348 0.02297842473994286 3.48
349 0.0210945965030071 3.49
350 0.01955446586051325 3.5
351 0.01931621338648788 3.51
352 0.02084381007482566 3.52
353 0.02216024911830948 3.53
354 0.02208347141522049 3.54
355 0.02237052809018101 3.55
356 0.02235504637712115 3.56
357 0.01966883449122786 3.57
358 0.01770558208131911 3.58
359 0.01637672605734283 3.59
360 0.01508151363708557 3.6
361 0.01502756044637768 3.61
362 0.01403835317555758 3.62
363 0.01372704566168269 3.63
364 0.01202813485856407 3.64
365 0.01022587096410581 3.65
366 0.008591032166709174 3.66
367 0.006779889134098044 3.67
368 0.004599014882404008 3.68
369 0.004048304061695243 3.69
370 0.002651382094211172 3.7
371 0.001734177588281871 3.71
372 0.001735279164152212 3.72
373 0.0001576746368973453 3.73
374 -0.0001922351166666925 3.74
375 -0.0002152870820072656 3.75
376 -0.0003734432795399871 3.76
377 -0.0007774543545332159 3.77
378 -0.0003385062400681748 3.78
379 0.0005405097287910412 3.79
380 0.001966118651119549 3.8
381 0.00264278254376503 3.81
382 0.002071570653378672 3.82
383 0.001808194323244621 3.83
384 0.002499811625471742 3.84
385 0.004503556849000216 3.85
386 0.006329328336597104 3.86
387 0.007471692800601478 3.87
388 0.007539968775936184 3.88
389 0.008556206851810804 3.89
390 0.009984533370032715 3.9
391 0.01108689280576634 3.91
392 0.01299862360925207 3.92
393 0.01388314807360638 3.93
394 0.01487109984880512 3.94
395 0.01545615402573887 3.95
396 0.01583783065043272 3.96
397 0.01657349111986789 3.97
398 0.01737688108642576 3.98
399 0.01851283180434431 3.99
400 0.0198727673790584 4
401 0.02070555723033365 4.01
402 0.02082898094470627 4.02
403 0.02206311034211529 4.03
404 0.02258571538119104 4.04
405 0.02330897538209325 4.05
406 0.02557880622049921 4.06
407 0.026717636206532 4.07
408 0.02706210403474213 4.08
409 0.02782509667135671 4.09
410 0.02821901656685769 4.1
411 0.02852924402202405 4.11
412 0.0284896011876125 4.12
413 0.02956715608738026 4.13
414 0.03063339216287295 4.14
415 0.03158454078302159 4.15
416 0.03292508125253196 4.16
417 0.03428600622741042 4.17
418 0.03436695896399717 4.18
419 0.03364745248229491 4.19
420 0.03401248871864009 4.2
421 0.03442269990453317 4.21
422 0.03698029597700129 4.22
423 0.03767002049669745 4.23
424 0.03795666311265759 4.24
425 0.03798710531753649 4.25
426 0.03844489530226603 4.26
427 0.03927211053645039 4.27
428 0.03935724584634021 4.28
429 0.04030853458812093 4.29
430 0.03992743756106795 4.3
431 0.04055703010924773 4.31
432 0.03942875149573013 4.32
433 0.04041168349356355 4.33
434 0.04008934149025527 4.34
435 0.04023657067475492 4.350000000000001
436 0.04191504232240684 4.36
437 0.04165056774374158 4.37
438 0.04222768931408048 4.38
439 0.04172721758522314 4.39
440 0.04255638682051081 4.4
441 0.04269570566223274 4.41
442 0.0424292418007324 4.42
443 0.04316913956872672 4.43
444 0.04348434116716042 4.44
445 0.04354041332128381 4.45
446 0.04334532785817137 4.46
447 0.0435319864529467 4.47
448 0.04383974223501316 4.48
449 0.04407456567868515 4.49
450 0.04321783391151391 4.5
451 0.04330851999802744 4.51
452 0.0431464882957005 4.52
453 0.04332781589831525 4.53
454 0.04351565545172777 4.54
455 0.04360995557612892 4.55
456 0.04482442915646594 4.56
457 0.04446187721280501 4.57
458 0.04515468097383335 4.58
459 0.04522101254961169 4.59
460 0.04443028530607741 4.600000000000001
461 0.04307728362031574 4.61
462 0.04336220642350797 4.62
463 0.04251401386137297 4.63
464 0.04387444566876359 4.64
465 0.04542555813545444 4.65
466 0.04528481663070627 4.66
467 0.04587853576991697 4.67
468 0.04393844271798583 4.68
469 0.04403790969277185 4.69
470 0.04343273989798125 4.7
471 0.04435318047379443 4.71
472 0.04463034677724511 4.72
473 0.0432024396583571 4.73
474 0.04323943181637674 4.74
475 0.04548839829475996 4.75
476 0.0463676619330907 4.76
477 0.04518224328689752 4.77
478 0.0429971727175999 4.78
479 0.04245140189997852 4.79
480 0.04461168354809109 4.8
481 0.04794546059347474 4.81
482 0.04863717118002184 4.82
483 0.04827277575348084 4.83
484 0.04901480846294895 4.84
485 0.04724948474863949 4.850000000000001
486 0.04701174730582008 4.86
487 0.04820477830916214 4.87
488 0.04888240381851912 4.88
489 0.04823827644631448 4.89
490 0.0479667547811224 4.9
491 0.04921631651457514 4.91
492 0.05008570835520846 4.92
493 0.05085673549314026 4.93
494 0.05136098900432089 4.94
495 0.05195876960896256 4.95
496 0.04975708315607545 4.96
497 0.0506739265985849 4.97
498 0.05148491171466781 4.98
499 0.05125242553988684 4.99
500 0.05329227461540702 5
501 0.05279563436463422 5.01
502 0.05391537727330935 5.02
503 0.0536543090256194 5.03
504 0.05269467258361984 5.04
505 0.05243877364603754 5.05
506 0.05321696935871641 5.06
507 0.05252259722814835 5.07
508 0.05329889682229215 5.08
509 0.0533419558829592 5.09
510 0.05334685722851686 5.100000000000001
511 0.05415882910318855 5.11
512 0.05420190239569008 5.12
513 0.05421625058208687 5.13
514 0.05323547745915595 5.14
515 0.05195470013989532 5.15
516 0.05141649719423156 5.16
517 0.05144712298658656 5.17
518 0.05155918714677785 5.18
519 0.05148420415897216 5.19
520 0.05137046994520815 5.2
521 0.04955257626648045 5.21
522 0.04904936850295193 5.22
523 0.04801965634527915 5.23
524 0.04834834363873743 5.24
525 0.0482809154536697 5.25
526 0.04763412312506723 5.26
527 0.04754369986081287 5.27
528 0.04640433468526801 5.28
529 0.04559563464955683 5.29
530 0.04506701029572849 5.3
531 0.04389500240908045 5.31
532 0.04341020506067594 5.32
533 0.04215141101114619 5.33
534 0.04074241963992823 5.34
535 0.04064461075231377 5.350000000000001
536 0.04119940252394449 5.36
537 0.04105017348592899 5.37
538 0.0408840420476654 5.38
539 0.03925987726208974 5.39
540 0.03727756696618003 5.4
541 0.03628741502522332 5.41
542 0.03520079863406778 5.42
543 0.03454500830327303 5.43
544 0.03411533483510245 5.44
545 0.03224814971619384 5.45
546 0.02999982559956806 5.46
547 0.02968425743857737 5.47
548 0.02809177918864348 5.48
549 0.0270697041033214 5.49
550 0.02638028313696864 5.5
551 0.02469664988374928 5.51
552 0.02302670176510735 5.52
553 0.02130233802686835 5.53
554 0.01952341177050359 5.54
555 0.01924213662562912 5.55
556 0.01896866312346647 5.56
557 0.01845991640035048 5.57
558 0.01684482374082469 5.58
559 0.01619602403056901 5.59
560 0.01319840051350433 5.600000000000001
561 0.01291602584897109 5.61
562 0.01243756999798461 5.62
563 0.01149166657349068 5.63
564 0.01030401317530604 5.64
565 0.01042604612514135 5.65
566 0.01224033521864778 5.66
567 0.01359908648161578 5.67
568 0.01509394046755218 5.68
569 0.01383300861893372 5.69
570 0.01405734088594868 5.7
571 0.01527188310629744 5.71
572 0.01412461701750216 5.72
573 0.0141120746065232 5.73
574 0.01293678530284148 5.74
575 0.01478982072304344 5.75
576 0.01348000911781037 5.76
577 0.01444776384315162 5.77
578 0.01457485108539308 5.78
579 0.01628813921584251 5.79
580 0.01649425599790668 5.8
581 0.01663275936719609 5.81
582 0.01771081839434519 5.82
583 0.01708184914638829 5.83
584 0.01757217498090103 5.84
585 0.01647454939947236 5.850000000000001
586 0.0172909017995459 5.86
587 0.01740318782645872 5.87
588 0.01763070450471492 5.88
589 0.01864407855348148 5.89
590 0.01919399327635957 5.9
591 0.02021442157706833 5.91
592 0.01982091428024103 5.92
593 0.01990678600048094 5.93
594 0.0188245773149644 5.94
595 0.02115631500266888 5.95
596 0.02252783232343613 5.96
597 0.02156858308069829 5.97
598 0.02015074256226798 5.98
599 0.02052749264421766 5.99
600 0.02085645690286787 6
601 0.0197983580985147 6.01
602 0.02088518497387604 6.02
603 0.02022330847582615 6.03
604 0.0217175216361228 6.04
605 0.02163552885751226 6.05
606 0.02140555731691091 6.06
607 0.021233643601938 6.07
608 0.02130058419489957 6.08
609 0.0216571067381467 6.09
610 0.01996687471468878 6.100000000000001
611 0.01918222560180875 6.11
612 0.0187435387000078 6.12
613 0.02039670746359158 6.13
614 0.01984423284997533 6.140000000000001
615 0.01978205301829217 6.15
616 0.02134290239298996 6.16
617 0.02198306046464702 6.17
618 0.02054710313470772 6.18
619 0.01677483140272591 6.19
620 0.01472967870662358 6.2
621 0.01536765349340048 6.21
622 0.0172459232814557 6.22
623 0.0185679822227935 6.23
624 0.02014553748307768 6.24
625 0.0212068550318033 6.25
626 0.0198162984990685 6.26
627 0.01745518136896695 6.27
628 0.01416861545960043 6.28
629 0.0137306191048989 6.29
630 0.01452768090649257 6.3
631 0.01555091041040087 6.31
632 0.01711657643341901 6.32
633 0.01827316311622337 6.33
634 0.01728124813813148 6.34
635 0.01631285674845063 6.350000000000001
636 0.01323637516479702 6.36
637 0.01158833982806544 6.37
638 0.01236682324563514 6.38
639 0.01371625384438423 6.390000000000001
640 0.01469302932342142 6.4
641 0.01293215994015474 6.41
642 0.009816084181359666 6.42
643 0.009929097994852296 6.43
644 0.0111915289022217 6.44
645 0.0125885900587286 6.45
646 0.01146339704704276 6.46
647 0.009660460101880064 6.47
648 0.009353714319302242 6.48
649 0.009635316885391392 6.49
650 0.01016218145783266 6.5
651 0.008937596327002185 6.51
652 0.00788940581115196 6.52
653 0.008119007924034506 6.53
654 0.009272718523256361 6.54
655 0.0100312235677156 6.55
656 0.01052377660372495 6.56
657 0.009227228966800029 6.57
658 0.007921871659326478 6.58
659 0.009379052122379173 6.59
660 0.01101080557840939 6.600000000000001
661 0.01223982674234471 6.61
662 0.0122737685201117 6.62
663 0.0111041564815539 6.63
664 0.01122605632046817 6.640000000000001
665 0.01245651206331787 6.65
666 0.01344680624921297 6.66
667 0.01534506060591689 6.67
668 0.0156385097266218 6.68
669 0.0161968953265881 6.69
670 0.01711329744188909 6.7
671 0.01844861903782382 6.71
672 0.01808068467978043 6.72
673 0.02009727740515276 6.73
674 0.02053390247397537 6.74
675 0.02189933758865837 6.75
676 0.02375727749354967 6.76
677 0.02384363907451941 6.77
678 0.02422407302020477 6.78
679 0.02291118901964008 6.79
680 0.02717049366644455 6.8
681 0.02722185953465697 6.81
682 0.02675086636162581 6.82
683 0.02842956534599525 6.83
684 0.03109066937290877 6.84
685 0.03092369870703283 6.850000000000001
686 0.03169748611637604 6.86
687 0.0323502593819031 6.87
688 0.03373266731372254 6.88
689 0.03174271292646182 6.890000000000001
690 0.0329234873310469 6.9
691 0.0344466240206898 6.91
692 0.03411621231444992 6.92
693 0.03657243534972385 6.93
694 0.03755170644156606 6.94
695 0.03667704286447724 6.95
696 0.03686584141768698 6.96
697 0.03751030249354964 6.97
698 0.0377967701035995 6.98
699 0.04319530092866598 6.99
700 0.04041861473651176 7
701 0.04044972491362489 7.01
702 0.03984670885709542 7.02
703 0.04097979616795748 7.03
704 0.04084756483594165 7.04
705 0.04297490867669007 7.05
706 0.04260112297579047 7.06
707 0.04343592392839176 7.07
708 0.0445262395373992 7.08
709 0.04482166321957756 7.09
710 0.04548902938608718 7.100000000000001
711 0.04503435490282321 7.11
712 0.0457045504697688 7.12
713 0.04536606273255579 7.13
714 0.04684121574196622 7.140000000000001
715 0.04665804428577171 7.15
716 0.04713227412554653 7.16
717 0.04818443021672983 7.17
718 0.04845986019656981 7.18
719 0.04930780716674486 7.19
720 0.04822998570950678 7.2
721 0.04953115045663475 7.21
722 0.04910953201267203 7.22
723 0.05028362594830451 7.23
724 0.05076614975379551 7.24
725 0.05251777009845921 7.25
726 0.05246471204290712 7.26
727 0.05228101645424354 7.27
728 0.0525605871941309 7.28
729 0.05262732414117066 7.29
730 0.05415534015150177 7.3
731 0.05420038504587046 7.31
732 0.0542290691317474 7.32
733 0.0539282404008397 7.33
734 0.05415771827809229 7.34
735 0.0557617055203508 7.350000000000001
736 0.05652938309942922 7.36
737 0.05627275578343727 7.37
738 0.05525824363699203 7.38
739 0.0557341070542425 7.390000000000001
740 0.05603779761945582 7.4
741 0.05679234233254702 7.41
742 0.05746093730396008 7.42
743 0.05764519455528084 7.43
744 0.05806176434693071 7.44
745 0.05743809840883217 7.45
746 0.05782371990550214 7.46
747 0.05767273788741779 7.47
748 0.05882554841025024 7.48
749 0.05896033620150675 7.49
750 0.06001128058773977 7.5
751 0.05994020323454365 7.51
752 0.0603715934849499 7.52
753 0.05999406141983232 7.53
754 0.05993296383943542 7.54
755 0.05961642586036724 7.55
756 0.05954227270927503 7.56
757 0.05998150504453813 7.57
758 0.06063062025945995 7.58
759 0.06135565912183314 7.59
760 0.06282714046501582 7.600000000000001
761 0.06312715807938894 7.61
762 0.06293799127610693 7.62
763 0.06216148655699146 7.63
764 0.06247164137427182 7.640000000000001
765 0.06242686374493418 7.65
766 0.06185662972926912 7.66
767 0.06231191182757437 7.67
768 0.06335361725059294 7.68
769 0.06344492266477846 7.69
770 0.06324127323476314 7.7
771 0.06363098363677207 7.71
772 0.06315506717282006 7.72
773 0.0634538060273923 7.73
774 0.06317661641339219 7.74
775 0.06328282067123624 7.75
776 0.06333002414920749 7.76
777 0.0623422324624396 7.77
778 0.06264609545072933 7.78
779 0.06125165457608407 7.79
780 0.0614367756458189 7.8
781 0.06033862032163519 7.81
782 0.05900152313277007 7.82
783 0.05972821400811083 7.83
784 0.05920355116867854 7.84
785 0.05909069819385752 7.850000000000001
786 0.05733851307144826 7.86
787 0.05700652597868134 7.87
788 0.05579493666923745 7.88
789 0.0543291419978791 7.890000000000001
790 0.05346214226632304 7.9
791 0.0528203906079664 7.91
792 0.05230540945871118 7.92
793 0.0506616638721059 7.930000000000001
794 0.04971365764364092 7.94
795 0.04788125284628308 7.95
796 0.04774050095988849 7.96
797 0.04574840930751076 7.97
798 0.04392476698214875 7.98
799 0.04302782109532835 7.99
800 0.04177914112371251 8
801 0.04015076156104288 8.01
802 0.03984958390976991 8.02
803 0.04055047203936676 8.029999999999999
804 0.03871821171336864 8.040000000000001
805 0.03721083551069374 8.050000000000001
806 0.03680304418150904 8.06
807 0.03514912135455553 8.07
808 0.03246417446529767 8.08
809 0.03087932410696707 8.09
810 0.03287545766950924 8.1
811 0.03054065783950498 8.109999999999999
812 0.0309437586385313 8.120000000000001
813 0.02843763460647868 8.130000000000001
814 0.02782295089727642 8.140000000000001
815 0.02523020955728937 8.15
816 0.02485355287940949 8.16
817 0.02461141124775803 8.17
818 0.02337648261668233 8.18
819 0.02251706122155337 8.19
820 0.02063955083592999 8.199999999999999
821 0.01917515846407629 8.210000000000001
822 0.01940719756857821 8.220000000000001
823 0.01891793611279039 8.23
824 0.0197451261583972 8.24
825 0.01822675111744332 8.25
826 0.01830997077736907 8.26
827 0.01693357324612937 8.27
828 0.01756287896340655 8.279999999999999
829 0.01591640950374093 8.290000000000001
830 0.01453375348766391 8.300000000000001
831 0.0156500688244858 8.31
832 0.01458688612497048 8.32
833 0.01572370680114181 8.33
834 0.01603113754552652 8.34
835 0.01628273727489618 8.35
836 0.01661402011472882 8.359999999999999
837 0.01562987983104196 8.370000000000001
838 0.01585068079951389 8.380000000000001
839 0.01635152138013684 8.390000000000001
840 0.01670863401087647 8.4
841 0.01525697446044065 8.41
842 0.01622307376761935 8.42
843 0.01674894763984083 8.43
844 0.01678992002872077 8.44
845 0.01762813116946615 8.449999999999999
846 0.01761590366991334 8.460000000000001
847 0.0174702377620451 8.470000000000001
848 0.01720536672957701 8.48
849 0.01744643107819313 8.49
850 0.01668616151063448 8.5
851 0.01847389443893964 8.51
852 0.01805153753258979 8.52
853 0.01830437006396628 8.529999999999999
854 0.01820523713813502 8.540000000000001
855 0.01940921728237832 8.550000000000001
856 0.01822309521752046 8.56
857 0.016988400619213 8.57
858 0.0172579138451862 8.58
859 0.01882165867791452 8.59
860 0.02017836143397924 8.6
861 0.019040266470403 8.609999999999999
862 0.02140139374032086 8.620000000000001
863 0.02013314279344942 8.630000000000001
864 0.02070360099215036 8.640000000000001
865 0.01823027930130976 8.65
866 0.01725373605367361 8.66
867 0.02013377626675953 8.67
868 0.020398662766591 8.68
869 0.0197324490932759 8.69
870 0.01871903290579073 8.700000000000001
871 0.01848433883865686 8.710000000000001
872 0.01919963830095495 8.720000000000001
873 0.02073607956230634 8.73
874 0.02311172992296649 8.74
875 0.02002592468172508 8.75
876 0.01634741162915073 8.76
877 0.01655564836742358 8.77
878 0.01833734100111659 8.779999999999999
879 0.01708577660264799 8.790000000000001
880 0.01702545248692861 8.800000000000001
881 0.01770217058032537 8.81
882 0.0183686768440947 8.82
883 0.01854812589146578 8.83
884 0.01835840552256022 8.84
885 0.01896330537267576 8.85
886 0.01682846925969495 8.859999999999999
887 0.0165374913248986 8.870000000000001
888 0.0161117148656643 8.880000000000001
889 0.01892288088230842 8.890000000000001
890 0.01847022704597148 8.9
891 0.01787491411499053 8.91
892 0.01866560523276247 8.92
893 0.01981125623866839 8.93
894 0.02046521145915058 8.94
895 0.01943722643315439 8.950000000000001
896 0.01801989625761381 8.960000000000001
897 0.01633282834040268 8.970000000000001
898 0.01694061618273151 8.98
899 0.01805905299068646 8.99
900 0.0193202661209129 9
901 0.01889075891426484 9.01
902 0.01885236469251219 9.02
903 0.01863929845263574 9.029999999999999
904 0.0171942510231461 9.040000000000001
905 0.0159692897124953 9.050000000000001
906 0.01408293435530071 9.06
907 0.01209935586863204 9.07
908 0.01194862803134314 9.08
909 0.01034610235417976 9.09
910 0.008702704346912981 9.1
911 0.009614837374284549 9.109999999999999
912 0.007984201242856238 9.120000000000001
913 0.00749420331970936 9.130000000000001
914 0.005479927010460859 9.140000000000001
915 0.003709732976051818 9.15
916 0.002859705672417177 9.16
917 0.003669515386982904 9.17
918 0.002762602587390158 9.18
919 0.002129968533467182 9.19
920 0.0008240057964185892 9.200000000000001
921 6.218902320021123e-05 9.210000000000001
922 0.001183838539532304 9.220000000000001
923 0.002106308906977964 9.23
924 0.002921720920470131 9.24
925 0.003449103563749062 9.25
926 0.003678755291280573 9.26
927 0.004807746981585619 9.27
928 0.005832902689454158 9.279999999999999
929 0.007463303986897949 9.290000000000001
930 0.008529294639811884 9.300000000000001
931 0.009054919319511197 9.31
932 0.009616733042703109 9.32
933 0.009882975406870047 9.33
934 0.0101692851543155 9.34
935 0.01154902647574654 9.35
936 0.01358359134900366 9.359999999999999
937 0.01502589567756642 9.370000000000001
938 0.01600083382120929 9.380000000000001
939 0.01675192494731267 9.390000000000001
940 0.01394080257142336 9.4
941 0.01674483035502641 9.41
942 0.01841431035448185 9.42
943 0.01955063011053637 9.43
944 0.02108810997341353 9.44
945 0.0216118786293277 9.450000000000001
946 0.0209994845357326 9.460000000000001
947 0.02092430054448259 9.470000000000001
948 0.02267147042039678 9.48
949 0.02199358660899558 9.49
950 0.02386447440584344 9.5
951 0.02646272590875272 9.51
952 0.02710129978519261 9.52
953 0.02855442106122532 9.529999999999999
954 0.02821564432504567 9.540000000000001
955 0.03012553014220713 9.550000000000001
956 0.03081612332501574 9.56
957 0.02882078818548504 9.57
958 0.02912420031124825 9.58
959 0.03075833212822197 9.59
960 0.03239433432537113 9.6
961 0.0346874174289759 9.609999999999999
962 0.03547158072905966 9.620000000000001
963 0.0356959361165696 9.630000000000001
964 0.03553914340025811 9.640000000000001
965 0.03543361474327997 9.65
966 0.0362974828274682 9.66
967 0.03672815279540963 9.67
968 0.03711759952045737 9.68
969 0.03645401673947433 9.69
970 0.03679757522551771 9.700000000000001
971 0.03699684022015254 9.710000000000001
972 0.03824853537801116 9.720000000000001
973 0.03924907408695951 9.73
974 0.03922759874360893 9.74
975 0.03987149691477068 9.75
976 0.0391163578092492 9.76
977 0.04030157839890834 9.77
978 0.04057009030558544 9.779999999999999
979 0.04163542114645428 9.790000000000001
980 0.04235251317774846 9.800000000000001
981 0.04201247717163899 9.81
982 0.04254420740259311 9.82
983 0.04348570559093769 9.83
984 0.0441781151875438 9.84
985 0.04396728904509097 9.85
986 0.04546470123551411 9.859999999999999
987 0.04426724978149452 9.870000000000001
988 0.04474973651315249 9.880000000000001
989 0.04464445487459835 9.890000000000001
990 0.04540684858287025 9.9
991 0.04658885776990548 9.91
992 0.04691672790658809 9.92
993 0.04745267312114583 9.93
994 0.04740348221754456 9.94
995 0.04871318908988222 9.950000000000001
996 0.04878939659717848 9.960000000000001
997 0.05037631892103243 9.970000000000001
998 0.05004817033422223 9.98
999 0.04968604073796572 9.99
1000 0.05048766029466404 10
