"cd-rfile"
"Time Step" "cd etc.."
("Time Step" "cd" "flow-time")
0 0 0
1 202.9004698429008 0.01
2 5.286704099165764 0.02
3 1.133978708260254 0.03
4 1.221123872764522 0.04
5 1.418148318440489 0.05
6 1.633836522731664 0.06
7 1.770126797030038 0.07000000000000001
8 1.924260275677004 0.08
9 2.047345186893745 0.09
10 2.085823034268425 0.1
11 2.22281773451106 0.11
12 2.396885000162623 0.12
13 2.504248946834045 0.13
14 2.502381439127639 0.14
15 2.484092960979269 0.15
16 2.524311114725571 0.16
17 2.60187311780113 0.17
18 2.626146691220965 0.18
19 2.742849089580873 0.19
20 2.834206777168356 0.2
21 2.84276513759215 0.21
22 2.839989945111177 0.22
23 2.822772919501601 0.23
24 2.875770676091711 0.24
25 2.88751943465258 0.25
26 2.87717304726911 0.26
27 2.899739602169217 0.27
28 2.931665448616134 0.28
29 2.942129243469264 0.29
30 3.017984251735633 0.3
31 2.978304328607718 0.31
32 3.007470144966697 0.32
33 3.002284724838875 0.33
34 2.953013285924829 0.34
35 2.938732637515276 0.35
36 2.949804223690601 0.36
37 2.894879389451889 0.37
38 2.924028919977675 0.38
39 2.950334219581838 0.39
40 3.001037356032215 0.4
41 2.989231170890796 0.41
42 2.969262539874574 0.42
43 2.917614571256989 0.43
44 2.859893946276797 0.44
45 2.808917788166243 0.45
46 2.767187325273346 0.46
47 2.744562679548017 0.47
48 2.783585419141477 0.48
49 2.668812149378399 0.49
50 2.687486909428857 0.5
51 2.641685271586459 0.51
52 2.573537903520398 0.52
53 2.576506231978141 0.53
54 2.54732921490649 0.54
55 2.525976533873309 0.55
56 2.492154927093101 0.5600000000000001
57 2.47837868420892 0.5700000000000001
58 2.477934326871138 0.58
59 2.516765689365756 0.59
60 2.404608438306173 0.6
61 2.374454476019345 0.61
62 2.339431583144731 0.62
63 2.342900311775969 0.63
64 2.296418118817101 0.64
65 2.272897599594332 0.65
66 2.299242094168928 0.66
67 2.284542409855943 0.67
68 2.187819051369605 0.68
69 2.159870365965073 0.6900000000000001
70 2.180031559211713 0.7000000000000001
71 2.24847199858762 0.71
72 2.258180450250096 0.72
73 2.261080059655978 0.73
74 2.250250063693236 0.74
75 2.165009494169681 0.75
76 2.139712289753774 0.76
77 2.138513035727766 0.77
78 2.076480996433693 0.78
79 2.06095717019255 0.79
80 2.095803605956549 0.8
81 2.085403549433975 0.8100000000000001
82 2.137769970449438 0.8200000000000001
83 2.1083835294699 0.8300000000000001
84 2.115225997473581 0.84
85 2.082982516210913 0.85
86 2.036103441648721 0.86
87 1.972140974341372 0.87
88 1.96679938011298 0.88
89 1.958469081229745 0.89
90 1.963588326161247 0.9
91 1.940895938127724 0.91
92 1.95180682432403 0.92
93 1.982350704444492 0.93
94 1.939475770434029 0.9400000000000001
95 1.927882148048291 0.9500000000000001
96 1.895226364043335 0.96
97 1.859799635209415 0.97
98 1.817051756097613 0.98
99 1.81132035278504 0.99
100 1.763134061369974 1
101 1.720390612250886 1.01
102 1.727161386152671 1.02
103 1.739204830770231 1.03
104 1.718940658169386 1.04
105 1.683139230065224 1.05
106 1.6799812344349 1.06
107 1.649942484287715 1.07
108 1.633704789401374 1.08
109 1.593959756518349 1.09
110 1.573911897315352 1.1
111 1.540795872668918 1.11
112 1.512237112697518 1.12
113 1.500767856863591 1.13
114 1.480693337223871 1.14
115 1.448867861312005 1.15
116 1.434481335659311 1.16
117 1.43882485091282 1.17
118 1.402769842843958 1.18
119 1.393653402447832 1.19
120 1.41409379118415 1.2
121 1.393152676438511 1.21
122 1.346347021214777 1.22
123 1.30929665541935 1.23
124 1.290750916639264 1.24
125 1.23950249339712 1.25
126 1.230399420551027 1.26
127 1.241034236072976 1.27
128 1.236301474600419 1.28
129 1.187607110201676 1.29
130 1.223030760743366 1.3
131 1.200682376544506 1.31
132 1.149180402151702 1.32
133 1.106754771771389 1.33
134 1.082515371489154 1.34
135 1.145306880737272 1.35
136 1.135665455706989 1.36
137 1.105240850455029 1.37
138 1.10385653911688 1.38
139 1.06825389386635 1.39
140 1.051950200810684 1.4
141 1.042508987829185 1.41
142 1.037388581324886 1.42
143 1.026695357094203 1.43
144 1.017247383975646 1.44
145 1.000470140057841 1.45
146 1.00217144732337 1.46
147 0.9749140240113823 1.47
148 0.9648057487509483 1.48
149 0.9668443046486198 1.49
150 0.9403222842758515 1.5
151 0.9419985914602648 1.51
152 0.9204738395224283 1.52
153 0.9424051722840558 1.53
154 0.9468731102880955 1.54
155 0.9485234001404524 1.55
156 0.9390812177160768 1.56
157 0.9340642849910494 1.57
158 0.9199018409478802 1.58
159 0.9006613819276442 1.59
160 0.9033709501258134 1.6
161 0.8977862366962492 1.61
162 0.8825339529439343 1.62
163 0.8750314641364926 1.63
164 0.893329431598882 1.64
165 0.8699765249608949 1.65
166 0.8628116686016609 1.66
167 0.8546503491737901 1.67
168 0.8655488859929388 1.68
169 0.8346739679873137 1.69
170 0.8206561236808256 1.7
171 0.84148597147405 1.71
172 0.8205023707639233 1.72
173 0.79502278014728 1.73
174 0.8174936200781581 1.74
175 0.8014261240088029 1.75
176 0.7747750694120771 1.76
177 0.7773422390630458 1.77
178 0.7897174199494094 1.78
179 0.7766251608650161 1.79
180 0.7664202187855266 1.8
181 0.7624396075759696 1.81
182 0.7717239024133749 1.82
183 0.7419475194817033 1.83
184 0.7519748510065175 1.84
185 0.7584662638243944 1.85
186 0.7226908899443288 1.86
187 0.7000173970070964 1.87
188 0.7025099281275197 1.88
189 0.702758402250488 1.89
190 0.6939731628594389 1.9
191 0.682332078230713 1.91
192 0.6916287001791804 1.92
193 0.6779980860133163 1.93
194 0.6585022305074273 1.94
195 0.6534395977037889 1.95
196 0.6522392432981757 1.96
197 0.6356027002555759 1.97
198 0.636710291565475 1.98
199 0.6210043987708723 1.99
200 0.6260852271725359 2
201 0.6053817610630567 2.01
202 0.5993602964347716 2.02
203 0.6000534300323989 2.03
204 0.5827931865629017 2.04
205 0.5731924001340362 2.05
206 0.5731340502197241 2.06
207 0.5822709536717547 2.07
208 0.5542661518419163 2.08
209 0.5465261552387365 2.09
210 0.5301582608036239 2.1
211 0.5380972501792177 2.11
212 0.5438035011623621 2.12
213 0.5406484817352872 2.13
214 0.5178906309637421 2.14
215 0.5100168852596393 2.15
216 0.516275185684302 2.16
217 0.508237130320262 2.17
218 0.51505789536909 2.18
219 0.4926247114569485 2.19
220 0.4720318463431851 2.2
221 0.4764781022410075 2.21
222 0.4664443460482529 2.22
223 0.4697673163953531 2.23
224 0.4782510702544099 2.24
225 0.4745001931037638 2.25
226 0.4590216444061357 2.26
227 0.4563170028504198 2.27
228 0.4525205723791768 2.28
229 0.4487406511720997 2.29
230 0.4465878791857013 2.3
231 0.4209161079521765 2.31
232 0.4388273227858085 2.32
233 0.4495685988098082 2.33
234 0.4529753045529291 2.34
235 0.4537252177710503 2.35
236 0.4571915464745676 2.36
237 0.4448238261609991 2.37
238 0.4488274033533497 2.38
239 0.4654030825257858 2.39
240 0.4645054104261476 2.4
241 0.4725276437675396 2.41
242 0.4721725404948176 2.42
243 0.4789501053019869 2.43
244 0.4734306087803884 2.44
245 0.4916100334739711 2.45
246 0.5029200078619086 2.46
247 0.5035913227308018 2.47
248 0.5354306497482919 2.48
249 0.5517387948616621 2.49
250 0.5575516710377734 2.5
251 0.5608538235662759 2.51
252 0.571279603884927 2.52
253 0.5784765311207952 2.53
254 0.6074063167588667 2.54
255 0.6230537596470581 2.55
256 0.6293969199570082 2.56
257 0.6495190328961453 2.57
258 0.6678925217724501 2.58
259 0.690616990053688 2.59
260 0.6977788919084164 2.6
261 0.716725431575434 2.61
262 0.7280424429367477 2.62
263 0.7514442993932139 2.63
264 0.7700011803338657 2.64
265 0.7658112276722085 2.65
266 0.8004952144563171 2.66
267 0.8281701620590962 2.67
268 0.8505660619821844 2.68
269 0.8598832587905154 2.69
270 0.8647482203328434 2.7
271 0.8720593725794576 2.71
272 0.8889492328243763 2.72
273 0.8983143241589207 2.73
274 0.9351382556226512 2.74
275 0.959371035927675 2.75
276 0.9572033739718592 2.76
277 0.9696176341523148 2.77
278 0.9628571453051745 2.78
279 0.9874889765173716 2.79
280 1.008121275766191 2.8
281 1.029897958761968 2.81
282 1.053561650858293 2.82
283 1.056615146177994 2.83
284 1.079015092449635 2.84
285 1.082538957642724 2.85
286 1.089686724061105 2.86
287 1.112000218684171 2.87
288 1.128775021538655 2.88
289 1.129731432880523 2.89
290 1.144618417904037 2.9
291 1.164409502043215 2.91
292 1.184115471575552 2.92
293 1.194956978138937 2.93
294 1.203036409404584 2.94
295 1.204481776624987 2.95
296 1.214147961432961 2.96
297 1.248087306128828 2.97
298 1.262135225488023 2.98
299 1.297502283648389 2.99
300 1.195473325528108 3
301 1.226191817580187 3.01
302 1.276374732095017 3.02
303 1.307573598250363 3.03
304 1.35554335120584 3.04
305 1.364944165189035 3.05
306 1.337795277856408 3.06
307 1.398962737275212 3.07
308 1.395823003389177 3.08
309 1.338918561928565 3.09
310 1.32456451652123 3.1
311 1.365635427765526 3.11
312 1.405182220510554 3.12
313 1.431912693067831 3.13
314 1.460228334319727 3.14
315 1.465569684453061 3.15
316 1.424869222915711 3.16
317 1.406895575162514 3.17
318 1.424146126337934 3.18
319 1.453101920777834 3.19
320 1.461145785827841 3.2
321 1.479990054461914 3.21
322 1.527348462191561 3.22
323 1.566334211676728 3.23
324 1.552708930376484 3.24
325 1.547425575607975 3.25
326 1.556296699351958 3.26
327 1.532508688939147 3.27
328 1.5583109945329 3.28
329 1.555570405066459 3.29
330 1.597161853310549 3.3
331 1.603340991024321 3.31
332 1.639322439054681 3.32
333 1.62109317065109 3.33
334 1.611899379486436 3.34
335 1.649598150765827 3.35
336 1.67329611697366 3.36
337 1.745284210816347 3.37
338 1.755712376472559 3.38
339 1.777677631354007 3.39
340 1.819898731455301 3.4
341 1.83226591805589 3.41
342 1.822195265009624 3.42
343 1.837316514073922 3.43
344 1.875327230315735 3.44
345 1.8905391306318 3.45
346 1.914912059852703 3.46
347 1.925904567626586 3.47
348 1.963464758653844 3.48
349 1.983771743552688 3.49
350 2.01854688673531 3.5
351 2.046504566544845 3.51
352 2.066420089820875 3.52
353 2.070387506983455 3.53
354 2.104743988142867 3.54
355 2.122487555522674 3.55
356 2.129513650243677 3.56
357 2.182799313453205 3.57
358 2.207651304718248 3.58
359 2.235478164450969 3.59
360 2.274888364631884 3.6
361 2.310920228379788 3.61
362 2.355485722049763 3.62
363 2.391606175832601 3.63
364 2.441737654506473 3.64
365 2.458214743608302 3.65
366 2.474848909264196 3.66
367 2.537665437485697 3.67
368 2.604854457842457 3.68
369 2.615492122405299 3.69
370 2.641301431291602 3.7
371 2.698825213213796 3.71
372 2.725758514600019 3.72
373 2.744422011430437 3.73
374 2.801792907368553 3.74
375 2.841864438822544 3.75
376 2.83734957902795 3.76
377 2.860148104003577 3.77
378 2.859216479355464 3.78
379 2.937642182427484 3.79
380 2.951575616492594 3.8
381 2.934333879516348 3.81
382 2.958775143048037 3.82
383 2.974478964181143 3.83
384 2.954970308146681 3.84
385 2.959367271146859 3.85
386 2.990308631733303 3.86
387 3.005916091064374 3.87
388 3.004424532868537 3.88
389 2.989527520882064 3.89
390 2.992716413196328 3.9
391 2.967933100567717 3.91
392 2.976292095160707 3.92
393 2.994029007258704 3.93
394 2.995389163038156 3.94
395 2.991630900992634 3.95
396 2.99668674249655 3.96
397 2.98929315129655 3.97
398 2.983581771343253 3.98
399 2.999432185832483 3.99
400 2.984335929737122 4
401 2.957442746036339 4.01
402 2.982620372265953 4.02
403 2.917757135154163 4.03
404 2.992294799354603 4.04
405 2.943564527235272 4.05
406 2.951072755146754 4.06
407 2.943051346780321 4.07
408 2.925702010697645 4.08
409 2.924107406062834 4.09
410 2.919566009075287 4.1
411 2.929079250950703 4.11
412 2.851220777086727 4.12
413 2.812713318433157 4.13
414 2.818699950614836 4.14
415 2.827694989026739 4.15
416 2.849164987436999 4.16
417 2.82762092544413 4.17
418 2.820818985821115 4.18
419 2.825520384057789 4.19
420 2.815260501131103 4.2
421 2.791817679608383 4.21
422 2.864054671794025 4.22
423 2.864571555671338 4.23
424 2.843158044327667 4.24
425 2.82559862597333 4.25
426 2.821436451450035 4.26
427 2.806711246740655 4.27
428 2.800030898917206 4.28
429 2.816398989763902 4.29
430 2.816354732954494 4.3
431 2.817312560052477 4.31
432 2.838974715166049 4.32
433 2.882206225637245 4.33
434 2.86764895252052 4.34
435 2.877183305679162 4.350000000000001
436 2.908214249156773 4.36
437 2.913231826302796 4.37
438 2.913745158451686 4.38
439 2.936786749624885 4.39
440 2.982970249924788 4.4
441 2.939580542204761 4.41
442 2.959012710306368 4.42
443 3.01274161516459 4.43
444 3.03019932337606 4.44
445 3.054887288921256 4.45
446 3.129206426482418 4.46
447 3.157800975366076 4.47
448 3.166255338617508 4.48
449 3.178588293745928 4.49
450 3.22683552744162 4.5
451 3.258151669181453 4.51
452 3.27833181293407 4.52
453 3.293998701429765 4.53
454 3.355353220691852 4.54
455 3.439143456037765 4.55
456 3.440425728223017 4.56
457 3.461529545489304 4.57
458 3.530614099144195 4.58
459 3.559074248352338 4.59
460 3.413010869370261 4.600000000000001
461 3.542251198777325 4.61
462 3.655469673154335 4.62
463 3.702532074610858 4.63
464 3.66058523218697 4.64
465 3.69762953056514 4.65
466 3.816837828721108 4.66
467 3.829164821791509 4.67
468 3.769143977180217 4.68
469 3.853916437010947 4.69
470 3.951051512552037 4.7
471 3.915001259834312 4.71
472 3.930359758535038 4.72
473 3.968221022576133 4.73
474 4.052821099648772 4.74
475 4.022465139407669 4.75
476 4.056555899284168 4.76
477 4.126947177229769 4.77
478 4.121751629222032 4.78
479 4.132735711639633 4.79
480 4.271976319155856 4.8
481 4.278587021826167 4.81
482 4.270802969321086 4.82
483 4.275006302660727 4.83
484 4.26053734126162 4.84
485 4.306107908825132 4.850000000000001
486 4.347085040680782 4.86
487 4.405266948846592 4.87
488 4.417574289075217 4.88
489 4.405820559276718 4.89
490 4.464075314431185 4.9
491 4.485650780015116 4.91
492 4.497600253296744 4.92
493 4.516835005514413 4.93
494 4.537245594231706 4.94
495 4.594557811965459 4.95
496 4.647451200240886 4.96
497 4.708645008178938 4.97
498 4.691433361733391 4.98
499 4.713685902057426 4.99
500 4.798126039558148 5
501 4.868755843400577 5.01
502 4.883097288168048 5.02
503 4.880462830187482 5.03
504 4.92848726619782 5.04
505 4.955933296409957 5.05
506 4.933088975691605 5.06
507 4.944265354914346 5.07
508 4.970331797353641 5.08
509 5.009178559939132 5.09
510 5.063235432287652 5.100000000000001
511 5.116645202025917 5.11
512 5.110381325649167 5.12
513 5.11056082049788 5.13
514 5.045956633810315 5.14
515 5.027867214086078 5.15
516 5.003175904378994 5.16
517 4.995842108897913 5.17
518 5.009450328935374 5.18
519 5.013552889339294 5.19
520 4.941465267200066 5.2
521 4.893473489722497 5.21
522 4.82367035078571 5.22
523 4.809321153826208 5.23
524 4.753727717921036 5.24
525 4.716917825198521 5.25
526 4.678336382257706 5.26
527 4.638164205637267 5.27
528 4.586852268462242 5.28
529 4.486097429935001 5.29
530 4.421355120368898 5.3
531 4.347802840560445 5.31
532 4.244865868696785 5.32
533 4.186316191424406 5.33
534 4.119634624719496 5.34
535 4.048364703681568 5.350000000000001
536 4.024063322613966 5.36
537 4.017852627961856 5.37
538 4.002292726626092 5.38
539 3.897777470860923 5.39
540 3.782827976584212 5.4
541 3.6794249595394 5.41
542 3.621743633876277 5.42
543 3.588413907387124 5.43
544 3.537937487395882 5.44
545 3.474040266454683 5.45
546 3.430963321242766 5.46
547 3.380130630671746 5.47
548 3.31549429846809 5.48
549 3.208198211454015 5.49
550 3.164926257345031 5.5
551 3.176710441753846 5.51
552 3.144467148238955 5.52
553 3.090758650193121 5.53
554 3.040942169516846 5.54
555 2.956933627772966 5.55
556 2.883566022527451 5.56
557 2.840690060645899 5.57
558 2.818925643184992 5.58
559 2.774335722426301 5.59
560 2.729167024206842 5.600000000000001
561 2.725983761999337 5.61
562 2.747319956711789 5.62
563 2.7219644239231 5.63
564 2.712989456017056 5.64
565 2.684769546269654 5.65
566 2.614781732924769 5.66
567 2.624260836291981 5.67
568 2.557936912410821 5.68
569 2.574635076744945 5.69
570 2.560479176051559 5.7
571 2.537890994619034 5.71
572 2.543934997554492 5.72
573 2.573342615202591 5.73
574 2.527293144386234 5.74
575 2.491780833486616 5.75
576 2.443418541615339 5.76
577 2.404092533263366 5.77
578 2.421124404066185 5.78
579 2.439881048462304 5.79
580 2.454007822391246 5.8
581 2.504545563817407 5.81
582 2.546115741201041 5.82
583 2.53253115335442 5.83
584 2.459213364957128 5.84
585 2.400543782111267 5.850000000000001
586 2.422932309493538 5.86
587 2.402988873494955 5.87
588 2.397326531703685 5.88
589 2.426114673197615 5.89
590 2.465447180229986 5.9
591 2.463703799426586 5.91
592 2.453932815764573 5.92
593 2.45135242097882 5.93
594 2.365749191478255 5.94
595 2.354906062041947 5.95
596 2.300257690968524 5.96
597 2.334564582669334 5.97
598 2.337790025790208 5.98
599 2.326797983407367 5.99
600 2.341418086576299 6
601 2.339773864700407 6.01
602 2.327079645227889 6.02
603 2.299700927848924 6.03
604 2.248697426032684 6.04
605 2.180164480188263 6.05
606 2.134814003312748 6.06
607 2.111783240829715 6.07
608 2.128393266096926 6.08
609 2.081908858479592 6.09
610 2.098362230876014 6.100000000000001
611 2.107193155500693 6.11
612 2.104061092862473 6.12
613 2.054740225043636 6.13
614 2.00682089773793 6.140000000000001
615 1.943085631537383 6.15
616 1.904504062553281 6.16
617 1.86617740861251 6.17
618 1.858928478478065 6.18
619 1.853759199811102 6.19
620 1.824712573510256 6.2
621 1.811085673084617 6.21
622 1.821665932707299 6.22
623 1.806759457839115 6.23
624 1.768461099826031 6.24
625 1.72738784564886 6.25
626 1.680481206932485 6.26
627 1.635835811788011 6.27
628 1.624881475927556 6.28
629 1.654483362484428 6.29
630 1.644085565147355 6.3
631 1.666584863322878 6.31
632 1.674922506679499 6.32
633 1.659008895962392 6.33
634 1.567350323704064 6.34
635 1.527884751076643 6.350000000000001
636 1.519084448265571 6.36
637 1.499862702518217 6.37
638 1.452403972647434 6.38
639 1.449027290532276 6.390000000000001
640 1.479730781232235 6.4
641 1.468003993507594 6.41
642 1.473257872110854 6.42
643 1.485004051541319 6.43
644 1.438394692725725 6.44
645 1.386292960053671 6.45
646 1.378765729945403 6.46
647 1.38318063471215 6.47
648 1.361562466114191 6.48
649 1.309703964096262 6.49
650 1.310595442999563 6.5
651 1.314833532600752 6.51
652 1.30193356586072 6.52
653 1.27301104022177 6.53
654 1.257361745502442 6.54
655 1.276412181916735 6.55
656 1.252389627054968 6.56
657 1.251190476985552 6.57
658 1.236423194199285 6.58
659 1.227808474268949 6.59
660 1.190359308693253 6.600000000000001
661 1.158469202915243 6.61
662 1.154764756109266 6.62
663 1.134980871625436 6.63
664 1.126213539077725 6.640000000000001
665 1.11230315076919 6.65
666 1.074165762115245 6.66
667 1.081400411210914 6.67
668 1.070408981850622 6.68
669 1.033076215499301 6.69
670 1.032315116030747 6.7
671 1.043194219537847 6.71
672 1.02883865153426 6.72
673 1.001238912072232 6.73
674 1.010611995874364 6.74
675 0.986481930284892 6.75
676 0.9690503040013545 6.76
677 0.9403388118298787 6.77
678 0.93140997216527 6.78
679 0.913801941054435 6.79
680 0.9090374076443928 6.8
681 0.8837331410180046 6.81
682 0.8858594714584307 6.82
683 0.9004017266921681 6.83
684 0.8657971258570497 6.84
685 0.8740519007369977 6.850000000000001
686 0.8046364821062543 6.86
687 0.8219081550179143 6.87
688 0.762481367766681 6.88
689 0.7957180125780375 6.890000000000001
690 0.798759760853698 6.9
691 0.8288725995138355 6.91
692 0.8504056389164248 6.92
693 0.8388873960127329 6.93
694 0.8195152137353507 6.94
695 0.7350335408260756 6.95
696 0.7653482920623966 6.96
697 0.7505344404986505 6.97
698 0.76515698699431 6.98
699 0.7674448679176659 6.99
700 0.7538289932166614 7
701 0.7246665903201536 7.01
702 0.7137841474669149 7.02
703 0.7148587238845052 7.03
704 0.7080569619555934 7.04
705 0.7228035619394948 7.05
706 0.7059559576593001 7.06
707 0.6889021078012988 7.07
708 0.6767459161279736 7.08
709 0.6838610030958661 7.09
710 0.6895773753165506 7.100000000000001
711 0.6929198324884263 7.11
712 0.672633524595551 7.12
713 0.6663458804280801 7.13
714 0.6666505089412204 7.140000000000001
715 0.6715140837564526 7.15
716 0.6618417341187273 7.16
717 0.6548943718858695 7.17
718 0.6649867699082028 7.18
719 0.6585935738104559 7.19
720 0.6579342785690201 7.2
721 0.6549653057199069 7.21
722 0.6527059441112405 7.22
723 0.6605111616019071 7.23
724 0.6462374464208778 7.24
725 0.6236464329758685 7.25
726 0.634122923113557 7.26
727 0.6403475515776783 7.27
728 0.6278540151164536 7.28
729 0.6105272257748213 7.29
730 0.6092213615728949 7.3
731 0.6145489830598816 7.31
732 0.608388721995487 7.32
733 0.6033360366954045 7.33
734 0.6327118158185047 7.34
735 0.6150422304147464 7.350000000000001
736 0.6138095374526009 7.36
737 0.6042380367021576 7.37
738 0.608263216440418 7.38
739 0.6126918170356866 7.390000000000001
740 0.6078836633198246 7.4
741 0.6117474325339063 7.41
742 0.6029422411328322 7.42
743 0.6196393684901712 7.43
744 0.6263913968232063 7.44
745 0.6172988582744375 7.45
746 0.6117875021098207 7.46
747 0.5993277983877047 7.47
748 0.5993753533597255 7.48
749 0.6200078896446714 7.49
750 0.6172318246398826 7.5
751 0.6102121171670983 7.51
752 0.6196300956116617 7.52
753 0.6317848867565982 7.53
754 0.6385928320828885 7.54
755 0.62940396317726 7.55
756 0.6351156418525739 7.56
757 0.6224177918919861 7.57
758 0.6374746193129294 7.58
759 0.6385656726534449 7.59
760 0.6454780040816634 7.600000000000001
761 0.6504796749355292 7.61
762 0.6649720697818408 7.62
763 0.6605411792837766 7.63
764 0.6579184041593474 7.640000000000001
765 0.672522254697825 7.65
766 0.6756724272855104 7.66
767 0.687442217604377 7.67
768 0.6872951220423533 7.68
769 0.6898492573233753 7.69
770 0.7013567509263111 7.7
771 0.7094190121207736 7.71
772 0.7250239730478562 7.72
773 0.7318047236564967 7.73
774 0.7378170038055366 7.74
775 0.7496990796704633 7.75
776 0.7615387593998597 7.76
777 0.7714892235876197 7.77
778 0.7839786939473128 7.78
779 0.786743507298904 7.79
780 0.7896587093805787 7.8
781 0.7758892587904364 7.81
782 0.8152604589237595 7.82
783 0.8389939278337657 7.83
784 0.8527081175567387 7.84
785 0.8561393638042122 7.850000000000001
786 0.8498516096208887 7.86
787 0.8688365552222997 7.87
788 0.884096065627044 7.88
789 0.8816268556878338 7.890000000000001
790 0.9032720415260364 7.9
791 0.9231585016212327 7.91
792 0.9224213607630558 7.92
793 0.9344938825433344 7.930000000000001
794 0.9482143099108785 7.94
795 0.9627110923093659 7.95
796 0.9903192078139965 7.96
797 0.9983252018751368 7.97
798 0.9968327284078217 7.98
799 1.000582269166852 7.99
800 0.9574594626285524 8
801 0.991306397546808 8.01
802 1.044081807727459 8.02
803 1.044948259776856 8.029999999999999
804 1.064578650885542 8.040000000000001
805 1.088267543807057 8.050000000000001
806 1.099277957044099 8.06
807 1.096465345262615 8.07
808 1.116782406055114 8.08
809 1.142806112757416 8.09
810 1.116089249782201 8.1
811 1.110531963354638 8.109999999999999
812 1.184386302977601 8.120000000000001
813 1.176374405589468 8.130000000000001
814 1.183854730013341 8.140000000000001
815 1.178256277371609 8.15
816 1.20969423843013 8.16
817 1.22716919911804 8.17
818 1.230402534748073 8.18
819 1.235234688696842 8.19
820 1.262116877685536 8.199999999999999
821 1.25861874857296 8.210000000000001
822 1.264027800093941 8.220000000000001
823 1.245162833747686 8.23
824 1.250679066518742 8.24
825 1.267731195068748 8.25
826 1.27623787626627 8.26
827 1.290821699619191 8.27
828 1.29765150036944 8.279999999999999
829 1.304745702024679 8.290000000000001
830 1.323007011457352 8.300000000000001
831 1.336900892048224 8.31
832 1.340527872310081 8.32
833 1.350541240433025 8.33
834 1.374385615230198 8.34
835 1.368375271549255 8.35
836 1.360640322264987 8.359999999999999
837 1.377330243634887 8.370000000000001
838 1.387453240595114 8.380000000000001
839 1.392082688093867 8.390000000000001
840 1.416611337891499 8.4
841 1.443436496543727 8.41
842 1.448037805134857 8.42
843 1.450868634072969 8.43
844 1.449905397560692 8.44
845 1.453778924763679 8.449999999999999
846 1.444162347455688 8.460000000000001
847 1.452422394925168 8.470000000000001
848 1.47991553176772 8.48
849 1.48648722446149 8.49
850 1.484476426630677 8.5
851 1.495019298739684 8.51
852 1.518315676426336 8.52
853 1.517004181987961 8.529999999999999
854 1.541361157405205 8.540000000000001
855 1.5703141327812 8.550000000000001
856 1.577806121779302 8.56
857 1.582938113439122 8.57
858 1.594583136897755 8.58
859 1.633374523455077 8.59
860 1.595516015475084 8.6
861 1.607338582308058 8.609999999999999
862 1.647754386377539 8.620000000000001
863 1.635352058380559 8.630000000000001
864 1.663415621078237 8.640000000000001
865 1.713759447273984 8.65
866 1.732408600386969 8.66
867 1.76365653982421 8.67
868 1.760870644325417 8.68
869 1.855038440796261 8.69
870 1.822515911846728 8.700000000000001
871 1.840576348247849 8.710000000000001
872 1.878932712562503 8.720000000000001
873 1.917405736288238 8.73
874 1.940811855920197 8.74
875 1.919409721826463 8.75
876 1.921391462929202 8.76
877 1.967633207436198 8.77
878 2.027845281852327 8.779999999999999
879 2.027408983285916 8.790000000000001
880 2.13756795899273 8.800000000000001
881 2.135820859505975 8.81
882 2.098832620123699 8.82
883 2.098065377811061 8.83
884 2.114582242140596 8.84
885 2.165751920670798 8.85
886 2.176467933234368 8.859999999999999
887 2.201986917170139 8.870000000000001
888 2.213384189211471 8.880000000000001
889 2.214909730823472 8.890000000000001
890 2.260498034610536 8.9
891 2.279350273387112 8.91
892 2.296836753257046 8.92
893 2.320808179486829 8.93
894 2.332012763488208 8.94
895 2.361139750171538 8.950000000000001
896 2.350918534584181 8.960000000000001
897 2.369074466114225 8.970000000000001
898 2.373735669621705 8.98
899 2.402253759565228 8.99
900 2.430370764644772 9
901 2.403650425381727 9.01
902 2.450693621656304 9.02
903 2.440476871679751 9.029999999999999
904 2.463013188558099 9.040000000000001
905 2.46465499301512 9.050000000000001
906 2.447645136560246 9.06
907 2.43622655931609 9.07
908 2.461684072479271 9.08
909 2.480736805211309 9.09
910 2.464361527189584 9.1
911 2.455548926917571 9.109999999999999
912 2.46930781842244 9.120000000000001
913 2.499048740527171 9.130000000000001
914 2.487901179809227 9.140000000000001
915 2.516272260598177 9.15
916 2.507862759544034 9.16
917 2.513990345201683 9.17
918 2.502288279759621 9.18
919 2.511436873719242 9.19
920 2.53226518290129 9.200000000000001
921 2.507102901498323 9.210000000000001
922 2.51984406307041 9.220000000000001
923 2.526102754283887 9.23
924 2.537402366188083 9.24
925 2.533708932612127 9.25
926 2.537067547895635 9.26
927 2.526759308921305 9.27
928 2.539809227739113 9.279999999999999
929 2.551802642859937 9.290000000000001
930 2.547471263370642 9.300000000000001
931 2.556018418009229 9.31
932 2.551241911327862 9.32
933 2.543189831249782 9.33
934 2.565470382448223 9.34
935 2.56894129010858 9.35
936 2.558058237526782 9.359999999999999
937 2.585359978838328 9.370000000000001
938 2.555964931369836 9.380000000000001
939 2.556614625091238 9.390000000000001
940 2.456541682170815 9.4
941 2.4722120237066 9.41
942 2.57155866353334 9.42
943 2.642338251390162 9.43
944 2.657686913312179 9.44
945 2.585508302304841 9.450000000000001
946 2.549777693926679 9.460000000000001
947 2.56683672238845 9.470000000000001
948 2.605000666297407 9.48
949 2.662273706671812 9.49
950 2.615478474609855 9.5
951 2.60657099072357 9.51
952 2.611237398435566 9.52
953 2.641430016002756 9.529999999999999
954 2.602553363428759 9.540000000000001
955 2.670548636312124 9.550000000000001
956 2.661637817460339 9.56
957 2.621962808131828 9.57
958 2.661140550381394 9.58
959 2.665159045045245 9.59
960 2.756416075222254 9.6
961 2.767719377289137 9.609999999999999
962 2.657195633506472 9.620000000000001
963 2.708540528730206 9.630000000000001
964 2.618524052911803 9.640000000000001
965 2.742706401385016 9.65
966 2.721890602556349 9.66
967 2.79089675038678 9.67
968 2.723190097027262 9.68
969 2.777204767099269 9.69
970 2.725473057541099 9.700000000000001
971 2.802998065235287 9.710000000000001
972 2.744804436418642 9.720000000000001
973 2.859248377984136 9.73
974 2.848599232854464 9.74
975 2.8220996355839 9.75
976 3.003669089287687 9.76
977 2.901401483385095 9.77
978 2.923446931793699 9.779999999999999
979 2.864226053170717 9.790000000000001
980 2.902017032433035 9.800000000000001
981 2.956258194965615 9.81
982 2.949388996422083 9.82
983 3.02988268409385 9.83
984 3.008200703352919 9.84
985 3.023365280222536 9.85
986 3.030104595513974 9.859999999999999
987 3.043554296321006 9.870000000000001
988 3.06800629694043 9.880000000000001
989 3.103010790163221 9.890000000000001
990 3.151472764769125 9.9
991 3.18828949193637 9.91
992 3.1845518035136 9.92
993 3.194615591020718 9.93
994 3.237925260944897 9.94
995 3.233323652408015 9.950000000000001
996 3.318763175123885 9.960000000000001
997 3.265549945336195 9.970000000000001
998 3.274954776907472 9.98
999 3.29581480990246 9.99
1000 3.269812573022847 10
1001 3.341118082172648 10.01
1002 3.361079789940294 10.02
1003 3.40909379800207 10.03
1004 3.442023452957048 10.04
1005 3.434756136734645 10.05
1006 3.458016621961401 10.06
1007 3.453419095291487 10.07
1008 3.467325312283861 10.08
1009 3.513143887335662 10.09
1010 3.556477600701937 10.1
1011 3.650789298724594 10.11
1012 3.553252967407495 10.12
1013 3.530465877449285 10.13
1014 3.611466810082431 10.14
1015 3.64289129816343 10.15
1016 3.638756871343918 10.16
1017 3.655802955816319 10.17
1018 3.709640889032198 10.18
1019 3.710699924023784 10.19
1020 3.784965820188353 10.2
1021 3.717955944711781 10.21
1022 3.781386630711582 10.22
1023 3.713782508884468 10.23
1024 3.801077358604133 10.24
1025 3.849458145558155 10.25
1026 3.825776419660472 10.26
1027 3.806999251248087 10.27
1028 3.832291214640346 10.28
1029 3.867019807681884 10.29
1030 3.847312677882772 10.3
1031 3.880876460221993 10.31
1032 3.894215951619818 10.32
1033 3.868278303168562 10.33
1034 3.877134539642376 10.34
1035 3.896768410951346 10.35
1036 3.89019814657096 10.36
1037 3.92931988108075 10.37
1038 3.958193340746686 10.38
1039 3.999697678957989 10.39
1040 3.957093446807302 10.4
1041 4.030013687061797 10.41
1042 4.062249417678044 10.42
1043 4.043999307389115 10.43
1044 4.032337945985586 10.44
1045 4.082305678365389 10.45
1046 4.086133650302274 10.46
1047 4.065751064180815 10.47
1048 4.154794992928112 10.48
1049 4.20649729311669 10.49
1050 4.19756003458454 10.5
1051 4.2093708736167 10.51
1052 4.254238602991371 10.52
1053 4.269354643056218 10.53
1054 4.268608914454827 10.54
1055 4.390636037471049 10.55
1056 4.357395715289883 10.56
1057 4.322612300302748 10.57
1058 4.323210788731686 10.58
1059 4.343214929881258 10.59
1060 4.332162603829388 10.6
1061 4.325103823347024 10.61
1062 4.304096276818716 10.62
1063 4.296154907959177 10.63
1064 4.268778532436479 10.64
1065 4.258378220076634 10.65
1066 4.219975119974627 10.66
1067 4.186048687536143 10.67
1068 4.121211140103306 10.68
1069 4.059712460546468 10.69
1070 4.02682189006529 10.7
1071 3.975793489140182 10.71
1072 3.928838722429683 10.72
1073 3.853281431081913 10.73
1074 3.856992493626477 10.74
1075 3.850992374862432 10.75
1076 3.777056093058927 10.76
1077 3.67851527306202 10.77
1078 3.605364107329657 10.78
1079 3.540263816669472 10.79
1080 3.502867977334872 10.8
1081 3.453084975934568 10.81
1082 3.415817397796272 10.82
1083 3.386466114524483 10.83
1084 3.326319490442173 10.84
1085 3.253049803012495 10.85
1086 3.227705788720212 10.86
1087 3.181780901282151 10.87
1088 3.133878976604386 10.88
1089 3.078541236023085 10.89
1090 3.087994926354864 10.9
1091 3.046516907043606 10.91
1092 2.990078785029896 10.92
1093 2.932856034554884 10.93
1094 2.900455622135333 10.94
1095 2.857242710667792 10.95
1096 2.815118464014472 10.96
1097 2.804469511712789 10.97
1098 2.813128166006612 10.98
1099 2.823966204637857 10.99
1100 2.817682753761598 11
1101 2.793425276681119 11.01
1102 2.754385948253913 11.02
1103 2.75302900034886 11.03
1104 2.750980939270718 11.04
1105 2.743045313779933 11.05
1106 2.696736777697407 11.06
1107 2.695573457693614 11.07
1108 2.705284753623328 11.08
1109 2.707405805712425 11.09
1110 2.712004207579697 11.1
1111 2.700155005540402 11.11
1112 2.651255465750138 11.12
1113 2.662834525782417 11.13
1114 2.681306351140564 11.14
1115 2.642596248279387 11.15
1116 2.647063867618441 11.16
1117 2.730251568875565 11.17
1118 2.734295571064011 11.18
1119 2.728103577820929 11.19
1120 2.700540196527857 11.2
1121 2.719698663104572 11.21
1122 2.672642071929817 11.22
1123 2.666332471962177 11.23
1124 2.699629574246163 11.24
1125 2.714404760517292 11.25
1126 2.69115594674093 11.26
1127 2.708842482629152 11.27
1128 2.746767005451454 11.28
1129 2.713418225271138 11.29
1130 2.674650660112577 11.3
1131 2.709807791177192 11.31
1132 2.682723545726307 11.32
1133 2.660185688758935 11.33
1134 2.643155504858331 11.34
1135 2.656744535654529 11.35
1136 2.65399263268119 11.36
1137 2.682893678181016 11.37
1138 2.705407823356401 11.38
1139 2.701903838795646 11.39
1140 2.634606963165228 11.4
1141 2.593112519067383 11.41
1142 2.57767861502387 11.42
1143 2.569869243223778 11.43
1144 2.542235393372041 11.44
1145 2.5733833418814 11.45
1146 2.576169019512639 11.46
1147 2.571247109856133 11.47
1148 2.576563973164774 11.48
1149 2.591669129446587 11.49
1150 2.580669214517065 11.5
1151 2.551905972498408 11.51
1152 2.504411323131389 11.52
1153 2.486446405760987 11.53
1154 2.488194143703967 11.54
1155 2.480107608553512 11.55
1156 2.484405401656556 11.56
1157 2.469082978009214 11.57
1158 2.49179067477725 11.58
1159 2.513957097958254 11.59
1160 2.513597164796266 11.6
1161 2.46766052626083 11.61
1162 2.430246190312014 11.62
1163 2.425415681984637 11.63
1164 2.449774705407715 11.64
1165 2.412011474575477 11.65
1166 2.413863456178462 11.66
1167 2.420816193447483 11.67
1168 2.427042517809331 11.68
1169 2.41582208294036 11.69
1170 2.431048338954714 11.7
1171 2.420051483198858 11.71
1172 2.403545783283031 11.72
1173 2.392514758377346 11.73
1174 2.404653195376645 11.74
1175 2.378517839054238 11.75
1176 2.349049625540331 11.76
1177 2.390572073564483 11.77
1178 2.38414864761171 11.78
1179 2.346937564935601 11.79
1180 2.353420124361282 11.8
1181 2.344681778107219 11.81
1182 2.372789707368831 11.82
1183 2.363944274909957 11.83
1184 2.374978684477523 11.84
1185 2.355345778870976 11.85
1186 2.335820398825304 11.86
1187 2.275123761438906 11.87
1188 2.333708370884276 11.88
1189 2.335848276099635 11.89
1190 2.301322651347858 11.9
1191 2.29612380072209 11.91
1192 2.290292134642271 11.92
1193 2.297111493850377 11.93
1194 2.301030458500664 11.94
1195 2.299738832934186 11.95
1196 2.290236658691643 11.96
1197 2.264019814995872 11.97
1198 2.248291704726729 11.98
1199 2.259393370717275 11.99
1200 2.248718657376556 12
1201 2.254738770019212 12.01
1202 2.232714379551721 12.02
1203 2.225300162640643 12.03
1204 2.229663231664911 12.04
1205 2.231314207093877 12.05
1206 2.213148170930071 12.06
1207 2.201745298654347 12.07
1208 2.19020308186857 12.08
1209 2.188753822516399 12.09
1210 2.192453069220632 12.1
1211 2.186996559709861 12.11
1212 2.154628166014031 12.12
1213 2.137814396205062 12.13
1214 2.14362418152981 12.14
1215 2.126999396079767 12.15
1216 2.12152996122836 12.16
1217 2.126418774662214 12.17
1218 2.116827633965125 12.18
1219 2.099860726831909 12.19
1220 2.091294399079598 12.2
1221 2.094924483618049 12.21
1222 2.085423033744505 12.22
1223 2.060728033066436 12.23
1224 2.06261512687052 12.24
1225 1.991165745152095 12.25
1226 2.061525969478348 12.26
1227 2.068367073766727 12.27
1228 2.029671033517626 12.28
1229 1.987547034840629 12.29
1230 2.016039399083124 12.3
1231 2.019675023674182 12.31
1232 1.950017644343192 12.32
1233 1.97114419681901 12.33
1234 1.9611445125722 12.34
1235 1.968255306920864 12.35
1236 1.915539868063499 12.36
1237 1.952920135431961 12.37
1238 1.945875903310584 12.38
1239 1.919109017527866 12.39
1240 1.896261649015144 12.4
1241 1.879592051720834 12.41
1242 1.879198376176743 12.42
1243 1.848703950327953 12.43
1244 1.855319099844445 12.44
1245 1.864381366234308 12.45
1246 1.864921169920954 12.46
1247 1.8195368136198 12.47
1248 1.798099523204608 12.48
1249 1.830736902294509 12.49
1250 1.84217677859126 12.5
1251 1.830352585201405 12.51
1252 1.805961709153113 12.52
1253 1.804193125633502 12.53
1254 1.791521634486658 12.54
1255 1.773777806232149 12.55
1256 1.786389067156878 12.56
1257 1.789695515473553 12.57
1258 1.782062578577806 12.58
1259 1.800961471719875 12.59
1260 1.784525213609524 12.6
1261 1.77364964669737 12.61
1262 1.768291996860566 12.62
1263 1.776278237234778 12.63
1264 1.776411736871287 12.64
1265 1.766363052381478 12.65
1266 1.783853023181158 12.66
1267 1.795208620609053 12.67
1268 1.783274460292115 12.68
1269 1.772420649246314 12.69
1270 1.768278129834975 12.7
1271 1.777833701740507 12.71
1272 1.780900375910367 12.72
1273 1.778513677771891 12.73
1274 1.787990858692051 12.74
1275 1.783446275609117 12.75
1276 1.774659634809451 12.76
1277 1.750969144050635 12.77
1278 1.762558802238366 12.78
1279 1.776479344983397 12.79
1280 1.757284992257216 12.8
1281 1.750037623593975 12.81
1282 1.773612154572369 12.82
1283 1.772356051494955 12.83
1284 1.763962226214383 12.84
1285 1.776811030317077 12.85
1286 1.780673955697794 12.86
1287 1.749942469689175 12.87
1288 1.760836508968163 12.88
1289 1.765040597235114 12.89
1290 1.773076277535223 12.9
1291 1.787468258584064 12.91
1292 1.770326541480145 12.92
1293 1.771239098284239 12.93
1294 1.750372061623036 12.94
1295 1.778828620898156 12.95
1296 1.776423320544275 12.96
1297 1.746251866033527 12.97
1298 1.746435272413024 12.98
1299 1.749785951890253 12.99
1300 1.766748827791561 13
1301 1.764739722599143 13.01
1302 1.747906368025823 13.02
1303 1.75288308715991 13.03
1304 1.732456058339654 13.04
1305 1.747737626091347 13.05
1306 1.722515182942011 13.06
1307 1.730200099476707 13.07
1308 1.734436170626448 13.08
1309 1.719126466785778 13.09
1310 1.7148650831536 13.1
1311 1.706206303711487 13.11
1312 1.709413347185076 13.12
1313 1.728302682766441 13.13
1314 1.73243350535155 13.14
1315 1.729243588072732 13.15
1316 1.726589828917131 13.16
1317 1.725873963941839 13.17
1318 1.708216909646666 13.18
1319 1.701616613944785 13.19
1320 1.686751494704537 13.2
1321 1.68099984525807 13.21
1322 1.658214333074992 13.22
1323 1.651739785293965 13.23
1324 1.624120770442877 13.24
1325 1.610362688325002 13.25
1326 1.601710454129917 13.26
1327 1.579984516487106 13.27
1328 1.551009174316191 13.28
1329 1.535866446582816 13.29
1330 1.51056474117527 13.3
1331 1.48700909826403 13.31
1332 1.471401742100726 13.32
1333 1.44517012265875 13.33
1334 1.420888344164183 13.34
1335 1.390141376241752 13.35
1336 1.376469362964693 13.36
1337 1.355614533727178 13.37
1338 1.332473145720275 13.38
1339 1.315594877160513 13.39
1340 1.29279972672329 13.4
1341 1.284065777132474 13.41
1342 1.250131219318656 13.42
1343 1.239077644697069 13.43
1344 1.237117553223355 13.44
1345 1.215216042885469 13.45
1346 1.226202899545791 13.46
1347 1.20866025502716 13.47
1348 1.204277776727515 13.48
1349 1.18124867735622 13.49
1350 1.181518020377224 13.5
1351 1.209326169572035 13.51
1352 1.215667520798371 13.52
1353 1.197721624700851 13.53
1354 1.193907498733455 13.54
1355 1.231209163298506 13.55
1356 1.233276740724653 13.56
1357 1.232775309152935 13.57
1358 1.250628115825738 13.58
1359 1.272197810112445 13.59
1360 1.267140999329094 13.6
1361 1.267909649347367 13.61
1362 1.24800755585916 13.62
1363 1.257134167399078 13.63
1364 1.280639766051432 13.64
1365 1.29949526070461 13.65
1366 1.310837403963971 13.66
1367 1.322000348806823 13.67
1368 1.3136704838567 13.68
1369 1.30279227639083 13.69
1370 1.33293553039755 13.7
1371 1.353051236051926 13.71
1372 1.374454902578442 13.72
1373 1.378003903492292 13.73
1374 1.387474077465723 13.74
1375 1.395638273367747 13.75
1376 1.396498770045979 13.76
1377 1.426796689903713 13.77
1378 1.452703202507831 13.78
1379 1.47177389389089 13.79
1380 1.452081026918252 13.8
1381 1.487585085210971 13.81
1382 1.487452464705291 13.82
1383 1.521515554161674 13.83
1384 1.503806449256234 13.84
1385 1.546871464399429 13.85
1386 1.578340629352459 13.86
1387 1.608266692697515 13.87
1388 1.611657214786665 13.88
1389 1.63368308520869 13.89
1390 1.630882047832927 13.9
1391 1.648717762716122 13.91
1392 1.681379136888334 13.92
1393 1.693891821193583 13.93
1394 1.698962027961268 13.94
1395 1.696845347436028 13.95
1396 1.751607805024742 13.96
1397 1.797248047825612 13.97
1398 1.781017044295285 13.98
1399 1.798289813764443 13.99
1400 1.844930569054604 14
1401 1.862458969190711 14.01
1402 1.860531756450083 14.02
1403 1.873259929097142 14.03
1404 1.897937078446989 14.04
1405 1.878874593952371 14.05
1406 1.89350914219726 14.06
1407 1.911182145464436 14.07
1408 1.906077089528124 14.08
1409 1.911792749433405 14.09
1410 1.933848204440243 14.1
1411 1.967296391246613 14.11
1412 1.949040977378442 14.12
1413 1.936060882980345 14.13
1414 1.947874987587766 14.14
1415 1.960042006823007 14.15
1416 1.969278968095534 14.16
1417 1.980064099205963 14.17
1418 1.99971481508304 14.18
1419 1.99346500688182 14.19
1420 1.981497050348235 14.2
1421 1.996970615479913 14.21
1422 1.979174995463774 14.22
1423 2.017280813182671 14.23
1424 1.996814189906821 14.24
1425 2.031903554954959 14.25
1426 2.038782172794658 14.26
1427 2.05802343547937 14.27
1428 2.065626298185305 14.28
1429 2.131432333851993 14.29
1430 2.08064687118356 14.3
1431 2.108177549879513 14.31
1432 2.085574211647193 14.32
1433 2.144888298064988 14.33
1434 2.155703746420095 14.34
1435 2.133108070836151 14.35
1436 2.134232329918751 14.36
1437 2.204335706400571 14.37
1438 2.182038584000174 14.38
1439 2.238840382320833 14.39
1440 2.132974175510992 14.4
1441 2.174602389916436 14.41
1442 2.285954097835031 14.42
1443 2.244956743929134 14.43
1444 2.218079843779248 14.44
1445 2.261947393626937 14.45
1446 2.30637528119813 14.46
1447 2.31009212650514 14.47
1448 2.303983619352076 14.48
1449 2.313276458250175 14.49
1450 2.333524891415906 14.5
1451 2.367140055511708 14.51
1452 2.39390529520889 14.52
1453 2.411751750597289 14.53
1454 2.42716623350971 14.54
1455 2.435920453565901 14.55
1456 2.430949335558662 14.56
1457 2.456556746714391 14.57
1458 2.426777535951355 14.58
1459 2.419197615517173 14.59
1460 2.574417116919749 14.6
1461 2.555006866648291 14.61
1462 2.575074674818672 14.62
1463 2.468186911568782 14.63
1464 2.525077967687235 14.64
1465 2.560374816327325 14.65
1466 2.497755329331184 14.66
1467 2.554974387385853 14.67
1468 2.596208601145068 14.68
1469 2.620846796097315 14.69
1470 2.584946175392006 14.7
1471 2.545795639585231 14.71
1472 2.609134387022809 14.72
1473 2.578451278560569 14.73
1474 2.674722450636165 14.74
1475 2.627002002293592 14.75
1476 2.666464835040842 14.76
1477 2.606991211632269 14.77
1478 2.665989158790141 14.78
1479 2.684684235297028 14.79
1480 2.692001889757643 14.8
1481 2.701521617537535 14.81
1482 2.719934359469887 14.82
1483 2.669996844984052 14.83
1484 2.716184390533361 14.84
1485 2.706595268522283 14.85
1486 2.776022027255079 14.86
1487 2.774401200929244 14.87
1488 2.737025197960433 14.88
1489 2.751766128067553 14.89
1490 2.773238719622374 14.9
1491 2.78931210706382 14.91
1492 2.770136049837764 14.92
1493 2.760493689043699 14.93
1494 2.789823042045522 14.94
1495 2.752142453557461 14.95
1496 2.801042276966464 14.96
1497 2.833436426193006 14.97
1498 2.831622567411142 14.98
1499 2.820836758175656 14.99
1500 2.87972849619275 15
1501 2.890616810105059 15.01
1502 2.885256823788254 15.02
1503 2.89726089871959 15.03
1504 2.928005530148313 15.04
1505 2.919805507124695 15.05
1506 2.952747280032255 15.06
1507 2.98256322952921 15.07
1508 2.986737197830999 15.08
1509 3.006212773756554 15.09
1510 3.030597418868198 15.1
1511 3.075533712582726 15.11
1512 3.075197841969782 15.12
1513 3.109610782836296 15.13
1514 3.134197229476225 15.14
1515 3.124818208149449 15.15
1516 3.13215280307815 15.16
1517 3.117489648475436 15.17
1518 3.158797408007445 15.18
1519 3.169904240741158 15.19
1520 3.152192398858385 15.2
1521 3.219639194409265 15.21
1522 3.221186744664299 15.22
1523 3.256043896103598 15.23
1524 3.333332381055144 15.24
1525 3.354260734114731 15.25
1526 3.323987575932924 15.26
1527 3.317138212143929 15.27
1528 3.388556134796052 15.28
1529 3.439469204212279 15.29
1530 3.471026545098423 15.3
1531 3.464552427052088 15.31
1532 3.506736421146126 15.32
1533 3.566831030034694 15.33
1534 3.544883437833546 15.34
1535 3.559810483589214 15.35
1536 3.635498318000127 15.36
1537 3.703947631155553 15.37
1538 3.701986336539024 15.38
1539 3.704670730271321 15.39
1540 3.827008416765957 15.4
1541 3.835213042164559 15.41
1542 3.79971100710068 15.42
1543 3.792953865806076 15.43
1544 3.842710901227178 15.44
1545 3.890047057052761 15.45
1546 3.903365051021896 15.46
1547 3.952560634236245 15.47
1548 3.99917811086225 15.48
1549 4.000531476710073 15.49
1550 4.015891438447683 15.5
1551 4.046621179044382 15.51
1552 4.100440662149156 15.52
1553 4.10318123722893 15.53
1554 4.131247656267583 15.54
1555 4.125226350469793 15.55
1556 4.196837527314696 15.56
1557 4.226346023044434 15.57
1558 4.261059095931006 15.58
1559 4.262537785423034 15.59
1560 4.2924990976165 15.6
1561 4.314301191244831 15.61
1562 4.309593259843918 15.62
1563 4.285201506300448 15.63
1564 4.370062005842308 15.64
1565 4.423330947006755 15.65
1566 4.404362031686012 15.66
1567 4.419374204134759 15.67
1568 4.446893739798712 15.68
1569 4.464885986996197 15.69
1570 4.493423770196772 15.7
1571 4.538865843955588 15.71
1572 4.544042408481744 15.72
1573 4.493234027712832 15.73
1574 4.543444627211478 15.74
1575 4.645394185917884 15.75
1576 4.681626493694908 15.76
1577 4.661299848886078 15.77
1578 4.659835157038872 15.78
1579 4.696867666735011 15.79
1580 4.619731278208025 15.8
1581 4.590827957335697 15.81
1582 4.64132706560415 15.82
1583 4.674867154702747 15.83
1584 4.775244191888342 15.84
1585 4.804639260002476 15.85
1586 4.815453800585503 15.86
1587 4.811477404022323 15.87
1588 4.827032933700863 15.88
1589 4.836879011533723 15.89
1590 4.838917976634296 15.9
1591 4.869179127470219 15.91
1592 4.916851971117938 15.92
1593 4.973569141206823 15.93
1594 4.955993429942442 15.94
1595 4.975944034288974 15.95
1596 5.033486946649665 15.96
1597 5.033298897420809 15.97
1598 5.031368460269914 15.98
1599 5.082980074663055 15.99
1600 5.114079784686035 16
1601 5.108220708667567 16.01
1602 5.111415582013663 16.02
1603 5.087074948473787 16.03
1604 5.062795841601267 16.04
1605 5.029486170297055 16.05
1606 4.976789604332027 16.06
1607 4.980644307920102 16.07
1608 4.968264026926404 16.08
1609 4.910432758099552 16.09
1610 4.864552180352629 16.1
1611 4.859275846359433 16.11
1612 4.8425217678648 16.12
1613 4.791546183573388 16.13
1614 4.705532981313462 16.14
1615 4.653169861697528 16.15
1616 4.575910536535965 16.16
1617 4.518863325908314 16.17
1618 4.479665170889546 16.18
1619 4.424148955319559 16.19
1620 4.220824569599412 16.2
1621 4.143088842013187 16.21
1622 4.150858084282611 16.22
1623 4.1570232619673 16.23
1624 4.072788507359252 16.24
1625 4.025453591730088 16.25
1626 3.966864680540798 16.26
1627 3.942328318869941 16.27
1628 3.848163300186416 16.28
1629 3.769674287210295 16.29
1630 3.662201815516246 16.3
1631 3.569963075674386 16.31
1632 3.546674774363566 16.32
1633 3.463122675545174 16.33
1634 3.376596438538976 16.34
1635 3.41563225663519 16.35
1636 3.400238498580717 16.36
1637 3.338659789025112 16.37
1638 3.279746463043268 16.38
1639 3.244674137514653 16.39
1640 3.244154415375336 16.4
1641 3.20163318396979 16.41
1642 3.140714842558944 16.42
1643 3.052707123102466 16.43
1644 2.982956529759474 16.44
1645 3.035365743242981 16.45
1646 3.013063472388621 16.46
1647 2.946889609813858 16.47
1648 2.916376827772023 16.48
1649 2.850624467572728 16.49
1650 2.810687683234181 16.5
1651 2.817387190174731 16.51
1652 2.825353414092937 16.52
1653 2.828961036893527 16.53
1654 2.816711845606281 16.54
1655 2.800506837997739 16.55
1656 2.734377615043495 16.56
1657 2.749347835132074 16.57
1658 2.684813295415064 16.58
1659 2.697938968973654 16.59
1660 2.728405150363666 16.6
1661 2.708223490707871 16.61
1662 2.659136331172483 16.62
1663 2.631439647595969 16.63
1664 2.619155460200124 16.64
1665 2.646111174216005 16.65
1666 2.643500789603723 16.66
1667 2.616327845686639 16.67
1668 2.538381703133508 16.68
1669 2.508313499642933 16.69
1670 2.499819569881149 16.7
1671 2.507910382111134 16.71
1672 2.478138188291728 16.72
1673 2.527207678682253 16.73
1674 2.528350769057082 16.74
1675 2.52739565382428 16.75
1676 2.473442549345318 16.76
1677 2.406085839440943 16.77
1678 2.358769575189322 16.78
1679 2.374126553990735 16.79
1680 2.197101188977472 16.8
1681 2.227732282949095 16.81
1682 2.251045252327629 16.82
1683 2.282636130818731 16.83
1684 2.314540560267504 16.84
1685 2.282306935415785 16.85
1686 2.28397279148379 16.86
1687 2.270619154531429 16.87
1688 2.270831390441039 16.88
1689 2.186931698102877 16.89
1690 2.090982586518082 16.9
1691 2.062466806803708 16.91
1692 2.029997795567215 16.92
1693 2.009231091127933 16.93
1694 1.990201318718821 16.94
1695 1.965096799966824 16.95
1696 1.947364925783192 16.96
1697 1.907418797537523 16.97
1698 1.87915127441877 16.98
1699 1.857168071849425 16.99
1700 1.878069708109194 17
1701 1.757226460014098 17.01
1702 1.68713439583636 17.02
1703 1.721303779019678 17.03
1704 1.707560666689854 17.04
1705 1.642722957471214 17.05
1706 1.637528812944134 17.06
1707 1.641507147587274 17.07
1708 1.573461807255361 17.08
1709 1.497543644085225 17.09
1710 1.496730608031482 17.1
1711 1.492222319701174 17.11
1712 1.449252745761699 17.12
1713 1.435222674086576 17.13
1714 1.452663165361445 17.14
1715 1.430234132058163 17.15
1716 1.41094867762575 17.16
1717 1.435349648888069 17.17
1718 1.485743634966487 17.18
1719 1.361204434277213 17.19
1720 1.267942977160267 17.2
1721 1.281164625900503 17.21
1722 1.273056706707257 17.22
1723 1.287397970117931 17.23
1724 1.284960974334887 17.24
1725 1.279235358479235 17.25
1726 1.248628822422155 17.26
1727 1.320241897463226 17.27
1728 1.280729000862541 17.28
1729 1.208762951506661 17.29
1730 1.228724410942601 17.3
1731 1.198767544011929 17.31
1732 1.19035280281066 17.32
1733 1.232906061062482 17.33
1734 1.18655977333449 17.34
1735 1.169465486675131 17.35
1736 1.150524289476034 17.36
1737 1.162723493085812 17.37
1738 1.112946721791151 17.38
1739 1.072707885448994 17.39
1740 1.100671467546375 17.4
1741 1.113025510403011 17.41
1742 1.103377574844325 17.42
1743 1.041323001748337 17.43
1744 1.007594779100166 17.44
1745 1.06798082832255 17.45
1746 1.02716680352977 17.46
1747 1.016608000124638 17.47
1748 1.01022755020834 17.48
1749 1.0875669735161 17.49
1750 0.9940628139582206 17.5
1751 0.9254464780489902 17.51
1752 0.9455959191423688 17.52
1753 1.015616831693367 17.53
1754 0.9742635525225947 17.54
1755 0.9411798559424136 17.55
1756 0.9500697701003517 17.56
1757 0.919866825895557 17.57
1758 0.9744446016453335 17.58
1759 0.9182452345495106 17.59
1760 0.9407306280198311 17.6
1761 0.9380725671278243 17.61
1762 0.878064925333057 17.62
1763 0.893159040164659 17.63
1764 0.8865013785952446 17.64
1765 0.9199615415637203 17.65
1766 0.9340728959013526 17.66
1767 0.9335087321766591 17.67
1768 0.9321076538642841 17.68
1769 0.9162200663726243 17.69
1770 0.9296628720482787 17.7
1771 0.9223980322583137 17.71
1772 0.9241667448299009 17.72
1773 0.9036008721676656 17.73
1774 0.9257048673589313 17.74
1775 0.8910356399469875 17.75
1776 0.9174715439393316 17.76
1777 0.9240359019707181 17.77
1778 0.9305278955455544 17.78
1779 0.9270655579368606 17.79
1780 0.9162824759250526 17.8
1781 0.9209331212517207 17.81
1782 0.9174396782486169 17.82
1783 0.9328945829488821 17.83
1784 0.9237784283229762 17.84
1785 0.9198848042510834 17.85
1786 0.9142117885833608 17.86
1787 0.9392504333944626 17.87
1788 0.944672481291952 17.88
1789 0.9551031816871531 17.89
1790 0.9484604260999265 17.9
1791 0.9412514483807103 17.91
1792 0.9471298569257182 17.92
1793 0.952593600858452 17.93
1794 0.9585200443787367 17.94
1795 0.9619064932581545 17.95
1796 0.9645297034825134 17.96
1797 0.9624486031923637 17.97
1798 0.9651148096523839 17.98
1799 0.9519310866815515 17.99
1800 0.9576200160498738 18
1801 0.9661989280131451 18.01
1802 0.9578204740986389 18.02
1803 0.9411944056535578 18.03
1804 0.9625514585304746 18.04
1805 0.9731265632859373 18.05
1806 0.9617113171770284 18.06
1807 0.9640218350712387 18.07
1808 0.9573962765064331 18.08
1809 0.9703655951155982 18.09
1810 0.9802230212101961 18.1
1811 0.9773272328786087 18.11
1812 0.9781027282246519 18.12
1813 0.9789811237782554 18.13
1814 0.9704066190549806 18.14
1815 0.968924335939749 18.15
1816 0.9787621708410873 18.16
1817 0.9758295159937669 18.17
1818 0.9818414065747681 18.18
1819 0.9773596983670265 18.19
1820 0.9965213317180277 18.2
1821 0.9848601796762152 18.21
1822 0.990881459600982 18.22
1823 0.9971866776944825 18.23
1824 0.9938681854332295 18.24
1825 1.001085342223428 18.25
1826 1.001702494384477 18.26
1827 1.016553118275361 18.27
1828 1.03005445651545 18.28
1829 1.0378302939074 18.29
1830 1.045626021777742 18.3
1831 1.042218631626488 18.31
1832 1.037019469166866 18.32
1833 1.050976332927131 18.33
1834 1.088578384998739 18.34
1835 1.089266270177503 18.35
1836 1.096592687654217 18.36
1837 1.09508306916444 18.37
1838 1.075657080781558 18.38
1839 1.105350354469075 18.39
1840 1.125431949129657 18.4
1841 1.142019678023355 18.41
1842 1.116996682273852 18.42
1843 1.095474034101831 18.43
1844 1.130163443274419 18.44
1845 1.148105413527836 18.45
1846 1.177158942111319 18.46
1847 1.161631917964613 18.47
1848 1.146435907261717 18.48
1849 1.126918762709176 18.49
1850 1.174452470335829 18.5
1851 1.196470082541099 18.51
1852 1.207223478288339 18.52
1853 1.195291498112521 18.53
1854 1.183579477744059 18.54
1855 1.199486598005938 18.55
1856 1.209047389656131 18.56
1857 1.234959472315889 18.57
1858 1.233707839443414 18.58
1859 1.244208290020713 18.59
1860 1.23355199553514 18.6
1861 1.230432093824013 18.61
1862 1.230586728792802 18.62
1863 1.23226699099094 18.63
1864 1.237616221856488 18.64
1865 1.249335006246411 18.65
1866 1.244315524796531 18.66
1867 1.246309300543809 18.67
1868 1.262056855048304 18.68
1869 1.250036192246466 18.69
1870 1.266099364896008 18.7
1871 1.271223606924692 18.71
1872 1.275009449463202 18.72
1873 1.271999854871301 18.73
1874 1.274373992898633 18.74
1875 1.277015459617232 18.75
1876 1.2831412340903 18.76
1877 1.291353612101609 18.77
1878 1.303421995821101 18.78
1879 1.305121431601338 18.79
1880 1.315296385762075 18.8
1881 1.302196039256459 18.81
1882 1.300598029928336 18.82
1883 1.300729854732251 18.83
1884 1.30287827057448 18.84
1885 1.311840565829374 18.85
1886 1.329807047887434 18.86
1887 1.324488144233652 18.87
1888 1.320880758630502 18.88
1889 1.334272179572369 18.89
1890 1.352736923618911 18.9
1891 1.356455574562588 18.91
1892 1.360424651232673 18.92
1893 1.372920575840795 18.93
1894 1.373904320819843 18.94
1895 1.36016431787818 18.95
1896 1.378324550172898 18.96
1897 1.365296200329468 18.97
1898 1.38311131494594 18.98
1899 1.377736633601819 18.99
1900 1.370521374860454 19
1901 1.388346718261166 19.01
1902 1.390527253352938 19.02
1903 1.392946896003374 19.03
1904 1.392563108186641 19.04
1905 1.425293345609039 19.05
1906 1.427916049047066 19.06
1907 1.433123430998334 19.07
1908 1.455473477321281 19.08
1909 1.460524055113825 19.09
1910 1.442760413305939 19.1
1911 1.447985410567151 19.11
1912 1.476936765787662 19.12
1913 1.477444844369526 19.13
1914 1.49303067898874 19.14
1915 1.514446584421588 19.15
1916 1.540491475484546 19.16
1917 1.532994813492968 19.17
1918 1.544969674496516 19.18
1919 1.552348696505089 19.19
1920 1.465117362163491 19.2
1921 1.537277916570133 19.21
1922 1.61710675071412 19.22
1923 1.624927829383987 19.23
1924 1.630498436507247 19.24
1925 1.606442371783439 19.25
1926 1.637633123421395 19.26
1927 1.63851942812944 19.27
1928 1.679129105101494 19.28
1929 1.731339741617956 19.29
1930 1.769281625279354 19.3
1931 1.772952767800018 19.31
1932 1.741121029713122 19.32
1933 1.79952956273652 19.33
1934 1.82887031874402 19.34
1935 1.898896818960396 19.35
1936 1.890847382723376 19.36
1937 1.894307958099989 19.37
1938 1.906195248574757 19.38
1939 1.941195086492665 19.39
1940 2.038497000204426 19.4
1941 2.051935610114565 19.41
1942 2.018664141160259 19.42
1943 2.009721739934624 19.43
1944 2.033236106939691 19.44
1945 2.056547363158781 19.45
1946 2.081979771848713 19.46
1947 2.122052750501371 19.47
1948 2.138779084083407 19.48
1949 2.165471478285934 19.49
1950 2.156944658412753 19.5
1951 2.17421780298399 19.51
1952 2.155259956055759 19.52
1953 2.201686254985302 19.53
1954 2.216496498123562 19.54
1955 2.192783310489556 19.55
1956 2.245554595328447 19.56
1957 2.211859094458686 19.57
1958 2.269852037467245 19.58
1959 2.253638760456807 19.59
1960 2.299765519104034 19.6
1961 2.264787612345343 19.61
1962 2.311677610073328 19.62
1963 2.322579086162448 19.63
1964 2.308379322465317 19.64
1965 2.299655450267901 19.65
1966 2.314029472481649 19.66
1967 2.309002955692828 19.67
1968 2.325635826812962 19.68
1969 2.330847934906199 19.69
1970 2.349132795741821 19.7
1971 2.350289192381373 19.71
1972 2.338034656633936 19.72
1973 2.356100196842006 19.73
1974 2.369366591521528 19.74
1975 2.366421896253763 19.75
1976 2.374406042352823 19.76
1977 2.395409770407354 19.77
1978 2.399055700886319 19.78
1979 2.403754689557113 19.79
1980 2.406904775753388 19.8
1981 2.387196770748899 19.81
1982 2.389914531950503 19.82
1983 2.371908398039826 19.83
1984 2.414400383963846 19.84
1985 2.450258943159302 19.85
1986 2.413703221883385 19.86
1987 2.47800110176337 19.87
1988 2.423108716660428 19.88
1989 2.462505154451428 19.89
1990 2.434585215408077 19.9
1991 2.493285349433235 19.91
1992 2.435886961060254 19.92
1993 2.497857712006005 19.93
1994 2.474001737240539 19.94
1995 2.532621720550708 19.95
1996 2.548506691049073 19.96
1997 2.540492360059743 19.97
1998 2.470012571935889 19.98
1999 2.51270286599118 19.99
2000 2.558355921675 20
