"cl-rfile"
"Time Step" "cl etc.."
("Time Step" "cl" "flow-time")
0 0 0
1 46.99019267629214 0.01
2 14.33598184018492 0.02
3 10.26169181564022 0.03
4 10.11797876739121 0.04
5 10.19033775271561 0.05
6 10.14472526764977 0.06
7 10.16455713713715 0.07000000000000001
8 10.19159758307078 0.08
9 10.18676964380835 0.09
10 10.33409010388692 0.1
11 10.47208107221765 0.11
12 10.48886337920278 0.12
13 10.38391741373108 0.13
14 10.3368016249613 0.14
15 10.27509465479774 0.15
16 10.32438941266681 0.16
17 10.39935856670816 0.17
18 10.60048259509736 0.18
19 10.7038571256242 0.19
20 10.71268868726438 0.2
21 10.73788743552141 0.21
22 10.76923982281397 0.22
23 10.7937177197323 0.23
24 10.75557069063156 0.24
25 10.83349465229674 0.25
26 10.88986197400736 0.26
27 10.93187745681015 0.27
28 10.97733662413438 0.28
29 11.079892874891 0.29
30 11.08545402246277 0.3
31 11.06251582462443 0.31
32 11.00142969231942 0.32
33 10.93059365370483 0.33
34 10.92093145566817 0.34
35 10.95981247541181 0.35
36 11.02042593744659 0.36
37 11.07414714592612 0.37
38 11.15127438453409 0.38
39 11.21118244272956 0.39
40 11.27697105172236 0.4
41 11.33096424818339 0.41
42 11.30547956549466 0.42
43 11.28497855756404 0.43
44 11.28385877240649 0.44
45 11.32321504760805 0.45
46 11.32106548803903 0.46
47 11.35339075377541 0.47
48 11.23895510436252 0.48
49 11.32882455283755 0.49
50 11.28234983743409 0.5
51 11.19791192001879 0.51
52 11.26999801548817 0.52
53 11.29535798295999 0.53
54 11.33735532759579 0.54
55 11.35592573327214 0.55
56 11.38874745640141 0.5600000000000001
57 11.49445045883298 0.5700000000000001
58 11.58794285649521 0.58
59 11.60799383919678 0.59
60 11.54447334479788 0.6
61 11.53607442851984 0.61
62 11.45023593464219 0.62
63 11.4774865583485 0.63
64 11.50350468308392 0.64
65 11.51833761757456 0.65
66 11.57271090032062 0.66
67 11.6264566127209 0.67
68 11.65230892794071 0.68
69 11.70365747594958 0.6900000000000001
70 11.84033421284856 0.7000000000000001
71 11.90871888787128 0.71
72 11.92751505945036 0.72
73 11.93054609397377 0.73
74 11.89780065506434 0.74
75 11.83476358812513 0.75
76 11.80655692012765 0.76
77 11.83206750592745 0.77
78 11.86810639095252 0.78
79 11.91702670576976 0.79
80 11.98880851209388 0.8
81 12.07946677695256 0.8100000000000001
82 12.17081859308523 0.8200000000000001
83 12.20262009021721 0.8300000000000001
84 12.16763442424831 0.84
85 12.14744541840029 0.85
86 12.11723804498701 0.86
87 12.10362778650203 0.87
88 12.11757917250966 0.88
89 12.17004318781977 0.89
90 12.21922590775384 0.9
91 12.25492769288639 0.91
92 12.37693204595038 0.92
93 12.43542531693277 0.93
94 12.41978218153664 0.9400000000000001
95 12.41558917150645 0.9500000000000001
96 12.42158443100989 0.96
97 12.39844011121962 0.97
98 12.36961990683603 0.98
99 12.4176275849777 0.99
100 12.41266987202035 1
101 12.45894992658079 1.01
102 12.51079352890549 1.02
103 12.59568099671484 1.03
104 12.58261212111683 1.04
105 12.63031379362914 1.05
106 12.66586430304283 1.06
107 12.70429608992089 1.07
108 12.68374834165633 1.08
109 12.66727079800775 1.09
110 12.67464026187174 1.1
111 12.66431195856843 1.11
112 12.6540298542693 1.12
113 12.64959218315503 1.13
114 12.6564993737295 1.14
115 12.65099284959932 1.15
116 12.68779004668645 1.16
117 12.76372106224565 1.17
118 12.82330063467503 1.18
119 12.8005210591636 1.19
120 12.8493803240576 1.2
121 12.90522306203455 1.21
122 12.82061570248719 1.22
123 12.75843593930128 1.23
124 12.73686089464852 1.24
125 12.70542069854192 1.25
126 12.65811928724727 1.26
127 12.65968014004016 1.27
128 12.68733775439711 1.28
129 12.71802157349913 1.29
130 12.72705339251417 1.3
131 12.71757973935538 1.31
132 12.72520246882553 1.32
133 12.64505345475581 1.33
134 12.6956053048004 1.34
135 12.71153471322477 1.35
136 12.70747980853286 1.36
137 12.67081468290116 1.37
138 12.63002545671266 1.38
139 12.58254313409913 1.39
140 12.52527517126458 1.4
141 12.51518675414057 1.41
142 12.51103505273288 1.42
143 12.48643662250863 1.43
144 12.44922221380081 1.44
145 12.46120643913635 1.45
146 12.44489213687876 1.46
147 12.413148767808 1.47
148 12.41825552446674 1.48
149 12.41390951698559 1.49
150 12.41500650805498 1.5
151 12.3951255782919 1.51
152 12.39731281524422 1.52
153 12.40910844597712 1.53
154 12.38972980507005 1.54
155 12.32573095404457 1.55
156 12.27692717443341 1.56
157 12.23511998622921 1.57
158 12.1607462306554 1.58
159 12.14121616211438 1.59
160 12.12693594219702 1.6
161 12.09810537020234 1.61
162 12.0648665516288 1.62
163 12.08104522967249 1.63
164 12.0953719081466 1.64
165 12.04685846470748 1.65
166 12.02870105355028 1.66
167 12.01568635624356 1.67
168 11.98310927684221 1.68
169 11.92483877650254 1.69
170 11.91427483889165 1.7
171 11.91761043550864 1.71
172 11.88759430264576 1.72
173 11.85154083711301 1.73
174 11.8589621655514 1.74
175 11.79153222527088 1.75
176 11.72807801746096 1.76
177 11.68399082517545 1.77
178 11.6544185628362 1.78
179 11.61777735789254 1.79
180 11.57889977419736 1.8
181 11.57312828050483 1.81
182 11.58519682980915 1.82
183 11.51552514380518 1.83
184 11.49705109376116 1.84
185 11.46480177365493 1.85
186 11.42992288110306 1.86
187 11.37244132303848 1.87
188 11.36583849562154 1.88
189 11.31451402523382 1.89
190 11.28536819450989 1.9
191 11.24246322118979 1.91
192 11.24763375532797 1.92
193 11.23179825855681 1.93
194 11.16438141849368 1.94
195 11.08790946283615 1.95
196 11.08355507190236 1.96
197 11.05666422894662 1.97
198 11.00926387564249 1.98
199 10.97116424199714 1.99
200 10.94433405744451 2
201 10.8700890339648 2.01
202 10.82227116935452 2.02
203 10.79989322926138 2.03
204 10.77693927086237 2.04
205 10.73558794380607 2.05
206 10.70613026955194 2.06
207 10.69519361074371 2.07
208 10.6570659196997 2.08
209 10.59565502442187 2.09
210 10.53665981070789 2.1
211 10.49615725321385 2.11
212 10.46176316511478 2.12
213 10.43240086767626 2.13
214 10.45366048940258 2.14
215 10.39783706065357 2.15
216 10.36259081238632 2.16
217 10.31380538446283 2.17
218 10.26584017903707 2.18
219 10.19456837707657 2.19
220 10.1346710576515 2.2
221 10.13447670762569 2.21
222 10.12288440367761 2.22
223 10.10039285279357 2.23
224 10.0753076611951 2.24
225 10.04168178629137 2.25
226 9.998736619480141 2.26
227 9.97050249057059 2.27
228 9.956147351733835 2.28
229 9.920442989145565 2.29
230 9.879645683194923 2.3
231 9.855587957748709 2.31
232 9.82735665207098 2.32
233 9.804040599349896 2.33
234 9.775094106000576 2.34
235 9.756600339153604 2.35
236 9.707818375412007 2.36
237 9.648859833109135 2.37
238 9.636519026292831 2.38
239 9.624254842341545 2.39
240 9.611140315094756 2.4
241 9.567761463591092 2.41
242 9.566390407033015 2.42
243 9.566624584362746 2.43
244 9.525652652565938 2.44
245 9.491141743272214 2.45
246 9.506796585670152 2.46
247 9.492200254978741 2.47
248 9.455139456293729 2.48
249 9.439693509464188 2.49
250 9.455095832830388 2.5
251 9.417813217936461 2.51
252 9.419651567875654 2.52
253 9.43715413447322 2.53
254 9.425911424848131 2.54
255 9.379634970914957 2.55
256 9.394523440325015 2.56
257 9.418836339127589 2.57
258 9.39111826223672 2.58
259 9.388327082419343 2.59
260 9.38985291370456 2.6
261 9.368056676861794 2.61
262 9.347580632664572 2.62
263 9.362181691045375 2.63
264 9.375522320671427 2.64
265 9.362651701426675 2.65
266 9.344638804772543 2.66
267 9.363889366488241 2.67
268 9.378247288869304 2.68
269 9.342030045013388 2.69
270 9.358197110515842 2.7
271 9.366487155460568 2.71
272 9.376057255532707 2.72
273 9.360989295914107 2.73
274 9.354166117111628 2.74
275 9.325903805072844 2.75
276 9.305460718043467 2.76
277 9.329248467619033 2.77
278 9.362298019357603 2.78
279 9.382636094529794 2.79
280 9.349809039470482 2.8
281 9.345865473945242 2.81
282 9.350126785561063 2.82
283 9.323196553449547 2.83
284 9.293094025591961 2.84
285 9.322833484601734 2.85
286 9.333750646307925 2.86
287 9.31868423538884 2.87
288 9.311462211716798 2.88
289 9.329061618705342 2.89
290 9.319739736565165 2.9
291 9.299592249427553 2.91
292 9.318681959846439 2.92
293 9.326498700528219 2.93
294 9.314186350899396 2.94
295 9.31307982154199 2.95
296 9.325391139987467 2.96
297 9.314058262560904 2.97
298 9.265273720852106 2.98
299 9.263446929633592 2.99
300 9.400313109075713 3
301 9.384608469740149 3.01
302 9.341900027837195 3.02
303 9.294079568418997 3.03
304 9.275339288715662 3.04
305 9.281562917863088 3.05
306 9.292479252980504 3.06
307 9.307776467987356 3.07
308 9.320706009579798 3.08
309 9.367828951508271 3.09
310 9.411145793851814 3.1
311 9.400823218344927 3.11
312 9.355099862139253 3.12
313 9.318284546921111 3.13
314 9.309139801102422 3.14
315 9.30224335988351 3.15
316 9.356876637675523 3.16
317 9.396158859681467 3.17
318 9.398019988517181 3.18
319 9.41536710986893 3.19
320 9.3885147717563 3.2
321 9.395464666906435 3.21
322 9.36300301141813 3.22
323 9.338171672401041 3.23
324 9.354716284099029 3.24
325 9.383581061717775 3.25
326 9.383226802741683 3.26
327 9.383597466449975 3.27
328 9.381443961683228 3.28
329 9.398425328355883 3.29
330 9.365830177533262 3.3
331 9.376249689989251 3.31
332 9.387597530047346 3.32
333 9.429277723096487 3.33
334 9.434289915871243 3.34
335 9.387028961722972 3.35
336 9.39536738082397 3.36
337 9.383454843144794 3.37
338 9.368784416452522 3.38
339 9.384325023986241 3.39
340 9.349920410217491 3.4
341 9.352187008517221 3.41
342 9.354194822021924 3.42
343 9.378746547286605 3.43
344 9.361029848129887 3.44
345 9.339226369735353 3.45
346 9.326193631637819 3.46
347 9.336711444879617 3.47
348 9.315148806258289 3.48
349 9.28825702419339 3.49
350 9.304508866161523 3.5
351 9.311766180484081 3.51
352 9.279790193542853 3.52
353 9.28356316994223 3.53
354 9.28443734916395 3.54
355 9.274713537388852 3.55
356 9.257284248894313 3.56
357 9.234990964484803 3.57
358 9.262943363021659 3.58
359 9.252692247657661 3.59
360 9.216803402914509 3.6
361 9.211986917213164 3.61
362 9.209154856393397 3.62
363 9.197469181275689 3.63
364 9.180869665299344 3.64
365 9.197902039945218 3.65
366 9.19984034462199 3.66
367 9.189717099569107 3.67
368 9.192312318854041 3.68
369 9.217337848183329 3.69
370 9.208610842963321 3.7
371 9.207494217023257 3.71
372 9.22985941916547 3.72
373 9.237333419937871 3.73
374 9.206081198790146 3.74
375 9.203080340798317 3.75
376 9.245289793769393 3.76
377 9.262603208952909 3.77
378 9.266866337131665 3.78
379 9.277008124076307 3.79
380 9.30039291314179 3.8
381 9.294678501453832 3.81
382 9.306514005610614 3.82
383 9.294778267108653 3.83
384 9.325967080620931 3.84
385 9.307138566286152 3.85
386 9.340124792745813 3.86
387 9.357606539496667 3.87
388 9.340708080448234 3.88
389 9.332487123569544 3.89
390 9.389246331101123 3.9
391 9.372627706070659 3.91
392 9.366698846189044 3.92
393 9.376237390148018 3.93
394 9.366781107085274 3.94
395 9.381633436548588 3.95
396 9.354908915016496 3.96
397 9.363558004432591 3.97
398 9.411221668867077 3.98
399 9.415724273065704 3.99
400 9.364226797545806 4
401 9.362013034067532 4.01
402 9.378993423535112 4.02
403 9.392730142933496 4.03
404 9.396163959913292 4.04
405 9.415182077848156 4.05
406 9.38722130636091 4.06
407 9.319985692706808 4.07
408 9.390554835002609 4.08
409 9.427566352310906 4.09
410 9.434109130112581 4.1
411 9.39316327611037 4.11
412 9.416061837060179 4.12
413 9.461714771693405 4.13
414 9.434293728634595 4.14
415 9.429125195294093 4.15
416 9.467403004439955 4.16
417 9.451008160368481 4.17
418 9.385121898306638 4.18
419 9.392053570014594 4.19
420 9.331337013351956 4.2
421 9.389687696015653 4.21
422 9.449545605685385 4.22
423 9.39931112002871 4.23
424 9.377949820722161 4.24
425 9.382691670309731 4.25
426 9.3566110739061 4.26
427 9.37111040963849 4.27
428 9.365726153304932 4.28
429 9.353413460508694 4.29
430 9.308799272909495 4.3
431 9.337024929049569 4.31
432 9.334922959770081 4.32
433 9.367175573001413 4.33
434 9.356896866678168 4.34
435 9.493771854015488 4.350000000000001
436 9.444897316906623 4.36
437 9.420818852000583 4.37
438 9.344341741201804 4.38
439 9.381663706789141 4.39
440 9.38297107660099 4.4
441 9.420673377837625 4.41
442 9.443550980898211 4.42
443 9.484669335968469 4.43
444 9.517549269276762 4.44
445 9.510181778107864 4.45
446 9.447709255539074 4.46
447 9.518407874303191 4.47
448 9.534911512268106 4.48
449 9.53522715074606 4.49
450 9.568950718938829 4.5
451 9.575676544920098 4.51
452 9.566160406247148 4.52
453 9.591690647196655 4.53
454 9.628547750117781 4.54
455 9.626189594527286 4.55
456 9.65146154894941 4.56
457 9.710629415767459 4.57
458 9.664899914951087 4.58
459 9.625503004194021 4.59
460 9.641533600927319 4.600000000000001
461 9.626272076423934 4.61
462 9.64193082640692 4.62
463 9.701832818702918 4.63
464 9.732352393305977 4.64
465 9.760476773703807 4.65
466 9.70695361887695 4.66
467 9.722334073472823 4.67
468 9.756513529025316 4.68
469 9.807904050182534 4.69
470 9.722990893019189 4.7
471 9.748278142005111 4.71
472 9.81132719438493 4.72
473 9.843052092296055 4.73
474 9.797861111206029 4.74
475 9.836360373363846 4.75
476 9.9334425830505 4.76
477 9.851279517876847 4.77
478 9.874560692659356 4.78
479 9.941870813411539 4.79
480 10.00791040135518 4.8
481 10.05671244766069 4.81
482 10.01496195158398 4.82
483 10.00141137080558 4.83
484 10.09282788822475 4.84
485 10.18099018648957 4.850000000000001
486 10.1651951635212 4.86
487 10.19874262606268 4.87
488 10.23997691236334 4.88
489 10.34875580735734 4.89
490 10.37883910330042 4.9
491 10.38049904647215 4.91
492 10.45048916795482 4.92
493 10.49614210251328 4.93
494 10.58042423217122 4.94
495 10.61170843675408 4.95
496 10.66055796351726 4.96
497 10.62881523857055 4.97
498 10.69250331907911 4.98
499 10.75522024542587 4.99
500 10.87534934608047 5
501 10.9841200653828 5.01
502 11.04082384531615 5.02
503 11.06738052392254 5.03
504 11.09772331426903 5.04
505 11.05280781601875 5.05
506 11.09703055749625 5.06
507 11.10071216790101 5.07
508 11.21194540468057 5.08
509 11.30415097204796 5.09
510 11.39026675557228 5.100000000000001
511 11.39701002679396 5.11
512 11.39001761552989 5.12
513 11.40454488767522 5.13
514 11.35967029859015 5.14
515 11.37575787467684 5.15
516 11.46264215501254 5.16
517 11.56528204326389 5.17
518 11.59695634206471 5.18
519 11.63630687481954 5.19
520 11.61267036813581 5.2
521 11.58514692618874 5.21
522 11.62792447873667 5.22
523 11.68414795655623 5.23
524 11.74883852067092 5.24
525 11.79709522778618 5.25
526 11.8639757358495 5.26
527 11.86505959284954 5.27
528 11.78559912557802 5.28
529 11.76994952705339 5.29
530 11.78501132017951 5.3
531 11.75691665695337 5.31
532 11.74607592762073 5.32
533 11.76737086542913 5.33
534 11.8012658132819 5.34
535 11.87403934746763 5.350000000000001
536 11.92440310519115 5.36
537 11.95158735794026 5.37
538 11.91152447788694 5.38
539 11.85244811493828 5.39
540 11.8555959896032 5.4
541 11.84913853758805 5.41
542 11.850996343236 5.42
543 11.90750456314502 5.43
544 11.9133420310458 5.44
545 11.89655128981831 5.45
546 11.86761844614406 5.46
547 11.82979138074066 5.47
548 11.80436625689112 5.48
549 11.83759023507975 5.49
550 11.90597256106367 5.5
551 11.91550298210105 5.51
552 11.9472267606271 5.52
553 11.96358397568903 5.53
554 11.90631856416761 5.54
555 11.86055249731088 5.55
556 11.80229636467521 5.56
557 11.70809700957331 5.57
558 11.68937771739178 5.58
559 11.72353850215483 5.59
560 11.79415154574248 5.600000000000001
561 11.83078506193974 5.61
562 11.87699774469292 5.62
563 11.90761308774325 5.63
564 11.90850061218759 5.64
565 11.87645004912945 5.65
566 11.84478228915598 5.66
567 11.82540354851322 5.67
568 11.87376367671226 5.68
569 11.95042654768494 5.69
570 12.00480222337026 5.7
571 12.00206484018694 5.71
572 12.03638222343161 5.72
573 11.9936720547088 5.73
574 11.91444808080115 5.74
575 11.86633942488996 5.75
576 11.85160092489911 5.76
577 11.83384011452236 5.77
578 11.86761643291295 5.78
579 11.94168948065697 5.79
580 12.03380905572676 5.8
581 12.08696737200408 5.81
582 12.12197944454348 5.82
583 12.12067822287163 5.83
584 12.05839815097552 5.84
585 12.04626608120202 5.850000000000001
586 12.04346378859381 5.86
587 12.08629538171569 5.87
588 12.09015996987045 5.88
589 12.21798060547921 5.89
590 12.26450099692669 5.9
591 12.27037400128858 5.91
592 12.24327414783415 5.92
593 12.20697589024634 5.93
594 12.17046020879347 5.94
595 12.12231279815204 5.95
596 12.0718440291628 5.96
597 12.1569556495222 5.97
598 12.24792816651889 5.98
599 12.29954680860744 5.99
600 12.35596116972038 6
601 12.41873655000537 6.01
602 12.39509935915665 6.02
603 12.33930577940758 6.03
604 12.25682148820236 6.04
605 12.20651786131429 6.05
606 12.17422902515709 6.06
607 12.22405607695126 6.07
608 12.29780939228511 6.08
609 12.35166198677817 6.09
610 12.41970262409641 6.100000000000001
611 12.46953251019224 6.11
612 12.47769755367351 6.12
613 12.40626564533142 6.13
614 12.34685082241365 6.140000000000001
615 12.28424414246632 6.15
616 12.23999507457403 6.16
617 12.2526822242656 6.17
618 12.30472938315736 6.18
619 12.37103508078655 6.19
620 12.39755544451939 6.2
621 12.4460603807066 6.21
622 12.4771235036289 6.22
623 12.45705784733351 6.23
624 12.38074112001267 6.24
625 12.29940247059297 6.25
626 12.24547749133901 6.26
627 12.24368748407956 6.27
628 12.24602105081101 6.28
629 12.31878124916383 6.29
630 12.40271970539725 6.3
631 12.46335897639217 6.31
632 12.47329310164151 6.32
633 12.43009327118325 6.33
634 12.31200562185527 6.34
635 12.28877334718649 6.350000000000001
636 12.27465222383815 6.36
637 12.23521532381465 6.37
638 12.20081008156284 6.38
639 12.22796071185913 6.390000000000001
640 12.31473128708265 6.4
641 12.3606922938042 6.41
642 12.38231540644059 6.42
643 12.38718795507644 6.43
644 12.37353114239883 6.44
645 12.30568512418729 6.45
646 12.28034096100681 6.46
647 12.26459576775219 6.47
648 12.2636917084896 6.48
649 12.18948283352185 6.49
650 12.18065656505992 6.5
651 12.16458453939643 6.51
652 12.17297433507893 6.52
653 12.14400440411864 6.53
654 12.17185346944628 6.54
655 12.22971042965495 6.55
656 12.23513124197211 6.56
657 12.23618000790238 6.57
658 12.25979388572969 6.58
659 12.22720819916231 6.59
660 12.17021372424029 6.600000000000001
661 12.14472214510903 6.61
662 12.11679017694337 6.62
663 12.04944409671273 6.63
664 12.02433078908955 6.640000000000001
665 12.07182570568335 6.65
666 12.05717264013638 6.66
667 12.02567570296417 6.67
668 12.04534875167201 6.68
669 12.06587276848697 6.69
670 12.08086924634075 6.7
671 12.06111996053113 6.71
672 12.08387871075393 6.72
673 12.0187114865318 6.73
674 11.9776907762739 6.74
675 11.97540302634872 6.75
676 11.93638434820586 6.76
677 11.89915995773621 6.77
678 11.88047442297376 6.78
679 11.909620190455 6.79
680 11.92113608295334 6.8
681 11.83679136686984 6.81
682 11.84366723927402 6.82
683 11.91425900204251 6.83
684 11.85823701358565 6.84
685 11.77900563487438 6.850000000000001
686 11.79560911847838 6.86
687 11.87558936056114 6.87
688 11.83900683286793 6.88
689 11.78773814323728 6.890000000000001
690 11.79389002301715 6.9
691 11.79012378000917 6.91
692 11.75186825206976 6.92
693 11.76914930474615 6.93
694 11.71322994513465 6.94
695 11.57594139490371 6.95
696 11.56121434775246 6.96
697 11.62853947276417 6.97
698 11.65460160235248 6.98
699 11.60486747355084 6.99
700 11.55330279253535 7
701 11.54397740261454 7.01
702 11.56815347857573 7.02
703 11.57782972910515 7.03
704 11.566755297531 7.04
705 11.55337875424846 7.05
706 11.52254730880977 7.06
707 11.48240255427959 7.07
708 11.48405681338933 7.08
709 11.46512074236423 7.09
710 11.42305720287815 7.100000000000001
711 11.39694000271278 7.11
712 11.38794945347845 7.12
713 11.37449474233615 7.13
714 11.36939365845049 7.140000000000001
715 11.37153972477413 7.15
716 11.32299555308415 7.16
717 11.26734768307937 7.17
718 11.22156268932127 7.18
719 11.21708097037261 7.19
720 11.17455427920812 7.2
721 11.16412023576964 7.21
722 11.16962252288956 7.22
723 11.17418568298451 7.23
724 11.12295039883555 7.24
725 11.09285307835042 7.25
726 11.0944548822316 7.26
727 11.09371216635292 7.27
728 11.05734363196789 7.28
729 11.03564408831049 7.29
730 11.04992317419456 7.3
731 11.00039024733221 7.31
732 10.95444665505186 7.32
733 10.91239283304092 7.33
734 10.88597099848258 7.34
735 10.83798774353704 7.350000000000001
736 10.80972499940177 7.36
737 10.80974295018723 7.37
738 10.77282068270281 7.38
739 10.72744066629225 7.390000000000001
740 10.69873230042317 7.4
741 10.67852227110816 7.41
742 10.64288236048282 7.42
743 10.64510882337831 7.43
744 10.61490991713589 7.44
745 10.56967902087498 7.45
746 10.53325613793597 7.46
747 10.48879643475099 7.47
748 10.47346676137572 7.48
749 10.4317554938657 7.49
750 10.42792725045274 7.5
751 10.38761853426601 7.51
752 10.34109616147551 7.52
753 10.28941991628443 7.53
754 10.24715199509934 7.54
755 10.20906037635364 7.55
756 10.1884287065213 7.56
757 10.17166802378893 7.57
758 10.18507739658283 7.58
759 10.14747745241971 7.59
760 10.10334735387362 7.600000000000001
761 10.0941560185662 7.61
762 10.06733479966488 7.62
763 10.02157954488436 7.63
764 9.993392643021224 7.640000000000001
765 9.947349573311188 7.65
766 9.90433433756689 7.66
767 9.86365511860035 7.67
768 9.832308324580925 7.68
769 9.829485148206761 7.69
770 9.80940200336417 7.7
771 9.79236129041427 7.71
772 9.758910019417398 7.72
773 9.708553737330151 7.73
774 9.66677413276199 7.74
775 9.66878930682099 7.75
776 9.630354512057004 7.76
777 9.613509854746574 7.77
778 9.567746792895528 7.78
779 9.531530212550788 7.79
780 9.53318891923284 7.8
781 9.508532426330795 7.81
782 9.492811697010351 7.82
783 9.486340828036182 7.83
784 9.479237522672546 7.84
785 9.412418355005965 7.850000000000001
786 9.414590664220698 7.86
787 9.404014857397533 7.87
788 9.378798819970356 7.88
789 9.355001881013074 7.890000000000001
790 9.354154801023324 7.9
791 9.342156449062664 7.91
792 9.308346644857982 7.92
793 9.277473107458292 7.930000000000001
794 9.275248320135235 7.94
795 9.263233443016688 7.95
796 9.204406947428835 7.96
797 9.202730247763849 7.97
798 9.217263449502555 7.98
799 9.224893056438761 7.99
800 9.275874506061189 8
801 9.256550562260644 8.01
802 9.236170969599886 8.02
803 9.23129817713802 8.029999999999999
804 9.197403087826775 8.040000000000001
805 9.15646265170674 8.050000000000001
806 9.127537138502973 8.06
807 9.14841861326744 8.07
808 9.137439965112462 8.08
809 9.093051305127579 8.09
810 9.102480642197415 8.1
811 9.149119454200223 8.109999999999999
812 9.095183354075955 8.120000000000001
813 9.117132972916867 8.130000000000001
814 9.129375995185685 8.140000000000001
815 9.112640767618604 8.15
816 9.036945663403147 8.16
817 9.056304436852384 8.17
818 9.086887270937741 8.18
819 9.09427726976954 8.19
820 9.032629022899874 8.199999999999999
821 9.026630828506319 8.210000000000001
822 9.058434716358077 8.220000000000001
823 9.11630346865768 8.23
824 9.145961513720987 8.24
825 9.114005219225096 8.25
826 9.131122579505028 8.26
827 9.129762870505868 8.27
828 9.100967580079089 8.279999999999999
829 9.118273237413145 8.290000000000001
830 9.120250171955085 8.300000000000001
831 9.104429164637311 8.31
832 9.090649979581432 8.32
833 9.115459060662939 8.33
834 9.123594552088171 8.34
835 9.099405823921588 8.35
836 9.121041574833081 8.359999999999999
837 9.14510658044694 8.370000000000001
838 9.152222313248997 8.380000000000001
839 9.143254881130714 8.390000000000001
840 9.129052378776098 8.4
841 9.139839117849519 8.41
842 9.1428853826297 8.42
843 9.147559850303589 8.43
844 9.178681665024662 8.44
845 9.194699060278701 8.449999999999999
846 9.175494795525363 8.460000000000001
847 9.189208882850163 8.470000000000001
848 9.207460626435783 8.48
849 9.195800811708558 8.49
850 9.190068743538026 8.5
851 9.196523416482929 8.51
852 9.216150738847151 8.52
853 9.217561175326463 8.529999999999999
854 9.204907938532312 8.540000000000001
855 9.209651867729084 8.550000000000001
856 9.22381789675519 8.56
857 9.224830120218455 8.57
858 9.229123506103516 8.58
859 9.238930148342408 8.59
860 9.288280123798327 8.6
861 9.265031012047329 8.609999999999999
862 9.255938555011809 8.620000000000001
863 9.30406277367346 8.630000000000001
864 9.258168998044761 8.640000000000001
865 9.254883172914155 8.65
866 9.27099826334627 8.66
867 9.28480814013021 8.67
868 9.302178426460502 8.68
869 9.214442382914276 8.69
870 9.297443533913418 8.700000000000001
871 9.316860710272802 8.710000000000001
872 9.304748135250369 8.720000000000001
873 9.296519246478741 8.73
874 9.278044936112877 8.74
875 9.323919854052194 8.75
876 9.339520016974005 8.76
877 9.345731475559488 8.77
878 9.330769307233295 8.779999999999999
879 9.332048417841433 8.790000000000001
880 9.301921373753649 8.800000000000001
881 9.301800271307012 8.81
882 9.37318023764098 8.82
883 9.388149924704914 8.83
884 9.418604744818371 8.84
885 9.401009581766489 8.85
886 9.399480916585398 8.859999999999999
887 9.41828788242597 8.870000000000001
888 9.434643106646231 8.880000000000001
889 9.457870599757468 8.890000000000001
890 9.463293386391522 8.9
891 9.480992778395001 8.91
892 9.498575076676371 8.92
893 9.476334789545469 8.93
894 9.504846585375704 8.94
895 9.525346644628707 8.950000000000001
896 9.532958978930195 8.960000000000001
897 9.528465065466865 8.970000000000001
898 9.582405132555969 8.98
899 9.595590379305358 8.99
900 9.579134881990562 9
901 9.607364354025044 9.01
902 9.60460910565693 9.02
903 9.62786037461176 9.029999999999999
904 9.641435623763527 9.040000000000001
905 9.664482572366815 9.050000000000001
906 9.687018553354429 9.06
907 9.685486459078986 9.07
908 9.666601397885902 9.08
909 9.700478636217138 9.09
910 9.709465201006164 9.1
911 9.717456010583444 9.109999999999999
912 9.706518118905672 9.120000000000001
913 9.715091485278357 9.130000000000001
914 9.711755846009064 9.140000000000001
915 9.686577635246154 9.15
916 9.714750096661005 9.16
917 9.75402606049005 9.17
918 9.721281257925034 9.18
919 9.706600762872169 9.19
920 9.731300119028948 9.200000000000001
921 9.740363300115215 9.210000000000001
922 9.713385836454419 9.220000000000001
923 9.695726912467327 9.23
924 9.727614270086729 9.24
925 9.694348057953269 9.25
926 9.698971784929649 9.26
927 9.697754072907571 9.27
928 9.703746936906752 9.279999999999999
929 9.701759974655859 9.290000000000001
930 9.680975184381317 9.300000000000001
931 9.682457402905563 9.31
932 9.690531101985263 9.32
933 9.680229551842364 9.33
934 9.709987984818461 9.34
935 9.692250107756873 9.35
936 9.707531153876873 9.359999999999999
937 9.659831798863907 9.370000000000001
938 9.701956151411643 9.380000000000001
939 9.701050096221769 9.390000000000001
940 9.712052181130126 9.4
941 9.715791771594262 9.41
942 9.702618875853165 9.42
943 9.689338228567397 9.43
944 9.66777828499956 9.44
945 9.697279093205385 9.450000000000001
946 9.728390318405516 9.460000000000001
947 9.735997078969229 9.470000000000001
948 9.741639469705822 9.48
949 9.751808093683222 9.49
950 9.782329131032569 9.5
951 9.800419706966284 9.51
952 9.784613714619393 9.52
953 9.758626613305907 9.529999999999999
954 9.783450587342294 9.540000000000001
955 9.772795109664521 9.550000000000001
956 9.796175680926693 9.56
957 9.795861963005313 9.57
958 9.789509400459538 9.58
959 9.822456026712636 9.59
960 9.813293994341935 9.6
961 9.813676511078496 9.609999999999999
962 9.836507175491995 9.620000000000001
963 9.815647117040452 9.630000000000001
964 9.850339917418959 9.640000000000001
965 9.816271885557988 9.65
966 9.900176501480777 9.66
967 9.881947121794509 9.67
968 9.860863430089065 9.68
969 9.808005499448443 9.69
970 9.830417220630427 9.700000000000001
971 9.81036274598698 9.710000000000001
972 9.814824638679958 9.720000000000001
973 9.796524859497664 9.73
974 9.837257129766311 9.74
975 9.84989962246261 9.75
976 9.808904926035298 9.76
977 9.852638304065353 9.77
978 9.82805809255186 9.779999999999999
979 9.844808425463524 9.790000000000001
980 9.844708112574581 9.800000000000001
981 9.893035650936975 9.81
982 9.889178202151284 9.82
983 9.87235023541712 9.83
984 9.926959845570209 9.84
985 10.01122038724943 9.85
986 10.0010017543525 9.859999999999999
987 9.989424213322824 9.870000000000001
988 10.03181321113553 9.880000000000001
989 10.05741198404094 9.890000000000001
990 9.982028194639332 9.9
991 9.985845052788264 9.91
992 10.05111236546637 9.92
993 10.0582456967588 9.93
994 10.07558201679361 9.94
995 10.10920615050846 9.950000000000001
996 10.06588842986665 9.960000000000001
997 10.05870019269589 9.970000000000001
998 10.05765116462045 9.98
999 10.12363507436149 9.99
1000 10.14000341171131 10
1001 10.09855540101466 10.01
1002 10.17413997524037 10.02
1003 10.14983579170629 10.03
1004 10.13294182414092 10.04
1005 10.13355796839518 10.05
1006 10.10420415305742 10.06
1007 10.10642319745135 10.07
1008 10.1343463945391 10.08
1009 10.20990023800259 10.09
1010 10.25236140363077 10.1
1011 10.19627907877175 10.11
1012 10.20004562060514 10.12
1013 10.25029006985148 10.13
1014 10.21497557871581 10.14
1015 10.23766921035207 10.15
1016 10.26325360745091 10.16
1017 10.33063157881392 10.17
1018 10.27444149983991 10.18
1019 10.27813638564918 10.19
1020 10.33526894900216 10.2
1021 10.37465299209062 10.21
1022 10.39502133497095 10.22
1023 10.43116785994795 10.23
1024 10.47568695030892 10.24
1025 10.43618052976285 10.25
1026 10.49696363333043 10.26
1027 10.55943510250136 10.27
1028 10.62833786781292 10.28
1029 10.59259916898 10.29
1030 10.62745847179416 10.3
1031 10.67273216265459 10.31
1032 10.72239209001101 10.32
1033 10.74675351171749 10.33
1034 10.74777533840079 10.34
1035 10.78497407576083 10.35
1036 10.86943858326071 10.36
1037 10.94631322813241 10.37
1038 11.02002941930887 10.38
1039 11.04941826971219 10.39
1040 11.1234748364966 10.4
1041 11.16158614605501 10.41
1042 11.17361150073892 10.42
1043 11.20566050349837 10.43
1044 11.23094200752834 10.44
1045 11.26745597334769 10.45
1046 11.33629278889565 10.46
1047 11.41768999847839 10.47
1048 11.45800787351112 10.48
1049 11.50105739681345 10.49
1050 11.54557864450009 10.5
1051 11.55978050952407 10.51
1052 11.58749785613298 10.52
1053 11.61077497197397 10.53
1054 11.66899107335969 10.54
1055 11.68510833001212 10.55
1056 11.79141908860623 10.56
1057 11.82355118308384 10.57
1058 11.79099026418031 10.58
1059 11.80429895607195 10.59
1060 11.86135418323463 10.6
1061 11.87329948927764 10.61
1062 11.9067939804048 10.62
1063 11.98505799843663 10.63
1064 12.03299969740334 10.64
1065 12.03700471862745 10.65
1066 12.0485007417355 10.66
1067 12.00798596336889 10.67
1068 11.97046311113989 10.68
1069 11.9740032237793 10.69
1070 12.01178494302563 10.7
1071 12.06913233402572 10.71
1072 12.15469209571761 10.72
1073 12.24594246935958 10.73
1074 12.28233854078363 10.74
1075 12.27066781473352 10.75
1076 12.25663680771329 10.76
1077 12.25267218407775 10.77
1078 12.25256312359498 10.78
1079 12.26293141921989 10.79
1080 12.34102443822599 10.8
1081 12.37639669565275 10.81
1082 12.41414668023226 10.82
1083 12.43606280068713 10.83
1084 12.41769388789177 10.84
1085 12.44204709008272 10.85
1086 12.43698569674336 10.86
1087 12.4784184531825 10.87
1088 12.51754039915235 10.88
1089 12.58526531134664 10.89
1090 12.62244879433734 10.9
1091 12.62609627499437 10.91
1092 12.60434624509968 10.92
1093 12.57736083000156 10.93
1094 12.51594964115741 10.94
1095 12.51148452904048 10.95
1096 12.58993445303856 10.96
1097 12.62460800702043 10.97
1098 12.69252761064418 10.98
1099 12.75691339621809 10.99
1100 12.79057222798838 11
1101 12.78819825664472 11.01
1102 12.80075469236665 11.02
1103 12.86055372724979 11.03
1104 12.86002911592013 11.04
1105 12.89701718485982 11.05
1106 12.97289912066895 11.06
1107 13.04584759512071 11.07
1108 13.05766937171515 11.08
1109 13.07309597030464 11.09
1110 13.05834667175656 11.1
1111 13.05301982716715 11.11
1112 13.05137595652527 11.12
1113 13.0790960520871 11.13
1114 13.08257098757105 11.14
1115 13.12036323219421 11.15
1116 13.18037102554161 11.16
1117 13.29308379875582 11.17
1118 13.34175126420781 11.18
1119 13.37584809542686 11.19
1120 13.38974230883385 11.2
1121 13.37017874430867 11.21
1122 13.39674906448871 11.22
1123 13.43689004252739 11.23
1124 13.45673413155553 11.24
1125 13.4767787761766 11.25
1126 13.49929630281976 11.26
1127 13.63457245215537 11.27
1128 13.67658126217239 11.28
1129 13.653625470349 11.29
1130 13.63041848675049 11.3
1131 13.65471962896246 11.31
1132 13.66989101788213 11.32
1133 13.69125190439092 11.33
1134 13.72602881842315 11.34
1135 13.80830170337826 11.35
1136 13.87332747040283 11.36
1137 13.90146544085937 11.37
1138 13.94494268296911 11.38
1139 13.93370402896236 11.39
1140 13.88395945660066 11.4
1141 13.85886677329312 11.41
1142 13.85129879538454 11.42
1143 13.893720713333 11.43
1144 13.95977856276935 11.44
1145 14.02123740768977 11.45
1146 14.08379418020247 11.46
1147 14.12186900403387 11.47
1148 14.15347367797012 11.48
1149 14.15485233988892 11.49
1150 14.11967136616292 11.5
1151 14.12959032187763 11.51
1152 14.09543495785911 11.52
1153 14.10505177363004 11.53
1154 14.14051862135616 11.54
1155 14.1610135924965 11.55
1156 14.22323621047319 11.56
1157 14.26189941436149 11.57
1158 14.34489248154035 11.58
1159 14.32055607971335 11.59
1160 14.28529253072278 11.6
1161 14.27162332563278 11.61
1162 14.25524580954708 11.62
1163 14.25798775181233 11.63
1164 14.27588969878282 11.64
1165 14.27561937015121 11.65
1166 14.31257199998911 11.66
1167 14.35391420878037 11.67
1168 14.3619821813869 11.68
1169 14.36500116864672 11.69
1170 14.36550840235956 11.7
1171 14.36732438711715 11.71
1172 14.34392517189529 11.72
1173 14.3202023757842 11.73
1174 14.34707333330002 11.74
1175 14.3273253712214 11.75
1176 14.31472911753349 11.76
1177 14.35710990778559 11.77
1178 14.3593925250045 11.78
1179 14.30535737575171 11.79
1180 14.30783041881521 11.8
1181 14.36853352969262 11.81
1182 14.40107562162817 11.82
1183 14.36864583833416 11.83
1184 14.34945366094227 11.84
1185 14.31114804214418 11.85
1186 14.26577210702327 11.86
1187 14.1764534297838 11.87
1188 14.20548529759306 11.88
1189 14.20285041071342 11.89
1190 14.17991874580574 11.9
1191 14.18267899031319 11.91
1192 14.19237274823937 11.92
1193 14.20138202356922 11.93
1194 14.19300366422708 11.94
1195 14.18425549844406 11.95
1196 14.15753804223599 11.96
1197 14.08804672482423 11.97
1198 14.06083076353288 11.98
1199 14.08434254091292 11.99
1200 14.01142815028238 12
1201 13.94015271755962 12.01
1202 13.90907630666557 12.02
1203 13.91539317153918 12.03
1204 13.88707840203454 12.04
1205 13.87625892349863 12.05
1206 13.86578141644191 12.06
1207 13.84066646561583 12.07
1208 13.82293407660148 12.08
1209 13.78387867439257 12.09
1210 13.72691709039715 12.1
1211 13.63829371406805 12.11
1212 13.59655313136795 12.12
1213 13.58667377025463 12.13
1214 13.57626183947061 12.14
1215 13.50690988937795 12.15
1216 13.48750870230441 12.16
1217 13.44010928358919 12.17
1218 13.3851835802104 12.18
1219 13.32689806181459 12.19
1220 13.29836919795172 12.2
1221 13.26795195551866 12.21
1222 13.23662355348551 12.22
1223 13.18356482036864 12.23
1224 13.1607965140373 12.24
1225 13.11969828820535 12.25
1226 13.10857919327354 12.26
1227 13.02422977825789 12.27
1228 12.9278258390049 12.28
1229 12.85140435536033 12.29
1230 12.82426476464164 12.3
1231 12.75184822203066 12.31
1232 12.66531591905141 12.32
1233 12.61288745441934 12.33
1234 12.6041751819159 12.34
1235 12.54885078156493 12.35
1236 12.46158095330859 12.36
1237 12.44979547192909 12.37
1238 12.4507543442452 12.38
1239 12.3675309298659 12.39
1240 12.28951715798946 12.4
1241 12.20475786996207 12.41
1242 12.15232180338543 12.42
1243 12.09249772190937 12.43
1244 12.01026002920033 12.44
1245 11.91789196204479 12.45
1246 11.84208405220082 12.46
1247 11.77045664304967 12.47
1248 11.7332028865365 12.48
1249 11.70157630771578 12.49
1250 11.61900943880068 12.5
1251 11.49218691401817 12.51
1252 11.3967049430966 12.52
1253 11.34576344398204 12.53
1254 11.30365235302745 12.54
1255 11.27361358095776 12.55
1256 11.24291958855437 12.56
1257 11.16804928360861 12.57
1258 11.10207036259342 12.58
1259 11.04962272270357 12.59
1260 11.01078065059168 12.6
1261 10.92982953612304 12.61
1262 10.83814747342928 12.62
1263 10.76597619383714 12.63
1264 10.71882655653193 12.64
1265 10.62316125493686 12.65
1266 10.58051376030108 12.66
1267 10.54024865431654 12.67
1268 10.48887335819359 12.68
1269 10.42116483306229 12.69
1270 10.42652265383792 12.7
1271 10.40210591788028 12.71
1272 10.31606163872655 12.72
1273 10.28035922083859 12.73
1274 10.23191608226465 12.74
1275 10.16787256824112 12.75
1276 10.11149240440402 12.76
1277 10.08424670697925 12.77
1278 10.10727163585458 12.78
1279 10.04842470874183 12.79
1280 10.00583010829457 12.8
1281 10.02603957354284 12.81
1282 10.01257086427776 12.82
1283 9.954347191782855 12.83
1284 9.87427862951064 12.84
1285 9.858208002272919 12.85
1286 9.808474750056197 12.86
1287 9.841081678908068 12.87
1288 9.881750571900316 12.88
1289 9.872012835558186 12.89
1290 9.814500576232421 12.9
1291 9.778298591003407 12.91
1292 9.783198360407786 12.92
1293 9.755492289137218 12.93
1294 9.763296502879902 12.94
1295 9.771779380376035 12.95
1296 9.799156901113358 12.96
1297 9.792101885028721 12.97
1298 9.788100833644924 12.98
1299 9.803930356951788 12.99
1300 9.800768066477042 13
1301 9.838576796047976 13.01
1302 9.849894591012903 13.02
1303 9.830681607217423 13.03
1304 9.819143959382203 13.04
1305 9.81280176464573 13.05
1306 9.840774939369787 13.06
1307 9.832642626360069 13.07
1308 9.838379532069544 13.08
1309 9.889478272196797 13.09
1310 9.913822223285312 13.1
1311 9.902937865163514 13.11
1312 9.884098044539932 13.12
1313 9.910370111020141 13.13
1314 9.919712418049334 13.14
1315 9.907605858703397 13.15
1316 9.869582587978821 13.16
1317 9.894908475531965 13.17
1318 9.872214476419808 13.18
1319 9.839693602035492 13.19
1320 9.834903133393116 13.2
1321 9.855278662789974 13.21
1322 9.818297441151206 13.22
1323 9.804357559487453 13.23
1324 9.77992502727693 13.24
1325 9.760504021893121 13.25
1326 9.70484967323786 13.26
1327 9.709203004978541 13.27
1328 9.678325877834663 13.28
1329 9.626553883923116 13.29
1330 9.59351061143432 13.3
1331 9.588891765291702 13.31
1332 9.577711548139948 13.32
1333 9.539606116900222 13.33
1334 9.519119470228711 13.34
1335 9.494895185131595 13.35
1336 9.432216495383791 13.36
1337 9.434805600264658 13.37
1338 9.421755880415896 13.38
1339 9.406686561924293 13.39
1340 9.366476042523486 13.4
1341 9.351998976693285 13.41
1342 9.342550986870858 13.42
1343 9.35611019302171 13.43
1344 9.365221780356194 13.44
1345 9.344286302159478 13.45
1346 9.337966687490054 13.46
1347 9.318513942761415 13.47
1348 9.342779635612475 13.48
1349 9.367969877052852 13.49
1350 9.389714455140938 13.5
1351 9.37526630903136 13.51
1352 9.372958603914036 13.52
1353 9.400462463862853 13.53
1354 9.39164385087372 13.54
1355 9.403642628949706 13.55
1356 9.432007686716394 13.56
1357 9.475358560808971 13.57
1358 9.42993272260105 13.58
1359 9.428808107040856 13.59
1360 9.480098342198106 13.6
1361 9.503775838055848 13.61
1362 9.521593366428947 13.62
1363 9.552902326284253 13.63
1364 9.575739215716853 13.64
1365 9.543122928542473 13.65
1366 9.550777878795293 13.66
1367 9.590775348548192 13.67
1368 9.622615627750854 13.68
1369 9.622794161960465 13.69
1370 9.637287686656441 13.7
1371 9.643633336755052 13.71
1372 9.607053099238847 13.72
1373 9.615963516406973 13.73
1374 9.643809346572073 13.74
1375 9.663468225891753 13.75
1376 9.640542788355772 13.76
1377 9.641450717900877 13.77
1378 9.636540421145829 13.78
1379 9.629625127176441 13.79
1380 9.644759141198456 13.8
1381 9.654369612374241 13.81
1382 9.653101789943783 13.82
1383 9.625228419011366 13.83
1384 9.644166595265066 13.84
1385 9.647497909566573 13.85
1386 9.604639087933442 13.86
1387 9.565951969100185 13.87
1388 9.5660386461272 13.88
1389 9.567029103876036 13.89
1390 9.558885905063468 13.9
1391 9.578452025865005 13.91
1392 9.587369565794722 13.92
1393 9.586105094861555 13.93
1394 9.567615823207149 13.94
1395 9.588631637348525 13.95
1396 9.555190784370312 13.96
1397 9.495158153725757 13.97
1398 9.511238869388205 13.98
1399 9.543155427370419 13.99
1400 9.512380031247865 14
1401 9.472349999061102 14.01
1402 9.480699289842864 14.02
1403 9.501688930343386 14.03
1404 9.50844574612896 14.04
1405 9.494000049683693 14.05
1406 9.497506537449283 14.06
1407 9.525599859168507 14.07
1408 9.509386487396226 14.08
1409 9.491371898787753 14.09
1410 9.492479059661262 14.1
1411 9.467692754496046 14.11
1412 9.478088054234686 14.12
1413 9.485367392837189 14.13
1414 9.506237661788274 14.14
1415 9.51415393255713 14.15
1416 9.494947576764266 14.16
1417 9.491810200473424 14.17
1418 9.479138810974225 14.18
1419 9.476405408978996 14.19
1420 9.465562586689273 14.2
1421 9.473391587815545 14.21
1422 9.509310242153134 14.22
1423 9.478252798646663 14.23
1424 9.494575075542521 14.24
1425 9.490024874749963 14.25
1426 9.476003340630985 14.26
1427 9.450878144384864 14.27
1428 9.494810247544835 14.28
1429 9.439487321139064 14.29
1430 9.462339375679932 14.3
1431 9.44540549778826 14.31
1432 9.497451505541479 14.32
1433 9.475103899321772 14.33
1434 9.458751879577713 14.34
1435 9.460822508919057 14.35
1436 9.484431726121532 14.36
1437 9.429112358135097 14.37
1438 9.445805285382864 14.38
1439 9.437526709591952 14.39
1440 9.50724937176828 14.4
1441 9.465560451135557 14.41
1442 9.434028540712877 14.42
1443 9.497426770114604 14.43
1444 9.483258560208416 14.44
1445 9.461907912035674 14.45
1446 9.459720634488573 14.46
1447 9.471888220865427 14.47
1448 9.470515029808997 14.48
1449 9.463854008919263 14.49
1450 9.458779346278304 14.5
1451 9.445974883275372 14.51
1452 9.421353829135773 14.52
1453 9.404076278327128 14.53
1454 9.440689090718839 14.54
1455 9.469145827607536 14.55
1456 9.471410961820173 14.56
1457 9.437202541632272 14.57
1458 9.470763949557155 14.58
1459 9.468448168743391 14.59
1460 9.392396326944443 14.6
1461 9.43746651319727 14.61
1462 9.445784182235354 14.62
1463 9.482743670610086 14.63
1464 9.474915670084481 14.64
1465 9.454611367059634 14.65
1466 9.474142288260975 14.66
1467 9.473608045493476 14.67
1468 9.475470211801444 14.68
1469 9.46417260095506 14.69
1470 9.508315153448445 14.7
1471 9.542461557064884 14.71
1472 9.501394334405489 14.72
1473 9.538366192401831 14.73
1474 9.493716573793566 14.74
1475 9.495626476197682 14.75
1476 9.483961828318554 14.76
1477 9.503421591670993 14.77
1478 9.484120380542938 14.78
1479 9.522169123873102 14.79
1480 9.538249690012037 14.8
1481 9.550529681642455 14.81
1482 9.531238219648881 14.82
1483 9.549213455563889 14.83
1484 9.550495453573896 14.84
1485 9.553725327660336 14.85
1486 9.552970462571587 14.86
1487 9.587892194432879 14.87
1488 9.602921038987509 14.88
1489 9.588629950557159 14.89
1490 9.61024734249929 14.9
1491 9.627316212423345 14.91
1492 9.632286144309081 14.92
1493 9.591964402041878 14.93
1494 9.613150466660318 14.94
1495 9.601332699539974 14.95
1496 9.618399736819978 14.96
1497 9.657183627937743 14.97
1498 9.628083400983995 14.98
1499 9.623077996595898 14.99
1500 9.64519871650371 15
1501 9.598399639349312 15.01
1502 9.598722401630381 15.02
1503 9.567900293069624 15.03
1504 9.555214035246014 15.04
1505 9.53444619354976 15.05
1506 9.562027631250881 15.06
1507 9.604680493448152 15.07
1508 9.584810824876273 15.08
1509 9.659772490507407 15.09
1510 9.653973193482379 15.1
1511 9.660063047564158 15.11
1512 9.590134750727742 15.12
1513 9.605615487407245 15.13
1514 9.647349680201627 15.14
1515 9.626412469624512 15.15
1516 9.61758289204837 15.16
1517 9.616340222300147 15.17
1518 9.647786209452812 15.18
1519 9.66285059811822 15.19
1520 9.625983530222289 15.2
1521 9.629535233817668 15.21
1522 9.672271513534524 15.22
1523 9.70545167327332 15.23
1524 9.724226943457248 15.24
1525 9.699144620659451 15.25
1526 9.711880886576369 15.26
1527 9.682338155208242 15.27
1528 9.724394930062088 15.28
1529 9.778472799331926 15.29
1530 9.804276759482082 15.3
1531 9.847045049665759 15.31
1532 9.813524403876476 15.32
1533 9.806106403959877 15.33
1534 9.789599598889284 15.34
1535 9.782950092118027 15.35
1536 9.747641477992765 15.36
1537 9.779708603868096 15.37
1538 9.847700649649703 15.38
1539 9.848754234395612 15.39
1540 9.758735444222815 15.4
1541 9.775470253644551 15.41
1542 9.821354332527987 15.42
1543 9.861892495389913 15.43
1544 9.838657876807508 15.44
1545 9.757899572118619 15.45
1546 9.790806171881789 15.46
1547 9.84750157156863 15.47
1548 9.809276930669983 15.48
1549 9.821532654964637 15.49
1550 9.887763090883217 15.5
1551 9.927231332673198 15.51
1552 9.86492508065283 15.52
1553 9.875881692746526 15.53
1554 9.905920052930929 15.54
1555 9.973409524263928 15.55
1556 9.933109885973536 15.56
1557 9.928723876177109 15.57
1558 9.987653498622761 15.58
1559 10.0587991271468 15.59
1560 10.05613824382332 15.6
1561 10.03035770855561 15.61
1562 10.09226254045925 15.62
1563 10.1224650048715 15.63
1564 10.14014770384756 15.64
1565 10.12484341703036 15.65
1566 10.15884095993626 15.66
1567 10.25045325053488 15.67
1568 10.27011289679035 15.68
1569 10.29265162471989 15.69
1570 10.33977512560226 15.7
1571 10.36862041606567 15.71
1572 10.34510923730955 15.72
1573 10.42581603057317 15.73
1574 10.49773607901951 15.74
1575 10.60714879318388 15.75
1576 10.66052671958534 15.76
1577 10.72425919778144 15.77
1578 10.73841934912401 15.78
1579 10.70546093281316 15.79
1580 10.71721269934876 15.8
1581 10.76701617471164 15.81
1582 10.85308585149041 15.82
1583 10.95761951894713 15.83
1584 11.06458521589477 15.84
1585 11.10513864517374 15.85
1586 11.17496470421323 15.86
1587 11.16352397631139 15.87
1588 11.14752743341531 15.88
1589 11.18495382565194 15.89
1590 11.27601212701968 15.9
1591 11.37216885586077 15.91
1592 11.45313662596788 15.92
1593 11.4803593223175 15.93
1594 11.49742281492997 15.94
1595 11.51246180518284 15.95
1596 11.51271141014174 15.96
1597 11.5850798820277 15.97
1598 11.66668317839129 15.98
1599 11.74204194577131 15.99
1600 11.81803872524589 16
1601 11.87448114010742 16.01
1602 11.82568220309979 16.02
1603 11.76425990269112 16.03
1604 11.74676090336893 16.04
1605 11.71113235306117 16.05
1606 11.71337307763775 16.06
1607 11.7696384647526 16.07
1608 11.81208675643533 16.08
1609 11.91106249450657 16.09
1610 11.99390425937035 16.1
1611 12.02490626848672 16.11
1612 12.03011994353291 16.12
1613 11.97800705763729 16.13
1614 11.97754579860681 16.14
1615 11.97592489729797 16.15
1616 12.00745310670075 16.16
1617 12.07104662879325 16.17
1618 12.1207387890367 16.18
1619 12.10633463528756 16.19
1620 12.06109767904624 16.2
1621 12.01679218910533 16.21
1622 12.05953662565067 16.22
1623 12.09781172876131 16.23
1624 12.14248302154768 16.24
1625 12.22712913142274 16.25
1626 12.22559693840894 16.26
1627 12.23720620146892 16.27
1628 12.17105641295867 16.28
1629 12.1108564819088 16.29
1630 12.03557064673157 16.3
1631 11.99785653766802 16.31
1632 11.9228337318006 16.32
1633 11.93207902853116 16.33
1634 12.03593133399713 16.34
1635 12.0972043858713 16.35
1636 12.13247386729686 16.36
1637 12.13843238984213 16.37
1638 12.09201294308443 16.38
1639 12.06928474251353 16.39
1640 12.03873421303904 16.4
1641 12.07941233899612 16.41
1642 12.12610570043563 16.42
1643 12.14541831364666 16.43
1644 12.18123583864938 16.44
1645 12.18246213339681 16.45
1646 12.13582265340998 16.46
1647 12.07467236142959 16.47
1648 11.9939840425466 16.48
1649 11.94762861779433 16.49
1650 11.95181946797177 16.5
1651 11.97427204319831 16.51
1652 12.0393530214522 16.52
1653 12.09976442964954 16.53
1654 12.14995527196378 16.54
1655 12.12966124451474 16.55
1656 12.14301002492509 16.56
1657 12.10350467261651 16.57
1658 12.06764719976784 16.58
1659 12.10447960153745 16.59
1660 12.18993758649607 16.6
1661 12.23389454939205 16.61
1662 12.15467783670321 16.62
1663 12.10030235690555 16.63
1664 12.26074087446985 16.64
1665 12.3047212695983 16.65
1666 12.25597215312733 16.66
1667 12.17231546256078 16.67
1668 12.11173150498267 16.68
1669 12.13287663575573 16.69
1670 12.15742218701246 16.7
1671 12.21039896606423 16.71
1672 12.30364129718019 16.72
1673 12.4206937314225 16.73
1674 12.40894227018893 16.74
1675 12.41598877525376 16.75
1676 12.37384875254842 16.76
1677 12.2557409177707 16.77
1678 12.21668180374455 16.78
1679 12.21163209115779 16.79
1680 12.13197293431077 16.8
1681 12.19508878132478 16.81
1682 12.29929229553158 16.82
1683 12.42509913364334 16.83
1684 12.50409842414246 16.84
1685 12.4701046525822 16.85
1686 12.49635301837554 16.86
1687 12.43983344564914 16.87
1688 12.41161841201145 16.88
1689 12.35471857930281 16.89
1690 12.30523436140559 16.9
1691 12.30967426807206 16.91
1692 12.34743975395392 16.92
1693 12.4260887036367 16.93
1694 12.47349775041947 16.94
1695 12.53937026913738 16.95
1696 12.55522378040972 16.96
1697 12.5040820571533 16.97
1698 12.42335675341557 16.98
1699 12.34474879580185 16.99
1700 12.3632731243915 17
1701 12.36239913681861 17.01
1702 12.35859761105477 17.02
1703 12.39676098828067 17.03
1704 12.48568185272637 17.04
1705 12.52527844944988 17.05
1706 12.51614738342226 17.06
1707 12.5155655036581 17.07
1708 12.46068614104202 17.08
1709 12.38583919708832 17.09
1710 12.34121732901739 17.1
1711 12.36500732148138 17.11
1712 12.32954848086847 17.12
1713 12.36181779676856 17.13
1714 12.45082610715686 17.14
1715 12.53178812981513 17.15
1716 12.52973063845967 17.16
1717 12.5700531052362 17.17
1718 12.59079656817145 17.18
1719 12.51896858347534 17.19
1720 12.44243987383822 17.2
1721 12.42544850040489 17.21
1722 12.43301946407877 17.22
1723 12.42531461950133 17.23
1724 12.41069365835159 17.24
1725 12.41462999516786 17.25
1726 12.40114786627384 17.26
1727 12.51308705794943 17.27
1728 12.48854081395796 17.28
1729 12.50085638099596 17.29
1730 12.52846834094318 17.3
1731 12.52288310871128 17.31
1732 12.56634366454402 17.32
1733 12.58276779742839 17.33
1734 12.5373519560794 17.34
1735 12.52528575091215 17.35
1736 12.53617295837448 17.36
1737 12.53173212015624 17.37
1738 12.44277578214803 17.38
1739 12.44496170964117 17.39
1740 12.48314576192902 17.4
1741 12.51454561747499 17.41
1742 12.48642241825324 17.42
1743 12.4823930093772 17.43
1744 12.52776145860052 17.44
1745 12.58425818399796 17.45
1746 12.55453566017951 17.46
1747 12.53919025192906 17.47
1748 12.51786582068994 17.48
1749 12.52947706016492 17.49
1750 12.45967512337457 17.5
1751 12.46140177473528 17.51
1752 12.470824371143 17.52
1753 12.55284750796393 17.53
1754 12.49233206558031 17.54
1755 12.41375290213465 17.55
1756 12.41254349746962 17.56
1757 12.46718909013298 17.57
1758 12.55578817980798 17.58
1759 12.46515817045922 17.59
1760 12.43424926675573 17.6
1761 12.489272184427 17.61
1762 12.48007768802933 17.62
1763 12.44093711605168 17.63
1764 12.4849398951533 17.64
1765 12.51509726727433 17.65
1766 12.48309135266774 17.66
1767 12.42536031506953 17.67
1768 12.42269123114535 17.68
1769 12.39811644364339 17.69
1770 12.37846670649116 17.7
1771 12.36041317990463 17.71
1772 12.32928702299688 17.72
1773 12.31635570914393 17.73
1774 12.31647184146304 17.74
1775 12.32982708836134 17.75
1776 12.32808594784595 17.76
1777 12.33264385749988 17.77
1778 12.32221640990504 17.78
1779 12.32188009408048 17.79
1780 12.3148203197022 17.8
1781 12.29665412446158 17.81
1782 12.24825034833389 17.82
1783 12.21253717409307 17.83
1784 12.19577384545863 17.84
1785 12.16500307067179 17.85
1786 12.1651136553746 17.86
1787 12.14708647546204 17.87
1788 12.13074660529908 17.88
1789 12.11742202649655 17.89
1790 12.09169214482133 17.9
1791 12.04917760832015 17.91
1792 12.01784942988011 17.92
1793 11.99073122569233 17.93
1794 11.9497031696184 17.94
1795 11.88211184220082 17.95
1796 11.86458690340086 17.96
1797 11.84720838275284 17.97
1798 11.82085476287153 17.98
1799 11.79974800879137 17.99
1800 11.78792152904454 18
1801 11.76379046478743 18.01
1802 11.72463914143384 18.02
1803 11.69033944739497 18.03
1804 11.66918625113359 18.04
1805 11.62455398119381 18.05
1806 11.5513941849475 18.06
1807 11.48934944090293 18.07
1808 11.43784328056461 18.08
1809 11.37904911436567 18.09
1810 11.32495200935013 18.1
1811 11.28135420099629 18.11
1812 11.2405054992087 18.12
1813 11.17992650865106 18.13
1814 11.14432131899689 18.14
1815 11.11275809336228 18.15
1816 11.06818966494123 18.16
1817 11.01504514379289 18.17
1818 10.97272019912725 18.18
1819 10.92845194765277 18.19
1820 10.87468228312841 18.2
1821 10.81901425607561 18.21
1822 10.76069614958988 18.22
1823 10.68638741659763 18.23
1824 10.66405631734805 18.24
1825 10.61766099335998 18.25
1826 10.57015624924447 18.26
1827 10.533758307633 18.27
1828 10.49914641195637 18.28
1829 10.42839036550249 18.29
1830 10.34222213335237 18.3
1831 10.28713599495375 18.31
1832 10.25784703680729 18.32
1833 10.24249832141649 18.33
1834 10.18719225546391 18.34
1835 10.17173911167951 18.35
1836 10.1360160874749 18.36
1837 10.11141730408016 18.37
1838 10.05960226497989 18.38
1839 10.01828566842539 18.39
1840 9.96526571515313 18.4
1841 9.912017009882286 18.41
1842 9.89242326022306 18.42
1843 9.872958871051855 18.43
1844 9.883215164043214 18.44
1845 9.845478313358157 18.45
1846 9.792564710746047 18.46
1847 9.754290065014326 18.47
1848 9.730800219256144 18.48
1849 9.718404071039984 18.49
1850 9.700383491285184 18.5
1851 9.670422138819937 18.51
1852 9.623004910602397 18.52
1853 9.594867956349702 18.53
1854 9.58862776824998 18.54
1855 9.599445019683499 18.55
1856 9.547429787422857 18.56
1857 9.52449809371155 18.57
1858 9.469873822022066 18.58
1859 9.438036111025086 18.59
1860 9.438600502396651 18.6
1861 9.464740089150375 18.61
1862 9.45331455471427 18.62
1863 9.42616584246646 18.63
1864 9.407156755265129 18.64
1865 9.395166755633305 18.65
1866 9.367527872795433 18.66
1867 9.338194826867847 18.67
1868 9.318905990189712 18.68
1869 9.313051341438586 18.69
1870 9.27204209826383 18.7
1871 9.256378341137282 18.71
1872 9.258042817919671 18.72
1873 9.269481012133499 18.73
1874 9.241961192992202 18.74
1875 9.248895223788132 18.75
1876 9.237148592827287 18.76
1877 9.201443087965155 18.77
1878 9.195208200789223 18.78
1879 9.185559965445304 18.79
1880 9.181822070285437 18.8
1881 9.174283541292162 18.81
1882 9.164996385699268 18.82
1883 9.168177048910547 18.83
1884 9.17139165214464 18.84
1885 9.155236636052248 18.85
1886 9.140738273945388 18.86
1887 9.156737009324599 18.87
1888 9.131266125165832 18.88
1889 9.122978300458538 18.89
1890 9.129108109251954 18.9
1891 9.112121357153297 18.91
1892 9.11304112867162 18.92
1893 9.108311732876563 18.93
1894 9.09631843360237 18.94
1895 9.073295894186499 18.95
1896 9.081022199275937 18.96
1897 9.133273010517094 18.97
1898 9.14323328644068 18.98
1899 9.114810832581627 18.99
1900 9.150484288269354 19
1901 9.169923622555766 19.01
1902 9.139034311980055 19.02
1903 9.126337548921658 19.03
1904 9.164116503653894 19.04
1905 9.159931077244018 19.05
1906 9.135946727178833 19.06
1907 9.159159966052137 19.07
1908 9.158384163823277 19.08
1909 9.153244200369935 19.09
1910 9.163655345292893 19.1
1911 9.190686637788845 19.11
1912 9.185715102283638 19.12
1913 9.195312624018195 19.13
1914 9.207805979155696 19.14
1915 9.205887284784163 19.15
1916 9.19692513867331 19.16
1917 9.198601329558304 19.17
1918 9.214683227751477 19.18
1919 9.252762511641492 19.19
1920 9.344584832423807 19.2
1921 9.291586915296262 19.21
1922 9.252086560153257 19.22
1923 9.271741259613615 19.23
1924 9.259604088895031 19.24
1925 9.316251767356297 19.25
1926 9.345311846500266 19.26
1927 9.333292731443271 19.27
1928 9.320818077320526 19.28
1929 9.296864620974905 19.29
1930 9.3141616288516 19.3
1931 9.324084820340509 19.31
1932 9.375926819209008 19.32
1933 9.36762663351937 19.33
1934 9.377321342394094 19.34
1935 9.35293399840773 19.35
1936 9.379325145524415 19.36
1937 9.404012211066146 19.37
1938 9.425973549511907 19.38
1939 9.383797934693574 19.39
1940 9.350664119877168 19.4
1941 9.392118530163579 19.41
1942 9.440970155088486 19.42
1943 9.475760724085861 19.43
1944 9.498135994195305 19.44
1945 9.485238599497936 19.45
1946 9.485013500039974 19.46
1947 9.476408899667106 19.47
1948 9.503252365009292 19.48
1949 9.499028176376269 19.49
1950 9.510503688103084 19.5
1951 9.530607787116146 19.51
1952 9.567499567634158 19.52
1953 9.559444736158055 19.53
1954 9.562103643035433 19.54
1955 9.61105356159217 19.55
1956 9.577725051279517 19.56
1957 9.602084666937493 19.57
1958 9.592501442556772 19.58
1959 9.60553203646143 19.59
1960 9.58411848246757 19.6
1961 9.614353037314736 19.61
1962 9.620812555341102 19.62
1963 9.604614117326614 19.63
1964 9.59880388355448 19.64
1965 9.630584765107745 19.65
1966 9.651646964333414 19.66
1967 9.63881392327497 19.67
1968 9.638971832662461 19.68
1969 9.652202086182569 19.69
1970 9.642637750236869 19.7
1971 9.630675419919104 19.71
1972 9.653702867071353 19.72
1973 9.673978501838731 19.73
1974 9.661382090609941 19.74
1975 9.665627286507403 19.75
1976 9.669105066242517 19.76
1977 9.659220337004438 19.77
1978 9.652825945002164 19.78
1979 9.645031733248244 19.79
1980 9.65871764025878 19.8
1981 9.664976037691199 19.81
1982 9.65277472981165 19.82
1983 9.670386243176695 19.83
1984 9.652300376395457 19.84
1985 9.621320863163875 19.85
1986 9.633440314811009 19.86
1987 9.602649993300179 19.87
1988 9.623188956835648 19.88
1989 9.593319876300523 19.89
1990 9.604159357413845 19.9
1991 9.593818931448196 19.91
1992 9.580003576066508 19.92
1993 9.540139689476479 19.93
1994 9.568937351664838 19.94
1995 9.587437435510965 19.95
1996 9.539733323284278 19.96
1997 9.533794531597341 19.97
1998 9.552657828666833 19.98
1999 9.52308370524346 19.99
2000 9.506454221325331 20
