"cm-rfile"
"Time Step" "cm etc.."
("Time Step" "cm" "flow-time")
0 0 0
1 -0.2172560776497803 0.01
2 0.2610072166325256 0.02
3 -0.2715393705833096 0.03
4 -0.2691961892587671 0.04
5 -0.2648435384207264 0.05
6 -0.2706482037264946 0.06
7 -0.2603372883106546 0.07000000000000001
8 -0.2462408293549184 0.08
9 -0.240320514490153 0.09
10 -0.2269108425924469 0.1
11 -0.2061210347265222 0.11
12 -0.1932006082779538 0.12
13 -0.186926339704273 0.13
14 -0.1934361692261111 0.14
15 -0.1991299249741145 0.15
16 -0.2001433197293808 0.16
17 -0.1945557769518965 0.17
18 -0.1858500350910855 0.18
19 -0.1568568223716162 0.19
20 -0.1490471202261892 0.2
21 -0.1427038073012842 0.21
22 -0.1485521333855644 0.22
23 -0.1465063163400345 0.23
24 -0.1532527726176777 0.24
25 -0.1473270267003033 0.25
26 -0.1451194606568886 0.26
27 -0.139623037995154 0.27
28 -0.134703911539188 0.28
29 -0.1262303633107226 0.29
30 -0.1161479391034027 0.3
31 -0.1160609857325752 0.31
32 -0.1159551394710761 0.32
33 -0.1231179659876525 0.33
34 -0.130167675865692 0.34
35 -0.126298860184232 0.35
36 -0.1231704572297709 0.36
37 -0.110349583585865 0.37
38 -0.09201350919975022 0.38
39 -0.08929801684692569 0.39
40 -0.08153499458518011 0.4
41 -0.07426064754356439 0.41
42 -0.06760529383222176 0.42
43 -0.07320704248648818 0.43
44 -0.07413640255481908 0.44
45 -0.06802318941316723 0.45
46 -0.06549298830485425 0.46
47 -0.06453369903027693 0.47
48 -0.06855651591697097 0.48
49 -0.06791714633029335 0.49
50 -0.06826601617206685 0.5
51 -0.07479950611541966 0.51
52 -0.06702739519244566 0.52
53 -0.06291484182217071 0.53
54 -0.05701104742725874 0.54
55 -0.05138143234575265 0.55
56 -0.05004428988633996 0.5600000000000001
57 -0.03435899667880932 0.5700000000000001
58 -0.02105270179206772 0.58
59 -0.01688909076315583 0.59
60 -0.01608399357724972 0.6
61 -0.02050803266431749 0.61
62 -0.02551872693142045 0.62
63 -0.02838311328185086 0.63
64 -0.02092101398168611 0.64
65 -0.01136090447984233 0.65
66 -0.002998474907811452 0.66
67 0.002327847879045581 0.67
68 0.01832023494882687 0.68
69 0.02298120140879093 0.6900000000000001
70 0.02985593559564278 0.7000000000000001
71 0.03825348636930889 0.71
72 0.04922823170296842 0.72
73 0.05816246496791776 0.73
74 0.03019501501064914 0.74
75 0.02069587194404846 0.75
76 0.03140960811175408 0.76
77 0.04008021236892705 0.77
78 0.06001279385279829 0.78
79 0.07170864057253058 0.79
80 0.09796691034781861 0.8
81 0.1085052889633294 0.8100000000000001
82 0.1050749845603101 0.8200000000000001
83 0.0972144829415348 0.8300000000000001
84 0.09109431720000324 0.84
85 0.09357692412166485 0.85
86 0.09591278770376455 0.86
87 0.09821646992162705 0.87
88 0.1037238581228562 0.88
89 0.109473416967595 0.89
90 0.1196647557256534 0.9
91 0.132703849312038 0.91
92 0.1412430734209547 0.92
93 0.1434802187333185 0.93
94 0.14431967536946 0.9400000000000001
95 0.1434266309158175 0.9500000000000001
96 0.1456355542952774 0.96
97 0.1443724438987396 0.97
98 0.1512525104533479 0.98
99 0.158391222618856 0.99
100 0.1645669302262577 1
101 0.1704485271027702 1.01
102 0.1721221799494964 1.02
103 0.1769244305021893 1.03
104 0.1752636369411618 1.04
105 0.1838279598377156 1.05
106 0.1916645196609013 1.06
107 0.194991896188759 1.07
108 0.1965989579157155 1.08
109 0.2003008077264974 1.09
110 0.2032141124767469 1.1
111 0.2007213942204532 1.11
112 0.2036123252893791 1.12
113 0.2041521853022374 1.13
114 0.203973055912069 1.14
115 0.2143900534996818 1.15
116 0.2153981668465965 1.16
117 0.2210372654726245 1.17
118 0.2282562410482881 1.18
119 0.234085004524556 1.19
120 0.2354827882707864 1.2
121 0.2307380217771623 1.21
122 0.227409430233779 1.22
123 0.232330786925965 1.23
124 0.2296804884054237 1.24
125 0.2381895199038357 1.25
126 0.2339241864832121 1.26
127 0.2269473739119028 1.27
128 0.2310162620567872 1.28
129 0.243893978636464 1.29
130 0.2502001668883845 1.3
131 0.2432257896922054 1.31
132 0.2398951031689246 1.32
133 0.2430693044083364 1.33
134 0.2496861907396414 1.34
135 0.2484245640889587 1.35
136 0.2563794703839398 1.36
137 0.2635346370079013 1.37
138 0.2519852732051965 1.38
139 0.2485427482060505 1.39
140 0.2465686334293044 1.4
141 0.2541721850993897 1.41
142 0.2568157172301988 1.42
143 0.2559007331530476 1.43
144 0.2542861479482082 1.44
145 0.2604743353896016 1.45
146 0.257639509384988 1.46
147 0.2593997453534476 1.47
148 0.2641475767036123 1.48
149 0.2729234716174023 1.49
150 0.2729589959258348 1.5
151 0.2712377168203436 1.51
152 0.2743302696257346 1.52
153 0.2773780646859775 1.53
154 0.2810390380769919 1.54
155 0.2783154749101676 1.55
156 0.2781623470062941 1.56
157 0.2784476194370075 1.57
158 0.2806067412642248 1.58
159 0.2775954190879168 1.59
160 0.2792342771571368 1.6
161 0.2773256855521851 1.61
162 0.2821124099892068 1.62
163 0.2886443320208464 1.63
164 0.2900421711324738 1.64
165 0.2929758720063136 1.65
166 0.2921399910686156 1.66
167 0.2960622165457625 1.67
168 0.2946386020925828 1.68
169 0.2971490988130507 1.69
170 0.3010169128148819 1.7
171 0.3013787564357345 1.71
172 0.304110068369665 1.72
173 0.3030776092125084 1.73
174 0.3072285033706451 1.74
175 0.3081790001254784 1.75
176 0.3058904746142186 1.76
177 0.3028947848764541 1.77
178 0.3011461789594444 1.78
179 0.3027323504255655 1.79
180 0.3105535288903934 1.8
181 0.3113033804961722 1.81
182 0.307223874381069 1.82
183 0.3096175295777298 1.83
184 0.3100827246518518 1.84
185 0.3084172250407266 1.85
186 0.3060686146041605 1.86
187 0.3077799730652683 1.87
188 0.3108177670849291 1.88
189 0.3077456013445763 1.89
190 0.3101796299290027 1.9
191 0.3096161031735684 1.91
192 0.3081526850721984 1.92
193 0.3076479692104008 1.93
194 0.3065176990395139 1.94
195 0.3055063981351475 1.95
196 0.3058905262019778 1.96
197 0.3019420875255069 1.97
198 0.3024165899876259 1.98
199 0.3030932468203663 1.99
200 0.2986687734590644 2
201 0.2937084367277801 2.01
202 0.2941763528037454 2.02
203 0.2957239366450791 2.03
204 0.2919118717170501 2.04
205 0.2906697092807128 2.05
206 0.2878040126555941 2.06
207 0.2831091740554571 2.07
208 0.2838054724315953 2.08
209 0.2825656965878433 2.09
210 0.2794403322321463 2.1
211 0.2756676869666672 2.11
212 0.2764089504688189 2.12
213 0.2750616577415232 2.13
214 0.2716451806033198 2.14
215 0.2699897510785241 2.15
216 0.2678829263672472 2.16
217 0.2649055441400132 2.17
218 0.2605362826980726 2.18
219 0.2596573608358715 2.19
220 0.2572464240953746 2.2
221 0.2560651204854015 2.21
222 0.2539050227139295 2.22
223 0.2539712147095169 2.23
224 0.2533648007602035 2.24
225 0.2503358817055245 2.25
226 0.251172115175305 2.26
227 0.2500016430615594 2.27
228 0.2460846107418428 2.28
229 0.2443614489033536 2.29
230 0.2454446945611052 2.3
231 0.2464517187889543 2.31
232 0.239744961877336 2.32
233 0.2374663538833621 2.33
234 0.239753059748577 2.34
235 0.2397334485891323 2.35
236 0.2362495121565547 2.36
237 0.234662254082326 2.37
238 0.2390006921441831 2.38
239 0.2393849163230679 2.39
240 0.2370653726716816 2.4
241 0.2367003843524351 2.41
242 0.2397056148863192 2.42
243 0.2441042471648545 2.43
244 0.24302535655136 2.44
245 0.2465617362156567 2.45
246 0.246682329367177 2.46
247 0.2445917654027267 2.47
248 0.2472656192406374 2.48
249 0.2510236566889266 2.49
250 0.2524854255979821 2.5
251 0.2569492629100151 2.51
252 0.260207614611754 2.52
253 0.2630216071937213 2.53
254 0.2638759581865946 2.54
255 0.267904614183296 2.55
256 0.2727226636781343 2.56
257 0.2784756312313406 2.57
258 0.2805088040566868 2.58
259 0.2846169838316188 2.59
260 0.2900241508473211 2.6
261 0.2915483306362293 2.61
262 0.297669330619428 2.62
263 0.2999908831526312 2.63
264 0.304257215473076 2.64
265 0.3048554284331597 2.65
266 0.3112538579976294 2.66
267 0.3163479782068702 2.67
268 0.3199233797766843 2.68
269 0.3236110187227572 2.69
270 0.3244737849042152 2.7
271 0.3292671330922208 2.71
272 0.3341035243961512 2.72
273 0.337194717736842 2.73
274 0.3416726954662429 2.74
275 0.3418042891492078 2.75
276 0.3450605493541087 2.76
277 0.3486573353110691 2.77
278 0.3558102842799567 2.78
279 0.3588342557923637 2.79
280 0.362429806960456 2.8
281 0.3648965762940042 2.81
282 0.3671430566751709 2.82
283 0.3690293696209702 2.83
284 0.3733978194604187 2.84
285 0.3781899445914463 2.85
286 0.3787307532131888 2.86
287 0.381180554020946 2.87
288 0.3837207061316577 2.88
289 0.3834578257283816 2.89
290 0.3899557456905858 2.9
291 0.394266972442397 2.91
292 0.3955085677331844 2.92
293 0.397514001897598 2.93
294 0.3983036174342932 2.94
295 0.4010281077254272 2.95
296 0.403976589969273 2.96
297 0.408372388690452 2.97
298 0.4095569053378029 2.98
299 0.4089273428798277 2.99
300 0.4114035380402714 3
301 0.4101865681740957 3.01
302 0.4124537707479353 3.02
303 0.4085184578389487 3.03
304 0.4128499064241649 3.04
305 0.4241977575358446 3.05
306 0.4260805964841803 3.06
307 0.4263270133947257 3.07
308 0.4272842171251506 3.08
309 0.4317492951989966 3.09
310 0.4362596345657725 3.1
311 0.4386851251239016 3.11
312 0.4462148188513086 3.12
313 0.4385235874712022 3.13
314 0.4372132201021969 3.14
315 0.4341482350666871 3.15
316 0.4421569505508972 3.16
317 0.444166944778438 3.17
318 0.4401311718473953 3.18
319 0.4479588560845865 3.19
320 0.4513820254171125 3.2
321 0.4482750065408803 3.21
322 0.4406504062598923 3.22
323 0.4440663000042019 3.23
324 0.447310871830821 3.24
325 0.4475072352413891 3.25
326 0.4458283495255999 3.26
327 0.4471016821749853 3.27
328 0.4464202257816238 3.28
329 0.4412280186520151 3.29
330 0.4336966754672243 3.3
331 0.4382901733238104 3.31
332 0.4398600958364799 3.32
333 0.4452509075903207 3.33
334 0.4457687065015851 3.34
335 0.4427816700974748 3.35
336 0.4461131014361454 3.36
337 0.4460265114869535 3.37
338 0.4416153070567156 3.38
339 0.4398504737239526 3.39
340 0.4322422922632768 3.4
341 0.4336036022470083 3.41
342 0.4305254937569762 3.42
343 0.426154841486089 3.43
344 0.4233299695103936 3.44
345 0.4217185922769323 3.45
346 0.4152532124908849 3.46
347 0.4152872986448846 3.47
348 0.4140061439744052 3.48
349 0.4136223181623803 3.49
350 0.4039118066645641 3.5
351 0.4015341475884948 3.51
352 0.3976305838838329 3.52
353 0.3942096843159247 3.53
354 0.3895091955062029 3.54
355 0.3889872180607511 3.55
356 0.3835420369645089 3.56
357 0.3745366778773028 3.57
358 0.3701131015970651 3.58
359 0.3679215623475882 3.59
360 0.3667096590964303 3.6
361 0.3586016891459284 3.61
362 0.3535191157750772 3.62
363 0.3507866388081873 3.63
364 0.3488055417465563 3.64
365 0.3478884192012253 3.65
366 0.3500134181691931 3.66
367 0.3492503829786163 3.67
368 0.3408784727038397 3.68
369 0.3360644924757735 3.69
370 0.3363700885298162 3.7
371 0.3362557953240362 3.71
372 0.3336806361157543 3.72
373 0.3303268822993682 3.73
374 0.3285265590287507 3.74
375 0.3278118629786433 3.75
376 0.3271858589210753 3.76
377 0.3282011417833312 3.77
378 0.3294026332371303 3.78
379 0.327973293736635 3.79
380 0.3270403950864458 3.8
381 0.3234590690290636 3.81
382 0.3259660279933925 3.82
383 0.3162819017218216 3.83
384 0.31830166302612 3.84
385 0.3172303672306239 3.85
386 0.3129835992431629 3.86
387 0.3108245108825133 3.87
388 0.3140898767152379 3.88
389 0.3130546646699899 3.89
390 0.3116881713078852 3.9
391 0.3122762771384442 3.91
392 0.311682783428237 3.92
393 0.311375074621432 3.93
394 0.3118912752919094 3.94
395 0.3096269044295492 3.95
396 0.3080918291600199 3.96
397 0.3055188453211629 3.97
398 0.3018751892917638 3.98
399 0.3031035147290298 3.99
400 0.3044720164672715 4
401 0.3015712946036176 4.01
402 0.2953882758048057 4.02
403 0.291633651145837 4.03
404 0.2921169415876324 4.04
405 0.2932673516666838 4.05
406 0.2898797582674313 4.06
407 0.2905119952915144 4.07
408 0.2834714699009984 4.08
409 0.2788949943498624 4.09
410 0.2785186692014714 4.1
411 0.2806223931407356 4.11
412 0.2770600880713596 4.12
413 0.2724815945971511 4.13
414 0.2729424392389203 4.14
415 0.2705009491129801 4.15
416 0.2672712750952619 4.16
417 0.2646364561093587 4.17
418 0.2612449460303029 4.18
419 0.2568559024300971 4.19
420 0.2554899989487973 4.2
421 0.2432068094886487 4.21
422 0.244982024721839 4.22
423 0.2519981306069283 4.23
424 0.2534813003056015 4.24
425 0.2467836127685356 4.25
426 0.2397724851057575 4.26
427 0.23150117045017 4.27
428 0.2296082159801821 4.28
429 0.2300573558170722 4.29
430 0.2307575444318653 4.3
431 0.2231949955000098 4.31
432 0.2228355534782246 4.32
433 0.2244871320533278 4.33
434 0.2223563184226052 4.34
435 0.2181170261703036 4.350000000000001
436 0.2242341686119081 4.36
437 0.2268717827723918 4.37
438 0.2296209015099169 4.38
439 0.2234641614636903 4.39
440 0.2204061113117374 4.4
441 0.214105534319201 4.41
442 0.2153695117013819 4.42
443 0.2164471588146029 4.43
444 0.2235547908966426 4.44
445 0.228878221860128 4.45
446 0.2312813798712774 4.46
447 0.2254950709867211 4.47
448 0.2284451804977077 4.48
449 0.2307960753426017 4.49
450 0.2339740692441031 4.5
451 0.237965031552397 4.51
452 0.2418225859415873 4.52
453 0.2420960839367237 4.53
454 0.251279491060549 4.54
455 0.2599614258360383 4.55
456 0.2595394509493442 4.56
457 0.2657458173566838 4.57
458 0.2787321237399423 4.58
459 0.2836407755274228 4.59
460 0.2714078787397912 4.600000000000001
461 0.2702532172847684 4.61
462 0.2727543132113442 4.62
463 0.2797918657138286 4.63
464 0.2934736192055392 4.64
465 0.2983615659290301 4.65
466 0.3071807552067253 4.66
467 0.3032090427619804 4.67
468 0.3025203141387458 4.68
469 0.3051898213247505 4.69
470 0.3173615816558834 4.7
471 0.3111641109684432 4.71
472 0.3133162605909112 4.72
473 0.3200037317611415 4.73
474 0.3191835298280581 4.74
475 0.3233499360179509 4.75
476 0.3296137824344258 4.76
477 0.3396716595212176 4.77
478 0.3250421148147931 4.78
479 0.3249220155325735 4.79
480 0.331560710808933 4.8
481 0.3338367727820293 4.81
482 0.3366978563482655 4.82
483 0.3384139281456964 4.83
484 0.334946518885611 4.84
485 0.3344749083555977 4.850000000000001
486 0.339058126990646 4.86
487 0.349100810297212 4.87
488 0.348727289272753 4.88
489 0.3472610769262262 4.89
490 0.3531344007768693 4.9
491 0.355998766744489 4.91
492 0.3563543819821109 4.92
493 0.3561332152905142 4.93
494 0.3566216336991528 4.94
495 0.3597700084512505 4.95
496 0.3676522116228169 4.96
497 0.3691475620635797 4.97
498 0.3634172704943298 4.98
499 0.3700413525649824 4.99
500 0.3847602751788557 5
501 0.3900665664213158 5.01
502 0.405014760062162 5.02
503 0.4046292743886273 5.03
504 0.4035157854985905 5.04
505 0.398743765484008 5.05
506 0.3957235957644639 5.06
507 0.4002169420673927 5.07
508 0.4060431257928009 5.08
509 0.4194567086278089 5.09
510 0.4301732089227316 5.100000000000001
511 0.4346469186043802 5.11
512 0.4322614116236174 5.12
513 0.4185359651043639 5.13
514 0.4184997781258809 5.14
515 0.414389463095726 5.15
516 0.4128050866882912 5.16
517 0.4190897197020395 5.17
518 0.4223159844998068 5.18
519 0.4162558831825541 5.19
520 0.4047423361193297 5.2
521 0.3924673616168337 5.21
522 0.3804865059494529 5.22
523 0.3777856404305276 5.23
524 0.3732593518894592 5.24
525 0.3716410965712074 5.25
526 0.3697078068355238 5.26
527 0.361398035081905 5.27
528 0.3441143124758976 5.28
529 0.3192761697456644 5.29
530 0.3089645291599056 5.3
531 0.3002800554934981 5.31
532 0.2892501544266676 5.32
533 0.2748161236881297 5.33
534 0.2667484419824931 5.34
535 0.2693982173422381 5.350000000000001
536 0.2729929128565466 5.36
537 0.2648108169914858 5.37
538 0.2484321505961831 5.38
539 0.2260968861604316 5.39
540 0.2088093804091906 5.4
541 0.194368687133304 5.41
542 0.196361893192515 5.42
543 0.2014644578283055 5.43
544 0.1932644264753546 5.44
545 0.1769247426634304 5.45
546 0.1672642416545201 5.46
547 0.1574646685599196 5.47
548 0.1488102926045555 5.48
549 0.1391457893164761 5.49
550 0.1398539847853742 5.5
551 0.1454159094995379 5.51
552 0.1417705938708338 5.52
553 0.1319069797297389 5.53
554 0.1189472098586667 5.54
555 0.1053875363221596 5.55
556 0.09066238416182087 5.56
557 0.08249022457143421 5.57
558 0.07665176839285662 5.58
559 0.07469293238063815 5.59
560 0.08041929189144904 5.600000000000001
561 0.08552104086260043 5.61
562 0.09030879561247419 5.62
563 0.08724335461300656 5.63
564 0.08068998682776081 5.64
565 0.07680544130924677 5.65
566 0.07597816321032157 5.66
567 0.05716280421209115 5.67
568 0.06124715476263064 5.68
569 0.06956618186173906 5.69
570 0.0834108891027024 5.7
571 0.08169993664808367 5.71
572 0.08236391380573606 5.72
573 0.07690580112964657 5.73
574 0.06413693844767826 5.74
575 0.06040889260453056 5.75
576 0.0568927196932654 5.76
577 0.05831204605397441 5.77
578 0.06036797488577268 5.78
579 0.07055439768902924 5.79
580 0.08073533514105162 5.8
581 0.09173574248752567 5.81
582 0.09469090999589876 5.82
583 0.09368080846343294 5.83
584 0.09407681328222135 5.84
585 0.08990740136609227 5.850000000000001
586 0.08840556935920744 5.86
587 0.08718026125669863 5.87
588 0.09127008685083032 5.88
589 0.1064035350240523 5.89
590 0.1170244395076562 5.9
591 0.1184780863097109 5.91
592 0.1153760511208893 5.92
593 0.102647829866144 5.93
594 0.09399852666515079 5.94
595 0.09010548910388176 5.95
596 0.09029066336385839 5.96
597 0.09677721541174196 5.97
598 0.1076417579644353 5.98
599 0.1195673894030047 5.99
600 0.1249459846411122 6
601 0.1220379400392102 6.01
602 0.1177910115959312 6.02
603 0.1099329901473581 6.03
604 0.09677960016677434 6.04
605 0.08997285910506096 6.05
606 0.08713935775009003 6.06
607 0.08801814197351833 6.07
608 0.09365725298031841 6.08
609 0.09885536644952043 6.09
610 0.1034985528649044 6.100000000000001
611 0.1090033555326734 6.11
612 0.1041507324945091 6.12
613 0.0968247758577668 6.13
614 0.08278250309140998 6.140000000000001
615 0.07119858231616401 6.15
616 0.06576010622548557 6.16
617 0.07263810690676688 6.17
618 0.07896643631852826 6.18
619 0.08390693040428018 6.19
620 0.09042493822030477 6.2
621 0.09384366217602703 6.21
622 0.08986535254761875 6.22
623 0.08256718966487746 6.23
624 0.08110393404276596 6.24
625 0.07208989025236481 6.25
626 0.06395321766511461 6.26
627 0.06473336956467317 6.27
628 0.0737767233455659 6.28
629 0.07856056590538689 6.29
630 0.08272175254645246 6.3
631 0.09187120085120563 6.31
632 0.09671165783277244 6.32
633 0.09315051662408295 6.33
634 0.08612582487655181 6.34
635 0.08456123660956348 6.350000000000001
636 0.08347087324050084 6.36
637 0.07741761094927209 6.37
638 0.08176047109626949 6.38
639 0.09261523007624491 6.390000000000001
640 0.09815994374894481 6.4
641 0.1042247387666686 6.41
642 0.1086338953547324 6.42
643 0.1074343110275927 6.43
644 0.1090332222236771 6.44
645 0.1072847044183714 6.45
646 0.1068681521203813 6.46
647 0.108365836101168 6.47
648 0.1080257486679378 6.48
649 0.1055859694437356 6.49
650 0.1059889985743211 6.5
651 0.107617726370949 6.51
652 0.1131209992931013 6.52
653 0.11439592447645 6.53
654 0.1223378401289713 6.54
655 0.1249204264363202 6.55
656 0.1296303350263033 6.56
657 0.1346671924375512 6.57
658 0.1368613505294374 6.58
659 0.1356799116928705 6.59
660 0.1344845171098005 6.600000000000001
661 0.1345626262222374 6.61
662 0.1337736460232411 6.62
663 0.1374327228793732 6.63
664 0.134104681543893 6.640000000000001
665 0.133933272066029 6.65
666 0.1415820753463874 6.66
667 0.1439993621603616 6.67
668 0.1453545383314411 6.68
669 0.1549437267436903 6.69
670 0.1595167716489157 6.7
671 0.1604793677122268 6.71
672 0.1623064079519441 6.72
673 0.1588783486396524 6.73
674 0.159803697442618 6.74
675 0.1580032514359674 6.75
676 0.1609647533347989 6.76
677 0.1617213714076771 6.77
678 0.1687695158631148 6.78
679 0.1734544657862157 6.79
680 0.1804908443608184 6.8
681 0.178654134709641 6.81
682 0.1785861642317093 6.82
683 0.181396004492528 6.83
684 0.1827928157679017 6.84
685 0.1901236331549303 6.850000000000001
686 0.1981479744894191 6.86
687 0.1953459913422902 6.87
688 0.190199633676107 6.88
689 0.1973821660845646 6.890000000000001
690 0.2111452301250132 6.9
691 0.208943615960944 6.91
692 0.2046133323018177 6.92
693 0.209896403794455 6.93
694 0.2142406078679401 6.94
695 0.2093143950522801 6.95
696 0.2106771487238326 6.96
697 0.2123396636073762 6.97
698 0.217851527741046 6.98
699 0.2257113244533396 6.99
700 0.2275297796624761 7
701 0.2332657083446527 7.01
702 0.2318140224757833 7.02
703 0.2369095018221507 7.03
704 0.2448675615567545 7.04
705 0.2463745368679532 7.05
706 0.2492574537223878 7.06
707 0.2505555951612302 7.07
708 0.2547671813936224 7.08
709 0.2547821318066909 7.09
710 0.254482954070419 7.100000000000001
711 0.2594670440132917 7.11
712 0.2626792662971612 7.12
713 0.2609598373292366 7.13
714 0.2628201438332805 7.140000000000001
715 0.266690028742101 7.15
716 0.2679066756786614 7.16
717 0.2686609580820806 7.17
718 0.272598350239529 7.18
719 0.2700158642601226 7.19
720 0.2720653927687841 7.2
721 0.2747889161939156 7.21
722 0.2765882625279158 7.22
723 0.2790747651017674 7.23
724 0.2819248815928002 7.24
725 0.2877899981414094 7.25
726 0.2911512857099062 7.26
727 0.2888355222813018 7.27
728 0.2961219982053848 7.28
729 0.2995356801154169 7.29
730 0.2943785960464751 7.3
731 0.2916951948127369 7.31
732 0.2919213456903272 7.32
733 0.2908225685769353 7.33
734 0.2895008059969845 7.34
735 0.2947298715731171 7.350000000000001
736 0.3014622904713612 7.36
737 0.3001666011752074 7.37
738 0.2960087612476224 7.38
739 0.2971851502852014 7.390000000000001
740 0.2987552703521475 7.4
741 0.2984266417192238 7.41
742 0.3001072642338202 7.42
743 0.3010687702751186 7.43
744 0.3021283604954377 7.44
745 0.3007597766971741 7.45
746 0.2998663412666113 7.46
747 0.2990650853131872 7.47
748 0.2989069467087178 7.48
749 0.3004840814831417 7.49
750 0.3013784249142321 7.5
751 0.3038360107576891 7.51
752 0.2955835818723743 7.52
753 0.2974864477181769 7.53
754 0.3008396079221695 7.54
755 0.298453882715524 7.55
756 0.2995566968171771 7.56
757 0.2989791503500676 7.57
758 0.2999417099181153 7.58
759 0.2978012970849563 7.59
760 0.2994867760585698 7.600000000000001
761 0.3004794713846871 7.61
762 0.2982139287723084 7.62
763 0.2970831814728532 7.63
764 0.2992040473871083 7.640000000000001
765 0.301440946618535 7.65
766 0.2967908470881448 7.66
767 0.2961266691070895 7.67
768 0.2943211449383317 7.68
769 0.294247128809154 7.69
770 0.292159096257356 7.7
771 0.2950297379258708 7.71
772 0.2957105698504294 7.72
773 0.2944415376568908 7.73
774 0.2938250158048527 7.74
775 0.2971634359046852 7.75
776 0.2970614999095282 7.76
777 0.2944449722907538 7.77
778 0.2936391731201695 7.78
779 0.2937986724842979 7.79
780 0.2957580894533206 7.8
781 0.2937293919814846 7.81
782 0.297077998102952 7.82
783 0.2966951159151246 7.83
784 0.2927190006078343 7.84
785 0.2964105769598947 7.850000000000001
786 0.2975690907598038 7.86
787 0.2994924565550116 7.87
788 0.297347331641574 7.88
789 0.3000006228765073 7.890000000000001
790 0.3024705345024098 7.9
791 0.2999727569531919 7.91
792 0.2995900149613598 7.92
793 0.3025276675767568 7.930000000000001
794 0.3048052590744278 7.94
795 0.3030182864487505 7.95
796 0.3003811898049583 7.96
797 0.302376018284542 7.97
798 0.3018159910977928 7.98
799 0.3017898406898131 7.99
800 0.2955795805572804 8
801 0.3048998772456548 8.01
802 0.3093065836540173 8.02
803 0.3177541815976507 8.029999999999999
804 0.312882643000112 8.040000000000001
805 0.3151300743872611 8.050000000000001
806 0.3068593411059365 8.06
807 0.305650266657603 8.07
808 0.3152364719769989 8.08
809 0.3244896735147264 8.09
810 0.3142068867159629 8.1
811 0.315034356959598 8.109999999999999
812 0.3165138862742577 8.120000000000001
813 0.3212480924578324 8.130000000000001
814 0.3130868316259525 8.140000000000001
815 0.3127898689804437 8.15
816 0.3234455966867765 8.16
817 0.319347048179026 8.17
818 0.3211368709878509 8.18
819 0.3268072878681241 8.19
820 0.3235688056278028 8.199999999999999
821 0.3258556321049631 8.210000000000001
822 0.3282097428458384 8.220000000000001
823 0.3305738294531587 8.23
824 0.3290138973929488 8.24
825 0.3291516299353641 8.25
826 0.3296291970368644 8.26
827 0.3309092283203144 8.27
828 0.3312515853833993 8.279999999999999
829 0.3356634411477805 8.290000000000001
830 0.3380910879698573 8.300000000000001
831 0.3376431700713834 8.31
832 0.3357091452632885 8.32
833 0.3351032385883666 8.33
834 0.3361886210224703 8.34
835 0.3375177482805889 8.35
836 0.3381057513553512 8.359999999999999
837 0.3411248608439123 8.370000000000001
838 0.3406281178984844 8.380000000000001
839 0.3400261344770957 8.390000000000001
840 0.3411094669338657 8.4
841 0.3441240688008154 8.41
842 0.3458542395631433 8.42
843 0.3465304988885873 8.43
844 0.3455541608236426 8.44
845 0.3454395364203108 8.449999999999999
846 0.346435517541805 8.460000000000001
847 0.3440954797239265 8.470000000000001
848 0.3438330230067669 8.48
849 0.3438513712649548 8.49
850 0.3476550635754529 8.5
851 0.3438646329159607 8.51
852 0.3448373045130431 8.52
853 0.3496288347476164 8.529999999999999
854 0.3487642660655256 8.540000000000001
855 0.3465327415427013 8.550000000000001
856 0.3473308760705625 8.56
857 0.3524581910471414 8.57
858 0.3510118127516385 8.58
859 0.3514547562570107 8.59
860 0.3481169227592237 8.6
861 0.3463573531926966 8.609999999999999
862 0.3436782294250053 8.620000000000001
863 0.3476563552334393 8.630000000000001
864 0.3539736517424205 8.640000000000001
865 0.3593392577156552 8.65
866 0.3603524348575957 8.66
867 0.3623496190286747 8.67
868 0.3532871272877737 8.68
869 0.349880448188627 8.69
870 0.3620597512821693 8.700000000000001
871 0.3719050274581084 8.710000000000001
872 0.3621494873411019 8.720000000000001
873 0.3635874324060398 8.73
874 0.3689590853025415 8.74
875 0.3686727342671897 8.75
876 0.3655146372655806 8.76
877 0.3642347430491036 8.77
878 0.3745545866556459 8.779999999999999
879 0.373832484544406 8.790000000000001
880 0.3754807081506185 8.800000000000001
881 0.3750318851564191 8.81
882 0.374750739426684 8.82
883 0.3719666421199752 8.83
884 0.3688063757111856 8.84
885 0.3704867615928468 8.85
886 0.3734956935995527 8.859999999999999
887 0.3721400761726898 8.870000000000001
888 0.373523061672547 8.880000000000001
889 0.3755077838068557 8.890000000000001
890 0.3739025324472777 8.9
891 0.3708899452625665 8.91
892 0.372778257822276 8.92
893 0.372688927732122 8.93
894 0.3704941410135164 8.94
895 0.3689814068255075 8.950000000000001
896 0.3710862650008772 8.960000000000001
897 0.3702368573604551 8.970000000000001
898 0.3657813573405749 8.98
899 0.3680517527638761 8.99
900 0.3669232704512849 9
901 0.3639380553117849 9.01
902 0.3602876564664371 9.02
903 0.3645124742458098 9.029999999999999
904 0.3642990923771967 9.040000000000001
905 0.3565727301752728 9.050000000000001
906 0.3548119029711364 9.06
907 0.3520254042318651 9.07
908 0.3466785471776467 9.08
909 0.3447109944313577 9.09
910 0.3428307048073051 9.1
911 0.3388669107969059 9.109999999999999
912 0.3350928100886382 9.120000000000001
913 0.3321307704199259 9.130000000000001
914 0.3295918920663706 9.140000000000001
915 0.3221090226687915 9.15
916 0.3193316280030727 9.16
917 0.316406096813271 9.17
918 0.3122412853792237 9.18
919 0.3089978071883528 9.19
920 0.3026140816521423 9.200000000000001
921 0.3008713544029248 9.210000000000001
922 0.2965627606941084 9.220000000000001
923 0.2917329733903516 9.23
924 0.2834744545859333 9.24
925 0.2816506077337857 9.25
926 0.2747244127234654 9.26
927 0.2704690490189132 9.27
928 0.2622375670289824 9.279999999999999
929 0.2623366553483451 9.290000000000001
930 0.2619830035892101 9.300000000000001
931 0.2573766986064308 9.31
932 0.2500234579343674 9.32
933 0.2436412268143338 9.33
934 0.244838953972272 9.34
935 0.2426795230967585 9.35
936 0.2386645971382038 9.359999999999999
937 0.234196868500207 9.370000000000001
938 0.2284411377132379 9.380000000000001
939 0.2275787074328111 9.390000000000001
940 0.2349199168746347 9.4
941 0.2324514802505437 9.41
942 0.2223219151890064 9.42
943 0.2184225205809529 9.43
944 0.2202240330015346 9.44
945 0.2228304146546139 9.450000000000001
946 0.220501639661729 9.460000000000001
947 0.2212709807147398 9.470000000000001
948 0.2153736624158816 9.48
949 0.2213813704745429 9.49
950 0.221990776545598 9.5
951 0.2185796192167012 9.51
952 0.2168964956223368 9.52
953 0.2189944933376445 9.529999999999999
954 0.2192988157531851 9.540000000000001
955 0.2192398254710587 9.550000000000001
956 0.2138723738084924 9.56
957 0.2069980154274518 9.57
958 0.2032649046194753 9.58
959 0.2084291244196403 9.59
960 0.2115654331968335 9.6
961 0.2104212360528267 9.609999999999999
962 0.2134503285818082 9.620000000000001
963 0.2139515762981407 9.630000000000001
964 0.2033789721874984 9.640000000000001
965 0.2016073199377822 9.65
966 0.2032070569716904 9.66
967 0.2099309675432977 9.67
968 0.2110834426592222 9.68
969 0.2056692977455884 9.69
970 0.201302038451094 9.700000000000001
971 0.1964680862404324 9.710000000000001
972 0.1943441328039132 9.720000000000001
973 0.1945291590294312 9.73
974 0.2036127904801897 9.74
975 0.2055412963555111 9.75
976 0.1935188546406742 9.76
977 0.205047251373121 9.77
978 0.2091673102354284 9.779999999999999
979 0.2016334531753659 9.790000000000001
980 0.1995816922919182 9.800000000000001
981 0.2010330926534774 9.81
982 0.2047248846404317 9.82
983 0.2028034886998449 9.83
984 0.2053420649911832 9.84
985 0.2075282795985105 9.85
986 0.2096001443236098 9.859999999999999
987 0.2135473884460523 9.870000000000001
988 0.2183323576591664 9.880000000000001
989 0.2248440774105371 9.890000000000001
990 0.2271218147462052 9.9
991 0.2249381830195417 9.91
992 0.2234407254729585 9.92
993 0.2309571453303347 9.93
994 0.2318852825509121 9.94
995 0.2395429352283867 9.950000000000001
996 0.2436714224420937 9.960000000000001
997 0.2412105249578864 9.970000000000001
998 0.2377088080772558 9.98
999 0.2429222030757558 9.99
1000 0.2507135125311798 10
1001 0.2504995275444987 10.01
1002 0.2513095900006398 10.02
1003 0.2609118318385875 10.03
1004 0.2666101989586834 10.04
1005 0.2599439696440398 10.05
1006 0.2625272049493706 10.06
1007 0.263879523165873 10.07
1008 0.2575965212402076 10.08
1009 0.2668836058781512 10.09
1010 0.2747745522256945 10.1
1011 0.2837387682843331 10.11
1012 0.2841446475919401 10.12
1013 0.2794579313530026 10.13
1014 0.2788833591626593 10.14
1015 0.2757217333948955 10.15
1016 0.2803318056344673 10.16
1017 0.287536831934694 10.17
1018 0.2966912513957417 10.18
1019 0.2883712128916898 10.19
1020 0.2791181392971887 10.2
1021 0.2868605897910741 10.21
1022 0.2896518019937341 10.22
1023 0.2857212691767045 10.23
1024 0.2930974792694085 10.24
1025 0.2998275185990283 10.25
1026 0.2961889472090532 10.26
1027 0.2874317142031402 10.27
1028 0.295119325878772 10.28
1029 0.3014536767138172 10.29
1030 0.2934368500787329 10.3
1031 0.2910673070174083 10.31
1032 0.2925145792389275 10.32
1033 0.290416641644494 10.33
1034 0.2850700229101344 10.34
1035 0.2834171200454575 10.35
1036 0.2823378780271312 10.36
1037 0.2879006330468858 10.37
1038 0.2919964151891901 10.38
1039 0.2967330710280526 10.39
1040 0.2990074456674491 10.4
1041 0.3016400983428622 10.41
1042 0.3001776741600728 10.42
1043 0.2971188696820751 10.43
1044 0.2923616436919346 10.44
1045 0.2879302902451916 10.45
1046 0.2876508158047522 10.46
1047 0.2953461149578867 10.47
1048 0.3040544622675408 10.48
1049 0.3100834027046332 10.49
1050 0.3110830023304827 10.5
1051 0.3133964643728668 10.51
1052 0.3099919384592328 10.52
1053 0.3055872075121895 10.53
1054 0.3049737769085078 10.54
1055 0.3006399796602712 10.55
1056 0.3161932158389531 10.56
1057 0.3230317447261767 10.57
1058 0.3240165610379674 10.58
1059 0.3198776892226456 10.59
1060 0.3154303555856868 10.6
1061 0.305392789466348 10.61
1062 0.2991104378436326 10.62
1063 0.3028298319702414 10.63
1064 0.3018131866118754 10.64
1065 0.2906493261429992 10.65
1066 0.2856948348023303 10.66
1067 0.2752525644591196 10.67
1068 0.2554586647236531 10.68
1069 0.2378365244760338 10.69
1070 0.2284755822667167 10.7
1071 0.2267978735416488 10.71
1072 0.2179706442804717 10.72
1073 0.2157328487535601 10.73
1074 0.2155339421182975 10.74
1075 0.2079449154009491 10.75
1076 0.1941982943984025 10.76
1077 0.179428315757415 10.77
1078 0.156495848127414 10.78
1079 0.1408662612879006 10.79
1080 0.1325926249744498 10.8
1081 0.1312353265948981 10.81
1082 0.1297484226781698 10.82
1083 0.1230615627198125 10.83
1084 0.1080769832258038 10.84
1085 0.09227717766971386 10.85
1086 0.08838660766610336 10.86
1087 0.08296842527888068 10.87
1088 0.08019450605516816 10.88
1089 0.07878314815504299 10.89
1090 0.0803993129916665 10.9
1091 0.07017330251523735 10.91
1092 0.05933367406501053 10.92
1093 0.04945155532213733 10.93
1094 0.03596428374930166 10.94
1095 0.02389244457761871 10.95
1096 0.02206253313985005 10.96
1097 0.03250613511654173 10.97
1098 0.03838064478993092 10.98
1099 0.0389750694960562 10.99
1100 0.04405863945985221 11
1101 0.04307091283382707 11.01
1102 0.03974546081871224 11.02
1103 0.03660673621581731 11.03
1104 0.03798221684572044 11.04
1105 0.03372648739028344 11.05
1106 0.03358948291148183 11.06
1107 0.04230106883535178 11.07
1108 0.04559639647200574 11.08
1109 0.05045878571715028 11.09
1110 0.05198825672750788 11.1
1111 0.04616684612485163 11.11
1112 0.04567116429141847 11.12
1113 0.04373273537442732 11.13
1114 0.04747074208046092 11.14
1115 0.05151640899493359 11.15
1116 0.065965627039479 11.16
1117 0.07798714600148494 11.17
1118 0.08085875642660212 11.18
1119 0.08493261852469662 11.19
1120 0.08665523605434125 11.2
1121 0.09012956939688317 11.21
1122 0.09625812375751067 11.22
1123 0.09972294420714642 11.23
1124 0.1001620819693656 11.24
1125 0.1037002618224089 11.25
1126 0.1086721048777373 11.26
1127 0.121448239313766 11.27
1128 0.1322206554989538 11.28
1129 0.135836388972525 11.29
1130 0.1309829170489415 11.3
1131 0.1278372829130507 11.31
1132 0.1317591285317644 11.32
1133 0.1347428853372362 11.33
1134 0.1377414168556357 11.34
1135 0.1469309315979458 11.35
1136 0.1568932819139001 11.36
1137 0.1667480740417805 11.37
1138 0.1682284194225702 11.38
1139 0.1650264133008639 11.39
1140 0.1630474848414362 11.4
1141 0.1611576238812219 11.41
1142 0.1639004086234945 11.42
1143 0.1690875461610329 11.43
1144 0.1749468539289746 11.44
1145 0.1845394347052431 11.45
1146 0.1926785067966482 11.46
1147 0.1985010980923664 11.47
1148 0.2039419809150045 11.48
1149 0.2053071381228184 11.49
1150 0.1983149579398683 11.5
1151 0.1953444621836528 11.51
1152 0.2003371932242732 11.52
1153 0.2013699028620487 11.53
1154 0.2071452532901711 11.54
1155 0.2190851260564558 11.55
1156 0.2285171444327309 11.56
1157 0.2351053692904536 11.57
1158 0.2406773007535164 11.58
1159 0.2416387038545603 11.59
1160 0.2412892345110392 11.6
1161 0.2411954653774502 11.61
1162 0.2395135933885044 11.62
1163 0.2451907896604925 11.63
1164 0.2529669883810333 11.64
1165 0.2599955323019454 11.65
1166 0.2667860779562808 11.66
1167 0.2719969329068478 11.67
1168 0.2785503208020398 11.68
1169 0.2816269336989847 11.69
1170 0.2870799100941006 11.7
1171 0.2871806753016258 11.71
1172 0.2883245322146267 11.72
1173 0.2929495966439962 11.73
1174 0.2985247600622959 11.74
1175 0.3003140967140077 11.75
1176 0.3080385113795608 11.76
1177 0.3176236180600179 11.77
1178 0.3162272169082764 11.78
1179 0.3164347736754468 11.79
1180 0.3244466219545574 11.8
1181 0.3298493068104313 11.81
1182 0.334918959946752 11.82
1183 0.3436352383702877 11.83
1184 0.3463117774278188 11.84
1185 0.343448877654624 11.85
1186 0.3439686923780124 11.86
1187 0.3439805164055105 11.87
1188 0.3433516020669973 11.88
1189 0.3458080052414251 11.89
1190 0.3545120373178333 11.9
1191 0.359976324588572 11.91
1192 0.364615009480722 11.92
1193 0.3731478318405709 11.93
1194 0.377198590071614 11.94
1195 0.3778905808274117 11.95
1196 0.3787708516897512 11.96
1197 0.3798920901224973 11.97
1198 0.3837260711944266 11.98
1199 0.3839899610038329 11.99
1200 0.3892153706413394 12
1201 0.3884557713031886 12.01
1202 0.3887058485732157 12.02
1203 0.3913601533696925 12.03
1204 0.3929038940609264 12.04
1205 0.3941809589060765 12.05
1206 0.4018905532580369 12.06
1207 0.407022825297742 12.07
1208 0.4090798985600924 12.08
1209 0.4075832305654081 12.09
1210 0.4062959997575758 12.1
1211 0.4047088696743555 12.11
1212 0.4082879359847001 12.12
1213 0.410414425027135 12.13
1214 0.4106237175072467 12.14
1215 0.4125789226200596 12.15
1216 0.4144758212141543 12.16
1217 0.4113446766167848 12.17
1218 0.4091296992507126 12.18
1219 0.412534367455905 12.19
1220 0.4186478171705256 12.2
1221 0.4239887100839621 12.21
1222 0.4207078919154868 12.22
1223 0.4131490383698711 12.23
1224 0.4051864027985296 12.24
1225 0.4118867197581385 12.25
1226 0.421350459337722 12.26
1227 0.419266250753181 12.27
1228 0.407054602135019 12.28
1229 0.403784927354663 12.29
1230 0.4015243723542283 12.3
1231 0.4001597157033063 12.31
1232 0.3950995248828515 12.32
1233 0.3961710122823981 12.33
1234 0.3987493372051094 12.34
1235 0.3936467799206355 12.35
1236 0.3919710470999784 12.36
1237 0.3904975647584457 12.37
1238 0.3941137789717278 12.38
1239 0.3871714048369627 12.39
1240 0.3746905312326854 12.4
1241 0.3719616958286052 12.41
1242 0.3707587730184665 12.42
1243 0.3707065335183209 12.43
1244 0.366588053347586 12.44
1245 0.3619518476750728 12.45
1246 0.3524073973571936 12.46
1247 0.3455495725994246 12.47
1248 0.3417728238313724 12.48
1249 0.3377660023097901 12.49
1250 0.3336996240426038 12.5
1251 0.3275452045599365 12.51
1252 0.3209941945061234 12.52
1253 0.3141675903661213 12.53
1254 0.3119997298867938 12.54
1255 0.3126057175960057 12.55
1256 0.308413541547402 12.56
1257 0.3034806988498567 12.57
1258 0.2995835798542032 12.58
1259 0.2923082678991247 12.59
1260 0.2831221906468507 12.6
1261 0.2803983487252623 12.61
1262 0.2753922257852552 12.62
1263 0.2725653300850319 12.63
1264 0.2683899860478932 12.64
1265 0.2637646042345559 12.65
1266 0.2631040484269851 12.66
1267 0.2566336748253068 12.67
1268 0.2500381645868632 12.68
1269 0.2406181380333695 12.69
1270 0.2452229183727091 12.7
1271 0.2446570386136307 12.71
1272 0.2408461165889346 12.72
1273 0.2431354981372181 12.73
1274 0.2403812447259314 12.74
1275 0.2326140505239948 12.75
1276 0.2306608504529088 12.76
1277 0.2361462681002585 12.77
1278 0.232740998457676 12.78
1279 0.2326965934179417 12.79
1280 0.2334070157457718 12.8
1281 0.2367315019776709 12.81
1282 0.2359129788382874 12.82
1283 0.2341193070703136 12.83
1284 0.2322939401807895 12.84
1285 0.2313299294374399 12.85
1286 0.2340530220613681 12.86
1287 0.2442584853487507 12.87
1288 0.2473797187551777 12.88
1289 0.2498981970535769 12.89
1290 0.2495686730101494 12.9
1291 0.251093038796157 12.91
1292 0.2534075878147665 12.92
1293 0.2571087892686971 12.93
1294 0.2659363950752705 12.94
1295 0.2699889556488976 12.95
1296 0.274391285083073 12.96
1297 0.2816113516884155 12.97
1298 0.2857678245700918 12.98
1299 0.2903936312886244 12.99
1300 0.2909581428492071 13
1301 0.3038476379370314 13.01
1302 0.3127970599561953 13.02
1303 0.3093851817144434 13.03
1304 0.314270552008665 13.04
1305 0.3178226060135437 13.05
1306 0.3251712614542236 13.06
1307 0.3268712558805614 13.07
1308 0.3364828897446192 13.08
1309 0.3484760950454234 13.09
1310 0.3511002290362588 13.1
1311 0.3528749984229717 13.11
1312 0.3550484483983392 13.12
1313 0.3589859083008244 13.13
1314 0.3620529444016708 13.14
1315 0.3659703154276039 13.15
1316 0.3662592933532843 13.16
1317 0.367586646049517 13.17
1318 0.361393083833798 13.18
1319 0.3633699375147166 13.19
1320 0.367118445965217 13.2
1321 0.366961542601422 13.21
1322 0.3677940936748362 13.22
1323 0.3679666378021169 13.23
1324 0.3651269106007351 13.24
1325 0.3594012461485453 13.25
1326 0.3563310099193329 13.26
1327 0.3562273417521012 13.27
1328 0.34969434526839 13.28
1329 0.3485077361058466 13.29
1330 0.3483378303004722 13.3
1331 0.3457135103465607 13.31
1332 0.3422056182425091 13.32
1333 0.3408780664410264 13.33
1334 0.3349989469136274 13.34
1335 0.3308163942226593 13.35
1336 0.330687954328455 13.36
1337 0.3294715481217528 13.37
1338 0.3286302726964111 13.38
1339 0.3259645954918104 13.39
1340 0.3239255161467175 13.4
1341 0.3162181975460405 13.41
1342 0.3143879603429102 13.42
1343 0.3207302109761402 13.43
1344 0.3258291983456124 13.44
1345 0.3289724032010981 13.45
1346 0.3260185676531653 13.46
1347 0.3288835504243888 13.47
1348 0.3308050783276111 13.48
1349 0.3355590477739451 13.49
1350 0.3397496407627736 13.5
1351 0.3400836004060013 13.51
1352 0.3414459661257109 13.52
1353 0.3434047368337554 13.53
1354 0.3504887063102872 13.54
1355 0.3533995339432019 13.55
1356 0.35455384774826 13.56
1357 0.3547295901402387 13.57
1358 0.3618987753019915 13.58
1359 0.3674606360402215 13.59
1360 0.3730969803135538 13.6
1361 0.3785375445252693 13.61
1362 0.3795394106631225 13.62
1363 0.3806962810267933 13.63
1364 0.379251535278508 13.64
1365 0.3843518222991686 13.65
1366 0.3891834249623754 13.66
1367 0.3914960068831694 13.67
1368 0.3995516162219042 13.68
1369 0.3967956216018456 13.69
1370 0.3952593606344641 13.7
1371 0.3933549000706791 13.71
1372 0.3987083190751268 13.72
1373 0.3999977921171265 13.73
1374 0.399898619729082 13.74
1375 0.4018673140069905 13.75
1376 0.40399628363145 13.76
1377 0.404048060261244 13.77
1378 0.3980469200481883 13.78
1379 0.3996668377419864 13.79
1380 0.4054985639238681 13.8
1381 0.4043985864529948 13.81
1382 0.4051923687325016 13.82
1383 0.4076136413795211 13.83
1384 0.4112704492063112 13.84
1385 0.4050896135790457 13.85
1386 0.4021556147709481 13.86
1387 0.4057070202833211 13.87
1388 0.4024538486295477 13.88
1389 0.4033582754637486 13.89
1390 0.4093145617543857 13.9
1391 0.4119476572528717 13.91
1392 0.4097059431932851 13.92
1393 0.4128970706143908 13.93
1394 0.4149976069033336 13.94
1395 0.4179855854319296 13.95
1396 0.4120563790390822 13.96
1397 0.4142481848607003 13.97
1398 0.4146232154087646 13.98
1399 0.4146668726029378 13.99
1400 0.4127943313160263 14
1401 0.4170427651955237 14.01
1402 0.4182796714002667 14.02
1403 0.4148640482789891 14.03
1404 0.4158408756538535 14.04
1405 0.4167329628077687 14.05
1406 0.4186402127115415 14.06
1407 0.4172537096199417 14.07
1408 0.4175571422718839 14.08
1409 0.418457912697169 14.09
1410 0.4154521604760514 14.1
1411 0.4135014963411485 14.11
1412 0.4133807257381735 14.12
1413 0.4128466971200001 14.13
1414 0.4086917869618849 14.14
1415 0.4100053324770198 14.15
1416 0.4089372832214921 14.16
1417 0.4048048142968837 14.17
1418 0.4021444408146062 14.18
1419 0.4004768531474237 14.19
1420 0.3974682739424399 14.2
1421 0.3918361697209568 14.21
1422 0.3924204083735625 14.22
1423 0.3910732031296824 14.23
1424 0.3875789657917801 14.24
1425 0.3866658095284691 14.25
1426 0.386974416136018 14.26
1427 0.385621644847186 14.27
1428 0.3796289011121653 14.28
1429 0.3739637882956548 14.29
1430 0.3740146407894369 14.3
1431 0.3691479822060796 14.31
1432 0.3652930538475724 14.32
1433 0.3662259154498592 14.33
1434 0.361522671783494 14.34
1435 0.3564129308258758 14.35
1436 0.3544157510508004 14.36
1437 0.3538053740611317 14.37
1438 0.348987600589533 14.38
1439 0.3415687789306865 14.39
1440 0.3375559234847472 14.4
1441 0.3310675866568333 14.41
1442 0.325213250760747 14.42
1443 0.3251982550824747 14.43
1444 0.3216831860501254 14.44
1445 0.3202381535145652 14.45
1446 0.3153262611137715 14.46
1447 0.3088053271964607 14.47
1448 0.3040205297773063 14.48
1449 0.3025856850793404 14.49
1450 0.300115898046169 14.5
1451 0.2913806482999965 14.51
1452 0.2805489340201219 14.52
1453 0.2791614546554275 14.53
1454 0.2738146419397325 14.54
1455 0.2730105998237954 14.55
1456 0.271209957019731 14.56
1457 0.2624302094616543 14.57
1458 0.2602912426867088 14.58
1459 0.2577247839051695 14.59
1460 0.2575537038465542 14.6
1461 0.2528381504605937 14.61
1462 0.2494282336312619 14.62
1463 0.2437680280945993 14.63
1464 0.2420684363991623 14.64
1465 0.2378939215243389 14.65
1466 0.2353183313214338 14.66
1467 0.2311485487416198 14.67
1468 0.2269934689434557 14.68
1469 0.2273225080540219 14.69
1470 0.2250214844822203 14.7
1471 0.2245068276969049 14.71
1472 0.2260640551829955 14.72
1473 0.2210084152618298 14.73
1474 0.2215603409719781 14.74
1475 0.2193366267674473 14.75
1476 0.2163210849703134 14.76
1477 0.2082041563678338 14.77
1478 0.2070208794603622 14.78
1479 0.2107418951452908 14.79
1480 0.2067918794711829 14.8
1481 0.2036663904314778 14.81
1482 0.2056566774164658 14.82
1483 0.2060147962560492 14.83
1484 0.2027767700280868 14.84
1485 0.2022620854132848 14.85
1486 0.2005173015231611 14.86
1487 0.1996883429821479 14.87
1488 0.1966808201391673 14.88
1489 0.1961980629947696 14.89
1490 0.1965730835400143 14.9
1491 0.1964203280541648 14.91
1492 0.1927222127381222 14.92
1493 0.1925056609554633 14.93
1494 0.1935180778884753 14.94
1495 0.1906092884331814 14.95
1496 0.1898734886085761 14.96
1497 0.1869297688229646 14.97
1498 0.1905077966701805 14.98
1499 0.1902052454522084 14.99
1500 0.1893687768712116 15
1501 0.1893320159742871 15.01
1502 0.1870139838689431 15.02
1503 0.1860708811636173 15.03
1504 0.1872407700442967 15.04
1505 0.1816418687988327 15.05
1506 0.1804723352919604 15.06
1507 0.1835057334907561 15.07
1508 0.1894490899107868 15.08
1509 0.189367715546899 15.09
1510 0.190053065346235 15.1
1511 0.1927825807699147 15.11
1512 0.1956756143236133 15.12
1513 0.1944865505867908 15.13
1514 0.1910039681510469 15.14
1515 0.1917042423232733 15.15
1516 0.193146302200315 15.16
1517 0.1911637268134083 15.17
1518 0.1913170274641066 15.18
1519 0.1948062009957701 15.19
1520 0.1982410947536561 15.2
1521 0.2040054731879959 15.21
1522 0.1985034259236748 15.22
1523 0.1995025335519414 15.23
1524 0.2046955098081981 15.24
1525 0.2091562005788169 15.25
1526 0.2078121802425209 15.26
1527 0.2078852834433787 15.27
1528 0.21615450739371 15.28
1529 0.2129476182967793 15.29
1530 0.2151377480200462 15.3
1531 0.2260107498326376 15.31
1532 0.2358859920215366 15.32
1533 0.2352304078773662 15.33
1534 0.2334495862417893 15.34
1535 0.2305010601827772 15.35
1536 0.2362486625277787 15.36
1537 0.2426154038066884 15.37
1538 0.24721586325255 15.38
1539 0.2491271278750208 15.39
1540 0.2615341351934171 15.4
1541 0.2617999763385638 15.41
1542 0.2557228269950336 15.42
1543 0.2588176028234468 15.43
1544 0.2697108535068579 15.44
1545 0.279355799746862 15.45
1546 0.275075679410676 15.46
1547 0.2794898912259701 15.47
1548 0.286879619042497 15.48
1549 0.2811698110028058 15.49
1550 0.2901158181033407 15.5
1551 0.2965210267160348 15.51
1552 0.3027731547302751 15.52
1553 0.3019587613467867 15.53
1554 0.3024938753142724 15.54
1555 0.3048735463145941 15.55
1556 0.3057379722657355 15.56
1557 0.3072129097022163 15.57
1558 0.3114117674940784 15.58
1559 0.3095912941718096 15.59
1560 0.3158574712689418 15.6
1561 0.3233144209345282 15.61
1562 0.3228682080883826 15.62
1563 0.3198557627332091 15.63
1564 0.3227341305739631 15.64
1565 0.3291797353919349 15.65
1566 0.3250198318871571 15.66
1567 0.3234970305281532 15.67
1568 0.3263359502169889 15.68
1569 0.3249843142862393 15.69
1570 0.3272181430955107 15.7
1571 0.3259134085910694 15.71
1572 0.3281793275390507 15.72
1573 0.3226933293926167 15.73
1574 0.3271031281567902 15.74
1575 0.3370891793660449 15.75
1576 0.3417907708424749 15.76
1577 0.3443347529425595 15.77
1578 0.3459276812289258 15.78
1579 0.3414792608794048 15.79
1580 0.3289448685741438 15.8
1581 0.3242260981989342 15.81
1582 0.3243138303827335 15.82
1583 0.3334273303411605 15.83
1584 0.3483588933762629 15.84
1585 0.353753879799408 15.85
1586 0.3502172815442623 15.86
1587 0.3493002533542239 15.87
1588 0.3472839119421464 15.88
1589 0.348709816654228 15.89
1590 0.3520503715689427 15.9
1591 0.3604695076385449 15.91
1592 0.3703600277174353 15.92
1593 0.3747664212650751 15.93
1594 0.3758416974697177 15.94
1595 0.3774257613376309 15.95
1596 0.3774309865410069 15.96
1597 0.3766982621547177 15.97
1598 0.3802734661995202 15.98
1599 0.3874067861698793 15.99
1600 0.3991905376771016 16
1601 0.4028101767181864 16.01
1602 0.4027383566253716 16.02
1603 0.3893768521768078 16.03
1604 0.3759265997181955 16.04
1605 0.3691614219103682 16.05
1606 0.3642335160021187 16.06
1607 0.3523920618345521 16.07
1608 0.3559665129806911 16.08
1609 0.356602116569278 16.09
1610 0.364879616893849 16.1
1611 0.3658251702358142 16.11
1612 0.356654263345456 16.12
1613 0.3415599211384108 16.13
1614 0.321040749706346 16.14
1615 0.3042703528877905 16.15
1616 0.2946892674217477 16.16
1617 0.2970075110542925 16.17
1618 0.2949139022069709 16.18
1619 0.2848438611351971 16.19
1620 0.2596124752024837 16.2
1621 0.2498109696777949 16.21
1622 0.2431821828518367 16.22
1623 0.2295669068673154 16.23
1624 0.2271455854460228 16.24
1625 0.2245522141899276 16.25
1626 0.2232916488735824 16.26
1627 0.2161238504394825 16.27
1628 0.1973795321149651 16.28
1629 0.1792317164359856 16.29
1630 0.1622668802909162 16.3
1631 0.1486098299464772 16.31
1632 0.1301991531026619 16.32
1633 0.1333558001009187 16.33
1634 0.130390163675919 16.34
1635 0.1329199577639441 16.35
1636 0.1350627492705018 16.36
1637 0.1362936701539038 16.37
1638 0.1223750280767651 16.38
1639 0.1109986406384715 16.39
1640 0.1041085286000961 16.4
1641 0.1013432837092314 16.41
1642 0.09981730420442317 16.42
1643 0.09920614604694016 16.43
1644 0.1013989233363598 16.44
1645 0.101831302774358 16.45
1646 0.1022347301431861 16.46
1647 0.08639532986186618 16.47
1648 0.07570206165537224 16.48
1649 0.06408329885500928 16.49
1650 0.06546325619646046 16.5
1651 0.06244484795440804 16.51
1652 0.07049629971931785 16.52
1653 0.081326479223971 16.53
1654 0.0885026758878768 16.54
1655 0.08510373799518828 16.55
1656 0.08414759623409344 16.56
1657 0.08073092374039674 16.57
1658 0.07356795683031886 16.58
1659 0.07661077908217584 16.59
1660 0.08956135720495804 16.6
1661 0.09011346830934966 16.61
1662 0.08812059221858594 16.62
1663 0.08413924941481614 16.63
1664 0.09782449892977889 16.64
1665 0.09992916031786951 16.65
1666 0.0995980996138517 16.66
1667 0.08819589815902 16.67
1668 0.07702425048360377 16.68
1669 0.07904869611997462 16.69
1670 0.0915078485989106 16.7
1671 0.101325557447803 16.71
1672 0.1147098236882056 16.72
1673 0.124969372081551 16.73
1674 0.1244090188219753 16.74
1675 0.1210534651433014 16.75
1676 0.1153374682768138 16.76
1677 0.1052189241376897 16.77
1678 0.1006065167709961 16.78
1679 0.09710083899409133 16.79
1680 0.09794093652696653 16.8
1681 0.1179140329660087 16.81
1682 0.1281190977635153 16.82
1683 0.1322749042577002 16.83
1684 0.1341245148120186 16.84
1685 0.1254655666510389 16.85
1686 0.119926549127561 16.86
1687 0.1101280168162359 16.87
1688 0.1033784434827663 16.88
1689 0.09563970370996251 16.89
1690 0.08985821648053864 16.9
1691 0.09949167284594007 16.91
1692 0.1085104533160028 16.92
1693 0.1135538607867744 16.93
1694 0.1164983385853934 16.94
1695 0.1209740064827937 16.95
1696 0.115110652485674 16.96
1697 0.1046092681483545 16.97
1698 0.09590026435699633 16.98
1699 0.08475997587573275 16.99
1700 0.07656651719515682 17
1701 0.07841579309432795 17.01
1702 0.08644751905623937 17.02
1703 0.1063726579975824 17.03
1704 0.1084600161450149 17.04
1705 0.1087793315902009 17.05
1706 0.1131590396973 17.06
1707 0.1202711624485762 17.07
1708 0.1070773002531992 17.08
1709 0.09806935498542492 17.09
1710 0.09692601018549238 17.1
1711 0.09810977981882342 17.11
1712 0.09761308449767341 17.12
1713 0.109708451858796 17.13
1714 0.121316304573599 17.14
1715 0.1253410941217735 17.15
1716 0.1293671728486123 17.16
1717 0.1348332172584409 17.17
1718 0.1441407604256261 17.18
1719 0.1395959084347807 17.19
1720 0.1355592034589025 17.2
1721 0.1408058501896813 17.21
1722 0.1482998315779316 17.22
1723 0.1485346095259866 17.23
1724 0.1429074107000536 17.24
1725 0.1467235651827397 17.25
1726 0.1570908085402289 17.26
1727 0.1534844780574901 17.27
1728 0.1646720933603795 17.28
1729 0.1707168713145975 17.29
1730 0.1863411404079783 17.3
1731 0.1910592802643538 17.31
1732 0.1979284256011598 17.32
1733 0.1929493226645592 17.33
1734 0.1986254735396619 17.34
1735 0.1984923153011942 17.35
1736 0.2009280625226687 17.36
1737 0.2008159116389187 17.37
1738 0.2011334498485143 17.38
1739 0.2072239668132246 17.39
1740 0.2093163749134903 17.4
1741 0.2136791750930511 17.41
1742 0.2256606392178293 17.42
1743 0.2342127877350855 17.43
1744 0.2383903331196779 17.44
1745 0.2356353666212803 17.45
1746 0.2387644359755018 17.46
1747 0.2479274185497444 17.47
1748 0.2508681686140319 17.48
1749 0.2505477927356634 17.49
1750 0.2483283268674255 17.5
1751 0.2559439852555332 17.51
1752 0.2629638480693874 17.52
1753 0.2663092203651416 17.53
1754 0.2660149292532338 17.54
1755 0.2626089087170577 17.55
1756 0.268730778757875 17.56
1757 0.2825703039998285 17.57
1758 0.2866021308735502 17.58
1759 0.2957292398034582 17.59
1760 0.2981655428919169 17.6
1761 0.3028423610253635 17.61
1762 0.3034637914678393 17.62
1763 0.308256887328296 17.63
1764 0.3122174405395328 17.64
1765 0.3184222188402189 17.65
1766 0.3183364411886527 17.66
1767 0.3207791419849333 17.67
1768 0.3243351245782852 17.68
1769 0.3270402787171715 17.69
1770 0.327802380917018 17.7
1771 0.3314901714994749 17.71
1772 0.335534563319428 17.72
1773 0.339128563596272 17.73
1774 0.3406892514815739 17.74
1775 0.3479169482508352 17.75
1776 0.3523736393243364 17.76
1777 0.3553133218662579 17.77
1778 0.36103506220326 17.78
1779 0.3635325734287132 17.79
1780 0.3626468242153535 17.8
1781 0.3653244351218404 17.81
1782 0.3688458654089936 17.82
1783 0.3687380813530719 17.83
1784 0.3694927401825084 17.84
1785 0.3716222220067131 17.85
1786 0.3760896172156982 17.86
1787 0.3731093199484148 17.87
1788 0.37345463061826 17.88
1789 0.378493611871024 17.89
1790 0.3800840738715176 17.9
1791 0.3790335294153457 17.91
1792 0.3793846620984385 17.92
1793 0.3805736659967213 17.93
1794 0.3768059084051204 17.94
1795 0.3721328996294115 17.95
1796 0.371615503840284 17.96
1797 0.3722382065127526 17.97
1798 0.3770441207385239 17.98
1799 0.37997454701773 17.99
1800 0.3759686361878183 18
1801 0.3702537504095424 18.01
1802 0.3719998542455398 18.02
1803 0.3744044283669333 18.03
1804 0.3723357029340102 18.04
1805 0.3643780499725457 18.05
1806 0.3584997080378129 18.06
1807 0.3563807821896608 18.07
1808 0.3511477226654031 18.08
1809 0.3451994384591661 18.09
1810 0.3458838928521201 18.1
1811 0.345985618769942 18.11
1812 0.3375606255225854 18.12
1813 0.3306581338318758 18.13
1814 0.3333813944917157 18.14
1815 0.3297355740637185 18.15
1816 0.3232519175188263 18.16
1817 0.3193077502397089 18.17
1818 0.3131536656342168 18.18
1819 0.306598333713461 18.19
1820 0.3050129512854209 18.2
1821 0.3018997836144041 18.21
1822 0.2953729273445696 18.22
1823 0.2863588582887732 18.23
1824 0.2864355373551373 18.24
1825 0.2877608731513112 18.25
1826 0.2799852020595184 18.26
1827 0.2775099601225987 18.27
1828 0.272635209562302 18.28
1829 0.2682589636182158 18.29
1830 0.2608815628677226 18.3
1831 0.2584306568914269 18.31
1832 0.2575221271518803 18.32
1833 0.2533987946513983 18.33
1834 0.2550830512005001 18.34
1835 0.2504361041985629 18.35
1836 0.2476247629564972 18.36
1837 0.2454318350406528 18.37
1838 0.248756394695645 18.38
1839 0.2440527651622493 18.39
1840 0.2367519567685031 18.4
1841 0.2354535135868681 18.41
1842 0.2382502366976615 18.42
1843 0.2444578207632365 18.43
1844 0.2400593642456404 18.44
1845 0.23938674007788 18.45
1846 0.2371515557315462 18.46
1847 0.2376275103134627 18.47
1848 0.2375913930936778 18.48
1849 0.2459237798221893 18.49
1850 0.2461628659091224 18.5
1851 0.2387849627427807 18.51
1852 0.2325327630125208 18.52
1853 0.2361495763362247 18.53
1854 0.2392954613670594 18.54
1855 0.2422538034914606 18.55
1856 0.2427029268211229 18.56
1857 0.2449249804136615 18.57
1858 0.2424766028488055 18.58
1859 0.2423521865301665 18.59
1860 0.2466551634487276 18.6
1861 0.2530469854439612 18.61
1862 0.2571708233712936 18.62
1863 0.2577870260530171 18.63
1864 0.2536200753751466 18.64
1865 0.2543940598115116 18.65
1866 0.2554117419615027 18.66
1867 0.2582060999693997 18.67
1868 0.2607785493066417 18.68
1869 0.2651945188383875 18.69
1870 0.2633183389027959 18.7
1871 0.2678601247832446 18.71
1872 0.2683518222881229 18.72
1873 0.271880717865059 18.73
1874 0.2751123050149609 18.74
1875 0.2782717159113591 18.75
1876 0.2825318855126603 18.76
1877 0.2821445082687736 18.77
1878 0.2816330720478 18.78
1879 0.2823436491023302 18.79
1880 0.288349718153026 18.8
1881 0.2933756236332228 18.81
1882 0.296946050735418 18.82
1883 0.2983851602594288 18.83
1884 0.2996201538225949 18.84
1885 0.3006882715028895 18.85
1886 0.3034101401765306 18.86
1887 0.3026456653633138 18.87
1888 0.3066860514886078 18.88
1889 0.3133599929251725 18.89
1890 0.3153105727745159 18.9
1891 0.3140796773195845 18.91
1892 0.3171282772040308 18.92
1893 0.3178038696966662 18.93
1894 0.3197609559622792 18.94
1895 0.3216388817413291 18.95
1896 0.3269379532584358 18.96
1897 0.3287240921278589 18.97
1898 0.3304605472072999 18.98
1899 0.3341969313565608 18.99
1900 0.3360396444046891 19
1901 0.3379108313840594 19.01
1902 0.3373296008211983 19.02
1903 0.3399613228814233 19.03
1904 0.3492230945239581 19.04
1905 0.3494345132267804 19.05
1906 0.3466877695575797 19.06
1907 0.3501805855239358 19.07
1908 0.3516737314199334 19.08
1909 0.3534875931480624 19.09
1910 0.3552733611392007 19.1
1911 0.3570577732202097 19.11
1912 0.3606203429420317 19.12
1913 0.3597455262869049 19.13
1914 0.3605570829567206 19.14
1915 0.3597270796694119 19.15
1916 0.3615953731279833 19.16
1917 0.3598832641814685 19.17
1918 0.3594028721250756 19.18
1919 0.3653854779792469 19.19
1920 0.3663286593132702 19.2
1921 0.3726924473426848 19.21
1922 0.3734612332249435 19.22
1923 0.3737494298309668 19.23
1924 0.3710418930757435 19.24
1925 0.3699555243215532 19.25
1926 0.3830029073206614 19.26
1927 0.387490073298729 19.27
1928 0.383705298600271 19.28
1929 0.3760756350943538 19.29
1930 0.3899862599670449 19.3
1931 0.3917826780923261 19.31
1932 0.3868947543528606 19.32
1933 0.3881951892099503 19.33
1934 0.3901482681571073 19.34
1935 0.3900831081728024 19.35
1936 0.3963201322396297 19.36
1937 0.4032840212992047 19.37
1938 0.4037641107509996 19.38
1939 0.4040031130277487 19.39
1940 0.4087205354569122 19.4
1941 0.4147581017617035 19.41
1942 0.4195486357834416 19.42
1943 0.4176181187772192 19.43
1944 0.4169525038182277 19.44
1945 0.4159560490594641 19.45
1946 0.4176156205797696 19.46
1947 0.41935058126644 19.47
1948 0.4213866702518618 19.48
1949 0.4226861818944913 19.49
1950 0.4219347448888157 19.5
1951 0.4190161694753732 19.51
1952 0.426289952309199 19.52
1953 0.4289588296782059 19.53
1954 0.4254196642069626 19.54
1955 0.4260532482722366 19.55
1956 0.4281197863889769 19.56
1957 0.4291476639908199 19.57
1958 0.4248356049141171 19.58
1959 0.4245758593298173 19.59
1960 0.4252004832429464 19.6
1961 0.4228566794158034 19.61
1962 0.4203664784330317 19.62
1963 0.4248601808975958 19.63
1964 0.4252688504967038 19.64
1965 0.4205383809329036 19.65
1966 0.4170798309355533 19.66
1967 0.4166710862760499 19.67
1968 0.4163897635619813 19.68
1969 0.4162161519624824 19.69
1970 0.4182620082764628 19.7
1971 0.4147142751581725 19.71
1972 0.4114275938974852 19.72
1973 0.4097959504491166 19.73
1974 0.4095300006851922 19.74
1975 0.4057476513013684 19.75
1976 0.3990163840791472 19.76
1977 0.3958567595994353 19.77
1978 0.3967857024875512 19.78
1979 0.391763894688926 19.79
1980 0.3842685755008307 19.8
1981 0.3829003544775644 19.81
1982 0.3816735964156417 19.82
1983 0.3748502167716527 19.83
1984 0.3705401079890155 19.84
1985 0.3645377549313596 19.85
1986 0.3589525476846677 19.86
1987 0.3530182506361951 19.87
1988 0.3488105001474011 19.88
1989 0.3410110902383874 19.89
1990 0.3377882785565637 19.9
1991 0.3322152893473056 19.91
1992 0.3265106765624523 19.92
1993 0.3187991784976105 19.93
1994 0.3154969272672912 19.94
1995 0.3094706986736542 19.95
1996 0.3090822535403654 19.96
1997 0.3014543477754512 19.97
1998 0.292694066755404 19.98
1999 0.2857684080896462 19.99
2000 0.2837757864332035 20
