"fd-rfile"
"Time Step" "fd etc.."
("Time Step" "fd" "flow-time")
0 0 0
1 162.3446617880967 0.01
2 4.229996064658399 0.02
3 0.9073186967479804 0.03
4 0.9770452590810664 0.04
5 1.134688398212374 0.05
6 1.307264778170707 0.06
7 1.416313310700513 0.07000000000000001
8 1.539638542428851 0.08
9 1.638121203894206 0.09
10 1.668908087350972 0.1
11 1.778520244951554 0.11
12 1.917794892232862 0.12
13 2.003698900361098 0.13
14 2.002204670667012 0.14
15 1.987571699132175 0.15
16 2.019751035989998 0.16
17 2.081809922135792 0.17
18 2.10123168626617 0.18
19 2.194607573499297 0.19
20 2.26770465851155 0.2
21 2.274552371232654 0.21
22 2.272331885074741 0.22
23 2.258556203817089 0.23
24 2.300960752588272 0.24
25 2.310361165689686 0.25
26 2.302082817385226 0.26
27 2.32013876238041 0.27
28 2.345683260861545 0.28
29 2.35405554919467 0.29
30 2.414748635176541 0.3
31 2.382999947236258 0.31
32 2.406336091288749 0.32
33 2.402187134524222 0.33
34 2.362764085910747 0.34
35 2.351337857879048 0.35
36 2.36019645201874 0.36
37 2.316250010469566 0.37
38 2.339573123906191 0.38
39 2.360620512168913 0.39
40 2.401189090176671 0.4
41 2.391742728937214 0.41
42 2.375765434004335 0.42
43 2.334440877172328 0.43
44 2.288257468391351 0.44
45 2.247470440376472 0.45
46 2.214081075187454 0.46
47 2.195978650578984 0.47
48 2.227201513030956 0.48
49 2.135369159579888 0.49
50 2.150311202871917 0.5
51 2.113664410429188 0.51
52 2.059138359163759 0.52
53 2.061513377220254 0.53
54 2.03816827125697 0.54
55 2.021083570648416 0.55
56 1.994022236990026 0.5600000000000001
57 1.982999593752804 0.5700000000000001
58 1.982644054695792 0.58
59 2.01371379256205 0.59
60 1.923974567194812 0.6
61 1.89984778812517 0.61
62 1.871825281804844 0.62
63 1.874600679894898 0.63
64 1.837409361900813 0.64
65 1.818590131263953 0.65
66 1.839668880194414 0.66
67 1.827907373284001 0.67
68 1.750517109315508 0.68
69 1.728154815709516 0.6900000000000001
70 1.744286183475221 0.7000000000000001
71 1.799046726867325 0.71
72 1.806814650238084 0.72
73 1.809134684827851 0.73
74 1.80046939177506 0.74
75 1.732266733394619 0.75
76 1.712025941945173 0.76
77 1.711066395181181 0.77
78 1.661433338899845 0.78
79 1.649012419802285 0.79
80 1.67689373931331 0.8
81 1.668572449273708 0.8100000000000001
82 1.710471854018264 0.8200000000000001
83 1.686959183861942 0.8300000000000001
84 1.692433977265395 0.84
85 1.666635332912764 0.85
86 1.629126462131782 0.86
87 1.577948832379698 0.87
88 1.573674917641655 0.88
89 1.567009681450533 0.89
90 1.571105690137248 0.9
91 1.552949063573895 0.91
92 1.561679078495591 0.92
93 1.586117838502859 0.93
94 1.551812759433772 0.9400000000000001
95 1.542536473841289 0.9500000000000001
96 1.516407937944776 0.96
97 1.488062314520373 0.97
98 1.45385889457789 0.98
99 1.449273085914798 0.99
100 1.410718285185858 1
101 1.376518409767787 1.01
102 1.381935839308389 1.02
103 1.391572036527229 1.03
104 1.375358272952177 1.04
105 1.346712845262428 1.05
106 1.344186070765896 1.06
107 1.32015147519814 1.07
108 1.307159375738822 1.08
109 1.275358592201221 1.09
110 1.259317905235805 1.1
111 1.23282112173819 1.11
112 1.209970695456605 1.12
113 1.200793917991467 1.13
114 1.184731899485585 1.14
115 1.159267709446215 1.15
116 1.147756766947162 1.16
117 1.151232099041505 1.17
118 1.122383777028065 1.18
119 1.115089533530421 1.19
120 1.131444291105818 1.2
121 1.114688892789201 1.21
122 1.07723876626682 1.22
123 1.047594038934049 1.23
124 1.032755228101355 1.24
125 0.9917503553927755 1.25
126 0.9844668075351704 1.26
127 0.9929759328734525 1.27
128 0.9891891572135396 1.28
129 0.9502278372845071 1.29
130 0.978570997706674 1.3
131 0.9606896153861526 1.31
132 0.9194818714085624 1.32
133 0.8855362890224229 1.33
134 0.8661418674924347 1.34
135 0.9163825906407977 1.35
136 0.9086682965984603 1.36
137 0.8843249707624472 1.37
138 0.8832173559985426 1.38
139 0.8547309783847593 1.39
140 0.8416860724904139 1.4
141 0.8341319720512302 1.41
142 0.8300350339672451 1.42
143 0.8214791746708191 1.43
144 0.8139196653128433 1.44
145 0.8004958620477179 1.45
146 0.8018571114959514 1.46
147 0.7800479103037323 1.47
148 0.7719600801982293 1.48
149 0.7735911689187229 1.49
150 0.7523703781009992 1.5
151 0.7537116244919869 1.51
152 0.7364892465639005 1.52
153 0.7540369378161946 1.53
154 0.7576118230035853 1.54
155 0.7589322524148165 1.55
156 0.7513773763052952 1.56
157 0.7473632296298892 1.57
158 0.7360315792396198 1.58
159 0.7206369090611504 1.59
160 0.7228048879380063 1.6
161 0.7183364487391813 1.61
162 0.706132796134617 1.62
163 0.7001299070878042 1.63
164 0.7147704712096677 1.64
165 0.6960853507028082 1.65
166 0.6903526080270482 1.66
167 0.6838225756259988 1.67
168 0.6925427095678262 1.68
169 0.6678390796292689 1.69
170 0.656623126336026 1.7
171 0.6732894977727547 1.71
172 0.6565001055992443 1.72
173 0.6361133833587248 1.73
174 0.6540927449220439 1.74
175 0.6412368248880456 1.75
176 0.6199127912465684 1.76
177 0.6219668342414508 1.77
178 0.6318684601820845 1.78
179 0.6213930858532639 1.79
180 0.6132279107221044 1.8
181 0.6100429453002609 1.81
182 0.6174714924420518 1.82
183 0.5936468220504164 1.83
184 0.6016698874789661 1.84
185 0.606863794714672 1.85
186 0.5782392135227268 1.86
187 0.56009770529803 1.87
188 0.5620920285347122 1.88
189 0.5622908375738811 1.89
190 0.5552615945229822 1.9
191 0.545947333455177 1.91
192 0.5533857437612956 1.92
193 0.5424796209295712 1.93
194 0.5268806029932218 1.94
195 0.522829890784914 1.95
196 0.5218694635855291 1.96
197 0.5085582378615809 1.97
198 0.5094444434812339 1.98
199 0.4968778493486817 1.99
200 0.5009431202133084 2
201 0.4843778692506709 2.01
202 0.4795599768164897 2.02
203 0.4801145666583362 2.03
204 0.4663043059398406 2.04
205 0.4586225276428227 2.05
206 0.4585758407272543 2.06
207 0.4658864571189211 2.07
208 0.4434792636558998 2.08
209 0.4372863399443029 2.09
210 0.4241900652618982 2.1
211 0.4305422070096132 2.11
212 0.4351078907985853 2.12
213 0.4325834976208863 2.13
214 0.4143744930316358 2.14
215 0.4080745540303719 2.15
216 0.4130819434494148 2.16
217 0.4066505370533652 2.17
218 0.4121079654952284 2.18
219 0.3941587332540878 2.19
220 0.3776819763262685 2.2
221 0.3812395132334733 2.21
222 0.3732113073015788 2.22
223 0.3758700813179698 2.23
224 0.3826580998573475 2.24
225 0.3796569491803588 2.25
226 0.3672722575370489 2.26
227 0.3651082205638437 2.27
228 0.3620706217779308 2.28
229 0.359046232379406 2.29
230 0.3573237571169812 2.3
231 0.336783267380142 2.31
232 0.3511143831071353 2.32
233 0.3597086895897126 2.33
234 0.362434461945522 2.34
235 0.3630344822799282 2.35
236 0.3658079601405493 2.36
237 0.3559123035511355 2.37
238 0.359115644508098 2.38
239 0.3723781718508916 2.39
240 0.3716599267254603 2.4
241 0.3780786736095945 2.41
242 0.3777945484877822 2.42
243 0.3832174115655204 2.43
244 0.3788011536991227 2.44
245 0.3933468694171148 2.45
246 0.4023962026604699 2.46
247 0.4029333349077642 2.47
248 0.4284086074895241 2.48
249 0.4414570755629159 2.49
250 0.4461080722686285 2.5
251 0.4487501895383792 2.51
252 0.4570920616938203 2.52
253 0.4628504649095704 2.53
254 0.485997756133939 2.54
255 0.498517583345275 2.55
256 0.5035928708297438 2.56
257 0.5196929696717791 2.57
258 0.5343939599642143 2.58
259 0.5525762545655445 2.59
260 0.5583066332840642 2.6
261 0.5734661327996556 2.61
262 0.5825210964639934 2.62
263 0.6012453826846225 2.63
264 0.6160931085794153 2.64
265 0.6127406449390329 2.65
266 0.6404919858220216 2.66
267 0.6626352564219131 2.67
268 0.6805546570091514 2.68
269 0.6880095296658426 2.69
270 0.6919020812050916 2.7
271 0.697751878101456 2.71
272 0.7112657879077396 2.72
273 0.7187589819180759 2.73
274 0.74822253468272 2.74
275 0.7676116594385688 2.75
276 0.7658772704183743 2.76
277 0.7758101644718279 2.77
278 0.7704009642059982 2.78
279 0.7901093774514766 2.79
280 0.8066176864073598 2.8
281 0.824041639336366 2.81
282 0.8429754254089658 2.82
283 0.8454185871489667 2.83
284 0.8633412252993703 2.84
285 0.8661607392384055 2.85
286 0.8718798079159243 2.86
287 0.889733274399747 2.87
288 0.9031551245220355 2.88
289 0.9039203680719694 2.89
290 0.915831737969526 2.9
291 0.9316669741495224 2.91
292 0.9474341084563619 2.92
293 0.956108611367414 2.93
294 0.9625731234371853 2.94
295 0.9637295902148992 2.95
296 0.9714636950429797 2.96
297 0.998619233126387 2.97
298 1.009859250061591 2.98
299 1.038157129804946 2.99
300 0.9565217510822955 3
301 0.9811002215348101 3.01
302 1.021252559726826 3.02
303 1.046215386959722 3.03
304 1.084596931002696 3.04
305 1.09211870740773 3.05
306 1.070396347990075 3.06
307 1.119337636886407 3.07
308 1.116825473971123 3.08
309 1.071295109697859 3.09
310 1.059810155282776 3.1
311 1.092671800208717 3.11
312 1.124313967907819 3.12
313 1.14570154542357 3.13
314 1.168357447629766 3.14
315 1.172631167062546 3.15
316 1.140065926242668 3.16
317 1.125684856707194 3.17
318 1.139487362430321 3.18
319 1.162655463809243 3.19
320 1.169091518649449 3.2
321 1.184169189097483 3.21
322 1.222061583785604 3.22
323 1.253254849723457 3.23
324 1.242352993822539 3.24
325 1.238125677623301 3.25
326 1.245223638436364 3.26
327 1.226190382830453 3.27
328 1.246835315679619 3.28
329 1.244642516075095 3.29
330 1.277920652905886 3.3
331 1.282864702680936 3.31
332 1.3116541678589 3.32
333 1.297068571206922 3.33
334 1.289712437836054 3.34
335 1.319875967166066 3.35
336 1.338837176630269 3.36
337 1.396436268227787 3.37
338 1.404780048938787 3.38
339 1.422354881947202 3.39
340 1.456136815629136 3.4
341 1.466032045184284 3.41
342 1.457974317353258 3.42
343 1.470073126523378 3.43
344 1.500486249161184 3.44
345 1.512657590183105 3.45
346 1.532158850846603 3.46
347 1.540954172799952 3.47
348 1.57100682134107 3.48
349 1.587254839878885 3.49
350 1.615079116791533 3.5
351 1.637448606998102 3.51
352 1.653383409382164 3.52
353 1.656557817987181 3.53
354 1.684047115170044 3.54
355 1.698244092867628 3.55
356 1.703865809623905 3.56
357 1.74650071815124 3.57
358 1.766385285790773 3.58
359 1.788650104277547 3.59
360 1.820182981576084 3.6
361 1.84901278536253 3.61
362 1.884670514508615 3.62
363 1.913571200926678 3.63
364 1.95368238428938 3.64
365 1.966866027775075 3.65
366 1.9801753513051 3.66
367 2.030436092626783 3.67
368 2.084195351016561 3.68
369 2.09270675592857 3.69
370 2.113357292250026 3.7
371 2.159383203023724 3.71
372 2.18093306787997 3.72
373 2.195866099247829 3.73
374 2.241769682934771 3.74
375 2.273831704408976 3.75
376 2.270219276172897 3.76
377 2.28846082499386 3.77
378 2.287715413765743 3.78
379 2.350465363288179 3.79
380 2.361613778284943 3.8
381 2.34781832497616 3.81
382 2.367374261267476 3.82
383 2.379939197822866 3.83
384 2.364329937931515 3.84
385 2.367848034620553 3.85
386 2.392604826576526 3.86
387 2.405092662156385 3.87
388 2.403899237069553 3.88
389 2.391979844401465 3.89
390 2.394531339943287 3.9
391 2.374701723433302 3.91
392 2.381389919626924 3.92
393 2.395581572302465 3.93
394 2.396669859728144 3.94
395 2.393662800251328 3.95
396 2.397708078606982 3.96
397 2.391792320680484 3.97
398 2.387222533101484 3.98
399 2.399904761888079 3.99
400 2.38782595008461 4
401 2.366308184178551 4.01
402 2.386453298766204 4.02
403 2.33455494535407 4.03
404 2.394193998405374 4.04
405 2.355203948001943 4.05
406 2.361211429018922 4.06
407 2.3547933422135 4.07
408 2.340911796740634 4.08
409 2.339635922168611 4.09
410 2.336002261001835 4.1
411 2.343613993177558 4.11
412 2.281317894915336 4.12
413 2.250507318891173 4.13
414 2.255297341198844 4.14
415 2.262494448578054 4.15
416 2.279673017130425 4.16
417 2.26243518884702 4.17
418 2.256992822999093 4.18
419 2.260754504316316 4.19
420 2.252545369931324 4.2
421 2.233788306754431 4.21
422 2.291586546817884 4.22
423 2.292000115787493 4.23
424 2.27486674364954 4.24
425 2.260817107213815 4.25
426 2.257486869408992 4.26
427 2.245704943126831 4.27
428 2.240359865272333 4.28
429 2.253456297107513 4.29
430 2.253420886362724 4.3
431 2.254187262687007 4.31
432 2.271519579601981 4.32
433 2.306109962519621 4.33
434 2.294462401611943 4.34
435 2.302091025341136 4.350000000000001
436 2.326919494332552 4.36
437 2.330934156621887 4.37
438 2.331344883783638 4.38
439 2.349780914656159 4.39
440 2.386733242771433 4.4
441 2.35201628311951 4.41
442 2.367564343509451 4.42
443 2.410553898408986 4.43
444 2.424522154556352 4.44
445 2.444275481987157 4.45
446 2.50373968757077 4.46
447 2.526618749265871 4.47
448 2.533383251801277 4.48
449 2.543251092081398 4.49
450 2.581854653929248 4.5
451 2.606911315666885 4.51
452 2.623057846105629 4.52
453 2.635593232130485 4.53
454 2.684684191291333 4.54
455 2.751726408733755 4.55
456 2.752752379961896 4.56
457 2.769637959769502 4.57
458 2.824913871681232 4.58
459 2.847685397549123 4.59
460 2.730817211493015 4.600000000000001
461 2.834224944275582 4.61
462 2.924813275318538 4.62
463 2.962468829558065 4.63
464 2.928906334844981 4.64
465 2.958546207517714 4.65
466 3.053927114528178 4.66
467 3.063790184448262 4.67
468 3.015766324640542 4.68
469 3.083594439236928 4.69
470 3.161314126129172 4.7
471 3.132469608965826 4.71
472 3.144758246242382 4.72
473 3.175051789231123 4.73
474 3.2427419769879 4.74
475 3.218453575376951 4.75
476 3.245730263728312 4.76
477 3.302051711479312 4.77
478 3.29789465119861 4.78
479 3.30668323185847 4.79
480 3.418092384098939 4.8
481 3.423381737494839 4.81
482 3.417153563788506 4.82
483 3.420516733572859 4.83
484 3.408939832609635 4.84
485 3.445401741171592 4.850000000000001
486 3.478188351361812 4.86
487 3.524740841903987 4.87
488 3.534588187198328 4.88
489 3.525183796511784 4.89
490 3.571794573364213 4.9
491 3.589057528279281 4.91
492 3.598618537181595 4.92
493 3.614008641234943 4.93
494 3.630339555228244 4.94
495 3.676196189328283 4.95
496 3.718517230955487 4.96
497 3.76747960182097 4.97
498 3.753708224538393 4.98
499 3.771512920287144 4.99
500 3.839075137242625 5
501 3.895587434261143 5.01
502 3.907062306656117 5.02
503 3.904954424943565 5.03
504 3.943379721975648 5.04
505 3.965339831263049 5.05
506 3.947061640366443 5.06
507 3.956004081487138 5.07
508 3.976860355428261 5.08
509 4.007942415210513 5.09
510 4.051194383357938 5.100000000000001
511 4.093928591963035 5.11
512 4.088916741114916 5.12
513 4.089060358478295 5.13
514 4.037369276412253 5.14
515 4.022895575442768 5.15
516 4.003139572282176 5.16
517 3.997271658087985 5.17
518 4.008159862936552 5.18
519 4.011442402310439 5.19
520 3.953763676162775 5.2
521 3.915364509865929 5.21
522 3.859513643718531 5.22
523 3.848032568642042 5.23
524 3.803551165732273 5.24
525 3.774098845640951 5.25
526 3.743229073331538 5.26
527 3.71108652367758 5.27
528 3.670030832220476 5.28
529 3.589414901676383 5.29
530 3.537613304775068 5.3
531 3.478762677181686 5.31
532 3.396400778780782 5.32
533 3.349554028933696 5.33
534 3.296200794204419 5.34
535 3.239176326811489 5.350000000000001
536 3.219732313234495 5.36
537 3.214763014131607 5.37
538 3.202313230640388 5.38
539 3.118688516207592 5.39
540 3.026715162052649 5.4
541 2.943980371724138 5.41
542 2.897828407100699 5.42
543 2.871160636550138 5.43
544 2.830773458846228 5.44
545 2.779648033996646 5.45
546 2.745181321786922 5.46
547 2.704509084975835 5.47
548 2.652792282649304 5.48
549 2.566942570369321 5.49
550 2.532319827700602 5.5
551 2.541748585720625 5.51
552 2.515950091588688 5.52
553 2.472976864581631 5.53
554 2.433117717320291 5.54
555 2.365900828629589 5.55
556 2.307197962790945 5.56
557 2.272892061301957 5.57
558 2.255477922268954 5.58
559 2.219800648528127 5.59
560 2.183660283542652 5.600000000000001
561 2.181113292760125 5.61
562 2.198184802338787 5.62
563 2.177897341209575 5.63
564 2.170716292637367 5.64
565 2.148136987093225 5.65
566 2.092138359314979 5.66
567 2.099722776597976 5.67
568 2.046655698935301 5.68
569 2.06001622906815 5.69
570 2.048689814140905 5.7
571 2.030616565331227 5.71
572 2.035452491108841 5.72
573 2.058982105134727 5.73
574 2.022137016648777 5.74
575 1.993722917328179 5.75
576 1.955027295168118 5.76
577 1.923561781409968 5.77
578 1.937189316660345 5.78
579 1.952196877229945 5.79
580 1.963499987259343 5.8
581 2.00393622945098 5.81
582 2.037197347047418 5.82
583 2.02632805078015 5.83
584 1.967665044382848 5.84
585 1.920722355725032 5.850000000000001
586 1.938635857397169 5.86
587 1.922678721494087 5.87
588 1.918148170314269 5.88
589 1.941182129269408 5.89
590 1.972652842749728 5.9
591 1.971257929435259 5.91
592 1.963439972980182 5.92
593 1.961375348294507 5.93
594 1.892882518524333 5.94
595 1.884206717120694 5.95
596 1.840481479194659 5.96
597 1.867931098875092 5.97
598 1.870511839437105 5.98
599 1.861716889852294 5.99
600 1.873414722322101 6
601 1.872099148018341 6.01
602 1.861942253021865 6.02
603 1.840036002057925 6.03
604 1.799227095805627 6.04
605 1.744392536166269 6.05
606 1.708106726498184 6.06
607 1.689679359873923 6.07
608 1.702969368203549 6.08
609 1.665776278217611 6.09
610 1.678940945500239 6.100000000000001
611 1.686006742206278 6.11
612 1.683500717207446 6.12
613 1.644038119553808 6.13
614 1.605696922066285 6.140000000000001
615 1.554701080394191 6.15
616 1.523831207235061 6.16
617 1.493165296622328 6.17
618 1.487365284863296 6.18
619 1.483229243199487 6.19
620 1.459988465459804 6.2
621 1.449085314064771 6.21
622 1.457550788153642 6.22
623 1.445623824047537 6.23
624 1.414980553563798 6.24
625 1.382117034011122 6.25
626 1.344586108607537 6.26
627 1.308864448718146 6.27
628 1.300099668864479 6.28
629 1.323784721270153 6.29
630 1.315465238849362 6.3
631 1.33346737041467 6.31
632 1.340138483063588 6.32
633 1.3274056897305 6.33
634 1.254067860967563 6.34
635 1.222490679084086 6.350000000000001
636 1.215449383494172 6.36
637 1.20006968617387 6.37
638 1.162097021764909 6.38
639 1.159395271905109 6.390000000000001
640 1.18396173948036 6.4
641 1.174578905677701 6.41
642 1.178782637416628 6.42
643 1.188180986905013 6.43
644 1.150887921004593 6.44
645 1.109200298616298 6.45
646 1.103177613567445 6.46
647 1.106710065817256 6.47
648 1.089412943379683 6.48
649 1.047919934627872 6.49
650 1.048633224454947 6.5
651 1.052024203408645 6.51
652 1.041702685971501 6.52
653 1.018561203615406 6.53
654 1.006039894717509 6.54
655 1.021282524066709 6.55
656 1.002061604828133 6.56
657 1.001102141241857 6.57
658 0.9892865474617053 6.58
659 0.9823937403894869 6.59
660 0.9524299254986682 6.600000000000001
661 0.9269140238305933 6.61
662 0.9239500229867605 6.62
663 0.908120547392796 6.63
664 0.9011056319599046 6.640000000000001
665 0.8899756563268335 6.65
666 0.8594611805974289 6.66
667 0.8652497658160897 6.67
668 0.856455306722693 6.68
669 0.8265846251436317 6.69
670 0.825975654469955 6.7
671 0.8346802394360979 6.71
672 0.8231940667617682 6.72
673 0.8011109716764195 6.73
674 0.8086105606174742 6.74
675 0.7893036199283745 6.75
676 0.7753562324451985 6.76
677 0.7523836021224654 6.77
678 0.7452394616646667 6.78
679 0.7311509292051012 6.79
680 0.7273387321922984 6.8
681 0.7070922901291651 6.81
682 0.7087936089899247 6.82
683 0.7204291537936662 6.83
684 0.6927413311718698 6.84
685 0.6993461391206126 6.850000000000001
686 0.6438054956257376 6.86
687 0.657624901265996 6.87
688 0.610076358451263 6.88
689 0.6366696525182928 6.890000000000001
690 0.6391034152170137 6.9
691 0.6631972904630625 6.91
692 0.6804262993549089 6.92
693 0.6712103263705149 6.93
694 0.6557102618198807 6.94
695 0.5881148115660293 6.95
696 0.612370241040694 6.96
697 0.6005173866645681 6.97
698 0.6122171740882079 6.98
699 0.6140477526718908 6.99
700 0.6031534231762758 7
701 0.5798200103023311 7.01
702 0.5711127534595785 7.02
703 0.5719725432137088 7.03
704 0.5665303195423329 7.04
705 0.5783293646049907 7.05
706 0.5648492646282601 7.06
707 0.5512041435029822 7.07
708 0.5414777351444147 7.08
709 0.5471706563500173 7.09
710 0.5517444383404703 7.100000000000001
711 0.5544188041491325 7.11
712 0.5381873296910005 7.12
713 0.5331564617654491 7.13
714 0.5334002010380838 7.140000000000001
715 0.5372916430296738 7.15
716 0.5295526055999007 7.16
717 0.5239938842579247 7.17
718 0.5320690106725414 7.18
719 0.5269536885688652 7.19
720 0.5264261734622108 7.2
721 0.5240506398154897 7.21
722 0.5222428800971414 7.22
723 0.5284879883252589 7.23
724 0.517067307706244 7.24
725 0.4989917929476038 7.25
726 0.5073742390279221 7.26
727 0.5123546868482094 7.27
728 0.5023583622812667 7.28
729 0.4884948568999395 7.29
730 0.4874500092346429 7.3
731 0.4917127441071129 7.31
732 0.4867837979109811 7.32
733 0.4827410448961719 7.33
734 0.5062451842911866 7.34
735 0.4921074010296198 7.350000000000001
736 0.4911210991142865 7.36
737 0.4834627528653184 7.37
738 0.486683378444698 7.38
739 0.4902267889966307 7.390000000000001
740 0.486379690518095 7.4
741 0.4894711683583042 7.41
742 0.4824259613112548 7.42
743 0.4957856617385569 7.43
744 0.501188092580432 7.44
745 0.4939129734215753 7.45
746 0.4895032288151127 7.46
747 0.4795339744890237 7.47
748 0.4795720241586723 7.48
749 0.496080522771828 7.49
750 0.4938593384904257 7.5
751 0.488242732297237 7.51
752 0.4957782423258439 7.52
753 0.5055035300940658 7.53
754 0.5109507012234585 7.54
755 0.5035985062489746 7.55
756 0.508168532841343 7.56
757 0.4980087330198654 7.57
758 0.5100559971644354 7.58
759 0.5109289704290902 7.59
760 0.5164596629343873 7.600000000000001
761 0.5204615982861137 7.61
762 0.5320572488119389 7.62
763 0.5285120060636828 7.63
764 0.5264134720344054 7.640000000000001
765 0.5380983004545108 7.65
766 0.5406188155805619 7.66
767 0.5500360566057436 7.67
768 0.5499183625497084 7.68
769 0.5519619764885012 7.69
770 0.5611693487456664 7.7
771 0.5676201227033398 7.71
772 0.5801059592609644 7.72
773 0.5855313713612001 7.73
774 0.5903419151126605 7.74
775 0.5998489980145661 7.75
776 0.6093221589334958 7.76
777 0.617283721291864 7.77
778 0.6272767924908944 7.78
779 0.6294889741029864 7.79
780 0.6318214846997331 7.8
781 0.6208042761107369 7.81
782 0.65230594870314 7.82
783 0.671295564578532 7.83
784 0.6822685578594134 7.84
785 0.6850139655560494 7.850000000000001
786 0.6799830096046477 7.86
787 0.6951732384647035 7.87
788 0.7073826732561963 7.88
789 0.7054070097558838 7.890000000000001
790 0.7227257492194455 7.9
791 0.7386372975801607 7.91
792 0.7380474966624814 7.92
793 0.7477069590918501 7.930000000000001
794 0.7586849432349954 7.94
795 0.7702841043277237 7.95
796 0.7923739012497133 7.96
797 0.7987796547659062 7.97
798 0.7975854973523399 7.98
799 0.8005855787560784 7.99
800 0.766082171995935 8
801 0.7931637711963826 8.01
802 0.8353904162265274 8.02
803 0.8360836815749216 8.029999999999999
804 0.8517903440965771 8.040000000000001
805 0.8707442938457094 8.050000000000001
806 0.8795539423127575 8.06
807 0.8773035162355792 8.07
808 0.893559596694339 8.08
809 0.9143816769306684 8.09
810 0.8930049887095503 8.1
811 0.8885584943951655 8.109999999999999
812 0.9476508059948209 8.120000000000001
813 0.9412403291104435 8.130000000000001
814 0.9472254839974631 8.140000000000001
815 0.9427460517844058 8.15
816 0.9679001835580023 8.16
817 0.981882243751533 8.17
818 0.984469299265557 8.18
819 0.9883356008030958 8.19
820 1.009844569623485 8.199999999999999
821 1.007045647629307 8.210000000000001
822 1.011373536275636 8.220000000000001
823 0.99627930518047 8.23
824 1.000692951655783 8.24
825 1.014336695528635 8.25
826 1.021143058683044 8.26
827 1.032811862957576 8.27
828 1.038276521042092 8.279999999999999
829 1.043952731497731 8.290000000000001
830 1.058563964808085 8.300000000000001
831 1.069680732291155 8.31
832 1.072582750627433 8.32
833 1.080594643663155 8.33
834 1.099672997523019 8.34
835 1.09486400317782 8.35
836 1.088675117925484 8.359999999999999
837 1.102029052700324 8.370000000000001
838 1.110128661927756 8.380000000000001
839 1.113832774042592 8.390000000000001
840 1.13345862980625 8.4
841 1.154921967531292 8.41
842 1.158603565151978 8.42
843 1.160868567134938 8.43
844 1.160097862631747 8.44
845 1.16319714803105 8.449999999999999
846 1.155502735140663 8.460000000000001
847 1.162111761792127 8.470000000000001
848 1.184109562022229 8.48
849 1.189367702767647 8.49
850 1.187758823823107 8.5
851 1.196194383425985 8.51
852 1.214834274005616 8.52
853 1.213784921477256 8.529999999999999
854 1.233273417188258 8.540000000000001
855 1.256439262978631 8.550000000000001
856 1.262433750921211 8.56
857 1.266539958516284 8.57
858 1.275857371119468 8.58
859 1.306895123451022 8.59
860 1.276603785641046 8.6
861 1.286063254194532 8.609999999999999
862 1.318400734968401 8.620000000000001
863 1.308477388089935 8.630000000000001
864 1.330931597280536 8.640000000000001
865 1.371212684077404 8.65
866 1.386134238754464 8.66
867 1.411136330486641 8.67
868 1.408907280633386 8.68
869 1.484252789104738 8.69
870 1.458230873202357 8.700000000000001
871 1.472681384044227 8.710000000000001
872 1.503371066512212 8.720000000000001
873 1.534154090472461 8.73
874 1.55288178774376 8.74
875 1.535757518767543 8.75
876 1.537343148851716 8.76
877 1.574342079304131 8.77
878 1.622518945844729 8.779999999999999
879 1.622169854769398 8.790000000000001
880 1.710310220673394 8.800000000000001
881 1.708912331967137 8.81
882 1.67931731320103 8.82
883 1.678703427516826 8.83
884 1.691918895945531 8.84
885 1.732860763459309 8.85
886 1.741434856149665 8.859999999999999
887 1.761853097760619 8.870000000000001
888 1.770972279575671 8.880000000000001
889 1.772192895463036 8.890000000000001
890 1.80866899512675 8.9
891 1.823753042642763 8.91
892 1.837744319560686 8.92
893 1.856924329773899 8.93
894 1.865889338093438 8.94
895 1.889194413757743 8.950000000000001
896 1.881016217872452 8.960000000000001
897 1.895543136247629 8.970000000000001
898 1.899272656970441 8.98
899 1.922090542361777 8.99
900 1.944587511854589 9
901 1.923208042187116 9.01
902 1.960848229982347 9.02
903 1.952673607120205 9.029999999999999
904 1.97070535807868 9.040000000000001
905 1.972018998157994 9.050000000000001
906 1.958409077020953 9.06
907 1.949272848493542 9.07
908 1.969641906128758 9.08
909 1.98488637280701 9.09
910 1.971784190371546 9.1
911 1.964733055340951 9.109999999999999
912 1.975741815397871 9.120000000000001
913 1.999538112883516 9.130000000000001
914 1.990618730016053 9.140000000000001
915 2.013318990487658 9.15
916 2.006590383079807 9.16
917 2.0114931850395 9.17
918 2.002130132022006 9.18
919 2.009450102219025 9.19
920 2.026115242582651 9.200000000000001
921 2.005982405692995 9.210000000000001
922 2.0161768599878 9.220000000000001
923 2.02118456208467 9.23
924 2.030225604100707 9.24
925 2.027270415159107 9.25
926 2.029957709391099 9.26
927 2.021709884380077 9.27
928 2.032151381427765 9.279999999999999
929 2.041747549060999 9.290000000000001
930 2.038281927030601 9.300000000000001
931 2.045120673782279 9.31
932 2.041298896719291 9.32
933 2.03485626887334 9.33
934 2.052683376674341 9.34
935 2.055460518248506 9.35
936 2.046752773549925 9.359999999999999
937 2.068597434446378 9.370000000000001
938 2.045077878068749 9.380000000000001
939 2.045597710810135 9.390000000000001
940 1.965527378370123 9.4
941 1.978065527240358 9.41
942 2.057554730271498 9.42
943 2.114186872429737 9.43
944 2.126467639105926 9.44
945 2.068716110972976 9.450000000000001
946 2.040127347540704 9.460000000000001
947 2.053776612168844 9.470000000000001
948 2.084312335280755 9.48
949 2.130137622804032 9.49
950 2.092695836058659 9.5
951 2.085568782779672 9.51
952 2.089302467489007 9.52
953 2.113460175409732 9.529999999999999
954 2.082354200059032 9.540000000000001
955 2.136758556973465 9.550000000000001
956 2.129628835322903 9.56
957 2.097884079010294 9.57
958 2.129230962139996 9.58
959 2.132446238859687 9.59
960 2.2054627858955 9.6
961 2.214506780483376 9.609999999999999
962 2.126074556458248 9.620000000000001
963 2.167156618299191 9.630000000000001
964 2.09513266323684 9.640000000000001
965 2.194493405863728 9.65
966 2.177838275280219 9.66
967 2.233051453147696 9.67
968 2.178878026398288 9.68
969 2.222096227673156 9.69
970 2.180704668065415 9.700000000000001
971 2.242733953477997 9.710000000000001
972 2.196172085012266 9.720000000000001
973 2.287740936486746 9.73
974 2.279220345747122 9.74
975 2.258017496095066 9.75
976 2.403294791783014 9.76
977 2.321468466269872 9.77
978 2.339107463698674 9.779999999999999
979 2.291723672432514 9.790000000000001
980 2.321960979185585 9.800000000000001
981 2.365360401538637 9.81
982 2.359864220503825 9.82
983 2.424268805230847 9.83
984 2.406920625440984 9.84
985 2.419054102041426 9.85
986 2.424446360928352 9.859999999999999
987 2.435207731418816 9.870000000000001
988 2.454772258665482 9.880000000000001
989 2.482780043062028 9.890000000000001
990 2.521555423341187 9.9
991 2.551013211806334 9.91
992 2.548022613690255 9.92
993 2.5560748482682 9.93
994 2.590727768103422 9.94
995 2.587045930490233 9.950000000000001
996 2.655407775237975 9.960000000000001
997 2.612830822117937 9.970000000000001
998 2.620355813074317 9.98
999 2.637046336285436 9.99
1000 2.616241434477061 10
1001 2.673294376619163 10.01
1002 2.689266132124513 10.02
1003 2.727683085549585 10.03
1004 2.754030750986751 10.04
1005 2.748216028156652 10.05
1006 2.766827200472264 10.06
1007 2.763148628841223 10.07
1008 2.774275266922086 10.08
1009 2.810935611159615 10.09
1010 2.845607768626363 10.1
1011 2.921068415563278 10.11
1012 2.843027676022427 10.12
1013 2.824795276584097 10.13
1014 2.889605717994264 10.14
1015 2.914749069773212 10.15
1016 2.91144103345264 10.16
1017 2.92507994133997 10.17
1018 2.968156731975641 10.18
1019 2.969004086728757 10.19
1020 3.028425692822434 10.2
1021 2.974809771779325 10.21
1022 3.025561912834483 10.22
1023 2.971470523583379 10.23
1024 3.041316852005165 10.24
1025 3.080027272445167 10.25
1026 3.061079057172948 10.26
1027 3.046055074933739 10.27
1028 3.066291672936949 10.28
1029 3.094078704164971 10.29
1030 3.078310641505835 10.3
1031 3.105165684751467 10.31
1032 3.11583887452319 10.32
1033 3.09508565118833 10.33
1034 3.102171700403347 10.34
1035 3.117881147501786 10.35
1036 3.112624149578036 10.36
1037 3.143926219812142 10.37
1038 3.167028443516938 10.38
1039 3.200236881894974 10.39
1040 3.166148396715023 10.4
1041 3.224493317014068 10.41
1042 3.250285759921858 10.42
1043 3.235683487266966 10.43
1044 3.226353002352315 10.44
1045 3.266333169080357 10.45
1046 3.269396004814101 10.46
1047 3.253087496249201 10.47
1048 3.324333297246882 10.48
1049 3.365701325838832 10.49
1050 3.358550449279315 10.5
1051 3.368000534188405 10.51
1052 3.403900088073966 10.52
1053 3.415994729421041 10.53
1054 3.415398057280892 10.54
1055 3.513034361575217 10.55
1056 3.486438125172181 10.56
1057 3.458607229825839 10.57
1058 3.459086092204301 10.58
1059 3.475091799494201 10.59
1060 3.466248615758589 10.6
1061 3.460600746480943 10.61
1062 3.443792194786723 10.62
1063 3.437438149167043 10.63
1064 3.415533771968422 10.64
1065 3.407212277228381 10.65
1066 3.376485200536533 10.66
1067 3.349339993804548 10.67
1068 3.297462195210472 10.68
1069 3.248255890558738 10.69
1070 3.221939497378778 10.7
1071 3.18111066885912 10.71
1072 3.143541235299616 10.72
1073 3.083086358487473 10.73
1074 3.086055652714037 10.74
1075 3.081254839526215 10.75
1076 3.022096964374161 10.76
1077 2.943252513658468 10.77
1078 2.884722825336797 10.78
1079 2.832634800712126 10.79
1080 2.802713653197 10.8
1081 2.762881293363697 10.81
1082 2.733062770157676 10.82
1083 2.709578230375709 10.83
1084 2.661453731936161 10.84
1085 2.602829212070334 10.85
1086 2.582550967116938 10.86
1087 2.545805560245476 10.87
1088 2.50747828694329 10.88
1089 2.463201470897746 10.89
1090 2.470765554710614 10.9
1091 2.43757817460282 10.91
1092 2.392420921702592 10.92
1093 2.346635872118215 10.93
1094 2.320711664056403 10.94
1095 2.286136162567871 10.95
1096 2.252431723237068 10.96
1097 2.243911286782915 10.97
1098 2.25083924660459 10.98
1099 2.259510974754841 10.99
1100 2.25448346196417 11
1101 2.235074576831907 11.01
1102 2.20383844132736 11.02
1103 2.202752720585163 11.03
1104 2.201114026582583 11.04
1105 2.194764576345351 11.05
1106 2.15771220463798 11.06
1107 2.156781409392836 11.07
1108 2.164551608517827 11.08
1109 2.166248704065738 11.09
1110 2.16992797595942 11.1
1111 2.16044719605281 11.11
1112 2.121321711252354 11.12
1113 2.130586345219046 11.13
1114 2.145366016467216 11.14
1115 2.114393300821727 11.15
1116 2.117967931038987 11.16
1117 2.184528049090825 11.17
1118 2.187763734883283 11.18
1119 2.182809399146059 11.19
1120 2.16075539494772 11.2
1121 2.176084461357392 11.21
1122 2.138433556038733 11.22
1123 2.133385120845075 11.23
1124 2.160026788126589 11.24
1125 2.171848705640628 11.25
1126 2.153246871882331 11.26
1127 2.167398217560336 11.27
1128 2.19774237514572 11.28
1129 2.171059359361623 11.29
1130 2.14004066700035 11.3
1131 2.168170579940147 11.31
1132 2.146499941765114 11.32
1133 2.12846695855108 11.33
1134 2.114840773024388 11.34
1135 2.12571362418311 11.35
1136 2.123511772418911 11.36
1137 2.146636068092669 11.37
1138 2.16465007903496 11.38
1139 2.161846471981379 11.39
1140 2.108000916463075 11.4
1141 2.074800394560068 11.41
1142 2.062451423983735 11.42
1143 2.056202991810832 11.43
1144 2.034092604330918 11.44
1145 2.059014691352501 11.45
1146 2.061243566885635 11.46
1147 2.057305450038711 11.47
1148 2.061559577080819 11.48
1149 2.073645510098745 11.49
1150 2.064844261534295 11.5
1151 2.041830225139685 11.51
1152 2.003828820834398 11.52
1153 1.989454736650131 11.53
1154 1.990853136197786 11.54
1155 1.984382940169878 11.55
1156 1.987821689071195 11.56
1157 1.975561916155304 11.57
1158 1.993730791538627 11.58
1159 2.011466583265271 11.59
1160 2.011178593653939 11.6
1161 1.974423784498043 11.61
1162 1.944487837477616 11.62
1163 1.940622852634162 11.63
1164 1.960112986994963 11.64
1165 1.92989788230727 11.65
1166 1.931379689260241 11.66
1167 1.936942711274506 11.67
1168 1.941924516015963 11.68
1169 1.9329468251051 11.69
1170 1.945129652403938 11.7
1171 1.936330851544585 11.71
1172 1.923124315983156 11.72
1173 1.914298175714107 11.73
1174 1.92401037820833 11.74
1175 1.903098964912157 11.75
1176 1.879520866940681 11.76
1177 1.912743795336628 11.77
1178 1.907604285730606 11.78
1179 1.877830965656488 11.79
1180 1.883017789118741 11.8
1181 1.876026066190245 11.81
1182 1.898515773942392 11.82
1183 1.8914383692325 11.83
1184 1.900267217636178 11.84
1185 1.884558543215265 11.85
1186 1.868935902113186 11.86
1187 1.820371327197224 11.87
1188 1.867246026963865 11.88
1189 1.868958207269386 11.89
1190 1.841333574967205 11.9
1191 1.837173872196774 11.91
1192 1.832507841319061 11.92
1193 1.837964144920077 11.93
1194 1.841099785715798 11.94
1195 1.840066330663136 11.95
1196 1.832463453918436 11.96
1197 1.811486840970044 11.97
1198 1.798902470198567 11.98
1199 1.807785131790801 11.99
1200 1.799244083421984 12
1201 1.804060894105837 12.01
1202 1.786438745550429 12.02
1203 1.7805064845863 12.03
1204 1.783997462037714 12.04
1205 1.785318439992291 12.05
1206 1.770783436700644 12.06
1207 1.761659774027765 12.07
1208 1.752424619068179 12.08
1209 1.751265038119187 12.09
1210 1.754224878259205 12.1
1211 1.749859017540619 12.11
1212 1.723960428290224 12.12
1213 1.710507399940248 12.13
1214 1.715155923594914 12.14
1215 1.701854105352322 12.15
1216 1.697477902814145 12.16
1217 1.701389538721537 12.17
1218 1.693715478164474 12.18
1219 1.680139921625523 12.19
1220 1.673285834087965 12.2
1221 1.67619033621708 12.21
1222 1.668588039054282 12.22
1223 1.648829082675116 12.23
1224 1.650338983591678 12.24
1225 1.593170926174032 12.25
1226 1.649467527312631 12.26
1227 1.654941229580614 12.27
1228 1.623979765707993 12.28
1229 1.590275524787929 12.29
1230 1.613072826539238 12.3
1231 1.615981761373548 12.31
1232 1.560247520357297 12.32
1233 1.577151291053791 12.33
1234 1.56915034675685 12.34
1235 1.57483983335327 12.35
1236 1.532661172559945 12.36
1237 1.562569860638293 12.37
1238 1.556933631790784 12.38
1239 1.535516919336246 12.39
1240 1.517236289839342 12.4
1241 1.503898616757639 12.41
1242 1.503583629201873 12.42
1243 1.479184438531308 12.43
1244 1.484477349936413 12.44
1245 1.491728247744758 12.45
1246 1.49216015530519 12.46
1247 1.45584723804144 12.47
1248 1.438694839800065 12.48
1249 1.464808649561582 12.49
1250 1.473961919880431 12.5
1251 1.464501149886752 12.51
1252 1.44498552961322 12.52
1253 1.443570451109175 12.53
1254 1.433431741493678 12.54
1255 1.419234555065107 12.55
1256 1.429325073293733 12.56
1257 1.4319706277082 12.57
1258 1.425863364576925 12.58
1259 1.440984741169567 12.59
1260 1.427833767364268 12.6
1261 1.41913201209739 12.61
1262 1.414845250950862 12.62
1263 1.421235199153119 12.63
1264 1.421342014841396 12.64
1265 1.413301864485034 12.65
1266 1.427295934564597 12.66
1267 1.43638177170071 12.67
1268 1.426833015003013 12.68
1269 1.418148667033259 12.69
1270 1.414834155670593 12.7
1271 1.422479756937049 12.71
1272 1.424933463334603 12.72
1273 1.423023819151023 12.73
1274 1.430606698246272 12.74
1275 1.426970487821831 12.75
1276 1.419940123476298 12.76
1277 1.400984895266074 12.77
1278 1.41025800902566 12.78
1279 1.421396109423351 12.79
1280 1.40603832979876 12.8
1281 1.400239567403589 12.81
1282 1.419102013909818 12.82
1283 1.418096981100225 12.83
1284 1.411380916187523 12.84
1285 1.42166149739095 12.85
1286 1.424752300063465 12.86
1287 1.400163432890423 12.87
1288 1.408879968261795 12.88
1289 1.412243742078356 12.89
1290 1.41867324813898 12.9
1291 1.430188555607927 12.91
1292 1.416473130168757 12.92
1293 1.417203284839358 12.93
1294 1.400507157856972 12.94
1295 1.423275811348752 12.95
1296 1.42135128316628 12.96
1297 1.397210508223792 12.97
1298 1.397357255279984 12.98
1299 1.400038199917086 12.99
1300 1.413610530987998 13
1301 1.412003006356772 13.01
1302 1.398534307851142 13.02
1303 1.402516278840481 13.03
1304 1.386172210797032 13.04
1305 1.398399294106209 13.05
1306 1.378218320618475 13.06
1307 1.384367173682547 13.07
1308 1.387756537633489 13.08
1309 1.375506942085416 13.09
1310 1.372097325118778 13.1
1311 1.365169265163491 13.11
1312 1.367735283805353 13.12
1313 1.382849013205453 13.13
1314 1.386154165707097 13.14
1315 1.38360185007095 13.15
1316 1.381478525108141 13.16
1317 1.380905747443359 13.17
1318 1.366777990568556 13.18
1319 1.361496963993048 13.19
1320 1.349603089339302 13.2
1321 1.345001081345759 13.21
1322 1.326769944316385 13.22
1323 1.321589531128798 13.23
1324 1.299491013425059 13.24
1325 1.288482900974612 13.25
1326 1.281560078000372 13.26
1327 1.264176727427639 13.27
1328 1.240992985524164 13.28
1329 1.22887699084792 13.29
1330 1.208632598066423 13.3
1331 1.1897852642747 13.31
1332 1.177297511241404 13.32
1333 1.156309075927484 13.33
1334 1.136880746755225 13.34
1335 1.112279492198045 13.35
1336 1.101340245122151 13.36
1337 1.084653885539868 13.37
1338 1.066138005255329 13.38
1339 1.052633370184623 13.39
1340 1.034394521398294 13.4
1341 1.027406316326649 13.41
1342 1.000254608321841 13.42
1343 0.9914104255810097 13.43
1344 0.9898421177913813 13.44
1345 0.9723182880476378 13.45
1346 0.9811090884337349 13.46
1347 0.9670728730742979 13.47
1348 0.9635663658794134 13.48
1349 0.9451403299436069 13.49
1350 0.9453558365990804 13.5
1351 0.9676056844159926 13.51
1352 0.9726795244170343 13.52
1353 0.9583206595278005 13.53
1354 0.9552689022269252 13.54
1355 0.9851146986542818 13.55
1356 0.9867690080712512 13.56
1357 0.9863678027956623 13.57
1358 1.000652185002902 13.58
1359 1.017910522189402 13.59
1360 1.013864468294184 13.6
1361 1.014479480311389 13.61
1362 0.998555423365046 13.62
1363 1.005857804995145 13.63
1364 1.024665097389775 13.64
1365 1.039751749996777 13.65
1366 1.048826822187684 13.66
1367 1.057758514196456 13.67
1368 1.051093625203763 13.68
1369 1.042389757177854 13.69
1370 1.066507968341695 13.7
1371 1.08260294058901 13.71
1372 1.099728435694876 13.72
1373 1.102568061219108 13.73
1374 1.110145333918287 13.74
1375 1.116677667842954 13.75
1376 1.117366168181596 13.76
1377 1.14160813053878 13.77
1378 1.162336441469164 13.78
1379 1.177595277217771 13.79
1380 1.161838626526985 13.8
1381 1.190246122774278 13.81
1382 1.190140010495892 13.82
1383 1.217394559199183 13.83
1384 1.203225155606035 13.84
1385 1.237682322332827 13.85
1386 1.262861420956941 13.86
1387 1.286805853595091 13.87
1388 1.289518677090641 13.88
1389 1.307142009786819 13.89
1390 1.304900844619601 13.9
1391 1.319171551349374 13.91
1392 1.3453045600488 13.92
1393 1.355316205182839 13.93
1394 1.35937297746894 13.94
1395 1.357679379695364 13.95
1396 1.401495900489073 13.96
1397 1.438013557580605 13.97
1398 1.425026812007012 13.98
1399 1.438847095024519 13.99
1400 1.476165281862555 14
1401 1.490190100011009 14.01
1402 1.488648099143228 14.02
1403 1.498832160743318 14.03
1404 1.518576833923214 14.04
1405 1.503324564667673 14.05
1406 1.515033954927231 14.06
1407 1.529174472888628 14.07
1408 1.525089817096399 14.08
1409 1.529663029149269 14.09
1410 1.547310033054386 14.1
1411 1.574072586037677 14.11
1412 1.559466069884587 14.12
1413 1.549080440730213 14.13
1414 1.55853313849038 14.14
1415 1.568268210194471 14.15
1416 1.57565888481883 14.16
1417 1.584288280619729 14.17
1418 1.600011205388844 14.18
1419 1.595010610765021 14.19
1420 1.585434813048811 14.2
1421 1.597815517242859 14.21
1422 1.583576891205835 14.22
1423 1.614066106408358 14.23
1424 1.597690358061226 14.24
1425 1.625766050076674 14.25
1426 1.631269767675851 14.26
1427 1.646665080882094 14.27
1428 1.652748281061828 14.28
1429 1.705400986164953 14.29
1430 1.66476653732882 14.3
1431 1.686794375535167 14.31
1432 1.668708999471479 14.32
1433 1.716167368129879 14.33
1434 1.724821021355304 14.34
1435 1.706741776327488 14.35
1436 1.707641318160329 14.36
1437 1.763732410280306 14.37
1438 1.74589204353427 14.38
1439 1.791340281009832 14.39
1440 1.70663464404093 14.4
1441 1.739942198201483 14.41
1442 1.82903689263747 14.42
1443 1.796234102386598 14.43
1444 1.774729365270297 14.44
1445 1.809828655819055 14.45
1446 1.845376283615528 14.46
1447 1.84835020474421 14.47
1448 1.843462667871761 14.48
1449 1.850898051284777 14.49
1450 1.867099221427827 14.5
1451 1.893995376228797 14.51
1452 1.91541077161788 14.52
1453 1.929690072037387 14.53
1454 1.942023503384259 14.54
1455 1.949027927254452 14.55
1456 1.945050437837011 14.56
1457 1.965539431808116 14.57
1458 1.941712498812915 14.58
1459 1.93564765519663 14.59
1460 2.05984183511957 14.6
1461 2.044311311617174 14.61
1462 2.060367960144265 14.62
1463 1.974844955749424 14.63
1464 2.020364610146819 14.64
1465 2.048606313870314 14.65
1466 1.998503229113518 14.66
1467 2.04428532431966 14.67
1468 2.077277630803824 14.68
1469 2.096991135803043 14.69
1470 2.068266342159643 14.7
1471 2.036941227440614 14.71
1472 2.087619806641524 14.72
1473 2.063069647296075 14.73
1474 2.140098108012096 14.74
1475 2.101916037499644 14.75
1476 2.133491027151038 14.76
1477 2.085905009804438 14.77
1478 2.133110429215013 14.78
1479 2.148068728103937 14.79
1480 2.153923727549776 14.8
1481 2.161540649225403 14.81
1482 2.176273046661021 14.82
1483 2.136317057865045 14.83
1484 2.173272622664036 14.84
1485 2.165600177297406 14.85
1486 2.221149894231262 14.86
1487 2.219853039167847 14.87
1488 2.189947763119642 14.88
1489 2.201742271602226 14.89
1490 2.218922914980629 14.9
1491 2.23178354881746 14.91
1492 2.216440407782826 14.92
1493 2.208725365017458 14.93
1494 2.232192357958535 14.94
1495 2.202043377037953 14.95
1496 2.241169088767349 14.96
1497 2.267088285525089 14.97
1498 2.265636981392077 14.98
1499 2.257007043009965 14.99
1500 2.304127482395348 15
1501 2.312839436788086 15.01
1502 2.308550806177895 15.02
1503 2.31815550293545 15.03
1504 2.342754888018 15.04
1505 2.336193888107775 15.05
1506 2.36255124935745 15.06
1507 2.386407577737182 15.07
1508 2.389747251976443 15.08
1509 2.405330043821186 15.09
1510 2.424840678599596 15.1
1511 2.460795092163764 15.11
1512 2.460526355471803 15.12
1513 2.488060827178219 15.13
1514 2.507732927333635 15.14
1515 2.50022858766218 15.15
1516 2.506097141510156 15.16
1517 2.494364862740337 15.17
1518 2.527416014645704 15.18
1519 2.536302810250897 15.19
1520 2.522131216748283 15.2
1521 2.576096726147431 15.21
1522 2.577334951583518 15.22
1523 2.605224844917382 15.23
1524 2.667064883825564 15.24
1525 2.683810071265845 15.25
1526 2.659587921213219 15.26
1527 2.654107610356133 15.27
1528 2.711250496755284 15.28
1529 2.75198704626338 15.29
1530 2.777236696188091 15.3
1531 2.772056626839695 15.31
1532 2.805808871274467 15.32
1533 2.85389175133313 15.33
1534 2.836331050583066 15.34
1535 2.848274473861364 15.35
1536 2.908833800749207 15.36
1537 2.963601444227062 15.37
1538 2.962032173779173 15.38
1539 2.964180010070106 15.39
1540 3.062064802319663 15.4
1541 3.06862948468075 15.41
1542 3.040223607258697 15.42
1543 3.034817085435576 15.43
1544 3.074628669377554 15.44
1545 3.112503259879009 15.45
1546 3.123159249134674 15.46
1547 3.16252160410894 15.47
1548 3.19982116522934 15.48
1549 3.200904019897004 15.49
1550 3.213193827778183 15.5
1551 3.237781298412774 15.51
1552 3.280843326751199 15.52
1553 3.283036114844669 15.53
1554 3.305492609449935 15.54
1555 3.300674844099161 15.55
1556 3.357972356983851 15.56
1557 3.381582685549521 15.57
1558 3.409357298795905 15.58
1559 3.410540427379386 15.59
1560 3.43451306331533 15.6
1561 3.451957347791873 15.61
1562 3.448190439161279 15.62
1563 3.428674116786574 15.63
1564 3.496572673689665 15.64
1565 3.539194202579411 15.65
1566 3.524016799862614 15.66
1567 3.536028334684507 15.67
1568 3.558047257131503 15.68
1569 3.572443208448645 15.69
1570 3.595276850802783 15.7
1571 3.63163594894108 15.71
1572 3.635777820164314 15.72
1573 3.595125034104645 15.73
1574 3.635299523597433 15.74
1575 3.716871373285371 15.75
1576 3.745861556287005 15.76
1577 3.729597807468033 15.77
1578 3.72842587867584 15.78
1579 3.758056318991918 15.79
1580 3.696337975428373 15.8
1581 3.673211859184265 15.81
1582 3.713617190225589 15.82
1583 3.74045327604279 15.83
1584 3.820766920293114 15.84
1585 3.844286493189728 15.85
1586 3.852939420088834 15.86
1587 3.84975782688856 15.87
1588 3.86220411253074 15.88
1589 3.870082153310796 15.89
1590 3.87171356944259 15.9
1591 3.895926112181305 15.91
1592 3.934070093239891 15.92
1593 3.979450618000564 15.93
1594 3.965387945286644 15.94
1595 3.981350816726092 15.95
1596 4.027392034140382 15.96
1597 4.027241572248983 15.97
1598 4.025696991467047 15.98
1599 4.066992460568128 15.99
1600 4.091875951026763 16
1601 4.087187988917333 16.01
1602 4.089744270000514 16.02
1603 4.070268849747428 16.03
1604 4.050842658192582 16.04
1605 4.024190934190455 16.05
1606 3.982027373969966 16.06
1607 3.985111598224271 16.07
1608 3.975205891587319 16.08
1609 3.928933954485641 16.09
1610 3.892224000670679 16.1
1611 3.888002301932034 16.11
1612 3.874597033778202 16.12
1613 3.83381046488732 16.13
1614 3.76498960783849 16.14
1615 3.723092844608713 16.15
1616 3.661276137022763 16.16
1617 3.615631540327294 16.17
1618 3.58426832453895 16.18
1619 3.539848707140119 16.19
1620 3.377164861910154 16.2
1621 3.314966975362091 16.21
1622 3.321183299107207 16.22
1623 3.326116179188062 16.23
1624 3.258718293129765 16.24
1625 3.220844694933887 16.25
1626 3.173966553257219 16.26
1627 3.154334527071918 16.27
1628 3.078991241162905 16.28
1629 3.016190636139389 16.29
1630 2.930199795003288 16.3
1631 2.856397762731104 16.31
1632 2.837764334218831 16.32
1633 2.770912654501875 16.33
1634 2.701681308248985 16.34
1635 2.732914635068574 16.35
1636 2.720597786088697 16.36
1637 2.671327447858861 16.37
1638 2.624189735517733 16.38
1639 2.596127677157427 16.39
1640 2.595711837238493 16.4
1641 2.561689762589324 16.41
1642 2.512947797917222 16.42
1643 2.442531088379949 16.43
1644 2.386722264996965 16.44
1645 2.428655908837947 16.45
1646 2.410811422712503 16.46
1647 2.357864412056343 16.47
1648 2.333450534234222 16.48
1649 2.280840775929627 16.49
1650 2.248886568276163 16.5
1651 2.254246975717568 16.51
1652 2.260620908359177 16.52
1653 2.263507438409474 16.53
1654 2.253706619228299 16.54
1655 2.240740673503682 16.55
1656 2.18782937988702 16.56
1657 2.199807347799344 16.57
1658 2.148171991646052 16.58
1659 2.158674101553733 16.59
1660 2.183050693276591 16.6
1661 2.16690294993386 16.61
1662 2.127627346880397 16.62
1663 2.105466684899858 16.63
1664 2.095637864642989 16.64
1665 2.117205662285613 16.65
1666 2.115117042149119 16.66
1667 2.093375434584477 16.67
1668 2.031009190877538 16.68
1669 2.006951029109689 16.69
1670 2.000154868630138 16.7
1671 2.00662848683361 16.71
1672 1.982807168233197 16.72
1673 2.022068633855884 16.73
1674 2.022983242976496 16.74
1675 2.022219036468951 16.75
1676 1.979050095037535 16.76
1677 1.925156664938279 16.77
1678 1.887297990076888 16.78
1679 1.899585411252072 16.79
1680 1.757943930415462 16.8
1681 1.782452471942609 16.81
1682 1.801105637861666 16.82
1683 1.826382121884586 16.83
1684 1.851909484203724 16.84
1685 1.826118726159604 16.85
1686 1.827451610406532 16.86
1687 1.816767102498046 16.87
1688 1.816936916629041 16.88
1689 1.749807120491504 16.89
1690 1.673036346716744 16.9
1691 1.650220309785247 16.91
1692 1.624241214459033 16.92
1693 1.607625365263321 16.93
1694 1.592399269591616 16.94
1695 1.572312649736564 16.95
1696 1.558125027995522 16.96
1697 1.526163344097953 16.97
1698 1.503545942157709 16.98
1699 1.48595674885075 16.99
1700 1.502680559653344 17
1701 1.405991496998323 17.01
1702 1.349909456075624 17.02
1703 1.377249052483156 17.03
1704 1.36625291765494 17.04
1705 1.314374989612855 17.05
1706 1.310219052284666 17.06
1707 1.313402196180885 17.07
1708 1.258957779314855 17.08
1709 1.198214161850725 17.09
1710 1.197563635692414 17.1
1711 1.193956465414328 17.11
1712 1.159575663074225 17.12
1713 1.148349926422535 17.13
1714 1.16230440695986 17.14
1715 1.144358495702609 17.15
1716 1.128927823808729 17.16
1717 1.148451521461817 17.17
1718 1.188772742168645 17.18
1719 1.089126475055936 17.19
1720 1.014506146550839 17.2
1721 1.025085048091464 17.21
1722 1.018597742269787 17.22
1723 1.030072469557617 17.23
1724 1.02812258123807 17.24
1725 1.023541403233239 17.25
1726 0.9990525109771531 17.26
1727 1.05635154264598 17.27
1728 1.024736495919509 17.28
1729 0.967155042550023 17.29
1730 0.9831265993602839 17.3
1731 0.9591575201666458 17.31
1732 0.9524247200138807 17.32
1733 0.9864724199734832 17.33
1734 0.9493898424311039 17.34
1735 0.9357123670247076 17.35
1736 0.9205571421229125 17.36
1737 0.9303179651789019 17.37
1738 0.8904905901758176 17.38
1739 0.8582947047657347 17.39
1740 0.8806689175090461 17.4
1741 0.890553630495808 17.41
1742 0.8828341272514786 17.42
1743 0.8331830412314564 17.43
1744 0.8061964260561906 17.44
1745 0.8545124932654863 17.45
1746 0.8218563882484546 17.46
1747 0.8134080817017993 17.47
1748 0.8083029580689201 17.48
1749 0.8701837537590736 17.49
1750 0.7953692342512705 17.5
1751 0.7404679525787964 17.51
1752 0.7565899172152336 17.52
1753 0.8126150283201374 17.53
1754 0.7795274552553444 17.54
1755 0.7530565380801991 17.55
1756 0.7601695334735222 17.56
1757 0.7360035630066791 17.57
1758 0.77967231622398 17.58
1759 0.7347060958355275 17.59
1760 0.7526971019723679 17.6
1761 0.7505703351055435 17.61
1762 0.702557039131337 17.62
1763 0.7146341376675032 17.63
1764 0.7093072115316345 17.64
1765 0.7360793468780812 17.65
1766 0.7473701193888037 17.66
1767 0.7469187208821892 17.67
1768 0.7457976905320018 17.68
1769 0.7330857188940882 17.69
1770 0.7438415724541464 17.7
1771 0.738028831066412 17.71
1772 0.7394440128274843 17.72
1773 0.7229888530917146 17.73
1774 0.7406746949543291 17.74
1775 0.7129351633356765 17.75
1776 0.7340870507414704 17.76
1777 0.7393393228790683 17.77
1778 0.7445336947898546 17.78
1779 0.7417634102828015 17.79
1780 0.733135654006063 17.8
1781 0.736856726920477 17.81
1782 0.7340615543747753 17.82
1783 0.7464273279901565 17.83
1784 0.739133313142894 17.84
1785 0.7360179478429967 17.85
1786 0.7314788562844208 17.86
1787 0.7515127691020594 17.87
1788 0.7558510564051806 17.88
1789 0.764196865210764 17.89
1790 0.7588818656447982 17.9
1791 0.7531138206000023 17.91
1792 0.7578172510446458 17.92
1793 0.7621889001667165 17.93
1794 0.7669307643410667 17.94
1795 0.7696403287812941 17.95
1796 0.7717392109425939 17.96
1797 0.7700740816158208 17.97
1798 0.7722073659120294 17.98
1799 0.7616588095264039 17.99
1800 0.7662106339502298 18
1801 0.7730747903628074 18.01
1802 0.7663710243828131 18.02
1803 0.7530681795906237 18.03
1804 0.7701563781974484 18.04
1805 0.7786177277755374 18.05
1806 0.7694841645550403 18.06
1807 0.7713328554249104 18.07
1808 0.766031615535257 18.08
1809 0.7764086227686912 18.09
1810 0.7842957435164535 18.1
1811 0.7819787662434808 18.11
1812 0.7825992553422448 18.12
1813 0.7833020769235667 18.13
1814 0.7764414468305054 18.14
1815 0.7752554429183273 18.15
1816 0.7831268883665388 18.16
1817 0.780780413468289 18.17
1818 0.7855906455186897 18.18
1819 0.7820047425201304 18.19
1820 0.7973363427282738 18.2
1821 0.7880060253280559 18.21
1822 0.7928237699773145 18.22
1823 0.7978686991471784 18.23
1824 0.7952135081354639 18.24
1825 0.8009880974160287 18.25
1826 0.801481893014111 18.26
1827 0.8133641696533646 18.27
1828 0.8241668562709513 18.28
1829 0.830388456903482 18.29
1830 0.8366259722994915 18.3
1831 0.8338996523352561 18.31
1832 0.829739700060418 18.32
1833 0.8409068616176936 18.33
1834 0.8709930040047968 18.34
1835 0.8715433944833499 18.35
1836 0.8774054053909461 18.36
1837 0.8761975299072585 18.37
1838 0.8606544140319712 18.38
1839 0.8844125870806274 18.39
1840 0.9004802664500351 18.4
1841 0.9137524350121146 18.41
1842 0.8937310433168494 18.42
1843 0.8765103486532226 18.43
1844 0.904266028096021 18.44
1845 0.9186217518400732 18.45
1846 0.9418680522320255 18.46
1847 0.9294445744272463 18.47
1848 0.9172859469977477 18.48
1849 0.9016698952759113 18.49
1850 0.9397025508639355 18.5
1851 0.9573192759982514 18.51
1852 0.9659232797100756 18.52
1853 0.9563762673862244 18.53
1854 0.9470052492360668 18.54
1855 0.9597328494281065 18.55
1856 0.9673826271150616 18.56
1857 0.9881153947566587 18.57
1858 0.9871139386460731 18.58
1859 0.9955155559459943 18.59
1860 0.9869892448659148 18.6
1861 0.9844929500643448 18.61
1862 0.9846166765482122 18.62
1863 0.9859610874235701 18.63
1864 0.9902411123853959 18.64
1865 0.9996175425623335 18.65
1866 0.9956013566019783 18.66
1867 0.9971966158422541 18.67
1868 1.009796544329365 18.68
1869 1.000178575289944 18.69
1870 1.013031036070606 18.7
1871 1.017131043033187 18.71
1872 1.020160170205605 18.72
1873 1.017752134302486 18.73
1874 1.019651728893784 18.74
1875 1.021765218435664 18.75
1876 1.026666571230906 18.76
1877 1.033237456610098 18.77
1878 1.042893608095537 18.78
1879 1.044253360131532 18.79
1880 1.052394541338324 18.8
1881 1.041912696104512 18.81
1882 1.040634097370318 18.82
1883 1.040739572992052 18.83
1884 1.042458562817739 18.84
1885 1.04962947175219 18.85
1886 1.064004807873866 18.86
1887 1.059749048311429 18.87
1888 1.056862708047477 18.88
1889 1.067577447670074 18.89
1890 1.08235145302137 18.9
1891 1.08532681887551 18.91
1892 1.088502555285163 18.92
1893 1.09850079065547 18.93
1894 1.099287904386813 18.94
1895 1.088294257441299 18.95
1896 1.10282461694299 18.96
1897 1.092400377656475 18.97
1898 1.106654601707147 18.98
1899 1.1023542133162 18.99
1900 1.096581142701886 19
1901 1.110843551004271 19.01
1902 1.112588240074065 19.02
1903 1.114524243810464 19.03
1904 1.114217167620083 19.04
1905 1.140405275162157 19.05
1906 1.142503751833732 19.06
1907 1.146670280685709 19.07
1908 1.164552992904446 19.08
1909 1.168594059660969 19.09
1910 1.154381020018138 19.1
1911 1.158561643226512 19.11
1912 1.181726192698576 19.12
1913 1.182132716377887 19.13
1914 1.194603249599918 19.14
1915 1.211738537295769 19.15
1916 1.232577567556259 19.16
1917 1.22657934065957 19.17
1918 1.236160662778172 19.18
1919 1.242064763607688 19.19
1920 1.172269255090749 19.2
1921 1.23000633578188 19.21
1922 1.29387895810788 19.22
1923 1.300136757177841 19.23
1924 1.304593909643187 19.24
1925 1.285346178504057 19.25
1926 1.310302513151785 19.26
1927 1.311011663003336 19.27
1928 1.343504265304634 19.28
1929 1.385279023803563 19.29
1930 1.415637072138208 19.3
1931 1.418574425567475 19.31
1932 1.393105225038539 19.32
1933 1.439839042592358 19.33
1934 1.463315159302845 19.34
1935 1.51934474120886 19.35
1936 1.512904228752207 19.36
1937 1.515673103262667 19.37
1938 1.525184358476602 19.38
1939 1.553188418072031 19.39
1940 1.631041595470294 19.4
1941 1.641794091915733 19.41
1942 1.615172934366112 19.42
1943 1.608017943036258 19.43
1944 1.626832251162575 19.44
1945 1.645484046349024 19.45
1946 1.665833017400793 19.46
1947 1.697896196807152 19.47
1948 1.711279265710014 19.48
1949 1.732636375984223 19.49
1950 1.725813899478814 19.5
1951 1.739634482622883 19.51
1952 1.724465935944912 19.52
1953 1.761612532025372 19.53
1954 1.773462499229203 19.54
1955 1.754489110802153 19.55
1956 1.796712455065113 19.56
1957 1.769752021229166 19.57
1958 1.816153317027596 19.58
1959 1.803180754791668 19.59
1960 1.840087682793181 19.6
1961 1.812101170750148 19.61
1962 1.8496187813712 19.62
1963 1.858341267080817 19.63
1964 1.846979756500449 19.64
1965 1.839999614549725 19.65
1966 1.851500552801038 19.66
1967 1.847478737727444 19.67
1968 1.860787025473914 19.68
1969 1.864957335805155 19.69
1970 1.879587413056824 19.7
1971 1.880512668781891 19.71
1972 1.870707573392865 19.72
1973 1.885162167891188 19.73
1974 1.895776871539051 19.74
1975 1.893420762863282 19.75
1976 1.899809035394746 19.76
1977 1.916614531852898 19.77
1978 1.919531712631083 19.78
1979 1.923291466007193 19.79
1980 1.925811912009775 19.8
1981 1.910043149081581 19.81
1982 1.912217683341836 19.82
1983 1.897810620991988 19.83
1984 1.931809295755436 19.84
1985 1.960500435156455 19.85
1986 1.931251482645139 19.86
1987 1.982697482602113 19.87
1988 1.938777004245513 19.88
1989 1.970298869984847 19.89
1990 1.947959576908558 19.9
1991 1.994926710166598 19.91
1992 1.949001129241091 19.92
1993 1.998585147507938 19.93
1994 1.979497512284996 19.94
1995 2.026400515377506 19.95
1996 2.039110393107546 19.96
1997 2.032697969050923 19.97
1998 1.976305702563206 19.98
1999 2.010463047567911 19.99
2000 2.046990956499426 20
