"lf-rfile"
"Time Step" "fl etc.."
("Time Step" "fl" "flow-time")
0 0 0
1 37.59777857240413 0.01
2 11.47050139926795 0.02
3 8.210581712667629 0.03
4 8.095594072517825 0.04
5 8.153489921694101 0.05
6 8.116994474113016 0.06
7 8.132862343453329 0.07000000000000001
8 8.154497936772026 0.08
9 8.150635007488034 0.09
10 8.268509008886054 0.1
11 8.378918300204161 0.11
12 8.392346154529157 0.12
13 8.308376820777886 0.13
14 8.270678550297626 0.14
15 8.221305588229439 0.15
16 8.260747294798065 0.16
17 8.320731591368723 0.17
18 8.481654887364961 0.18
19 8.56436688506944 0.19
20 8.571433191464127 0.2
21 8.591595206201882 0.21
22 8.616680868720067 0.22
23 8.636266116105487 0.23
24 8.605743926864738 0.24
25 8.668092423206408 0.25
26 8.71319302738981 0.26
27 8.746810442621845 0.27
28 8.783183217658459 0.28
29 8.865240493603801 0.29
30 8.869690077295706 0.3
31 8.851336773466608 0.31
32 8.80246055599566 0.32
33 8.745783246474405 0.33
34 8.738052331540571 0.34
35 8.7691618011497 0.35
36 8.817659825828802 0.36
37 8.86064322270418 0.37
38 8.922354245237324 0.38
39 8.970287862412558 0.39
40 9.022926624090708 0.4
41 9.066127643906539 0.41
42 9.045736847398862 0.42
43 9.029333587212282 0.43
44 9.028437625054984 0.44
45 9.059927355915555 0.45
46 9.05820745097154 0.46
47 9.084071532692228 0.47
48 8.992509315932352 0.48
49 9.064415631521749 0.49
50 9.027230296467012 0.5
51 8.959669855845593 0.51
52 9.017347360474654 0.52
53 9.037638369881169 0.53
54 9.071241272408583 0.54
55 9.086099819710757 0.55
56 9.112361126768601 0.5600000000000001
57 9.196936180700344 0.5700000000000001
58 9.271741289283803 0.58
59 9.287784475421937 0.59
60 9.236960476898002 0.6
61 9.230240338577962 0.61
62 9.16155926914645 0.62
63 9.183363029840253 0.63
64 9.204180643834952 0.64
65 9.216048766836705 0.65
66 9.259553901174497 0.66
67 9.302556904119438 0.67
68 9.323241850655288 0.68
69 9.364326835161558 0.6900000000000001
70 9.473684584028994 0.7000000000000001
71 9.528400509263905 0.71
72 9.54343969631103 0.72
73 9.545864886725582 0.73
74 9.519664616174364 0.74
75 9.469227417481408 0.75
76 9.446658706922157 0.76
77 9.467070229019138 0.77
78 9.495905650667716 0.78
79 9.535047757976397 0.79
80 9.592481794867734 0.8
81 9.665019257980431 0.8100000000000001
82 9.738111645126057 0.8200000000000001
83 9.763556649271406 0.8300000000000001
84 9.735563928931478 0.84
85 9.719410307755673 0.85
86 9.6952407933919 0.86
87 9.684350957541325 0.87
88 9.695513736240844 0.88
89 9.737491228102538 0.89
90 9.776843290912934 0.9
91 9.805408992298755 0.91
92 9.903027077905868 0.92
93 9.949828695969483 0.93
94 9.937312315267382 0.9400000000000001
95 9.933957405366222 0.9500000000000001
96 9.938754330563937 0.96
97 9.920236104501791 0.97
98 9.897176491397198 0.98
99 9.935588380128529 0.99
100 9.931621616355503 1
101 9.968651199436142 1.01
102 10.01013228664997 1.02
103 10.07805242139499 1.03
104 10.06759575665413 1.04
105 10.10576280425503 1.05
106 10.13420746695901 1.06
107 10.16495749650532 1.07
108 10.14851683845706 1.08
109 10.13533283127956 1.09
110 10.14122928444937 1.1
111 10.13296540557359 1.11
112 10.12473849143088 1.12
113 10.12118782337806 1.13
114 10.12671440258504 1.14
115 10.12230852418448 1.15
116 10.15175068624791 1.16
117 10.21250458716164 1.17
118 10.26017537640631 1.18
119 10.24194898942484 1.19
120 10.28104224948764 1.2
121 10.32572312389472 1.21
122 10.2580271092865 1.22
123 10.20827585621007 1.23
124 10.19101323809032 1.24
125 10.16585731801074 1.25
126 10.12801052729274 1.26
127 10.12925939635134 1.27
128 10.15138879827988 1.28
129 10.17593952622222 1.29
130 10.18316606248635 1.3
131 10.17558600602244 1.31
132 10.18168510199148 1.32
133 10.11755629740136 1.33
134 10.15800382817646 1.34
135 10.17074926156624 1.35
136 10.16750485246605 1.36
137 10.13816836337509 1.37
138 10.10553210020972 1.38
139 10.06754055878266 1.39
140 10.02171933389901 1.4
141 10.01364739267955 1.41
142 10.01032553462077 1.42
143 9.990643846163543 1.43
144 9.960867864865946 1.44
145 9.970456679570994 1.45
146 9.957403285045254 1.46
147 9.932004790306443 1.47
148 9.936090806880179 1.48
149 9.932613480705418 1.49
150 9.933491204863889 1.5
151 9.917584081430808 1.51
152 9.919334132791214 1.52
153 9.928772049240553 1.53
154 9.913266817013115 1.54
155 9.862060075931625 1.55
156 9.82301121073634 1.56
157 9.789560456114739 1.57
158 9.730052549583576 1.58
159 9.714426157124036 1.59
160 9.703000271937386 1.6
161 9.679932363502978 1.61
162 9.653337330166016 1.62
163 9.666282209087267 1.63
164 9.67774526668012 1.64
165 9.638928705173887 1.65
166 9.624400602919883 1.66
167 9.613987287296863 1.67
168 9.58792172450368 1.68
169 9.541298349618492 1.69
170 9.532845935092698 1.7
171 9.535514811636284 1.71
172 9.511498312603122 1.72
173 9.482651224803201 1.73
174 9.488589175840387 1.74
175 9.434637152674998 1.75
176 9.383866191356333 1.76
177 9.348591160567494 1.77
178 9.324929811081748 1.78
179 9.29561246140438 1.79
180 9.264505741045285 1.8
181 9.259887855279654 1.81
182 9.269544139252778 1.82
183 9.213798451185726 1.83
184 9.199016999922577 1.84
185 9.173213683796224 1.85
186 9.145306394970032 1.86
187 9.09931426833635 1.87
188 9.094031216085764 1.88
189 9.052965496558361 1.89
190 9.029645343406063 1.9
191 8.995316229293749 1.91
192 8.999453275484807 1.92
193 8.986782982658223 1.93
194 8.932841441234757 1.94
195 8.871654723495231 1.95
196 8.86817068955491 1.96
197 8.846654796525055 1.97
198 8.808728840356725 1.98
199 8.778244573153238 1.99
200 8.756777214106302 2
201 8.697372308658846 2.01
202 8.659112293472111 2.02
203 8.641207262898506 2.03
204 8.622841348734434 2.04
205 8.589755337594877 2.05
206 8.566185672292701 2.06
207 8.557435036196646 2.07
208 8.526928319715932 2.08
209 8.477792252994634 2.09
210 8.430589020666353 2.1
211 8.398182126768992 2.11
212 8.370662739533088 2.12
213 8.347169387099417 2.13
214 8.364179629123864 2.14
215 8.319514204410321 2.15
216 8.291312987041643 2.16
217 8.252278805393082 2.17
218 8.213900899918192 2.18
219 8.15687492756207 2.19
220 8.108949902688519 2.2
221 8.10879439940539 2.21
222 8.099519168720846 2.22
223 8.081523235916023 2.23
224 8.061452080097133 2.24
225 8.034547355367801 2.25
226 8.000186081651677 2.26
227 7.977595399075872 2.27
228 7.966109569786376 2.28
229 7.937541806127473 2.29
230 7.904899078185293 2.3
231 7.88565001826946 2.31
232 7.863061594617037 2.32
233 7.844405961654884 2.33
234 7.821245302261707 2.34
235 7.806448075196218 2.35
236 7.767416665307811 2.36
237 7.720242774497751 2.37
238 7.710368651927526 2.38
239 7.70055583682059 2.39
240 7.690062645296495 2.4
241 7.655354371917083 2.41
242 7.65425736256375 2.42
243 7.654444732457092 2.43
244 7.62166228293636 2.44
245 7.594049424761971 2.45
246 7.606575172466777 2.46
247 7.594896360824404 2.47
248 7.565243285931214 2.48
249 7.552884679684613 2.49
250 7.565208381939086 2.5
251 7.535377827528754 2.51
252 7.536848727519068 2.52
253 7.550852875744577 2.53
254 7.541857362362672 2.54
255 7.504830660214813 2.55
256 7.516743217799277 2.56
257 7.536196446942848 2.57
258 7.514018667750179 2.58
259 7.511785389809557 2.59
260 7.513006237470167 2.6
261 7.495566639123096 2.61
262 7.479183352911241 2.62
263 7.490865947271002 2.63
264 7.501540047761548 2.64
265 7.491242011833338 2.65
266 7.47682953847927 2.66
267 7.492232292023336 2.67
268 7.503720348481451 2.68
269 7.474742218419761 2.69
270 7.487677805918077 2.7
271 7.494310834140246 2.71
272 7.501968059678918 2.72
273 7.489911888443769 2.73
274 7.484452528710074 2.74
275 7.461839296257539 2.75
276 7.445482379724726 2.76
277 7.464515426629622 2.77
278 7.490959023844554 2.78
279 7.507231918322358 2.79
280 7.480966345082289 2.8
281 7.477811020642035 2.81
282 7.481220579986968 2.82
283 7.459673170917861 2.83
284 7.435587545547991 2.84
285 7.459382672382546 2.85
286 7.468117708463288 2.86
287 7.456062776373122 2.87
288 7.450284293004546 2.88
289 7.464365925134026 2.89
290 7.456907303651053 2.9
291 7.440786902413106 2.91
292 7.456060955666832 2.92
293 7.462315283827095 2.93
294 7.452463930413001 2.94
295 7.451578574482451 2.95
296 7.461429102826442 2.96
297 7.452361444410836 2.97
298 7.413327971840102 2.98
299 7.411866320209837 2.99
300 7.521375645786875 3
301 7.508810054571586 3.01
302 7.474638189116567 3.02
303 7.436376097772916 3.03
304 7.421381630916295 3.04
305 7.426361279163614 3.05
306 7.4350956538744 3.06
307 7.447335256860583 3.07
308 7.457680437719579 3.08
309 7.495384431582981 3.09
310 7.530043090212188 3.1
311 7.521783794259127 3.11
312 7.485199636495599 3.12
313 7.455742977758735 3.13
314 7.44842608653506 3.14
315 7.442908108099167 3.15
316 7.486621269593503 3.16
317 7.518051749033879 3.17
318 7.5195408748679 3.18
319 7.533420648290933 3.19
320 7.51193556374436 3.2
321 7.517496311723331 3.21
322 7.491523101876104 3.22
323 7.471655058506879 3.23
324 7.484892728151533 3.24
325 7.507988005179389 3.25
326 7.507704555595939 3.26
327 7.508001130928693 3.27
328 7.506278069354281 3.28
329 7.519865195255498 3.29
330 7.493785173162265 3.3
331 7.502122030277352 3.31
332 7.511201660589117 3.32
333 7.544550803886144 3.33
334 7.548561158033992 3.34
335 7.510746737875555 3.35
336 7.517418471212826 3.36
337 7.507887015213432 3.37
338 7.496148917901544 3.38
339 7.508583264041779 3.39
340 7.481055455010276 3.4
341 7.482869004947662 3.41
342 7.484475496074108 3.42
343 7.504119814973394 3.43
344 7.489944335070239 3.44
345 7.472498942614987 3.45
346 7.462071192199941 3.46
347 7.470486701709663 3.47
348 7.453234009899986 3.48
349 7.431717365470402 3.49
350 7.444720784288471 3.5
351 7.450527504401528 3.51
352 7.424942887523442 3.52
353 7.427961720244557 3.53
354 7.428661168255704 3.54
355 7.420880954956337 3.55
356 7.406935437984179 3.56
357 7.389098142090236 3.57
358 7.411463406646526 3.58
359 7.403261287361107 3.59
360 7.374545915896942 3.6
361 7.370692150832733 3.61
362 7.368426163197 3.62
363 7.359076224400808 3.63
364 7.345794624761771 3.64
365 7.359422563146899 3.65
366 7.36097343889123 3.66
367 7.352873631159978 3.67
368 7.354950117219398 3.68
369 7.374973536081745 3.69
370 7.367990887337944 3.7
371 7.36709745293277 3.71
372 7.384992291620977 3.72
373 7.390972386829918 3.73
374 7.365966869216861 3.74
375 7.363565823639516 3.75
376 7.397338438223186 3.76
377 7.411191242677218 3.77
378 7.414602255489929 3.78
379 7.422716898953937 3.79
380 7.44142752921892 3.8
381 7.436855315889312 3.81
382 7.446325135850361 3.82
383 7.436935140354492 3.83
384 7.461889924269696 3.84
385 7.446824859146788 3.85
386 7.473217788558955 3.86
387 7.487205278415089 3.87
388 7.473684488536771 3.88
389 7.467106739036836 3.89
390 7.512520898783284 3.9
391 7.499224009613719 3.91
392 7.49448021206108 3.92
393 7.502112188932151 3.93
394 7.494546030624178 3.94
395 7.506429671925521 3.95
396 7.485046855942219 3.96
397 7.491967162716856 3.97
398 7.530103799306161 3.98
399 7.533706421598549 3.99
400 7.49250227725777 4
401 7.490731001501547 4.01
402 7.504317345521739 4.02
403 7.51530836523961 4.03
404 7.518055829829804 4.04
405 7.533272600527143 4.05
406 7.510900636608352 4.06
407 7.457104098003775 4.07
408 7.513567858524183 4.08
409 7.54318150241733 4.09
410 7.54841650778814 4.1
411 7.515654923624433 4.11
412 7.533976513198422 4.12
413 7.570504325274971 4.13
414 7.548564208701037 4.14
415 7.544428763387608 4.15
416 7.575055592317999 4.16
417 7.561937754700802 4.17
418 7.509220858878956 4.18
419 7.514767025922954 4.19
420 7.466186513201786 4.2
421 7.51287404354352 4.21
422 7.560767535895702 4.22
423 7.520573934617467 4.23
424 7.503482338358667 4.24
425 7.50727638559838 4.25
426 7.486408786791647 4.26
427 7.498009990857115 4.27
428 7.493701941328553 4.28
429 7.483850313339452 4.29
430 7.448153623221629 4.3
431 7.470737526567715 4.31
432 7.469055699551583 4.32
433 7.494861650572186 4.33
434 7.486637455216903 4.34
435 7.596153828164351 4.350000000000001
436 7.557048348501676 4.36
437 7.5377826945356 4.37
438 7.476591852066031 4.38
439 7.506453891741121 4.39
440 7.507499944074567 4.4
441 7.537666297792889 4.41
442 7.555971118546969 4.42
443 7.588870724212411 4.43
444 7.61517860638086 4.44
445 7.609283731603252 4.45
446 7.559298235979058 4.46
447 7.615865593171639 4.47
448 7.629070478925535 4.48
449 7.629323027487845 4.49
450 7.65630591854168 4.5
451 7.661687384365884 4.51
452 7.654073334405405 4.52
453 7.674500582974743 4.53
454 7.703990676875718 4.54
455 7.702103870146887 4.55
456 7.72232445857904 4.56
457 7.769665834056075 4.57
458 7.733076759868516 4.58
459 7.701554515699717 4.59
460 7.714380911848252 4.600000000000001
461 7.702169865536771 4.61
462 7.71469873977733 4.62
463 7.762627503506939 4.63
464 7.787046816191068 4.64
465 7.809549686821287 4.65
466 7.766724756573833 4.66
467 7.779030961194488 4.67
468 7.80637861670296 4.68
469 7.84749718475183 4.69
470 7.779556495448761 4.7
471 7.799789321362617 4.71
472 7.850236109842639 4.72
473 7.87561982544286 4.73
474 7.839461631493812 4.74
475 7.870265649340302 4.75
476 7.947943037221287 4.76
477 7.882202750678739 4.77
478 7.900830477115362 4.78
479 7.954686630316436 4.79
480 8.00752620519587 4.8
481 8.04657368353916 4.81
482 8.013168289405245 4.82
483 8.002326202862989 4.83
484 8.075470358782153 4.84
485 8.146010749868209 4.850000000000001
486 8.133372840928324 4.86
487 8.160214826382388 4.87
488 8.193207190908385 4.88
489 8.280243327055127 4.89
490 8.304313564591451 4.9
491 8.305641717813621 4.91
492 8.361642192378365 4.92
493 8.398170004395089 4.93
494 8.465605796163802 4.94
495 8.490636904353186 4.95
496 8.529722372745725 4.96
497 8.504324393383252 4.97
498 8.555282480853926 4.98
499 8.605463528754097 4.99
500 8.701581187977753 5
501 8.788610782592571 5.01
502 8.8339805936261 5.02
503 8.855229115179098 5.03
504 8.879506979298004 5.04
505 8.843569204594321 5.05
506 8.878952690961134 5.06
507 8.881898419950623 5.07
508 8.970898323295129 5.08
509 9.044673813617194 5.09
510 9.11357674795588 5.100000000000001
511 9.118972172060495 5.11
512 9.113377406101469 5.12
513 9.125000962641096 5.13
514 9.089095920166155 5.14
515 9.101967906617469 5.15
516 9.171485730389504 5.16
517 9.253609926341515 5.17
518 9.278953156597099 5.18
519 9.310438292812947 5.19
520 9.291526258324346 5.2
521 9.269504210383305 5.21
522 9.303731372626411 5.22
523 9.348716884479757 5.23
524 9.400477078826338 5.24
525 9.43908822054375 5.25
526 9.492600632171785 5.26
527 9.493467847502709 5.27
528 9.429889962765879 5.28
529 9.417368410787379 5.29
530 9.429419648090452 5.3
531 9.406940554754545 5.31
532 9.398266673721116 5.32
533 9.415305172838352 5.33
534 9.442425188133251 5.34
535 9.500652726017487 5.350000000000001
536 9.540949760422254 5.36
537 9.562700416406111 5.37
538 9.530645317087963 5.38
539 9.483377155658879 5.39
540 9.485895832171675 5.4
541 9.480729097643048 5.41
542 9.48221556452909 5.42
543 9.527428904135846 5.43
544 9.532099577164765 5.44
545 9.518664974436353 5.45
546 9.495515236417017 5.46
547 9.465249056431793 5.47
548 9.444905914124288 5.48
549 9.471489073377022 5.49
550 9.526203119099728 5.5
551 9.533828596661259 5.51
552 9.559211416619434 5.52
553 9.572299146525042 5.53
554 9.526479962997279 5.54
555 9.489861631600711 5.55
556 9.443249752598442 5.56
557 9.367878993444874 5.57
558 9.352901319117771 5.58
559 9.38023403575991 5.59
560 9.43673292256851 5.600000000000001
561 9.46604412032846 5.61
562 9.503019797899318 5.62
563 9.527515736804141 5.63
564 9.528225862590723 5.64
565 9.502581575892819 5.65
566 9.477243577481769 5.66
567 9.461738265453839 5.67
568 9.500432156417135 5.68
569 9.561771629260152 5.69
570 9.605278678235774 5.7
571 9.603088444041521 5.71
572 9.630546458212818 5.72
573 9.596373211095223 5.73
574 9.532984549356266 5.74
575 9.49449186632291 5.75
576 9.482699302224212 5.76
577 9.468488528065196 5.77
578 9.495513625591155 5.78
579 9.554780929865645 5.79
580 9.6284876160569 5.8
581 9.671020631795832 5.81
582 9.699034480552863 5.82
583 9.69799334746731 5.83
584 9.648161835416401 5.84
585 9.638454727464929 5.850000000000001
586 9.636212557961514 5.86
587 9.670482959132098 5.87
588 9.673575092222876 5.88
589 9.775846900038351 5.89
590 9.813068781395447 5.9
591 9.817767887846754 5.91
592 9.796084761400701 5.92
593 9.767041810656659 5.93
594 9.737824894796299 5.94
595 9.699301203340049 5.95
596 9.658920147353522 5.96
597 9.727019630968227 5.97
598 9.799808533405344 5.98
599 9.841109625503918 5.99
600 9.886247866839499 6
601 9.93647568488683 6.01
602 9.917563102984342 6.02
603 9.872921561043496 6.03
604 9.806924255226953 6.04
605 9.76667533268783 6.05
606 9.74084039899088 6.06
607 9.78070800441183 6.07
608 9.839719484488221 6.08
609 9.8828080059005 6.09
610 9.937248659792665 6.100000000000001
611 9.977118532994201 6.11
612 9.983651545083713 6.12
613 9.926497468458587 6.13
614 9.878958498542678 6.140000000000001
615 9.828865660957852 6.15
616 9.793461110308103 6.16
617 9.803612348633608 6.17
618 9.845256305465528 6.18
619 9.898308799945058 6.19
620 9.919528265252554 6.2
621 9.958338019938989 6.21
622 9.983192236337834 6.22
623 9.967137309568301 6.23
624 9.906074793077975 6.24
625 9.840994137815994 6.25
626 9.797847699930992 6.26
627 9.796415479870786 6.27
628 9.798282612569249 6.28
629 9.856499480190937 6.29
630 9.923660292084479 6.3
631 9.972178967020859 6.31
632 9.980127456272823 6.32
633 9.945562421157433 6.33
634 9.851078167343992 6.34
635 9.832489566851395 6.350000000000001
636 9.821190977962813 6.36
637 9.789636737594405 6.37
638 9.76210842570123 6.38
639 9.783832179698436 6.390000000000001
640 9.853259025770937 6.4
641 9.890033332392445 6.41
642 9.907334410652526 6.42
643 9.911233032774724 6.43
644 9.900305947997802 6.44
645 9.84602101268568 6.45
646 9.825742648603905 6.46
647 9.81314460939932 6.47
648 9.812421253779025 6.48
649 9.753045271467887 6.49
650 9.745983200249359 6.5
651 9.73312365599789 6.51
652 9.739836496749813 6.52
653 9.716657084462526 6.53
654 9.738939670083104 6.54
655 9.78523216336534 6.55
656 9.789569462056305 6.56
657 9.790408600331222 6.57
658 9.809302529026157 6.58
659 9.783230079469929 6.59
660 9.737627677651094 6.600000000000001
661 9.717231363163936 6.61
662 9.69488244534999 6.62
663 9.640997520262026 6.63
664 9.620903868258056 6.640000000000001
665 9.658905486376753 6.65
666 9.647181280059126 6.66
667 9.621979960335503 6.67
668 9.637720754042327 6.68
669 9.654142424090395 6.69
670 9.666141401357775 6.7
671 9.650339608844417 6.71
672 9.668549333102337 6.72
673 9.616407753616581 6.73
674 9.583586275488495 6.74
675 9.581755801719034 6.75
676 9.550536188913673 6.76
677 9.520752221011866 6.77
678 9.505801556660577 6.78
679 9.52912165921115 6.79
680 9.538335751589932 6.8
681 9.47084988318958 6.81
682 9.47635140411173 6.82
683 9.532833263717814 6.83
684 9.488008967471645 6.84
685 9.424614381003481 6.850000000000001
686 9.437899155219542 6.86
687 9.501892922019142 6.87
688 9.47262252116543 6.88
689 9.431601432920289 6.890000000000001
690 9.436523673085619 6.9
691 9.433510227883559 6.91
692 9.402901226585255 6.92
693 9.416728137159993 6.93
694 9.371985956274139 6.94
695 9.262138683510914 6.95
696 9.250355283054727 6.96
697 9.304223441459341 6.97
698 9.325076264603453 6.98
699 9.285283008698826 6.99
700 9.244025091917496 7
701 9.236563663790157 7.01
702 9.255907418283787 7.02
703 9.263649576893826 7.03
704 9.2547887060945 7.04
705 9.244085870380124 7.05
706 9.219417023698512 7.06
707 9.187296414999009 7.07
708 9.188620020291243 7.08
709 9.173468896942216 7.09
710 9.139813030611473 7.100000000000001
711 9.11891614441411 7.11
712 9.111722628914285 7.12
713 9.100957249555901 7.13
714 9.096875771879619 7.140000000000001
715 9.098592881809214 7.15
716 9.059751734024319 7.16
717 9.015226777319443 7.17
718 8.978593302136343 7.18
719 8.975007390543762 7.19
720 8.940980947433939 7.2
721 8.932632463793594 7.21
722 8.937034952078788 7.22
723 8.940686026336397 7.23
724 8.899691666475031 7.24
725 8.875610207626417 7.25
726 8.876891842457237 7.26
727 8.876297580855862 7.27
728 8.847198400262355 7.28
729 8.829836168037145 7.29
730 8.841261145861431 7.3
731 8.801628875590845 7.31
732 8.764868502606697 7.32
733 8.731220411419189 7.33
734 8.71007978124462 7.34
735 8.671687433993492 7.350000000000001
736 8.649073855812045 7.36
737 8.649088218589013 7.37
738 8.619545985237608 7.38
739 8.583236540405792 7.390000000000001
740 8.560266411499178 7.4
741 8.544095969033407 7.41
742 8.515579774659345 7.42
743 8.51736121146938 7.43
744 8.493198471855754 7.44
745 8.457008340992404 7.45
746 8.427865675050532 7.46
747 8.3922925909549 7.47
748 8.380027017388914 7.48
749 8.346653010803765 7.49
750 8.343589957856667 7.5
751 8.311338160206745 7.51
752 8.274114693538085 7.52
753 8.232767512062754 7.53
754 8.198948115909596 7.54
755 8.168470261585158 7.55
756 8.151962456237797 7.56
757 8.138551903903284 7.57
758 8.149281007156238 7.58
759 8.119196551348224 7.59
760 8.083887190415313 7.600000000000001
761 8.076533022024186 7.61
762 8.05507283657143 7.62
763 8.018463156129966 7.63
764 7.995910260844075 7.640000000000001
765 7.959070294009356 7.65
766 7.924652956759963 7.66
767 7.892104712539336 7.67
768 7.867023525309139 7.68
769 7.864764646293301 7.69
770 7.848695726592739 7.7
771 7.835061116566347 7.71
772 7.808296095861497 7.72
773 7.768005042860537 7.73
774 7.734576358449356 7.74
775 7.736188738900253 7.75
776 7.705436302685169 7.76
777 7.691958560636986 7.77
778 7.655342633604642 7.78
779 7.62636503443131 7.79
780 7.627692198313739 7.8
781 7.607964052764533 7.81
782 7.595385587635469 7.82
783 7.590208117933698 7.83
784 7.584524623421685 7.84
785 7.531061291453097 7.850000000000001
786 7.532799398836675 7.86
787 7.524337487520389 7.87
788 7.504161639377108 7.88
789 7.485121239866928 7.890000000000001
790 7.484443474484966 7.9
791 7.474843356788955 7.91
792 7.447791466603679 7.92
793 7.42308894131512 7.930000000000001
794 7.421308845163584 7.94
795 7.411695505363305 7.95
796 7.364627267730423 7.96
797 7.363285707308001 7.97
798 7.374914008232071 7.98
799 7.381018606997138 7.99
800 7.421809868854876 8
801 7.406348400859556 8.01
802 7.390042287421515 8.02
803 7.386143470209324 8.029999999999999
804 7.359023341730706 8.040000000000001
805 7.326266092521227 8.050000000000001
806 7.303122219755685 8.06
807 7.319829898948832 8.07
808 7.311045666349517 8.08
809 7.275529425317389 8.09
810 7.28307402360577 8.1
811 7.320390655581323 8.109999999999999
812 7.277235319668977 8.120000000000001
813 7.294797641973428 8.130000000000001
814 7.304593525201467 8.140000000000001
815 7.291203340046016 8.15
816 7.230638196444387 8.16
817 7.246127532327554 8.17
818 7.270597460169282 8.18
819 7.276510343771237 8.19
820 7.227184367366972 8.199999999999999
821 7.222385093905876 8.210000000000001
822 7.247832010913205 8.220000000000001
823 7.294133939279621 8.23
824 7.317863925212263 8.24
825 7.29229506464751 8.25
826 7.305991001712131 8.26
827 7.304903071764163 8.27
828 7.281863392807063 8.279999999999999
829 7.295709990052961 8.290000000000001
830 7.297291774313179 8.300000000000001
831 7.284633074783603 8.31
832 7.273608077456862 8.32
833 7.293458311813486 8.33
834 7.299967678720975 8.34
835 7.280613800948644 8.35
836 7.297924991341535 8.359999999999999
837 7.317179876262875 8.370000000000001
838 7.322873314213111 8.380000000000001
839 7.315698295173098 8.390000000000001
840 7.304334593338943 8.4
841 7.312965275702699 8.41
842 7.315402652145635 8.42
843 7.31914278578921 8.43
844 7.344043962652115 8.44
845 7.356859796037107 8.449999999999999
846 7.341494085604382 8.460000000000001
847 7.352466996954469 8.470000000000001
848 7.367070576442208 8.48
849 7.35774132905373 8.49
850 7.353154988424691 8.5
851 7.358319499364486 8.51
852 7.37402370652326 8.52
853 7.37515222452711 8.529999999999999
854 7.365028120578698 8.540000000000001
855 7.36882383175469 8.550000000000001
856 7.380158350560409 8.56
857 7.380968250487822 8.57
858 7.384403473087236 8.58
859 7.392249960671924 8.59
860 7.43173584791923 8.6
861 7.413133775745559 8.609999999999999
862 7.405858721807058 8.620000000000001
863 7.444363856903546 8.630000000000001
864 7.407643343203461 8.640000000000001
865 7.405014289806316 8.65
866 7.417908291027268 8.66
867 7.428957845410064 8.67
868 7.442856153588636 8.68
869 7.372656817297469 8.69
870 7.439067672814025 8.700000000000001
871 7.454603738015771 8.710000000000001
872 7.444912228198557 8.720000000000001
873 7.438328132234875 8.73
874 7.423546472683093 8.74
875 7.460251897974524 8.75
876 7.47273389555364 8.76
877 7.477703805894666 8.77
878 7.465732280355995 8.779999999999999
879 7.466755721944024 8.790000000000001
880 7.442650480655557 8.800000000000001
881 7.442553584203044 8.81
882 7.499666101004539 8.82
883 7.511643642433347 8.83
884 7.536011143775086 8.84
885 7.52193290730291 8.85
886 7.520709792186402 8.859999999999999
887 7.535757615934725 8.870000000000001
888 7.548843752928702 8.880000000000001
889 7.56742852760295 8.890000000000001
890 7.571767405983744 8.9
891 7.585929038092751 8.91
892 7.599996981208686 8.92
893 7.582202089481072 8.93
894 7.605014938828414 8.94
895 7.621417439959344 8.950000000000001
896 7.62750821854921 8.960000000000001
897 7.623912549885289 8.970000000000001
898 7.667071059844325 8.98
899 7.677620835435182 8.99
900 7.664454467963515 9
901 7.687041424481865 9.01
902 7.684836896001424 9.02
903 7.703440694196365 9.029999999999999
904 7.714302518389967 9.040000000000001
905 7.732742835847808 9.050000000000001
906 7.750774318053492 9.06
907 7.749548459251061 9.07
908 7.734438149873204 9.08
909 7.761543995431165 9.09
910 7.768734322897832 9.1
911 7.775127927009449 9.109999999999999
912 7.766376304470194 9.120000000000001
913 7.77323602374653 9.130000000000001
914 7.770567113075994 9.140000000000001
915 7.75042153079174 9.15
916 7.772962871990572 9.16
917 7.804388344140365 9.17
918 7.778188582740839 9.18
919 7.766442429535356 9.19
920 7.786204870818811 9.200000000000001
921 7.793456500493764 9.210000000000001
922 7.771871300531912 9.220000000000001
923 7.757742047679783 9.23
924 7.783255750492033 9.24
925 7.756638799028298 9.25
926 7.760338334040524 9.26
927 7.75936401867037 9.27
928 7.764159027177952 9.279999999999999
929 7.762569219550317 9.290000000000001
930 7.745938899521637 9.300000000000001
931 7.747124851753295 9.31
932 7.753584777388201 9.32
933 7.745342304242936 9.33
934 7.769152612521614 9.34
935 7.7549601877597 9.35
936 7.767186853701088 9.359999999999999
937 7.72902166037706 9.370000000000001
938 7.762726184436072 9.380000000000001
939 7.762001231835048 9.390000000000001
940 7.7708042166423 9.4
941 7.773796336619134 9.41
942 7.763256443313249 9.42
943 7.752630335874442 9.43
944 7.735379800430138 9.44
945 7.75898397805653 9.450000000000001
946 7.783876682035181 9.460000000000001
947 7.789963000967685 9.470000000000001
948 7.794477588915745 9.48
949 7.802613705218184 9.49
950 7.827034188274424 9.5
951 7.841508814349884 9.51
952 7.828862128594212 9.52
953 7.80806933705037 9.529999999999999
954 7.827931487553491 9.540000000000001
955 7.81940583001742 9.550000000000001
956 7.838113085534909 9.56
957 7.837862073647738 9.57
958 7.83277926324922 9.58
959 7.85914050775624 9.59
960 7.851809785221863 9.6
961 7.852115844395966 9.609999999999999
962 7.870383108614116 9.620000000000001
963 7.853692565034707 9.630000000000001
964 7.881450957848146 9.640000000000001
965 7.854192454629608 9.65
966 7.921326190224169 9.66
967 7.906740504532729 9.67
968 7.889871027582701 9.68
969 7.847578356307397 9.69
970 7.865510415795457 9.700000000000001
971 7.849464435685854 9.710000000000001
972 7.85303448390081 9.720000000000001
973 7.838392470186171 9.73
974 7.870983161798392 9.74
975 7.881098669182522 9.75
976 7.848298005232603 9.76
977 7.883289942267728 9.77
978 7.863622830959767 9.779999999999999
979 7.877025102198902 9.790000000000001
980 7.876944839880923 9.800000000000001
981 7.915612655074099 9.81
982 7.912526234333119 9.82
983 7.899061846743704 9.83
984 7.942756071294033 9.84
985 8.01017459009582 9.85
986 8.001998460672006 9.859999999999999
987 7.992735042089208 9.870000000000001
988 8.026651314036576 9.880000000000001
989 8.047133396373482 9.890000000000001
990 7.986817341885361 9.9
991 7.989871285258491 9.91
992 8.042092947488987 9.92
993 8.047800466337948 9.93
994 8.061671597414584 9.94
995 8.088574928984402 9.950000000000001
996 8.053915567611456 9.960000000000001
997 8.048164117487934 9.970000000000001
998 8.047324769465503 9.98
999 8.100119795118525 9.99
1000 8.113216424185707 10
1001 8.080053054561443 10.01
1002 8.140529760941527 10.02
1003 8.121083505055912 10.03
1004 8.107566308901651 10.04
1005 8.108059298053655 10.05
1006 8.084572732315843 10.06
1007 8.086348233436684 10.07
1008 8.10869013333846 10.08
1009 8.169142251430484 10.09
1010 8.203116266268269 10.1
1011 8.158243693678481 10.11
1012 8.161257377976627 10.12
1013 8.201458951319173 10.13
1014 8.17320313148752 10.14
1015 8.191360753081915 10.15
1016 8.211831333052869 10.16
1017 8.265741774863898 10.17
1018 8.220782986084625 10.18
1019 8.223739336986698 10.19
1020 8.269452226078615 10.2
1021 8.300964174572348 10.21
1022 8.317261286839518 10.22
1023 8.346182833333472 10.23
1024 8.381803434278172 10.24
1025 8.350193569170534 10.25
1026 8.398827327380896 10.26
1027 8.448811980160722 10.27
1028 8.503942439638866 10.28
1029 8.47534720287441 10.29
1030 8.503238817565665 10.3
1031 8.539463189230878 10.31
1032 8.579197075097879 10.32
1033 8.598689128372468 10.33
1034 8.599506712025354 10.34
1035 8.629270154368959 10.35
1036 8.696851870240705 10.36
1037 8.758360787550945 10.37
1038 8.817342563857897 10.38
1039 8.840857161841633 10.39
1040 8.900111279375773 10.4
1041 8.930604888707247 10.41
1042 8.940226611813909 10.42
1043 8.965869650086113 10.43
1044 8.986097879347566 10.44
1045 9.015313422495765 10.45
1046 9.070391114269254 10.46
1047 9.135518624670956 10.47
1048 9.167777750493938 10.48
1049 9.202222521893765 10.49
1050 9.237844848957213 10.5
1051 9.249208040850577 10.51
1052 9.271385235730264 10.52
1053 9.290009714527844 10.53
1054 9.336589563738658 10.54
1055 9.349485298195143 10.55
1056 9.434546629801526 10.56
1057 9.460256151393809 10.57
1058 9.434203518933197 10.58
1059 9.444852065413462 10.59
1060 9.490503076296482 10.6
1061 9.50006075090911 10.61
1062 9.526860352891372 10.62
1063 9.589480935028968 10.63
1064 9.627840032523041 10.64
1065 9.631044528878258 10.65
1066 9.640242723366569 10.66
1067 9.607826051308392 10.67
1068 9.5778032782751 10.68
1069 9.580635792115913 10.69
1070 9.610865689747824 10.7
1071 9.656750466670953 10.71
1072 9.725208516991364 10.72
1073 9.7982197380024 10.73
1074 9.827340951523132 10.74
1075 9.818002973770328 10.75
1076 9.806776488730595 10.76
1077 9.803604315281577 10.77
1078 9.803517053841512 10.78
1079 9.811812931361402 10.79
1080 9.874296693810907 10.8
1081 9.902598733589695 10.81
1082 9.93280323968971 10.82
1083 9.950338759275784 10.83
1084 9.93564143039583 10.84
1085 9.955126907074169 10.85
1086 9.951077186585634 10.86
1087 9.984228350978057 10.87
1088 10.01553059040552 10.88
1089 10.06971862640821 10.89
1090 10.0994698634305 10.9
1091 10.10238828453668 10.91
1092 10.08498565727875 10.92
1093 10.0633940952153 10.93
1094 10.01425779360581 10.94
1095 10.01068516946635 10.95
1096 10.07345449862872 10.96
1097 10.10119749202119 10.97
1098 10.15554130447079 10.98
1099 10.20705763950466 10.99
1100 10.23398873367197 11
1101 10.23208927244756 11.01
1102 10.24213592395171 11.02
1103 10.28998230942768 11.03
1104 10.28956255757127 11.04
1105 10.31915743996291 11.05
1106 10.37987207120204 11.06
1107 10.43823958223835 11.07
1108 10.44769841850642 11.08
1109 10.46004154384512 11.09
1110 10.44824033960812 11.1
1111 10.4439782263467 11.11
1112 10.44266293307219 11.12
1113 10.46484232744325 11.13
1114 10.4676226917584 11.14
1115 10.4978610109516 11.15
1116 10.54587442818604 11.16
1117 10.63605813776951 11.17
1118 10.6749979353215 11.18
1119 10.7022794814736 11.19
1120 10.71339651524941 11.2
1121 10.69774332199328 11.21
1122 10.719002758438 11.22
1123 10.75112034549228 11.23
1124 10.7669979919278 11.24
1125 10.78303610684291 11.25
1126 10.80105282336416 11.26
1127 10.90928993453936 11.27
1128 10.94290201074408 11.28
1129 10.92453462962105 11.29
1130 10.90596626501184 11.3
1131 10.92541008747574 11.31
1132 10.93754901453159 11.32
1133 10.95464028050277 11.33
1134 10.98246597430706 11.34
1135 11.04829412981952 11.35
1136 11.10032252661568 11.36
1137 11.12283627091952 11.37
1138 11.15762326856053 11.38
1139 11.14863100015872 11.39
1140 11.10882938815602 11.4
1141 11.08875223807316 11.41
1142 11.08269694990681 11.42
1143 11.1166395619031 11.43
1144 11.16949374816249 11.44
1145 11.21866818033713 11.45
1146 11.26872108600065 11.46
1147 11.2991855023834 11.47
1148 11.32447302441366 11.48
1149 11.32557611896589 11.49
1150 11.29742712904316 11.5
1151 11.30536348085173 11.51
1152 11.27803510145404 11.52
1153 11.28572970514332 11.53
1154 11.31410742848346 11.54
1155 11.33050585851525 11.55
1156 11.38029140055375 11.56
1157 11.41122659140743 11.57
1158 11.47763097890018 11.58
1159 11.4581589445239 11.59
1160 11.42994388450578 11.6
1161 11.41900688431566 11.61
1162 11.40590291116113 11.62
1163 11.40809679316663 11.63
1164 11.4224204934938 11.64
1165 11.42220419823187 11.65
1166 11.45177072510024 11.66
1167 11.48484944053637 11.67
1168 11.49130478430731 11.68
1169 11.49372033546901 11.69
1170 11.49412618315198 11.7
1171 11.49557918832003 11.71
1172 11.47685701540323 11.72
1173 11.45787593904444 11.73
1174 11.47937592134219 11.74
1175 11.46357518797208 11.75
1176 11.45349667732918 11.76
1177 11.48740638224567 11.77
1178 11.48923274923576 11.78
1179 11.44599816216504 11.79
1180 11.44797689262359 11.8
1181 11.4965466471072 11.81
1182 11.52258421573995 11.82
1183 11.49663650746307 11.83
1184 11.48128046836629 11.84
1185 11.45063138838547 11.85
1186 11.41432520907388 11.86
1187 11.34285957639679 11.87
1188 11.3660885455767 11.88
1189 11.36398032069356 11.89
1190 11.34563224399093 11.9
1191 11.34784076998085 11.91
1192 11.35559693660383 11.92
1193 11.36280543522146 11.93
1194 11.35610174491068 11.94
1195 11.34910216518368 11.95
1196 11.32772500230527 11.96
1197 11.27212363070098 11.97
1198 11.25034760408801 11.98
1199 11.26915984020435 11.99
1200 11.21081960030462 12
1201 11.15379072290412 12.01
1202 11.12892587453738 12.02
1203 11.13398012252538 12.03
1204 11.11132491782133 12.04
1205 11.10266803996888 12.05
1206 11.09428478023162 12.06
1207 11.07418981346864 12.07
1208 11.06000177980141 12.08
1209 11.02875278334756 12.09
1210 10.98317669820685 12.1
1211 10.91226738948121 12.11
1212 10.87886992723516 12.12
1213 10.87096525584693 12.13
1214 10.8626344649769 12.14
1215 10.80714460390928 12.15
1216 10.79162133205002 12.16
1217 10.75369612366468 12.17
1218 10.70974898669942 12.18
1219 10.66311359557175 12.19
1220 10.64028708975536 12.2
1221 10.61594965505575 12.21
1222 10.59088318361598 12.22
1223 10.54842984632489 12.23
1224 10.53021247603633 12.24
1225 10.49732897617089 12.25
1226 10.4884323693395 12.26
1227 10.42094274123099 12.27
1228 10.34380805088165 12.28
1229 10.28266171679368 12.29
1230 10.26094679577992 12.3
1231 10.20300489388513 12.31
1232 10.13376869412774 12.32
1233 10.09181964706367 12.33
1234 10.08484878625653 12.34
1235 10.040582643992 12.35
1236 9.970756335735787 12.36
1237 9.961326539983972 12.37
1238 9.962093752607862 12.38
1239 9.895505059783654 12.39
1240 9.833084704523255 12.4
1241 9.765267128946126 12.41
1242 9.723311999416493 12.42
1243 9.675445573668268 12.43
1244 9.609645576164962 12.44
1245 9.535740066562164 12.45
1246 9.475084664955604 12.46
1247 9.417774164283006 12.47
1248 9.387966700031447 12.48
1249 9.362661651471731 12.49
1250 9.296598273603248 12.5
1251 9.195125073916376 12.51
1252 9.118728068586007 12.52
1253 9.077968771916387 12.53
1254 9.04427485871922 12.54
1255 9.020240245610839 12.55
1256 8.995681377809726 12.56
1257 8.935776172347158 12.57
1258 8.882985138271936 12.58
1259 8.841020748706484 12.59
1260 8.809942441864532 12.6
1261 8.745171860948894 12.61
1262 8.67181523702595 12.62
1263 8.614069574902684 12.63
1264 8.576344221542621 12.64
1265 8.499800529729921 12.65
1266 8.465677429383643 12.66
1267 8.433460525115343 12.67
1268 8.392354138916232 12.68
1269 8.338179214525361 12.69
1270 8.342466112443407 12.7
1271 8.322929801147131 12.71
1272 8.254084078863546 12.72
1273 8.22551787119766 12.73
1274 8.186757561998624 12.74
1275 8.135515085172813 12.75
1276 8.090404205751105 12.76
1277 8.068604386672172 12.77
1278 8.087027085712023 12.78
1279 8.039942500413703 12.79
1280 8.005861721749342 12.8
1281 8.022031712894215 12.81
1282 8.011255133362114 12.82
1283 7.964669226357735 12.83
1284 7.900604792835199 12.84
1285 7.887746367491728 12.85
1286 7.847953812959955 12.86
1287 7.874043258886345 12.87
1288 7.906583241091585 12.88
1289 7.898791886471909 12.89
1290 7.852775195154537 12.9
1291 7.823809273820731 12.91
1292 7.827729675815903 12.92
1293 7.805561502556471 12.93
1294 7.811805807666062 12.94
1295 7.818593125010204 12.95
1296 7.8404984185176 12.96
1297 7.83485356120871 12.97
1298 7.831652241200914 12.98
1299 7.844317754541072 12.99
1300 7.841787543654938 13
1301 7.872039052779503 13.01
1302 7.881094643420523 13.02
1303 7.865721956710471 13.03
1304 7.856490457458206 13.04
1305 7.85141594254809 13.05
1306 7.873797830540921 13.06
1307 7.867291006746281 13.07
1308 7.871881217985496 13.08
1309 7.912766326286031 13.09
1310 7.932244400975119 13.1
1311 7.923535611688273 13.11
1312 7.908461500181031 13.12
1313 7.929482297966794 13.13
1314 7.936957261805711 13.14
1315 7.927270565249732 13.15
1316 7.896847397523024 13.16
1317 7.91711113891545 13.17
1318 7.898953223296354 13.18
1319 7.872932631244188 13.19
1320 7.869099682941233 13.2
1321 7.885402545281806 13.21
1322 7.855813141550484 13.22
1323 7.844659567703069 13.23
1324 7.825110617513769 13.24
1325 7.809571488634176 13.25
1326 7.765041348233462 13.26
1327 7.768524534692514 13.27
1328 7.743819137178934 13.28
1329 7.702395345266706 13.29
1330 7.675956772203181 13.3
1331 7.672261142442169 13.31
1332 7.663315630518889 13.32
1333 7.632826724545962 13.33
1334 7.616434955085624 13.34
1335 7.597052627512925 13.35
1336 7.546902173468601 13.36
1337 7.548973767272912 13.37
1338 7.538532429424275 13.38
1339 7.526475170928075 13.39
1340 7.494301942460432 13.4
1341 7.482718556982282 13.41
1342 7.47515903425921 13.42
1343 7.486008022131834 13.43
1344 7.493298382599282 13.44
1345 7.476547494196464 13.45
1346 7.471491046042681 13.46
1347 7.455926521888222 13.47
1348 7.475341980620326 13.48
1349 7.495497188886549 13.49
1350 7.512895454046647 13.5
1351 7.501335207806506 13.51
1352 7.499488767494817 13.52
1353 7.521495147493419 13.53
1354 7.514439201569442 13.54
1355 7.524039660208719 13.55
1356 7.546735101541596 13.56
1357 7.581420989643417 13.57
1358 7.545074881889128 13.58
1359 7.544175054831544 13.59
1360 7.585213382076831 13.6
1361 7.604158212810789 13.61
1362 7.618414368155674 13.62
1363 7.643465283526063 13.63
1364 7.661737528504589 13.64
1365 7.63564059480006 13.65
1366 7.641765471251854 13.66
1367 7.673768234500464 13.67
1368 7.699244268944331 13.68
1369 7.699387117681447 13.69
1370 7.710983672222239 13.7
1371 7.716060951835648 13.71
1372 7.686792383397663 13.72
1373 7.693921783653217 13.73
1374 7.716201780756537 13.74
1375 7.731931237256847 13.75
1376 7.713588143196962 13.76
1377 7.71431459550652 13.77
1378 7.710385770370754 13.78
1379 7.704852707477924 13.79
1380 7.716961730142104 13.8
1381 7.72465125739586 13.81
1382 7.723636847701099 13.82
1383 7.70133481468747 13.83
1384 7.71648762247136 13.84
1385 7.719153072649994 13.85
1386 7.684860885411324 13.86
1387 7.653906559739215 13.87
1388 7.653975911735524 13.88
1389 7.654768396486173 13.89
1390 7.648252862746291 13.9
1391 7.663908101329473 13.91
1392 7.671043200646852 13.92
1393 7.670031472551077 13.93
1394 7.655237842177688 13.94
1395 7.672053008951944 13.95
1396 7.645296323908992 13.96
1397 7.597263033863947 13.97
1398 7.610129531154722 13.98
1399 7.635666597752322 13.99
1400 7.611042597232367 14
1401 7.579013780139147 14.01
1402 7.585694212122302 14.02
1403 7.602488436851053 14.03
1404 7.607894698227988 14.04
1405 7.596336412012505 14.05
1406 7.599142021929572 14.06
1407 7.621620041899376 14.07
1408 7.608647403842631 14.08
1409 7.594233576722572 14.09
1410 7.595119437941594 14.1
1411 7.575287427044135 14.11
1412 7.583604911087233 14.12
1413 7.589429253260415 14.13
1414 7.606127966461592 14.14
1415 7.612461930604642 14.15
1416 7.597094547090013 14.16
1417 7.594584270533072 14.17
1418 7.584445642247857 14.18
1419 7.582258593480597 14.19
1420 7.57358303783099 14.2
1421 7.579847175814344 14.21
1422 7.608586398522081 14.22
1423 7.583736726335689 14.23
1424 7.596796501526556 14.24
1425 7.59315579626201 14.25
1426 7.581936890677128 14.26
1427 7.561833726351811 14.27
1428 7.596984667277022 14.28
1429 7.552719704345064 14.29
1430 7.571004083225374 14.3
1431 7.557454954033051 14.31
1432 7.599097989816354 14.32
1433 7.581217229972274 14.33
1434 7.568133656942813 14.34
1435 7.569790408257234 14.35
1436 7.588680607894451 14.36
1437 7.544418492123884 14.37
1438 7.557774831960802 14.38
1439 7.551150980434468 14.39
1440 7.606937455540936 14.4
1441 7.573581329132405 14.41
1442 7.548352026622331 14.42
1443 7.599078198514179 14.43
1444 7.587741934743357 14.44
1445 7.570658860666475 14.45
1446 7.568908776825388 14.46
1447 7.578644302310654 14.47
1448 7.577545585103152 14.48
1449 7.572215971108938 14.49
1450 7.568155633590878 14.5
1451 7.557910530574612 14.51
1452 7.53821074027716 14.52
1453 7.524386631615767 14.53
1454 7.553681263853166 14.54
1455 7.576450059457066 14.55
1456 7.578262437949535 14.56
1457 7.550891607265852 14.57
1458 7.577744750695811 14.58
1459 7.57589184886036 14.59
1460 7.515041272492687 14.6
1461 7.551102816113592 14.61
1462 7.55775794691688 14.62
1463 7.587329961435636 14.63
1464 7.581066624052582 14.64
1465 7.564820751334969 14.65
1466 7.580447826024822 14.66
1467 7.580020367865314 14.67
1468 7.581510323801319 14.68
1469 7.572470882871044 14.69
1470 7.607790208452451 14.7
1471 7.635111418455971 14.71
1472 7.602252724839451 14.72
1473 7.631834636536062 14.73
1474 7.596109597370116 14.74
1475 7.597637747896749 14.75
1476 7.58830463340825 14.76
1477 7.603874773301834 14.77
1478 7.588431494165464 14.78
1479 7.618875043025553 14.79
1480 7.631741420679622 14.8
1481 7.641566883821941 14.81
1482 7.626131405160065 14.82
1483 7.64051374541508 14.83
1484 7.64153949727021 14.84
1485 7.644123783135033 14.85
1486 7.643519800711417 14.86
1487 7.671461366112747 14.87
1488 7.683486240614893 14.88
1489 7.672051659316952 14.89
1490 7.689348160336903 14.9
1491 7.703005299312832 14.91
1492 7.706981839691098 14.92
1493 7.67471961961766 14.93
1494 7.691671007151482 14.94
1495 7.682215378942594 14.95
1496 7.695871051583926 14.96
1497 7.726902806666676 14.97
1498 7.70361914198901 14.98
1499 7.699614219363019 14.99
1500 7.717313443000714 15
1501 7.679868579721154 15.01
1502 7.680126828178629 15.02
1503 7.655465452116926 15.03
1504 7.645314927392537 15.04
1505 7.628698168255126 15.05
1506 7.650766619741143 15.06
1507 7.684894014779073 15.07
1508 7.66899590164685 15.08
1509 7.728974206593023 15.09
1510 7.724334074833515 15.1
1511 7.72920668701628 15.11
1512 7.673255679568562 15.12
1513 7.68564212185926 15.13
1514 7.719034471415911 15.14
1515 7.70228219690142 15.15
1516 7.695217477995444 15.16
1517 7.694223193457089 15.17
1518 7.719383747066675 15.18
1519 7.731437061111849 15.19
1520 7.701938994038284 15.2
1521 7.704780782031235 15.21
1522 7.738974921069386 15.22
1523 7.765523020317458 15.23
1524 7.780545483746696 15.24
1525 7.76047662331172 15.25
1526 7.770667160496409 15.26
1527 7.747029439322238 15.27
1528 7.78067989313751 15.28
1529 7.823948661335189 15.29
1530 7.844594918027519 15.3
1531 7.87881466927058 15.31
1532 7.851994140428073 15.32
1533 7.846058852606724 15.33
1534 7.832851432789202 15.34
1535 7.827531031467938 15.35
1536 7.799279913948052 15.36
1537 7.824937452882179 15.37
1538 7.87933922772894 15.38
1539 7.880182221633154 15.39
1540 7.808156414810274 15.4
1541 7.821546265399401 15.41
1542 7.858259020542635 15.42
1543 7.890694402996042 15.43
1544 7.872103927091986 15.44
1545 7.807487617078269 15.45
1546 7.833816835602427 15.46
1547 7.879179941435685 15.47
1548 7.848595653466973 15.48
1549 7.858401699836033 15.49
1550 7.911393975938721 15.5
1551 7.942973293471729 15.51
1552 7.893120834187812 15.52
1553 7.901887435300524 15.53
1554 7.925921718851379 15.54
1555 7.979921373984245 15.55
1556 7.947676839737962 15.56
1557 7.944167506922954 15.57
1558 7.991318258385713 15.58
1559 8.048243276890497 15.59
1560 8.04611425174067 15.6
1561 8.025486737758108 15.61
1562 8.075018012901173 15.62
1563 8.099183599476548 15.63
1564 8.113331875165567 15.64
1565 8.101086613884656 15.65
1566 8.128288717502048 15.66
1567 8.201589515397597 15.67
1568 8.217319585538338 15.68
1569 8.235353265626351 15.69
1570 8.273057706719777 15.7
1571 8.29613739169087 15.71
1572 8.277325634545326 15.72
1573 8.341900729253238 15.73
1574 8.399445376389073 15.74
1575 8.486988643736286 15.75
1576 8.529697373860484 15.76
1577 8.58069098479532 15.77
1578 8.592020800750689 15.78
1579 8.565650122786266 15.79
1580 8.575052942627503 15.8
1581 8.614901684081469 15.81
1582 8.683767727505021 15.82
1583 8.767407173494828 15.83
1584 8.852992534176041 15.84
1585 8.885440131590375 15.85
1586 8.941309336563325 15.86
1587 8.932155384858477 15.87
1588 8.919356235855743 15.88
1589 8.949301829349489 15.89
1590 9.022159369551295 15.9
1591 9.09909626198157 15.91
1592 9.163880169401562 15.92
1593 9.185661584867287 15.93
1594 9.199314421350316 15.94
1595 9.211347413625433 15.95
1596 9.211547127468698 15.96
1597 9.269450567029708 15.97
1598 9.334742971523385 15.98
1599 9.395039005399251 15.99
1600 9.455845525316819 16
1601 9.501006213009131 16.01
1602 9.461961222476303 16.02
1603 9.412816030285205 16.03
1604 9.398814736306981 16.04
1605 9.370307631546741 16.05
1606 9.372100479408688 16.06
1607 9.417119523714543 16.07
1608 9.451083237855032 16.08
1609 9.530275675087156 16.09
1610 9.596559002617903 16.1
1611 9.621364320657067 16.11
1612 9.625535884738222 16.12
1613 9.583839338436102 16.13
1614 9.583470276001904 16.14
1615 9.582173360943116 16.15
1616 9.607399702194281 16.16
1617 9.658282131614055 16.17
1618 9.698041807648758 16.18
1619 9.686516760562577 16.19
1620 9.650321780989556 16.2
1621 9.614872085947535 16.21
1622 9.649072751424798 16.22
1623 9.679697415203112 16.23
1624 9.715439796305805 16.24
1625 9.783166815814363 16.25
1626 9.781940878009427 16.26
1627 9.791229678013394 16.27
1628 9.73830192949036 16.28
1629 9.690134779096251 16.29
1630 9.62989709971214 16.3
1631 9.599721298318965 16.31
1632 9.539694073865666 16.32
1633 9.547091417854146 16.33
1634 9.630185692696589 16.34
1635 9.679211468195968 16.35
1636 9.707431274872162 16.36
1637 9.712198806106155 16.37
1638 9.675057692583334 16.38
1639 9.656872411703544 16.39
1640 9.632428331417161 16.4
1641 9.664975701099394 16.41
1642 9.702335979153537 16.42
1643 9.717788381321045 16.43
1644 9.74644668845634 16.44
1645 9.747427871034077 16.45
1646 9.710110704591351 16.46
1647 9.661183151700584 16.47
1648 9.596622838708445 16.48
1649 9.559532950453001 16.49
1650 9.562886132213439 16.5
1651 9.580850879827112 16.51
1652 9.632923452215179 16.52
1653 9.681259809639752 16.53
1654 9.721418491020199 16.54
1655 9.705180839993155 16.55
1656 9.715861462086735 16.56
1657 9.684252451696949 16.57
1658 9.655562181503392 16.58
1659 9.685032511526577 16.59
1660 9.753409128278335 16.6
1661 9.78857995996791 16.61
1662 9.725197108073127 16.62
1663 9.681690215831072 16.63
1664 9.810060233366901 16.64
1665 9.845249813647134 16.65
1666 9.80624468550684 16.66
1667 9.739309319872389 16.67
1668 9.690834902290121 16.68
1669 9.707753537848115 16.69
1670 9.727392916802051 16.7
1671 9.76978068103168 16.71
1672 9.844385706446726 16.72
1673 9.938041664282872 16.73
1674 9.928639088719805 16.74
1675 9.934277136194137 16.75
1676 9.900560074133418 16.76
1677 9.806059669544116 16.77
1678 9.774807703192206 16.78
1679 9.770767328703867 16.79
1680 9.707030468524747 16.8
1681 9.757530700707024 16.81
1682 9.840905984579615 16.82
1683 9.941566513358566 16.83
1684 10.0047754014775 16.84
1685 9.977576315388021 16.85
1686 9.998578149787463 16.86
1687 9.953355726567946 16.87
1688 9.930780322495217 16.88
1689 9.885253645775167 16.89
1690 9.84566034850684 16.9
1691 9.849212805269001 16.91
1692 9.879429714266305 16.92
1693 9.942358287798571 16.93
1694 9.980291199790368 16.94
1695 10.03299709929207 16.95
1696 10.04568180587583 16.96
1697 10.00476230592714 16.97
1698 9.940172400624363 16.98
1699 9.877276625653836 16.99
1700 9.892098305771515 17
1701 9.891399011102376 17.01
1702 9.888357335472508 17.02
1703 9.918892605170145 17.03
1704 9.990039939996523 17.04
1705 10.02172195683964 17.05
1706 10.0144160110862 17.06
1707 10.01395043762751 17.07
1708 9.970040378819112 17.08
1709 9.910153864946352 17.09
1710 9.874451029531844 17.1
1711 9.893485871015933 17.11
1712 9.865114554324764 17.12
1713 9.890933869479573 17.13
1714 9.962151171526767 17.14
1715 10.02693048029975 17.15
1716 10.02528424094657 17.16
1717 10.05754704071419 17.17
1718 10.07414429392481 17.18
1719 10.01667330880862 17.19
1720 9.955441181092315 17.2
1721 9.941846048584811 17.21
1722 9.947903725720787 17.22
1723 9.941738927837262 17.23
1724 9.93004040888011 17.24
1725 9.933189949487957 17.25
1726 9.922402632646467 17.26
1727 10.01196738440617 17.27
1728 9.992327451181522 17.28
1729 10.00218137890806 17.29
1730 10.02427425184428 17.3
1731 10.01980539754149 17.31
1732 10.05457904416366 17.32
1733 10.06772031633685 17.33
1734 10.03138220726627 17.34
1735 10.02172779888339 17.35
1736 10.03043886798371 17.36
1737 10.02688566586863 17.37
1738 9.955709947946287 17.38
1739 9.957458951582604 17.39
1740 9.988010763804482 17.4
1741 10.01313440660705 17.41
1742 9.99063248105907 17.42
1743 9.987408471663265 17.43
1744 10.02370866136077 17.44
1745 10.06891280398244 17.45
1746 10.04513122732798 17.46
1747 10.03285306397849 17.47
1748 10.01579096658651 17.48
1749 10.02508134795904 17.49
1750 9.969231443672678 17.5
1751 9.970612971430583 17.51
1752 9.978152176382459 17.52
1753 10.04378050349428 17.53
1754 9.995360906268447 17.54
1755 9.932488170078855 17.55
1756 9.931520501588681 17.56
1757 9.975243516454107 17.57
1758 10.0461333929495 17.58
1759 9.973618537626743 17.59
1760 9.948887715062023 17.6
1761 9.992912635097214 17.61
1762 9.985555937455519 17.62
1763 9.954238794992401 17.63
1764 9.989446285130402 17.64
1765 10.01357579247554 17.65
1766 9.987967229883012 17.66
1767 9.941775489761293 17.67
1768 9.93963990314934 17.68
1769 9.919977131699829 17.69
1770 9.904254990027738 17.7
1771 9.889810007864604 17.71
1772 9.864905356732621 17.72
1773 9.854558757853093 17.73
1774 9.854651677608691 17.74
1775 9.865337473666624 17.75
1776 9.863944352850719 17.76
1777 9.867591226127058 17.77
1778 9.859248019951107 17.78
1779 9.858978927036564 17.79
1780 9.853330262523222 17.8
1781 9.838795131951082 17.81
1782 9.800066317420486 17.82
1783 9.771491503384844 17.83
1784 9.758078834011986 17.84
1785 9.733458531113744 17.85
1786 9.73354701211229 17.86
1787 9.71912311044186 17.87
1788 9.706049258531506 17.88
1789 9.695388000620959 17.89
1790 9.674801015575312 17.9
1791 9.640784297650971 17.91
1792 9.615718005112448 17.92
1793 9.594020195883253 17.93
1794 9.561192840223104 17.94
1795 9.507111688031031 17.95
1796 9.493089639365795 17.96
1797 9.479184742747446 17.97
1798 9.458098692479373 17.98
1799 9.441210762869147 17.99
1800 9.431748163516225 18
1801 9.412440423773486 18.01
1802 9.381114678922742 18.02
1803 9.353670818233375 18.03
1804 9.336745729319338 18.04
1805 9.301034571164704 18.05
1806 9.242497977398857 18.06
1807 9.192854755796443 18.07
1808 9.151643662561408 18.08
1809 9.104601292309285 18.09
1810 9.061317133212651 18.1
1811 9.026433668145334 18.11
1812 8.993749817381833 18.12
1813 8.945279374010465 18.13
1814 8.916790960569219 18.14
1815 8.891536602141366 18.15
1816 8.855876524843152 18.16
1817 8.813354546858585 18.17
1818 8.779489525095634 18.18
1819 8.74406962528397 18.19
1820 8.70104745777285 18.2
1821 8.656506373016885 18.21
1822 8.609844907516688 18.22
1823 8.550389026833571 18.23
1824 8.532521474541372 18.24
1825 8.495399662121597 18.25
1826 8.457390180809238 18.26
1827 8.428267470914721 18.27
1828 8.400573811546568 18.28
1829 8.34396050532844 18.29
1830 8.275015605811348 18.3
1831 8.230940101627146 18.31
1832 8.207505429405376 18.32
1833 8.195224619947757 18.33
1834 8.15097314739644 18.34
1835 8.138608782724525 18.35
1836 8.110026087538875 18.36
1837 8.090344116502974 18.37
1838 8.048885883287529 18.38
1839 8.015827660706433 18.39
1840 7.97340535193273 18.4
1841 7.930800014179975 18.41
1842 7.91512266920364 18.42
1843 7.89954882810136 18.43
1844 7.907755090108398 18.44
1845 7.877561092695987 18.45
1846 7.835223877179908 18.46
1847 7.80459957935947 18.47
1848 7.785804891165701 18.48
1849 7.775886488851572 18.49
1850 7.761467868097349 18.5
1851 7.73749519993916 18.51
1852 7.699555741820282 18.52
1853 7.67704281060116 18.53
1854 7.672049913210001 18.54
1855 7.680705009113974 18.55
1856 7.639086597408365 18.56
1857 7.620738497659397 18.57
1858 7.577032542125056 18.58
1859 7.551558562553133 18.59
1860 7.552010143204492 18.6
1861 7.572924941352074 18.61
1862 7.563783146238372 18.62
1863 7.542060926909528 18.63
1864 7.526851381879938 18.64
1865 7.517257947046716 18.65
1866 7.495143532575478 18.66
1867 7.471673584851769 18.67
1868 7.456240206756479 18.68
1869 7.451555786990838 18.69
1870 7.418743483901809 18.7
1871 7.406210603347077 18.71
1872 7.407542384000421 18.72
1873 7.416694308451595 18.73
1874 7.394675159188795 18.74
1875 7.400223213785539 18.75
1876 7.390824503018806 18.76
1877 7.36225582540409 18.77
1878 7.35726716938645 18.78
1879 7.349547426278052 18.79
1880 7.346556662747549 18.8
1881 7.340524937238286 18.81
1882 7.33309410114969 18.82
1883 7.335639012424151 18.83
1884 7.338211079779274 18.84
1885 7.325285133251247 18.85
1886 7.31368470820274 18.86
1887 7.326485611454401 18.87
1888 7.30610585542229 18.88
1889 7.299474603655813 18.89
1890 7.304379184390216 18.9
1891 7.290787749503596 18.91
1892 7.291523676809135 18.92
1893 7.287739594094074 18.93
1894 7.27814351915201 18.94
1895 7.259722731965729 18.95
1896 7.265904700827543 18.96
1897 7.307711603914891 18.97
1898 7.315681016836321 18.98
1899 7.292939651759601 18.99
1900 7.321482686198707 19
1901 7.337036480394239 19.01
1902 7.312321334676912 19.02
1903 7.302162404507284 19.03
1904 7.332390090197027 19.04
1905 7.329041248099833 19.05
1906 7.309850897271398 19.06
1907 7.328424266849155 19.07
1908 7.327803532207406 19.08
1909 7.323690946223342 19.09
1910 7.332021108310464 19.1
1911 7.353649377783414 19.11
1912 7.349671554317625 19.12
1913 7.357350720468434 19.13
1914 7.367346899954693 19.14
1915 7.365811714801785 19.15
1916 7.358640925200417 19.16
1917 7.35998207853795 19.17
1918 7.372849521994845 19.18
1919 7.403317506958331 19.19
1920 7.476786354140128 19.2
1921 7.434381676919782 19.21
1922 7.402776664860588 19.22
1923 7.418502776973138 19.23
1924 7.408791587655053 19.24
1925 7.454116510795918 19.25
1926 7.477368052420321 19.26
1927 7.467751321762029 19.27
1928 7.457770105325968 19.28
1929 7.438604473170966 19.29
1930 7.45244414981569 19.3
1931 7.460383890750607 19.31
1932 7.501863695007549 19.32
1933 7.495222552975666 19.33
1934 7.502979480471298 19.34
1935 7.483466686270074 19.35
1936 7.504582762818224 19.36
1937 7.52433537013853 19.37
1938 7.541907069529625 19.38
1939 7.508161529518363 19.39
1940 7.4816505117554 19.4
1941 7.514819001817463 19.41
1942 7.553906148990526 19.42
1943 7.58174276840135 19.43
1944 7.599645662668414 19.44
1945 7.589326203173258 19.45
1946 7.589146096663895 19.46
1947 7.582261386448899 19.47
1948 7.603739371717102 19.48
1949 7.600359515201797 19.49
1950 7.609541298130035 19.5
1951 7.625626983675057 19.51
1952 7.655144823804232 19.52
1953 7.648699994510537 19.53
1954 7.650827438266917 19.54
1955 7.689993232110576 19.55
1956 7.663326434646784 19.56
1957 7.682817042866391 19.57
1958 7.675149316309956 19.58
1959 7.685575351114053 19.59
1960 7.668441944850845 19.6
1961 7.69263320761518 19.61
1962 7.69780159520007 19.62
1963 7.684840905937036 19.63
1964 7.680192023470785 19.64
1965 7.705620532685609 19.65
1966 7.722472813079303 19.66
1967 7.712204844198014 19.67
1968 7.712331190608769 19.68
1969 7.722916977003231 19.69
1970 7.715264363455639 19.7
1971 7.705693067385509 19.71
1972 7.724117781348318 19.72
1973 7.740340716028546 19.73
1974 7.730262079334087 19.74
1975 7.733658744175383 19.75
1976 7.736441384231897 19.76
1977 7.728532417701335 19.77
1978 7.723416138730894 19.78
1979 7.717179836409492 19.79
1980 7.728130200135162 19.8
1981 7.73313766717202 19.81
1982 7.723375160448347 19.82
1983 7.737466479128084 19.83
1984 7.722995620938263 19.84
1985 7.698208302299548 19.85
1986 7.707905314239612 19.86
1987 7.68326937162256 19.87
1988 7.699703000836063 19.88
1989 7.675804161266344 19.89
1990 7.684477043574912 19.9
1991 7.676203465118252 19.91
1992 7.665149527201503 19.92
1993 7.633253646472259 19.93
1994 7.656295223122507 19.94
1995 7.671097504543425 19.95
1996 7.632928504879012 19.96
1997 7.628176760693342 19.97
1998 7.643269656167297 19.98
1999 7.619606817591493 19.99
2000 7.606301240012057 20
