"m-rfile"
"Time Step" "m etc.."
("Time Step" "m" "flow-time")
0 0 0
1 -0.02972507880209228 0.01
2 0.03571113023048928 0.02
3 -0.03715214449130776 0.03
4 -0.03683154931959573 0.04
5 -0.03623601758323013 0.05
6 -0.0370302146225041 0.06
7 -0.03561947032216916 0.07000000000000001
8 -0.0336907861729267 0.08
9 -0.03288076590655682 0.09
10 -0.03104604828585086 0.1
11 -0.02820157698829223 0.11
12 -0.02643379816021523 0.12
13 -0.02557534978079269 0.13
14 -0.0264660277200159 0.14
15 -0.02724505006139359 0.15
16 -0.02738370320879359 0.16
17 -0.0266192129760346 0.17
18 -0.02542808927702152 0.18
19 -0.02146122426622388 0.19
20 -0.02039269714281743 0.2
21 -0.01952480208276261 0.21
22 -0.02032497281030284 0.22
23 -0.02004506315920865 0.23
24 -0.02096811648253656 0.24
25 -0.02015735313699243 0.25
26 -0.01985531291187567 0.26
27 -0.01910328977624196 0.27
28 -0.01843025257920318 0.28
29 -0.01727089772225648 0.29
30 -0.01589141569661747 0.3
31 -0.01587951869549365 0.31
32 -0.01586503676017565 0.32
33 -0.01684505805557145 0.33
34 -0.01780960267924092 0.34
35 -0.01728026949673014 0.35
36 -0.01685223993202466 0.36
37 -0.01509808196553908 0.37
38 -0.01258933163761085 0.38
39 -0.01221779669576997 0.39
40 -0.0111556563360201 0.4
41 -0.01016037674989795 0.41
42 -0.009249788122571436 0.42
43 -0.01001622201007816 0.43
44 -0.01014337749205821 0.44
45 -0.009306964792651409 0.45
46 -0.00896078148609745 0.46
47 -0.008829531076031688 0.47
48 -0.009379934775927853 0.48
49 -0.009292455928140266 0.49
50 -0.009340188464097706 0.5
51 -0.01023410363332904 0.51
52 -0.009170719758672048 0.52
53 -0.008608038270855191 0.53
54 -0.00780027834294651 0.54
55 -0.007030031757748691 0.55
56 -0.006847083297085887 0.5600000000000001
57 -0.004701014097680718 0.5700000000000001
58 -0.002880440568272384 0.58
59 -0.002310773347569011 0.59
60 -0.002200619571650347 0.6
61 -0.002805918681848837 0.61
62 -0.003491484229906489 0.62
63 -0.003883390918581202 0.63
64 -0.00286242298007318 0.64
65 -0.00155440429828039 0.65
66 -0.0004102527482083628 0.66
67 0.0003184972424820137 0.67
68 0.002506583168663197 0.68
69 0.003144298793538288 0.6900000000000001
70 0.004084903160781938 0.7000000000000001
71 0.005233860010192538 0.71
72 0.006735429832334883 0.72
73 0.007957815832808468 0.73
74 0.004131296165940944 0.74
75 0.002831618940513785 0.75
76 0.004297477365718572 0.76
77 0.00548379352126334 0.77
78 0.00821097870175027 0.78
79 0.009811209954942954 0.79
80 0.01340387878483529 0.8
81 0.01484574470721152 0.8100000000000001
82 0.01437640884421539 0.8200000000000001
83 0.01330093131295515 0.8300000000000001
84 0.01246356735556035 0.84
85 0.01280323880309505 0.85
86 0.01312283275784176 0.86
87 0.01343802364318641 0.87
88 0.01419154708909501 0.88
89 0.01497820443643344 0.89
90 0.01637258820216839 0.9
91 0.01815660312389562 0.91
92 0.01932494378571798 0.92
93 0.01963103106033473 0.93
94 0.01974588591240689 0.9400000000000001
95 0.01962369914992153 0.9500000000000001
96 0.01992592508639487 0.96
97 0.01975310572742002 0.97
98 0.02069443967172994 0.98
99 0.02167116163026245 0.99
100 0.02251612485188803 1
101 0.02332084770488137 1.01
102 0.02354983767512504 1.02
103 0.02420688385606687 1.03
104 0.0239796532993451 1.04
105 0.02515142798910545 1.05
106 0.02622362979262422 1.06
107 0.02667888301529465 1.07
108 0.02689876195718835 1.08
109 0.02740525079068549 1.09
110 0.02780385051784835 1.1
111 0.0274627956327501 1.11
112 0.02785833418230343 1.12
113 0.0279321980833639 1.13
114 0.02790768951588848 1.14
115 0.02933294802889612 1.15
116 0.02947087857151958 1.16
117 0.03024242269974259 1.17
118 0.03123012633583094 1.18
119 0.0320276204981352 1.19
120 0.03221886592820303 1.2
121 0.03156968474327959 1.21
122 0.03111426528161306 1.22
123 0.03178760762062117 1.23
124 0.03142499252959871 1.24
125 0.03258920222424077 1.25
126 0.03200561729802473 1.26
127 0.03105104651817336 1.27
128 0.03160775370929995 1.28
129 0.03336968895301253 1.29
130 0.03423250459783578 1.3
131 0.03327826702715601 1.31
132 0.03282256092935384 1.32
133 0.0332568566369626 1.33
134 0.03416218213924654 1.34
135 0.03398956578707794 1.35
136 0.03507795981057104 1.36
137 0.03605693307585392 1.37
138 0.0344767436843155 1.38
139 0.03400573579360532 1.39
140 0.03373563648067495 1.4
141 0.03477595799901428 1.41
142 0.03513764730940879 1.42
143 0.03501245875730842 1.43
144 0.03479155044962964 1.44
145 0.03563822116801598 1.45
146 0.03525035893976938 1.46
147 0.03549119525348156 1.47
148 0.03614079577351945 1.48
149 0.03734151784626074 1.49
150 0.03734637829886105 1.5
151 0.03711087208147643 1.51
152 0.03753399661191219 1.52
153 0.03795099736659022 1.53
154 0.03845189346909508 1.54
155 0.03807925427468397 1.55
156 0.03805830324280179 1.56
157 0.03809733435104397 1.57
158 0.0383927464156989 1.58
159 0.03798073589816789 1.59
160 0.03820496523057597 1.6
161 0.03794383082885094 1.61
162 0.0385987527193388 1.62
163 0.03949245336615156 1.63
164 0.03968370637133906 1.64
165 0.0400850967057316 1.65
166 0.03997073108240347 1.66
167 0.04050737181829905 1.67
168 0.04031259221874842 1.68
169 0.04065607956168297 1.69
170 0.04118527569391547 1.7
171 0.04123478330843301 1.71
172 0.04160848269280677 1.72
173 0.04146722114496692 1.73
174 0.04203514843742524 1.74
175 0.04216519585080118 1.75
176 0.04185207871318786 1.76
177 0.04144220703325624 1.77
178 0.04120296194865748 1.78
179 0.04141998267523104 1.79
180 0.04249007999405959 1.8
181 0.04259267504370225 1.81
182 0.04203451509689267 1.82
183 0.04236201612754498 1.83
184 0.04242566433654428 1.84
185 0.04219778989583309 1.85
186 0.0418764519104586 1.86
187 0.04211060078060925 1.87
188 0.04252623318820756 1.88
189 0.0421058980256061 1.89
190 0.04243892296217542 1.9
191 0.04236182096625623 1.91
192 0.04216159541282544 1.92
193 0.04209253995105473 1.93
194 0.04193789585427863 1.94
195 0.0417995291885443 1.95
196 0.04185208577144935 1.96
197 0.04131185853328424 1.97
198 0.04137678018349009 1.98
199 0.04146936068983433 1.99
200 0.04086400216203073 2
201 0.04018532655572606 2.01
202 0.04024934705347828 2.02
203 0.04046108820306604 2.03
204 0.03993951968535111 2.04
205 0.03976956643615066 2.05
206 0.03937748047507638 2.06
207 0.03873513044803989 2.07
208 0.03883039831959671 2.08
209 0.0386607716051171 2.09
210 0.03823315778292474 2.1
211 0.03771698268199392 2.11
212 0.03781840270325609 2.12
213 0.03763406547816401 2.13
214 0.03716662146804821 2.14
215 0.0369401248212884 2.15
216 0.03665186807265165 2.16
217 0.03624450123492778 2.17
218 0.03564669682791832 2.18
219 0.03552644232504121 2.19
220 0.03519657682542717 2.2
221 0.03503495030949489 2.21
222 0.03473940471568768 2.22
223 0.03474846113567918 2.23
224 0.03466549129370732 2.24
225 0.03425107316299509 2.25
226 0.03436548701992868 2.26
227 0.03420534247440841 2.27
228 0.03366941226875676 2.28
229 0.03343364845495717 2.29
230 0.03358185863571261 2.3
231 0.0337196401645529 2.31
232 0.03280201852717022 2.32
233 0.03249025830893993 2.33
234 0.03280312648172491 2.34
235 0.03280044327365911 2.35
236 0.0323237694511353 2.36
237 0.03210660005432901 2.37
238 0.0327001871919675 2.38
239 0.03275275692496907 2.39
240 0.03243539587082404 2.4
241 0.0323854579971921 2.41
242 0.03279663505333946 2.42
243 0.03339845799203607 2.43
244 0.03325084367048572 2.44
245 0.0337346928006573 2.45
246 0.03375119241240908 2.46
247 0.03346516046680673 2.47
248 0.03383099840743869 2.48
249 0.03434517485994597 2.49
250 0.03454517477010807 2.5
251 0.03515591909217851 2.51
252 0.03560172830565078 2.52
253 0.03598674009520504 2.53
254 0.03610363280017573 2.54
255 0.03665483540985146 2.55
256 0.03731404320949386 2.56
257 0.03810116693792922 2.57
258 0.03837934660086648 2.58
259 0.03894142969130995 2.59
260 0.03968124082744268 2.6
261 0.03988977982356176 2.61
262 0.04072725792229411 2.62
263 0.04104489383259489 2.63
264 0.04162861542875463 2.64
265 0.04171046320752003 2.65
266 0.0425858993521424 2.66
267 0.04328287927687025 2.67
268 0.04377206740252155 2.68
269 0.04427661189882044 2.69
270 0.04439465597385416 2.7
271 0.04505048412906929 2.71
272 0.04571220146366478 2.72
273 0.04613513999150039 2.73
274 0.04674781901213073 2.74
275 0.04676582372177248 2.75
276 0.04721134677566296 2.76
277 0.04770346072322881 2.77
278 0.04868213056790067 2.78
279 0.04909587177355054 2.79
280 0.04958781677672226 2.8
281 0.04992532131799685 2.81
282 0.05023268582112103 2.82
283 0.05049077204621472 2.83
284 0.0510884654093892 2.84
285 0.05174412622537294 2.85
286 0.05181811991554745 2.86
287 0.05215330281513657 2.87
288 0.05250084762252245 2.88
289 0.05246488020201372 2.89
290 0.05335392866968224 2.9
291 0.05394379274307243 2.91
292 0.0541136683951518 2.92
293 0.05438805284144424 2.93
294 0.05449608841083096 2.94
295 0.05486885445482649 2.95
296 0.05527226718322054 2.96
297 0.05587370243326596 2.97
298 0.05603576855848458 2.98
299 0.05594963152666207 2.99
300 0.05628842571400904 3
301 0.05612191932411574 3.01
302 0.05643211904739495 3.02
303 0.05589368768291508 3.03
304 0.05648631851706975 3.04
305 0.05803893684737417 3.05
306 0.05829654775849974 3.06
307 0.05833026263618402 3.07
308 0.05846122770111723 3.08
309 0.05907214178480294 3.09
310 0.0596892485398909 3.1
311 0.06002110529968355 3.11
312 0.06105132153954219 3.12
313 0.05999900364200871 3.13
314 0.05981971856181794 3.14
315 0.05940036586663291 3.15
316 0.06049612208872322 3.16
317 0.06077113044499906 3.17
318 0.06021895409301696 3.18
319 0.06128994153468239 3.19
320 0.06175830117397528 3.2
321 0.06133319738891814 3.21
322 0.06028999598972795 3.22
323 0.06075736017961661 3.23
324 0.06120128402408908 3.24
325 0.0612281505583473 3.25
326 0.06099844462449542 3.26
327 0.0611726625969163 3.27
328 0.06107942541242882 3.28
329 0.06036902518908869 3.29
330 0.05933858326969443 3.3
331 0.05996706780849923 3.31
332 0.06018186534561351 3.32
333 0.06091943874712025 3.33
334 0.06099028423787695 3.34
335 0.06058159651112885 3.35
336 0.06103740451492323 3.36
337 0.06102555723731866 3.37
338 0.06042201417090864 3.38
339 0.0601805488436486 3.39
340 0.05913959387518151 3.4
341 0.0593258489478968 3.41
342 0.05890470069548707 3.42
343 0.05830670599460651 3.43
344 0.05792020568128166 3.44
345 0.05769973628975675 3.45
346 0.05681513998430602 3.46
347 0.05681980366793993 3.47
348 0.0566445154829113 3.48
349 0.05659200025465098 3.49
350 0.05526340350097807 3.5
351 0.05493809106707415 3.51
352 0.05440400364367369 3.52
353 0.05393595455464413 3.53
354 0.05329283146327281 3.54
355 0.05322141426350185 3.55
356 0.05247640202297719 3.56
357 0.05124428455402495 3.57
358 0.05063904876527477 3.58
359 0.05033920133364807 3.59
360 0.05017338816040626 3.6
361 0.04906405189552084 3.61
362 0.0483686518146563 3.62
363 0.04799479302992469 3.63
364 0.04772373839748995 3.64
365 0.04759825725916669 3.65
366 0.04788900061815815 3.66
367 0.04778460178423818 3.67
368 0.04663915307995411 3.68
369 0.04598050203930679 3.69
370 0.04602231383525881 3.7
371 0.04600667618504847 3.71
372 0.04565434169009591 3.72
373 0.04519547951439375 3.73
374 0.04494915843713205 3.74
375 0.04485137338716336 3.75
376 0.04476572321735942 3.76
377 0.04490463469644643 3.77
378 0.04506902332267299 3.78
379 0.04487346041945398 3.79
380 0.04474582078703854 3.8
381 0.04425582207020964 3.81
382 0.04459882537568408 3.82
383 0.04327383866108504 3.83
384 0.04355018335340001 3.84
385 0.04340360815842292 3.85
386 0.04282256336351057 3.86
387 0.0425271558777672 3.87
388 0.04297392476794233 3.88
389 0.0428322865686581 3.89
390 0.0426453223036741 3.9
391 0.04272578722022073 3.91
392 0.04264458513144467 3.92
393 0.04260248426766529 3.93
394 0.04267311108636523 3.94
395 0.04236329879918347 3.95
396 0.04215326907827753 3.96
397 0.04180123221839357 3.97
398 0.04130270548545587 3.98
399 0.04147076554993057 3.99
400 0.04165800460188294 4
401 0.04126112647118661 4.01
402 0.04041516292891104 4.02
403 0.03990145341584492 4.03
404 0.03996757744156643 4.04
405 0.04012497709005704 4.05
406 0.0396614849666995 4.06
407 0.03974798793391574 4.07
408 0.03878469993615218 4.08
409 0.03815854439719112 4.09
410 0.03810705541325961 4.1
411 0.03839488791281012 4.11
412 0.03790749165651303 4.12
413 0.03728106002436738 4.13
414 0.03734411300516451 4.14
415 0.03701006717697327 4.15
416 0.0365681816577267 4.16
417 0.03620768448391933 4.17
418 0.0357436564785876 4.18
419 0.03514314546737323 4.19
420 0.0349562619101586 4.2
421 0.0332756701467718 4.21
422 0.03351855593053486 4.22
423 0.03447850284007216 4.23
424 0.03468143081634265 4.24
425 0.03376505005505501 4.25
426 0.03280578426823748 4.26
427 0.03167409910391918 4.27
428 0.03141510418235998 4.28
429 0.03147655570624434 4.29
430 0.03157235584208497 4.3
431 0.03053764433768942 4.31
432 0.03048846531108667 4.32
433 0.03071443506909697 4.33
434 0.03042289614521054 4.34
435 0.02984287418390137 4.350000000000001
436 0.03067982449197714 4.36
437 0.03104070410288625 4.37
438 0.03141683982250913 4.38
439 0.03057447175153116 4.39
440 0.03015606789037851 4.4
441 0.02929401998070529 4.41
442 0.02946695796106392 4.42
443 0.02961440214632156 4.43
444 0.03058687171320514 4.44
445 0.0313152260432607 4.45
446 0.03164402725346411 4.46
447 0.03085234174838035 4.47
448 0.03125597712023052 4.48
449 0.03157762765942766 4.49
450 0.03201244228084864 4.5
451 0.03255848762233479 4.51
452 0.03308628002953678 4.52
453 0.03312370015396133 4.53
454 0.03438017823908742 4.54
455 0.03556804464148127 4.55
456 0.03551030983886874 4.56
457 0.0363594678119323 4.57
458 0.03813626036368194 4.58
459 0.03880786441164832 4.59
460 0.03713415371538702 4.600000000000001
461 0.03697617239163498 4.61
462 0.03731837351352443 4.62
463 0.03828125475934822 4.63
464 0.04015319871180919 4.64
465 0.04082196988317505 4.65
466 0.04202861551116364 4.66
467 0.04148520394506879 4.67
468 0.04139097177066717 4.68
469 0.04175621500033948 4.69
470 0.04342156097784692 4.7
471 0.04257362012136703 4.71
472 0.04286807824568647 4.72
473 0.04378306119885504 4.73
474 0.04367084078431809 4.74
475 0.04424089044026249 4.75
476 0.04509791285523062 4.76
477 0.04647403633228515 4.77
478 0.04447241513972083 4.78
479 0.04445598309939924 4.79
480 0.04536429251181057 4.8
481 0.04567570438226602 4.81
482 0.04606715918245274 4.82
483 0.04630195293349758 4.83
484 0.04582754036649316 4.84
485 0.04576301439179918 4.850000000000001
486 0.04639009252267497 4.86
487 0.0477641371795676 4.87
488 0.04771303185719231 4.88
489 0.04751242399382397 4.89
490 0.04831601492752391 4.9
491 0.04870791882741288 4.91
492 0.04875657427160521 4.92
493 0.04872631414076225 4.93
494 0.04879313977732088 4.94
495 0.0492239018927793 4.95
496 0.05030234864070691 4.96
497 0.05050694319184334 4.97
498 0.04972292200220603 4.98
499 0.0506292320289344 4.99
500 0.05264308194886425 5
501 0.05336909121422179 5.01
502 0.05541431010397531 5.02
503 0.05536156777268197 5.03
504 0.0552092196986504 5.04
505 0.05455630967416175 5.05
506 0.05414308863160081 5.06
507 0.05475787038769492 5.07
508 0.05555501158727232 5.08
509 0.05739026430426072 5.09
510 0.05885650091865238 5.100000000000001
511 0.05946859598298035 5.11
512 0.05914220979506241 5.12
513 0.05726428774200759 5.13
514 0.05725933662257907 5.14
515 0.05669696138551098 5.15
516 0.05648018625971177 5.16
517 0.05734005270670267 5.17
518 0.0577814717748709 5.18
519 0.05695232586027706 5.19
520 0.05537703693189255 5.2
521 0.05369756914287838 5.21
522 0.05205834283132047 5.22
523 0.05168880913977825 5.23
524 0.05106952021115663 5.24
525 0.05084810975683331 5.25
526 0.05058359614523664 5.26
527 0.04944664926266473 5.27
528 0.04708188220061152 5.28
529 0.04368351582144871 5.29
530 0.04227267230302417 5.3
531 0.04108445852837987 5.31
532 0.03957534227286439 5.32
533 0.03760047139341079 5.33
534 0.03649664738515069 5.34
535 0.03685919089706676 5.350000000000001
536 0.03735101882928506 5.36
537 0.03623154062188012 5.37
538 0.03399060377656721 5.38
539 0.03093468238370967 5.39
540 0.02856939770994495 5.4
541 0.02659361525899538 5.41
542 0.02686632665017848 5.42
543 0.02756446194532149 5.43
544 0.02644252979602154 5.44
545 0.0242069265661148 5.45
546 0.02288517227107293 5.46
547 0.02154439006780848 5.47
548 0.02036029427615553 5.48
549 0.01903799238739394 5.49
550 0.01913488802478189 5.5
551 0.01989587318205942 5.51
552 0.01939711938196366 5.52
553 0.01804757505257503 5.53
554 0.01627441323891292 5.54
555 0.01441917232338344 5.55
556 0.01240447007397408 5.56
557 0.01128635135234685 5.57
558 0.01048753102995042 5.58
559 0.01021952216477413 5.59
560 0.01100300536832509 5.600000000000001
561 0.01170102906384825 5.61
562 0.01235609192222548 5.62
563 0.01193667684183713 5.63
564 0.0110400419769219 5.64
565 0.01050855663070166 5.65
566 0.01039536805182362 5.66
567 0.007821041777676136 5.67
568 0.00837986454242229 5.68
569 0.009518077745720398 5.69
570 0.01141231710685318 5.7
571 0.01117822378670147 5.71
572 0.01126906945393211 5.72
573 0.01052228790856611 5.73
574 0.008775246106373341 5.74
575 0.008265173119397964 5.75
576 0.007784088686687067 5.76
577 0.007978281587407536 5.77
578 0.008259574737858367 5.78
579 0.009653285900343478 5.79
580 0.01104624655449089 5.8
581 0.0125513274653051 5.81
582 0.01295565487473839 5.82
583 0.01281745230763202 5.83
584 0.01287163387333013 5.84
585 0.01230117297250733 5.850000000000001
586 0.01209569161044335 5.86
587 0.01192804437913031 5.87
588 0.01248761624191774 5.88
589 0.01455818174398649 5.89
590 0.01601133889447847 5.9
591 0.01621022753413779 5.91
592 0.01578580561953789 5.92
593 0.01404432439654688 5.93
594 0.0128609226615346 5.94
595 0.01232827543002759 5.95
596 0.01235361105943538 5.96
597 0.0132411041637159 5.97
598 0.01472759598949622 5.98
599 0.01635926649607523 5.99
600 0.01709516842814928 6
601 0.01669728839695916 6.01
602 0.01611622164840626 6.02
603 0.01504108345520045 6.03
604 0.01324143044702188 6.04
605 0.01231012893116267 6.05
606 0.01192244794210367 6.06
607 0.01204268361317912 6.07
608 0.0128142294353452 6.08
609 0.01352543776684848 6.09
610 0.01416072071765542 6.100000000000001
611 0.01491389040965904 6.11
612 0.01424995224154571 6.12
613 0.01324761140632676 6.13
614 0.01132634103701954 6.140000000000001
615 0.009741423544232755 6.15
616 0.008997328685725239 6.16
617 0.009938379976274201 6.17
618 0.01080422498500828 6.18
619 0.01148018571121167 6.19
620 0.01237198260849484 6.2
621 0.0128397340292411 6.21
622 0.01229541983337226 6.22
623 0.01129688175265768 6.23
624 0.0110966784297155 6.24
625 0.009863372715584399 6.25
626 0.00875010934242932 6.26
627 0.00885685009252867 6.27
628 0.01009416601335445 6.28
629 0.01074869360404727 6.29
630 0.0113180291188644 6.3
631 0.01256986094238131 6.31
632 0.01323213454490466 6.32
633 0.01274489752857449 6.33
634 0.01178377589729671 6.34
635 0.01156970819418725 6.350000000000001
636 0.01142052416482008 6.36
637 0.01059231396898582 6.37
638 0.01118650613839459 6.38
639 0.01267165937115072 6.390000000000001
640 0.0134302897056343 6.4
641 0.01426007781453583 6.41
642 0.01486334069421571 6.42
643 0.01469921300195634 6.43
644 0.01491797678437982 6.44
645 0.01467874375526587 6.45
646 0.0146217508737921 6.46
647 0.01482666470097295 6.47
648 0.01478013377828611 6.48
649 0.01444632203647594 6.49
650 0.01450146467182032 6.5
651 0.01472430797556425 6.51
652 0.01547726836705258 6.52
653 0.01565170423071988 6.53
654 0.01673832086839719 6.54
655 0.01709167154253991 6.55
656 0.01773608345268027 6.56
657 0.0184252286544343 6.57
658 0.01872543439731209 6.58
659 0.0185637893796136 6.59
660 0.01840023493010987 6.600000000000001
661 0.01841092185563786 6.61
662 0.01830297321345414 6.62
663 0.01880360983116374 6.63
664 0.01834826564920147 6.640000000000001
665 0.01832481332376113 6.65
666 0.01937132618871705 6.66
667 0.0197020605083731 6.67
668 0.01988747634995425 6.68
669 0.02119947362195557 6.69
670 0.02182515977832842 6.7
671 0.02195686262478517 6.71
672 0.02220683913033425 6.72
673 0.02173781044170819 6.73
674 0.02186441710047294 6.74
675 0.02161807923040943 6.75
676 0.0220232733141267 6.76
677 0.02212679415498274 6.77
678 0.02309112459679502 6.78
679 0.02373212165038503 6.79
680 0.0246948422788435 6.8
681 0.02444354279986726 6.81
682 0.02443424304708431 6.82
683 0.02481868671410461 6.83
684 0.02500979909025211 6.84
685 0.02601280497561309 6.850000000000001
686 0.0271106991338933 6.86
687 0.02672733048086623 6.87
688 0.0260232034026924 6.88
689 0.02700592086749055 6.890000000000001
690 0.02888898976750109 6.9
691 0.02858776388131782 6.91
692 0.02799529243289907 6.92
693 0.02871812476115678 6.93
694 0.02931250080722017 6.94
695 0.02863849405111266 6.95
696 0.02882494664987511 6.96
697 0.02905241271875373 6.97
698 0.0298065485638456 6.98
699 0.03088192964946923 6.99
700 0.03113073154709344 7
701 0.03191552400917466 7.01
702 0.03171690366531672 7.02
703 0.03241406954782596 7.03
704 0.0335028950264125 7.04
705 0.03370908009779356 7.05
706 0.03410352213874805 7.06
707 0.03428113446141944 7.07
708 0.03485736567204395 7.08
709 0.03485941119459684 7.09
710 0.0348184775559032 7.100000000000001
711 0.03550040308779755 7.11
712 0.03593990085260474 7.12
713 0.03570464777191279 7.13
714 0.0359591757834048 7.140000000000001
715 0.03648865525810631 7.15
716 0.03665511746461765 7.16
717 0.03675831873807897 7.17
718 0.03729703458631205 7.18
719 0.03694369763908566 7.19
720 0.03722411509431241 7.2
721 0.03759674885124639 7.21
722 0.03784293626358029 7.22
723 0.03818314071608123 7.23
724 0.03857309499587663 7.24
725 0.03937556300264928 7.25
726 0.0398354559498612 7.26
727 0.03951861210757646 7.27
728 0.0405155511731066 7.28
729 0.04098261273878834 7.29
730 0.04027701806914037 7.3
731 0.03990987384931752 7.31
732 0.03994081591883409 7.32
733 0.0397904807170076 7.33
734 0.03960963653869177 7.34
735 0.04032507975203383 7.350000000000001
736 0.04124621247450524 7.36
737 0.04106893565515068 7.37
738 0.0405000580392472 7.38
739 0.04066101214107132 7.390000000000001
740 0.0408758367076547 7.4
741 0.04083087358341922 7.41
742 0.04106081714690139 7.42
743 0.04119237085603331 7.43
744 0.0413373444887051 7.44
745 0.0411500942092619 7.45
746 0.04102785395313028 7.46
747 0.0409182257364478 7.47
748 0.04089658913815165 7.48
749 0.04111237346031382 7.49
750 0.041234737949505 7.5
751 0.04157098600134284 7.51
752 0.0404418847970024 7.52
753 0.04070223579766565 7.53
754 0.04116101675504072 7.54
755 0.0408346007093548 7.55
756 0.04098548825381531 7.56
757 0.04090646807434593 7.57
758 0.04103816592750357 7.58
759 0.04074531363622165 7.59
760 0.04097592166271237 7.600000000000001
761 0.04111174270447338 7.61
762 0.04080177009790256 7.62
763 0.04064706072017119 7.63
764 0.04093723859280832 7.640000000000001
765 0.04124329219851543 7.65
766 0.04060706339205949 7.66
767 0.04051619024807633 7.67
768 0.04026915758148312 7.68
769 0.04025903065985113 7.69
770 0.03997334506331936 7.7
771 0.04036610760755863 7.71
772 0.04045925935193058 7.72
773 0.0402856297699028 7.73
774 0.04020127695992255 7.74
775 0.04065804116930858 7.75
776 0.04064409423847198 7.76
777 0.04028609969812455 7.77
778 0.04017584987633179 7.78
779 0.04019767265440497 7.79
780 0.04046576100636467 7.8
781 0.04018819366340112 7.81
782 0.0406463515290616 7.82
783 0.04059396540790813 7.83
784 0.04004995144008747 7.84
785 0.04055503465412683 7.850000000000001
786 0.04071354305751945 7.86
787 0.04097669887090923 7.87
788 0.04068320187058571 7.88
789 0.0410462264261999 7.890000000000001
790 0.04138416089739341 7.9
791 0.04104241379745596 7.91
792 0.04099004685798456 7.92
793 0.04139197787151695 7.930000000000001
794 0.04170359901224464 7.94
795 0.04145910457650753 7.95
796 0.04109829577247574 7.96
797 0.04137122914397787 7.97
798 0.04129460596069336 7.98
799 0.0412910280495651 7.99
800 0.04044133733518792 8
801 0.04171654471496677 8.01
802 0.04231947235990667 8.02
803 0.04347527668666839 8.029999999999999
804 0.04280875048281828 8.040000000000001
805 0.0431162451030286 8.050000000000001
806 0.04198463948261059 8.06
807 0.04181921334750268 8.07
808 0.04313080247133572 8.08
809 0.04439682986102274 8.09
810 0.04298993413131579 8.1
811 0.04310314899952346 8.109999999999999
812 0.04330557889673979 8.120000000000001
813 0.04395331521507175 8.130000000000001
814 0.04283668766671325 8.140000000000001
815 0.04279605709778041 8.15
816 0.04425397877799676 8.16
817 0.0436932134420623 8.17
818 0.04393809784119918 8.18
819 0.04471392694770889 8.19
820 0.04427083628329993 8.199999999999999
821 0.04458372095826806 8.210000000000001
822 0.04490581149786701 8.220000000000001
823 0.0452292669402084 8.23
824 0.04501583630150197 8.24
825 0.04503468093278316 8.25
826 0.04510002188839161 8.26
827 0.04527515637107813 8.27
828 0.04532199782558995 8.279999999999999
829 0.04592563000784403 8.290000000000001
830 0.04625778178868491 8.300000000000001
831 0.0461964974509898 8.31
832 0.04593188326643984 8.32
833 0.04584898282998898 8.33
834 0.04599748536549064 8.34
835 0.04617933718253981 8.35
836 0.04625978803998995 8.359999999999999
837 0.04667286402124877 8.370000000000001
838 0.04660489941764843 8.380000000000001
839 0.0465225357625926 8.390000000000001
840 0.04667075781923058 8.4
841 0.04708321706557887 8.41
842 0.04731993984363702 8.42
843 0.04741246596284589 8.43
844 0.04727888292925753 8.44
845 0.04726319996444229 8.449999999999999
846 0.04739947057027333 8.460000000000001
847 0.04707930549462263 8.470000000000001
848 0.04704339604304779 8.48
849 0.04704590646036921 8.49
850 0.04756632943261273 8.5
851 0.04704772092570182 8.51
852 0.04718080231143151 8.52
853 0.04783638173340237 8.529999999999999
854 0.04771809103938369 8.540000000000001
855 0.04741277280383734 8.550000000000001
856 0.04752197394560512 8.56
857 0.04822349559402427 8.57
858 0.04802560143485251 8.58
859 0.0480862051737421 8.59
860 0.04762952122352404 8.6
861 0.04738877608723794 8.609999999999999
862 0.04702221711233294 8.620000000000001
863 0.04756650615786639 8.630000000000001
864 0.04843084163964911 8.640000000000001
865 0.04916496637438949 8.65
866 0.04930358974783181 8.66
867 0.04957684542615311 8.67
868 0.04833691104063113 8.68
869 0.04787080760283082 8.69
870 0.04953718558464135 8.700000000000001
871 0.05088422090500604 8.710000000000001
872 0.04954946331446145 8.720000000000001
873 0.04974620363505796 8.73
874 0.05048115571268588 8.74
875 0.0504419770292494 8.75
876 0.05000988471103675 8.76
877 0.04983476898191801 8.77
878 0.05124673484150714 8.779999999999999
879 0.05114793649076842 8.790000000000001
880 0.05137344722035599 8.800000000000001
881 0.0513120390470377 8.81
882 0.05127357255596573 8.82
883 0.05089265105204344 8.83
884 0.05046026191451925 8.84
885 0.05069017310177185 8.85
886 0.05110185659517289 8.859999999999999
887 0.05091638038076777 8.870000000000001
888 0.05110560110780157 8.880000000000001
889 0.05137715172438633 8.890000000000001
890 0.05115752047780946 8.9
891 0.0507453368812333 8.91
892 0.05100369669444336 8.92
893 0.05099147450946262 8.93
894 0.0506911827575812 8.94
895 0.05048420975396438 8.950000000000001
896 0.05077219744023272 8.960000000000001
897 0.05065598108707114 8.970000000000001
898 0.05004637747723723 8.98
899 0.05035701404768258 8.99
900 0.05020261456652001 9
901 0.04979417602605313 9.01
902 0.04929472673786361 9.02
903 0.04987276829497381 9.029999999999999
904 0.04984357328727563 9.040000000000001
905 0.04878644877416571 9.050000000000001
906 0.04854553156730994 9.06
907 0.04816428149825415 9.07
908 0.04743272199943833 9.08
909 0.04716352050660371 9.09
910 0.04690625839522648 9.1
911 0.04636393023304585 9.109999999999999
912 0.04584755599774765 9.120000000000001
913 0.04544228833610218 9.130000000000001
914 0.04509491780476996 9.140000000000001
915 0.04407110809175764 9.15
916 0.04369110364633039 9.16
917 0.04329083109195326 9.17
918 0.04272099963125426 9.18
919 0.04227722541853961 9.19
920 0.04140380108598456 9.200000000000001
921 0.04116536032348009 9.210000000000001
922 0.04057585650427176 9.220000000000001
923 0.03991504273208839 9.23
924 0.03878510830214982 9.24
925 0.03853556871739109 9.25
926 0.03758792345605892 9.26
927 0.0370057025910883 9.27
928 0.0358794673508336 9.279999999999999
929 0.03589302466132767 9.290000000000001
930 0.03584463786118607 9.300000000000001
931 0.03521440104534746 9.31
932 0.03420832719557382 9.32
933 0.03333510732974349 9.33
934 0.03349898092323859 9.34
935 0.03320352657445032 9.35
936 0.03265420251505627 9.359999999999999
937 0.03204292577993589 9.370000000000001
938 0.0312554239845565 9.380000000000001
939 0.03113742586765998 9.390000000000001
940 0.03214185359884936 9.4
941 0.03180412093809794 9.41
942 0.03041818907859665 9.42
943 0.02988467207295646 9.43
944 0.03013115585027598 9.44
945 0.03048776221482151 9.450000000000001
946 0.03016913812418762 9.460000000000001
947 0.03027439972917386 9.470000000000001
948 0.02946752586377542 9.48
949 0.03028950330806835 9.49
950 0.03037288253354525 9.5
951 0.0299061663822427 9.51
952 0.02967588061984947 9.52
953 0.02996292965474304 9.529999999999999
954 0.03000456719087571 9.540000000000001
955 0.02999649611270964 9.550000000000001
956 0.0292621188498862 9.56
957 0.02832156590057052 9.57
958 0.02781079992272329 9.58
959 0.02851737090647586 9.59
960 0.02894648214956866 9.6
961 0.02878993255777516 9.609999999999999
962 0.0292043744233231 9.620000000000001
963 0.02927295537179888 9.630000000000001
964 0.02782640670106952 9.640000000000001
965 0.0275840084063824 9.65
966 0.02780288518032564 9.66
967 0.0287228537895419 9.67
968 0.02888053597734946 9.68
969 0.02813977012193739 9.69
970 0.02754223964968388 9.700000000000001
971 0.02688085603297747 9.710000000000001
972 0.0265902557240909 9.720000000000001
973 0.02661557109935438 9.73
974 0.02785839782992909 9.74
975 0.02812225691149935 9.75
976 0.02647734077735478 9.76
977 0.02805466144447173 9.77
978 0.02861836983724115 9.779999999999999
979 0.02758758396824898 9.790000000000001
980 0.02730686107845326 9.800000000000001
981 0.02750544235906662 9.81
982 0.02801055507637366 9.82
983 0.02774766877942031 9.83
984 0.02809499798245782 9.84
985 0.02839411689403942 9.85
986 0.02867759040091239 9.859999999999999
987 0.02921765419963309 9.870000000000001
988 0.02987233593955976 9.880000000000001
989 0.03076327250087732 9.890000000000001
990 0.0310749135952284 9.9
991 0.03077614807459493 9.91
992 0.03057126522824839 9.92
993 0.03159966533096167 9.93
994 0.03172665350233652 9.94
995 0.03277437714597111 9.950000000000001
996 0.03333923870974608 9.960000000000001
997 0.03300253755766207 9.970000000000001
998 0.03252343100586675 9.98
999 0.03323673016340129 9.99
1000 0.03430274079030446 10
1001 0.03427346326370834 10.01
1002 0.03438429639023761 10.02
1003 0.03569807963808698 10.03
1004 0.03647773290956485 10.04
1005 0.03556565627707577 10.05
1006 0.03591909574742783 10.06
1007 0.03610412056231857 10.07
1008 0.03524447728156688 10.08
1009 0.03651514057297355 10.09
1010 0.03759478356635355 10.1
1011 0.038821271826772 10.11
1012 0.03887680442467799 10.12
1013 0.03823556570292384 10.13
1014 0.03815695246540154 10.14
1015 0.03772437733974269 10.15
1016 0.03835512959342883 10.16
1017 0.03934092468308625 10.17
1018 0.04059343666254722 10.18
1019 0.03945508507834868 10.19
1020 0.03818907519391412 10.2
1021 0.03924840091470266 10.21
1022 0.03963029588203783 10.22
1023 0.0390925185319894 10.23
1024 0.04010173506870632 10.24
1025 0.04102254221747854 10.25
1026 0.04052471116730005 10.26
1027 0.03932654242557827 10.27
1028 0.04037836507344182 10.28
1029 0.04124503393614375 10.29
1030 0.04014816794257308 10.3
1031 0.03982396594562657 10.31
1032 0.04002198241217664 10.32
1033 0.03973494160304938 10.33
1034 0.03900341471126881 10.34
1035 0.03877726376333571 10.35
1036 0.03862960136241088 10.36
1037 0.03939070012249018 10.37
1038 0.0399510869630022 10.38
1039 0.04059915844432365 10.39
1040 0.0409103394529881 10.4
1041 0.04127054023117457 10.41
1042 0.04107045066615179 10.42
1043 0.04065194359775463 10.43
1044 0.04000105769865339 10.44
1045 0.03939475783432141 10.45
1046 0.03935652000983752 10.46
1047 0.04040939446199132 10.47
1048 0.04160087463974146 10.48
1049 0.04242575710804498 10.49
1050 0.04256252279934507 10.5
1051 0.04287905176488394 10.51
1052 0.04241324292693892 10.52
1053 0.04181058556554653 10.53
1054 0.0417266557016214 10.54
1055 0.04113370352228681 10.55
1056 0.04326170461684831 10.56
1057 0.04419735535795573 10.57
1058 0.04433209838926808 10.58
1059 0.04376581599941235 10.59
1060 0.04315732971793349 10.6
1061 0.04178398519700585 10.61
1062 0.04092443089100986 10.62
1063 0.0414333201460562 10.63
1064 0.04129422224961012 10.64
1065 0.03976677760565475 10.65
1066 0.03908890176844539 10.66
1067 0.03766018542512147 10.67
1068 0.03495197474672599 10.68
1069 0.0325409052236611 10.69
1070 0.03126013670457582 10.7
1071 0.03103059180714842 10.71
1072 0.02982284614483558 10.72
1073 0.02951666990755835 10.73
1074 0.02948945540810039 10.74
1075 0.02845112120063113 10.75
1076 0.02657030204480574 10.76
1077 0.02454946661521509 10.77
1078 0.02141183560022884 10.78
1079 0.01927338817231565 10.79
1080 0.01814138535767576 10.8
1081 0.01795567915453254 10.81
1082 0.01775224026079012 10.82
1083 0.0168373409339177 10.83
1084 0.0147871437146084 10.84
1085 0.0126254068817747 10.85
1086 0.01209309726266796 10.86
1087 0.0113517789982191 10.87
1088 0.01097225006440298 10.88
1089 0.01077914741221019 10.89
1090 0.01100027184585317 10.9
1091 0.009601144279291467 10.91
1092 0.008118061212737176 10.92
1093 0.006765985075023492 10.93
1094 0.004920650230241695 10.94
1095 0.003268975512801065 10.95
1096 0.00301860616858319 10.96
1097 0.00444750470662674 10.97
1098 0.005251257885152946 10.98
1099 0.005332587353228713 10.99
1100 0.006028123788409028 11
1101 0.005892982566533289 11.01
1102 0.005437992656602155 11.02
1103 0.00500855087909977 11.03
1104 0.005196744786294078 11.04
1105 0.004614473879115256 11.05
1106 0.004595728861840378 11.06
1107 0.005787652148311873 11.07
1108 0.006238520426603053 11.08
1109 0.006903794811752175 11.09
1110 0.007113057755280426 11.1
1111 0.006316569616604562 11.11
1112 0.006248750194846806 11.12
1113 0.005983533438044722 11.13
1114 0.006494969274968525 11.14
1115 0.00704849932642041 11.15
1116 0.009025448140230317 11.16
1117 0.01067023802289823 11.17
1118 0.01106313311287181 11.18
1119 0.01162052084261774 11.19
1120 0.01185621018382501 11.2
1121 0.01233157010705015 11.21
1122 0.01317008179925801 11.22
1123 0.0136441401639982 11.23
1124 0.01370422319931831 11.24
1125 0.01418831863216152 11.25
1126 0.01486856853913769 11.26
1127 0.01661660526614367 11.27
1128 0.01809049231895987 11.28
1129 0.01858519867466661 11.29
1130 0.01792114436165069 11.3
1131 0.01749075721859163 11.31
1132 0.01802734598207758 11.32
1133 0.01843558499259633 11.33
1134 0.01884584548629198 11.34
1135 0.02010315921865391 11.35
1136 0.02146621267795993 11.36
1137 0.02281454997534821 11.37
1138 0.02301709152711654 11.38
1139 0.02257899154242506 11.39
1140 0.02230823361916449 11.4
1141 0.02204966195306857 11.41
1142 0.02242493105247971 11.42
1143 0.02313463765184662 11.43
1144 0.02393631089851427 11.44
1145 0.02524877231535743 11.45
1146 0.02636236398980037 11.46
1147 0.0271590136714567 11.47
1148 0.02790343782016374 11.48
1149 0.02809021927188877 11.49
1150 0.0271335458881795 11.5
1151 0.02672712126066172 11.51
1152 0.02741022907161709 11.52
1153 0.02755152489033311 11.53
1154 0.02834171105424967 11.54
1155 0.02997533006598979 11.55
1156 0.03126582325969236 11.56
1157 0.03216722728567041 11.57
1158 0.0329295815710423 11.58
1159 0.03306112119584016 11.59
1160 0.03301330663577143 11.6
1161 0.03300047709877856 11.61
1162 0.03277036258162779 11.62
1163 0.03354711924770287 11.63
1164 0.034611062416747 11.64
1165 0.03557271110419992 11.65
1166 0.03650179675679882 11.66
1167 0.03721474838377962 11.67
1168 0.03811138600014715 11.68
1169 0.03853232962480672 11.69
1170 0.03927840842179237 11.7
1171 0.03929219516491413 11.71
1172 0.03944869820614127 11.72
1173 0.04008150169829204 11.73
1174 0.04084429818130066 11.74
1175 0.04108911606419251 11.75
1176 0.04214597411445952 11.76
1177 0.04345741292199584 11.77
1178 0.04326635665915675 11.78
1179 0.04329475467373378 11.79
1180 0.04439093952629691 11.8
1181 0.04513013741121226 11.81
1182 0.04582376973950703 11.82
1183 0.04701633505599146 11.83
1184 0.04738254038963577 11.84
1185 0.04699083709515813 11.85
1186 0.04706195839027842 11.86
1187 0.04706357615928605 11.87
1188 0.04697752780347338 11.88
1189 0.04731361404197799 11.89
1190 0.04850450380748431 11.9
1191 0.04925213016379648 11.91
1192 0.04988679721407576 11.92
1193 0.05105426198557751 11.93
1194 0.05160848863335894 11.94
1195 0.05170316713427325 11.95
1196 0.05182360620798426 11.96
1197 0.05197701457809687 11.97
1198 0.05250158167293572 11.98
1199 0.0525376872008663 11.99
1200 0.05325263020696476 12
1201 0.0531487014679909 12.01
1202 0.05318291715778231 12.02
1203 0.05354608038936395 12.03
1204 0.05375729571734614 12.04
1205 0.05393202433054822 12.05
1206 0.05498685465853385 12.06
1207 0.05568905453466313 12.07
1208 0.05597050426664076 12.08
1209 0.05576572944715665 12.09
1210 0.05558960992215548 12.1
1211 0.05537245803713919 12.11
1212 0.0558621475743148 12.12
1213 0.05615309480599619 12.13
1214 0.05618173030163483 12.14
1215 0.05644924238544545 12.15
1216 0.05670877694392137 12.16
1217 0.05628037226634273 12.17
1218 0.0559773180205716 12.18
1219 0.05644314632691461 12.19
1220 0.05727959139434635 12.2
1221 0.05801033487661319 12.21
1222 0.05756145179058753 12.22
1223 0.05652724589067664 12.23
1224 0.0554377943439539 12.24
1225 0.05635453486407149 12.25
1226 0.05764936816774126 12.26
1227 0.05736420576820946 12.27
1228 0.05569340225649608 12.28
1229 0.05524604381407787 12.29
1230 0.0549367536149208 12.3
1231 0.05475004064962532 12.31
1232 0.05405770295984104 12.32
1233 0.05420430437017449 12.33
1234 0.05455707199966534 12.34
1235 0.05385893771033293 12.35
1236 0.05362966315707702 12.36
1237 0.05342806060957012 12.37
1238 0.0539228327403104 12.38
1239 0.0529729738435565 12.39
1240 0.05126533484252405 12.4
1241 0.05089197429813008 12.41
1242 0.05072738983305542 12.42
1243 0.05072024240005742 12.43
1244 0.05015675000461201 12.44
1245 0.04952242216233035 12.45
1246 0.04821654597745806 12.46
1247 0.04727825516626044 12.47
1248 0.04676151862217615 12.48
1249 0.04621330341566326 12.49
1250 0.04565693962718469 12.5
1251 0.04481488905680516 12.51
1252 0.04391857677781428 12.52
1253 0.04298455758623446 12.53
1254 0.0426879498950847 12.54
1255 0.04277086141868527 12.55
1256 0.04219728591854267 12.56
1257 0.04152237205887506 12.57
1258 0.04098916640359452 12.58
1259 0.03999375479755824 12.59
1260 0.03873691138420102 12.6
1261 0.03836423405043188 12.61
1262 0.03767929395349912 12.62
1263 0.03729251675323184 12.63
1264 0.03672124421682039 12.64
1265 0.03608839730004575 12.65
1266 0.03599801974354363 12.66
1267 0.03511274018188778 12.67
1268 0.03421033936669042 12.68
1269 0.0329214868998251 12.69
1270 0.03355151511323069 12.7
1271 0.0334740911782454 12.71
1272 0.03295267903310242 12.72
1273 0.03326591329410425 12.73
1274 0.03288907504600053 12.74
1275 0.03182636387943007 12.75
1276 0.03155912612637224 12.76
1277 0.03230964355075796 12.77
1278 0.03184373295546816 12.78
1279 0.03183765743703115 12.79
1280 0.03193485775430632 12.8
1281 0.03238971552532331 12.81
1282 0.03227772480413054 12.82
1283 0.03203231378859127 12.83
1284 0.03178256623160325 12.84
1285 0.03165066982795776 12.85
1286 0.03202324464246833 12.86
1287 0.03341956093295354 12.87
1288 0.03384660955672243 12.88
1289 0.0341911889429063 12.89
1290 0.03414610330818423 12.9
1291 0.03435466775251399 12.91
1292 0.03467134543865164 12.92
1293 0.03517774556365922 12.93
1294 0.03638554274509041 12.94
1295 0.03694001599023252 12.95
1296 0.03754234477550398 12.96
1297 0.03853019768678651 12.97
1298 0.03909888826282533 12.98
1299 0.03973179331532879 12.99
1300 0.03980903005275191 13
1301 0.04157257683749312 13.01
1302 0.04279704097046738 13.02
1303 0.04233022618352869 13.03
1304 0.04299864484662925 13.04
1305 0.04348463854745685 13.05
1306 0.04449008504371443 13.06
1307 0.04472267908127902 13.07
1308 0.0460377473505614 13.08
1309 0.04767866334477703 13.09
1310 0.04803769859253001 13.1
1311 0.04828052337536819 13.11
1312 0.048577895823997 13.12
1313 0.0491166209411379 13.13
1314 0.04953625426404767 13.14
1315 0.05007223081164329 13.15
1316 0.05011176890745096 13.16
1317 0.05029337792810763 13.17
1318 0.04944597183056827 13.18
1319 0.04971644588165667 13.19
1320 0.05022931857220138 13.2
1321 0.0502078509801157 13.21
1322 0.05032176100984521 13.22
1323 0.05034536857855279 13.23
1324 0.04995683576625748 13.24
1325 0.04917344766095421 13.25
1326 0.04875337649497517 13.26
1327 0.04873919256754001 13.27
1328 0.04784534491368911 13.28
1329 0.04768299248955694 13.29
1330 0.04765974589729438 13.3
1331 0.04730068520598579 13.31
1332 0.04682073375721547 13.32
1333 0.04663909749488477 13.33
1334 0.04583471359396318 13.34
1335 0.04526245476614182 13.35
1336 0.04524488155936273 13.36
1337 0.04507845228962388 13.37
1338 0.04496334858995728 13.38
1339 0.04459862938014337 13.39
1340 0.04431964158439428 13.4
1341 0.0432651226257704 13.41
1342 0.04301470871018241 13.42
1343 0.04388245842699026 13.43
1344 0.04458010427887184 13.44
1345 0.04501015904664246 13.45
1346 0.04460601387666355 13.46
1347 0.0449980021679119 13.47
1348 0.04526090652005516 13.48
1349 0.04591134685730001 13.49
1350 0.04648470576245904 13.5
1351 0.04653039827803351 13.51
1352 0.04671679779704223 13.52
1353 0.0469847977272707 13.53
1354 0.04795402976533119 13.54
1355 0.04835229057213437 13.55
1356 0.04851022433025462 13.56
1357 0.04853426948704354 13.57
1358 0.04951516077526527 13.58
1359 0.05027613717932546 13.59
1360 0.05104730445571622 13.6
1361 0.05179168501192687 13.61
1362 0.05192876080846611 13.62
1363 0.05208704435613907 13.63
1364 0.05188937356284603 13.64
1365 0.05258719723361494 13.65
1366 0.05324825938413271 13.66
1367 0.05356466793102137 13.67
1368 0.05466684019235974 13.68
1369 0.0542897637112523 13.69
1370 0.05407957176260814 13.7
1371 0.05381900257187994 13.71
1372 0.0545514598798147 13.72
1373 0.05472788618835004 13.73
1374 0.05471431737553934 13.74
1375 0.05498367505326743 13.75
1376 0.055274961679349 13.76
1377 0.05528204578220763 13.77
1378 0.05446096695364182 13.78
1379 0.05468260485496982 13.79
1380 0.05548050437605065 13.8
1381 0.05533000494074858 13.81
1382 0.055438610605848 13.82
1383 0.05576989026905735 13.83
1384 0.05627021643710439 13.84
1385 0.05542455159738739 13.85
1386 0.05502312049948947 13.86
1387 0.05550902547326721 13.87
1388 0.05506392499639572 13.88
1389 0.05518766910154654 13.89
1390 0.05600261099533521 13.9
1391 0.05636287236078295 13.91
1392 0.05605615998802076 13.92
1393 0.05649277154377569 13.93
1394 0.05678016790750887 13.94
1395 0.05718898453617254 13.95
1396 0.05637774772674542 13.96
1397 0.05667763163089794 13.97
1398 0.05672894348700341 13.98
1399 0.05673491668485875 13.99
1400 0.05647871470461614 14
1401 0.05705998742766104 14.01
1402 0.05722922151678074 14.02
1403 0.0567618943536627 14.03
1404 0.05689554433486457 14.04
1405 0.05701760011915066 14.05
1406 0.05727855094868888 14.06
1407 0.05708884894309718 14.07
1408 0.05713036474135554 14.08
1409 0.05725360857491749 14.09
1410 0.0568423601412773 14.1
1411 0.05657546935620166 14.11
1412 0.05655894546545834 14.12
1413 0.05648587941856336 14.13
1414 0.05591740265509772 14.14
1415 0.05609712257073782 14.15
1416 0.05595099156888731 14.16
1417 0.0553855852255527 14.17
1418 0.05502159167352341 14.18
1419 0.05479343154399965 14.19
1420 0.05438179632109628 14.2
1421 0.05361120917059521 14.21
1422 0.05369114497803407 14.22
1423 0.05350681972246409 14.23
1424 0.05302873652522534 14.24
1425 0.0529037980554749 14.25
1426 0.05294602175677463 14.26
1427 0.05276093495231451 14.27
1428 0.0519410049338255 14.28
1429 0.05116590153181631 14.29
1430 0.05117285919395081 14.3
1431 0.05050700067593793 14.31
1432 0.04997956756349003 14.32
1433 0.05010720212699402 14.33
1434 0.04946370211484011 14.34
1435 0.04876458495196688 14.35
1436 0.04849132987510887 14.36
1437 0.04840781780809027 14.37
1438 0.04774864777407744 14.38
1439 0.04673360110282449 14.39
1440 0.04618456033194104 14.4
1441 0.04529682303321671 14.41
1442 0.04449583004039648 14.42
1443 0.04449377832463709 14.43
1444 0.04401284492515904 14.44
1445 0.04381513489349605 14.45
1446 0.04314308746329088 14.46
1447 0.04225089021545248 14.47
1448 0.04159623198045623 14.48
1449 0.0413999158535281 14.49
1450 0.04106199842917071 14.5
1451 0.03986683744739369 14.51
1452 0.03838483720135203 14.52
1453 0.03819500162161601 14.53
1454 0.03746344818921785 14.54
1455 0.03735343876846893 14.55
1456 0.03710707397249063 14.56
1457 0.03590582477914467 14.57
1458 0.03561317033822815 14.58
1459 0.0352620262397576 14.59
1460 0.03523861898561394 14.6
1461 0.03459343475183104 14.61
1462 0.03412688832626287 14.62
1463 0.03335245634059222 14.63
1464 0.03311991740485904 14.64
1465 0.03254875831482582 14.65
1466 0.03219636485098604 14.66
1467 0.03162585323578342 14.67
1468 0.03105735326208644 14.68
1469 0.03110237254806618 14.69
1470 0.03078754541992695 14.7
1471 0.03071712983632154 14.71
1472 0.03093019043392398 14.72
1473 0.03023847540032246 14.73
1474 0.03031399013576523 14.74
1475 0.03000974051164394 14.75
1476 0.02959715266360545 14.76
1477 0.02848659067173977 14.77
1478 0.02832469416831497 14.78
1479 0.02883380528573385 14.79
1480 0.02829336228200978 14.8
1481 0.02786573140049274 14.81
1482 0.02813804340256669 14.82
1483 0.02818704139075781 14.83
1484 0.02774401311817442 14.84
1485 0.02767359372692556 14.85
1486 0.02743487157384429 14.86
1487 0.0273214530760888 14.87
1488 0.02690996238513193 14.88
1489 0.02684391132541138 14.89
1490 0.02689522181292637 14.9
1491 0.02687432173545352 14.91
1492 0.02636834385728435 14.92
1493 0.02633871514045441 14.93
1494 0.02647723450175333 14.94
1495 0.02607925255937154 14.95
1496 0.02597858008104292 14.96
1497 0.02557581895442609 14.97
1498 0.02606536640858763 14.98
1499 0.02602397120853994 14.99
1500 0.02590952518357908 15
1501 0.02590449554035926 15.01
1502 0.02558734129665519 15.02
1503 0.02545830554061311 15.03
1504 0.02561837028791075 15.04
1505 0.02485232598421659 15.05
1506 0.02469230985933051 15.06
1507 0.02510734082864902 15.07
1508 0.0259205136514555 15.08
1509 0.02590937997268709 15.09
1510 0.02600314985481256 15.1
1511 0.02637660343980821 15.11
1512 0.02677242965231773 15.12
1513 0.0266097413921774 15.13
1514 0.02613325282413767 15.14
1515 0.0262290646659866 15.15
1516 0.02642636797711191 15.16
1517 0.02615511107951713 15.17
1518 0.0261760857467012 15.18
1519 0.02665347611158694 15.19
1520 0.02712343989227603 15.2
1521 0.02791212486283896 15.21
1522 0.02715933216643198 15.22
1523 0.02729603054239121 15.23
1524 0.02800653599800132 15.24
1525 0.02861684980879448 15.25
1526 0.02843296031377922 15.26
1527 0.02844296232812878 15.27
1528 0.02957436144116988 15.28
1529 0.02913559336550986 15.29
1530 0.02943524794509708 15.3
1531 0.03092289717079826 15.31
1532 0.03227403245516054 15.32
1533 0.03218433512398493 15.33
1534 0.0319406822696085 15.34
1535 0.03153726354640279 15.35
1536 0.03232365320452627 15.36
1537 0.03319475374300327 15.37
1538 0.03382419076972943 15.38
1539 0.03408569089496955 15.39
1540 0.03578322347600038 15.4
1541 0.03581959598660542 15.41
1542 0.03498811755303211 15.42
1543 0.03541154623852411 15.43
1544 0.03690196592426158 15.44
1545 0.03822159200850041 15.45
1546 0.0376359839295372 15.46
1547 0.03823993846778612 15.47
1548 0.03925100450583902 15.48
1549 0.0384697858823571 15.49
1550 0.03969378278455721 15.5
1551 0.0405701464417484 15.51
1552 0.04142556553940717 15.52
1553 0.04131413985335976 15.53
1554 0.0413873543982585 15.54
1555 0.04171294210458561 15.55
1556 0.04183121327008862 15.56
1557 0.04203301490437119 15.57
1558 0.04260750460377136 15.58
1559 0.0423584265869585 15.59
1560 0.04321576788675118 15.6
1561 0.04423603124983235 15.61
1562 0.04417498019819934 15.62
1563 0.04376281600680729 15.63
1564 0.04415663564956888 15.64
1565 0.04503852633457984 15.65
1566 0.04446936637907354 15.66
1567 0.04426101598038278 15.67
1568 0.04464943830843145 15.68
1569 0.04446450684419855 15.69
1570 0.04477014035330119 15.7
1571 0.04459162596429134 15.71
1572 0.04490165006127644 15.72
1573 0.04415105321273278 15.73
1574 0.04475440395525024 15.74
1575 0.04612070018193316 15.75
1576 0.0467639741406825 15.76
1577 0.04711204296901707 15.77
1578 0.0473299881669169 15.78
1579 0.04672135320091379 15.79
1580 0.04500639174602259 15.8
1581 0.04436076736225646 15.81
1582 0.04437277092093766 15.82
1583 0.04561968427479007 15.83
1584 0.04766262775723803 15.84
1585 0.04840077233896393 15.85
1586 0.0479168933010895 15.86
1587 0.04779142507250179 15.87
1588 0.04751554829145015 15.88
1589 0.04771064124530172 15.89
1590 0.04816769754106474 15.9
1591 0.04931960770082507 15.91
1592 0.05067283331328697 15.92
1593 0.05127571815247553 15.93
1594 0.05142283794890552 15.94
1595 0.0516395703129003 15.95
1596 0.05164028522768559 15.96
1597 0.05154003353227494 15.97
1598 0.05202919463246117 15.98
1599 0.05300517882831538 15.99
1600 0.05461743725590746 16
1601 0.05511267797319969 16.01
1602 0.05510285151429651 16.02
1603 0.05327472418665364 16.03
1604 0.05143445431450403 16.04
1605 0.0505088395026045 16.05
1606 0.04983460109677199 16.06
1607 0.04821444776403213 16.07
1608 0.04870350585226885 16.08
1609 0.04879046943442509 16.09
1610 0.04992300092488517 16.1
1611 0.05005237197818571 16.11
1612 0.04879760418088619 16.12
1613 0.04673238917551615 16.13
1614 0.04392494648222132 16.14
1615 0.04163041289601938 16.15
1616 0.04031952427293192 16.16
1617 0.04063670745788716 16.17
1618 0.04035025890997721 16.18
1619 0.0389724711507721 16.19
1620 0.03552030105155432 16.2
1621 0.03417925445229564 16.21
1622 0.03327230071873191 16.22
1623 0.03140945225009419 16.23
1624 0.03107816591356583 16.24
1625 0.0307233396376594 16.25
1626 0.03055086849775441 16.26
1627 0.02957016694226286 16.27
1628 0.0270055604865302 16.28
1629 0.02452256780352178 16.29
1630 0.02220143093714753 16.3
1631 0.02033286688092354 16.31
1632 0.01781390940961884 16.32
1633 0.01824580333769035 16.33
1634 0.0178400435661567 16.34
1635 0.0181861711840033 16.35
1636 0.01847934892649922 16.36
1637 0.01864776410113589 16.37
1638 0.01674340894091796 16.38
1639 0.01518688625697475 16.39
1640 0.01424417788484761 16.4
1641 0.01386583577733455 16.41
1642 0.01365705054323895 16.42
1643 0.01357343159647232 16.43
1644 0.01387344841730671 16.44
1645 0.01393260677552591 16.45
1646 0.01398780389801408 16.46
1647 0.01182064969623797 16.47
1648 0.01035759170712003 16.48
1649 0.008767907112057298 16.49
1650 0.008956713525032708 16.5
1651 0.008543733488651279 16.51
1652 0.009645336908782024 16.52
1653 0.0111271271661555 16.53
1654 0.01210897777140197 16.54
1655 0.01164393348911289 16.55
1656 0.01151311372332327 16.56
1657 0.01104564298457693 16.57
1658 0.01006560248047617 16.58
1659 0.01048192285317024 16.59
1660 0.01225382704750495 16.6
1661 0.01232936714867536 16.61
1662 0.01205670090393053 16.62
1663 0.01151197170758107 16.63
1664 0.01338439398758892 16.64
1665 0.0136723547493291 16.65
1666 0.01362705886798179 16.66
1667 0.0120670042981457 16.67
1668 0.01053849420492625 16.68
1669 0.0108154798097602 16.69
1670 0.01252014691619974 16.7
1671 0.01386341046190253 16.71
1672 0.01569465206861831 16.72
1673 0.01709836830875812 16.73
1674 0.017021700512036 16.74
1675 0.01656259207832847 16.75
1676 0.01578052669665132 16.76
1677 0.01439610272494192 16.77
1678 0.01376503097806389 16.78
1679 0.01328538249457602 16.79
1680 0.01340032503444095 16.8
1681 0.01613305349016395 16.81
1682 0.01752931525907676 16.82
1683 0.01809791465966534 16.83
1684 0.01835097924628153 16.84
1685 0.01716625788330422 16.85
1686 0.01640840689863825 16.86
1687 0.01506776709583142 16.87
1688 0.01414428729545822 16.88
1689 0.01308546927727464 16.89
1690 0.01229444347331556 16.9
1691 0.01361249750750319 16.91
1692 0.01484645129637505 16.92
1693 0.01553649268035609 16.93
1694 0.0159393575186694 16.94
1695 0.01655172050699822 16.95
1696 0.01574949365334995 16.96
1697 0.01431268930552831 16.97
1698 0.01312111930764244 16.98
1699 0.01159689979412709 16.99
1700 0.01047586692095512 17
1701 0.01072888571989654 17.01
1702 0.01182779024637651 17.02
1703 0.01455395713469168 17.03
1704 0.01483955045890073 17.04
1705 0.01488323934840641 17.05
1706 0.01548247307305989 17.06
1707 0.01645555705542209 17.07
1708 0.01465036661976605 17.08
1709 0.01341789530837121 17.09
1710 0.01326146233469512 17.1
1711 0.01342342625310394 17.11
1712 0.01335546816547974 17.12
1713 0.01501036202087374 17.13
1714 0.016598553892895 17.14
1715 0.01714922749326341 17.15
1716 0.01770007747966346 17.16
1717 0.01844794424857297 17.17
1718 0.01972140668557989 17.18
1719 0.01909957789702235 17.19
1720 0.01854727402222716 17.2
1721 0.01926512269742301 17.21
1722 0.02029045275822915 17.22
1723 0.02032257518758727 17.23
1724 0.01955265919561424 17.24
1725 0.02007478724812222 17.25
1726 0.02149323836394604 17.26
1727 0.02099981852987076 17.27
1728 0.02253051332139673 17.28
1729 0.02335756268624779 17.29
1730 0.02549528253763215 17.3
1731 0.02614082065351462 17.31
1732 0.02708066035166444 17.32
1733 0.02639941714431553 17.33
1734 0.02717603077869669 17.34
1735 0.02715781200583465 17.35
1736 0.02749107208713382 17.36
1737 0.02747572755043198 17.37
1738 0.02751917327772769 17.38
1739 0.02835248067552271 17.39
1740 0.02863876493665531 17.4
1741 0.02923568531070479 17.41
1742 0.03087499487169018 17.42
1743 0.03204510385714483 17.43
1744 0.03261667758295102 17.44
1745 0.03223974176993316 17.45
1746 0.03266786251176752 17.46
1747 0.03392154610040628 17.47
1748 0.03432390090835379 17.48
1749 0.03428006692988093 17.49
1750 0.03397639856513086 17.5
1751 0.0350183765303284 17.51
1752 0.03597883746462763 17.52
1753 0.03643655287673191 17.53
1754 0.03639628782828381 17.54
1755 0.03593027449537908 17.55
1756 0.03676787163580435 17.56
1757 0.03866140199339353 17.57
1758 0.03921303844395564 17.58
1759 0.04046181378369154 17.59
1760 0.04079514991897314 17.6
1761 0.04143503437727519 17.61
1762 0.04152005878290948 17.62
1763 0.04217585241455061 17.63
1764 0.04271773716906446 17.64
1765 0.0435666778566282 17.65
1766 0.04355494171796711 17.66
1767 0.04388915319064417 17.67
1768 0.04437568440279579 17.68
1769 0.04474580486533964 17.69
1770 0.04485007604702877 17.7
1771 0.04535464129028909 17.71
1772 0.04590799688270865 17.72
1773 0.0463997296922098 17.73
1774 0.04661326374326109 17.74
1775 0.04760216061716237 17.75
1776 0.04821192718751331 17.76
1777 0.04861413593654823 17.77
1778 0.04939698714256451 17.78
1779 0.04973869780395913 17.79
1780 0.04961750917968299 17.8
1781 0.04998386116420591 17.81
1782 0.05046566491356035 17.82
1783 0.05045091784829736 17.83
1784 0.05055417062454354 17.84
1785 0.05084552733003533 17.85
1786 0.05145675844524139 17.86
1787 0.05104899277036593 17.87
1788 0.05109623833874491 17.88
1789 0.05178567412549483 17.89
1790 0.05200328188500071 17.9
1791 0.05185954589803721 17.91
1792 0.05190758803700902 17.92
1793 0.05207026811001221 17.93
1794 0.05155476174292194 17.94
1795 0.05091539848273857 17.95
1796 0.05084460814734239 17.96
1797 0.05092980662008312 17.97
1798 0.05158735406649995 17.98
1799 0.05198829636931342 17.99
1800 0.05144020576406354 18
1801 0.05065829240199848 18.01
1802 0.05089719515069546 18.02
1803 0.05122619011376902 18.03
1804 0.05094314612632919 18.04
1805 0.04985437630263503 18.05
1806 0.04905009879230802 18.06
1807 0.04876018636042823 18.07
1808 0.04804419669322383 18.08
1809 0.04723034964838921 18.09
1810 0.04732399702059203 18.1
1811 0.04733791520854876 18.11
1812 0.04618520366697122 18.12
1813 0.04524080150498484 18.13
1814 0.04561339931024796 18.14
1815 0.04511457644327531 18.15
1816 0.04422747950307693 18.16
1817 0.04368783667950819 18.17
1818 0.04284583192718138 18.18
1819 0.04194892832832119 18.19
1820 0.04173201555830924 18.2
1821 0.04130607049225555 18.21
1822 0.04041306294535733 18.22
1823 0.03917975377440296 18.23
1824 0.03919024504035418 18.24
1825 0.03937157810779549 18.25
1826 0.03830770712916501 18.26
1827 0.03796904336230925 18.27
1828 0.03730207769620279 18.28
1829 0.03670331766632231 18.29
1830 0.03569393822324624 18.3
1831 0.03535860411397751 18.31
1832 0.03523429864738614 18.32
1833 0.03467014235390083 18.33
1834 0.03490058312769449 18.34
1835 0.03426478565166531 18.35
1836 0.03388013661968432 18.36
1837 0.0335800991900716 18.37
1838 0.03403496700687073 18.38
1839 0.03339141420020809 18.39
1840 0.03239251415943262 18.4
1841 0.03221486055217033 18.41
1842 0.03259750952455018 18.42
1843 0.03344683409818665 18.43
1844 0.03284503520718447 18.44
1845 0.03275300645196087 18.45
1846 0.03244718747763934 18.46
1847 0.03251230780755937 18.47
1848 0.03250736623254875 18.48
1849 0.0336474073066299 18.49
1850 0.03368011917757708 18.5
1851 0.03267067099372815 18.51
1852 0.03181524208384981 18.52
1853 0.03231009618515999 18.53
1854 0.03274051765578335 18.54
1855 0.03314527941767583 18.55
1856 0.03320672868303352 18.56
1857 0.03351075110144041 18.57
1858 0.03317576293061493 18.58
1859 0.03315874023133848 18.59
1860 0.03374747555866038 18.6
1861 0.0346220076525498 18.61
1862 0.03518623309877467 18.62
1863 0.03527054223972224 18.63
1864 0.03470041808667645 18.64
1865 0.03480631500155875 18.65
1866 0.03494555475232297 18.66
1867 0.03532788013021133 18.67
1868 0.03567984385933276 18.68
1869 0.03628403888917391 18.69
1870 0.03602733906730626 18.7
1871 0.03664874834919617 18.71
1872 0.03671602263324569 18.72
1873 0.037198847787062 18.73
1874 0.0376409950619544 18.74
1875 0.03807326714787052 18.75
1876 0.03865614555789637 18.76
1877 0.03860314442105715 18.77
1878 0.03853316947658084 18.78
1879 0.03863039096363593 18.79
1880 0.03945214415808757 18.8
1881 0.04013979091148033 18.81
1882 0.04062829842813063 18.82
1883 0.04082519807056558 18.83
1884 0.04099417047116451 18.84
1885 0.04114031083492383 18.85
1886 0.04151271818798004 18.86
1887 0.04140812238421286 18.87
1888 0.04196092991560377 18.88
1889 0.04287406172424402 18.89
1890 0.04314094097732975 18.9
1891 0.0429725292818284 18.91
1892 0.04338964015293275 18.92
1893 0.04348207503576287 18.93
1894 0.04374984449978503 18.94
1895 0.04400678318877639 18.95
1896 0.0447318046479129 18.96
1897 0.04497618500872688 18.97
1898 0.04521376761001034 18.98
1899 0.0457249814479528 18.99
1900 0.04597710231452554 19
1901 0.04623311899777291 19.01
1902 0.04615359475858877 19.02
1903 0.04651366820956719 19.03
1904 0.04778086816502771 19.04
1905 0.04780979457145838 19.05
1906 0.04743398380980156 19.06
1907 0.04791187253431635 19.07
1908 0.04811616545860037 19.08
1909 0.04836433887399108 19.09
1910 0.04860866849106355 19.1
1911 0.04885281259187393 19.11
1912 0.04934024505804327 19.12
1913 0.04922055223153028 19.13
1914 0.04933158979707781 19.14
1915 0.04921802835664244 19.15
1916 0.04947364914701219 19.16
1917 0.04923939759509492 19.17
1918 0.0491736701278284 19.18
1919 0.04999221307668791 19.19
1920 0.05012125959074539 19.2
1921 0.05099195606423643 19.21
1922 0.05109714171049906 19.22
1923 0.05113657290578349 19.23
1924 0.05076612645255096 19.24
1925 0.0506174889682708 19.25
1926 0.05240263805134853 19.26
1927 0.05301657421248617 19.27
1928 0.05249873955682611 19.28
1929 0.05145484540481796 19.29
1930 0.05335810364734982 19.3
1931 0.05360389042078854 19.31
1932 0.05293512239410784 19.32
1933 0.05311304850334329 19.33
1934 0.05338026968416814 19.34
1935 0.05337135446444606 19.35
1936 0.05422470703291067 19.36
1937 0.0551775096118037 19.37
1938 0.05524319567656669 19.38
1939 0.05527589608056505 19.39
1940 0.0559213360377187 19.4
1941 0.05674739870130079 19.41
1942 0.05740284182096265 19.42
1943 0.05713870757551592 19.43
1944 0.05704763782353518 19.44
1945 0.05691130241443001 19.45
1946 0.05713836577096502 19.46
1947 0.05737574390872623 19.47
1948 0.05765432256205762 19.48
1949 0.05783212235665607 19.49
1950 0.05772931039185331 19.5
1951 0.05732998953007159 19.51
1952 0.05832519192101836 19.52
1953 0.05869034897883258 19.53
1954 0.05820611869324334 19.54
1955 0.05829280596326935 19.55
1956 0.05857555068107953 19.56
1957 0.05871618537836493 19.57
1958 0.05812620742589129 19.58
1959 0.0580906689127904 19.59
1960 0.05817613025058258 19.6
1961 0.05785544990777174 19.61
1962 0.05751473943722159 19.62
1963 0.05812956992351827 19.63
1964 0.05818548429042076 19.64
1965 0.0575382592181651 19.65
1966 0.05706505877965798 19.66
1967 0.05700913414295686 19.67
1968 0.05697064343680508 19.68
1969 0.05694688981604616 19.69
1970 0.05722680483986822 19.7
1971 0.05674140232477739 19.71
1972 0.05629171704771565 19.72
1973 0.05606847482312823 19.73
1974 0.05603208745125091 19.74
1975 0.05551458462828063 19.75
1976 0.05459360947866477 19.76
1977 0.05416130817017913 19.77
1978 0.05428840657336581 19.78
1979 0.05360132046669437 19.79
1980 0.05257580736748376 19.8
1981 0.05238860672308645 19.81
1982 0.05222076110764394 19.82
1983 0.05128718309312633 19.83
1984 0.05069747198080472 19.84
1985 0.04987622721026985 19.85
1986 0.04911205652593317 19.86
1987 0.04830012321060735 19.87
1988 0.04772441680822735 19.88
1989 0.04665729787345132 19.89
1990 0.04621635126223181 19.9
1991 0.04545385225552762 19.91
1992 0.04467334444925793 19.92
1993 0.04361825365437983 19.93
1994 0.04316643808674456 19.94
1995 0.04234192665413902 19.95
1996 0.04228877940816916 19.96
1997 0.04124512575111236 19.97
1998 0.04004653997866211 19.98
1999 0.03909896810024541 19.99
2000 0.03882633666732414 20
