"cd-rfile"
"Time Step" "cd etc.."
("Time Step" "cd" "flow-time")
0 0 0
1 151.686607338499 0.01
2 1.12507783912402 0.02
3 0.3978735340049246 0.03
4 0.8607199171798805 0.04
5 1.319674291901998 0.05
6 1.393635772682551 0.06
7 1.467975757713669 0.07000000000000001
8 1.599724284589214 0.08
9 1.722137195402451 0.09
10 1.633816785718186 0.1
11 1.69736649855189 0.11
12 1.747606762487249 0.12
13 1.751957845760757 0.13
14 1.793698625800882 0.14
15 1.803656165295162 0.15
16 1.873306036254261 0.16
17 1.883626230478645 0.17
18 1.84319043737393 0.18
19 1.890826211125052 0.19
20 1.86526062706004 0.2
21 1.860678156001832 0.21
22 1.857612696714515 0.22
23 1.895282312324512 0.23
24 1.882852776825963 0.24
25 1.963974808192026 0.25
26 1.907100715747372 0.26
27 1.823663184086834 0.27
28 1.834164620844151 0.28
29 1.856691855951506 0.29
30 1.818040016551626 0.3
31 1.801463550556835 0.31
32 1.743407972304284 0.32
33 1.763729481729795 0.33
34 1.764232448453135 0.34
35 1.808417840536453 0.35
36 1.716874306782309 0.36
37 1.63036951035836 0.37
38 1.54458045087289 0.38
39 1.524117381897911 0.39
40 1.560492016775491 0.4
41 1.585854361197637 0.41
42 1.549071941251988 0.42
43 1.509486164525476 0.43
44 1.485526640604352 0.44
45 1.396436135663784 0.45
46 1.335544806462856 0.46
47 1.334382962434248 0.47
48 1.315622063249372 0.48
49 1.334922932103195 0.49
50 1.334849137196105 0.5
51 1.297966271272691 0.51
52 1.214022343404676 0.52
53 1.14084134482226 0.53
54 1.082854303433351 0.54
55 1.158608909518734 0.55
56 1.252344000660097 0.5600000000000001
57 1.200232255631533 0.5700000000000001
58 1.112435421147753 0.58
59 1.106396809474527 0.59
60 0.9614589790755104 0.6
61 1.008150172112653 0.61
62 1.035873721741734 0.62
63 1.020833211288536 0.63
64 1.002933598098986 0.64
65 1.005426109860905 0.65
66 0.9887888844839023 0.66
67 0.9691592676018902 0.67
68 0.9568458355659512 0.68
69 0.9185723224485339 0.6900000000000001
70 0.9207700248985535 0.7000000000000001
71 0.8898242670405863 0.71
72 0.8964131026867939 0.72
73 0.8926635756364235 0.73
74 0.8864288129238128 0.74
75 0.8691471855849563 0.75
76 0.8647635059115395 0.76
77 0.8409643124741191 0.77
78 0.8099748169661094 0.78
79 0.8050140026779669 0.79
80 0.8052185309570662 0.8
81 0.7642826503136289 0.8100000000000001
82 0.8064451165189891 0.8200000000000001
83 0.759614698891014 0.8300000000000001
84 0.8063242305124053 0.84
85 0.7183920814609651 0.85
86 0.7381416733904665 0.86
87 0.7121189229269653 0.87
88 0.7141559037091562 0.88
89 0.6875729893067215 0.89
90 0.7307010149354384 0.9
91 0.6738813282670538 0.91
92 0.6541127923771938 0.92
93 0.6535112288291798 0.93
94 0.6099079595395116 0.9400000000000001
95 0.6482472470396969 0.9500000000000001
96 0.6319207832350332 0.96
97 0.6114296367661137 0.97
98 0.5468180223988427 0.98
99 0.5732412338318573 0.99
100 0.5868975887351958 1
101 0.5779794646756433 1.01
102 0.5655288593744054 1.02
103 0.5372387599985224 1.03
104 0.5220636609013494 1.04
105 0.485687351193793 1.05
106 0.5234828962983549 1.06
107 0.483981603157341 1.07
108 0.4895126561180748 1.08
109 0.4906843236559552 1.09
110 0.4745780903679261 1.1
111 0.4948397451610698 1.11
112 0.473442499507027 1.12
113 0.4735375217673259 1.13
114 0.4653781297034617 1.14
115 0.4750027178722325 1.15
116 0.4567866212247512 1.16
117 0.4534690898118513 1.17
118 0.4533337237009142 1.18
119 0.4354403491482873 1.19
120 0.4540367457157513 1.2
121 0.4378851426545521 1.21
122 0.4650110223566556 1.22
123 0.4633913832189098 1.23
124 0.4557147653837046 1.24
125 0.4768612227108862 1.25
126 0.4996637354775141 1.26
127 0.5266447785347138 1.27
128 0.5306975771237905 1.28
129 0.5611325926395782 1.29
130 0.5137995860388785 1.3
131 0.5718108085438137 1.31
132 0.5725036515455378 1.32
133 0.5793947148489244 1.33
134 0.5681775146220398 1.34
135 0.6131113742348544 1.35
136 0.5856913367559057 1.36
137 0.6441002001104424 1.37
138 0.6431871726177922 1.38
139 0.6755309180697363 1.39
140 0.6407281475735278 1.4
141 0.6603589599456765 1.41
142 0.6811433285139595 1.42
143 0.7271445040835852 1.43
144 0.7640063153929473 1.44
145 0.7817092783951063 1.45
146 0.7739459627520354 1.46
147 0.7783942145763486 1.47
148 0.7870421335406057 1.48
149 0.8173330267758948 1.49
150 0.8497314195885547 1.5
151 0.8796565274462698 1.51
152 0.9191888964074724 1.52
153 0.9622415096530212 1.53
154 0.9187728053788018 1.54
155 0.9367810334283627 1.55
156 1.043273501727688 1.56
157 1.078983854227 1.57
158 1.056203431931058 1.58
159 1.079049644902734 1.59
160 1.239752959585351 1.6
161 1.251030996470295 1.61
162 1.22445399068983 1.62
163 1.178002864159432 1.63
164 1.168103528662752 1.64
165 1.201321332151619 1.65
166 1.218025553472301 1.66
167 1.260945044709104 1.67
168 1.292433839232458 1.68
169 1.320049969762126 1.69
170 1.339930855717108 1.7
171 1.375165009171514 1.71
172 1.418767918008711 1.72
173 1.405114147086449 1.73
174 1.427325890221113 1.74
175 1.447408683111533 1.75
176 1.474209052535239 1.76
177 1.488531107371168 1.77
178 1.521253003021054 1.78
179 1.540830716381424 1.79
180 1.577017456092006 1.8
181 1.616912656375929 1.81
182 1.656858557883416 1.82
183 1.665710868529168 1.83
184 1.673585144050694 1.84
185 1.721800456447537 1.85
186 1.738085477773929 1.86
187 1.75974639169338 1.87
188 1.768542222642183 1.88
189 1.79923887514291 1.89
190 1.806700207125849 1.9
191 1.839430095771416 1.91
192 1.873620457407448 1.92
193 1.930373324233749 1.93
194 1.974758483806033 1.94
195 1.955340203703976 1.95
196 1.959962784385382 1.96
197 1.953756309934068 1.97
198 1.947101163879931 1.98
199 1.983119469399 1.99
200 2.023803177558735 2
201 2.071253229806775 2.01
202 2.041050651916818 2.02
203 2.116706026554423 2.03
204 2.099330292495264 2.04
205 1.975517938140672 2.05
206 2.090438124337377 2.06
207 2.045295251470359 2.07
208 2.130609272748937 2.08
209 2.085677986002994 2.09
210 2.003221873202033 2.1
211 2.067267454686076 2.11
212 2.062429147222682 2.12
213 2.017556462611325 2.13
214 1.955057288313998 2.14
215 2.044192750555441 2.15
216 2.046041283483323 2.16
217 2.05306108693197 2.17
218 2.011776500120918 2.18
219 2.023700259334293 2.19
220 2.00542750111324 2.2
221 2.021172461189756 2.21
222 1.988850284942349 2.22
223 1.984401521288958 2.23
224 1.995160006638817 2.24
225 1.995375968493019 2.25
226 2.004351913300491 2.26
227 2.008888933661387 2.27
228 1.976542788794684 2.28
229 2.040510766434897 2.29
230 2.004519185927691 2.3
231 2.034053035682061 2.31
232 2.060459141319886 2.32
233 2.067813277960261 2.33
234 2.055854353340356 2.34
235 2.08477519070915 2.35
236 2.070744412037433 2.36
237 2.086993247582805 2.37
238 2.090696681967683 2.38
239 2.071476888902322 2.39
240 2.152627585478404 2.4
241 2.156061523176751 2.41
242 2.175052221846413 2.42
243 2.224718330008112 2.43
244 2.244696031228804 2.44
245 2.221861870115522 2.45
246 2.277058334257409 2.46
247 2.342914615201559 2.47
248 2.379246893551279 2.48
249 2.380236231561657 2.49
250 2.454965440781001 2.5
251 2.48879848285641 2.51
252 2.537771393498692 2.52
253 2.579032842969745 2.53
254 2.57072497468315 2.54
255 2.608198165352892 2.55
256 2.603716491493415 2.56
257 2.614054932130485 2.57
258 2.62813553287316 2.58
259 2.672119517772933 2.59
260 2.71161423438919 2.6
261 2.744860212814412 2.61
262 2.691160928619067 2.62
263 2.73341860595943 2.63
264 2.708744844150266 2.64
265 2.747342193301977 2.65
266 2.752329082741903 2.66
267 2.784542926022269 2.67
268 2.793161544766976 2.68
269 2.835453173191451 2.69
270 2.759832239825078 2.7
271 2.777998279415093 2.71
272 2.796306984040004 2.72
273 2.8569643874452 2.73
274 2.820567437450018 2.74
275 2.765704128101385 2.75
276 2.77416015979635 2.76
277 2.789026201361084 2.77
278 2.799676188855791 2.78
279 2.769471447635015 2.79
280 2.797765611755291 2.8
281 2.80113233708631 2.81
282 2.768083194254133 2.82
283 2.745204992986243 2.83
284 2.72554548663463 2.84
285 2.724914690909519 2.85
286 2.799727875483311 2.86
287 2.760770609819137 2.87
288 2.650416116461419 2.88
289 2.733501912002968 2.89
290 2.69113663747641 2.9
291 2.712551118386609 2.91
292 2.653179462800636 2.92
293 2.666331275238852 2.93
294 2.642341257412685 2.94
295 2.611483759499214 2.95
296 2.605958270861634 2.96
297 2.612852573693115 2.97
298 2.612484414611494 2.98
299 2.540759374760983 2.99
300 2.452360371868835 3
301 2.412206346066181 3.01
302 2.447573095069437 3.02
303 2.456806203340647 3.03
304 2.407815129017013 3.04
305 2.422975311603097 3.05
306 2.42900934292102 3.06
307 2.420288964620659 3.07
308 2.345477307250943 3.08
309 2.266036181225396 3.09
310 2.21857618078531 3.1
311 2.178721023830397 3.11
312 2.170032584023003 3.12
313 2.154405655536673 3.13
314 2.14324245441412 3.14
315 2.122667444173693 3.15
316 2.061782998930289 3.16
317 1.97916419679566 3.17
318 1.891810595115525 3.18
319 1.865573256210576 3.19
320 1.78755088311694 3.2
321 1.756773155566497 3.21
322 1.777435446875839 3.22
323 1.671724580060288 3.23
324 1.721772535783195 3.24
325 1.713416752215996 3.25
326 1.698242670255063 3.26
327 1.628922034378406 3.27
328 1.526850180657752 3.28
329 1.434486184664073 3.29
330 1.432795405311969 3.3
331 1.493590124154668 3.31
332 1.419293824156209 3.32
333 1.449013452839683 3.33
334 1.387078205833877 3.34
335 1.321778766691555 3.35
336 1.244046092293292 3.36
337 1.254238729672342 3.37
338 1.244423258416678 3.38
339 1.235394271779926 3.39
340 1.237276298252632 3.4
341 1.197744652743101 3.41
342 1.210209172897463 3.42
343 1.148226836761834 3.43
344 1.123483690741326 3.44
345 1.078896015365316 3.45
346 1.058907841304997 3.46
347 1.046073510851344 3.47
348 1.059587064146998 3.48
349 1.004418698883784 3.49
350 0.9888027067160199 3.5
351 1.008048602223134 3.51
352 0.9418669768188154 3.52
353 0.9487905250521841 3.53
354 0.9216815602533323 3.54
355 0.9020700152041415 3.55
356 0.8997734161601179 3.56
357 0.8860777143195716 3.57
358 0.9022241033525649 3.58
359 0.8807063810727892 3.59
360 0.8599896569477828 3.6
361 0.8430538444665668 3.61
362 0.7978102563604937 3.62
363 0.7832598435990039 3.63
364 0.7866330200190264 3.64
365 0.7851373375913431 3.65
366 0.7872763624291376 3.66
367 0.7753261232411145 3.67
368 0.7838328125853986 3.68
369 0.7681131505887963 3.69
370 0.7475727730363214 3.7
371 0.756338979898501 3.71
372 0.7355099186874524 3.72
373 0.7116462688593017 3.73
374 0.7350539486315377 3.74
375 0.725598489090443 3.75
376 0.7332406980993841 3.76
377 0.7343946972441232 3.77
378 0.7321376339651131 3.78
379 0.7273083907347797 3.79
380 0.7361834474497405 3.8
381 0.7240402586636704 3.81
382 0.7281036593941538 3.82
383 0.7153776150911592 3.83
384 0.7310674685923978 3.84
385 0.7116883880661786 3.85
386 0.72423753032954 3.86
387 0.7328340683369188 3.87
388 0.7322703461854083 3.88
389 0.7523576418728919 3.89
390 0.7570923302800325 3.9
391 0.7490079423010796 3.91
392 0.7548157663255918 3.92
393 0.7705921122922962 3.93
394 0.7658626452300704 3.94
395 0.7727576425658956 3.95
396 0.7883080423736308 3.96
397 0.8132548436268983 3.97
398 0.820299700872821 3.98
399 0.8464445560560966 3.99
400 0.8540601649146302 4
401 0.8596679963333683 4.01
402 0.8787798619582597 4.02
403 0.8864395115021365 4.03
404 0.9043212030833395 4.04
405 0.9115198235282385 4.05
406 0.9184017034639073 4.06
407 0.944886116648837 4.07
408 0.9596910605621966 4.08
409 0.9495996165320267 4.09
410 0.987886484545335 4.1
411 1.015636442035112 4.11
412 1.023540035741954 4.12
413 1.032994497368175 4.13
414 1.061358722533383 4.14
415 1.061261773177646 4.15
416 1.077628910573639 4.16
417 1.093413648556776 4.17
418 1.107211117347701 4.18
419 1.121488693273661 4.19
420 1.142760166936083 4.2
421 1.166181196491224 4.21
422 1.18306762980334 4.22
423 1.198321440448082 4.23
424 1.205181060133688 4.24
425 1.228003081565563 4.25
426 1.244516917218888 4.26
427 1.274799491818414 4.27
428 1.283023253758681 4.28
429 1.287288961886369 4.29
430 1.304222054845587 4.3
431 1.316996240205906 4.31
432 1.333999262089156 4.32
433 1.353534459528966 4.33
434 1.382566047460452 4.34
435 1.398912973450249 4.350000000000001
436 1.428144568556029 4.36
437 1.443744527136991 4.37
438 1.465913657634599 4.38
439 1.49581264351412 4.39
440 1.476997569233058 4.4
441 1.514178333996122 4.41
442 1.51668189822033 4.42
443 1.549678079970112 4.43
444 1.552151055225024 4.44
445 1.551157194299896 4.45
446 1.599324520324033 4.46
447 1.633352614544563 4.47
448 1.696384818071444 4.48
449 1.693654195712605 4.49
450 1.674290283418872 4.5
451 1.686016159362343 4.51
452 1.7034552638308 4.52
453 1.723675984866998 4.53
454 1.750654271787129 4.54
455 1.755170318769194 4.55
456 1.801345267115592 4.56
457 1.804610894919404 4.57
458 1.799341749820175 4.58
459 1.786602061023301 4.59
460 1.80705727378489 4.600000000000001
461 1.847504447225035 4.61
462 1.836782598720475 4.62
463 1.850194866012293 4.63
464 1.880173896586841 4.64
465 1.906756230536931 4.65
466 1.908890393337907 4.66
467 1.890523594010515 4.67
468 1.888868382470414 4.68
469 1.873193326441917 4.69
470 1.895659618300969 4.7
471 1.922134329674949 4.71
472 1.892837882988786 4.72
473 1.920222783586558 4.73
474 1.880042892016863 4.74
475 1.887127640538456 4.75
476 1.884265559698547 4.76
477 1.916370734479356 4.77
478 1.906303608428444 4.78
479 1.882220823240251 4.79
480 1.722276759432317 4.8
481 1.716682096417364 4.81
482 1.789778185966273 4.82
483 1.988300460754422 4.83
484 2.049662944132211 4.84
485 1.844661094621394 4.850000000000001
486 1.78889866988989 4.86
487 1.857765205290897 4.87
488 1.930141779040034 4.88
489 1.834683821742135 4.89
490 1.860947612514355 4.9
491 1.823883224351889 4.91
492 1.767782721293323 4.92
493 1.781826773299564 4.93
494 1.783922638836296 4.94
495 1.942094744279264 4.95
496 1.995864949847017 4.96
497 1.938273923062359 4.97
498 1.908715019245397 4.98
499 1.904335502105221 4.99
500 1.958153568348612 5
501 1.989804632625714 5.01
502 1.946085202953432 5.02
503 1.915436993346987 5.03
504 1.952387444509717 5.04
505 2.012425296434595 5.05
506 2.036044863040138 5.06
507 2.11871619869759 5.07
508 2.094575628506463 5.08
509 2.087336858974673 5.09
510 2.112664910254183 5.100000000000001
511 2.133845445479532 5.11
512 2.178403885315016 5.12
513 2.213538914413706 5.13
514 2.235336345382615 5.14
515 2.238309255210946 5.15
516 2.276073545919189 5.16
517 2.290352830404403 5.17
518 2.361913051808444 5.18
519 2.342288006887492 5.19
520 2.374271631581758 5.2
521 2.36906376161961 5.21
522 2.410301900501979 5.22
523 2.475186989457915 5.23
524 2.364035712313627 5.24
525 2.398409850465488 5.25
526 2.495336239951336 5.26
527 2.506526723369908 5.27
528 2.501427611171536 5.28
529 2.490562388586894 5.29
530 2.487304211393809 5.3
531 2.530522127988869 5.31
532 2.539192984637725 5.32
533 2.557862145170059 5.33
534 2.584147073297747 5.34
535 2.570026384113692 5.350000000000001
536 2.650073627195578 5.36
537 2.62344595466132 5.37
538 2.657110280080724 5.38
539 2.564580707478792 5.39
540 2.61094334836381 5.4
541 2.675314194908512 5.41
542 2.63325497789086 5.42
543 2.720670316622842 5.43
544 2.651331922737595 5.44
545 2.717350700420833 5.45
546 2.786619256387688 5.46
547 2.701124552144132 5.47
548 2.638946647505479 5.48
549 2.655608252791664 5.49
550 2.705644356535441 5.5
551 2.716985964239717 5.51
552 2.724439261696852 5.52
553 2.664268720343337 5.53
554 2.656356097824003 5.54
555 2.682580375589625 5.55
556 2.731097007487087 5.56
557 2.674894245441062 5.57
558 2.673759046479252 5.58
559 2.702108237241442 5.59
560 2.7856508815453 5.600000000000001
561 2.775825524525203 5.61
562 2.77376037342097 5.62
563 2.730507140606701 5.63
564 2.701291609960168 5.64
565 2.64929146544575 5.65
566 2.652209638452136 5.66
567 2.638453782062458 5.67
568 2.651948532056001 5.68
569 2.609851279735133 5.69
570 2.600482904295794 5.7
571 2.630888690971256 5.71
572 2.601160043630709 5.72
573 2.57716488344057 5.73
574 2.571595093483524 5.74
575 2.527957092864086 5.75
576 2.463474790743286 5.76
577 2.415851868920325 5.77
578 2.377734658173869 5.78
579 2.298810379552599 5.79
580 2.186565865314388 5.8
581 2.160952016103894 5.81
582 2.087147160978544 5.82
583 1.98506547946018 5.83
584 1.964945923580322 5.84
585 1.879151969454728 5.850000000000001
586 1.79425023350988 5.86
587 1.681965419398534 5.87
588 1.613866383137389 5.88
589 1.523865408663416 5.89
590 1.476805307501304 5.9
591 1.436709958496945 5.91
592 1.390780003059314 5.92
593 1.34647047786485 5.93
594 1.307904325105333 5.94
595 1.270653236730252 5.95
596 1.24536118473762 5.96
597 1.1731079881639 5.97
598 1.172825830294529 5.98
599 1.122885137363997 5.99
600 1.108878515533265 6
601 1.080263319957963 6.01
602 1.064938122751095 6.02
603 1.029564637801503 6.03
604 1.011057807397474 6.04
605 0.9952730524051977 6.05
606 0.9800328188955335 6.06
607 0.9589637909561926 6.07
608 0.9058443600495918 6.08
609 0.9122704764289977 6.09
610 0.9256411544110578 6.100000000000001
611 0.930273563260229 6.11
612 0.8966293479250678 6.12
613 0.908588234348219 6.13
614 0.8905618756107597 6.140000000000001
615 0.8653941354415261 6.15
616 0.8626776576513587 6.16
617 0.8293356185528581 6.17
618 0.8255493864342248 6.18
619 0.8024274465906797 6.19
620 0.7945982132555385 6.2
621 0.8027257974198844 6.21
622 0.7772977292335943 6.22
623 0.7701376608952437 6.23
624 0.768489903686751 6.24
625 0.7472769713071528 6.25
626 0.7191408664280946 6.26
627 0.743386550552374 6.27
628 0.7176771556528881 6.28
629 0.742716213962163 6.29
630 0.7167099870145872 6.3
631 0.7046936989580053 6.31
632 0.694414586229415 6.32
633 0.700124757384032 6.33
634 0.719765170171783 6.34
635 0.6702681551585288 6.350000000000001
636 0.6965426303031329 6.36
637 0.6837718629188629 6.37
638 0.6938576153865648 6.38
639 0.6735830295250043 6.390000000000001
640 0.6700120709248266 6.4
641 0.6604324057150431 6.41
642 0.6643364667545671 6.42
643 0.6678519516686389 6.43
644 0.653870232561599 6.44
645 0.6617442239802857 6.45
646 0.6541476699615516 6.46
647 0.6518250035249626 6.47
648 0.6667227932859184 6.48
649 0.6487675045662392 6.49
650 0.6707166267349199 6.5
651 0.6508103690781044 6.51
652 0.6684322960997414 6.52
653 0.6513064369690855 6.53
654 0.6499686098662144 6.54
655 0.6487613103400783 6.55
656 0.6546763328542237 6.56
657 0.6600981822891566 6.57
658 0.6680935541546525 6.58
659 0.6707150922045991 6.59
660 0.6803563435794838 6.600000000000001
661 0.6698860519416826 6.61
662 0.6755286620278783 6.62
663 0.6917545519371395 6.63
664 0.7029669098961312 6.640000000000001
665 0.7138789396989301 6.65
666 0.7063032925161541 6.66
667 0.7228194121221627 6.67
668 0.7476200011160438 6.68
669 0.7539252352537203 6.69
670 0.7632109222431327 6.7
671 0.7614476572862606 6.71
672 0.7639228511105612 6.72
673 0.7785403083331442 6.73
674 0.7941819699829056 6.74
675 0.8028802863047748 6.75
676 0.8149685103129819 6.76
677 0.8212967304766986 6.77
678 0.829233049826875 6.78
679 0.8525546713993781 6.79
680 0.8702805105391961 6.8
681 0.8717332836072201 6.81
682 0.8831603197558285 6.82
683 0.8944003058528909 6.83
684 0.892454784466719 6.84
685 0.9271229610131062 6.850000000000001
686 0.9466136927010546 6.86
687 0.9625158048245476 6.87
688 0.9724467998317995 6.88
689 0.9925796450465638 6.890000000000001
690 1.016790552400723 6.9
691 1.035279748058009 6.91
692 1.053833806289272 6.92
693 1.066876155499197 6.93
694 1.10129631022027 6.94
695 1.1119150196776 6.95
696 1.149307506578041 6.96
697 1.1783250876927 6.97
698 1.210727871558106 6.98
699 1.237867327654327 6.99
700 1.166156940838213 7
701 1.202669092952468 7.01
702 1.324722601236143 7.02
703 1.283406479081894 7.03
704 1.306639814893722 7.04
705 1.359116895458978 7.05
706 1.352609269604132 7.06
707 1.405230668320395 7.07
708 1.461811637106285 7.08
709 1.467266309229411 7.09
710 1.445294204794064 7.100000000000001
711 1.494412120696857 7.11
712 1.499646354399765 7.12
713 1.554772250168418 7.13
714 1.594211719301771 7.140000000000001
715 1.651738759169187 7.15
716 1.569124483711756 7.16
717 1.686625536255937 7.17
718 1.717413208560117 7.18
719 1.776661598086742 7.19
720 1.853736038574497 7.2
721 1.823775486001843 7.21
722 1.795220935023491 7.22
723 1.767636726728404 7.23
724 1.788032429478371 7.24
725 1.8029198523043 7.25
726 1.870422466236947 7.26
727 1.897655703329111 7.27
728 1.90317822347201 7.28
729 1.894596866490569 7.29
730 1.909335824523456 7.3
731 1.954129559871026 7.31
732 1.94205359920849 7.32
733 1.9659888182564 7.33
734 1.966676361644376 7.34
735 1.983577987220106 7.350000000000001
736 2.005790987336027 7.36
737 2.009389711832113 7.37
738 2.032571166586521 7.38
739 2.03644556932829 7.390000000000001
740 2.065451173806687 7.4
741 2.081509739174447 7.41
742 2.076231635516767 7.42
743 2.092301532695875 7.43
744 2.075847567694957 7.44
745 2.089990750170265 7.45
746 2.089959464697961 7.46
747 2.089495102674951 7.47
748 2.078416758406867 7.48
749 2.10502363152938 7.49
750 2.077455443183175 7.5
751 2.106097716049892 7.51
752 2.102719051258191 7.52
753 2.12021743206087 7.53
754 2.121543883333441 7.54
755 2.113936288566079 7.55
756 2.122718049600326 7.56
757 2.081271536071718 7.57
758 2.106498882507132 7.58
759 2.117663909930863 7.59
760 2.116018200501157 7.600000000000001
761 2.07807318602088 7.61
762 2.086558979053392 7.62
763 2.080214668780482 7.63
764 2.080805954525342 7.640000000000001
765 2.076248959777939 7.65
766 2.060030360102689 7.66
767 2.086731714329475 7.67
768 2.079890429053496 7.68
769 2.094575382853204 7.69
770 2.085230011113695 7.7
771 2.046745038432427 7.71
772 2.061644418284752 7.72
773 2.069510015616733 7.73
774 2.104961847363489 7.74
775 2.087164858049956 7.75
776 2.109168370141273 7.76
777 2.094364015204331 7.77
778 2.070836534245088 7.78
779 2.046580696609482 7.79
780 2.06882887705869 7.8
781 2.080493294611799 7.81
782 2.076674591368472 7.82
783 2.144780873965471 7.83
784 2.137904334137322 7.84
785 2.163370695358046 7.850000000000001
786 2.117893571723422 7.86
787 2.178827764883063 7.87
788 2.160335657067991 7.88
789 2.219828610489792 7.890000000000001
790 2.27933668011599 7.9
791 2.210406838123314 7.91
792 2.216175643446771 7.92
793 2.234383036533881 7.930000000000001
794 2.191506518605498 7.94
795 2.169518830174884 7.95
796 2.276694824772348 7.96
797 2.267075518300087 7.97
798 2.301580875967774 7.98
799 2.302583120725647 7.99
800 2.328251925723412 8
801 2.340544818944718 8.01
802 2.362241763600543 8.02
803 2.354135670105717 8.029999999999999
804 2.403157747828389 8.040000000000001
805 2.358522939746109 8.050000000000001
806 2.414901837645063 8.06
807 2.435356199707755 8.07
808 2.417941896818524 8.08
809 2.469508517474091 8.09
810 2.477871637058533 8.1
811 2.464328011091129 8.109999999999999
812 2.420086806502954 8.120000000000001
813 2.490095270298696 8.130000000000001
814 2.498500037574615 8.140000000000001
815 2.491363695653104 8.15
816 2.442231091311208 8.16
817 2.46563645599893 8.17
818 2.457522236700883 8.18
819 2.478246701168862 8.19
820 2.384087322332118 8.199999999999999
821 2.415934849091642 8.210000000000001
822 2.584109774687572 8.220000000000001
823 2.507092005973067 8.23
824 2.522463938318113 8.24
825 2.415192839369251 8.25
826 2.452344408378806 8.26
827 2.439801251667573 8.27
828 2.513638468046632 8.279999999999999
829 2.380058972105275 8.290000000000001
830 2.384619716375368 8.300000000000001
831 2.425155275696883 8.31
832 2.442064633028245 8.32
833 2.415674968836511 8.33
834 2.404770770436501 8.34
835 2.447520548134432 8.35
836 2.438003732994961 8.359999999999999
837 2.294937324149899 8.370000000000001
838 2.148856489061262 8.380000000000001
839 2.227277297753336 8.390000000000001
840 2.370180943957553 8.4
841 2.337869719483382 8.41
842 2.270663168772437 8.42
843 2.184180388064592 8.43
844 2.239696939537672 8.44
845 2.298903866299519 8.449999999999999
846 2.247502866529167 8.460000000000001
847 2.215269889713289 8.470000000000001
848 2.13489223267824 8.48
849 2.063304023805865 8.49
850 2.016101224311003 8.5
851 2.038356252153409 8.51
852 2.013299521732265 8.52
853 2.00300034361562 8.529999999999999
854 1.998196146273693 8.540000000000001
855 1.946525253167037 8.550000000000001
856 1.896752898925023 8.56
857 1.781032758698228 8.57
858 1.76832596730652 8.58
859 1.697200799970828 8.59
860 1.745783098546613 8.6
861 1.717363983818647 8.609999999999999
862 1.66167437633329 8.620000000000001
863 1.613282111534959 8.630000000000001
864 1.578913089773914 8.640000000000001
865 1.544659686465605 8.65
866 1.474306535015153 8.66
867 1.43387144740375 8.67
868 1.362064778587157 8.68
869 1.369282603086767 8.69
870 1.338029863009623 8.700000000000001
871 1.304471407974974 8.710000000000001
872 1.269102579513933 8.720000000000001
873 1.162705590001944 8.73
874 1.183073287945555 8.74
875 1.131394262562292 8.75
876 1.13936333418892 8.76
877 1.149563239592536 8.77
878 1.112379477022174 8.779999999999999
879 1.07150068466317 8.790000000000001
880 1.06055322631555 8.800000000000001
881 1.018228127042111 8.81
882 1.046833668928143 8.82
883 0.961000688542232 8.83
884 0.9630736206434317 8.84
885 0.9713173497738938 8.85
886 0.8888912637444353 8.859999999999999
887 0.9282470232438426 8.870000000000001
888 0.9338409874322773 8.880000000000001
889 0.913885519952088 8.890000000000001
890 0.9259633851928085 8.9
891 0.8512713300965422 8.91
892 0.8549236978990163 8.92
893 0.903262933238746 8.93
894 0.860777767198032 8.94
895 0.8823144472274517 8.950000000000001
896 0.8447586403570303 8.960000000000001
897 0.8448176578860668 8.970000000000001
898 0.7933586906560386 8.98
899 0.8219295230887043 8.99
900 0.7788009881802996 9
901 0.7720188858203011 9.01
902 0.7799463201925421 9.02
903 0.7899788948755682 9.029999999999999
904 0.7833941022054645 9.040000000000001
905 0.7765886660152256 9.050000000000001
906 0.775053553052465 9.06
907 0.7679785468594875 9.07
908 0.756493614009899 9.08
909 0.7495217904399525 9.09
910 0.7284513075473835 9.1
911 0.695860211662984 9.109999999999999
912 0.6904663978621116 9.120000000000001
913 0.7094878033343892 9.130000000000001
914 0.7094033291248513 9.140000000000001
915 0.7212272768238321 9.15
916 0.7195166562224701 9.16
917 0.725042363213134 9.17
918 0.7205127867356265 9.18
919 0.7339915947714116 9.19
920 0.7013934801752342 9.200000000000001
921 0.709044844085542 9.210000000000001
922 0.702829776720174 9.220000000000001
923 0.7042680975552471 9.23
924 0.7024504483278745 9.24
925 0.6976786029843328 9.25
926 0.6986959804987739 9.26
927 0.7200997080131791 9.27
928 0.7158083534360891 9.279999999999999
929 0.7217429956132466 9.290000000000001
930 0.7228554774408603 9.300000000000001
931 0.7328247126460726 9.31
932 0.7446969763198125 9.32
933 0.748560663423139 9.33
934 0.7564345866491485 9.34
935 0.7743940087782909 9.35
936 0.787862156722432 9.359999999999999
937 0.8136893110124874 9.370000000000001
938 0.7963453390337878 9.380000000000001
939 0.8232461326596748 9.390000000000001
940 0.8230652830000387 9.4
941 0.846077679059868 9.41
942 0.8518724701842084 9.42
943 0.8711399257102498 9.43
944 0.879703149625771 9.44
945 0.8961193158127619 9.450000000000001
946 0.9015130071597222 9.460000000000001
947 0.9242364329169793 9.470000000000001
948 0.9420345005674376 9.48
949 0.9752280483595918 9.49
950 0.9962458794802316 9.5
951 1.018395202463381 9.51
952 1.012840956077179 9.52
953 1.038532150590165 9.529999999999999
954 1.04814930988743 9.540000000000001
955 1.070098639050345 9.550000000000001
956 1.084047100733571 9.56
957 1.109363623224622 9.57
958 1.142588890779696 9.58
959 1.166165201318003 9.59
960 1.128116071770903 9.6
961 1.123663523974513 9.609999999999999
962 1.211800880776994 9.620000000000001
963 1.248325857028086 9.630000000000001
964 1.288956179129326 9.640000000000001
965 1.284346924388653 9.65
966 1.280410128066241 9.66
967 1.303136272047029 9.67
968 1.348471215648329 9.68
969 1.377975332074804 9.69
970 1.382558355371769 9.700000000000001
971 1.422962895318869 9.710000000000001
972 1.394423800305597 9.720000000000001
973 1.440475793626713 9.73
974 1.389122916613019 9.74
975 1.40979929470017 9.75
976 1.481241737415768 9.76
977 1.546142047869214 9.77
978 1.572408564834514 9.779999999999999
979 1.530427071554587 9.790000000000001
980 1.622916217828273 9.800000000000001
981 1.61210667309758 9.81
982 1.616395744703169 9.82
983 1.608181997856734 9.83
984 1.652392104996629 9.84
985 1.695910892680484 9.85
986 1.74826170777865 9.859999999999999
987 1.739203196415324 9.870000000000001
988 1.760982959494736 9.880000000000001
989 1.779182915284003 9.890000000000001
990 1.783778643836204 9.9
991 1.802434040034239 9.91
992 1.841103622698935 9.92
993 1.886046668771574 9.93
994 1.866082991641694 9.94
995 1.872154137534096 9.950000000000001
996 1.880971357117184 9.960000000000001
997 1.914966588415717 9.970000000000001
998 1.964072905677734 9.98
999 1.975667674171271 9.99
1000 1.997449994924189 10
1001 1.975425748692321 10.01
1002 1.990864292918784 10.02
1003 2.016627365227902 10.03
1004 2.038114380573831 10.04
1005 2.044291723993996 10.05
1006 2.041572230132966 10.06
1007 2.028363176459703 10.07
1008 2.038920979910017 10.08
1009 2.01676727271528 10.09
1010 2.082218161074205 10.1
1011 2.046965373242474 10.11
1012 2.068942501721809 10.12
1013 2.040328545480982 10.13
1014 2.055067423786466 10.14
1015 2.011725808471989 10.15
1016 2.040043580447874 10.16
1017 2.046575050331379 10.17
1018 2.026399804493081 10.18
1019 2.01672498416191 10.19
1020 1.942481421008672 10.2
1021 1.949027384390689 10.21
1022 1.994956311423146 10.22
1023 1.935693712019832 10.23
1024 2.016035240145284 10.24
1025 2.077768625593151 10.25
1026 2.007377886678033 10.26
1027 1.9745899686145 10.27
1028 1.981435349777473 10.28
1029 1.972638201015827 10.29
1030 1.942510228385625 10.3
1031 1.918000599878415 10.31
1032 2.024238918786144 10.32
1033 1.954404002634621 10.33
1034 1.923452270072699 10.34
1035 1.964972652067269 10.35
1036 2.019462026902763 10.36
1037 2.066473531552992 10.37
1038 2.024436530547532 10.38
1039 1.910623660019592 10.39
1040 1.95841520931259 10.4
1041 1.971241717120956 10.41
1042 1.994723227039403 10.42
1043 2.00886587575574 10.43
1044 2.01184446986575 10.44
1045 2.016410571479182 10.45
1046 2.105536973532804 10.46
1047 2.081481317678334 10.47
1048 2.140213202407117 10.48
1049 2.097092929717059 10.49
1050 2.113625131778782 10.5
1051 2.119917906095393 10.51
1052 2.149891266633153 10.52
1053 2.153670840318645 10.53
1054 2.17336867590693 10.54
1055 2.236336875563449 10.55
1056 2.27731477764836 10.56
1057 2.326476376316919 10.57
1058 2.264616996711145 10.58
1059 2.30441399940983 10.59
1060 2.323418408568572 10.6
1061 2.307219994359675 10.61
1062 2.245175701883533 10.62
1063 2.287347579530297 10.63
1064 2.298972744404367 10.64
1065 2.352049863021507 10.65
1066 2.36101722261972 10.66
1067 2.296629717995077 10.67
1068 2.350493026863935 10.68
1069 2.343112669273897 10.69
1070 2.396202827748292 10.7
1071 2.413169618968745 10.71
1072 2.413340368307687 10.72
1073 2.471299880331505 10.73
1074 2.390766140036478 10.74
1075 2.391582322436171 10.75
1076 2.424196064594075 10.76
1077 2.481986032310202 10.77
1078 2.534275147770184 10.78
1079 2.522177761518978 10.79
1080 2.572453543084406 10.8
1081 2.563135401877207 10.81
1082 2.613809721232102 10.82
1083 2.55995522440826 10.83
1084 2.518309146291716 10.84
1085 2.50533009019456 10.85
1086 2.575935297189799 10.86
1087 2.590434052878246 10.87
1088 2.654972347835885 10.88
1089 2.59956651951404 10.89
1090 2.523765178274589 10.9
1091 2.554397901679039 10.91
1092 2.605689329352256 10.92
1093 2.614221873545509 10.93
1094 2.550685400579238 10.94
1095 2.550105603292538 10.95
1096 2.531339684239658 10.96
1097 2.596660732077902 10.97
1098 2.540684031064768 10.98
1099 2.537339831905116 10.99
1100 2.563227067018916 11
1101 2.536533416661706 11.01
1102 2.552696870345231 11.02
1103 2.558405132243438 11.03
1104 2.518098286991295 11.04
1105 2.514066344390399 11.05
1106 2.508491749035011 11.06
1107 2.468181293494876 11.07
1108 2.461523643499564 11.08
1109 2.469957274932902 11.09
1110 2.501995412652288 11.1
1111 2.514151501515301 11.11
1112 2.486509644267493 11.12
1113 2.522215126326667 11.13
1114 2.458113083069694 11.14
1115 2.40637619418825 11.15
1116 2.333984672811069 11.16
1117 2.258271614440509 11.17
1118 2.299387676838325 11.18
1119 2.255201181059674 11.19
1120 2.189991265161098 11.2
1121 2.090600966332478 11.21
1122 2.065461743425755 11.22
1123 1.992695099880976 11.23
1124 1.924085687706643 11.24
1125 1.865199356455845 11.25
1126 1.737142385959953 11.26
1127 1.68988366831673 11.27
1128 1.590031431539468 11.28
1129 1.570975443070154 11.29
1130 1.508192496391985 11.3
1131 1.451738725539371 11.31
1132 1.396591457251769 11.32
1133 1.37919584765212 11.33
1134 1.332943384832356 11.34
1135 1.277535615862971 11.35
1136 1.233106857029424 11.36
1137 1.213160552158713 11.37
1138 1.189769758970195 11.38
1139 1.183624051201255 11.39
1140 1.119991852701187 11.4
1141 1.094036084537864 11.41
1142 1.072983366950913 11.42
1143 1.089685603176483 11.43
1144 1.080286605639645 11.44
1145 1.075795231874432 11.45
1146 1.030632181846748 11.46
1147 1.001514608868507 11.47
1148 1.012315746958506 11.48
1149 0.973663275183405 11.49
1150 0.9930418518741062 11.5
1151 0.9801948322783107 11.51
1152 0.9720165202569321 11.52
1153 0.9399353647829559 11.53
1154 0.9308789954795748 11.54
1155 0.9456287111182066 11.55
1156 0.8975517019551922 11.56
1157 0.9101097472985306 11.57
1158 0.8714036699513228 11.58
1159 0.8782640160692232 11.59
1160 0.8447455947898938 11.6
1161 0.8545836573264342 11.61
1162 0.8285749063583276 11.62
1163 0.8122529861895876 11.63
1164 0.8168892568268991 11.64
1165 0.8148342249225423 11.65
1166 0.8289641214822334 11.66
1167 0.7962311597150018 11.67
1168 0.77615134973505 11.68
1169 0.7646613506113564 11.69
1170 0.792760154852859 11.7
1171 0.8110890887640166 11.71
1172 0.7476263382623465 11.72
1173 0.768735989131346 11.73
1174 0.7521199979490683 11.74
1175 0.7868494115109286 11.75
1176 0.7603096735937279 11.76
1177 0.7604267657033461 11.77
1178 0.7075909771433003 11.78
1179 0.7187527063308458 11.79
1180 0.7297706474610356 11.8
1181 0.721510013079442 11.81
1182 0.7281390160287343 11.82
1183 0.7107844671995769 11.83
1184 0.7172530937954105 11.84
1185 0.713006722402293 11.85
1186 0.702786434780589 11.86
1187 0.6992170279270804 11.87
1188 0.6921442410608394 11.88
1189 0.7249429205906874 11.89
1190 0.700970085231384 11.9
1191 0.7011801324718647 11.91
1192 0.6891966984064092 11.92
1193 0.6930316483589426 11.93
1194 0.6856775100500172 11.94
1195 0.6969582322750998 11.95
1196 0.7012266152509716 11.96
1197 0.7035074584691587 11.97
1198 0.7007857410318092 11.98
1199 0.7158359992024127 11.99
1200 0.7276918207506409 12
1201 0.7372152287846953 12.01
1202 0.7448501518506054 12.02
1203 0.7231492392317203 12.03
1204 0.7438615717545 12.04
1205 0.7687715931450302 12.05
1206 0.7696836041101508 12.06
1207 0.7942178333106062 12.07
1208 0.8002857555558334 12.08
1209 0.7941761389048421 12.09
1210 0.8154333995308852 12.1
1211 0.8216410910165636 12.11
1212 0.8314581717826063 12.12
1213 0.8436823205277615 12.13
1214 0.8596454210586623 12.14
1215 0.8712042829758333 12.15
1216 0.9045906642752585 12.16
1217 0.9043771354132383 12.17
1218 0.9168355651733819 12.18
1219 0.9417983390250184 12.19
1220 0.956428713030116 12.2
1221 0.9619367760214145 12.21
1222 0.9952801136319425 12.22
1223 1.009706644071653 12.23
1224 1.028496334193504 12.24
1225 1.037101038791208 12.25
1226 1.062155090441435 12.26
1227 1.091557538644789 12.27
1228 1.1161538768463 12.28
1229 1.12567669738828 12.29
1230 1.125691168899858 12.3
1231 1.16650837202069 12.31
1232 1.187310477911817 12.32
1233 1.225199951833336 12.33
1234 1.233393384435556 12.34
1235 1.239331684794371 12.35
1236 1.271010815989817 12.36
1237 1.311679374539699 12.37
1238 1.321785438456944 12.38
1239 1.317867051435545 12.39
1240 1.339244614889182 12.4
1241 1.383580196556508 12.41
1242 1.40077515572796 12.42
1243 1.401219933690434 12.43
1244 1.425380936257142 12.44
1245 1.473434896787813 12.45
1246 1.520266583718379 12.46
1247 1.526897118819352 12.47
1248 1.520929749598104 12.48
1249 1.526968647728604 12.49
1250 1.59130031072806 12.5
1251 1.580485447296521 12.51
1252 1.641961837672562 12.52
1253 1.632960022315722 12.53
1254 1.677861762988166 12.54
1255 1.705856820716456 12.55
1256 1.748016890502444 12.56
1257 1.756597012336454 12.57
1258 1.782507415415894 12.58
1259 1.760822891769931 12.59
1260 1.768244737857818 12.6
1261 1.798438021443461 12.61
1262 1.828771434415094 12.62
1263 1.900979511382269 12.63
1264 1.927461422777355 12.64
1265 1.954848528974381 12.65
1266 1.924451098607231 12.66
1267 1.929721905519076 12.67
1268 1.995358242114408 12.68
1269 2.019671629990507 12.69
1270 2.008013178151332 12.7
1271 1.999878703728315 12.71
1272 2.054628612099942 12.72
1273 2.031186620287546 12.73
1274 2.027586984183031 12.74
1275 2.064543386914873 12.75
1276 2.113253130087623 12.76
1277 2.107379109750702 12.77
1278 2.104370984319648 12.78
1279 2.080913399340922 12.79
1280 2.079228236786103 12.8
1281 2.066155906148668 12.81
1282 2.105715060220064 12.82
1283 2.102962827052783 12.83
1284 2.119534072711013 12.84
1285 2.085000212912916 12.85
1286 2.046992958916697 12.86
1287 2.063888513742302 12.87
1288 2.087480056219616 12.88
1289 2.054364893680864 12.89
1290 2.101660368437166 12.9
1291 2.074848546149771 12.91
1292 2.067425088479183 12.92
1293 2.045719921512754 12.93
1294 2.044604626683513 12.94
1295 2.059122849392661 12.95
1296 2.024508737556189 12.96
1297 2.021597050070932 12.97
1298 2.014891200851215 12.98
1299 2.037249029039274 12.99
1300 2.016877305032329 13
1301 2.012052495499927 13.01
1302 2.011018715594851 13.02
1303 1.989142762645522 13.03
1304 1.991316729321545 13.04
1305 1.974855284851481 13.05
1306 1.986485607001776 13.06
1307 1.961650369925637 13.07
1308 1.948698578886362 13.08
1309 1.981000720651426 13.09
1310 2.004898274245883 13.1
1311 2.062498625194886 13.11
1312 2.059327481351128 13.12
1313 2.059079995722801 13.13
1314 2.047439485758944 13.14
1315 2.026535544255045 13.15
1316 2.029295789806338 13.16
1317 2.02958026526684 13.17
1318 2.067546995501979 13.18
1319 2.073928698487661 13.19
1320 2.098541330485359 13.2
1321 2.178382898662216 13.21
1322 2.194290510661408 13.22
1323 2.193868306328315 13.23
1324 2.243933366455987 13.24
1325 2.237926203215841 13.25
1326 2.266946461868815 13.26
1327 2.2821003085462 13.27
1328 2.306945068427499 13.28
1329 2.257337299150036 13.29
1330 2.259896207767146 13.3
1331 2.297694912029997 13.31
1332 2.310106880906313 13.32
1333 2.33000127912833 13.33
1334 2.337369866070513 13.34
1335 2.34880721541116 13.35
1336 2.354746039060698 13.36
1337 2.413386000703991 13.37
1338 2.428667617832538 13.38
1339 2.396924930013124 13.39
1340 2.425804103904476 13.4
1341 2.424426877263251 13.41
1342 2.452471194934529 13.42
1343 2.471555108281949 13.43
1344 2.525909898410811 13.44
1345 2.512177021747569 13.45
1346 2.51752369150744 13.46
1347 2.534728864241488 13.47
1348 2.52415249752078 13.48
1349 2.492292280876064 13.49
1350 2.559632650998766 13.5
1351 2.565395502578793 13.51
1352 2.587859660268881 13.52
1353 2.542175213479992 13.53
1354 2.589097980942704 13.54
1355 2.567138737305207 13.55
1356 2.594147574664305 13.56
1357 2.535130826912793 13.57
1358 2.522632490603439 13.58
1359 2.539524689581401 13.59
1360 2.61593541228341 13.6
1361 2.575428285590879 13.61
1362 2.554302946490521 13.62
1363 2.526182175774545 13.63
1364 2.509972249590773 13.64
1365 2.542502826589182 13.65
1366 2.472105900264887 13.66
1367 2.508053401102426 13.67
1368 2.505302699065965 13.68
1369 2.516699641855068 13.69
1370 2.510992625911849 13.7
1371 2.50697660692367 13.71
1372 2.534129903289489 13.72
1373 2.539590578986497 13.73
1374 2.487479094331332 13.74
1375 2.451502383216531 13.75
1376 2.413295402283463 13.76
1377 2.48397857508656 13.77
1378 2.450712573783351 13.78
1379 2.427090572124742 13.79
1380 2.378766359077586 13.8
1381 2.432355641105907 13.81
1382 2.418574951943942 13.82
1383 2.457568240896332 13.83
1384 2.369101421739336 13.84
1385 2.314345841707976 13.85
1386 2.248203623954474 13.86
1387 2.193580641385654 13.87
1388 2.18327842004118 13.88
1389 2.103346134566324 13.89
1390 2.123245383866285 13.9
1391 2.060450000774586 13.91
1392 1.98060261275071 13.92
1393 1.880482959040613 13.93
1394 1.806460616080897 13.94
1395 1.767716429220442 13.95
1396 1.676155644059295 13.96
1397 1.617009598970091 13.97
1398 1.565968010173962 13.98
1399 1.543944743963429 13.99
1400 1.395105788938496 14
1401 1.412143910053733 14.01
1402 1.354745123182524 14.02
1403 1.313380859820831 14.03
1404 1.256679676769686 14.04
1405 1.221155659781155 14.05
1406 1.20435334238015 14.06
1407 1.131559740917957 14.07
1408 1.184942217634302 14.08
1409 1.159905954047919 14.09
1410 1.094011192779213 14.1
1411 1.134665749093257 14.11
1412 1.03151685135667 14.12
1413 1.115362855804413 14.13
1414 1.041639267755615 14.14
1415 1.045588090765265 14.15
1416 1.045683745683103 14.16
1417 1.033365748244869 14.17
1418 0.9617161254972596 14.18
1419 1.008965652367198 14.19
1420 1.02097097987092 14.2
1421 0.982551437144256 14.21
1422 0.9180800413801318 14.22
1423 0.8610944032685364 14.23
1424 0.8751897744706764 14.24
1425 0.8681585579138794 14.25
1426 0.8703567993970743 14.26
1427 0.8626448200091333 14.27
1428 0.8201641200862408 14.28
1429 0.8247614402019546 14.29
1430 0.8035272835964303 14.3
1431 0.8101607839975842 14.31
1432 0.7893663750212305 14.32
1433 0.8075186065583918 14.33
1434 0.7740187430502548 14.34
1435 0.7888830214610204 14.35
1436 0.7602171457465878 14.36
1437 0.7189807911712188 14.37
1438 0.7428223042763739 14.38
1439 0.7492393551653457 14.39
1440 0.7283747596686422 14.4
1441 0.6929287752511741 14.41
1442 0.69383054600781 14.42
1443 0.7073598443835404 14.43
1444 0.713381195508785 14.44
1445 0.6951195426747803 14.45
1446 0.7051154212404941 14.46
1447 0.7122574343750224 14.47
1448 0.6833860362058053 14.48
1449 0.6569426113979794 14.49
1450 0.6551293787160821 14.5
1451 0.6750755028634677 14.51
1452 0.6752554199205522 14.52
1453 0.6638611423892309 14.53
1454 0.6781621719820301 14.54
1455 0.6808232871878857 14.55
1456 0.6814842050452469 14.56
1457 0.6553803103884772 14.57
1458 0.6496421230082144 14.58
1459 0.6389436823737481 14.59
1460 0.6659647819685266 14.6
1461 0.6546137562924644 14.61
1462 0.6267556407463571 14.62
1463 0.6596918441136317 14.63
1464 0.6732913587646617 14.64
1465 0.671257454416056 14.65
1466 0.675080046373252 14.66
1467 0.6493662110812399 14.67
1468 0.6893416460545775 14.68
1469 0.6876565831643978 14.69
1470 0.6770164995379565 14.7
1471 0.6800130703086666 14.71
1472 0.7075676628818589 14.72
1473 0.7103555688137236 14.73
1474 0.7353991065042574 14.74
1475 0.7385375865532549 14.75
1476 0.7710711900803959 14.76
1477 0.7469009380223561 14.77
1478 0.7833497604979421 14.78
1479 0.775800954884707 14.79
1480 0.8398851097359992 14.8
1481 0.8321390020639801 14.81
1482 0.8315842223624109 14.82
1483 0.8344397122793639 14.83
1484 0.8254459351360941 14.84
1485 0.8573599968836885 14.85
1486 0.8743946306876361 14.86
1487 0.8993288185483709 14.87
1488 0.9239222233259885 14.88
1489 0.9371570229262672 14.89
1490 0.9348887409806365 14.9
1491 0.9581742187924956 14.91
1492 0.9806139212586027 14.92
1493 0.9998977913602825 14.93
1494 1.01630183833077 14.94
1495 1.026060411631257 14.95
1496 1.050601451843351 14.96
1497 1.086307515976679 14.97
1498 1.104287114865193 14.98
1499 1.122874880447319 14.99
1500 1.147118472648782 15
1501 1.177415463487061 15.01
1502 1.197757272127271 15.02
1503 1.220336904539484 15.03
1504 1.260120520392255 15.04
1505 1.288765202213774 15.05
1506 1.292559905199115 15.06
1507 1.313377291271596 15.07
1508 1.331012265489265 15.08
1509 1.358658739743536 15.09
1510 1.392939262697004 15.1
1511 1.403407613416364 15.11
1512 1.42900978414618 15.12
1513 1.430058642056345 15.13
1514 1.473912585455309 15.14
1515 1.500250076495904 15.15
1516 1.518095478549691 15.16
1517 1.536371546947211 15.17
1518 1.54869091785652 15.18
1519 1.571881857107244 15.19
1520 1.592298190533626 15.2
1521 1.623672040082045 15.21
1522 1.654552769183102 15.22
1523 1.718024420857081 15.23
1524 1.723061837714722 15.24
1525 1.722028040148008 15.25
1526 1.74873880931005 15.26
1527 1.777549141899084 15.27
1528 1.799963663428253 15.28
1529 1.813412018175942 15.29
1530 1.875890856791415 15.3
1531 1.859861104577453 15.31
1532 1.898868778575291 15.32
1533 1.901481808827573 15.33
1534 1.935423888834164 15.34
1535 1.938414855610509 15.35
1536 1.973844966897931 15.36
1537 1.98291270269992 15.37
1538 2.007950489911243 15.38
1539 2.047029439515465 15.39
1540 2.01580353447268 15.4
1541 2.028177677969748 15.41
1542 2.0701697300438 15.42
1543 2.103008594661337 15.43
1544 2.124962303863647 15.44
1545 2.15069653577073 15.45
1546 2.130937444589722 15.46
1547 2.145149422940792 15.47
1548 2.1278413383834 15.48
1549 2.133861160112382 15.49
1550 2.168589451380126 15.5
1551 2.217610208054376 15.51
1552 2.181565025369626 15.52
1553 2.245585631320572 15.53
1554 2.140689066426842 15.54
1555 2.162113718026253 15.55
1556 2.119360102783028 15.56
1557 2.175599993218968 15.57
1558 2.203136105662775 15.58
1559 2.216690758815147 15.59
1560 2.229071410251986 15.6
1561 2.210026038561734 15.61
1562 2.221902607774427 15.62
1563 2.154866803340526 15.63
1564 2.179785904586006 15.64
1565 2.145165374723514 15.65
1566 2.1493836410207 15.66
1567 2.17110482672097 15.67
1568 2.175814006764517 15.68
1569 2.191157977058326 15.69
1570 2.138483075487878 15.7
1571 2.128858277985815 15.71
1572 2.12286112239553 15.72
1573 2.114888602953601 15.73
1574 2.12724974714637 15.74
1575 2.151699671111349 15.75
1576 2.153146847201986 15.76
1577 2.146018571260788 15.77
1578 2.151939518369068 15.78
1579 2.154946843288102 15.79
1580 2.188182915236975 15.8
1581 2.15463830173749 15.81
1582 2.113986826126209 15.82
1583 2.241338479710372 15.83
1584 2.219346202973976 15.84
1585 2.257813004805712 15.85
1586 2.222990037558041 15.86
1587 2.244364158915155 15.87
1588 2.240864695764165 15.88
1589 2.287358360725603 15.89
1590 2.309023496758368 15.9
1591 2.335322985528371 15.91
1592 2.377052392450346 15.92
1593 2.419747251671497 15.93
1594 2.395092573794998 15.94
1595 2.403053956411004 15.95
1596 2.414734479330678 15.96
1597 2.434163946452709 15.97
1598 2.443338167898493 15.98
1599 2.442541523238389 15.99
1600 2.47864312143033 16
1601 2.423373089912547 16.01
1602 2.486630109316481 16.02
1603 2.471787540062993 16.03
1604 2.473666684711879 16.04
1605 2.537297190260513 16.05
1606 2.460227350257614 16.06
1607 2.583547297383716 16.07
1608 2.525512113713039 16.08
1609 2.587173462142856 16.09
1610 2.600108281912597 16.1
1611 2.648878153265917 16.11
1612 2.627688456752175 16.12
1613 2.608702588644242 16.13
1614 2.707975096535342 16.14
1615 2.701135661463924 16.15
1616 2.744215823641493 16.16
1617 2.730465671998743 16.17
1618 2.715102567815771 16.18
1619 2.696265479843549 16.19
1620 2.694626088670752 16.2
1621 2.714402187360921 16.21
1622 2.690801714306354 16.22
1623 2.721392995576244 16.23
1624 2.722505976702125 16.24
1625 2.787098776195492 16.25
1626 2.750833363118252 16.26
1627 2.690132231682901 16.27
1628 2.766401616545918 16.28
1629 2.748830323254439 16.29
1630 2.767623045420649 16.3
1631 2.711156318287629 16.31
1632 2.722144216658607 16.32
1633 2.674844026787532 16.33
1634 2.731975681989707 16.34
1635 2.69770236393434 16.35
1636 2.744629362538917 16.36
1637 2.660004894132941 16.37
1638 2.624736501115173 16.38
1639 2.624800677694946 16.39
1640 2.5165372826891 16.4
1641 2.59436650252256 16.41
1642 2.56449204438904 16.42
1643 2.559015340800186 16.43
1644 2.596065917582522 16.44
1645 2.553193577591561 16.45
1646 2.491888580555777 16.46
1647 2.466049322618038 16.47
1648 2.483514542558602 16.48
1649 2.550389539140147 16.49
1650 2.520542010921853 16.5
1651 2.453627493804555 16.51
1652 2.443275764869917 16.52
1653 2.320432691324272 16.53
1654 2.322969285858246 16.54
1655 2.250151383126056 16.55
1656 2.27195472171726 16.56
1657 2.232159947127527 16.57
1658 2.145938630538026 16.58
1659 2.125583175780903 16.59
1660 2.092774640405862 16.6
1661 2.034088828135921 16.61
1662 1.959134280251099 16.62
1663 1.823495457426377 16.63
1664 1.768579552919379 16.64
1665 1.634398963292427 16.65
1666 1.607114922762235 16.66
1667 1.617434381605496 16.67
1668 1.578338128166253 16.68
1669 1.599902024209752 16.69
1670 1.451932888289527 16.7
1671 1.424154151733951 16.71
1672 1.323425420203622 16.72
1673 1.199796493033241 16.73
1674 1.24812706999471 16.74
1675 1.223660951286729 16.75
1676 1.249060499707876 16.76
1677 1.036779243372773 16.77
1678 1.083952729218116 16.78
1679 1.064236177939661 16.79
1680 1.079488789925937 16.8
1681 1.043954757877972 16.81
1682 1.047985325085824 16.82
1683 1.017718555009288 16.83
1684 1.005850728167298 16.84
1685 1.004392161837885 16.85
1686 0.973981775417896 16.86
1687 0.963207654779598 16.87
1688 0.9239622820937584 16.88
1689 0.9198574197068632 16.89
1690 0.9045952222370017 16.9
1691 0.907819190097389 16.91
1692 0.8890621624461577 16.92
1693 0.8872113713357842 16.93
1694 0.8892907166881575 16.94
1695 0.8564692673962686 16.95
1696 0.8431903435577874 16.96
1697 0.7903078070753883 16.97
1698 0.8193184598777007 16.98
1699 0.7883765210266107 16.99
1700 0.7713070467248524 17
1701 0.7175469074572279 17.01
1702 0.7757503078552167 17.02
1703 0.7562990512758118 17.03
1704 0.7292333918304966 17.04
1705 0.7076997227486052 17.05
1706 0.7320226113021486 17.06
1707 0.7205795827222352 17.07
1708 0.7541083654163598 17.08
1709 0.7518835145469807 17.09
1710 0.7703184357079819 17.1
1711 0.7125542240713696 17.11
1712 0.7104000366462053 17.12
1713 0.7056817512375499 17.13
1714 0.6782582218391454 17.14
1715 0.6807471910888618 17.15
1716 0.6951214661783606 17.16
1717 0.668358563282029 17.17
1718 0.6781341359401277 17.18
1719 0.6524277371514539 17.19
1720 0.6865054098910968 17.2
1721 0.7274817873483262 17.21
1722 0.6740129882807814 17.22
1723 0.6875562189276571 17.23
1724 0.6757717562149124 17.24
1725 0.6800710390715802 17.25
1726 0.6418690007831889 17.26
1727 0.6499413932593856 17.27
1728 0.6754970405601998 17.28
1729 0.6809421945480451 17.29
1730 0.6726317465867576 17.3
1731 0.6029158429009365 17.31
1732 0.619971552892669 17.32
1733 0.6940852830941935 17.33
1734 0.6791094152458497 17.34
1735 0.6607799693786323 17.35
1736 0.6894997633166901 17.36
1737 0.6953855934756475 17.37
1738 0.7106055282100656 17.38
1739 0.7130669091688977 17.39
1740 0.7140467436627038 17.4
1741 0.7492181273206724 17.41
1742 0.7623637813112482 17.42
1743 0.7125594805780517 17.43
1744 0.7581919529436048 17.44
1745 0.7700410913617122 17.45
1746 0.7828486774765206 17.46
1747 0.775344588734863 17.47
1748 0.8081536437742799 17.48
1749 0.8076250817321379 17.49
1750 0.8174527757011193 17.5
1751 0.8381987112907616 17.51
1752 0.8249965316880237 17.52
1753 0.8919466401640997 17.53
1754 0.9122247311875961 17.54
1755 0.8954936485288432 17.55
1756 0.9297307164859552 17.56
1757 0.9398712966468266 17.57
1758 0.944125490314244 17.58
1759 0.95762943272811 17.59
1760 0.978710641580735 17.6
1761 1.010498134508025 17.61
1762 1.00477136776664 17.62
1763 1.040730570249331 17.63
1764 1.056061422593313 17.64
1765 1.122927326146519 17.65
1766 1.099993273430852 17.66
1767 1.097610086870627 17.67
1768 1.164439686955602 17.68
1769 1.178951218821003 17.69
1770 1.182376680615342 17.7
1771 1.19898778060274 17.71
1772 1.210722486583008 17.72
1773 1.274691331663081 17.73
1774 1.283832886291149 17.74
1775 1.272896799200777 17.75
1776 1.328430797267782 17.76
1777 1.322466434559996 17.77
1778 1.330430503449872 17.78
1779 1.33483737759833 17.79
1780 1.519229594063641 17.8
1781 1.525726191565497 17.81
1782 1.482471966987061 17.82
1783 1.470288424982768 17.83
1784 1.471846510048062 17.84
1785 1.504626574563313 17.85
1786 1.524025582103629 17.86
1787 1.547514928512362 17.87
1788 1.595611885272958 17.88
1789 1.616471987330901 17.89
1790 1.638656919133628 17.9
1791 1.667857271448388 17.91
1792 1.693713620886238 17.92
1793 1.732864558714867 17.93
1794 1.737682958632558 17.94
1795 1.758552179991174 17.95
1796 1.7585028829988 17.96
1797 1.813538206602886 17.97
1798 1.827754715009966 17.98
1799 1.877877108840859 17.99
1800 1.877143863407501 18
1801 1.887377635140809 18.01
1802 1.919628724098888 18.02
1803 1.933671489461372 18.03
1804 1.975332256254609 18.04
1805 2.000699190768931 18.05
1806 2.008476719138551 18.06
1807 2.020784501183297 18.07
1808 2.01298343716139 18.08
1809 2.058701903277995 18.09
1810 2.07426486062488 18.1
1811 2.088234424379302 18.11
1812 2.120892654076546 18.12
1813 2.134969509521023 18.13
1814 2.151554107459387 18.14
1815 2.116864160958955 18.15
1816 2.123824259180011 18.16
1817 2.126960959320135 18.17
1818 2.147421653321175 18.18
1819 2.145995303072004 18.19
1820 2.144822883424546 18.2
1821 2.136380657618419 18.21
1822 2.120972688210113 18.22
1823 2.121032663469237 18.23
1824 2.118095964964833 18.24
1825 2.147406515905689 18.25
1826 2.140492532824743 18.26
1827 2.180416528422992 18.27
1828 2.174875678340543 18.28
1829 2.153921898751182 18.29
1830 2.15683691796582 18.3
1831 2.141388874173046 18.31
1832 2.120384242341395 18.32
1833 2.114201041266537 18.33
1834 2.131604737989043 18.34
1835 2.109395400532538 18.35
1836 2.143187403527179 18.36
1837 2.096456708261097 18.37
1838 2.104060712152953 18.38
1839 2.081167056362845 18.39
1840 2.1237057722534 18.4
1841 2.13595784305085 18.41
1842 2.095263415757062 18.42
1843 2.116732374368759 18.43
1844 2.056063899831428 18.44
1845 2.08053894726511 18.45
1846 2.06600132084075 18.46
1847 2.085017481404251 18.47
1848 2.135969580741067 18.48
1849 2.141588254927972 18.49
1850 2.156521408022212 18.5
1851 2.175877086582794 18.51
1852 2.163948196755111 18.52
1853 2.152772854635225 18.53
1854 2.164281632965653 18.54
1855 2.168391120495945 18.55
1856 2.175524351031822 18.56
1857 2.224363007538364 18.57
1858 2.30729350246222 18.58
1859 2.309556376834812 18.59
1860 2.350220275500702 18.6
1861 2.372620246368556 18.61
1862 2.373401353762562 18.62
1863 2.4393625501274 18.63
1864 2.434495606187261 18.64
1865 2.455557736462572 18.65
1866 2.438878735950109 18.66
1867 2.438735648491706 18.67
1868 2.433056462792965 18.68
1869 2.426214363861727 18.69
1870 2.443357313223956 18.7
1871 2.506153783813966 18.71
1872 2.555658487472241 18.72
1873 2.565113894806005 18.73
1874 2.540786343844212 18.74
1875 2.539962714305354 18.75
1876 2.592545690604252 18.76
1877 2.5825864057909 18.77
1878 2.595283789570386 18.78
1879 2.622272628155069 18.79
1880 2.634549431198181 18.8
1881 2.684022865660523 18.81
1882 2.636585863055501 18.82
1883 2.686847415643836 18.83
1884 2.714124191134408 18.84
1885 2.702073874222873 18.85
1886 2.709864519203604 18.86
1887 2.666146581160904 18.87
1888 2.71861212821481 18.88
1889 2.671055733101941 18.89
1890 2.689915686732773 18.9
1891 2.679963387124225 18.91
1892 2.689190240807833 18.92
1893 2.705482628794795 18.93
1894 2.694717229623426 18.94
1895 2.670493082450963 18.95
1896 2.590951555727915 18.96
1897 2.71428573345248 18.97
1898 2.708102952383152 18.98
1899 2.706121920242213 18.99
1900 2.634789859376255 19
1901 2.593422132960639 19.01
1902 2.637758643768349 19.02
1903 2.58132885426885 19.03
1904 2.58886713253097 19.04
1905 2.561725932523789 19.05
1906 2.56623449591416 19.06
1907 2.592263235262242 19.07
1908 2.552627597354195 19.08
1909 2.586922763793206 19.09
1910 2.574957957607018 19.1
1911 2.57408269343011 19.11
1912 2.505080824180418 19.12
1913 2.424895971270847 19.13
1914 2.413141392042681 19.14
1915 2.500954798458833 19.15
1916 2.419779997257214 19.16
1917 2.409779506127804 19.17
1918 2.393624899898753 19.18
1919 2.440191067619965 19.19
1920 2.437433893333126 19.2
1921 2.348097280005138 19.21
1922 2.292483246333669 19.22
1923 2.222132543149662 19.23
1924 2.229214282394821 19.24
1925 2.186368215264477 19.25
1926 2.07783318454275 19.26
1927 2.05735396282398 19.27
1928 2.021662834338568 19.28
1929 1.952219751487125 19.29
1930 1.843240909352003 19.3
1931 1.79081152609057 19.31
1932 1.699652939880439 19.32
1933 1.658221177557908 19.33
1934 1.578248991682563 19.34
1935 1.542258633051585 19.35
1936 1.524425746033039 19.36
1937 1.439645290173276 19.37
1938 1.383534206386332 19.38
1939 1.35526061350303 19.39
1940 1.203793642261012 19.4
1941 1.163672974304569 19.41
1942 1.145295659428537 19.42
1943 1.149941548256727 19.43
1944 1.087648126107754 19.44
1945 1.180706249146283 19.45
1946 1.077960415336437 19.46
1947 1.094751499342913 19.47
1948 1.007227747310163 19.48
1949 1.033741267367598 19.49
1950 1.018500655835876 19.5
1951 0.9880573601558877 19.51
1952 1.083174941955154 19.52
1953 1.024297689478258 19.53
1954 0.9847574193991139 19.54
1955 0.9343588315752983 19.55
1956 0.9246332103936975 19.56
1957 0.9206887743338841 19.57
1958 0.9015180702619207 19.58
1959 0.8834030739029086 19.59
1960 0.8437327288675953 19.6
1961 0.8554135172507678 19.61
1962 0.7991570691794146 19.62
1963 0.8493177194399041 19.63
1964 0.81889304367699 19.64
1965 0.8173016652717252 19.65
1966 0.8067682853673089 19.66
1967 0.7715490181995043 19.67
1968 0.8006838656109923 19.68
1969 0.7656867433876758 19.69
1970 0.7717032498951006 19.7
1971 0.7369587274673588 19.71
1972 0.7518761317367052 19.72
1973 0.7280369559615082 19.73
1974 0.6978172521088202 19.74
1975 0.6867160792369076 19.75
1976 0.7121900535494459 19.76
1977 0.744210801500639 19.77
1978 0.7135130695232447 19.78
1979 0.7035074452606747 19.79
1980 0.7049178149421457 19.8
1981 0.700817577559097 19.81
1982 0.6858107802516373 19.82
1983 0.6849458999440471 19.83
1984 0.6632531421218216 19.84
1985 0.6517264403319498 19.85
1986 0.6454210671880245 19.86
1987 0.6556278853905739 19.87
1988 0.6679990905655934 19.88
1989 0.6678421782914146 19.89
1990 0.6602806932209285 19.9
1991 0.6606971712727028 19.91
1992 0.6589126362932941 19.92
1993 0.6752653107126514 19.93
1994 0.6521521327934405 19.94
1995 0.6341161860912109 19.95
1996 0.6485464506309658 19.96
1997 0.6422902851275492 19.97
1998 0.6574183408408969 19.98
1999 0.6451371406237403 19.99
2000 0.655439811783219 20
