"m-rfile"
"Time Step" "m etc.."
("Time Step" "m" "flow-time")
0 0 0
1 0.08142094405205057 0.01
2 -0.007562668251545223 0.02
3 -0.009444819721991017 0.03
4 -0.01480755266548292 0.04
5 -0.02206104723271283 0.05
6 -0.01844798433651783 0.06
7 -0.02116872098872867 0.07000000000000001
8 -0.0223165979207931 0.08
9 -0.02204779543379696 0.09
10 -0.02362930309372516 0.1
11 -0.02391859549498463 0.11
12 -0.02540219366519937 0.12
13 -0.02655619108902914 0.13
14 -0.02585447006201399 0.14
15 -0.02428823540226493 0.15
16 -0.02450076466589729 0.16
17 -0.02636799736034535 0.17
18 -0.02844938944403975 0.18
19 -0.02902319283340715 0.19
20 -0.02990647676324883 0.2
21 -0.02888237998885078 0.21
22 -0.02958424573336384 0.22
23 -0.02966141819682261 0.23
24 -0.02951867891234322 0.24
25 -0.02802782768162571 0.25
26 -0.02915860069904187 0.26
27 -0.03319466915424824 0.27
28 -0.03392440791256468 0.28
29 -0.0328751915835194 0.29
30 -0.0311701079358487 0.3
31 -0.03018149613132432 0.31
32 -0.0299849121675792 0.32
33 -0.02748744136087422 0.33
34 -0.02711299385162681 0.34
35 -0.02766116687993642 0.35
36 -0.03120652338238648 0.36
37 -0.03390296725316901 0.37
38 -0.03351001867694232 0.38
39 -0.03241689088135351 0.39
40 -0.03034033222082747 0.4
41 -0.02678418694035824 0.41
42 -0.02646998462446959 0.42
43 -0.02653879603185915 0.43
44 -0.02831042740456995 0.44
45 -0.03033937487901334 0.45
46 -0.03091952901996559 0.46
47 -0.03042104079495174 0.47
48 -0.02793059954914318 0.48
49 -0.02610197651290837 0.49
50 -0.02676741107718377 0.5
51 -0.02733529888529644 0.51
52 -0.02662409253757798 0.52
53 -0.02573121526447226 0.53
54 -0.0250690187273669 0.54
55 -0.02103037112599383 0.55
56 -0.0266781123276502 0.5600000000000001
57 -0.0256264799502238 0.5700000000000001
58 -0.02462778856401262 0.58
59 -0.02047125376171229 0.59
60 -0.01074494326625056 0.6
61 -0.01087997827510651 0.61
62 -0.01268505117191242 0.62
63 -0.01558585836595515 0.63
64 -0.01435109601347622 0.64
65 -0.01245328654757872 0.65
66 -0.01052122422210783 0.66
67 -0.009183474625218291 0.67
68 -0.008013433551729629 0.68
69 -0.006368337667601794 0.6900000000000001
70 -0.004313626689236925 0.7000000000000001
71 -0.002858423740100899 0.71
72 -0.00153658262275087 0.72
73 3.325458967818142e-05 0.73
74 0.001104239927634876 0.74
75 0.002420459782385441 0.75
76 0.003017266307572352 0.76
77 0.003354454566152648 0.77
78 0.004493037948198204 0.78
79 0.006717883820315954 0.79
80 0.00805769065915329 0.8
81 0.009350700812585199 0.8100000000000001
82 0.01132405187148706 0.8200000000000001
83 0.01302028989983621 0.8300000000000001
84 0.01156422326927771 0.84
85 0.01310573435751684 0.85
86 0.01589256960252605 0.86
87 0.01792345065266703 0.87
88 0.0186875080396079 0.88
89 0.02206555935258904 0.89
90 0.02242054572171922 0.9
91 0.02251066220341561 0.91
92 0.02270389982675111 0.92
93 0.02206954739248867 0.93
94 0.02214764943775083 0.9400000000000001
95 0.02607875879405653 0.9500000000000001
96 0.02908348731395129 0.96
97 0.03073544486122682 0.97
98 0.02969913661447032 0.98
99 0.03220372170206265 0.99
100 0.03352796179201854 1
101 0.0352697505272316 1.01
102 0.03628672166067435 1.02
103 0.03620165993683942 1.03
104 0.03805387233145174 1.04
105 0.03923438507121241 1.05
106 0.04043588972180472 1.06
107 0.0427801659479977 1.07
108 0.04313612243255784 1.08
109 0.04445458155976016 1.09
110 0.04511252802119874 1.1
111 0.04599001478208087 1.11
112 0.04748137068063803 1.12
113 0.04838558947687325 1.13
114 0.04904394916422206 1.14
115 0.05077891694329546 1.15
116 0.05297711467987763 1.16
117 0.05365955227327132 1.17
118 0.05561363441077318 1.18
119 0.05558813633576979 1.19
120 0.05673093931094023 1.2
121 0.05740575460258772 1.21
122 0.05734596842029679 1.22
123 0.05843109149883577 1.23
124 0.05917621413477558 1.24
125 0.06105437460873041 1.25
126 0.06203658295365658 1.26
127 0.0641968938174132 1.27
128 0.06503101764971563 1.28
129 0.06436110868048511 1.29
130 0.06568457883122061 1.3
131 0.06543868462289301 1.31
132 0.0665452108415364 1.32
133 0.06713149794732907 1.33
134 0.06870434829522741 1.34
135 0.0680635729982185 1.35
136 0.07035572485819566 1.36
137 0.07011155715927442 1.37
138 0.07076168268044965 1.38
139 0.06899341485513424 1.39
140 0.0699453717363408 1.4
141 0.07145689638008404 1.41
142 0.07114651588023738 1.42
143 0.07303966123114734 1.43
144 0.07360122170391138 1.44
145 0.07356161355000101 1.45
146 0.07400450434427162 1.46
147 0.07559500779307206 1.47
148 0.07631354498270228 1.48
149 0.0758183173030843 1.49
150 0.07562622582897284 1.5
151 0.0757597391712624 1.51
152 0.07449429826916501 1.52
153 0.07525970597982611 1.53
154 0.07605221102975097 1.54
155 0.07398853658989904 1.55
156 0.07110033007594527 1.56
157 0.07077808125752008 1.57
158 0.0755923197068622 1.58
159 0.07394490128883674 1.59
160 0.07258326215967993 1.6
161 0.07433659725267584 1.61
162 0.07484297732065823 1.62
163 0.07386854217812844 1.63
164 0.07327287029377144 1.64
165 0.07194935264120637 1.65
166 0.07099238432240117 1.66
167 0.06975413962517896 1.67
168 0.06798299263751671 1.68
169 0.06792324078166959 1.69
170 0.06631130044850318 1.7
171 0.06493888392974166 1.71
172 0.0634511746928503 1.72
173 0.0635432711512561 1.73
174 0.06155527394089436 1.74
175 0.061898741825881 1.75
176 0.06091154947009066 1.76
177 0.05900567643176242 1.77
178 0.05600652263561398 1.78
179 0.05458434361168953 1.79
180 0.05251598525703344 1.8
181 0.05017712280288987 1.81
182 0.04882581893407765 1.82
183 0.04763230055171418 1.83
184 0.04617959142135679 1.84
185 0.04382490213697915 1.85
186 0.0424760407867578 1.86
187 0.04045426931509748 1.87
188 0.03997265890518881 1.88
189 0.03949786359226198 1.89
190 0.03778304471847287 1.9
191 0.03649200932570634 1.91
192 0.0347082031024682 1.92
193 0.03302470051063974 1.93
194 0.03145019200525596 1.94
195 0.03132166300363967 1.95
196 0.03147744705004255 1.96
197 0.03099271404129419 1.97
198 0.03196791073576972 1.98
199 0.03184487058142645 1.99
200 0.03356750659783773 2
201 0.03372895414104575 2.01
202 0.03613409929278368 2.02
203 0.03661619883786109 2.03
204 0.03748053020118629 2.04
205 0.03753555735214988 2.05
206 0.0376817552750995 2.06
207 0.03835604639810225 2.07
208 0.03920351605088623 2.08
209 0.04032918792976022 2.09
210 0.04049200228308676 2.1
211 0.04061228926573761 2.11
212 0.0397996805594731 2.12
213 0.03961501401715071 2.13
214 0.04003576349857154 2.14
215 0.04014271651953431 2.15
216 0.03947043586179989 2.16
217 0.03900600484048351 2.17
218 0.03887910876475369 2.18
219 0.03914146687977414 2.19
220 0.03974026204211636 2.2
221 0.03889122770669292 2.21
222 0.03706530419970783 2.22
223 0.03502520202921265 2.23
224 0.03420974619355421 2.24
225 0.03301630061321093 2.25
226 0.03302805823289164 2.26
227 0.03269002199104334 2.27
228 0.03111205058381049 2.28
229 0.03093548651111024 2.29
230 0.02986714613176608 2.3
231 0.02912568694100498 2.31
232 0.02772387544768622 2.32
233 0.02701277915796349 2.33
234 0.02570123305175255 2.34
235 0.02466160500386909 2.35
236 0.0229711850314201 2.36
237 0.02370187739233245 2.37
238 0.02329793585817114 2.38
239 0.02381551884521101 2.39
240 0.02361114435858198 2.4
241 0.02238420158959313 2.41
242 0.02102058280812705 2.42
243 0.02067600241513344 2.43
244 0.02129040670359041 2.44
245 0.02123113504231062 2.45
246 0.02007891320403538 2.46
247 0.02082216358806893 2.47
248 0.02278020135163876 2.48
249 0.02290033240669431 2.49
250 0.02325169030117548 2.5
251 0.02314453634010293 2.51
252 0.02342931628805101 2.52
253 0.02336004836027635 2.53
254 0.02211813006211101 2.54
255 0.02281709050407371 2.55
256 0.02183258086530641 2.56
257 0.02237850920692875 2.57
258 0.02190124965980013 2.58
259 0.0218194386965199 2.59
260 0.02261980522664292 2.6
261 0.02223348266278731 2.61
262 0.02222716525314276 2.62
263 0.02095278095136238 2.63
264 0.02243597940923446 2.64
265 0.02270404220812102 2.65
266 0.02342014248812735 2.66
267 0.02332954777214068 2.67
268 0.02350487902727628 2.68
269 0.02220290062481113 2.69
270 0.02230466801663831 2.7
271 0.02128478729548614 2.71
272 0.02162810037318324 2.72
273 0.02307997069888637 2.73
274 0.02201352528597175 2.74
275 0.02026787277338103 2.75
276 0.01960936141633574 2.76
277 0.02123890305134321 2.77
278 0.02160586181948387 2.78
279 0.01978359592092975 2.79
280 0.01945450493280976 2.8
281 0.01925132879102152 2.81
282 0.01725851015682861 2.82
283 0.01579177724768404 2.83
284 0.01760362161834902 2.84
285 0.01790468619542433 2.85
286 0.0187650010089818 2.86
287 0.0188550434280119 2.87
288 0.01659828565549884 2.88
289 0.01727133986439588 2.89
290 0.01636380935849707 2.9
291 0.01537474922221591 2.91
292 0.01555024424803056 2.92
293 0.01592197417396534 2.93
294 0.01478522668925688 2.94
295 0.01529843979549944 2.95
296 0.016582897867165 2.96
297 0.01763558463787036 2.97
298 0.01487770002786968 2.98
299 0.01194574757592382 2.99
300 0.01101292636237951 3
301 0.01138161246868854 3.01
302 0.01254980913050983 3.02
303 0.01307345100376659 3.03
304 0.01433157796726055 3.04
305 0.01735045772874426 3.05
306 0.01838105567999133 3.06
307 0.01658406002265312 3.07
308 0.01091192482750294 3.08
309 0.009314731798919352 3.09
310 0.01002797543679284 3.1
311 0.01170774784672603 3.11
312 0.01173552005155447 3.12
313 0.01282512044375292 3.13
314 0.01354967086231541 3.14
315 0.01418785196973525 3.15
316 0.01152398247625417 3.16
317 0.008905525732140302 3.17
318 0.007599082458166585 3.18
319 0.009736297177805895 3.19
320 0.01121350364152462 3.2
321 0.0106818006421699 3.21
322 0.01088940303173214 3.22
323 0.006079128656660862 3.23
324 0.007527276399713155 3.24
325 0.01010031287951174 3.25
326 0.01016762656586303 3.26
327 0.00997376673418281 3.27
328 0.006197529880527752 3.28
329 0.008923416192988285 3.29
330 0.00948951885925804 3.3
331 0.01163241785430434 3.31
332 0.01112361202037365 3.32
333 0.009815215738989866 3.33
334 0.009376686889082326 3.34
335 0.01030626570322585 3.35
336 0.01190199322349423 3.36
337 0.01165095191871692 3.37
338 0.01365240300465367 3.38
339 0.01158813667335359 3.39
340 0.01142921825643752 3.4
341 0.01324352662901825 3.41
342 0.01708058492494073 3.42
343 0.01743273492663518 3.43
344 0.01652830780902746 3.44
345 0.01353044820940928 3.45
346 0.01597802433950138 3.46
347 0.01737153670415266 3.47
348 0.01925685501111528 3.48
349 0.0203263559159128 3.49
350 0.02032197903369182 3.5
351 0.0213847781804464 3.51
352 0.021628232027193 3.52
353 0.02098704619866319 3.53
354 0.02159263272621832 3.54
355 0.02308340049652284 3.55
356 0.02473994640465463 3.56
357 0.0254331272108217 3.57
358 0.02630562771588785 3.58
359 0.02660165722663759 3.59
360 0.0261593608941652 3.6
361 0.02458095140214431 3.61
362 0.02547027608100563 3.62
363 0.02684019174166549 3.63
364 0.02819045308076576 3.64
365 0.03031286165401866 3.65
366 0.0305867804001334 3.66
367 0.03100933096907477 3.67
368 0.03066693754742912 3.68
369 0.03056901345297817 3.69
370 0.03055803628428764 3.7
371 0.03075168834858088 3.71
372 0.03217266770313507 3.72
373 0.03410855228448001 3.73
374 0.0347952320745377 3.74
375 0.03466865633397228 3.75
376 0.03554386210612958 3.76
377 0.03519741503589655 3.77
378 0.03542443320185632 3.78
379 0.03624098165118755 3.79
380 0.03690255624477325 3.8
381 0.03752050943341344 3.81
382 0.0376687501742242 3.82
383 0.03819471276507566 3.83
384 0.03758568090271142 3.84
385 0.03929777585195634 3.85
386 0.03988168188486794 3.86
387 0.04093489159677448 3.87
388 0.04185851694279819 3.88
389 0.04169830276190841 3.89
390 0.04179695556860927 3.9
391 0.0427916753798593 3.91
392 0.04366232843575799 3.92
393 0.04321398208020703 3.93
394 0.04485266368635382 3.94
395 0.04479837116241364 3.95
396 0.04509217488378556 3.96
397 0.04543101459928137 3.97
398 0.04559565997663678 3.98
399 0.04634915337796036 3.99
400 0.04664193076390009 4
401 0.04741248510177133 4.01
402 0.04752236132410653 4.02
403 0.0480993846100041 4.03
404 0.04843900546629312 4.04
405 0.04944723832322152 4.05
406 0.04979240762565943 4.06
407 0.05015506759856393 4.07
408 0.05080703853700521 4.08
409 0.05042726493783185 4.09
410 0.0514624042426015 4.1
411 0.0515512845611856 4.11
412 0.05204922005118805 4.12
413 0.052129817574665 4.13
414 0.05236943550435674 4.14
415 0.05264649394315137 4.15
416 0.05254438674655845 4.16
417 0.05331879856482558 4.17
418 0.05353101019054461 4.18
419 0.05355931349390165 4.19
420 0.05416896141083231 4.2
421 0.05443798951497931 4.21
422 0.05320152785706125 4.22
423 0.05386150693903947 4.23
424 0.05387173380041729 4.24
425 0.0535554895639664 4.25
426 0.05527998796657981 4.26
427 0.05458459035983804 4.27
428 0.05518819716074645 4.28
429 0.05549845499659897 4.29
430 0.056068752610361 4.3
431 0.05601137890501138 4.31
432 0.05613990521939924 4.32
433 0.05652670740930772 4.33
434 0.05655025275220512 4.34
435 0.05662338383068942 4.350000000000001
436 0.05709963379618442 4.36
437 0.05766762557467198 4.37
438 0.05789701850181991 4.38
439 0.05605126829185307 4.39
440 0.05473812291039902 4.4
441 0.05601086091545932 4.41
442 0.05762479890040371 4.42
443 0.05816326813002975 4.43
444 0.05832489316883178 4.44
445 0.05888462724292404 4.45
446 0.05846103946226118 4.46
447 0.05835568203215543 4.47
448 0.05737347788959341 4.48
449 0.0572830412963523 4.49
450 0.0579306142413824 4.5
451 0.05803791543524314 4.51
452 0.05796531516549834 4.52
453 0.05785404286702486 4.53
454 0.05794842759493071 4.54
455 0.05752639617648146 4.55
456 0.05724116983565917 4.56
457 0.05606154592102328 4.57
458 0.05680081668180368 4.58
459 0.05574225940057339 4.59
460 0.05512506821576073 4.600000000000001
461 0.05403229533126478 4.61
462 0.05365385477150366 4.62
463 0.05406277435526931 4.63
464 0.05298930687259903 4.64
465 0.05250216462600144 4.65
466 0.05186342524577937 4.66
467 0.05150335439957344 4.67
468 0.05013953670954308 4.68
469 0.04956716806315721 4.69
470 0.04874698762915099 4.7
471 0.04692233943631943 4.71
472 0.04615200370810752 4.72
473 0.04456345471562057 4.73
474 0.04543582265114003 4.74
475 0.04406408920901671 4.75
476 0.04285624847823051 4.76
477 0.0418544182312217 4.77
478 0.04085325334979176 4.78
479 0.03940247471382111 4.79
480 0.03839799920129004 4.8
481 0.03830464928421279 4.81
482 0.0373050780895208 4.82
483 0.03406954667730455 4.83
484 0.03387283372100842 4.84
485 0.0348171970745172 4.850000000000001
486 0.03390304931856754 4.86
487 0.02944841783322829 4.87
488 0.0292642847805965 4.88
489 0.02978474158107959 4.89
490 0.0282160113050747 4.9
491 0.02812434144916289 4.91
492 0.02730167732935297 4.92
493 0.02500378615772454 4.93
494 0.02455818586358165 4.94
495 0.02257757705902183 4.95
496 0.02131607693733683 4.96
497 0.02012503958869698 4.97
498 0.01956568417665282 4.98
499 0.02078318744634952 4.99
500 0.01989833162874284 5
501 0.01838441653105453 5.01
502 0.01757488302530987 5.02
503 0.01642891729166323 5.03
504 0.01617732091544094 5.04
505 0.01536842680546311 5.05
506 0.01764438703114974 5.06
507 0.01555371747859474 5.07
508 0.01651124780272667 5.08
509 0.01710344497012633 5.09
510 0.01607303227249404 5.100000000000001
511 0.01643549233136362 5.11
512 0.01411907259254294 5.12
513 0.01414415861413993 5.13
514 0.01469673620679388 5.14
515 0.01504986879474389 5.15
516 0.01545095448035203 5.16
517 0.01515766556959715 5.17
518 0.01560275206302178 5.18
519 0.01460586630470226 5.19
520 0.01712280529040928 5.2
521 0.01602433828229554 5.21
522 0.0156826934048603 5.22
523 0.01513616830278468 5.23
524 0.0144338917020012 5.24
525 0.01369061807070257 5.25
526 0.01455989802165133 5.26
527 0.01686054409869761 5.27
528 0.01554893936874912 5.28
529 0.01528425826766851 5.29
530 0.01508718406672512 5.3
531 0.01615219465782393 5.31
532 0.01601882053593595 5.32
533 0.01661745884753952 5.33
534 0.01708744073330916 5.34
535 0.01714738545423855 5.350000000000001
536 0.016969626447226 5.36
537 0.01491753990245121 5.37
538 0.01529357335286675 5.38
539 0.01573590829766192 5.39
540 0.01583812396367158 5.4
541 0.0168150739110559 5.41
542 0.01781132508138922 5.42
543 0.01738154612921452 5.43
544 0.01820465562368001 5.44
545 0.01760745354552049 5.45
546 0.01484117014279387 5.46
547 0.01616581087414417 5.47
548 0.01781961482420237 5.48
549 0.0192065683244431 5.49
550 0.0193280420467137 5.5
551 0.01791767610367648 5.51
552 0.01733404047116964 5.52
553 0.01519576086050576 5.53
554 0.01786988400195148 5.54
555 0.01799919807826928 5.55
556 0.01748063153621914 5.56
557 0.01722613222356642 5.57
558 0.01800567499710496 5.58
559 0.01880065393870412 5.59
560 0.0183721881403389 5.600000000000001
561 0.01777842834609522 5.61
562 0.01910831702097308 5.62
563 0.019569320751769 5.63
564 0.01994343980942792 5.64
565 0.02027143749929079 5.65
566 0.02068687081968784 5.66
567 0.02220634321451188 5.67
568 0.02010321894420417 5.68
569 0.02012346737825777 5.69
570 0.020116482363007 5.7
571 0.02030161455487161 5.71
572 0.02073878937248185 5.72
573 0.02039676473658178 5.73
574 0.02042874731767601 5.74
575 0.02083107069398856 5.75
576 0.01884772179449712 5.76
577 0.01619696410318692 5.77
578 0.01481204462876419 5.78
579 0.01296036471664297 5.79
580 0.0121915674489097 5.8
581 0.011551756848275 5.81
582 0.01126374520684979 5.82
583 0.01029974994589485 5.83
584 0.007805068229257636 5.84
585 0.005833700821822554 5.850000000000001
586 0.003015176254366958 5.86
587 7.584240477441484e-05 5.87
588 -0.0003881657757441655 5.88
589 -0.0007479544720765327 5.89
590 -0.0007483080193827151 5.9
591 -0.0003347841589899555 5.91
592 -0.0007837807490207164 5.92
593 -0.0007718388309519488 5.93
594 -0.002256158037971758 5.94
595 -0.001590969721287964 5.95
596 -0.001748638820009521 5.96
597 -0.001541554520525875 5.97
598 -0.001743540806043459 5.98
599 -0.0001717645578634766 5.99
600 0.0009853411807069061 6
601 0.001821315957100579 6.01
602 0.001195998051176203 6.02
603 0.001638159356093457 6.03
604 0.003456646257701668 6.04
605 0.004901568649917326 6.05
606 0.006094526974322123 6.06
607 0.006654572248034297 6.07
608 0.007377158148519692 6.08
609 0.008966932485542915 6.09
610 0.0100137856393196 6.100000000000001
611 0.01179522372919557 6.11
612 0.01268800720975563 6.12
613 0.01294616223763975 6.13
614 0.0142252052051612 6.140000000000001
615 0.01494184366579229 6.15
616 0.01475111123228469 6.16
617 0.01533831846284071 6.17
618 0.0154992975546785 6.18
619 0.01763364877679796 6.19
620 0.01952230908675892 6.2
621 0.019515842690701 6.21
622 0.02137949249107933 6.22
623 0.02124309911513673 6.23
624 0.02189434142009955 6.24
625 0.02368472337655328 6.25
626 0.02511883630052227 6.26
627 0.02575741371656048 6.27
628 0.02656645085439866 6.28
629 0.02667096960340978 6.29
630 0.02741884287639323 6.3
631 0.027035517629174 6.31
632 0.02729042453554821 6.32
633 0.02883918330145099 6.33
634 0.03027009175962905 6.34
635 0.03062584661035606 6.350000000000001
636 0.0316604718391968 6.36
637 0.03223430207212907 6.37
638 0.03272499144881814 6.38
639 0.03370688583073193 6.390000000000001
640 0.03370190165728282 6.4
641 0.03496363962555811 6.41
642 0.03517263595484289 6.42
643 0.0356498985123042 6.43
644 0.03566299001848659 6.44
645 0.03658224377452195 6.45
646 0.03782748686878963 6.46
647 0.03914486379569614 6.47
648 0.04027955109101913 6.48
649 0.03852898903392322 6.49
650 0.03838086016566204 6.5
651 0.03749441883630574 6.51
652 0.03798214886678459 6.52
653 0.03846107839634853 6.53
654 0.03909173836571296 6.54
655 0.0402173306849691 6.55
656 0.04013150378726879 6.56
657 0.04130667469289658 6.57
658 0.0412740885327486 6.58
659 0.04157308176498015 6.59
660 0.04141055671942559 6.600000000000001
661 0.04085858320138804 6.61
662 0.0418718974100834 6.62
663 0.04263508844449228 6.63
664 0.04329338655333553 6.640000000000001
665 0.04273131496473895 6.65
666 0.04306939708209567 6.66
667 0.043185894650137 6.67
668 0.04339682872594649 6.68
669 0.04289747282030652 6.69
670 0.04314551814055232 6.7
671 0.04301119754947776 6.71
672 0.04296991137113926 6.72
673 0.04353710473104517 6.73
674 0.04316269655134578 6.74
675 0.04406534861255515 6.75
676 0.04450942102288116 6.76
677 0.0450870871235958 6.77
678 0.04493774253200997 6.78
679 0.0441662131323984 6.79
680 0.04502624684801981 6.8
681 0.04459274496286529 6.81
682 0.04451457190213795 6.82
683 0.04388070459700677 6.83
684 0.04451782207553083 6.84
685 0.04493969760885498 6.850000000000001
686 0.04423764547546432 6.86
687 0.04408960950915092 6.87
688 0.04506343955220207 6.88
689 0.04532403815516237 6.890000000000001
690 0.04535198204416226 6.9
691 0.04519020688488853 6.91
692 0.04468701590813623 6.92
693 0.04402797354779298 6.93
694 0.04419381954639897 6.94
695 0.04509363160460077 6.95
696 0.04619059954455695 6.96
697 0.04486903963866132 6.97
698 0.04474152883496201 6.98
699 0.04595045314950532 6.99
700 0.04656224515250768 7
701 0.04576022388817602 7.01
702 0.04608454884941635 7.02
703 0.04797341282498279 7.03
704 0.04629710696367946 7.04
705 0.04809071455329005 7.05
706 0.04790380162391755 7.06
707 0.05045616968211044 7.07
708 0.04850709376724697 7.08
709 0.04978364681176702 7.09
710 0.05053748815174502 7.100000000000001
711 0.05070774153291804 7.11
712 0.05295233158223647 7.12
713 0.0527356543580945 7.13
714 0.05250856723567292 7.140000000000001
715 0.0535759002346318 7.15
716 0.05537466812302205 7.16
717 0.05580251280253051 7.17
718 0.05522808093495424 7.18
719 0.05447958539580986 7.19
720 0.05564564093504256 7.2
721 0.05792159676474291 7.21
722 0.05846394474546642 7.22
723 0.05863563453157663 7.23
724 0.05856216370256748 7.24
725 0.05826352642608144 7.25
726 0.05785365990741604 7.26
727 0.0583628017956895 7.27
728 0.05864888381714305 7.28
729 0.0581959392385781 7.29
730 0.05919283574481639 7.3
731 0.05931240509563967 7.31
732 0.05931428111578643 7.32
733 0.05877536277043733 7.33
734 0.057415183560442 7.34
735 0.05762472555391407 7.350000000000001
736 0.05778023258303892 7.36
737 0.05779349601019466 7.37
738 0.05685646409415764 7.38
739 0.05589779609439958 7.390000000000001
740 0.05556404345700915 7.4
741 0.05603554515284196 7.41
742 0.05597460868111629 7.42
743 0.05627397624789743 7.43
744 0.05548381452294061 7.44
745 0.05421134913598137 7.45
746 0.05323381528936613 7.46
747 0.05233424493104827 7.47
748 0.05143770676561277 7.48
749 0.05073629138666581 7.49
750 0.04867975410534873 7.5
751 0.04801432331959624 7.51
752 0.04766759811368495 7.52
753 0.04671060713409869 7.53
754 0.04635727651283016 7.54
755 0.04664890778736881 7.55
756 0.04605872411401839 7.56
757 0.04435300446089008 7.57
758 0.04285189111170373 7.58
759 0.04091075308586148 7.59
760 0.03948822823144413 7.600000000000001
761 0.03770077570194574 7.61
762 0.03707263738958088 7.62
763 0.0359796959902882 7.63
764 0.03463893121944391 7.640000000000001
765 0.03282506432127597 7.65
766 0.03162703630796131 7.66
767 0.02910502125931 7.67
768 0.02825717497970439 7.68
769 0.02721121826048294 7.69
770 0.02564775776544618 7.7
771 0.02421195458119184 7.71
772 0.02188023103107818 7.72
773 0.02069659496425605 7.73
774 0.02000287758519059 7.74
775 0.01922894141716008 7.75
776 0.01851806794019014 7.76
777 0.01654689691624858 7.77
778 0.0163507825494867 7.78
779 0.01360405751809415 7.79
780 0.01298027158093443 7.8
781 0.01186093657444206 7.81
782 0.01163426938642161 7.82
783 0.01110160383200082 7.83
784 0.01140166958172888 7.84
785 0.01258423105444625 7.850000000000001
786 0.01330506270791145 7.86
787 0.01380532104092778 7.87
788 0.01312456371911265 7.88
789 0.01324061837429197 7.890000000000001
790 0.0145592977546769 7.9
791 0.01524671375452182 7.91
792 0.01554042392880003 7.92
793 0.01328447894175551 7.930000000000001
794 0.01344157960790143 7.94
795 0.01300709990229645 7.95
796 0.01473261394992205 7.96
797 0.01479774588069848 7.97
798 0.01578943456774394 7.98
799 0.01686883465314369 7.99
800 0.01685991777686015 8
801 0.01754742070555359 8.01
802 0.01679957351245471 8.02
803 0.01781587137764082 8.029999999999999
804 0.01694719519384933 8.040000000000001
805 0.01894831557244774 8.050000000000001
806 0.01857371412529523 8.06
807 0.01768871879368768 8.07
808 0.01809389211102871 8.08
809 0.01920987705197109 8.09
810 0.02018362838209327 8.1
811 0.01977579254898573 8.109999999999999
812 0.01886860879944988 8.120000000000001
813 0.01927130397266014 8.130000000000001
814 0.02123419438597504 8.140000000000001
815 0.02228523706813321 8.15
816 0.02166319776033452 8.16
817 0.02046368238653093 8.17
818 0.01993043693402265 8.18
819 0.01974317757930898 8.19
820 0.01954808490533012 8.199999999999999
821 0.02111568818097191 8.210000000000001
822 0.02113730085772222 8.220000000000001
823 0.02309626834744754 8.23
824 0.02113335585665706 8.24
825 0.02006279701965122 8.25
826 0.01953495206122301 8.26
827 0.01998834344589125 8.27
828 0.02012647152937411 8.279999999999999
829 0.01759245025082793 8.290000000000001
830 0.01720285498632627 8.300000000000001
831 0.01753244357487866 8.31
832 0.01905860646232231 8.32
833 0.01905525279274956 8.33
834 0.0203294544390039 8.34
835 0.02088475750942641 8.35
836 0.01833507980028662 8.359999999999999
837 0.01731995721860222 8.370000000000001
838 0.01399386613332301 8.380000000000001
839 0.01567006139752351 8.390000000000001
840 0.01735660179757187 8.4
841 0.01897347086400246 8.41
842 0.0196131794589095 8.42
843 0.02024230751705829 8.43
844 0.02128348779481388 8.44
845 0.01877440980342063 8.449999999999999
846 0.01579064865699208 8.460000000000001
847 0.01256895900689714 8.470000000000001
848 0.0129277912509893 8.48
849 0.01426985078423287 8.49
850 0.01516550206205341 8.5
851 0.01569415774153252 8.51
852 0.01713119797679144 8.52
853 0.0161660823988735 8.529999999999999
854 0.01424593730201843 8.540000000000001
855 0.01053928212532391 8.550000000000001
856 0.009744339724897973 8.56
857 0.01053474349623963 8.57
858 0.01206807201790428 8.58
859 0.01251106153991357 8.59
860 0.008862243876738002 8.6
861 0.005713633186800117 8.609999999999999
862 0.007411634825734886 8.620000000000001
863 0.00945894535156817 8.630000000000001
864 0.01028301857569562 8.640000000000001
865 0.009264442324887748 8.65
866 0.007755882046423451 8.66
867 0.007356674156560985 8.67
868 0.007700442437640987 8.68
869 0.008152493220333812 8.69
870 0.007424934799560998 8.700000000000001
871 0.006381094288962361 8.710000000000001
872 0.006656976375065339 8.720000000000001
873 0.00823394441319074 8.73
874 0.01003669635564106 8.74
875 0.01110020382207809 8.75
876 0.009451283048433855 8.76
877 0.008240204240057669 8.77
878 0.009238442812756089 8.779999999999999
879 0.01112244932112682 8.790000000000001
880 0.01096758963135766 8.800000000000001
881 0.01227614284999554 8.81
882 0.01183989173908304 8.82
883 0.01266424806477859 8.83
884 0.01377661227094169 8.84
885 0.01311599436578125 8.85
886 0.01615214505397327 8.859999999999999
887 0.01663994844921002 8.870000000000001
888 0.01730485152527015 8.880000000000001
889 0.01781349928378991 8.890000000000001
890 0.01887717675362639 8.9
891 0.01778851468904648 8.91
892 0.02002996889686267 8.92
893 0.02161397575352753 8.93
894 0.02481364079754229 8.94
895 0.02389831898151741 8.950000000000001
896 0.02429749395481935 8.960000000000001
897 0.02336242349343054 8.970000000000001
898 0.02305776341730279 8.98
899 0.02493711473766608 8.99
900 0.02422492055350978 9
901 0.02620178160407298 9.01
902 0.0282468600861719 9.02
903 0.02887769302867706 9.029999999999999
904 0.03026782683120662 9.040000000000001
905 0.03116828987654106 9.050000000000001
906 0.03040475515299994 9.06
907 0.030102850952709 9.07
908 0.0311583611986622 9.08
909 0.03051293435574039 9.09
910 0.0304352891216248 9.1
911 0.03177236769101 9.109999999999999
912 0.03310294150177671 9.120000000000001
913 0.03437477204732061 9.130000000000001
914 0.03425926847312864 9.140000000000001
915 0.03531647463701057 9.15
916 0.03565035371011453 9.16
917 0.03572372478321972 9.17
918 0.0358824498918322 9.18
919 0.035613336921196 9.19
920 0.03694542933584248 9.200000000000001
921 0.03679216750902916 9.210000000000001
922 0.03797726333989686 9.220000000000001
923 0.03734586426034193 9.23
924 0.03875723460358786 9.24
925 0.03862221637057885 9.25
926 0.03855182395774484 9.26
927 0.03948636362598189 9.27
928 0.04048708678681649 9.279999999999999
929 0.04166166027468598 9.290000000000001
930 0.04115352725510624 9.300000000000001
931 0.04239111854167802 9.31
932 0.04205683898027356 9.32
933 0.0432632554083027 9.33
934 0.04268121865732988 9.34
935 0.04311254393931371 9.35
936 0.04364240563853864 9.359999999999999
937 0.04386757640087021 9.370000000000001
938 0.04481326801190168 9.380000000000001
939 0.04487254106744806 9.390000000000001
940 0.0457292675906861 9.4
941 0.04542391238538208 9.41
942 0.04666021816159723 9.42
943 0.04640558591451369 9.43
944 0.04750296043946817 9.44
945 0.04769599734856229 9.450000000000001
946 0.04833838825279101 9.460000000000001
947 0.04913620248471822 9.470000000000001
948 0.0493881090097097 9.48
949 0.05044062532481167 9.49
950 0.05020668300427446 9.5
951 0.05022513151319428 9.51
952 0.05040101361990591 9.52
953 0.05076602320591551 9.529999999999999
954 0.0521996061942762 9.540000000000001
955 0.0521590435503517 9.550000000000001
956 0.05207285454920995 9.56
957 0.05211576864279332 9.57
958 0.05277921445579657 9.58
959 0.05286895472159366 9.59
960 0.05343690445279499 9.6
961 0.05466698685649101 9.609999999999999
962 0.05436658738581267 9.620000000000001
963 0.05451022315941896 9.630000000000001
964 0.05327059428819948 9.640000000000001
965 0.05356642404688173 9.65
966 0.05475333546939599 9.66
967 0.05704499540277228 9.67
968 0.05644069310559792 9.68
969 0.05637812896903601 9.69
970 0.05577747378053827 9.700000000000001
971 0.05649801041893535 9.710000000000001
972 0.05752018049944624 9.720000000000001
973 0.05817970595570073 9.73
974 0.05873549850121528 9.74
975 0.05765036889996936 9.75
976 0.05664464843886569 9.76
977 0.05739487771985216 9.77
978 0.05797953951958162 9.779999999999999
979 0.05933511606338383 9.790000000000001
980 0.05917033499632016 9.800000000000001
981 0.05996126147969628 9.81
982 0.0605189412247397 9.82
983 0.06004801839477361 9.83
984 0.06009084547560883 9.84
985 0.05973179798922047 9.85
986 0.06076231660424256 9.859999999999999
987 0.06123308192030347 9.870000000000001
988 0.06084636393878124 9.880000000000001
989 0.06087480531020392 9.890000000000001
990 0.06151798046077922 9.9
991 0.06127847516308264 9.91
992 0.06168053417184628 9.92
993 0.06132182810406651 9.93
994 0.06105424082920123 9.94
995 0.06160986494930748 9.950000000000001
996 0.06068934869807378 9.960000000000001
997 0.0605311704462328 9.970000000000001
998 0.05961974748500576 9.98
999 0.05958747259318412 9.99
1000 0.05868367296147338 10
1001 0.05704402595246678 10.01
1002 0.05762934663889659 10.02
1003 0.05720742972609555 10.03
1004 0.05772379088905468 10.04
1005 0.05658663650239458 10.05
1006 0.05545886413125028 10.06
1007 0.0540896719166381 10.07
1008 0.05326479618680403 10.08
1009 0.05241111763124556 10.09
1010 0.05122612864502753 10.1
1011 0.05075145691828151 10.11
1012 0.05002689006235898 10.12
1013 0.0496640734652472 10.13
1014 0.04813400059647789 10.14
1015 0.04707170425050443 10.15
1016 0.04559856318707094 10.16
1017 0.04400002755762187 10.17
1018 0.04328323127338224 10.18
1019 0.04142882415126616 10.19
1020 0.04185679763129407 10.2
1021 0.04310942682473998 10.21
1022 0.04015695165452534 10.22
1023 0.03794902233469796 10.23
1024 0.03631056559373792 10.24
1025 0.03590249390117737 10.25
1026 0.03458176897010862 10.26
1027 0.03162510229782524 10.27
1028 0.02940768394888059 10.28
1029 0.03154870179489371 10.29
1030 0.03066959884544014 10.3
1031 0.02964866643340219 10.31
1032 0.02647250986491273 10.32
1033 0.02670488234555801 10.33
1034 0.02530359106309931 10.34
1035 0.02380001166369599 10.35
1036 0.02218081133499073 10.36
1037 0.02168547158988235 10.37
1038 0.02051385453267698 10.38
1039 0.01948993041414891 10.39
1040 0.01600475005917525 10.4
1041 0.01630539685308603 10.41
1042 0.01592090262859213 10.42
1043 0.01666853381416954 10.43
1044 0.01553549683494797 10.44
1045 0.01711732676660913 10.45
1046 0.01494688722733981 10.46
1047 0.01457321328360449 10.47
1048 0.01316988757894139 10.48
1049 0.01351953746410304 10.49
1050 0.01440925139413316 10.5
1051 0.01253812221557317 10.51
1052 0.0147904605294346 10.52
1053 0.01419855162304013 10.53
1054 0.01472356230810202 10.54
1055 0.01489405674272387 10.55
1056 0.01578853049947222 10.56
1057 0.01555943908947311 10.57
1058 0.01532453450552014 10.58
1059 0.01517139371814422 10.59
1060 0.0137145717414437 10.6
1061 0.01393109527305303 10.61
1062 0.01457565683029321 10.62
1063 0.01530623624409234 10.63
1064 0.01605896222575471 10.64
1065 0.01611459825093185 10.65
1066 0.01521526427311173 10.66
1067 0.01533013837031486 10.67
1068 0.01631606120614308 10.68
1069 0.01487901353851203 10.69
1070 0.01657384072932473 10.7
1071 0.0169266566493213 10.71
1072 0.01747113523228588 10.72
1073 0.01713595915575579 10.73
1074 0.01784885324188839 10.74
1075 0.01705721333311088 10.75
1076 0.01617774432413943 10.76
1077 0.01610764134921813 10.77
1078 0.01781782963607236 10.78
1079 0.02003617108803933 10.79
1080 0.02007563472385694 10.8
1081 0.02018117612115439 10.81
1082 0.02000905416802711 10.82
1083 0.01968212074413118 10.83
1084 0.01822794610956747 10.84
1085 0.01719082523645404 10.85
1086 0.01906538193315292 10.86
1087 0.01905284029348549 10.87
1088 0.02003398270570097 10.88
1089 0.01995736822886877 10.89
1090 0.01886395538984224 10.9
1091 0.01967176746585074 10.91
1092 0.02136870768848878 10.92
1093 0.02105029872099998 10.93
1094 0.01846293247990392 10.94
1095 0.01904654633071672 10.95
1096 0.01902029325047422 10.96
1097 0.01889819952985547 10.97
1098 0.01842383729530317 10.98
1099 0.01942316991276793 10.99
1100 0.01995308444940121 11
1101 0.02031084964951815 11.01
1102 0.02015323458177532 11.02
1103 0.02157393720284677 11.03
1104 0.02218781952173857 11.04
1105 0.02017824767135241 11.05
1106 0.01950547080533469 11.06
1107 0.01938311569357006 11.07
1108 0.02160771367858213 11.08
1109 0.02154176741087346 11.09
1110 0.02174674868502697 11.1
1111 0.02263619668265672 11.11
1112 0.02344623111278126 11.12
1113 0.02315413723365032 11.13
1114 0.02147112024907639 11.14
1115 0.02028578278615593 11.15
1116 0.01747839371472503 11.16
1117 0.01718453102066846 11.17
1118 0.01757371155955249 11.18
1119 0.01801217000138054 11.19
1120 0.01636542041601873 11.2
1121 0.014998052554493 11.21
1122 0.0140421105528306 11.22
1123 0.0110396194098387 11.23
1124 0.009119317628835479 11.24
1125 0.006880279340890334 11.25
1126 0.005399974412027672 11.26
1127 0.00503872068105209 11.27
1128 0.003463001406665106 11.28
1129 0.002075316357571753 11.29
1130 0.00163522911801081 11.3
1131 -8.631356071854657e-05 11.31
1132 0.0006678820290366663 11.32
1133 3.176762784506463e-05 11.33
1134 -6.457943464391821e-05 11.34
1135 -0.0003963156132419432 11.35
1136 0.0008130865209105986 11.36
1137 0.001272712367077558 11.37
1138 0.001481396326031293 11.38
1139 0.001497908590946298 11.39
1140 0.001445483464829271 11.4
1141 0.002317174413727877 11.41
1142 0.003293304862520231 11.42
1143 0.005140400294030472 11.43
1144 0.006416615640144997 11.44
1145 0.007683464101624979 11.45
1146 0.008435971534148405 11.46
1147 0.009338128802367682 11.47
1148 0.0110783805017919 11.48
1149 0.01160962581907711 11.49
1150 0.01343491606642021 11.5
1151 0.01404074581563176 11.51
1152 0.01308493301456104 11.52
1153 0.01377619366535496 11.53
1154 0.01457240825638113 11.54
1155 0.01598773349822884 11.55
1156 0.01771585298032335 11.56
1157 0.01846394859709607 11.57
1158 0.01960027022790033 11.58
1159 0.01929361628530952 11.59
1160 0.02082962177925596 11.6
1161 0.0212887014032795 11.61
1162 0.02234328260691705 11.62
1163 0.02392494238892965 11.63
1164 0.02494299075985667 11.64
1165 0.02473058204008066 11.65
1166 0.02518207318474353 11.66
1167 0.02620027560627709 11.67
1168 0.02553185347273634 11.68
1169 0.02687938104811291 11.69
1170 0.02817986826321094 11.7
1171 0.02929691607913903 11.71
1172 0.02978653796521535 11.72
1173 0.03133109816232799 11.73
1174 0.03163363088903739 11.74
1175 0.03231800143083378 11.75
1176 0.03272480225808646 11.76
1177 0.03314217829869079 11.77
1178 0.03346574821456876 11.78
1179 0.03325754859468812 11.79
1180 0.03456024141459405 11.8
1181 0.03571086808353616 11.81
1182 0.03631753868366346 11.82
1183 0.03725895032408054 11.83
1184 0.03679975857960818 11.84
1185 0.03725493256139691 11.85
1186 0.03741205424280934 11.86
1187 0.03729956412213989 11.87
1188 0.0369533202546672 11.88
1189 0.03801864159249565 11.89
1190 0.03803428175031541 11.9
1191 0.03862559675899338 11.91
1192 0.03857103434786657 11.92
1193 0.0387262489833297 11.93
1194 0.04010977173845371 11.94
1195 0.03981588395288067 11.95
1196 0.04138767559485962 11.96
1197 0.04052154205810526 11.97
1198 0.04066851557919944 11.98
1199 0.04075242968872594 11.99
1200 0.04086393841509693 12
1201 0.04151130472582408 12.01
1202 0.04218974926348829 12.02
1203 0.04341618724755233 12.03
1204 0.04345492466958464 12.04
1205 0.04350825872349744 12.05
1206 0.04255855691434117 12.06
1207 0.04296076748151833 12.07
1208 0.04310449133697218 12.08
1209 0.04368086561731304 12.09
1210 0.04428217777328348 12.1
1211 0.04477767137747596 12.11
1212 0.04570376496741681 12.12
1213 0.04559150354859721 12.13
1214 0.04579199641408742 12.14
1215 0.04590803318143682 12.15
1216 0.04686284699930684 12.16
1217 0.04676955300682447 12.17
1218 0.04673380213823043 12.18
1219 0.04658416020834465 12.19
1220 0.04716969603259624 12.2
1221 0.0474506940074477 12.21
1222 0.04836395643554325 12.22
1223 0.04882911801841713 12.23
1224 0.04830958785536874 12.24
1225 0.0492741324031894 12.25
1226 0.04941698931863962 12.26
1227 0.04923796581486072 12.27
1228 0.04907069754277497 12.28
1229 0.04980458798560403 12.29
1230 0.0506382120359561 12.3
1231 0.05046508964494981 12.31
1232 0.05107467345760511 12.32
1233 0.05152469787150288 12.33
1234 0.05173609675410702 12.34
1235 0.05221925682139229 12.35
1236 0.05216025665387711 12.36
1237 0.0526180532183415 12.37
1238 0.05347567495961339 12.38
1239 0.05428091453195417 12.39
1240 0.05667977030013132 12.4
1241 0.0552983625306602 12.41
1242 0.05609857369407271 12.42
1243 0.05510272353551707 12.43
1244 0.05422698807240926 12.44
1245 0.05377708145104779 12.45
1246 0.05455638266623506 12.46
1247 0.05651485499860921 12.47
1248 0.05828023234173322 12.48
1249 0.05871689665546731 12.49
1250 0.05747157886710465 12.5
1251 0.05841261410493266 12.51
1252 0.05843493056158024 12.52
1253 0.05954219805508652 12.53
1254 0.05899318773853592 12.54
1255 0.05955830680729308 12.55
1256 0.05975827712365269 12.56
1257 0.05985160766897792 12.57
1258 0.06050670664096724 12.58
1259 0.05973764183317745 12.59
1260 0.06065701190314374 12.6
1261 0.06095782977040543 12.61
1262 0.06208218614535536 12.62
1263 0.0613577263472187 12.63
1264 0.06166196251594545 12.64
1265 0.06094811207231516 12.65
1266 0.06148337617726729 12.66
1267 0.06189720848109537 12.67
1268 0.06086516184645192 12.68
1269 0.06096389461201118 12.69
1270 0.06104912191466748 12.7
1271 0.05978797745601182 12.71
1272 0.05775594201896652 12.72
1273 0.0588845279398153 12.73
1274 0.05913306757765181 12.74
1275 0.05760926139682682 12.75
1276 0.0566340486757187 12.76
1277 0.05631147542662341 12.77
1278 0.05578797369986194 12.78
1279 0.05452920680015368 12.79
1280 0.05353744191363966 12.8
1281 0.0533370338359138 12.81
1282 0.05295079194763986 12.82
1283 0.05216164690174467 12.83
1284 0.05063766363627131 12.84
1285 0.04947474490541355 12.85
1286 0.0477798474043444 12.86
1287 0.04577769424501452 12.87
1288 0.04576975430826867 12.88
1289 0.04548307336630204 12.89
1290 0.04413416464838432 12.9
1291 0.04260780251310577 12.91
1292 0.04121533724106456 12.92
1293 0.04104231084734244 12.93
1294 0.04048519711295908 12.94
1295 0.03877585557452262 12.95
1296 0.03687668466998026 12.96
1297 0.03546534949389744 12.97
1298 0.03262126666978439 12.98
1299 0.03145232467303057 12.99
1300 0.03146811900815265 13
1301 0.03072741177820503 13.01
1302 0.02895611602781514 13.02
1303 0.02672013727238655 13.03
1304 0.02585024573463316 13.04
1305 0.02618739477883455 13.05
1306 0.02443774204177535 13.06
1307 0.0218766814319193 13.07
1308 0.02037164892202463 13.08
1309 0.01775176652765307 13.09
1310 0.01620511261711042 13.1
1311 0.01478217015398123 13.11
1312 0.01604753332833219 13.12
1313 0.01668951754263322 13.13
1314 0.0157733736219154 13.14
1315 0.01443325000028864 13.15
1316 0.0114836995336678 13.16
1317 0.01193523074739117 13.17
1318 0.01076285289326249 13.18
1319 0.01038412480602562 13.19
1320 0.01074262236256426 13.2
1321 0.01178620809102326 13.21
1322 0.013224812121224 13.22
1323 0.01443614379392453 13.23
1324 0.01546269019568276 13.24
1325 0.01487536743755841 13.25
1326 0.0158317589440193 13.26
1327 0.01526313606177262 13.27
1328 0.01604512477860843 13.28
1329 0.01581012936251112 13.29
1330 0.01613277347436439 13.3
1331 0.01616674974806941 13.31
1332 0.0161916015843789 13.32
1333 0.01740425206533598 13.33
1334 0.0173211440622145 13.34
1335 0.01852647081486749 13.35
1336 0.01787471566711054 13.36
1337 0.02012571215101585 13.37
1338 0.02077314278269418 13.38
1339 0.02087690945251382 13.39
1340 0.02113345245357628 13.4
1341 0.01986804015387878 13.41
1342 0.02025850941535569 13.42
1343 0.01898095042238329 13.43
1344 0.01788503309531079 13.44
1345 0.01955065775452352 13.45
1346 0.02085106135753416 13.46
1347 0.02205466029250445 13.47
1348 0.02214703217872659 13.48
1349 0.02113303614925546 13.49
1350 0.02127909823312633 13.5
1351 0.02253088469138998 13.51
1352 0.02244002779404887 13.52
1353 0.02135162699721203 13.53
1354 0.02017065124098903 13.54
1355 0.02097017208521276 13.55
1356 0.020228031030907 13.56
1357 0.01946228091878151 13.57
1358 0.01910594800438226 13.58
1359 0.01976158382186547 13.59
1360 0.02091248102443869 13.6
1361 0.02125412087534386 13.61
1362 0.01976393997386174 13.62
1363 0.01863711415287694 13.63
1364 0.01816877519673529 13.64
1365 0.01756545863815723 13.65
1366 0.01682028338189532 13.66
1367 0.01722043708394278 13.67
1368 0.01874433124722097 13.68
1369 0.01876089092364742 13.69
1370 0.01891029959976123 13.7
1371 0.01905784925166748 13.71
1372 0.02081359078250936 13.72
1373 0.02245583075589949 13.73
1374 0.01940422001451819 13.74
1375 0.0161796758092294 13.75
1376 0.01748997569482801 13.76
1377 0.01683054884517145 13.77
1378 0.02009578949444915 13.78
1379 0.01995533178948145 13.79
1380 0.0220982787597902 13.8
1381 0.02294075203380631 13.81
1382 0.0217868399049652 13.82
1383 0.01947394737028584 13.83
1384 0.01585989142560966 13.84
1385 0.01575167122343002 13.85
1386 0.01531099040788461 13.86
1387 0.01500457261638675 13.87
1388 0.0150505035388676 13.88
1389 0.01552148151491888 13.89
1390 0.01550235186969005 13.9
1391 0.01415439129182801 13.91
1392 0.009183193500090376 13.92
1393 0.006245023238136564 13.93
1394 0.004969625384075537 13.94
1395 0.00608402074727735 13.95
1396 0.006729579742447234 13.96
1397 0.005371148402466779 13.97
1398 0.002193129166606099 13.98
1399 0.0004511595427321246 13.99
1400 0.0007532012175115018 14
1401 0.0005181452294396687 14.01
1402 0.0003057638088082358 14.02
1403 -0.0003489494906065034 14.03
1404 0.0004595995161485265 14.04
1405 0.00299514289094518 14.05
1406 0.003873264957768988 14.06
1407 0.003159814276594635 14.07
1408 0.002833403485964127 14.08
1409 0.001877328529234022 14.09
1410 0.004063401058888584 14.1
1411 0.006484507665597861 14.11
1412 0.007064942044997617 14.12
1413 0.008719303152415024 14.13
1414 0.007603830127288044 14.14
1415 0.009158444761491658 14.15
1416 0.009944322743010561 14.16
1417 0.01113544472447252 14.17
1418 0.01354753101854523 14.18
1419 0.01445815408791863 14.19
1420 0.01521789552623668 14.2
1421 0.01415258070284777 14.21
1422 0.01360529627900905 14.22
1423 0.01493670264057459 14.23
1424 0.01610957506271945 14.24
1425 0.01789858350754212 14.25
1426 0.01885630935532516 14.26
1427 0.01950716386450807 14.27
1428 0.02038720719175437 14.28
1429 0.02190088888258522 14.29
1430 0.02115947948176002 14.3
1431 0.02234850693304219 14.31
1432 0.02387551096392962 14.32
1433 0.02450395670098904 14.33
1434 0.0260207415504064 14.34
1435 0.02584247296047142 14.35
1436 0.02730422579052634 14.36
1437 0.02651718506672035 14.37
1438 0.02722781115773608 14.38
1439 0.02765797000296978 14.39
1440 0.02953006374705644 14.4
1441 0.03127655911758979 14.41
1442 0.03159649624657913 14.42
1443 0.03245337729175944 14.43
1444 0.03263322389670095 14.44
1445 0.03316520985161448 14.45
1446 0.03247013845191549 14.46
1447 0.03316058831553781 14.47
1448 0.03382145409769285 14.48
1449 0.03522758496635432 14.49
1450 0.03634312258984314 14.5
1451 0.03629340516676126 14.51
1452 0.03767740053441351 14.52
1453 0.03721286631075316 14.53
1454 0.03723389010590453 14.54
1455 0.03725276098822972 14.55
1456 0.03676943275090829 14.56
1457 0.03786401776247573 14.57
1458 0.03813580542340324 14.58
1459 0.0392841900136903 14.59
1460 0.0393758948451309 14.6
1461 0.03923222985270158 14.61
1462 0.03862578145068139 14.62
1463 0.04190987226789428 14.63
1464 0.0408789621090643 14.64
1465 0.04005525414855126 14.65
1466 0.04077409270847442 14.66
1467 0.04102347446861961 14.67
1468 0.04190702222638373 14.68
1469 0.0419433440730861 14.69
1470 0.04151149172331843 14.7
1471 0.04165387971368833 14.71
1472 0.04454329491857945 14.72
1473 0.04398817772702723 14.73
1474 0.0417681973501829 14.74
1475 0.0426350512655253 14.75
1476 0.04192071746903357 14.76
1477 0.04381234157710917 14.77
1478 0.04364650514205575 14.78
1479 0.04549619109731139 14.79
1480 0.04525505129504067 14.8
1481 0.04627803333581239 14.81
1482 0.04619528300224706 14.82
1483 0.04655877048504561 14.83
1484 0.04605444034035876 14.84
1485 0.04634512233497346 14.85
1486 0.04654764121889706 14.86
1487 0.04642710075147794 14.87
1488 0.04727990506897468 14.88
1489 0.04734977466713735 14.89
1490 0.04803000204789368 14.9
1491 0.04765931790387522 14.91
1492 0.047851891357647 14.92
1493 0.04832544169931024 14.93
1494 0.04863795917205083 14.94
1495 0.04866350015140804 14.95
1496 0.04833807036787109 14.96
1497 0.04910623757221335 14.97
1498 0.04874936722219412 14.98
1499 0.04931637485179768 14.99
1500 0.05040453812762118 15
1501 0.05044534798431898 15.01
1502 0.05044381709820837 15.02
1503 0.04958368986281572 15.03
1504 0.0501488412651318 15.04
1505 0.05030075438431496 15.05
1506 0.05196319729164384 15.06
1507 0.05137911660662584 15.07
1508 0.05126374892215774 15.08
1509 0.05165828403447948 15.09
1510 0.05307537610932648 15.1
1511 0.05306832325005299 15.11
1512 0.05297312088283473 15.12
1513 0.05317217272957937 15.13
1514 0.05292536106897369 15.14
1515 0.05329636991297036 15.15
1516 0.05389299059099101 15.16
1517 0.05506066155825416 15.17
1518 0.05608310828735739 15.18
1519 0.05565788993843306 15.19
1520 0.05542111825429336 15.2
1521 0.05516868674377386 15.21
1522 0.0547070476766052 15.22
1523 0.05585995242472466 15.23
1524 0.05674414376073435 15.24
1525 0.05749598141453331 15.25
1526 0.05868016632819257 15.26
1527 0.0590969407389733 15.27
1528 0.05819124977191624 15.28
1529 0.05850913289402006 15.29
1530 0.05796766036344353 15.3
1531 0.05874773179481793 15.31
1532 0.05861267367234192 15.32
1533 0.05860875886986702 15.33
1534 0.05960855819871501 15.34
1535 0.05971747749624247 15.35
1536 0.05926652379418902 15.36
1537 0.05810839871573785 15.37
1538 0.05788196668107204 15.38
1539 0.05796165543240914 15.39
1540 0.05902967706923247 15.4
1541 0.05948239166845887 15.41
1542 0.0569690365209426 15.42
1543 0.05665758294350655 15.43
1544 0.05622663431061651 15.44
1545 0.05471841927427777 15.45
1546 0.0534724390822724 15.46
1547 0.05269636970476767 15.47
1548 0.05223608775021493 15.48
1549 0.05177298907517994 15.49
1550 0.0512210805284368 15.5
1551 0.05154873353466094 15.51
1552 0.05121005741370776 15.52
1553 0.0487416999297877 15.53
1554 0.04777253970732079 15.54
1555 0.04538009602986917 15.55
1556 0.04520495095404477 15.56
1557 0.04614568552082231 15.57
1558 0.04551321568000401 15.58
1559 0.04361386527107867 15.59
1560 0.0416938445936058 15.6
1561 0.04043781937855804 15.61
1562 0.03914657915404898 15.62
1563 0.03818562460399536 15.63
1564 0.03709742160720593 15.64
1565 0.0356378904465348 15.65
1566 0.03483041270598061 15.66
1567 0.03477752482848485 15.67
1568 0.03427663491914442 15.68
1569 0.03386123946654807 15.69
1570 0.03121763147922895 15.7
1571 0.03010235716729722 15.71
1572 0.02724945942397381 15.72
1573 0.02633574606908905 15.73
1574 0.0253084367136628 15.74
1575 0.02432226461937516 15.75
1576 0.02218155723447874 15.76
1577 0.02116920860409995 15.77
1578 0.02153232756292601 15.78
1579 0.01955234131595615 15.79
1580 0.01864656270199895 15.8
1581 0.01830506258951478 15.81
1582 0.01745882236401283 15.82
1583 0.01301862379144236 15.83
1584 0.01530472141301439 15.84
1585 0.01514912154270298 15.85
1586 0.01469147326501948 15.86
1587 0.01324196666616385 15.87
1588 0.01260167312365859 15.88
1589 0.013485024329855 15.89
1590 0.01462084405307471 15.9
1591 0.0160274634717446 15.91
1592 0.01545527777738287 15.92
1593 0.01572115437141504 15.93
1594 0.01501162915809088 15.94
1595 0.01546206507370051 15.95
1596 0.01578480622421283 15.96
1597 0.01672204882070199 15.97
1598 0.01669314911884045 15.98
1599 0.01705001757528837 15.99
1600 0.01606922064186837 16
1601 0.01598315397472849 16.01
1602 0.01796825073454241 16.02
1603 0.01860999511252969 16.03
1604 0.018658609878099 16.04
1605 0.01876739287132436 16.05
1606 0.01788371260788831 16.06
1607 0.01865435182336607 16.07
1608 0.01778770207633095 16.08
1609 0.01991682688506313 16.09
1610 0.01900468120552669 16.1
1611 0.02108967359676907 16.11
1612 0.02076331388149074 16.12
1613 0.02056118731666576 16.13
1614 0.02078564999192795 16.14
1615 0.02181724458060628 16.15
1616 0.02193062181500333 16.16
1617 0.02206278818612544 16.17
1618 0.02178143547667856 16.18
1619 0.02162162335005306 16.19
1620 0.02410881708543344 16.2
1621 0.02356645613051607 16.21
1622 0.02177706710957285 16.22
1623 0.02276771082111942 16.23
1624 0.02214754782437875 16.24
1625 0.02280496262907728 16.25
1626 0.02120046871514345 16.26
1627 0.0213018033412861 16.27
1628 0.02419020522924945 16.28
1629 0.02530320968602385 16.29
1630 0.02452319051833591 16.3
1631 0.02118772697025703 16.31
1632 0.02164609075328229 16.32
1633 0.02193856835173602 16.33
1634 0.02099670642534884 16.34
1635 0.02016476706704278 16.35
1636 0.02130440961583348 16.36
1637 0.02214376994337067 16.37
1638 0.02290575506582859 16.38
1639 0.021763766783876 16.39
1640 0.02028265385004431 16.4
1641 0.02047247877828104 16.41
1642 0.02180438502831775 16.42
1643 0.02270967018625771 16.43
1644 0.02040022735251619 16.44
1645 0.0209501149308767 16.45
1646 0.02046554187955914 16.46
1647 0.02222678808438133 16.47
1648 0.02300400254210586 16.48
1649 0.02190519222023397 16.49
1650 0.02258033220496898 16.5
1651 0.02075523717490966 16.51
1652 0.02026593211665537 16.52
1653 0.01996954457484054 16.53
1654 0.01816341963244484 16.54
1655 0.0162624656959889 16.55
1656 0.01840375337825425 16.56
1657 0.01653263735553647 16.57
1658 0.01943936061115902 16.58
1659 0.01709519374819403 16.59
1660 0.0127530602735196 16.6
1661 0.01180138297465229 16.61
1662 0.009502705415070931 16.62
1663 0.01020424239506382 16.63
1664 0.01027556486327079 16.64
1665 0.008181107613552971 16.65
1666 0.006438433334860267 16.66
1667 0.005417351257706932 16.67
1668 0.0004841174198641445 16.68
1669 -0.002249733962856091 16.69
1670 -0.001636132238943835 16.7
1671 -0.0007229399210438629 16.71
1672 0.002851451345805707 16.72
1673 0.006234728541609992 16.73
1674 0.002836037639765757 16.74
1675 0.00171525356350139 16.75
1676 0.003894007711813712 16.76
1677 0.005601518053035041 16.77
1678 0.003326835274093113 16.78
1679 0.002993334214821912 16.79
1680 0.01332367737778793 16.8
1681 0.01386385866765812 16.81
1682 0.01123030544958446 16.82
1683 0.01005785324252446 16.83
1684 0.00831992420949477 16.84
1685 0.01044582775012564 16.85
1686 0.01198280967441385 16.86
1687 0.01374376503082849 16.87
1688 0.01472980786297683 16.88
1689 0.01476089350256436 16.89
1690 0.01568607044621665 16.9
1691 0.01590509066179625 16.91
1692 0.01781481799641915 16.92
1693 0.01875724443722348 16.93
1694 0.01955415049802132 16.94
1695 0.02001977240422858 16.95
1696 0.01958191863886674 16.96
1697 0.02151275753811787 16.97
1698 0.02230437857665421 16.98
1699 0.02355699387783493 16.99
1700 0.02493696967909117 17
1701 0.02519625985728373 17.01
1702 0.02609723448738788 17.02
1703 0.02581806861262642 17.03
1704 0.02585536990298437 17.04
1705 0.02494031321773557 17.05
1706 0.02685468934381241 17.06
1707 0.02901166163698622 17.07
1708 0.02952886173008172 17.08
1709 0.03092862241361245 17.09
1710 0.03193005635958319 17.1
1711 0.03327463295950733 17.11
1712 0.03288560593611017 17.12
1713 0.02985657620316772 17.13
1714 0.03175646667476192 17.14
1715 0.03354994159388927 17.15
1716 0.03259103092647658 17.16
1717 0.0350848048288939 17.17
1718 0.03541086158399468 17.18
1719 0.03563454333789957 17.19
1720 0.03675328792974501 17.2
1721 0.03379798389440345 17.21
1722 0.03565546947531485 17.22
1723 0.03438413890593518 17.23
1724 0.0373593569249646 17.24
1725 0.03625927005025055 17.25
1726 0.03982170880349561 17.26
1727 0.03824092155894093 17.27
1728 0.03826116014429833 17.28
1729 0.0377905997505585 17.29
1730 0.03935597050616035 17.3
1731 0.03995888062071756 17.31
1732 0.04036329814996555 17.32
1733 0.03942304834997801 17.33
1734 0.03864900443688467 17.34
1735 0.04036048054405554 17.35
1736 0.04058388545181406 17.36
1737 0.04131453002365858 17.37
1738 0.04168525905810436 17.38
1739 0.04191843164325684 17.39
1740 0.04030574670597077 17.4
1741 0.04158946692906765 17.41
1742 0.04338948994115966 17.42
1743 0.04406851109213955 17.43
1744 0.04388666596160686 17.44
1745 0.0435667909037916 17.45
1746 0.04553913155594304 17.46
1747 0.04489999683607383 17.47
1748 0.04211992033198497 17.48
1749 0.04331879779718741 17.49
1750 0.0455189354005609 17.5
1751 0.04531609776956145 17.51
1752 0.0450154755124637 17.52
1753 0.04668564959867525 17.53
1754 0.04735513350942178 17.54
1755 0.04943699016312123 17.55
1756 0.04708883638317617 17.56
1757 0.04716074859897725 17.57
1758 0.04655892451591108 17.58
1759 0.05041883858746617 17.59
1760 0.05245324452459946 17.6
1761 0.05013390046002768 17.61
1762 0.0470889134721454 17.62
1763 0.04631843914770434 17.63
1764 0.04762036327370983 17.64
1765 0.04864854138842061 17.65
1766 0.04851482735587316 17.66
1767 0.04894019342762541 17.67
1768 0.04929502104195971 17.68
1769 0.05008345092846918 17.69
1770 0.05026206788486778 17.7
1771 0.05082191494738512 17.71
1772 0.05105637365297914 17.72
1773 0.05270455346356431 17.73
1774 0.05226511814998353 17.74
1775 0.05257757219513289 17.75
1776 0.0524081550716055 17.76
1777 0.05224516799122789 17.77
1778 0.05227592809433731 17.78
1779 0.05242886395912221 17.79
1780 0.05346899675547439 17.8
1781 0.05548417307602219 17.81
1782 0.0554221922824862 17.82
1783 0.05555422325688264 17.83
1784 0.05529345958510098 17.84
1785 0.05521382900783335 17.85
1786 0.05509591417968528 17.86
1787 0.05575040290009131 17.87
1788 0.05594017891222083 17.88
1789 0.05651452699464223 17.89
1790 0.05767815848594319 17.9
1791 0.05781640423157935 17.91
1792 0.0584521194778834 17.92
1793 0.05834548000867255 17.93
1794 0.05855493546392338 17.94
1795 0.0589435635593939 17.95
1796 0.05878022848284698 17.96
1797 0.060576226584067 17.97
1798 0.05977328781822517 17.98
1799 0.06015466556916966 17.99
1800 0.05928540158155471 18
1801 0.06057456762154965 18.01
1802 0.05976669362036011 18.02
1803 0.05997943785116342 18.03
1804 0.05939773258432696 18.04
1805 0.0596542813094166 18.05
1806 0.05950262006079725 18.06
1807 0.05813694202904306 18.07
1808 0.05939223631497773 18.08
1809 0.05836931165422897 18.09
1810 0.05840286635165907 18.1
1811 0.05721916151140943 18.11
1812 0.05675431756980098 18.12
1813 0.05628690177532112 18.13
1814 0.05516644238854319 18.14
1815 0.05449337127268004 18.15
1816 0.0535988078011923 18.16
1817 0.05269542956087543 18.17
1818 0.05208760073723166 18.18
1819 0.05140642245997719 18.19
1820 0.05045907453442527 18.2
1821 0.05067929370024588 18.21
1822 0.04927017165487017 18.22
1823 0.04871387720590502 18.23
1824 0.04768941282897489 18.24
1825 0.04581838172906028 18.25
1826 0.04443305921236234 18.26
1827 0.04259357150167559 18.27
1828 0.04230097066240229 18.28
1829 0.04231172403829701 18.29
1830 0.04077075900218176 18.3
1831 0.04001182856994276 18.31
1832 0.03844374895579069 18.32
1833 0.03678945401798398 18.33
1834 0.0351084626626154 18.34
1835 0.03386690678762944 18.35
1836 0.03191037577729681 18.36
1837 0.03138537402493299 18.37
1838 0.03149678478249846 18.38
1839 0.03022315051456141 18.39
1840 0.02864559018572449 18.4
1841 0.0266410291588914 18.41
1842 0.02514906248800879 18.42
1843 0.02360461537728746 18.43
1844 0.02254545545312537 18.44
1845 0.0210305262387572 18.45
1846 0.01820322771491009 18.46
1847 0.01774913397789642 18.47
1848 0.01692047397985541 18.48
1849 0.01776434248022486 18.49
1850 0.01722900328205067 18.5
1851 0.01646120287912906 18.51
1852 0.01503131200011495 18.52
1853 0.01244023075664468 18.53
1854 0.01177803716051377 18.54
1855 0.01093373812661857 18.55
1856 0.01194274966235968 18.56
1857 0.01186159378402158 18.57
1858 0.01317279625657316 18.58
1859 0.01411004438115378 18.59
1860 0.01520706111010452 18.6
1861 0.01550280820248828 18.61
1862 0.01546008369926592 18.62
1863 0.01641044832331532 18.63
1864 0.01622255205965956 18.64
1865 0.01823419054906011 18.65
1866 0.017290627571335 18.66
1867 0.01819649434481872 18.67
1868 0.01806379029662147 18.68
1869 0.01922630461466452 18.69
1870 0.02026581882063591 18.7
1871 0.01950249666566057 18.71
1872 0.02052014275412395 18.72
1873 0.01944675719939156 18.73
1874 0.02143841657525983 18.74
1875 0.0206870807567059 18.75
1876 0.02227398831691443 18.76
1877 0.02365539075888805 18.77
1878 0.02300942371130145 18.78
1879 0.02197471695570755 18.79
1880 0.0208527423741043 18.8
1881 0.02015702196377398 18.81
1882 0.02220906690198032 18.82
1883 0.02547507897314138 18.83
1884 0.02698747413950053 18.84
1885 0.02624090725642927 18.85
1886 0.02483371118598183 18.86
1887 0.02413305145541458 18.87
1888 0.02383964253265564 18.88
1889 0.02461025330548803 18.89
1890 0.02481853464514564 18.9
1891 0.02309710196608707 18.91
1892 0.02418452861910319 18.92
1893 0.02298218074259995 18.93
1894 0.02333014685854034 18.94
1895 0.02225655674648042 18.95
1896 0.02285620283293718 18.96
1897 0.02246732103870895 18.97
1898 0.02270164979444751 18.98
1899 0.0238719267045414 18.99
1900 0.02296630120025419 19
1901 0.02149386342680264 19.01
1902 0.02104581889610177 19.02
1903 0.02044132280607225 19.03
1904 0.01916923139079754 19.04
1905 0.01897407833509242 19.05
1906 0.02052195510778002 19.06
1907 0.02182503985590303 19.07
1908 0.0219607132660645 19.08
1909 0.02284185876258043 19.09
1910 0.02327404453737304 19.1
1911 0.02237235382696804 19.11
1912 0.02058049098642735 19.12
1913 0.01947320784580149 19.13
1914 0.02022599909811993 19.14
1915 0.02181025130035459 19.15
1916 0.021573578887847 19.16
1917 0.02244069362501247 19.17
1918 0.02304050303787121 19.18
1919 0.02364987904652528 19.19
1920 0.02226371067962316 19.2
1921 0.01883642213250017 19.21
1922 0.01691126098299719 19.22
1923 0.01641995654315121 19.23
1924 0.0167806315320218 19.24
1925 0.01629231519423441 19.25
1926 0.01454370171725208 19.26
1927 0.01637323419627994 19.27
1928 0.01546725043101502 19.28
1929 0.01199136691362705 19.29
1930 0.009102511043925761 19.3
1931 0.007189924508928153 19.31
1932 0.008022490912759086 19.32
1933 0.007142944283440138 19.33
1934 0.005782731506867623 19.34
1935 0.003131223165710907 19.35
1936 0.001162764467736194 19.36
1937 0.002419408087161376 19.37
1938 0.003593981182420393 19.38
1939 0.00248319953192049 19.39
1940 -0.00065744118029017 19.4
1941 -0.0005188692728465129 19.41
1942 0.002014656917623843 19.42
1943 0.002885191908933701 19.43
1944 0.004260222735701996 19.44
1945 0.005564383864408122 19.45
1946 0.003440119190931775 19.46
1947 0.004106072292013113 19.47
1948 0.006330529379075538 19.48
1949 0.007647410097950338 19.49
1950 0.008330260161684653 19.5
1951 0.009368416226686486 19.51
1952 0.009783468954566351 19.52
1953 0.009566812870782196 19.53
1954 0.01265791900685578 19.54
1955 0.01368563770768642 19.55
1956 0.01204884262530385 19.56
1957 0.01246460054671719 19.57
1958 0.0135699325673472 19.58
1959 0.01358642901286013 19.59
1960 0.01777646569299431 19.6
1961 0.01872760559359312 19.61
1962 0.02022548508361144 19.62
1963 0.01821899273652776 19.63
1964 0.01898949101505201 19.64
1965 0.02020086524886298 19.65
1966 0.02078177617335338 19.66
1967 0.02199783458243654 19.67
1968 0.02316859983879503 19.68
1969 0.02504355614998142 19.69
1970 0.02513689593343828 19.7
1971 0.02520876742427235 19.71
1972 0.02435242533382768 19.72
1973 0.02529877780189081 19.73
1974 0.02604220324592228 19.74
1975 0.02840517279849954 19.75
1976 0.02784889619306289 19.76
1977 0.02924699794823773 19.77
1978 0.0294779020306714 19.78
1979 0.03151468656467662 19.79
1980 0.03152308141415536 19.8
1981 0.03028671249086289 19.81
1982 0.03289853012513336 19.82
1983 0.03344741782125425 19.83
1984 0.03368750154954966 19.84
1985 0.03356979732775281 19.85
1986 0.03449852732588526 19.86
1987 0.03478843428266261 19.87
1988 0.03530642967831493 19.88
1989 0.03609226301136377 19.89
1990 0.03637734273175155 19.9
1991 0.03656920370454436 19.91
1992 0.03684296260422772 19.92
1993 0.03735464285588672 19.93
1994 0.03746596510040894 19.94
1995 0.03736401380186152 19.95
1996 0.03662909323064269 19.96
1997 0.03669963626214845 19.97
1998 0.03800653071750455 19.98
1999 0.0380042741021318 19.99
2000 0.04018922974374094 20
